#
# There is insufficient memory for the Java Runtime Environment to continue.
# Native memory allocation (mmap) failed to map 160432128 bytes for Failed to commit area from 0x000000008d800000 to 0x0000000097100000 of length 160432128.
# Possible reasons:
#   The system is out of physical RAM or swap space
#   The process is running with CompressedOops enabled, and the Java Heap may be blocking the growth of the native heap
# Possible solutions:
#   Reduce memory load on the system
#   Increase physical memory or swap space
#   Check if swap backing store is full
#   Decrease Java heap size (-Xmx/-Xms)
#   Decrease number of Java threads
#   Decrease Java thread stack sizes (-Xss)
#   Set larger code cache with -XX:ReservedCodeCacheSize=
#   JVM is running with Unscaled Compressed Oops mode in which the Java heap is
#     placed in the first 4GB address space. The Java Heap base address is the
#     maximum limit for the native heap growth. Please use -XX:HeapBaseMinAddress
#     to set the Java Heap base and to place the Java Heap above 4GB virtual address.
# This output file may be truncated or incomplete.
#
#  Out of Memory Error (./src/hotspot/os/windows/os_windows.cpp:3521), pid=10572, tid=2240
#
# JRE version: OpenJDK Runtime Environment (11.0.12+7) (build 11.0.12+7-b1504.28-7817840)
# Java VM: OpenJDK 64-Bit Server VM (11.0.12+7-b1504.28-7817840, mixed mode, tiered, compressed oops, g1 gc, windows-amd64)
# No core dump will be written. Minidumps are not enabled by default on client versions of Windows
#

---------------  S U M M A R Y ------------

Command Line: --add-opens=java.base/java.util=ALL-UNNAMED --add-opens=java.base/java.lang=ALL-UNNAMED --add-opens=java.base/java.lang.invoke=ALL-UNNAMED --add-opens=java.base/java.util=ALL-UNNAMED --add-opens=java.prefs/java.util.prefs=ALL-UNNAMED --add-opens=java.prefs/java.util.prefs=ALL-UNNAMED --add-opens=java.base/java.nio.charset=ALL-UNNAMED --add-opens=java.base/java.net=ALL-UNNAMED --add-opens=java.base/java.util.concurrent.atomic=ALL-UNNAMED -Xmx2048m -Dfile.encoding=UTF-8 -Duser.country=US -Duser.language=en -Duser.variant org.gradle.launcher.daemon.bootstrap.GradleDaemon 7.3.3

Host: Intel(R) Core(TM) i3-8100 CPU @ 3.60GHz, 4 cores, 3G,  Windows 10 , 64 bit Build 22000 (10.0.22000.708)
Time: Tue Aug 23 11:06:09 2022 India Standard Time elapsed time: 46.989188 seconds (0d 0h 0m 46s)

---------------  T H R E A D  ---------------

Current thread (0x000001ba7a333800):  VMThread "VM Thread" [stack: 0x0000008d90e00000,0x0000008d90f00000] [id=2240]

Stack: [0x0000008d90e00000,0x0000008d90f00000]
[error occurred during error reporting (printing stack bounds), id 0xc0000005, EXCEPTION_ACCESS_VIOLATION (0xc0000005) at pc=0x000001ba6429112d]

Native frames: (J=compiled Java code, j=interpreted, Vv=VM code, C=native code)
V  [jvm.dll+0x5fbcea]
V  [jvm.dll+0x731905]
V  [jvm.dll+0x732f1d]
V  [jvm.dll+0x733535]
V  [jvm.dll+0x7334eb]
V  [jvm.dll+0x5fb080]
V  [jvm.dll+0x5fb818]
C  [ntdll.dll+0xa8fcf]
C  [ntdll.dll+0x35e9a]
C  [ntdll.dll+0xa7fde]
C  0x000001ba6429112d

VM_Operation (0x0000008d977fe790): G1CollectForAllocation, mode: safepoint, requested by thread 0x000001ba01a70800


---------------  P R O C E S S  ---------------

Threads class SMR info:
_java_thread_list=0x000001ba7da4dc70, length=101, elements={
0x000001ba6077c000, 0x000001ba7a339000, 0x000001ba7a344800, 0x000001ba7acc2800,
0x000001ba7acc5000, 0x000001ba7acc6000, 0x000001ba7accb000, 0x000001ba7accc000,
0x000001ba7a3ac000, 0x000001ba7ae1d000, 0x000001ba7c605000, 0x000001ba7cb05800,
0x000001ba7ba7d800, 0x000001ba7c351000, 0x000001ba7c860800, 0x000001ba7c645000,
0x000001ba7ce89800, 0x000001ba7cb44800, 0x000001ba7ce11000, 0x000001ba7ce13800,
0x000001ba7ce15000, 0x000001ba7ce11800, 0x000001ba7ce12800, 0x000001ba7ce0f000,
0x000001ba7ce14000, 0x000001ba7ce16000, 0x000001ba7ce10000, 0x000001ba7d367800,
0x000001ba7d361800, 0x000001ba7d366800, 0x000001ba7d364000, 0x000001ba7d362800,
0x000001ba7d365000, 0x000001ba7d365800, 0x000001ba7d363000, 0x000001ba7d36e800,
0x000001ba7d36d000, 0x000001ba7d36f800, 0x000001ba7d36e000, 0x000001ba7d369800,
0x000001ba7d36c000, 0x000001ba7d36b800, 0x000001ba7d370800, 0x000001ba7d36a800,
0x000001ba7f04a000, 0x000001ba7f04e000, 0x000001ba7f049000, 0x000001ba7f04a800,
0x000001ba7f04b800, 0x000001ba7f04d000, 0x000001ba7f04c800, 0x000001ba7f048800,
0x000001ba7f053800, 0x000001ba7f050800, 0x000001ba7f04f800, 0x000001ba7f04f000,
0x000001ba7f054800, 0x000001ba7f056000, 0x000001ba7f053000, 0x000001ba7f051800,
0x000001ba7f057000, 0x000001ba7f052000, 0x000001ba7f055800, 0x000001ba7f05d000,
0x000001ba7f05a000, 0x000001ba7f05e000, 0x000001ba7f05b800, 0x000001ba7f058800,
0x000001ba7f05f000, 0x000001ba7f059000, 0x000001ba7f05c800, 0x000001ba7f05f800,
0x000001ba7f060800, 0x000001ba7f05a800, 0x000001ba7f063800, 0x000001ba7f061800,
0x000001ba7f064800, 0x000001ba7f062000, 0x000001ba7f065800, 0x000001ba7f063000,
0x000001ba7f066000, 0x000001ba7f067000, 0x000001ba037ab000, 0x000001ba037a7800,
0x000001ba037aa000, 0x000001ba037a6000, 0x000001ba037a5800, 0x000001ba037a7000,
0x000001ba037ac000, 0x000001ba037a9800, 0x000001ba01a73800, 0x000001ba03ca0000,
0x000001ba01a6f800, 0x000001ba01a73000, 0x000001ba01a6e000, 0x000001ba01a74800,
0x000001ba01a6f000, 0x000001ba01a75800, 0x000001ba01a72000, 0x000001ba01a70800,
0x000001ba01a76000
}

Java Threads: ( => current thread )
  0x000001ba6077c000 JavaThread "main" [_thread_blocked, id=2708, stack(0x0000008d90800000,0x0000008d90900000)]
  0x000001ba7a339000 JavaThread "Reference Handler" daemon [_thread_blocked, id=9952, stack(0x0000008d90f00000,0x0000008d91000000)]
  0x000001ba7a344800 JavaThread "Finalizer" daemon [_thread_blocked, id=8712, stack(0x0000008d91000000,0x0000008d91100000)]
  0x000001ba7acc2800 JavaThread "Signal Dispatcher" daemon [_thread_blocked, id=11804, stack(0x0000008d91100000,0x0000008d91200000)]
  0x000001ba7acc5000 JavaThread "Attach Listener" daemon [_thread_blocked, id=4224, stack(0x0000008d91200000,0x0000008d91300000)]
  0x000001ba7acc6000 JavaThread "Service Thread" daemon [_thread_blocked, id=524, stack(0x0000008d91300000,0x0000008d91400000)]
  0x000001ba7accb000 JavaThread "C2 CompilerThread0" daemon [_thread_blocked, id=1544, stack(0x0000008d91400000,0x0000008d91500000)]
  0x000001ba7accc000 JavaThread "C1 CompilerThread0" daemon [_thread_blocked, id=5512, stack(0x0000008d91500000,0x0000008d91600000)]
  0x000001ba7a3ac000 JavaThread "Sweeper thread" daemon [_thread_blocked, id=11324, stack(0x0000008d91600000,0x0000008d91700000)]
  0x000001ba7ae1d000 JavaThread "Common-Cleaner" daemon [_thread_blocked, id=8208, stack(0x0000008d91700000,0x0000008d91800000)]
  0x000001ba7c605000 JavaThread "Daemon health stats" [_thread_blocked, id=8156, stack(0x0000008d91a00000,0x0000008d91b00000)]
  0x000001ba7cb05800 JavaThread "Incoming local TCP Connector on port 56017" [_thread_in_native, id=2756, stack(0x0000008d91b00000,0x0000008d91c00000)]
  0x000001ba7ba7d800 JavaThread "Daemon" [_thread_blocked, id=4544, stack(0x0000008d91c00000,0x0000008d91d00000)]
  0x000001ba7c351000 JavaThread "Handler for socket connection from /127.0.0.1:56017 to /127.0.0.1:56018" [_thread_in_native, id=4576, stack(0x0000008d91d00000,0x0000008d91e00000)]
  0x000001ba7c860800 JavaThread "Daemon periodic checks" [_thread_blocked, id=10000, stack(0x0000008d91e00000,0x0000008d91f00000)]
  0x000001ba7c645000 JavaThread "Cancel handler" [_thread_blocked, id=6044, stack(0x0000008d91f00000,0x0000008d92000000)]
  0x000001ba7ce89800 JavaThread "Daemon worker" [_thread_blocked, id=3204, stack(0x0000008d92000000,0x0000008d92100000)]
  0x000001ba7cb44800 JavaThread "Asynchronous log dispatcher for DefaultDaemonConnection: socket connection from /127.0.0.1:56017 to /127.0.0.1:56018" [_thread_blocked, id=10500, stack(0x0000008d92100000,0x0000008d92200000)]
  0x000001ba7ce11000 JavaThread "Stdin handler" [_thread_blocked, id=2988, stack(0x0000008d92200000,0x0000008d92300000)]
  0x000001ba7ce13800 JavaThread "Daemon client event forwarder" [_thread_blocked, id=1508, stack(0x0000008d92300000,0x0000008d92400000)]
  0x000001ba7ce15000 JavaThread "Cache worker for journal cache (C:\Users\Dell\.gradle\caches\journal-1)" [_thread_blocked, id=3288, stack(0x0000008d92600000,0x0000008d92700000)]
  0x000001ba7ce11800 JavaThread "File lock request listener" [_thread_in_native, id=7812, stack(0x0000008d92700000,0x0000008d92800000)]
  0x000001ba7ce12800 JavaThread "Cache worker for file hash cache (C:\Users\Dell\.gradle\caches\7.3.3\fileHashes)" [_thread_blocked, id=7732, stack(0x0000008d92800000,0x0000008d92900000)]
  0x000001ba7ce0f000 JavaThread "Cache worker for file hash cache (C:\Users\Dell\Viwall\.gradle\7.3.3\fileHashes)" [_thread_blocked, id=6860, stack(0x0000008d92900000,0x0000008d92a00000)]
  0x000001ba7ce14000 JavaThread "File watcher server" daemon [_thread_blocked, id=6704, stack(0x0000008d92a00000,0x0000008d92b00000)]
  0x000001ba7ce16000 JavaThread "File watcher consumer" daemon [_thread_blocked, id=720, stack(0x0000008d92b00000,0x0000008d92c00000)]
  0x000001ba7ce10000 JavaThread "Cache worker for checksums cache (C:\Users\Dell\Viwall\.gradle\7.3.3\checksums)" [_thread_blocked, id=7504, stack(0x0000008d92c00000,0x0000008d92d00000)]
  0x000001ba7d367800 JavaThread "Cache worker for cache directory md-supplier (C:\Users\Dell\.gradle\caches\7.3.3\md-supplier)" [_thread_blocked, id=1804, stack(0x0000008d92d00000,0x0000008d92e00000)]
  0x000001ba7d361800 JavaThread "Cache worker for cache directory md-rule (C:\Users\Dell\.gradle\caches\7.3.3\md-rule)" [_thread_blocked, id=10068, stack(0x0000008d92e00000,0x0000008d92f00000)]
  0x000001ba7d366800 JavaThread "Cache worker for execution history cache (C:\Users\Dell\.gradle\caches\7.3.3\executionHistory)" [_thread_blocked, id=5032, stack(0x0000008d92f00000,0x0000008d93000000)]
  0x000001ba7d364000 JavaThread "jar transforms" [_thread_blocked, id=10800, stack(0x0000008d93000000,0x0000008d93100000)]
  0x000001ba7d362800 JavaThread "Cache worker for file content cache (C:\Users\Dell\.gradle\caches\7.3.3\fileContent)" [_thread_blocked, id=4212, stack(0x0000008d93100000,0x0000008d93200000)]
  0x000001ba7d365000 JavaThread "jar transforms Thread 2" [_thread_blocked, id=10152, stack(0x0000008d93200000,0x0000008d93300000)]
  0x000001ba7d365800 JavaThread "Cache worker for dependencies-accessors (C:\Users\Dell\Viwall\.gradle\7.3.3\dependencies-accessors)" [_thread_blocked, id=9084, stack(0x0000008d93300000,0x0000008d93400000)]
  0x000001ba7d363000 JavaThread "jar transforms Thread 3" [_thread_blocked, id=3264, stack(0x0000008d93400000,0x0000008d93500000)]
  0x000001ba7d36e800 JavaThread "Cache worker for Build Output Cleanup Cache (C:\Users\Dell\Viwall\.gradle\buildOutputCleanup)" [_thread_blocked, id=8940, stack(0x0000008d93500000,0x0000008d93600000)]
  0x000001ba7d36d000 JavaThread "Unconstrained build operations" [_thread_blocked, id=6096, stack(0x0000008d93600000,0x0000008d93700000)]
  0x000001ba7d36f800 JavaThread "Unconstrained build operations Thread 2" [_thread_blocked, id=11084, stack(0x0000008d93700000,0x0000008d93800000)]
  0x000001ba7d36e000 JavaThread "Unconstrained build operations Thread 3" [_thread_blocked, id=10584, stack(0x0000008d93800000,0x0000008d93900000)]
  0x000001ba7d369800 JavaThread "Unconstrained build operations Thread 4" [_thread_blocked, id=10728, stack(0x0000008d93900000,0x0000008d93a00000)]
  0x000001ba7d36c000 JavaThread "Unconstrained build operations Thread 5" [_thread_blocked, id=10412, stack(0x0000008d93a00000,0x0000008d93b00000)]
  0x000001ba7d36b800 JavaThread "Unconstrained build operations Thread 6" [_thread_blocked, id=3056, stack(0x0000008d93b00000,0x0000008d93c00000)]
  0x000001ba7d370800 JavaThread "Unconstrained build operations Thread 7" [_thread_blocked, id=8848, stack(0x0000008d93c00000,0x0000008d93d00000)]
  0x000001ba7d36a800 JavaThread "Unconstrained build operations Thread 8" [_thread_blocked, id=3672, stack(0x0000008d93d00000,0x0000008d93e00000)]
  0x000001ba7f04a000 JavaThread "Unconstrained build operations Thread 9" [_thread_blocked, id=3276, stack(0x0000008d93e00000,0x0000008d93f00000)]
  0x000001ba7f04e000 JavaThread "Unconstrained build operations Thread 10" [_thread_blocked, id=11384, stack(0x0000008d93f00000,0x0000008d94000000)]
  0x000001ba7f049000 JavaThread "Unconstrained build operations Thread 11" [_thread_blocked, id=11984, stack(0x0000008d94000000,0x0000008d94100000)]
  0x000001ba7f04a800 JavaThread "Unconstrained build operations Thread 12" [_thread_blocked, id=9152, stack(0x0000008d94100000,0x0000008d94200000)]
  0x000001ba7f04b800 JavaThread "Unconstrained build operations Thread 13" [_thread_blocked, id=11240, stack(0x0000008d94200000,0x0000008d94300000)]
  0x000001ba7f04d000 JavaThread "Unconstrained build operations Thread 14" [_thread_blocked, id=5764, stack(0x0000008d94300000,0x0000008d94400000)]
  0x000001ba7f04c800 JavaThread "Unconstrained build operations Thread 15" [_thread_blocked, id=2356, stack(0x0000008d94400000,0x0000008d94500000)]
  0x000001ba7f048800 JavaThread "Unconstrained build operations Thread 16" [_thread_blocked, id=1116, stack(0x0000008d94500000,0x0000008d94600000)]
  0x000001ba7f053800 JavaThread "Unconstrained build operations Thread 17" [_thread_blocked, id=7496, stack(0x0000008d94600000,0x0000008d94700000)]
  0x000001ba7f050800 JavaThread "Unconstrained build operations Thread 18" [_thread_blocked, id=6864, stack(0x0000008d94700000,0x0000008d94800000)]
  0x000001ba7f04f800 JavaThread "Unconstrained build operations Thread 19" [_thread_blocked, id=11504, stack(0x0000008d94800000,0x0000008d94900000)]
  0x000001ba7f04f000 JavaThread "Unconstrained build operations Thread 20" [_thread_blocked, id=11432, stack(0x0000008d94900000,0x0000008d94a00000)]
  0x000001ba7f054800 JavaThread "Unconstrained build operations Thread 21" [_thread_blocked, id=12200, stack(0x0000008d94a00000,0x0000008d94b00000)]
  0x000001ba7f056000 JavaThread "Unconstrained build operations Thread 22" [_thread_blocked, id=996, stack(0x0000008d94b00000,0x0000008d94c00000)]
  0x000001ba7f053000 JavaThread "Unconstrained build operations Thread 23" [_thread_blocked, id=3844, stack(0x0000008d94c00000,0x0000008d94d00000)]
  0x000001ba7f051800 JavaThread "Unconstrained build operations Thread 24" [_thread_blocked, id=8608, stack(0x0000008d94d00000,0x0000008d94e00000)]
  0x000001ba7f057000 JavaThread "Unconstrained build operations Thread 25" [_thread_blocked, id=1660, stack(0x0000008d94e00000,0x0000008d94f00000)]
  0x000001ba7f052000 JavaThread "Unconstrained build operations Thread 26" [_thread_blocked, id=2880, stack(0x0000008d94f00000,0x0000008d95000000)]
  0x000001ba7f055800 JavaThread "Unconstrained build operations Thread 27" [_thread_blocked, id=11832, stack(0x0000008d95000000,0x0000008d95100000)]
  0x000001ba7f05d000 JavaThread "Unconstrained build operations Thread 28" [_thread_blocked, id=6912, stack(0x0000008d95100000,0x0000008d95200000)]
  0x000001ba7f05a000 JavaThread "Unconstrained build operations Thread 29" [_thread_blocked, id=6032, stack(0x0000008d95200000,0x0000008d95300000)]
  0x000001ba7f05e000 JavaThread "Unconstrained build operations Thread 30" [_thread_blocked, id=2120, stack(0x0000008d95300000,0x0000008d95400000)]
  0x000001ba7f05b800 JavaThread "Unconstrained build operations Thread 31" [_thread_blocked, id=7124, stack(0x0000008d95400000,0x0000008d95500000)]
  0x000001ba7f058800 JavaThread "Unconstrained build operations Thread 32" [_thread_blocked, id=3572, stack(0x0000008d95500000,0x0000008d95600000)]
  0x000001ba7f05f000 JavaThread "Unconstrained build operations Thread 33" [_thread_blocked, id=9132, stack(0x0000008d95600000,0x0000008d95700000)]
  0x000001ba7f059000 JavaThread "Unconstrained build operations Thread 34" [_thread_blocked, id=10548, stack(0x0000008d95700000,0x0000008d95800000)]
  0x000001ba7f05c800 JavaThread "Unconstrained build operations Thread 35" [_thread_blocked, id=1904, stack(0x0000008d95800000,0x0000008d95900000)]
  0x000001ba7f05f800 JavaThread "Unconstrained build operations Thread 36" [_thread_blocked, id=9840, stack(0x0000008d95900000,0x0000008d95a00000)]
  0x000001ba7f060800 JavaThread "Unconstrained build operations Thread 37" [_thread_blocked, id=6264, stack(0x0000008d95a00000,0x0000008d95b00000)]
  0x000001ba7f05a800 JavaThread "Unconstrained build operations Thread 38" [_thread_blocked, id=10856, stack(0x0000008d95b00000,0x0000008d95c00000)]
  0x000001ba7f063800 JavaThread "Unconstrained build operations Thread 39" [_thread_blocked, id=10136, stack(0x0000008d95c00000,0x0000008d95d00000)]
  0x000001ba7f061800 JavaThread "Unconstrained build operations Thread 40" [_thread_blocked, id=7716, stack(0x0000008d95d00000,0x0000008d95e00000)]
  0x000001ba7f064800 JavaThread "jar transforms Thread 4" [_thread_blocked, id=10128, stack(0x0000008d95e00000,0x0000008d95f00000)]
  0x000001ba7f062000 JavaThread "Memory manager" [_thread_blocked, id=10224, stack(0x0000008d95f00000,0x0000008d96000000)]
  0x000001ba7f065800 JavaThread "build event listener" [_thread_blocked, id=7360, stack(0x0000008d96000000,0x0000008d96100000)]
  0x000001ba7f063000 JavaThread "build event listener" [_thread_blocked, id=1344, stack(0x0000008d96100000,0x0000008d96200000)]
  0x000001ba7f066000 JavaThread "pool-3-thread-1" [_thread_blocked, id=5716, stack(0x0000008d96200000,0x0000008d96300000)]
  0x000001ba7f067000 JavaThread "build event listener" [_thread_blocked, id=4432, stack(0x0000008d96300000,0x0000008d96400000)]
  0x000001ba037ab000 JavaThread "Execution worker for ':'" [_thread_blocked, id=4804, stack(0x0000008d96400000,0x0000008d96500000)]
  0x000001ba037a7800 JavaThread "Execution worker for ':' Thread 2" [_thread_blocked, id=9292, stack(0x0000008d96500000,0x0000008d96600000)]
  0x000001ba037aa000 JavaThread "Execution worker for ':' Thread 3" [_thread_blocked, id=8144, stack(0x0000008d96600000,0x0000008d96700000)]
  0x000001ba037a6000 JavaThread "Cache worker for execution history cache (C:\Users\Dell\Viwall\.gradle\7.3.3\executionHistory)" [_thread_blocked, id=1152, stack(0x0000008d96700000,0x0000008d96800000)]
  0x000001ba037a5800 JavaThread "RMI Scheduler(0)" daemon [_thread_blocked, id=11448, stack(0x0000008d96800000,0x0000008d96900000)]
  0x000001ba037a7000 JavaThread "RMI GC Daemon" daemon [_thread_blocked, id=12020, stack(0x0000008d96a00000,0x0000008d96b00000)]
  0x000001ba037ac000 JavaThread "RMI TCP Accept-0" daemon [_thread_in_native, id=7740, stack(0x0000008d96b00000,0x0000008d96c00000)]
  0x000001ba037a9800 JavaThread "RMI Reaper" [_thread_blocked, id=9380, stack(0x0000008d96c00000,0x0000008d96d00000)]
  0x000001ba01a73800 JavaThread "RMI TCP Connection(2)-127.0.0.1" daemon [_thread_in_native, id=1984, stack(0x0000008d96d00000,0x0000008d96e00000)]
  0x000001ba03ca0000 JavaThread "C2 CompilerThread1" daemon [_thread_blocked, id=1844, stack(0x0000008d97000000,0x0000008d97100000)]
  0x000001ba01a6f800 JavaThread "WorkerExecutor Queue" [_thread_blocked, id=4252, stack(0x0000008d97100000,0x0000008d97200000)]
  0x000001ba01a73000 JavaThread "WorkerExecutor Queue Thread 2" [_thread_blocked, id=5132, stack(0x0000008d97200000,0x0000008d97300000)]
  0x000001ba01a6e000 JavaThread "WorkerExecutor Queue Thread 3" [_thread_blocked, id=8384, stack(0x0000008d97300000,0x0000008d97400000)]
  0x000001ba01a74800 JavaThread "WorkerExecutor Queue Thread 4" [_thread_blocked, id=8204, stack(0x0000008d97400000,0x0000008d97500000)]
  0x000001ba01a6f000 JavaThread "WorkerExecutor Queue Thread 5" [_thread_blocked, id=10608, stack(0x0000008d97500000,0x0000008d97600000)]
  0x000001ba01a75800 JavaThread "ForkJoinPool-1-worker-3" daemon [_thread_blocked, id=7104, stack(0x0000008d96900000,0x0000008d96a00000)]
  0x000001ba01a72000 JavaThread "ForkJoinPool-1-worker-5" daemon [_thread_blocked, id=9656, stack(0x0000008d97600000,0x0000008d97700000)]
  0x000001ba01a70800 JavaThread "ForkJoinPool-1-worker-7" daemon [_thread_blocked, id=11676, stack(0x0000008d97700000,0x0000008d97800000)]
  0x000001ba01a76000 JavaThread "ForkJoinPool-1-worker-1" daemon [_thread_blocked, id=11068, stack(0x0000008d97800000,0x0000008d97900000)]

Other Threads:
=>0x000001ba7a333800 VMThread "VM Thread" [stack: 0x0000008d90e00000,0x0000008d90f00000] [id=2240]
  0x000001ba7ae23000 WatcherThread [stack: 0x0000008d91800000,0x0000008d91900000] [id=9188]
  0x000001ba60795800 GCTaskThread "GC Thread#0" [stack: 0x0000008d90900000,0x0000008d90a00000] [id=1320]
  0x000001ba7af12800 GCTaskThread "GC Thread#1" [stack: 0x0000008d91900000,0x0000008d91a00000] [id=4652]
  0x000001ba7ce2b000 GCTaskThread "GC Thread#2" [stack: 0x0000008d92400000,0x0000008d92500000] [id=10516]
  0x000001ba7c0de000 GCTaskThread "GC Thread#3" [stack: 0x0000008d92500000,0x0000008d92600000] [id=3980]
  0x000001ba607c9000 ConcurrentGCThread "G1 Main Marker" [stack: 0x0000008d90a00000,0x0000008d90b00000] [id=7044]
  0x000001ba607ca000 ConcurrentGCThread "G1 Conc#0" [stack: 0x0000008d90b00000,0x0000008d90c00000] [id=10612]
  0x000001ba60823000 ConcurrentGCThread "G1 Refine#0" [stack: 0x0000008d90c00000,0x0000008d90d00000] [id=5068]
  0x000001ba60826000 ConcurrentGCThread "G1 Young RemSet Sampling" [stack: 0x0000008d90d00000,0x0000008d90e00000] [id=9004]

Threads with active compile tasks:
C2 CompilerThread0  47123 13290       4       com.android.tools.r8.dex.j::e (664 bytes)
C2 CompilerThread1  47123 13405       4       com.android.tools.r8.graph.j1$l::<init> (6 bytes)

VM state:at safepoint (normal execution)

VM Mutex/Monitor currently owned by a thread:  ([mutex/lock_event])
[0x000001ba607778e0] Threads_lock - owner thread: 0x000001ba7a333800
[0x000001ba607777c0] Heap_lock - owner thread: 0x000001ba01a70800

Heap address: 0x0000000080000000, size: 2048 MB, Compressed Oops mode: 32-bit
Narrow klass base: 0x0000000000000000, Narrow klass shift: 3
Compressed class space size: 1073741824 Address: 0x0000000100000000

Heap:
 garbage-first heap   total 377856K, used 210549K [0x0000000080000000, 0x0000000100000000)
  region size 1024K, 2 young (2048K), 2 survivors (2048K)
 Metaspace       used 111200K, capacity 114245K, committed 114304K, reserved 1148928K
  class space    used 14612K, capacity 15735K, committed 15744K, reserved 1048576K
Heap Regions: E=young(eden), S=young(survivor), O=old, HS=humongous(starts), HC=humongous(continues), CS=collection set, F=free, A=archive, TAMS=top-at-mark-start (previous, next)
|   0|0x0000000080000000, 0x0000000080100000, 0x0000000080100000|100%| O|  |TAMS 0x0000000080100000, 0x0000000080100000| Untracked 
|   1|0x0000000080100000, 0x0000000080200000, 0x0000000080200000|100%| O|  |TAMS 0x0000000080200000, 0x0000000080200000| Untracked 
|   2|0x0000000080200000, 0x0000000080300000, 0x0000000080300000|100%| O|  |TAMS 0x0000000080300000, 0x0000000080300000| Untracked 
|   3|0x0000000080300000, 0x0000000080400000, 0x0000000080400000|100%|HS|  |TAMS 0x0000000080400000, 0x0000000080400000| Complete 
|   4|0x0000000080400000, 0x0000000080500000, 0x0000000080500000|100%|HC|  |TAMS 0x0000000080500000, 0x0000000080500000| Complete 
|   5|0x0000000080500000, 0x0000000080600000, 0x0000000080600000|100%|HC|  |TAMS 0x0000000080600000, 0x0000000080600000| Complete 
|   6|0x0000000080600000, 0x0000000080700000, 0x0000000080700000|100%| O|  |TAMS 0x0000000080700000, 0x0000000080700000| Untracked 
|   7|0x0000000080700000, 0x0000000080800000, 0x0000000080800000|100%| O|  |TAMS 0x0000000080800000, 0x0000000080800000| Untracked 
|   8|0x0000000080800000, 0x0000000080900000, 0x0000000080900000|100%| O|  |TAMS 0x0000000080900000, 0x0000000080900000| Untracked 
|   9|0x0000000080900000, 0x0000000080a00000, 0x0000000080a00000|100%| O|  |TAMS 0x0000000080a00000, 0x0000000080a00000| Untracked 
|  10|0x0000000080a00000, 0x0000000080b00000, 0x0000000080b00000|100%| O|  |TAMS 0x0000000080b00000, 0x0000000080b00000| Untracked 
|  11|0x0000000080b00000, 0x0000000080c00000, 0x0000000080c00000|100%| O|  |TAMS 0x0000000080c00000, 0x0000000080c00000| Untracked 
|  12|0x0000000080c00000, 0x0000000080d00000, 0x0000000080d00000|100%| O|  |TAMS 0x0000000080d00000, 0x0000000080d00000| Untracked 
|  13|0x0000000080d00000, 0x0000000080e00000, 0x0000000080e00000|100%| O|  |TAMS 0x0000000080e00000, 0x0000000080e00000| Untracked 
|  14|0x0000000080e00000, 0x0000000080f00000, 0x0000000080f00000|100%| O|  |TAMS 0x0000000080f00000, 0x0000000080f00000| Untracked 
|  15|0x0000000080f00000, 0x0000000081000000, 0x0000000081000000|100%| O|  |TAMS 0x0000000081000000, 0x0000000081000000| Untracked 
|  16|0x0000000081000000, 0x0000000081100000, 0x0000000081100000|100%| O|  |TAMS 0x0000000081100000, 0x0000000081100000| Untracked 
|  17|0x0000000081100000, 0x0000000081200000, 0x0000000081200000|100%| O|  |TAMS 0x0000000081200000, 0x0000000081200000| Untracked 
|  18|0x0000000081200000, 0x0000000081300000, 0x0000000081300000|100%| O|  |TAMS 0x0000000081300000, 0x0000000081300000| Untracked 
|  19|0x0000000081300000, 0x0000000081400000, 0x0000000081400000|100%| O|  |TAMS 0x0000000081400000, 0x0000000081400000| Untracked 
|  20|0x0000000081400000, 0x0000000081500000, 0x0000000081500000|100%| O|  |TAMS 0x0000000081500000, 0x0000000081500000| Untracked 
|  21|0x0000000081500000, 0x0000000081600000, 0x0000000081600000|100%| O|  |TAMS 0x0000000081600000, 0x0000000081600000| Untracked 
|  22|0x0000000081600000, 0x0000000081700000, 0x0000000081700000|100%| O|  |TAMS 0x0000000081700000, 0x0000000081700000| Untracked 
|  23|0x0000000081700000, 0x0000000081800000, 0x0000000081800000|100%| O|  |TAMS 0x0000000081800000, 0x0000000081800000| Untracked 
|  24|0x0000000081800000, 0x0000000081900000, 0x0000000081900000|100%| O|  |TAMS 0x0000000081900000, 0x0000000081900000| Untracked 
|  25|0x0000000081900000, 0x0000000081a00000, 0x0000000081a00000|100%| O|  |TAMS 0x0000000081a00000, 0x0000000081a00000| Untracked 
|  26|0x0000000081a00000, 0x0000000081b00000, 0x0000000081b00000|100%| O|  |TAMS 0x0000000081b00000, 0x0000000081b00000| Untracked 
|  27|0x0000000081b00000, 0x0000000081c00000, 0x0000000081c00000|100%| O|  |TAMS 0x0000000081c00000, 0x0000000081c00000| Untracked 
|  28|0x0000000081c00000, 0x0000000081d00000, 0x0000000081d00000|100%|HS|  |TAMS 0x0000000081d00000, 0x0000000081d00000| Complete 
|  29|0x0000000081d00000, 0x0000000081e00000, 0x0000000081e00000|100%|HS|  |TAMS 0x0000000081e00000, 0x0000000081e00000| Complete 
|  30|0x0000000081e00000, 0x0000000081f00000, 0x0000000081f00000|100%|HS|  |TAMS 0x0000000081f00000, 0x0000000081f00000| Complete 
|  31|0x0000000081f00000, 0x0000000082000000, 0x0000000082000000|100%|HS|  |TAMS 0x0000000082000000, 0x0000000082000000| Complete 
|  32|0x0000000082000000, 0x0000000082100000, 0x0000000082100000|100%|HC|  |TAMS 0x0000000082100000, 0x0000000082100000| Complete 
|  33|0x0000000082100000, 0x0000000082200000, 0x0000000082200000|100%|HC|  |TAMS 0x0000000082200000, 0x0000000082200000| Complete 
|  34|0x0000000082200000, 0x0000000082300000, 0x0000000082300000|100%|HS|  |TAMS 0x0000000082300000, 0x0000000082300000| Complete 
|  35|0x0000000082300000, 0x0000000082400000, 0x0000000082400000|100%|HC|  |TAMS 0x0000000082400000, 0x0000000082400000| Complete 
|  36|0x0000000082400000, 0x0000000082500000, 0x0000000082500000|100%| O|  |TAMS 0x0000000082500000, 0x0000000082500000| Untracked 
|  37|0x0000000082500000, 0x0000000082600000, 0x0000000082600000|100%| O|  |TAMS 0x0000000082600000, 0x0000000082600000| Untracked 
|  38|0x0000000082600000, 0x0000000082700000, 0x0000000082700000|100%| O|  |TAMS 0x0000000082700000, 0x0000000082700000| Untracked 
|  39|0x0000000082700000, 0x0000000082800000, 0x0000000082800000|100%| O|  |TAMS 0x0000000082800000, 0x0000000082800000| Untracked 
|  40|0x0000000082800000, 0x0000000082900000, 0x0000000082900000|100%| O|  |TAMS 0x0000000082900000, 0x0000000082900000| Untracked 
|  41|0x0000000082900000, 0x0000000082a00000, 0x0000000082a00000|100%| O|  |TAMS 0x0000000082a00000, 0x0000000082a00000| Untracked 
|  42|0x0000000082a00000, 0x0000000082b00000, 0x0000000082b00000|100%| O|  |TAMS 0x0000000082b00000, 0x0000000082b00000| Untracked 
|  43|0x0000000082b00000, 0x0000000082c00000, 0x0000000082c00000|100%| O|  |TAMS 0x0000000082c00000, 0x0000000082c00000| Untracked 
|  44|0x0000000082c00000, 0x0000000082d00000, 0x0000000082d00000|100%| O|  |TAMS 0x0000000082d00000, 0x0000000082d00000| Untracked 
|  45|0x0000000082d00000, 0x0000000082e00000, 0x0000000082e00000|100%| O|  |TAMS 0x0000000082e00000, 0x0000000082e00000| Untracked 
|  46|0x0000000082e00000, 0x0000000082f00000, 0x0000000082f00000|100%| O|  |TAMS 0x0000000082f00000, 0x0000000082f00000| Untracked 
|  47|0x0000000082f00000, 0x0000000083000000, 0x0000000083000000|100%| O|  |TAMS 0x0000000083000000, 0x0000000083000000| Untracked 
|  48|0x0000000083000000, 0x0000000083100000, 0x0000000083100000|100%| O|  |TAMS 0x0000000083100000, 0x0000000083100000| Untracked 
|  49|0x0000000083100000, 0x0000000083200000, 0x0000000083200000|100%| O|  |TAMS 0x0000000083200000, 0x0000000083200000| Untracked 
|  50|0x0000000083200000, 0x0000000083300000, 0x0000000083300000|100%| O|  |TAMS 0x0000000083300000, 0x0000000083300000| Untracked 
|  51|0x0000000083300000, 0x0000000083400000, 0x0000000083400000|100%| O|  |TAMS 0x0000000083400000, 0x0000000083400000| Untracked 
|  52|0x0000000083400000, 0x0000000083500000, 0x0000000083500000|100%| O|  |TAMS 0x0000000083500000, 0x0000000083500000| Untracked 
|  53|0x0000000083500000, 0x0000000083600000, 0x0000000083600000|100%| O|  |TAMS 0x0000000083600000, 0x0000000083600000| Untracked 
|  54|0x0000000083600000, 0x0000000083700000, 0x0000000083700000|100%| O|  |TAMS 0x0000000083700000, 0x0000000083700000| Untracked 
|  55|0x0000000083700000, 0x0000000083800000, 0x0000000083800000|100%| O|  |TAMS 0x0000000083800000, 0x0000000083800000| Untracked 
|  56|0x0000000083800000, 0x0000000083900000, 0x0000000083900000|100%| O|  |TAMS 0x0000000083900000, 0x0000000083900000| Untracked 
|  57|0x0000000083900000, 0x0000000083a00000, 0x0000000083a00000|100%| O|  |TAMS 0x0000000083a00000, 0x0000000083a00000| Untracked 
|  58|0x0000000083a00000, 0x0000000083b00000, 0x0000000083b00000|100%| O|  |TAMS 0x0000000083b00000, 0x0000000083b00000| Untracked 
|  59|0x0000000083b00000, 0x0000000083c00000, 0x0000000083c00000|100%| O|  |TAMS 0x0000000083c00000, 0x0000000083c00000| Untracked 
|  60|0x0000000083c00000, 0x0000000083d00000, 0x0000000083d00000|100%| O|  |TAMS 0x0000000083d00000, 0x0000000083d00000| Untracked 
|  61|0x0000000083d00000, 0x0000000083e00000, 0x0000000083e00000|100%| O|  |TAMS 0x0000000083e00000, 0x0000000083e00000| Untracked 
|  62|0x0000000083e00000, 0x0000000083f00000, 0x0000000083f00000|100%| O|  |TAMS 0x0000000083f00000, 0x0000000083f00000| Untracked 
|  63|0x0000000083f00000, 0x0000000084000000, 0x0000000084000000|100%| O|  |TAMS 0x0000000084000000, 0x0000000084000000| Untracked 
|  64|0x0000000084000000, 0x0000000084100000, 0x0000000084100000|100%| O|  |TAMS 0x0000000084100000, 0x0000000084100000| Untracked 
|  65|0x0000000084100000, 0x0000000084200000, 0x0000000084200000|100%| O|  |TAMS 0x0000000084200000, 0x0000000084200000| Untracked 
|  66|0x0000000084200000, 0x0000000084300000, 0x0000000084300000|100%| O|  |TAMS 0x0000000084300000, 0x0000000084300000| Untracked 
|  67|0x0000000084300000, 0x0000000084400000, 0x0000000084400000|100%| O|  |TAMS 0x0000000084400000, 0x0000000084400000| Untracked 
|  68|0x0000000084400000, 0x0000000084500000, 0x0000000084500000|100%| O|  |TAMS 0x0000000084500000, 0x0000000084500000| Untracked 
|  69|0x0000000084500000, 0x0000000084600000, 0x0000000084600000|100%| O|  |TAMS 0x0000000084600000, 0x0000000084600000| Untracked 
|  70|0x0000000084600000, 0x0000000084700000, 0x0000000084700000|100%| O|  |TAMS 0x0000000084700000, 0x0000000084700000| Untracked 
|  71|0x0000000084700000, 0x0000000084800000, 0x0000000084800000|100%| O|  |TAMS 0x0000000084800000, 0x0000000084800000| Untracked 
|  72|0x0000000084800000, 0x0000000084900000, 0x0000000084900000|100%| O|  |TAMS 0x0000000084900000, 0x0000000084900000| Untracked 
|  73|0x0000000084900000, 0x0000000084a00000, 0x0000000084a00000|100%| O|  |TAMS 0x0000000084a00000, 0x0000000084a00000| Untracked 
|  74|0x0000000084a00000, 0x0000000084b00000, 0x0000000084b00000|100%| O|  |TAMS 0x0000000084b00000, 0x0000000084b00000| Untracked 
|  75|0x0000000084b00000, 0x0000000084c00000, 0x0000000084c00000|100%| O|  |TAMS 0x0000000084c00000, 0x0000000084c00000| Untracked 
|  76|0x0000000084c00000, 0x0000000084d00000, 0x0000000084d00000|100%| O|  |TAMS 0x0000000084d00000, 0x0000000084d00000| Untracked 
|  77|0x0000000084d00000, 0x0000000084e00000, 0x0000000084e00000|100%| O|  |TAMS 0x0000000084e00000, 0x0000000084e00000| Untracked 
|  78|0x0000000084e00000, 0x0000000084f00000, 0x0000000084f00000|100%| O|  |TAMS 0x0000000084f00000, 0x0000000084f00000| Untracked 
|  79|0x0000000084f00000, 0x0000000085000000, 0x0000000085000000|100%| O|  |TAMS 0x0000000085000000, 0x0000000085000000| Untracked 
|  80|0x0000000085000000, 0x0000000085100000, 0x0000000085100000|100%| O|  |TAMS 0x0000000085100000, 0x0000000085100000| Untracked 
|  81|0x0000000085100000, 0x0000000085200000, 0x0000000085200000|100%| O|  |TAMS 0x0000000085200000, 0x0000000085200000| Untracked 
|  82|0x0000000085200000, 0x0000000085300000, 0x0000000085300000|100%| O|  |TAMS 0x0000000085300000, 0x0000000085300000| Untracked 
|  83|0x0000000085300000, 0x0000000085400000, 0x0000000085400000|100%| O|  |TAMS 0x0000000085400000, 0x0000000085400000| Untracked 
|  84|0x0000000085400000, 0x0000000085500000, 0x0000000085500000|100%| O|  |TAMS 0x0000000085500000, 0x0000000085500000| Untracked 
|  85|0x0000000085500000, 0x0000000085600000, 0x0000000085600000|100%| O|  |TAMS 0x0000000085600000, 0x0000000085600000| Untracked 
|  86|0x0000000085600000, 0x0000000085700000, 0x0000000085700000|100%| O|  |TAMS 0x0000000085700000, 0x0000000085700000| Untracked 
|  87|0x0000000085700000, 0x0000000085800000, 0x0000000085800000|100%| O|  |TAMS 0x0000000085800000, 0x0000000085800000| Untracked 
|  88|0x0000000085800000, 0x0000000085900000, 0x0000000085900000|100%| O|  |TAMS 0x0000000085900000, 0x0000000085900000| Untracked 
|  89|0x0000000085900000, 0x0000000085a00000, 0x0000000085a00000|100%| O|  |TAMS 0x0000000085a00000, 0x0000000085a00000| Untracked 
|  90|0x0000000085a00000, 0x0000000085b00000, 0x0000000085b00000|100%| O|  |TAMS 0x0000000085b00000, 0x0000000085b00000| Untracked 
|  91|0x0000000085b00000, 0x0000000085c00000, 0x0000000085c00000|100%| O|  |TAMS 0x0000000085c00000, 0x0000000085c00000| Untracked 
|  92|0x0000000085c00000, 0x0000000085d00000, 0x0000000085d00000|100%| O|  |TAMS 0x0000000085d00000, 0x0000000085d00000| Untracked 
|  93|0x0000000085d00000, 0x0000000085e00000, 0x0000000085e00000|100%| O|  |TAMS 0x0000000085e00000, 0x0000000085e00000| Untracked 
|  94|0x0000000085e00000, 0x0000000085f00000, 0x0000000085f00000|100%|HS|  |TAMS 0x0000000085f00000, 0x0000000085f00000| Complete 
|  95|0x0000000085f00000, 0x0000000086000000, 0x0000000086000000|100%|HC|  |TAMS 0x0000000086000000, 0x0000000086000000| Complete 
|  96|0x0000000086000000, 0x0000000086100000, 0x0000000086100000|100%|HC|  |TAMS 0x0000000086100000, 0x0000000086100000| Complete 
|  97|0x0000000086100000, 0x0000000086200000, 0x0000000086200000|100%|HC|  |TAMS 0x0000000086200000, 0x0000000086200000| Complete 
|  98|0x0000000086200000, 0x0000000086300000, 0x0000000086300000|100%|HC|  |TAMS 0x0000000086300000, 0x0000000086300000| Complete 
|  99|0x0000000086300000, 0x0000000086400000, 0x0000000086400000|100%|HC|  |TAMS 0x0000000086400000, 0x0000000086400000| Complete 
| 100|0x0000000086400000, 0x0000000086500000, 0x0000000086500000|100%|HC|  |TAMS 0x0000000086500000, 0x0000000086500000| Complete 
| 101|0x0000000086500000, 0x0000000086600000, 0x0000000086600000|100%|HC|  |TAMS 0x0000000086600000, 0x0000000086600000| Complete 
| 102|0x0000000086600000, 0x0000000086700000, 0x0000000086700000|100%|HC|  |TAMS 0x0000000086700000, 0x0000000086700000| Complete 
| 103|0x0000000086700000, 0x0000000086800000, 0x0000000086800000|100%|HS|  |TAMS 0x0000000086800000, 0x0000000086800000| Complete 
| 104|0x0000000086800000, 0x0000000086900000, 0x0000000086900000|100%|HC|  |TAMS 0x0000000086900000, 0x0000000086900000| Complete 
| 105|0x0000000086900000, 0x0000000086a00000, 0x0000000086a00000|100%|HC|  |TAMS 0x0000000086a00000, 0x0000000086a00000| Complete 
| 106|0x0000000086a00000, 0x0000000086b00000, 0x0000000086b00000|100%|HC|  |TAMS 0x0000000086b00000, 0x0000000086b00000| Complete 
| 107|0x0000000086b00000, 0x0000000086c00000, 0x0000000086c00000|100%|HC|  |TAMS 0x0000000086c00000, 0x0000000086c00000| Complete 
| 108|0x0000000086c00000, 0x0000000086d00000, 0x0000000086d00000|100%|HC|  |TAMS 0x0000000086d00000, 0x0000000086d00000| Complete 
| 109|0x0000000086d00000, 0x0000000086e00000, 0x0000000086e00000|100%|HC|  |TAMS 0x0000000086e00000, 0x0000000086e00000| Complete 
| 110|0x0000000086e00000, 0x0000000086f00000, 0x0000000086f00000|100%|HC|  |TAMS 0x0000000086f00000, 0x0000000086f00000| Complete 
| 111|0x0000000086f00000, 0x0000000087000000, 0x0000000087000000|100%| O|  |TAMS 0x0000000087000000, 0x0000000087000000| Untracked 
| 112|0x0000000087000000, 0x0000000087100000, 0x0000000087100000|100%| O|  |TAMS 0x0000000087100000, 0x0000000087100000| Untracked 
| 113|0x0000000087100000, 0x0000000087200000, 0x0000000087200000|100%| O|  |TAMS 0x0000000087200000, 0x0000000087200000| Untracked 
| 114|0x0000000087200000, 0x0000000087300000, 0x0000000087300000|100%|HS|  |TAMS 0x0000000087300000, 0x0000000087300000| Complete 
| 115|0x0000000087300000, 0x0000000087400000, 0x0000000087400000|100%| O|  |TAMS 0x0000000087400000, 0x0000000087400000| Untracked 
| 116|0x0000000087400000, 0x0000000087500000, 0x0000000087500000|100%| O|  |TAMS 0x0000000087500000, 0x0000000087500000| Untracked 
| 117|0x0000000087500000, 0x0000000087600000, 0x0000000087600000|100%| O|  |TAMS 0x0000000087600000, 0x0000000087600000| Untracked 
| 118|0x0000000087600000, 0x0000000087700000, 0x0000000087700000|100%| O|  |TAMS 0x0000000087700000, 0x0000000087700000| Untracked 
| 119|0x0000000087700000, 0x0000000087800000, 0x0000000087800000|100%| O|  |TAMS 0x0000000087800000, 0x0000000087800000| Untracked 
| 120|0x0000000087800000, 0x0000000087900000, 0x0000000087900000|100%| O|  |TAMS 0x0000000087900000, 0x0000000087900000| Untracked 
| 121|0x0000000087900000, 0x0000000087a00000, 0x0000000087a00000|100%| O|  |TAMS 0x0000000087a00000, 0x0000000087a00000| Untracked 
| 122|0x0000000087a00000, 0x0000000087b00000, 0x0000000087b00000|100%| O|  |TAMS 0x0000000087b00000, 0x0000000087b00000| Untracked 
| 123|0x0000000087b00000, 0x0000000087c00000, 0x0000000087c00000|100%| O|  |TAMS 0x0000000087c00000, 0x0000000087c00000| Untracked 
| 124|0x0000000087c00000, 0x0000000087d00000, 0x0000000087d00000|100%| O|  |TAMS 0x0000000087d00000, 0x0000000087d00000| Untracked 
| 125|0x0000000087d00000, 0x0000000087e00000, 0x0000000087e00000|100%| O|  |TAMS 0x0000000087e00000, 0x0000000087e00000| Untracked 
| 126|0x0000000087e00000, 0x0000000087f00000, 0x0000000087f00000|100%| O|  |TAMS 0x0000000087f00000, 0x0000000087f00000| Untracked 
| 127|0x0000000087f00000, 0x0000000088000000, 0x0000000088000000|100%| O|  |TAMS 0x0000000088000000, 0x0000000088000000| Untracked 
| 128|0x0000000088000000, 0x0000000088100000, 0x0000000088100000|100%| O|  |TAMS 0x0000000088100000, 0x0000000088100000| Untracked 
| 129|0x0000000088100000, 0x0000000088200000, 0x0000000088200000|100%| O|  |TAMS 0x0000000088200000, 0x0000000088200000| Untracked 
| 130|0x0000000088200000, 0x0000000088300000, 0x0000000088300000|100%| O|  |TAMS 0x0000000088300000, 0x0000000088300000| Untracked 
| 131|0x0000000088300000, 0x0000000088400000, 0x0000000088400000|100%|HS|  |TAMS 0x0000000088300000, 0x0000000088400000| Complete 
| 132|0x0000000088400000, 0x0000000088500000, 0x0000000088500000|100%|HC|  |TAMS 0x0000000088400000, 0x0000000088500000| Complete 
| 133|0x0000000088500000, 0x0000000088600000, 0x0000000088600000|100%| O|  |TAMS 0x0000000088500000, 0x0000000088600000| Untracked 
| 134|0x0000000088600000, 0x0000000088700000, 0x0000000088700000|100%|HS|  |TAMS 0x0000000088700000, 0x0000000088700000| Complete 
| 135|0x0000000088700000, 0x0000000088800000, 0x0000000088800000|100%|HC|  |TAMS 0x0000000088800000, 0x0000000088800000| Complete 
| 136|0x0000000088800000, 0x0000000088900000, 0x0000000088900000|100%|HC|  |TAMS 0x0000000088900000, 0x0000000088900000| Complete 
| 137|0x0000000088900000, 0x0000000088a00000, 0x0000000088a00000|100%|HC|  |TAMS 0x0000000088a00000, 0x0000000088a00000| Complete 
| 138|0x0000000088a00000, 0x0000000088b00000, 0x0000000088b00000|100%|HC|  |TAMS 0x0000000088b00000, 0x0000000088b00000| Complete 
| 139|0x0000000088b00000, 0x0000000088c00000, 0x0000000088c00000|100%|HC|  |TAMS 0x0000000088c00000, 0x0000000088c00000| Complete 
| 140|0x0000000088c00000, 0x0000000088d00000, 0x0000000088d00000|100%|HC|  |TAMS 0x0000000088d00000, 0x0000000088d00000| Complete 
| 141|0x0000000088d00000, 0x0000000088e00000, 0x0000000088e00000|100%|HC|  |TAMS 0x0000000088e00000, 0x0000000088e00000| Complete 
| 142|0x0000000088e00000, 0x0000000088f00000, 0x0000000088f00000|100%|HC|  |TAMS 0x0000000088f00000, 0x0000000088f00000| Complete 
| 143|0x0000000088f00000, 0x0000000089000000, 0x0000000089000000|100%| O|  |TAMS 0x0000000088f00000, 0x0000000089000000| Untracked 
| 144|0x0000000089000000, 0x0000000089100000, 0x0000000089100000|100%| O|  |TAMS 0x0000000089000000, 0x0000000089100000| Untracked 
| 145|0x0000000089100000, 0x0000000089200000, 0x0000000089200000|100%| O|  |TAMS 0x0000000089100000, 0x0000000089200000| Untracked 
| 146|0x0000000089200000, 0x0000000089300000, 0x0000000089300000|100%| O|  |TAMS 0x0000000089200000, 0x0000000089300000| Untracked 
| 147|0x0000000089300000, 0x0000000089400000, 0x0000000089400000|100%| O|  |TAMS 0x0000000089300000, 0x0000000089400000| Untracked 
| 148|0x0000000089400000, 0x0000000089500000, 0x0000000089500000|100%| O|  |TAMS 0x0000000089400000, 0x0000000089500000| Untracked 
| 149|0x0000000089500000, 0x0000000089600000, 0x0000000089600000|100%| O|  |TAMS 0x0000000089500000, 0x0000000089600000| Untracked 
| 150|0x0000000089600000, 0x0000000089700000, 0x0000000089700000|100%| O|  |TAMS 0x0000000089600000, 0x0000000089700000| Untracked 
| 151|0x0000000089700000, 0x0000000089800000, 0x0000000089800000|100%|HS|  |TAMS 0x0000000089700000, 0x0000000089800000| Complete 
| 152|0x0000000089800000, 0x0000000089900000, 0x0000000089900000|100%|HC|  |TAMS 0x0000000089800000, 0x0000000089900000| Complete 
| 153|0x0000000089900000, 0x0000000089a00000, 0x0000000089a00000|100%| O|  |TAMS 0x0000000089900000, 0x0000000089a00000| Untracked 
| 154|0x0000000089a00000, 0x0000000089b00000, 0x0000000089b00000|100%|HS|  |TAMS 0x0000000089b00000, 0x0000000089b00000| Complete 
| 155|0x0000000089b00000, 0x0000000089c00000, 0x0000000089c00000|100%|HC|  |TAMS 0x0000000089c00000, 0x0000000089c00000| Complete 
| 156|0x0000000089c00000, 0x0000000089d00000, 0x0000000089d00000|100%|HC|  |TAMS 0x0000000089d00000, 0x0000000089d00000| Complete 
| 157|0x0000000089d00000, 0x0000000089e00000, 0x0000000089e00000|100%|HC|  |TAMS 0x0000000089e00000, 0x0000000089e00000| Complete 
| 158|0x0000000089e00000, 0x0000000089f00000, 0x0000000089f00000|100%|HC|  |TAMS 0x0000000089f00000, 0x0000000089f00000| Complete 
| 159|0x0000000089f00000, 0x000000008a000000, 0x000000008a000000|100%|HC|  |TAMS 0x000000008a000000, 0x000000008a000000| Complete 
| 160|0x000000008a000000, 0x000000008a100000, 0x000000008a100000|100%|HC|  |TAMS 0x000000008a100000, 0x000000008a100000| Complete 
| 161|0x000000008a100000, 0x000000008a200000, 0x000000008a200000|100%|HC|  |TAMS 0x000000008a200000, 0x000000008a200000| Complete 
| 162|0x000000008a200000, 0x000000008a300000, 0x000000008a300000|100%|HS|  |TAMS 0x000000008a300000, 0x000000008a300000| Complete 
| 163|0x000000008a300000, 0x000000008a400000, 0x000000008a400000|100%| O|  |TAMS 0x000000008a300000, 0x000000008a400000| Untracked 
| 164|0x000000008a400000, 0x000000008a500000, 0x000000008a500000|100%|HS|  |TAMS 0x000000008a400000, 0x000000008a500000| Complete 
| 165|0x000000008a500000, 0x000000008a600000, 0x000000008a600000|100%| O|  |TAMS 0x000000008a500000, 0x000000008a600000| Untracked 
| 166|0x000000008a600000, 0x000000008a700000, 0x000000008a700000|100%| O|  |TAMS 0x000000008a600000, 0x000000008a700000| Untracked 
| 167|0x000000008a700000, 0x000000008a800000, 0x000000008a800000|100%| O|  |TAMS 0x000000008a700000, 0x000000008a800000| Untracked 
| 168|0x000000008a800000, 0x000000008a900000, 0x000000008a900000|100%| O|  |TAMS 0x000000008a800000, 0x000000008a900000| Untracked 
| 169|0x000000008a900000, 0x000000008aa00000, 0x000000008aa00000|100%| O|  |TAMS 0x000000008a900000, 0x000000008aa00000| Untracked 
| 170|0x000000008aa00000, 0x000000008ab00000, 0x000000008ab00000|100%| O|  |TAMS 0x000000008aa00000, 0x000000008ab00000| Untracked 
| 171|0x000000008ab00000, 0x000000008ac00000, 0x000000008ac00000|100%| O|  |TAMS 0x000000008ab00000, 0x000000008ac00000| Untracked 
| 172|0x000000008ac00000, 0x000000008ad00000, 0x000000008ad00000|100%| O|  |TAMS 0x000000008ac00000, 0x000000008ad00000| Untracked 
| 173|0x000000008ad00000, 0x000000008ae00000, 0x000000008ae00000|100%| O|  |TAMS 0x000000008ad00000, 0x000000008ae00000| Untracked 
| 174|0x000000008ae00000, 0x000000008af00000, 0x000000008af00000|100%| O|  |TAMS 0x000000008ae00000, 0x000000008af00000| Untracked 
| 175|0x000000008af00000, 0x000000008b000000, 0x000000008b000000|100%| O|  |TAMS 0x000000008af00000, 0x000000008b000000| Untracked 
| 176|0x000000008b000000, 0x000000008b100000, 0x000000008b100000|100%| O|  |TAMS 0x000000008b000000, 0x000000008b100000| Untracked 
| 177|0x000000008b100000, 0x000000008b200000, 0x000000008b200000|100%| O|  |TAMS 0x000000008b100000, 0x000000008b200000| Untracked 
| 178|0x000000008b200000, 0x000000008b300000, 0x000000008b300000|100%| O|  |TAMS 0x000000008b200000, 0x000000008b300000| Untracked 
| 179|0x000000008b300000, 0x000000008b400000, 0x000000008b400000|100%| O|  |TAMS 0x000000008b300000, 0x000000008b400000| Untracked 
| 180|0x000000008b400000, 0x000000008b500000, 0x000000008b500000|100%| O|  |TAMS 0x000000008b400000, 0x000000008b500000| Untracked 
| 181|0x000000008b500000, 0x000000008b600000, 0x000000008b600000|100%| O|  |TAMS 0x000000008b500000, 0x000000008b553a00| Untracked 
| 182|0x000000008b600000, 0x000000008b700000, 0x000000008b700000|100%| O|  |TAMS 0x000000008b600000, 0x000000008b600000| Untracked 
| 183|0x000000008b700000, 0x000000008b800000, 0x000000008b800000|100%| O|  |TAMS 0x000000008b700000, 0x000000008b700000| Untracked 
| 184|0x000000008b800000, 0x000000008b900000, 0x000000008b900000|100%| O|  |TAMS 0x000000008b800000, 0x000000008b800000| Untracked 
| 185|0x000000008b900000, 0x000000008ba00000, 0x000000008ba00000|100%| S|CS|TAMS 0x000000008b900000, 0x000000008b900000| Complete 
| 186|0x000000008ba00000, 0x000000008bb00000, 0x000000008bb00000|100%| O|  |TAMS 0x000000008ba00000, 0x000000008ba00000| Untracked 
| 187|0x000000008bb00000, 0x000000008bb00000, 0x000000008bc00000|  0%| F|  |TAMS 0x000000008bb00000, 0x000000008bb00000| Untracked 
| 188|0x000000008bc00000, 0x000000008bc00000, 0x000000008bd00000|  0%| F|  |TAMS 0x000000008bc00000, 0x000000008bc00000| Untracked 
| 189|0x000000008bd00000, 0x000000008bd00000, 0x000000008be00000|  0%| F|  |TAMS 0x000000008bd00000, 0x000000008bd00000| Untracked 
| 190|0x000000008be00000, 0x000000008be00000, 0x000000008bf00000|  0%| F|  |TAMS 0x000000008be00000, 0x000000008be00000| Untracked 
| 191|0x000000008bf00000, 0x000000008c000000, 0x000000008c000000|100%| O|  |TAMS 0x000000008c000000, 0x000000008c000000| Untracked 
| 192|0x000000008c000000, 0x000000008c000000, 0x000000008c100000|  0%| F|  |TAMS 0x000000008c000000, 0x000000008c000000| Untracked 
| 193|0x000000008c100000, 0x000000008c100000, 0x000000008c200000|  0%| F|  |TAMS 0x000000008c100000, 0x000000008c100000| Untracked 
| 194|0x000000008c200000, 0x000000008c200000, 0x000000008c300000|  0%| F|  |TAMS 0x000000008c200000, 0x000000008c200000| Untracked 
| 195|0x000000008c300000, 0x000000008c400000, 0x000000008c400000|100%| O|  |TAMS 0x000000008c400000, 0x000000008c400000| Untracked 
| 196|0x000000008c400000, 0x000000008c500000, 0x000000008c500000|100%| O|  |TAMS 0x000000008c500000, 0x000000008c500000| Untracked 
| 197|0x000000008c500000, 0x000000008c500000, 0x000000008c600000|  0%| F|  |TAMS 0x000000008c500000, 0x000000008c500000| Untracked 
| 198|0x000000008c600000, 0x000000008c600000, 0x000000008c700000|  0%| F|  |TAMS 0x000000008c600000, 0x000000008c600000| Untracked 
| 199|0x000000008c700000, 0x000000008c800000, 0x000000008c800000|100%| O|  |TAMS 0x000000008c800000, 0x000000008c800000| Untracked 
| 200|0x000000008c800000, 0x000000008c900000, 0x000000008c900000|100%| O|  |TAMS 0x000000008c900000, 0x000000008c900000| Untracked 
| 201|0x000000008c900000, 0x000000008ca00000, 0x000000008ca00000|100%| O|  |TAMS 0x000000008ca00000, 0x000000008ca00000| Untracked 
| 202|0x000000008ca00000, 0x000000008cb00000, 0x000000008cb00000|100%| O|  |TAMS 0x000000008cb00000, 0x000000008cb00000| Untracked 
| 203|0x000000008cb00000, 0x000000008cc00000, 0x000000008cc00000|100%| O|  |TAMS 0x000000008cc00000, 0x000000008cc00000| Untracked 
| 204|0x000000008cc00000, 0x000000008cd00000, 0x000000008cd00000|100%| O|  |TAMS 0x000000008cc00000, 0x000000008cc00000| Untracked 
| 205|0x000000008cd00000, 0x000000008ce00000, 0x000000008ce00000|100%| O|  |TAMS 0x000000008cd00000, 0x000000008cd00000| Untracked 
| 206|0x000000008ce00000, 0x000000008cf00000, 0x000000008cf00000|100%| O|  |TAMS 0x000000008ce00000, 0x000000008ce00000| Untracked 
| 207|0x000000008cf00000, 0x000000008cf00000, 0x000000008d000000|  0%| F|  |TAMS 0x000000008cf00000, 0x000000008cf00000| Untracked 
| 208|0x000000008d000000, 0x000000008d100000, 0x000000008d100000|100%| O|  |TAMS 0x000000008d000000, 0x000000008d000000| Untracked 
| 209|0x000000008d100000, 0x000000008d200000, 0x000000008d200000|100%| O|  |TAMS 0x000000008d100000, 0x000000008d100000| Untracked 
| 210|0x000000008d200000, 0x000000008d300000, 0x000000008d300000|100%| O|  |TAMS 0x000000008d200000, 0x000000008d200000| Untracked 
| 211|0x000000008d300000, 0x000000008d400000, 0x000000008d400000|100%| S|CS|TAMS 0x000000008d300000, 0x000000008d300000| Complete 
| 212|0x000000008d400000, 0x000000008d500000, 0x000000008d500000|100%| O|  |TAMS 0x000000008d400000, 0x000000008d400000| Untracked 
| 213|0x000000008d500000, 0x000000008d600000, 0x000000008d600000|100%| O|  |TAMS 0x000000008d500000, 0x000000008d500000| Untracked 
| 214|0x000000008d600000, 0x000000008d700000, 0x000000008d700000|100%| O|  |TAMS 0x000000008d600000, 0x000000008d600000| Untracked 
| 215|0x000000008d700000, 0x000000008d79d600, 0x000000008d800000| 61%| O|  |TAMS 0x000000008d700000, 0x000000008d700000| Untracked 

Card table byte_map: [0x000001ba73690000,0x000001ba73a90000] _byte_map_base: 0x000001ba73290000

Marking Bits (Prev, Next): (CMBitMap*) 0x000001ba607c0070, (CMBitMap*) 0x000001ba607c0038
 Prev Bits: [0x000001ba75e90000, 0x000001ba77e90000)
 Next Bits: [0x000001ba73e90000, 0x000001ba75e90000)

Polling page: 0x000001ba5e910000

Metaspace:

Usage:
  Non-class:     96.20 MB capacity,    94.32 MB ( 98%) used,     1.52 MB (  2%) free+waste,   362.00 KB ( <1%) overhead. 
      Class:     15.37 MB capacity,    14.27 MB ( 93%) used,   955.90 KB (  6%) free+waste,   166.88 KB (  1%) overhead. 
       Both:    111.57 MB capacity,   108.59 MB ( 97%) used,     2.46 MB (  2%) free+waste,   528.88 KB ( <1%) overhead. 

Virtual space:
  Non-class space:       98.00 MB reserved,      96.25 MB ( 98%) committed 
      Class space:        1.00 GB reserved,      15.38 MB (  2%) committed 
             Both:        1.10 GB reserved,     111.63 MB ( 10%) committed 

Chunk freelists:
   Non-Class:  50.00 KB
       Class:  9.00 KB
        Both:  59.00 KB

MaxMetaspaceSize: 17179869184.00 GB
CompressedClassSpaceSize: 1.00 GB
Initial GC threshold: 20.80 MB
Current GC threshold: 186.04 MB
CDS: off

CodeHeap 'non-profiled nmethods': size=120064Kb used=7135Kb max_used=7135Kb free=112928Kb
 bounds [0x000001ba6bd50000, 0x000001ba6c450000, 0x000001ba73290000]
CodeHeap 'profiled nmethods': size=120000Kb used=27632Kb max_used=27632Kb free=92367Kb
 bounds [0x000001ba64820000, 0x000001ba66320000, 0x000001ba6bd50000]
CodeHeap 'non-nmethods': size=5696Kb used=2452Kb max_used=2497Kb free=3243Kb
 bounds [0x000001ba64290000, 0x000001ba64510000, 0x000001ba64820000]
 total_blobs=14246 nmethods=13263 adapters=895
 compilation: enabled
              stopped_count=0, restarted_count=0
 full_count=0

Compilation events (20 events):
Event: 46.920 Thread 0x000001ba03ca0000 nmethod 13356 0x000001ba6c445110 code [0x000001ba6c445320, 0x000001ba6c445920]
Event: 46.920 Thread 0x000001ba03ca0000 13313       4       com.android.tools.r8.code.M0::hashCode (31 bytes)
Event: 46.922 Thread 0x000001ba03ca0000 nmethod 13313 0x000001ba6c445e10 code [0x000001ba6c445fc0, 0x000001ba6c446108]
Event: 46.922 Thread 0x000001ba03ca0000 13314       4       com.android.tools.r8.code.M0::<init> (36 bytes)
Event: 46.923 Thread 0x000001ba7accc000 13402       2       com.android.tools.r8.code.N0::<init> (34 bytes)
Event: 46.923 Thread 0x000001ba7accc000 nmethod 13402 0x000001ba6631ac10 code [0x000001ba6631ade0, 0x000001ba6631afa8]
Event: 46.923 Thread 0x000001ba7accc000 13403       2       com.android.tools.r8.code.N0::hashCode (28 bytes)
Event: 46.923 Thread 0x000001ba7accc000 nmethod 13403 0x000001ba6631b110 code [0x000001ba6631b2c0, 0x000001ba6631b408]
Event: 46.924 Thread 0x000001ba03ca0000 nmethod 13314 0x000001ba6c446290 code [0x000001ba6c446440, 0x000001ba6c446718]
Event: 46.924 Thread 0x000001ba03ca0000 13328       4       com.android.tools.r8.internal.lV$$Lambda$1323/0x0000000100e29040::a (15 bytes)
Event: 46.925 Thread 0x000001ba03ca0000 nmethod 13328 0x000001ba6c446a10 code [0x000001ba6c446bc0, 0x000001ba6c446d18]
Event: 46.925 Thread 0x000001ba03ca0000 13331       4       com.android.tools.r8.code.s1::<init> (8 bytes)
Event: 46.926 Thread 0x000001ba7accc000 13404       2       com.android.tools.r8.graph.N2::a (133 bytes)
Event: 46.927 Thread 0x000001ba7accc000 nmethod 13404 0x000001ba6631b490 code [0x000001ba6631b6c0, 0x000001ba6631bdc8]
Event: 46.927 Thread 0x000001ba03ca0000 nmethod 13331 0x000001ba6c446e90 code [0x000001ba6c447040, 0x000001ba6c447318]
Event: 46.927 Thread 0x000001ba03ca0000 13335       4       com.android.tools.r8.code.H0::hashCode (24 bytes)
Event: 46.929 Thread 0x000001ba03ca0000 nmethod 13335 0x000001ba6c447610 code [0x000001ba6c4477c0, 0x000001ba6c447908]
Event: 46.929 Thread 0x000001ba03ca0000 13273       4       com.android.tools.r8.graph.V::hashCode (10 bytes)
Event: 46.929 Thread 0x000001ba03ca0000 nmethod 13273 0x000001ba6c447a90 code [0x000001ba6c447c20, 0x000001ba6c447c98]
Event: 46.929 Thread 0x000001ba03ca0000 13405       4       com.android.tools.r8.graph.j1$l::<init> (6 bytes)

GC Heap History (20 events):
Event: 46.204 GC heap after
{Heap after GC invocations=60 (full 0):
 garbage-first heap   total 208896K, used 159303K [0x0000000080000000, 0x0000000100000000)
  region size 1024K, 4 young (4096K), 4 survivors (4096K)
 Metaspace       used 109969K, capacity 113018K, committed 113152K, reserved 1146880K
  class space    used 14381K, capacity 15523K, committed 15616K, reserved 1048576K
}
Event: 46.242 GC heap before
{Heap before GC invocations=61 (full 0):
 garbage-first heap   total 208896K, used 167495K [0x0000000080000000, 0x0000000100000000)
  region size 1024K, 14 young (14336K), 4 survivors (4096K)
 Metaspace       used 109969K, capacity 113018K, committed 113152K, reserved 1146880K
  class space    used 14381K, capacity 15523K, committed 15616K, reserved 1048576K
}
Event: 46.257 GC heap after
{Heap after GC invocations=62 (full 0):
 garbage-first heap   total 208896K, used 163840K [0x0000000080000000, 0x0000000100000000)
  region size 1024K, 3 young (3072K), 3 survivors (3072K)
 Metaspace       used 109969K, capacity 113018K, committed 113152K, reserved 1146880K
  class space    used 14381K, capacity 15523K, committed 15616K, reserved 1048576K
}
Event: 46.314 GC heap before
{Heap before GC invocations=62 (full 0):
 garbage-first heap   total 208896K, used 178176K [0x0000000080000000, 0x0000000100000000)
  region size 1024K, 14 young (14336K), 3 survivors (3072K)
 Metaspace       used 109969K, capacity 113018K, committed 113152K, reserved 1146880K
  class space    used 14381K, capacity 15523K, committed 15616K, reserved 1048576K
}
Event: 46.326 GC heap after
{Heap after GC invocations=63 (full 0):
 garbage-first heap   total 208896K, used 172032K [0x0000000080000000, 0x0000000100000000)
  region size 1024K, 2 young (2048K), 2 survivors (2048K)
 Metaspace       used 109969K, capacity 113018K, committed 113152K, reserved 1146880K
  class space    used 14381K, capacity 15523K, committed 15616K, reserved 1048576K
}
Event: 46.363 GC heap before
{Heap before GC invocations=63 (full 0):
 garbage-first heap   total 208896K, used 182272K [0x0000000080000000, 0x0000000100000000)
  region size 1024K, 10 young (10240K), 2 survivors (2048K)
 Metaspace       used 109970K, capacity 113018K, committed 113152K, reserved 1146880K
  class space    used 14381K, capacity 15523K, committed 15616K, reserved 1048576K
}
Event: 46.374 GC heap after
{Heap after GC invocations=64 (full 0):
 garbage-first heap   total 208896K, used 177740K [0x0000000080000000, 0x0000000100000000)
  region size 1024K, 2 young (2048K), 2 survivors (2048K)
 Metaspace       used 109970K, capacity 113018K, committed 113152K, reserved 1146880K
  class space    used 14381K, capacity 15523K, committed 15616K, reserved 1048576K
}
Event: 46.460 GC heap before
{Heap before GC invocations=64 (full 0):
 garbage-first heap   total 208896K, used 185932K [0x0000000080000000, 0x0000000100000000)
  region size 1024K, 10 young (10240K), 2 survivors (2048K)
 Metaspace       used 110892K, capacity 113991K, committed 114048K, reserved 1146880K
  class space    used 14605K, capacity 15741K, committed 15744K, reserved 1048576K
}
Event: 46.469 GC heap after
{Heap after GC invocations=65 (full 0):
 garbage-first heap   total 208896K, used 182125K [0x0000000080000000, 0x0000000100000000)
  region size 1024K, 2 young (2048K), 2 survivors (2048K)
 Metaspace       used 110892K, capacity 113991K, committed 114048K, reserved 1146880K
  class space    used 14605K, capacity 15741K, committed 15744K, reserved 1048576K
}
Event: 46.612 GC heap before
{Heap before GC invocations=65 (full 0):
 garbage-first heap   total 208896K, used 189293K [0x0000000080000000, 0x0000000100000000)
  region size 1024K, 10 young (10240K), 2 survivors (2048K)
 Metaspace       used 111104K, capacity 114173K, committed 114304K, reserved 1148928K
  class space    used 14611K, capacity 15735K, committed 15744K, reserved 1048576K
}
Event: 46.620 GC heap after
{Heap after GC invocations=66 (full 0):
 garbage-first heap   total 208896K, used 186519K [0x0000000080000000, 0x0000000100000000)
  region size 1024K, 2 young (2048K), 2 survivors (2048K)
 Metaspace       used 111104K, capacity 114173K, committed 114304K, reserved 1148928K
  class space    used 14611K, capacity 15735K, committed 15744K, reserved 1048576K
}
Event: 46.664 GC heap before
{Heap before GC invocations=67 (full 0):
 garbage-first heap   total 208896K, used 193687K [0x0000000080000000, 0x0000000100000000)
  region size 1024K, 10 young (10240K), 2 survivors (2048K)
 Metaspace       used 111128K, capacity 114178K, committed 114304K, reserved 1148928K
  class space    used 14611K, capacity 15735K, committed 15744K, reserved 1048576K
}
Event: 46.672 GC heap after
{Heap after GC invocations=68 (full 0):
 garbage-first heap   total 208896K, used 191182K [0x0000000080000000, 0x0000000100000000)
  region size 1024K, 2 young (2048K), 2 survivors (2048K)
 Metaspace       used 111128K, capacity 114178K, committed 114304K, reserved 1148928K
  class space    used 14611K, capacity 15735K, committed 15744K, reserved 1048576K
}
Event: 46.707 GC heap before
{Heap before GC invocations=68 (full 0):
 garbage-first heap   total 208896K, used 199374K [0x0000000080000000, 0x0000000100000000)
  region size 1024K, 10 young (10240K), 2 survivors (2048K)
 Metaspace       used 111135K, capacity 114178K, committed 114304K, reserved 1148928K
  class space    used 14611K, capacity 15735K, committed 15744K, reserved 1048576K
}
Event: 46.713 GC heap after
{Heap after GC invocations=69 (full 0):
 garbage-first heap   total 208896K, used 195918K [0x0000000080000000, 0x0000000100000000)
  region size 1024K, 2 young (2048K), 2 survivors (2048K)
 Metaspace       used 111135K, capacity 114178K, committed 114304K, reserved 1148928K
  class space    used 14611K, capacity 15735K, committed 15744K, reserved 1048576K
}
Event: 46.758 GC heap before
{Heap before GC invocations=69 (full 0):
 garbage-first heap   total 208896K, used 204110K [0x0000000080000000, 0x0000000100000000)
  region size 1024K, 10 young (10240K), 2 survivors (2048K)
 Metaspace       used 111140K, capacity 114178K, committed 114304K, reserved 1148928K
  class space    used 14611K, capacity 15735K, committed 15744K, reserved 1048576K
}
Event: 46.767 GC heap after
{Heap after GC invocations=70 (full 0):
 garbage-first heap   total 210944K, used 200536K [0x0000000080000000, 0x0000000100000000)
  region size 1024K, 2 young (2048K), 2 survivors (2048K)
 Metaspace       used 111140K, capacity 114178K, committed 114304K, reserved 1148928K
  class space    used 14611K, capacity 15735K, committed 15744K, reserved 1048576K
}
Event: 46.822 GC heap before
{Heap before GC invocations=70 (full 0):
 garbage-first heap   total 210944K, used 208728K [0x0000000080000000, 0x0000000100000000)
  region size 1024K, 10 young (10240K), 2 survivors (2048K)
 Metaspace       used 111147K, capacity 114242K, committed 114304K, reserved 1148928K
  class space    used 14611K, capacity 15735K, committed 15744K, reserved 1048576K
}
Event: 46.829 GC heap after
{Heap after GC invocations=71 (full 0):
 garbage-first heap   total 216064K, used 205218K [0x0000000080000000, 0x0000000100000000)
  region size 1024K, 2 young (2048K), 2 survivors (2048K)
 Metaspace       used 111147K, capacity 114242K, committed 114304K, reserved 1148928K
  class space    used 14611K, capacity 15735K, committed 15744K, reserved 1048576K
}
Event: 46.929 GC heap before
{Heap before GC invocations=71 (full 0):
 garbage-first heap   total 216064K, used 212386K [0x0000000080000000, 0x0000000100000000)
  region size 1024K, 10 young (10240K), 2 survivors (2048K)
 Metaspace       used 111200K, capacity 114245K, committed 114304K, reserved 1148928K
  class space    used 14612K, capacity 15735K, committed 15744K, reserved 1048576K
}

Deoptimization events (20 events):
Event: 46.392 Thread 0x000001ba01a72000 Uncommon trap: trap_request=0xffffffde fr.pc=0x000001ba6c3ecfe0 relative=0x0000000000000b20
Event: 46.392 Thread 0x000001ba01a72000 Uncommon trap: reason=class_check action=maybe_recompile pc=0x000001ba6c3ecfe0 method=com.android.tools.r8.dex.j.a(ILjava/util/function/Supplier;)Ljava/lang/Object; @ 31 c2
Event: 46.392 Thread 0x000001ba01a72000 DEOPT PACKING pc=0x000001ba6c3ecfe0 sp=0x0000008d976fecc0
Event: 46.392 Thread 0x000001ba01a72000 DEOPT UNPACKING pc=0x000001ba642da1af sp=0x0000008d976fecc0 mode 2
Event: 46.392 Thread 0x000001ba01a72000 Uncommon trap: trap_request=0xffffffde fr.pc=0x000001ba6c3ecfe0 relative=0x0000000000000b20
Event: 46.392 Thread 0x000001ba01a72000 Uncommon trap: reason=class_check action=maybe_recompile pc=0x000001ba6c3ecfe0 method=com.android.tools.r8.dex.j.a(ILjava/util/function/Supplier;)Ljava/lang/Object; @ 31 c2
Event: 46.392 Thread 0x000001ba01a72000 DEOPT PACKING pc=0x000001ba6c3ecfe0 sp=0x0000008d976fead0
Event: 46.392 Thread 0x000001ba01a72000 DEOPT UNPACKING pc=0x000001ba642da1af sp=0x0000008d976fead0 mode 2
Event: 46.392 Thread 0x000001ba01a72000 Uncommon trap: trap_request=0xffffff4d fr.pc=0x000001ba6c3ed044 relative=0x0000000000000b84
Event: 46.392 Thread 0x000001ba01a72000 Uncommon trap: reason=unstable_if action=reinterpret pc=0x000001ba6c3ed044 method=com.android.tools.r8.dex.j.a(ILjava/util/function/Supplier;)Ljava/lang/Object; @ 1 c2
Event: 46.392 Thread 0x000001ba01a72000 DEOPT PACKING pc=0x000001ba6c3ed044 sp=0x0000008d976fef00
Event: 46.392 Thread 0x000001ba01a72000 DEOPT UNPACKING pc=0x000001ba642da1af sp=0x0000008d976fef08 mode 2
Event: 46.545 Thread 0x000001ba01a76000 Uncommon trap: trap_request=0xffffff4d fr.pc=0x000001ba6c41c7a0 relative=0x0000000000001280
Event: 46.545 Thread 0x000001ba01a76000 Uncommon trap: reason=unstable_if action=reinterpret pc=0x000001ba6c41c7a0 method=com.android.tools.r8.dex.j.i()Lcom/android/tools/r8/graph/j1; @ 38 c2
Event: 46.545 Thread 0x000001ba01a76000 DEOPT PACKING pc=0x000001ba6c41c7a0 sp=0x0000008d978fedd0
Event: 46.545 Thread 0x000001ba01a76000 DEOPT UNPACKING pc=0x000001ba642da1af sp=0x0000008d978fedb0 mode 2
Event: 46.846 Thread 0x000001ba01a76000 Uncommon trap: trap_request=0xffffff4d fr.pc=0x000001ba6c42cb50 relative=0x0000000000007c10
Event: 46.846 Thread 0x000001ba01a76000 Uncommon trap: reason=unstable_if action=reinterpret pc=0x000001ba6c42cb50 method=com.android.tools.r8.code.y1.a(Ljava/nio/ShortBuffer;IILcom/android/tools/r8/internal/mI;)[Lcom/android/tools/r8/code/w1; @ 301 c2
Event: 46.846 Thread 0x000001ba01a76000 DEOPT PACKING pc=0x000001ba6c42cb50 sp=0x0000008d978fed80
Event: 46.846 Thread 0x000001ba01a76000 DEOPT UNPACKING pc=0x000001ba642da1af sp=0x0000008d978fed58 mode 2

Classes redefined (0 events):
No events

Internal exceptions (20 events):
Event: 44.675 Thread 0x000001ba01a6f800 Exception <a 'java/lang/IncompatibleClassChangeError'{0x000000008b7ef870}: Found class java.lang.Object, but interface was expected> (0x000000008b7ef870) thrown at [./src/hotspot/share/interpreter/linkResolver.cpp, line 839]
Event: 44.723 Thread 0x000001ba01a6f800 Exception <a 'java/lang/NoSuchMethodError'{0x000000008b49bd48}: 'java.lang.Object java.lang.invoke.DirectMethodHandle$Holder.invokeStatic(java.lang.Object, long)'> (0x000000008b49bd48) thrown at [./src/hotspot/share/interpreter/linkResolver.cpp, line 773]
Event: 44.789 Thread 0x000001ba01a6f800 Exception <a 'java/lang/IncompatibleClassChangeError'{0x000000008b1aaee8}: Found class java.lang.Object, but interface was expected> (0x000000008b1aaee8) thrown at [./src/hotspot/share/interpreter/linkResolver.cpp, line 839]
Event: 44.840 Thread 0x000001ba01a6f800 Exception <a 'java/lang/NoSuchMethodError'{0x000000008ad7e400}: 'java.lang.Object java.lang.invoke.DirectMethodHandle$Holder.invokeStatic(java.lang.Object, int, java.lang.Object, java.lang.Object)'> (0x000000008ad7e400) thrown at [./src/hotspot/share/interpreter/linkResolver.cpp, line 773]
Event: 44.911 Thread 0x000001ba01a6f800 Exception <a 'java/lang/IncompatibleClassChangeError'{0x000000008a8bbeb8}: Found class java.lang.Object, but interface was expected> (0x000000008a8bbeb8) thrown at [./src/hotspot/share/interpreter/linkResolver.cpp, line 839]
Event: 44.911 Thread 0x000001ba01a6f800 Exception <a 'java/lang/IncompatibleClassChangeError'{0x000000008a8c3320}: Found class java.lang.Object, but interface was expected> (0x000000008a8c3320) thrown at [./src/hotspot/share/interpreter/linkResolver.cpp, line 839]
Event: 44.936 Thread 0x000001ba01a6f800 Exception <a 'java/lang/NoSuchMethodError'{0x000000008a635470}: 'void java.lang.invoke.DirectMethodHandle$Holder.invokeSpecial(java.lang.Object, java.lang.Object, int, java.lang.Object)'> (0x000000008a635470) thrown at [./src/hotspot/share/interpreter/linkResolver.cpp, line 773]
Event: 44.972 Thread 0x000001ba01a6f800 Exception <a 'java/lang/NoSuchMethodError'{0x000000008a495fd8}: 'java.lang.Object java.lang.invoke.DirectMethodHandle$Holder.newInvokeSpecial(java.lang.Object, int)'> (0x000000008a495fd8) thrown at [./src/hotspot/share/interpreter/linkResolver.cpp, line 773]
Event: 45.001 Thread 0x000001ba01a6f800 Exception <a 'java/lang/NoSuchMethodError'{0x000000008a262908}: 'long java.lang.invoke.DirectMethodHandle$Holder.invokeStatic(java.lang.Object, java.lang.Object)'> (0x000000008a262908) thrown at [./src/hotspot/share/interpreter/linkResolver.cpp, line 773]
Event: 45.036 Thread 0x000001ba01a6f800 Exception <a 'java/lang/NoSuchMethodError'{0x000000008a00c950}: 'java.lang.Object java.lang.invoke.DirectMethodHandle$Holder.invokeSpecial(java.lang.Object, java.lang.Object, java.lang.Object, java.lang.Object, java.lang.Object, java.lang.Object, java.lang.Object, java.lang.Object, java.lang.Object, java.lang.Object, java.lang.Object)'> (0x000000008a00c950) thrown at [./src/hotspot/share/interpreter/linkResolver.cpp, line 773]
Event: 45.038 Thread 0x000001ba01a6f800 Exception <a 'java/lang/NoSuchMethodError'{0x000000008a017d40}: 'java.lang.Object java.lang.invoke.Invokers$Holder.linkToTargetMethod(java.lang.Object, java.lang.Object, java.lang.Object, java.lang.Object, java.lang.Object, java.lang.Object, java.lang.Object, java.lang.Object, java.lang.Object, java.lang.Object)'> (0x000000008a017d40) thrown at [./src/hotspot/share/interpreter/linkResolver.cpp, line 773]
Event: 45.043 Thread 0x000001ba01a6f800 Exception <a 'java/lang/IncompatibleClassChangeError'{0x000000008a074538}: Found class java.lang.Object, but interface was expected> (0x000000008a074538) thrown at [./src/hotspot/share/interpreter/linkResolver.cpp, line 839]
Event: 45.083 Thread 0x000001ba01a6f800 Exception <a 'java/lang/NoSuchMethodError'{0x0000000089ec7590}: 'java.lang.Object java.lang.invoke.Invokers$Holder.linkToTargetMethod(java.lang.Object, int, java.lang.Object, java.lang.Object, java.lang.Object, java.lang.Object)'> (0x0000000089ec7590) thrown at [./src/hotspot/share/interpreter/linkResolver.cpp, line 773]
Event: 45.084 Thread 0x000001ba01a6f800 Exception <a 'java/lang/NoSuchMethodError'{0x0000000089edb228}: 'java.lang.Object java.lang.invoke.Invokers$Holder.linkToTargetMethod(java.lang.Object, java.lang.Object, java.lang.Object, int, java.lang.Object, java.lang.Object, java.lang.Object)'> (0x0000000089edb228) thrown at [./src/hotspot/share/interpreter/linkResolver.cpp, line 773]
Event: 45.094 Thread 0x000001ba01a6f800 Exception <a 'java/lang/NoSuchMethodError'{0x0000000089d8ce98}: 'void java.lang.invoke.DirectMethodHandle$Holder.invokeStatic(java.lang.Object, java.lang.Object, java.lang.Object, java.lang.Object, java.lang.Object, java.lang.Object, java.lang.Object, java.lang.Object)'> (0x0000000089d8ce98) thrown at [./src/hotspot/share/interpreter/linkResolver.cpp, line 773]
Event: 45.131 Thread 0x000001ba01a6f800 Exception <a 'java/lang/IncompatibleClassChangeError'{0x0000000089b7f3c8}: Found class java.lang.Object, but interface was expected> (0x0000000089b7f3c8) thrown at [./src/hotspot/share/interpreter/linkResolver.cpp, line 839]
Event: 45.146 Thread 0x000001ba01a6f800 Exception <a 'java/lang/NoSuchMethodError'{0x0000000089a6f530}: 'void java.lang.invoke.DirectMethodHandle$Holder.invokeSpecial(java.lang.Object, java.lang.Object, int)'> (0x0000000089a6f530) thrown at [./src/hotspot/share/interpreter/linkResolver.cpp, line 773]
Event: 45.157 Thread 0x000001ba01a6f800 Exception <a 'sun/nio/fs/WindowsException'{0x0000000089af6678}> (0x0000000089af6678) thrown at [./src/hotspot/share/prims/jni.cpp, line 615]
Event: 45.858 Thread 0x000001ba01a73000 Exception <a 'sun/nio/fs/WindowsException'{0x000000008b095508}> (0x000000008b095508) thrown at [./src/hotspot/share/prims/jni.cpp, line 615]
Event: 46.273 Thread 0x000001ba01a73000 Implicit null exception at 0x000001ba6c3d801c to 0x000001ba6c3d8b68

Events (20 events):
Event: 46.485 loading class com/android/tools/r8/internal/cH done
Event: 46.487 Executing VM operation: CGC_Operation
Event: 46.509 Executing VM operation: CGC_Operation done
Event: 46.533 loading class com/android/tools/r8/graph/m0
Event: 46.533 loading class com/android/tools/r8/graph/m0 done
Event: 46.611 Executing VM operation: G1CollectForAllocation
Event: 46.620 Executing VM operation: G1CollectForAllocation done
Event: 46.646 Executing VM operation: CGC_Operation
Event: 46.647 Executing VM operation: CGC_Operation done
Event: 46.664 Executing VM operation: G1CollectForAllocation
Event: 46.672 Executing VM operation: G1CollectForAllocation done
Event: 46.706 Executing VM operation: G1CollectForAllocation
Event: 46.713 Executing VM operation: G1CollectForAllocation done
Event: 46.758 Executing VM operation: G1CollectForAllocation
Event: 46.767 Executing VM operation: G1CollectForAllocation done
Event: 46.821 Executing VM operation: G1CollectForAllocation
Event: 46.829 Executing VM operation: G1CollectForAllocation done
Event: 46.929 loading class com/android/tools/r8/graph/g1
Event: 46.929 loading class com/android/tools/r8/graph/g1 done
Event: 46.929 Executing VM operation: G1CollectForAllocation


Dynamic libraries:
0x00007ff677eb0000 - 0x00007ff677eba000 	C:\Program Files\Android\Android Studio\jre\bin\java.exe
0x00007ff9aa120000 - 0x00007ff9aa329000 	C:\WINDOWS\SYSTEM32\ntdll.dll
0x00007ff9a9270000 - 0x00007ff9a932d000 	C:\WINDOWS\System32\KERNEL32.DLL
0x00007ff9a7c30000 - 0x00007ff9a7fad000 	C:\WINDOWS\System32\KERNELBASE.dll
0x00007ff9a7880000 - 0x00007ff9a7991000 	C:\WINDOWS\System32\ucrtbase.dll
0x00007ff98a7a0000 - 0x00007ff98a7b7000 	C:\Program Files\Android\Android Studio\jre\bin\VCRUNTIME140.dll
0x00007ff9888d0000 - 0x00007ff9888e9000 	C:\Program Files\Android\Android Studio\jre\bin\jli.dll
0x00007ff9a9ce0000 - 0x00007ff9a9e8d000 	C:\WINDOWS\System32\USER32.dll
0x00007ff992540000 - 0x00007ff9927e5000 	C:\WINDOWS\WinSxS\amd64_microsoft.windows.common-controls_6595b64144ccf1df_6.0.22000.120_none_9d947278b86cc467\COMCTL32.dll
0x00007ff9a7850000 - 0x00007ff9a7876000 	C:\WINDOWS\System32\win32u.dll
0x00007ff9a91c0000 - 0x00007ff9a9263000 	C:\WINDOWS\System32\msvcrt.dll
0x00007ff9a9f80000 - 0x00007ff9a9fa9000 	C:\WINDOWS\System32\GDI32.dll
0x00007ff9a7b10000 - 0x00007ff9a7c28000 	C:\WINDOWS\System32\gdi32full.dll
0x00007ff9a77b0000 - 0x00007ff9a784d000 	C:\WINDOWS\System32\msvcp_win.dll
0x00007ff9a8290000 - 0x00007ff9a82c1000 	C:\WINDOWS\System32\IMM32.DLL
0x00007ff972590000 - 0x00007ff97262d000 	C:\Program Files\Android\Android Studio\jre\bin\msvcp140.dll
0x00007ff9422c0000 - 0x00007ff942da5000 	C:\Program Files\Android\Android Studio\jre\bin\server\jvm.dll
0x00007ff9a8040000 - 0x00007ff9a80ee000 	C:\WINDOWS\System32\ADVAPI32.dll
0x00007ff9a8480000 - 0x00007ff9a851e000 	C:\WINDOWS\System32\sechost.dll
0x00007ff9a9bc0000 - 0x00007ff9a9ce0000 	C:\WINDOWS\System32\RPCRT4.dll
0x00007ff9a9330000 - 0x00007ff9a9338000 	C:\WINDOWS\System32\PSAPI.DLL
0x00007ff944bf0000 - 0x00007ff944bf9000 	C:\WINDOWS\SYSTEM32\WSOCK32.dll
0x00007ff9a9fb0000 - 0x00007ff9aa01f000 	C:\WINDOWS\System32\WS2_32.dll
0x00007ff994900000 - 0x00007ff994933000 	C:\WINDOWS\SYSTEM32\WINMM.dll
0x00007ff9a2d40000 - 0x00007ff9a2d4a000 	C:\WINDOWS\SYSTEM32\VERSION.dll
0x00007ff9a6700000 - 0x00007ff9a6718000 	C:\WINDOWS\SYSTEM32\kernel.appcore.dll
0x00007ff984580000 - 0x00007ff984591000 	C:\Program Files\Android\Android Studio\jre\bin\verify.dll
0x00007ff9953f0000 - 0x00007ff995611000 	C:\WINDOWS\SYSTEM32\DBGHELP.DLL
0x00007ff994950000 - 0x00007ff994981000 	C:\WINDOWS\SYSTEM32\dbgcore.DLL
0x00007ff9a76c0000 - 0x00007ff9a773f000 	C:\WINDOWS\System32\bcryptPrimitives.dll
0x00007ff971950000 - 0x00007ff971979000 	C:\Program Files\Android\Android Studio\jre\bin\java.dll
0x00007ff984570000 - 0x00007ff98457b000 	C:\Program Files\Android\Android Studio\jre\bin\jimage.dll
0x00007ff971930000 - 0x00007ff971948000 	C:\Program Files\Android\Android Studio\jre\bin\zip.dll
0x00007ff9a9340000 - 0x00007ff9a9af8000 	C:\WINDOWS\System32\SHELL32.dll
0x00007ff9a5770000 - 0x00007ff9a5fd8000 	C:\WINDOWS\SYSTEM32\windows.storage.dll
0x00007ff9a86e0000 - 0x00007ff9a8a59000 	C:\WINDOWS\System32\combase.dll
0x00007ff9a5600000 - 0x00007ff9a5766000 	C:\WINDOWS\SYSTEM32\wintypes.dll
0x00007ff9a8ed0000 - 0x00007ff9a8fba000 	C:\WINDOWS\System32\SHCORE.dll
0x00007ff9a7fd0000 - 0x00007ff9a802d000 	C:\WINDOWS\System32\shlwapi.dll
0x00007ff9a7530000 - 0x00007ff9a7551000 	C:\WINDOWS\SYSTEM32\profapi.dll
0x00007ff967f60000 - 0x00007ff967f7a000 	C:\Program Files\Android\Android Studio\jre\bin\net.dll
0x00007ff9a2760000 - 0x00007ff9a286c000 	C:\WINDOWS\SYSTEM32\WINHTTP.dll
0x00007ff9a6b30000 - 0x00007ff9a6b97000 	C:\WINDOWS\system32\mswsock.dll
0x00007ff967f40000 - 0x00007ff967f54000 	C:\Program Files\Android\Android Studio\jre\bin\nio.dll
0x00007ff9883e0000 - 0x00007ff988407000 	C:\Users\Dell\.gradle\native\e1d6ef7f7dcc3fd88c89a11ec53ec762bb8ba0a96d01ffa2cd45eb1d1d8dd5c5\windows-amd64\native-platform.dll
0x00007ff9701e0000 - 0x00007ff970324000 	C:\Users\Dell\.gradle\native\5664cfc778a61ccfe75a443a1ab52a65af34e5dc3c78e0209fed803814484fcb\windows-amd64\native-platform-file-events.dll
0x00007ff984560000 - 0x00007ff98456a000 	C:\Program Files\Android\Android Studio\jre\bin\management.dll
0x00007ff97f8b0000 - 0x00007ff97f8bd000 	C:\Program Files\Android\Android Studio\jre\bin\management_ext.dll
0x00007ff9a6d70000 - 0x00007ff9a6d88000 	C:\WINDOWS\SYSTEM32\CRYPTSP.dll
0x00007ff9a6660000 - 0x00007ff9a6695000 	C:\WINDOWS\system32\rsaenh.dll
0x00007ff9a6c20000 - 0x00007ff9a6c49000 	C:\WINDOWS\SYSTEM32\USERENV.dll
0x00007ff9a6ef0000 - 0x00007ff9a6f17000 	C:\WINDOWS\SYSTEM32\bcrypt.dll
0x00007ff9a6d90000 - 0x00007ff9a6d9c000 	C:\WINDOWS\SYSTEM32\CRYPTBASE.dll
0x00007ff9a6230000 - 0x00007ff9a625d000 	C:\WINDOWS\SYSTEM32\IPHLPAPI.DLL
0x00007ff9a8030000 - 0x00007ff9a8039000 	C:\WINDOWS\System32\NSI.dll
0x00007ff9a2740000 - 0x00007ff9a2759000 	C:\WINDOWS\SYSTEM32\dhcpcsvc6.DLL
0x00007ff9a2c00000 - 0x00007ff9a2c1e000 	C:\WINDOWS\SYSTEM32\dhcpcsvc.DLL
0x00007ff9a6260000 - 0x00007ff9a6348000 	C:\WINDOWS\SYSTEM32\DNSAPI.dll
0x00007ff9a3ed0000 - 0x00007ff9a3ed8000 	C:\Program Files\Android\Android Studio\jre\bin\rmi.dll
0x00007ff9a0380000 - 0x00007ff9a0397000 	C:\WINDOWS\system32\napinsp.dll
0x00007ff9a0690000 - 0x00007ff9a06ab000 	C:\WINDOWS\system32\pnrpnsp.dll
0x00007ff9a0710000 - 0x00007ff9a0722000 	C:\WINDOWS\System32\winrnr.dll
0x00007ff9a0740000 - 0x00007ff9a0755000 	C:\WINDOWS\system32\wshbth.dll
0x00007ff9a0950000 - 0x00007ff9a096f000 	C:\WINDOWS\system32\nlansp_c.dll
0x00007ff9a0730000 - 0x00007ff9a073a000 	C:\Windows\System32\rasadhlp.dll
0x00007ff9a0990000 - 0x00007ff9a0a11000 	C:\WINDOWS\System32\fwpuclnt.dll

dbghelp: loaded successfully - version: 4.0.5 - missing functions: none
symbol engine: initialized successfully - sym options: 0x614 - pdb path: .;C:\Program Files\Android\Android Studio\jre\bin;C:\WINDOWS\SYSTEM32;C:\WINDOWS\WinSxS\amd64_microsoft.windows.common-controls_6595b64144ccf1df_6.0.22000.120_none_9d947278b86cc467;C:\Program Files\Android\Android Studio\jre\bin\server;C:\Users\Dell\.gradle\native\e1d6ef7f7dcc3fd88c89a11ec53ec762bb8ba0a96d01ffa2cd45eb1d1d8dd5c5\windows-amd64;C:\Users\Dell\.gradle\native\5664cfc778a61ccfe75a443a1ab52a65af34e5dc3c78e0209fed803814484fcb\windows-amd64

VM Arguments:
jvm_args: --add-opens=java.base/java.util=ALL-UNNAMED --add-opens=java.base/java.lang=ALL-UNNAMED --add-opens=java.base/java.lang.invoke=ALL-UNNAMED --add-opens=java.base/java.util=ALL-UNNAMED --add-opens=java.prefs/java.util.prefs=ALL-UNNAMED --add-opens=java.prefs/java.util.prefs=ALL-UNNAMED --add-opens=java.base/java.nio.charset=ALL-UNNAMED --add-opens=java.base/java.net=ALL-UNNAMED --add-opens=java.base/java.util.concurrent.atomic=ALL-UNNAMED -Xmx2048m -Dfile.encoding=UTF-8 -Duser.country=US -Duser.language=en -Duser.variant 
java_command: org.gradle.launcher.daemon.bootstrap.GradleDaemon 7.3.3
java_class_path (initial): C:\Users\Dell\.gradle\wrapper\dists\gradle-7.3.3-bin\6a41zxkdtcxs8rphpq6y0069z\gradle-7.3.3\lib\gradle-launcher-7.3.3.jar
Launcher Type: SUN_STANDARD

[Global flags]
     intx CICompilerCount                          = 3                                         {product} {ergonomic}
     uint ConcGCThreads                            = 1                                         {product} {ergonomic}
     uint G1ConcRefinementThreads                  = 4                                         {product} {ergonomic}
   size_t G1HeapRegionSize                         = 1048576                                   {product} {ergonomic}
    uintx GCDrainStackTargetSize                   = 64                                        {product} {ergonomic}
   size_t InitialHeapSize                          = 65011712                                  {product} {ergonomic}
   size_t MarkStackSize                            = 4194304                                   {product} {ergonomic}
   size_t MaxHeapSize                              = 2147483648                                {product} {command line}
   size_t MaxNewSize                               = 1287651328                                {product} {ergonomic}
   size_t MinHeapDeltaBytes                        = 1048576                                   {product} {ergonomic}
    uintx NonNMethodCodeHeapSize                   = 5830732                                {pd product} {ergonomic}
    uintx NonProfiledCodeHeapSize                  = 122913754                              {pd product} {ergonomic}
    uintx ProfiledCodeHeapSize                     = 122913754                              {pd product} {ergonomic}
    uintx ReservedCodeCacheSize                    = 251658240                              {pd product} {ergonomic}
     bool SegmentedCodeCache                       = true                                      {product} {ergonomic}
     bool UseCompressedClassPointers               = true                                 {lp64_product} {ergonomic}
     bool UseCompressedOops                        = true                                 {lp64_product} {ergonomic}
     bool UseG1GC                                  = true                                      {product} {ergonomic}
     bool UseLargePagesIndividualAllocation        = false                                  {pd product} {ergonomic}

Logging:
Log output configuration:
 #0: stdout all=warning uptime,level,tags
 #1: stderr all=off uptime,level,tags

Environment Variables:
PATH=C:\Program Files (x86)\NVIDIA Corporation\PhysX\Common;C:\Program Files (x86)\Common Files\Oracle\Java\javapath;C:\WINDOWS\system32;C:\WINDOWS;C:\WINDOWS\System32\Wbem;C:\WINDOWS\System32\WindowsPowerShell\v1.0\;C:\WINDOWS\System32\OpenSSH\;C:\Program Files\dotnet\;C:\Program Files\Microsoft VS Code\bin;C:\Program Files\MySQL\MySQL Shell 8.0\bin\;C:\Users\Dell\AppData\Local\Microsoft\WindowsApps;
USERNAME=Dell
OS=Windows_NT
PROCESSOR_IDENTIFIER=Intel64 Family 6 Model 158 Stepping 11, GenuineIntel



---------------  S Y S T E M  ---------------

OS: Windows 10 , 64 bit Build 22000 (10.0.22000.708)
OS uptime: 0 days 1:19 hours

CPU:total 4 (initial active 4) (4 cores per cpu, 1 threads per core) family 6 model 158 stepping 11 microcode 0xf0, cmov, cx8, fxsr, mmx, sse, sse2, sse3, ssse3, sse4.1, sse4.2, popcnt, avx, avx2, aes, clmul, erms, 3dnowpref, lzcnt, tsc, tscinvbit, bmi1, bmi2, adx, fma

Memory: 4k page, system-wide physical 3906M (333M free)
TotalPageFile size 8002M (AvailPageFile size 171M)
current process WorkingSet (physical memory assigned to process): 475M, peak: 481M
current process commit charge ("private bytes"): 549M, peak: 702M

vm_info: OpenJDK 64-Bit Server VM (11.0.12+7-b1504.28-7817840) for windows-amd64 JRE (11.0.12+7-b1504.28-7817840), built on Oct 13 2021 22:12:33 by "builder" with MS VC++ 14.0 (VS2015)

END.
