#
# There is insufficient memory for the Java Runtime Environment to continue.
# Native memory allocation (malloc) failed to allocate 160088 bytes for AllocateHeap
# Possible reasons:
#   The system is out of physical RAM or swap space
#   The process is running with CompressedOops enabled, and the Java Heap may be blocking the growth of the native heap
# Possible solutions:
#   Reduce memory load on the system
#   Increase physical memory or swap space
#   Check if swap backing store is full
#   Decrease Java heap size (-Xmx/-Xms)
#   Decrease number of Java threads
#   Decrease Java thread stack sizes (-Xss)
#   Set larger code cache with -XX:ReservedCodeCacheSize=
#   JVM is running with Unscaled Compressed Oops mode in which the Java heap is
#     placed in the first 4GB address space. The Java Heap base address is the
#     maximum limit for the native heap growth. Please use -XX:HeapBaseMinAddress
#     to set the Java Heap base and to place the Java Heap above 4GB virtual address.
# This output file may be truncated or incomplete.
#
#  Out of Memory Error (./src/hotspot/share/memory/allocation.cpp:46), pid=9792, tid=8216
#
# JRE version:  (11.0.12+7) (build )
# Java VM: OpenJDK 64-Bit Server VM (11.0.12+7-b1504.28-7817840, mixed mode, tiered, compressed oops, g1 gc, windows-amd64)
# No core dump will be written. Minidumps are not enabled by default on client versions of Windows
#

---------------  S U M M A R Y ------------

Command Line: org.jetbrains.kotlin.cli.jvm.K2JVMCompiler @C:\Users\Dell\Viwall\app\build\20220823_13741535564055960899.compiler.options

Host: Intel(R) Core(TM) i3-8100 CPU @ 3.60GHz, 4 cores, 3G,  Windows 10 , 64 bit Build 22000 (10.0.22000.708)
Time: Tue Aug 23 12:31:35 2022 India Standard Time elapsed time: 0.010962 seconds (0d 0h 0m 0s)

---------------  T H R E A D  ---------------

Current thread (0x00000215fa3ed000):  JavaThread "Unknown thread" [_thread_in_vm, id=8216, stack(0x000000845e200000,0x000000845e300000)]

Stack: [0x000000845e200000,0x000000845e300000]
Native frames: (J=compiled Java code, j=interpreted, Vv=VM code, C=native code)
V  [jvm.dll+0x5fbcea]
V  [jvm.dll+0x731905]
V  [jvm.dll+0x732f1d]
V  [jvm.dll+0x7335d3]
V  [jvm.dll+0x247bf8]
V  [jvm.dll+0xb759a]
V  [jvm.dll+0x2b1f88]
V  [jvm.dll+0x5aa431]
V  [jvm.dll+0x711982]
V  [jvm.dll+0x360da9]
V  [jvm.dll+0x6f390e]
V  [jvm.dll+0x3c9723]
V  [jvm.dll+0x3cb9b1]
C  [jli.dll+0x536b]
C  [ucrtbase.dll+0x26c0c]
C  [KERNEL32.DLL+0x154e0]
C  [ntdll.dll+0x485b]


---------------  P R O C E S S  ---------------

Threads class SMR info:
_java_thread_list=0x00000215f81b3360, length=0, elements={
}

Java Threads: ( => current thread )

Other Threads:
  0x00000215fa405800 GCTaskThread "GC Thread#0" [stack: 0x000000845e300000,0x000000845e400000] [id=288]
  0x00000215fa420000 ConcurrentGCThread "G1 Main Marker" [stack: 0x000000845e400000,0x000000845e500000] [id=9156]
  0x00000215fa422000 ConcurrentGCThread "G1 Conc#0" [stack: 0x000000845e500000,0x000000845e600000] [id=9120]
  0x00000215fa46e800 ConcurrentGCThread "G1 Refine#0" [stack: 0x000000845e600000,0x000000845e700000] [id=6356]
  0x00000215fa471800 ConcurrentGCThread "G1 Young RemSet Sampling" [stack: 0x000000845e700000,0x000000845e800000] [id=7124]

=>0x00000215fa3ed000 (exited) JavaThread "Unknown thread" [_thread_in_vm, id=8216, stack(0x000000845e200000,0x000000845e300000)]

Threads with active compile tasks:

VM state:not at safepoint (not fully initialized)

VM Mutex/Monitor currently owned by a thread: None

Heap address: 0x00000000c2e00000, size: 978 MB, Compressed Oops mode: 32-bit
Narrow klass base: 0x0000000000000000, Narrow klass shift: 3
Compressed class space size: 1073741824 Address: 0x0000000100000000

GC Heap History (0 events):
No events

Deoptimization events (0 events):
No events

Classes redefined (0 events):
No events

Internal exceptions (0 events):
No events

Events (1 events):
Event: 0.005 Loaded shared library C:\Program Files\Android\Android Studio\jre\bin\zip.dll


Dynamic libraries:
0x00007ff749290000 - 0x00007ff74929a000 	C:\Program Files\Android\Android Studio\jre\bin\java.exe
0x00007ffb93580000 - 0x00007ffb93789000 	C:\WINDOWS\SYSTEM32\ntdll.dll
0x00007ffb91d80000 - 0x00007ffb91e3d000 	C:\WINDOWS\System32\KERNEL32.DLL
0x00007ffb90b80000 - 0x00007ffb90efd000 	C:\WINDOWS\System32\KERNELBASE.dll
0x00007ffb910d0000 - 0x00007ffb911e1000 	C:\WINDOWS\System32\ucrtbase.dll
0x00007ffb41290000 - 0x00007ffb412a7000 	C:\Program Files\Android\Android Studio\jre\bin\VCRUNTIME140.dll
0x00007ffb81aa0000 - 0x00007ffb81ab9000 	C:\Program Files\Android\Android Studio\jre\bin\jli.dll
0x00007ffb92ca0000 - 0x00007ffb92e4d000 	C:\WINDOWS\System32\USER32.dll
0x00007ffb7c950000 - 0x00007ffb7cbf5000 	C:\WINDOWS\WinSxS\amd64_microsoft.windows.common-controls_6595b64144ccf1df_6.0.22000.120_none_9d947278b86cc467\COMCTL32.dll
0x00007ffb911f0000 - 0x00007ffb91216000 	C:\WINDOWS\System32\win32u.dll
0x00007ffb91c10000 - 0x00007ffb91cb3000 	C:\WINDOWS\System32\msvcrt.dll
0x00007ffb92f40000 - 0x00007ffb92f69000 	C:\WINDOWS\System32\GDI32.dll
0x00007ffb90a60000 - 0x00007ffb90b78000 	C:\WINDOWS\System32\gdi32full.dll
0x00007ffb90f00000 - 0x00007ffb90f9d000 	C:\WINDOWS\System32\msvcp_win.dll
0x00007ffb93500000 - 0x00007ffb93531000 	C:\WINDOWS\System32\IMM32.DLL
0x00007ffb411f0000 - 0x00007ffb4128d000 	C:\Program Files\Android\Android Studio\jre\bin\msvcp140.dll
0x00007ffb422e0000 - 0x00007ffb42dc5000 	C:\Program Files\Android\Android Studio\jre\bin\server\jvm.dll
0x00007ffb92180000 - 0x00007ffb9222e000 	C:\WINDOWS\System32\ADVAPI32.dll
0x00007ffb92080000 - 0x00007ffb9211e000 	C:\WINDOWS\System32\sechost.dll
0x00007ffb933e0000 - 0x00007ffb93500000 	C:\WINDOWS\System32\RPCRT4.dll
0x00007ffb915d0000 - 0x00007ffb915d8000 	C:\WINDOWS\System32\PSAPI.DLL
0x00007ffb7db10000 - 0x00007ffb7db19000 	C:\WINDOWS\SYSTEM32\WSOCK32.dll
0x00007ffb8e5a0000 - 0x00007ffb8e5aa000 	C:\WINDOWS\SYSTEM32\VERSION.dll
0x00007ffb91e50000 - 0x00007ffb91ebf000 	C:\WINDOWS\System32\WS2_32.dll
0x00007ffb7def0000 - 0x00007ffb7df23000 	C:\WINDOWS\SYSTEM32\WINMM.dll
0x00007ffb8fb60000 - 0x00007ffb8fb78000 	C:\WINDOWS\SYSTEM32\kernel.appcore.dll
0x00007ffb4bc30000 - 0x00007ffb4bc41000 	C:\Program Files\Android\Android Studio\jre\bin\verify.dll
0x00007ffb7f7f0000 - 0x00007ffb7fa11000 	C:\WINDOWS\SYSTEM32\DBGHELP.DLL
0x00007ffb7e790000 - 0x00007ffb7e7c1000 	C:\WINDOWS\SYSTEM32\dbgcore.DLL
0x00007ffb91220000 - 0x00007ffb9129f000 	C:\WINDOWS\System32\bcryptPrimitives.dll
0x00007ffb46d90000 - 0x00007ffb46db9000 	C:\Program Files\Android\Android Studio\jre\bin\java.dll
0x00007ffb72690000 - 0x00007ffb7269b000 	C:\Program Files\Android\Android Studio\jre\bin\jimage.dll
0x00007ffb4bc10000 - 0x00007ffb4bc28000 	C:\Program Files\Android\Android Studio\jre\bin\zip.dll

dbghelp: loaded successfully - version: 4.0.5 - missing functions: none
symbol engine: initialized successfully - sym options: 0x614 - pdb path: .;C:\Program Files\Android\Android Studio\jre\bin;C:\WINDOWS\SYSTEM32;C:\WINDOWS\WinSxS\amd64_microsoft.windows.common-controls_6595b64144ccf1df_6.0.22000.120_none_9d947278b86cc467;C:\Program Files\Android\Android Studio\jre\bin\server

VM Arguments:
java_command: org.jetbrains.kotlin.cli.jvm.K2JVMCompiler @C:\Users\Dell\Viwall\app\build\20220823_13741535564055960899.compiler.options
java_class_path (initial): C:\Users\Dell\.gradle\caches\modules-2\files-2.1\org.jetbrains.kotlin\kotlin-compiler-embeddable\1.6.10\88f2073f4020cdb83132cfe940ceb9a60aba54ea\kotlin-compiler-embeddable-1.6.10.jar;C:\Users\Dell\.gradle\caches\modules-2\files-2.1\org.jetbrains.kotlin\kotlin-reflect\1.6.10\1cbe9c92c12a94eea200d23c2bbaedaf3daf5132\kotlin-reflect-1.6.10.jar;C:\Users\Dell\.gradle\caches\modules-2\files-2.1\org.jetbrains.kotlin\kotlin-stdlib\1.6.10\b8af3fe6f1ca88526914929add63cf5e7c5049af\kotlin-stdlib-1.6.10.jar;C:\Users\Dell\.gradle\caches\modules-2\files-2.1\org.jetbrains.kotlin\kotlin-script-runtime\1.6.10\d0a7ff2e2500ef497ed0214ae40ad3c8387a6164\kotlin-script-runtime-1.6.10.jar;C:\Users\Dell\.gradle\caches\modules-2\files-2.1\org.jetbrains.kotlin\kotlin-daemon-embeddable\1.6.10\a56d79bcbea411fa6058e4ecffc2de73e742bd2a\kotlin-daemon-embeddable-1.6.10.jar;C:\Users\Dell\.gradle\caches\modules-2\files-2.1\org.jetbrains.intellij.deps\trove4j\1.0.20181211\216c2e14b070f334479d800987affe4054cd563f\trove4j-1.0.20181211.jar;C:\Users\Dell\.gradle\caches\modules-2\files-2.1\net.java.dev.jna\jna\5.6.0\330f2244e9030119ab3030fc3fededc86713d9cc\jna-5.6.0.jar;C:\Users\Dell\.gradle\caches\modules-2\files-2.1\org.jetbrains\annotations\13.0\919f0dfe192fb4e063e7dacadee7f8bb9a2672a9\annotations-13.0.jar;C:\Users\Dell\.gradle\caches\modules-2\files-2.1\org.jetbrains.kotlin\kotlin-stdlib-common\1.6.10\c118700e3a33c8a0d9adc920e9dec0831171925\kotlin-stdlib-common-1.6.10.jar
Launcher Type: SUN_STANDARD

[Global flags]
     intx CICompilerCount                          = 3                                         {product} {ergonomic}
     uint ConcGCThreads                            = 1                                         {product} {ergonomic}
     uint G1ConcRefinementThreads                  = 4                                         {product} {ergonomic}
   size_t G1HeapRegionSize                         = 1048576                                   {product} {ergonomic}
    uintx GCDrainStackTargetSize                   = 64                                        {product} {ergonomic}
   size_t InitialHeapSize                          = 65011712                                  {product} {ergonomic}
   size_t MarkStackSize                            = 4194304                                   {product} {ergonomic}
   size_t MaxHeapSize                              = 1025507328                                {product} {ergonomic}
   size_t MaxNewSize                               = 614465536                                 {product} {ergonomic}
   size_t MinHeapDeltaBytes                        = 1048576                                   {product} {ergonomic}
    uintx NonNMethodCodeHeapSize                   = 5830732                                {pd product} {ergonomic}
    uintx NonProfiledCodeHeapSize                  = 122913754                              {pd product} {ergonomic}
    uintx ProfiledCodeHeapSize                     = 122913754                              {pd product} {ergonomic}
    uintx ReservedCodeCacheSize                    = 251658240                              {pd product} {ergonomic}
     bool SegmentedCodeCache                       = true                                      {product} {ergonomic}
     bool UseCompressedClassPointers               = true                                 {lp64_product} {ergonomic}
     bool UseCompressedOops                        = true                                 {lp64_product} {ergonomic}
     bool UseG1GC                                  = true                                      {product} {ergonomic}
     bool UseLargePagesIndividualAllocation        = false                                  {pd product} {ergonomic}

Logging:
Log output configuration:
 #0: stdout all=warning uptime,level,tags
 #1: stderr all=off uptime,level,tags

Environment Variables:
PATH=C:\Program Files (x86)\NVIDIA Corporation\PhysX\Common;C:\Program Files (x86)\Common Files\Oracle\Java\javapath;C:\WINDOWS\system32;C:\WINDOWS;C:\WINDOWS\System32\Wbem;C:\WINDOWS\System32\WindowsPowerShell\v1.0\;C:\WINDOWS\System32\OpenSSH\;C:\Program Files\dotnet\;C:\Program Files\Microsoft VS Code\bin;C:\Program Files\MySQL\MySQL Shell 8.0\bin\;C:\Users\Dell\AppData\Local\Microsoft\WindowsApps;
USERNAME=Dell
OS=Windows_NT
PROCESSOR_IDENTIFIER=Intel64 Family 6 Model 158 Stepping 11, GenuineIntel



---------------  S Y S T E M  ---------------

OS: Windows 10 , 64 bit Build 22000 (10.0.22000.708)
OS uptime: 0 days 0:38 hours

CPU:total 4 (initial active 4) (4 cores per cpu, 1 threads per core) family 6 model 158 stepping 11 microcode 0xf0, cmov, cx8, fxsr, mmx, sse, sse2, sse3, ssse3, sse4.1, sse4.2, popcnt, avx, avx2, aes, clmul, erms, 3dnowpref, lzcnt, tsc, tscinvbit, bmi1, bmi2, adx, fma

Memory: 4k page, system-wide physical 3906M (303M free)
TotalPageFile size 8002M (AvailPageFile size 3M)
current process WorkingSet (physical memory assigned to process): 12M, peak: 12M
current process commit charge ("private bytes"): 116M, peak: 116M

vm_info: OpenJDK 64-Bit Server VM (11.0.12+7-b1504.28-7817840) for windows-amd64 JRE (11.0.12+7-b1504.28-7817840), built on Oct 13 2021 22:12:33 by "builder" with MS VC++ 14.0 (VS2015)

END.
