#
# There is insufficient memory for the Java Runtime Environment to continue.
# Native memory allocation (malloc) failed to allocate 1209456 bytes for Chunk::new
# Possible reasons:
#   The system is out of physical RAM or swap space
#   The process is running with CompressedOops enabled, and the Java Heap may be blocking the growth of the native heap
# Possible solutions:
#   Reduce memory load on the system
#   Increase physical memory or swap space
#   Check if swap backing store is full
#   Decrease Java heap size (-Xmx/-Xms)
#   Decrease number of Java threads
#   Decrease Java thread stack sizes (-Xss)
#   Set larger code cache with -XX:ReservedCodeCacheSize=
#   JVM is running with Unscaled Compressed Oops mode in which the Java heap is
#     placed in the first 4GB address space. The Java Heap base address is the
#     maximum limit for the native heap growth. Please use -XX:HeapBaseMinAddress
#     to set the Java Heap base and to place the Java Heap above 4GB virtual address.
# This output file may be truncated or incomplete.
#
#  Out of Memory Error (./src/hotspot/share/memory/arena.cpp:197), pid=10788, tid=7576
#
# JRE version: OpenJDK Runtime Environment (11.0.12+7) (build 11.0.12+7-b1504.28-7817840)
# Java VM: OpenJDK 64-Bit Server VM (11.0.12+7-b1504.28-7817840, mixed mode, tiered, compressed oops, g1 gc, windows-amd64)
# No core dump will be written. Minidumps are not enabled by default on client versions of Windows
#

---------------  S U M M A R Y ------------

Command Line: org.jetbrains.kotlin.cli.jvm.K2JVMCompiler @C:\Users\Dell\Viwall\app\build\20220823_480160155320379463.compiler.options

Host: Intel(R) Core(TM) i3-8100 CPU @ 3.60GHz, 4 cores, 3G,  Windows 10 , 64 bit Build 22000 (10.0.22000.708)
Time: Tue Aug 23 14:23:41 2022 India Standard Time elapsed time: 3.666777 seconds (0d 0h 0m 3s)

---------------  T H R E A D  ---------------

Current thread (0x0000022b1f1f1000):  JavaThread "C2 CompilerThread0" daemon [_thread_in_native, id=7576, stack(0x000000ea55600000,0x000000ea55700000)]


Current CompileTask:
C2:   3666 3647   !   4       org.jetbrains.kotlin.metadata.ProtoBuf$Function::<init> (1112 bytes)

Stack: [0x000000ea55600000,0x000000ea55700000]
Native frames: (J=compiled Java code, j=interpreted, Vv=VM code, C=native code)
V  [jvm.dll+0x5fbcea]
V  [jvm.dll+0x731905]
V  [jvm.dll+0x732f1d]
V  [jvm.dll+0x7335d3]
V  [jvm.dll+0x247bf8]
V  [jvm.dll+0xc018c]
V  [jvm.dll+0xc06cc]
V  [jvm.dll+0x35b31d]
V  [jvm.dll+0x19d0bc]
V  [jvm.dll+0x20070e]
V  [jvm.dll+0x1ff794]
V  [jvm.dll+0x18868c]
V  [jvm.dll+0x20e0d7]
V  [jvm.dll+0x20c901]
V  [jvm.dll+0x6f9b7f]
V  [jvm.dll+0x6f26a5]
V  [jvm.dll+0x5fabf6]
C  [ucrtbase.dll+0x26c0c]
C  [KERNEL32.DLL+0x154e0]
C  [ntdll.dll+0x485b]


---------------  P R O C E S S  ---------------

Threads class SMR info:
_java_thread_list=0x0000022b1fd79620, length=10, elements={
0x0000022b0759d800, 0x0000022b1f1a4800, 0x0000022b1f1c8800, 0x0000022b1f1ea000,
0x0000022b1f1eb000, 0x0000022b1f1ee800, 0x0000022b1f1f1000, 0x0000022b1f1f2000,
0x0000022b1f237000, 0x0000022b1f4b4000
}

Java Threads: ( => current thread )
  0x0000022b0759d800 JavaThread "main" [_thread_in_Java, id=3048, stack(0x000000ea54a00000,0x000000ea54b00000)]
  0x0000022b1f1a4800 JavaThread "Reference Handler" daemon [_thread_blocked, id=7876, stack(0x000000ea55100000,0x000000ea55200000)]
  0x0000022b1f1c8800 JavaThread "Finalizer" daemon [_thread_blocked, id=7908, stack(0x000000ea55200000,0x000000ea55300000)]
  0x0000022b1f1ea000 JavaThread "Signal Dispatcher" daemon [_thread_blocked, id=9988, stack(0x000000ea55300000,0x000000ea55400000)]
  0x0000022b1f1eb000 JavaThread "Attach Listener" daemon [_thread_blocked, id=5164, stack(0x000000ea55400000,0x000000ea55500000)]
  0x0000022b1f1ee800 JavaThread "Service Thread" daemon [_thread_blocked, id=2200, stack(0x000000ea55500000,0x000000ea55600000)]
=>0x0000022b1f1f1000 JavaThread "C2 CompilerThread0" daemon [_thread_in_native, id=7576, stack(0x000000ea55600000,0x000000ea55700000)]
  0x0000022b1f1f2000 JavaThread "C1 CompilerThread0" daemon [_thread_in_native, id=6956, stack(0x000000ea55700000,0x000000ea55800000)]
  0x0000022b1f237000 JavaThread "Sweeper thread" daemon [_thread_blocked, id=5620, stack(0x000000ea55800000,0x000000ea55900000)]
  0x0000022b1f4b4000 JavaThread "Common-Cleaner" daemon [_thread_blocked, id=1376, stack(0x000000ea55a00000,0x000000ea55b00000)]

Other Threads:
  0x0000022b1f1a1800 VMThread "VM Thread" [stack: 0x000000ea55000000,0x000000ea55100000] [id=9272]
  0x0000022b1f49b000 WatcherThread [stack: 0x000000ea55900000,0x000000ea55a00000] [id=148]
  0x0000022b075b5000 GCTaskThread "GC Thread#0" [stack: 0x000000ea54b00000,0x000000ea54c00000] [id=1264]
  0x0000022b1f842000 GCTaskThread "GC Thread#1" [stack: 0x000000ea55c00000,0x000000ea55d00000] [id=9736]
  0x0000022b075ce800 ConcurrentGCThread "G1 Main Marker" [stack: 0x000000ea54c00000,0x000000ea54d00000] [id=8556]
  0x0000022b075d2000 ConcurrentGCThread "G1 Conc#0" [stack: 0x000000ea54d00000,0x000000ea54e00000] [id=9656]
  0x0000022b0761a000 ConcurrentGCThread "G1 Refine#0" [stack: 0x000000ea54e00000,0x000000ea54f00000] [id=1132]
  0x0000022b0761d000 ConcurrentGCThread "G1 Young RemSet Sampling" [stack: 0x000000ea54f00000,0x000000ea55000000] [id=7800]

Threads with active compile tasks:
C2 CompilerThread0   3681 3647   !   4       org.jetbrains.kotlin.metadata.ProtoBuf$Function::<init> (1112 bytes)
C1 CompilerThread0   3681 4365       2       org.jetbrains.kotlin.com.intellij.psi.impl.source.tree.CompositePsiElement::<init> (11 bytes)

VM state:not at safepoint (normal execution)

VM Mutex/Monitor currently owned by a thread: None

Heap address: 0x00000000c2e00000, size: 978 MB, Compressed Oops mode: 32-bit
Narrow klass base: 0x0000000000000000, Narrow klass shift: 3
Compressed class space size: 1073741824 Address: 0x0000000100000000

Heap:
 garbage-first heap   total 95232K, used 43450K [0x00000000c2e00000, 0x0000000100000000)
  region size 1024K, 13 young (13312K), 4 survivors (4096K)
 Metaspace       used 51372K, capacity 51969K, committed 52252K, reserved 1095680K
  class space    used 5977K, capacity 6226K, committed 6348K, reserved 1048576K
Heap Regions: E=young(eden), S=young(survivor), O=old, HS=humongous(starts), HC=humongous(continues), CS=collection set, F=free, A=archive, TAMS=top-at-mark-start (previous, next)
|   0|0x00000000c2e00000, 0x00000000c2f00000, 0x00000000c2f00000|100%|HS|  |TAMS 0x00000000c2f00000, 0x00000000c2e00000| Complete 
|   1|0x00000000c2f00000, 0x00000000c3000000, 0x00000000c3000000|100%|HC|  |TAMS 0x00000000c3000000, 0x00000000c2f00000| Complete 
|   2|0x00000000c3000000, 0x00000000c3100000, 0x00000000c3100000|100%|HC|  |TAMS 0x00000000c3100000, 0x00000000c3000000| Complete 
|   3|0x00000000c3100000, 0x00000000c3200000, 0x00000000c3200000|100%| O|  |TAMS 0x00000000c3200000, 0x00000000c3100000| Untracked 
|   4|0x00000000c3200000, 0x00000000c3300000, 0x00000000c3300000|100%| O|  |TAMS 0x00000000c3300000, 0x00000000c3200000| Untracked 
|   5|0x00000000c3300000, 0x00000000c3400000, 0x00000000c3400000|100%| O|  |TAMS 0x00000000c3400000, 0x00000000c3300000| Untracked 
|   6|0x00000000c3400000, 0x00000000c3500000, 0x00000000c3500000|100%| O|  |TAMS 0x00000000c3500000, 0x00000000c3400000| Untracked 
|   7|0x00000000c3500000, 0x00000000c3600000, 0x00000000c3600000|100%| O|  |TAMS 0x00000000c3600000, 0x00000000c3500000| Untracked 
|   8|0x00000000c3600000, 0x00000000c3700000, 0x00000000c3700000|100%| O|  |TAMS 0x00000000c3700000, 0x00000000c3600000| Untracked 
|   9|0x00000000c3700000, 0x00000000c3800000, 0x00000000c3800000|100%|HS|  |TAMS 0x00000000c3800000, 0x00000000c3700000| Complete 
|  10|0x00000000c3800000, 0x00000000c3900000, 0x00000000c3900000|100%|HC|  |TAMS 0x00000000c3900000, 0x00000000c3800000| Complete 
|  11|0x00000000c3900000, 0x00000000c3a00000, 0x00000000c3a00000|100%|HC|  |TAMS 0x00000000c3a00000, 0x00000000c3900000| Complete 
|  12|0x00000000c3a00000, 0x00000000c3b00000, 0x00000000c3b00000|100%|HS|  |TAMS 0x00000000c3b00000, 0x00000000c3a00000| Complete 
|  13|0x00000000c3b00000, 0x00000000c3c00000, 0x00000000c3c00000|100%|HC|  |TAMS 0x00000000c3c00000, 0x00000000c3b00000| Complete 
|  14|0x00000000c3c00000, 0x00000000c3d00000, 0x00000000c3d00000|100%| O|  |TAMS 0x00000000c3d00000, 0x00000000c3c00000| Untracked 
|  15|0x00000000c3d00000, 0x00000000c3e00000, 0x00000000c3e00000|100%| O|  |TAMS 0x00000000c3e00000, 0x00000000c3d00000| Untracked 
|  16|0x00000000c3e00000, 0x00000000c3f00000, 0x00000000c3f00000|100%| O|  |TAMS 0x00000000c3f00000, 0x00000000c3e00000| Untracked 
|  17|0x00000000c3f00000, 0x00000000c4000000, 0x00000000c4000000|100%| O|  |TAMS 0x00000000c4000000, 0x00000000c3f00000| Untracked 
|  18|0x00000000c4000000, 0x00000000c4100000, 0x00000000c4100000|100%| O|  |TAMS 0x00000000c4100000, 0x00000000c4000000| Untracked 
|  19|0x00000000c4100000, 0x00000000c4200000, 0x00000000c4200000|100%| O|  |TAMS 0x00000000c4200000, 0x00000000c4100000| Untracked 
|  20|0x00000000c4200000, 0x00000000c4300000, 0x00000000c4300000|100%| O|  |TAMS 0x00000000c4300000, 0x00000000c4200000| Untracked 
|  21|0x00000000c4300000, 0x00000000c4400000, 0x00000000c4400000|100%| O|  |TAMS 0x00000000c4300000, 0x00000000c4300000| Untracked 
|  22|0x00000000c4400000, 0x00000000c4500000, 0x00000000c4500000|100%| O|  |TAMS 0x00000000c4400000, 0x00000000c4400000| Untracked 
|  23|0x00000000c4500000, 0x00000000c4600000, 0x00000000c4600000|100%| O|  |TAMS 0x00000000c4500000, 0x00000000c4500000| Untracked 
|  24|0x00000000c4600000, 0x00000000c4700000, 0x00000000c4700000|100%| O|  |TAMS 0x00000000c4600000, 0x00000000c4600000| Untracked 
|  25|0x00000000c4700000, 0x00000000c4800000, 0x00000000c4800000|100%| O|  |TAMS 0x00000000c4700000, 0x00000000c4700000| Untracked 
|  26|0x00000000c4800000, 0x00000000c4900000, 0x00000000c4900000|100%| O|  |TAMS 0x00000000c4800000, 0x00000000c4800000| Untracked 
|  27|0x00000000c4900000, 0x00000000c4a00000, 0x00000000c4a00000|100%| O|  |TAMS 0x00000000c4900000, 0x00000000c4900000| Untracked 
|  28|0x00000000c4a00000, 0x00000000c4b00000, 0x00000000c4b00000|100%| O|  |TAMS 0x00000000c4a00000, 0x00000000c4a00000| Untracked 
|  29|0x00000000c4b00000, 0x00000000c4c00000, 0x00000000c4c00000|100%| O|  |TAMS 0x00000000c4b00000, 0x00000000c4b00000| Untracked 
|  30|0x00000000c4c00000, 0x00000000c4d00000, 0x00000000c4d00000|100%| O|  |TAMS 0x00000000c4c00000, 0x00000000c4c00000| Untracked 
|  31|0x00000000c4d00000, 0x00000000c4d00000, 0x00000000c4e00000|  0%| F|  |TAMS 0x00000000c4d00000, 0x00000000c4d00000| Untracked 
|  32|0x00000000c4e00000, 0x00000000c4e00000, 0x00000000c4f00000|  0%| F|  |TAMS 0x00000000c4e00000, 0x00000000c4e00000| Untracked 
|  33|0x00000000c4f00000, 0x00000000c4f00000, 0x00000000c5000000|  0%| F|  |TAMS 0x00000000c4f00000, 0x00000000c4f00000| Untracked 
|  34|0x00000000c5000000, 0x00000000c5000000, 0x00000000c5100000|  0%| F|  |TAMS 0x00000000c5000000, 0x00000000c5000000| Untracked 
|  35|0x00000000c5100000, 0x00000000c5100000, 0x00000000c5200000|  0%| F|  |TAMS 0x00000000c5100000, 0x00000000c5100000| Untracked 
|  36|0x00000000c5200000, 0x00000000c5200000, 0x00000000c5300000|  0%| F|  |TAMS 0x00000000c5200000, 0x00000000c5200000| Untracked 
|  37|0x00000000c5300000, 0x00000000c5300000, 0x00000000c5400000|  0%| F|  |TAMS 0x00000000c5300000, 0x00000000c5300000| Untracked 
|  38|0x00000000c5400000, 0x00000000c5400000, 0x00000000c5500000|  0%| F|  |TAMS 0x00000000c5400000, 0x00000000c5400000| Untracked 
|  39|0x00000000c5500000, 0x00000000c5500000, 0x00000000c5600000|  0%| F|  |TAMS 0x00000000c5500000, 0x00000000c5500000| Untracked 
|  40|0x00000000c5600000, 0x00000000c5600000, 0x00000000c5700000|  0%| F|  |TAMS 0x00000000c5600000, 0x00000000c5600000| Untracked 
|  41|0x00000000c5700000, 0x00000000c5700000, 0x00000000c5800000|  0%| F|  |TAMS 0x00000000c5700000, 0x00000000c5700000| Untracked 
|  42|0x00000000c5800000, 0x00000000c5800000, 0x00000000c5900000|  0%| F|  |TAMS 0x00000000c5800000, 0x00000000c5800000| Untracked 
|  43|0x00000000c5900000, 0x00000000c5900000, 0x00000000c5a00000|  0%| F|  |TAMS 0x00000000c5900000, 0x00000000c5900000| Untracked 
|  44|0x00000000c5a00000, 0x00000000c5a00000, 0x00000000c5b00000|  0%| F|  |TAMS 0x00000000c5a00000, 0x00000000c5a00000| Untracked 
|  45|0x00000000c5b00000, 0x00000000c5b00000, 0x00000000c5c00000|  0%| F|  |TAMS 0x00000000c5b00000, 0x00000000c5b00000| Untracked 
|  46|0x00000000c5c00000, 0x00000000c5c00000, 0x00000000c5d00000|  0%| F|  |TAMS 0x00000000c5c00000, 0x00000000c5c00000| Untracked 
|  47|0x00000000c5d00000, 0x00000000c5d00000, 0x00000000c5e00000|  0%| F|  |TAMS 0x00000000c5d00000, 0x00000000c5d00000| Untracked 
|  48|0x00000000c5e00000, 0x00000000c5e00000, 0x00000000c5f00000|  0%| F|  |TAMS 0x00000000c5e00000, 0x00000000c5e00000| Untracked 
|  49|0x00000000c5f00000, 0x00000000c5f00000, 0x00000000c6000000|  0%| F|  |TAMS 0x00000000c5f00000, 0x00000000c5f00000| Untracked 
|  50|0x00000000c6000000, 0x00000000c6000000, 0x00000000c6100000|  0%| F|  |TAMS 0x00000000c6000000, 0x00000000c6000000| Untracked 
|  51|0x00000000c6100000, 0x00000000c6100000, 0x00000000c6200000|  0%| F|  |TAMS 0x00000000c6100000, 0x00000000c6100000| Untracked 
|  52|0x00000000c6200000, 0x00000000c6200000, 0x00000000c6300000|  0%| F|  |TAMS 0x00000000c6200000, 0x00000000c6200000| Untracked 
|  53|0x00000000c6300000, 0x00000000c6300000, 0x00000000c6400000|  0%| F|  |TAMS 0x00000000c6300000, 0x00000000c6300000| Untracked 
|  54|0x00000000c6400000, 0x00000000c6400000, 0x00000000c6500000|  0%| F|  |TAMS 0x00000000c6400000, 0x00000000c6400000| Untracked 
|  55|0x00000000c6500000, 0x00000000c6500000, 0x00000000c6600000|  0%| F|  |TAMS 0x00000000c6500000, 0x00000000c6500000| Untracked 
|  56|0x00000000c6600000, 0x00000000c6600000, 0x00000000c6700000|  0%| F|  |TAMS 0x00000000c6600000, 0x00000000c6600000| Untracked 
|  57|0x00000000c6700000, 0x00000000c6700000, 0x00000000c6800000|  0%| F|  |TAMS 0x00000000c6700000, 0x00000000c6700000| Untracked 
|  58|0x00000000c6800000, 0x00000000c6800000, 0x00000000c6900000|  0%| F|  |TAMS 0x00000000c6800000, 0x00000000c6800000| Untracked 
|  59|0x00000000c6900000, 0x00000000c6900000, 0x00000000c6a00000|  0%| F|  |TAMS 0x00000000c6900000, 0x00000000c6900000| Untracked 
|  60|0x00000000c6a00000, 0x00000000c6a6e830, 0x00000000c6b00000| 43%| S|CS|TAMS 0x00000000c6a00000, 0x00000000c6a00000| Complete 
|  61|0x00000000c6b00000, 0x00000000c6c00000, 0x00000000c6c00000|100%| S|CS|TAMS 0x00000000c6b00000, 0x00000000c6b00000| Complete 
|  62|0x00000000c6c00000, 0x00000000c6d00000, 0x00000000c6d00000|100%| S|CS|TAMS 0x00000000c6c00000, 0x00000000c6c00000| Complete 
|  63|0x00000000c6d00000, 0x00000000c6e00000, 0x00000000c6e00000|100%| S|CS|TAMS 0x00000000c6d00000, 0x00000000c6d00000| Complete 
|  64|0x00000000c6e00000, 0x00000000c6e00000, 0x00000000c6f00000|  0%| F|  |TAMS 0x00000000c6e00000, 0x00000000c6e00000| Untracked 
|  65|0x00000000c6f00000, 0x00000000c6f00000, 0x00000000c7000000|  0%| F|  |TAMS 0x00000000c6f00000, 0x00000000c6f00000| Untracked 
|  66|0x00000000c7000000, 0x00000000c7000000, 0x00000000c7100000|  0%| F|  |TAMS 0x00000000c7000000, 0x00000000c7000000| Untracked 
|  67|0x00000000c7100000, 0x00000000c7100000, 0x00000000c7200000|  0%| F|  |TAMS 0x00000000c7100000, 0x00000000c7100000| Untracked 
|  68|0x00000000c7200000, 0x00000000c7200000, 0x00000000c7300000|  0%| F|  |TAMS 0x00000000c7200000, 0x00000000c7200000| Untracked 
|  69|0x00000000c7300000, 0x00000000c7300000, 0x00000000c7400000|  0%| F|  |TAMS 0x00000000c7300000, 0x00000000c7300000| Untracked 
|  70|0x00000000c7400000, 0x00000000c7400000, 0x00000000c7500000|  0%| F|  |TAMS 0x00000000c7400000, 0x00000000c7400000| Untracked 
|  71|0x00000000c7500000, 0x00000000c7500000, 0x00000000c7600000|  0%| F|  |TAMS 0x00000000c7500000, 0x00000000c7500000| Untracked 
|  72|0x00000000c7600000, 0x00000000c7600000, 0x00000000c7700000|  0%| F|  |TAMS 0x00000000c7600000, 0x00000000c7600000| Untracked 
|  73|0x00000000c7700000, 0x00000000c7700000, 0x00000000c7800000|  0%| F|  |TAMS 0x00000000c7700000, 0x00000000c7700000| Untracked 
|  74|0x00000000c7800000, 0x00000000c7800000, 0x00000000c7900000|  0%| F|  |TAMS 0x00000000c7800000, 0x00000000c7800000| Untracked 
|  75|0x00000000c7900000, 0x00000000c7900000, 0x00000000c7a00000|  0%| F|  |TAMS 0x00000000c7900000, 0x00000000c7900000| Untracked 
|  76|0x00000000c7a00000, 0x00000000c7a00000, 0x00000000c7b00000|  0%| F|  |TAMS 0x00000000c7a00000, 0x00000000c7a00000| Untracked 
|  77|0x00000000c7b00000, 0x00000000c7b00000, 0x00000000c7c00000|  0%| F|  |TAMS 0x00000000c7b00000, 0x00000000c7b00000| Untracked 
|  78|0x00000000c7c00000, 0x00000000c7c00000, 0x00000000c7d00000|  0%| F|  |TAMS 0x00000000c7c00000, 0x00000000c7c00000| Untracked 
|  79|0x00000000c7d00000, 0x00000000c7d00000, 0x00000000c7e00000|  0%| F|  |TAMS 0x00000000c7d00000, 0x00000000c7d00000| Untracked 
|  80|0x00000000c7e00000, 0x00000000c7e00000, 0x00000000c7f00000|  0%| F|  |TAMS 0x00000000c7e00000, 0x00000000c7e00000| Untracked 
|  81|0x00000000c7f00000, 0x00000000c7f00000, 0x00000000c8000000|  0%| F|  |TAMS 0x00000000c7f00000, 0x00000000c7f00000| Untracked 
|  82|0x00000000c8000000, 0x00000000c8000000, 0x00000000c8100000|  0%| F|  |TAMS 0x00000000c8000000, 0x00000000c8000000| Untracked 
|  83|0x00000000c8100000, 0x00000000c8100000, 0x00000000c8200000|  0%| F|  |TAMS 0x00000000c8100000, 0x00000000c8100000| Untracked 
|  84|0x00000000c8200000, 0x00000000c8300000, 0x00000000c8300000|100%| E|  |TAMS 0x00000000c8200000, 0x00000000c8200000| Complete 
|  85|0x00000000c8300000, 0x00000000c8400000, 0x00000000c8400000|100%| E|CS|TAMS 0x00000000c8300000, 0x00000000c8300000| Complete 
|  86|0x00000000c8400000, 0x00000000c8500000, 0x00000000c8500000|100%| E|CS|TAMS 0x00000000c8400000, 0x00000000c8400000| Complete 
|  87|0x00000000c8500000, 0x00000000c8600000, 0x00000000c8600000|100%| E|CS|TAMS 0x00000000c8500000, 0x00000000c8500000| Complete 
|  88|0x00000000c8600000, 0x00000000c8700000, 0x00000000c8700000|100%| E|CS|TAMS 0x00000000c8600000, 0x00000000c8600000| Complete 
|  89|0x00000000c8700000, 0x00000000c8800000, 0x00000000c8800000|100%| E|CS|TAMS 0x00000000c8700000, 0x00000000c8700000| Complete 
|  90|0x00000000c8800000, 0x00000000c8900000, 0x00000000c8900000|100%| E|CS|TAMS 0x00000000c8800000, 0x00000000c8800000| Complete 
|  91|0x00000000c8900000, 0x00000000c8a00000, 0x00000000c8a00000|100%| E|CS|TAMS 0x00000000c8900000, 0x00000000c8900000| Complete 
|  92|0x00000000c8a00000, 0x00000000c8b00000, 0x00000000c8b00000|100%| E|CS|TAMS 0x00000000c8a00000, 0x00000000c8a00000| Complete 

Card table byte_map: [0x0000022b1a2a0000,0x0000022b1a490000] _byte_map_base: 0x0000022b19c89000

Marking Bits (Prev, Next): (CMBitMap*) 0x0000022b075ca168, (CMBitMap*) 0x0000022b075ca1a0
 Prev Bits: [0x0000022b1a680000, 0x0000022b1b5c8000)
 Next Bits: [0x0000022b1b5d0000, 0x0000022b1c518000)

Polling page: 0x0000022b05510000

Metaspace:

Usage:
  Non-class:     44.67 MB capacity,    44.33 MB (>99%) used,   265.45 KB ( <1%) free+waste,    80.81 KB ( <1%) overhead. 
      Class:      6.08 MB capacity,     5.84 MB ( 96%) used,   211.80 KB (  3%) free+waste,    37.00 KB ( <1%) overhead. 
       Both:     50.75 MB capacity,    50.17 MB ( 99%) used,   477.25 KB ( <1%) free+waste,   117.81 KB ( <1%) overhead. 

Virtual space:
  Non-class space:       46.00 MB reserved,      44.83 MB ( 97%) committed 
      Class space:        1.00 GB reserved,       6.20 MB ( <1%) committed 
             Both:        1.04 GB reserved,      51.03 MB (  5%) committed 

Chunk freelists:
   Non-Class:  33.00 KB
       Class:  14.00 KB
        Both:  47.00 KB

MaxMetaspaceSize: 17179869184.00 GB
CompressedClassSpaceSize: 1.00 GB
Initial GC threshold: 20.80 MB
Current GC threshold: 59.00 MB
CDS: off

CodeHeap 'non-profiled nmethods': size=120064Kb used=1367Kb max_used=1367Kb free=118696Kb
 bounds [0x0000022b12b70000, 0x0000022b12de0000, 0x0000022b1a0b0000]
CodeHeap 'profiled nmethods': size=120000Kb used=8265Kb max_used=8265Kb free=111734Kb
 bounds [0x0000022b0b640000, 0x0000022b0be60000, 0x0000022b12b70000]
CodeHeap 'non-nmethods': size=5696Kb used=1275Kb max_used=1309Kb free=4420Kb
 bounds [0x0000022b0b0b0000, 0x0000022b0b320000, 0x0000022b0b640000]
 total_blobs=4866 nmethods=4310 adapters=468
 compilation: enabled
              stopped_count=0, restarted_count=0
 full_count=0

Compilation events (20 events):
Event: 3.624 Thread 0x0000022b1f1f2000 4298       2       java.lang.invoke.MethodHandleNatives::linkCallSiteImpl (44 bytes)
Event: 3.624 Thread 0x0000022b1f1f2000 nmethod 4298 0x0000022b0be34c10 code [0x0000022b0be34e20, 0x0000022b0be351d8]
Event: 3.624 Thread 0x0000022b1f1f2000 4299   !   2       java.lang.invoke.CallSite::makeSite (91 bytes)
Event: 3.625 Thread 0x0000022b1f1f2000 nmethod 4299 0x0000022b0be35490 code [0x0000022b0be35740, 0x0000022b0be35e38]
Event: 3.625 Thread 0x0000022b1f1f2000 4300       2       jdk.internal.org.objectweb.asm.ClassWriter::visitEnd (1 bytes)
Event: 3.625 Thread 0x0000022b1f1f2000 nmethod 4300 0x0000022b0be36690 code [0x0000022b0be36840, 0x0000022b0be36938]
Event: 3.625 Thread 0x0000022b1f1f2000 4301       2       java.lang.invoke.BoundMethodHandle::rebind (14 bytes)
Event: 3.625 Thread 0x0000022b1f1f2000 nmethod 4301 0x0000022b0be36a10 code [0x0000022b0be36c00, 0x0000022b0be36f28]
Event: 3.625 Thread 0x0000022b1f1f2000 4303       2       java.lang.invoke.InnerClassLambdaMetafactory::getLoadOpcode (25 bytes)
Event: 3.625 Thread 0x0000022b1f1f2000 nmethod 4303 0x0000022b0be37190 code [0x0000022b0be37360, 0x0000022b0be37538]
Event: 3.625 Thread 0x0000022b1f1f2000 4304       2       java.lang.invoke.InnerClassLambdaMetafactory::getParameterSize (27 bytes)
Event: 3.625 Thread 0x0000022b1f1f2000 nmethod 4304 0x0000022b0be37610 code [0x0000022b0be377c0, 0x0000022b0be378f8]
Event: 3.625 Thread 0x0000022b1f1f2000 4302       2       java.lang.Module::implIsExportedOrOpen (92 bytes)
Event: 3.626 Thread 0x0000022b1f1f2000 nmethod 4302 0x0000022b0be37990 code [0x0000022b0be37b80, 0x0000022b0be37e38]
Event: 3.629 Thread 0x0000022b1f1f2000 4305       2       java.lang.invoke.Invokers$Holder::invokeExact_MT (32 bytes)
Event: 3.630 Thread 0x0000022b1f1f2000 nmethod 4305 0x0000022b0be37f90 code [0x0000022b0be38180, 0x0000022b0be383b8]
Event: 3.630 Thread 0x0000022b1f1f2000 4307       2       jdk.internal.org.objectweb.asm.MethodVisitor::visitVarInsn (17 bytes)
Event: 3.630 Thread 0x0000022b1f1f2000 nmethod 4307 0x0000022b0be38590 code [0x0000022b0be38740, 0x0000022b0be38868]
Event: 3.630 Thread 0x0000022b1f1f2000 4306       2       java.lang.invoke.LambdaMetafactory::metafactory (35 bytes)
Event: 3.630 Thread 0x0000022b1f1f2000 nmethod 4306 0x0000022b0be38910 code [0x0000022b0be38ae0, 0x0000022b0be38cc8]

GC Heap History (20 events):
Event: 0.411 GC heap before
{Heap before GC invocations=0 (full 0):
 garbage-first heap   total 63488K, used 17408K [0x00000000c2e00000, 0x0000000100000000)
  region size 1024K, 14 young (14336K), 0 survivors (0K)
 Metaspace       used 9798K, capacity 9874K, committed 10112K, reserved 1058816K
  class space    used 838K, capacity 885K, committed 896K, reserved 1048576K
}
Event: 0.414 GC heap after
{Heap after GC invocations=1 (full 0):
 garbage-first heap   total 63488K, used 5285K [0x00000000c2e00000, 0x0000000100000000)
  region size 1024K, 2 young (2048K), 2 survivors (2048K)
 Metaspace       used 9798K, capacity 9874K, committed 10112K, reserved 1058816K
  class space    used 838K, capacity 885K, committed 896K, reserved 1048576K
}
Event: 0.950 GC heap before
{Heap before GC invocations=1 (full 0):
 garbage-first heap   total 63488K, used 41125K [0x00000000c2e00000, 0x0000000100000000)
  region size 1024K, 37 young (37888K), 2 survivors (2048K)
 Metaspace       used 18218K, capacity 18478K, committed 18688K, reserved 1067008K
  class space    used 1867K, capacity 1973K, committed 2048K, reserved 1048576K
}
Event: 0.959 GC heap after
{Heap after GC invocations=2 (full 0):
 garbage-first heap   total 63488K, used 8604K [0x00000000c2e00000, 0x0000000100000000)
  region size 1024K, 5 young (5120K), 5 survivors (5120K)
 Metaspace       used 18218K, capacity 18478K, committed 18688K, reserved 1067008K
  class space    used 1867K, capacity 1973K, committed 2048K, reserved 1048576K
}
Event: 1.125 GC heap before
{Heap before GC invocations=2 (full 0):
 garbage-first heap   total 63488K, used 18844K [0x00000000c2e00000, 0x0000000100000000)
  region size 1024K, 16 young (16384K), 5 survivors (5120K)
 Metaspace       used 20884K, capacity 21087K, committed 21296K, reserved 1069056K
  class space    used 2219K, capacity 2312K, committed 2432K, reserved 1048576K
}
Event: 1.134 GC heap after
{Heap after GC invocations=3 (full 0):
 garbage-first heap   total 63488K, used 9321K [0x00000000c2e00000, 0x0000000100000000)
  region size 1024K, 1 young (1024K), 1 survivors (1024K)
 Metaspace       used 20884K, capacity 21087K, committed 21296K, reserved 1069056K
  class space    used 2219K, capacity 2312K, committed 2432K, reserved 1048576K
}
Event: 1.524 GC heap before
{Heap before GC invocations=4 (full 0):
 garbage-first heap   total 63488K, used 33897K [0x00000000c2e00000, 0x0000000100000000)
  region size 1024K, 23 young (23552K), 1 survivors (1024K)
 Metaspace       used 27680K, capacity 28115K, committed 28208K, reserved 1075200K
  class space    used 3019K, capacity 3179K, committed 3200K, reserved 1048576K
}
Event: 1.527 GC heap after
{Heap after GC invocations=5 (full 0):
 garbage-first heap   total 63488K, used 14095K [0x00000000c2e00000, 0x0000000100000000)
  region size 1024K, 3 young (3072K), 3 survivors (3072K)
 Metaspace       used 27680K, capacity 28115K, committed 28208K, reserved 1075200K
  class space    used 3019K, capacity 3179K, committed 3200K, reserved 1048576K
}
Event: 1.956 GC heap before
{Heap before GC invocations=5 (full 0):
 garbage-first heap   total 63488K, used 39695K [0x00000000c2e00000, 0x0000000100000000)
  region size 1024K, 26 young (26624K), 3 survivors (3072K)
 Metaspace       used 30499K, capacity 30930K, committed 31152K, reserved 1077248K
  class space    used 3625K, capacity 3797K, committed 3840K, reserved 1048576K
}
Event: 1.972 GC heap after
{Heap after GC invocations=6 (full 0):
 garbage-first heap   total 76800K, used 21205K [0x00000000c2e00000, 0x0000000100000000)
  region size 1024K, 4 young (4096K), 4 survivors (4096K)
 Metaspace       used 30499K, capacity 30930K, committed 31152K, reserved 1077248K
  class space    used 3625K, capacity 3797K, committed 3840K, reserved 1048576K
}
Event: 2.299 GC heap before
{Heap before GC invocations=6 (full 0):
 garbage-first heap   total 76800K, used 41685K [0x00000000c2e00000, 0x0000000100000000)
  region size 1024K, 25 young (25600K), 4 survivors (4096K)
 Metaspace       used 35385K, capacity 35779K, committed 35920K, reserved 1081344K
  class space    used 4384K, capacity 4539K, committed 4608K, reserved 1048576K
}
Event: 2.307 GC heap after
{Heap after GC invocations=7 (full 0):
 garbage-first heap   total 76800K, used 23524K [0x00000000c2e00000, 0x0000000100000000)
  region size 1024K, 2 young (2048K), 2 survivors (2048K)
 Metaspace       used 35385K, capacity 35779K, committed 35920K, reserved 1081344K
  class space    used 4384K, capacity 4539K, committed 4608K, reserved 1048576K
}
Event: 2.615 GC heap before
{Heap before GC invocations=8 (full 0):
 garbage-first heap   total 76800K, used 48100K [0x00000000c2e00000, 0x0000000100000000)
  region size 1024K, 27 young (27648K), 2 survivors (2048K)
 Metaspace       used 39852K, capacity 40361K, committed 40476K, reserved 1085440K
  class space    used 4790K, capacity 4997K, committed 5068K, reserved 1048576K
}
Event: 2.622 GC heap after
{Heap after GC invocations=9 (full 0):
 garbage-first heap   total 76800K, used 26624K [0x00000000c2e00000, 0x0000000100000000)
  region size 1024K, 4 young (4096K), 4 survivors (4096K)
 Metaspace       used 39852K, capacity 40361K, committed 40476K, reserved 1085440K
  class space    used 4790K, capacity 4997K, committed 5068K, reserved 1048576K
}
Event: 3.088 GC heap before
{Heap before GC invocations=9 (full 0):
 garbage-first heap   total 76800K, used 50176K [0x00000000c2e00000, 0x0000000100000000)
  region size 1024K, 28 young (28672K), 4 survivors (4096K)
 Metaspace       used 46052K, capacity 46530K, committed 46748K, reserved 1091584K
  class space    used 5454K, capacity 5639K, committed 5708K, reserved 1048576K
}
Event: 3.097 GC heap after
{Heap after GC invocations=10 (full 0):
 garbage-first heap   total 76800K, used 29531K [0x00000000c2e00000, 0x0000000100000000)
  region size 1024K, 3 young (3072K), 3 survivors (3072K)
 Metaspace       used 46052K, capacity 46530K, committed 46748K, reserved 1091584K
  class space    used 5454K, capacity 5639K, committed 5708K, reserved 1048576K
}
Event: 3.220 GC heap before
{Heap before GC invocations=10 (full 0):
 garbage-first heap   total 76800K, used 53083K [0x00000000c2e00000, 0x0000000100000000)
  region size 1024K, 26 young (26624K), 3 survivors (3072K)
 Metaspace       used 46792K, capacity 47261K, committed 47644K, reserved 1091584K
  class space    used 5518K, capacity 5713K, committed 5836K, reserved 1048576K
}
Event: 3.227 GC heap after
{Heap after GC invocations=11 (full 0):
 garbage-first heap   total 95232K, used 31968K [0x00000000c2e00000, 0x0000000100000000)
  region size 1024K, 3 young (3072K), 3 survivors (3072K)
 Metaspace       used 46792K, capacity 47261K, committed 47644K, reserved 1091584K
  class space    used 5518K, capacity 5713K, committed 5836K, reserved 1048576K
}
Event: 3.509 GC heap before
{Heap before GC invocations=11 (full 0):
 garbage-first heap   total 95232K, used 61664K [0x00000000c2e00000, 0x0000000100000000)
  region size 1024K, 32 young (32768K), 3 survivors (3072K)
 Metaspace       used 49058K, capacity 49570K, committed 49820K, reserved 1093632K
  class space    used 5725K, capacity 5920K, committed 5964K, reserved 1048576K
}
Event: 3.518 GC heap after
{Heap after GC invocations=12 (full 0):
 garbage-first heap   total 95232K, used 35258K [0x00000000c2e00000, 0x0000000100000000)
  region size 1024K, 4 young (4096K), 4 survivors (4096K)
 Metaspace       used 49058K, capacity 49570K, committed 49820K, reserved 1093632K
  class space    used 5725K, capacity 5920K, committed 5964K, reserved 1048576K
}

Deoptimization events (20 events):
Event: 3.072 Thread 0x0000022b0759d800 DEOPT PACKING pc=0x0000022b12c4f7bc sp=0x000000ea54afa900
Event: 3.072 Thread 0x0000022b0759d800 DEOPT UNPACKING pc=0x0000022b0b0fa1af sp=0x000000ea54afa7e8 mode 2
Event: 3.159 Thread 0x0000022b0759d800 DEOPT PACKING pc=0x0000022b0bc26889 sp=0x000000ea54afaaf0
Event: 3.159 Thread 0x0000022b0759d800 DEOPT UNPACKING pc=0x0000022b0b0fa95e sp=0x000000ea54afa068 mode 0
Event: 3.176 Thread 0x0000022b0759d800 DEOPT PACKING pc=0x0000022b0bb3beff sp=0x000000ea54afaeb0
Event: 3.176 Thread 0x0000022b0759d800 DEOPT UNPACKING pc=0x0000022b0b0fa95e sp=0x000000ea54afa300 mode 0
Event: 3.291 Thread 0x0000022b0759d800 DEOPT PACKING pc=0x0000022b0bb3beff sp=0x000000ea54afaeb0
Event: 3.291 Thread 0x0000022b0759d800 DEOPT UNPACKING pc=0x0000022b0b0fa95e sp=0x000000ea54afa300 mode 0
Event: 3.302 Thread 0x0000022b0759d800 Uncommon trap: trap_request=0xffffff4d fr.pc=0x0000022b12c9ab50 relative=0x0000000000000110
Event: 3.302 Thread 0x0000022b0759d800 Uncommon trap: reason=unstable_if action=reinterpret pc=0x0000022b12c9ab50 method=org.jetbrains.kotlin.metadata.ProtoBuf$Annotation$Argument$Value$Type.valueOf(I)Lorg/jetbrains/kotlin/metadata/ProtoBuf$Annotation$Argument$Value$Type; @ 1 c2
Event: 3.302 Thread 0x0000022b0759d800 DEOPT PACKING pc=0x0000022b12c9ab50 sp=0x000000ea54afa720
Event: 3.302 Thread 0x0000022b0759d800 DEOPT UNPACKING pc=0x0000022b0b0fa1af sp=0x000000ea54afa6a8 mode 2
Event: 3.441 Thread 0x0000022b0759d800 DEOPT PACKING pc=0x0000022b0bb3beff sp=0x000000ea54afba40
Event: 3.441 Thread 0x0000022b0759d800 DEOPT UNPACKING pc=0x0000022b0b0fa95e sp=0x000000ea54afae90 mode 0
Event: 3.451 Thread 0x0000022b0759d800 DEOPT PACKING pc=0x0000022b0bcbb17f sp=0x000000ea54afb090
Event: 3.451 Thread 0x0000022b0759d800 DEOPT UNPACKING pc=0x0000022b0b0fa95e sp=0x000000ea54afa540 mode 0
Event: 3.490 Thread 0x0000022b0759d800 DEOPT PACKING pc=0x0000022b0bb3beff sp=0x000000ea54afb580
Event: 3.490 Thread 0x0000022b0759d800 DEOPT UNPACKING pc=0x0000022b0b0fa95e sp=0x000000ea54afa9d0 mode 0
Event: 3.529 Thread 0x0000022b0759d800 DEOPT PACKING pc=0x0000022b0bcb6b72 sp=0x000000ea54afbe30
Event: 3.529 Thread 0x0000022b0759d800 DEOPT UNPACKING pc=0x0000022b0b0fa95e sp=0x000000ea54afb408 mode 0

Classes redefined (0 events):
No events

Internal exceptions (20 events):
Event: 1.341 Thread 0x0000022b0759d800 Exception <a 'java/lang/NoSuchMethodError'{0x00000000c5e123a0}: 'java.lang.Object java.lang.invoke.DirectMethodHandle$Holder.invokeSpecial(java.lang.Object, java.lang.Object, int, int, java.lang.Object, java.lang.Object, java.lang.Object)'> (0x00000000c5e123a0) thrown at [./src/hotspot/share/interpreter/linkResolver.cpp, line 773]
Event: 1.341 Thread 0x0000022b0759d800 Exception <a 'java/lang/NoSuchMethodError'{0x00000000c5e15bd8}: 'java.lang.Object java.lang.invoke.DelegatingMethodHandle$Holder.reinvoke_L(java.lang.Object, int, int, java.lang.Object, java.lang.Object, java.lang.Object)'> (0x00000000c5e15bd8) thrown at [./src/hotspot/share/interpreter/linkResolver.cpp, line 773]
Event: 1.341 Thread 0x0000022b0759d800 Exception <a 'java/lang/NoSuchMethodError'{0x00000000c5e19f60}: 'java.lang.Object java.lang.invoke.DirectMethodHandle$Holder.invokeStatic(java.lang.Object, java.lang.Object, java.lang.Object, java.lang.Object, int)'> (0x00000000c5e19f60) thrown at [./src/hotspot/share/interpreter/linkResolver.cpp, line 773]
Event: 1.374 Thread 0x0000022b0759d800 Exception <a 'sun/nio/fs/WindowsException'{0x00000000c5d59a80}> (0x00000000c5d59a80) thrown at [./src/hotspot/share/prims/jni.cpp, line 615]
Event: 1.374 Thread 0x0000022b0759d800 Exception <a 'sun/nio/fs/WindowsException'{0x00000000c5d5a2f8}> (0x00000000c5d5a2f8) thrown at [./src/hotspot/share/prims/jni.cpp, line 615]
Event: 1.374 Thread 0x0000022b0759d800 Exception <a 'sun/nio/fs/WindowsException'{0x00000000c5d5ab80}> (0x00000000c5d5ab80) thrown at [./src/hotspot/share/prims/jni.cpp, line 615]
Event: 1.374 Thread 0x0000022b0759d800 Exception <a 'sun/nio/fs/WindowsException'{0x00000000c5d5b568}> (0x00000000c5d5b568) thrown at [./src/hotspot/share/prims/jni.cpp, line 615]
Event: 1.374 Thread 0x0000022b0759d800 Exception <a 'sun/nio/fs/WindowsException'{0x00000000c5d5be50}> (0x00000000c5d5be50) thrown at [./src/hotspot/share/prims/jni.cpp, line 615]
Event: 1.374 Thread 0x0000022b0759d800 Exception <a 'sun/nio/fs/WindowsException'{0x00000000c5d5c788}> (0x00000000c5d5c788) thrown at [./src/hotspot/share/prims/jni.cpp, line 615]
Event: 1.376 Thread 0x0000022b0759d800 Exception <a 'java/lang/NoSuchMethodError'{0x00000000c5d62f48}: 'void java.lang.invoke.DirectMethodHandle$Holder.invokeStatic(java.lang.Object, java.lang.Object, java.lang.Object, java.lang.Object)'> (0x00000000c5d62f48) thrown at [./src/hotspot/share/interpreter/linkResolver.cpp, line 773]
Event: 1.436 Thread 0x0000022b0759d800 Exception <a 'java/lang/NoSuchMethodError'{0x00000000c59413b0}: 'void java.lang.invoke.DirectMethodHandle$Holder.invokeStaticInit(java.lang.Object, java.lang.Object)'> (0x00000000c59413b0) thrown at [./src/hotspot/share/interpreter/linkResolver.cpp, line 773]
Event: 1.515 Thread 0x0000022b0759d800 Exception <a 'java/lang/NoSuchMethodError'{0x00000000c55607f0}: 'void java.lang.invoke.DirectMethodHandle$Holder.invokeVirtual(java.lang.Object, java.lang.Object)'> (0x00000000c55607f0) thrown at [./src/hotspot/share/interpreter/linkResolver.cpp, line 773]
Event: 1.522 Thread 0x0000022b0759d800 Exception <a 'java/lang/NoSuchMethodError'{0x00000000c55d2438}: 'int java.lang.invoke.DirectMethodHandle$Holder.invokeVirtual(java.lang.Object, java.lang.Object)'> (0x00000000c55d2438) thrown at [./src/hotspot/share/interpreter/linkResolver.cpp, line 773]
Event: 2.222 Thread 0x0000022b0759d800 Exception <a 'java/lang/NoSuchMethodError'{0x00000000c6ab8450}: 'java.lang.Object java.lang.invoke.DirectMethodHandle$Holder.invokeVirtual(java.lang.Object, java.lang.Object, java.lang.Object)'> (0x00000000c6ab8450) thrown at [./src/hotspot/share/interpreter/linkResolver.cpp, line 773]
Event: 2.776 Thread 0x0000022b0759d800 Exception <a 'java/lang/NoSuchMethodError'{0x00000000c71cb530}: 'java.lang.Object java.lang.invoke.Invokers$Holder.linkToTargetMethod(java.lang.Object, int, java.lang.Object)'> (0x00000000c71cb530) thrown at [./src/hotspot/share/interpreter/linkResolver.cpp, line 773]
Event: 2.900 Thread 0x0000022b0759d800 Exception <a 'java/lang/NoSuchMethodError'{0x00000000c6d58f08}: 'java.lang.Object java.lang.invoke.DirectMethodHandle$Holder.invokeStatic(java.lang.Object, java.lang.Object, java.lang.Object, int)'> (0x00000000c6d58f08) thrown at [./src/hotspot/share/interpreter/linkResolver.cpp, line 773]
Event: 2.900 Thread 0x0000022b0759d800 Exception <a 'java/lang/NoSuchMethodError'{0x00000000c6d5cb78}: 'java.lang.Object java.lang.invoke.DirectMethodHandle$Holder.invokeSpecial(java.lang.Object, java.lang.Object, java.lang.Object, java.lang.Object, int)'> (0x00000000c6d5cb78) thrown at [./src/hotspot/share/interpreter/linkResolver.cpp, line 773]
Event: 2.901 Thread 0x0000022b0759d800 Exception <a 'java/lang/NoSuchMethodError'{0x00000000c6d5fe88}: 'java.lang.Object java.lang.invoke.Invokers$Holder.linkToTargetMethod(java.lang.Object, java.lang.Object, int, java.lang.Object)'> (0x00000000c6d5fe88) thrown at [./src/hotspot/share/interpreter/linkResolver.cpp, line 773]
Event: 3.418 Thread 0x0000022b0759d800 Exception <a 'java/lang/NoSuchMethodError'{0x00000000c75ffd40}: 'java.lang.Object java.lang.invoke.DirectMethodHandle$Holder.invokeSpecial(java.lang.Object, java.lang.Object, java.lang.Object, java.lang.Object, java.lang.Object, java.lang.Object, java.lang.Object, java.lang.Object, java.lang.Object)'> (0x00000000c75ffd40) thrown at [./src/hotspot/share/interpreter/linkResolver.cpp, line 773]
Event: 3.419 Thread 0x0000022b0759d800 Exception <a 'java/lang/NoSuchMethodError'{0x00000000c7404408}: 'java.lang.Object java.lang.invoke.Invokers$Holder.linkToTargetMethod(java.lang.Object, java.lang.Object, java.lang.Object, java.lang.Object, java.lang.Object, java.lang.Object, java.lang.Object, java.lang.Object)'> (0x00000000c7404408) thrown at [./src/hotspot/share/interpreter/linkResolver.cpp, line 773]

Events (20 events):
Event: 3.628 loading class org/jetbrains/kotlin/com/intellij/lang/jvm/types/JvmWildcardType
Event: 3.628 loading class org/jetbrains/kotlin/com/intellij/lang/jvm/types/JvmWildcardType done
Event: 3.629 loading class org/jetbrains/kotlin/com/intellij/psi/PsiCapturedWildcardType
Event: 3.629 loading class org/jetbrains/kotlin/com/intellij/psi/PsiCapturedWildcardType done
Event: 3.629 loading class org/jetbrains/kotlin/com/intellij/psi/PsiElement
Event: 3.629 loading class org/jetbrains/kotlin/com/intellij/psi/PsiElement done
Event: 3.629 loading class org/jetbrains/kotlin/com/intellij/psi/PsiElement
Event: 3.629 loading class org/jetbrains/kotlin/com/intellij/psi/PsiElement done
Event: 3.630 loading class org/jetbrains/kotlin/com/intellij/openapi/vfs/VfsUtilCore
Event: 3.630 loading class org/jetbrains/kotlin/com/intellij/openapi/vfs/VfsUtilCore done
Event: 3.630 loading class org/jetbrains/kotlin/com/intellij/openapi/vfs/VirtualFileVisitor
Event: 3.630 loading class org/jetbrains/kotlin/com/intellij/openapi/vfs/VirtualFileVisitor done
Event: 3.631 loading class org/jetbrains/kotlin/com/intellij/openapi/vfs/VfsUtilCore$2
Event: 3.631 loading class org/jetbrains/kotlin/com/intellij/openapi/vfs/VfsUtilCore$2 done
Event: 3.631 loading class org/jetbrains/kotlin/it/unimi/dsi/fastutil/objects/ObjectOpenCustomHashSet
Event: 3.631 loading class org/jetbrains/kotlin/it/unimi/dsi/fastutil/objects/ObjectOpenCustomHashSet done
Event: 3.632 loading class org/jetbrains/kotlin/com/intellij/lang/java/lexer/_JavaLexer
Event: 3.632 loading class org/jetbrains/kotlin/com/intellij/lang/java/lexer/_JavaLexer done
Event: 3.632 Executing VM operation: Deoptimize
Event: 3.633 Executing VM operation: Deoptimize done


Dynamic libraries:
0x00007ff7918a0000 - 0x00007ff7918aa000 	C:\Program Files\Android\Android Studio\jre\bin\java.exe
0x00007ff9b9380000 - 0x00007ff9b9589000 	C:\WINDOWS\SYSTEM32\ntdll.dll
0x00007ff9b7ef0000 - 0x00007ff9b7fad000 	C:\WINDOWS\System32\KERNEL32.DLL
0x00007ff9b6cc0000 - 0x00007ff9b703d000 	C:\WINDOWS\System32\KERNELBASE.dll
0x00007ff9b6860000 - 0x00007ff9b6971000 	C:\WINDOWS\System32\ucrtbase.dll
0x00007ff999340000 - 0x00007ff999359000 	C:\Program Files\Android\Android Studio\jre\bin\jli.dll
0x00007ff999320000 - 0x00007ff999337000 	C:\Program Files\Android\Android Studio\jre\bin\VCRUNTIME140.dll
0x00007ff9b77f0000 - 0x00007ff9b799d000 	C:\WINDOWS\System32\USER32.dll
0x00007ff9b6c90000 - 0x00007ff9b6cb6000 	C:\WINDOWS\System32\win32u.dll
0x00007ff9a1190000 - 0x00007ff9a1435000 	C:\WINDOWS\WinSxS\amd64_microsoft.windows.common-controls_6595b64144ccf1df_6.0.22000.120_none_9d947278b86cc467\COMCTL32.dll
0x00007ff9b7dc0000 - 0x00007ff9b7de9000 	C:\WINDOWS\System32\GDI32.dll
0x00007ff9b7ab0000 - 0x00007ff9b7b53000 	C:\WINDOWS\System32\msvcrt.dll
0x00007ff9b6b70000 - 0x00007ff9b6c88000 	C:\WINDOWS\System32\gdi32full.dll
0x00007ff9b7170000 - 0x00007ff9b720d000 	C:\WINDOWS\System32\msvcp_win.dll
0x00007ff9b77b0000 - 0x00007ff9b77e1000 	C:\WINDOWS\System32\IMM32.DLL
0x00007ff966d30000 - 0x00007ff966dcd000 	C:\Program Files\Android\Android Studio\jre\bin\msvcp140.dll
0x00007ff9656b0000 - 0x00007ff966195000 	C:\Program Files\Android\Android Studio\jre\bin\server\jvm.dll
0x00007ff9b8c50000 - 0x00007ff9b8cfe000 	C:\WINDOWS\System32\ADVAPI32.dll
0x00007ff9b7c50000 - 0x00007ff9b7cee000 	C:\WINDOWS\System32\sechost.dll
0x00007ff9b81d0000 - 0x00007ff9b82f0000 	C:\WINDOWS\System32\RPCRT4.dll
0x00007ff9b7420000 - 0x00007ff9b7428000 	C:\WINDOWS\System32\PSAPI.DLL
0x00007ff995570000 - 0x00007ff995579000 	C:\WINDOWS\SYSTEM32\WSOCK32.dll
0x00007ff9a3f10000 - 0x00007ff9a3f43000 	C:\WINDOWS\SYSTEM32\WINMM.dll
0x00007ff9b4250000 - 0x00007ff9b425a000 	C:\WINDOWS\SYSTEM32\VERSION.dll
0x00007ff9b92d0000 - 0x00007ff9b933f000 	C:\WINDOWS\System32\WS2_32.dll
0x00007ff9b5960000 - 0x00007ff9b5978000 	C:\WINDOWS\SYSTEM32\kernel.appcore.dll
0x00007ff967210000 - 0x00007ff967221000 	C:\Program Files\Android\Android Studio\jre\bin\verify.dll
0x00007ff9a5620000 - 0x00007ff9a5841000 	C:\WINDOWS\SYSTEM32\DBGHELP.DLL
0x00007ff9a44c0000 - 0x00007ff9a44f1000 	C:\WINDOWS\SYSTEM32\dbgcore.DLL
0x00007ff9b6af0000 - 0x00007ff9b6b6f000 	C:\WINDOWS\System32\bcryptPrimitives.dll
0x00007ff966bb0000 - 0x00007ff966bd9000 	C:\Program Files\Android\Android Studio\jre\bin\java.dll
0x00007ff967bf0000 - 0x00007ff967bfb000 	C:\Program Files\Android\Android Studio\jre\bin\jimage.dll
0x00007ff967260000 - 0x00007ff967278000 	C:\Program Files\Android\Android Studio\jre\bin\zip.dll
0x00007ff9b8490000 - 0x00007ff9b8c48000 	C:\WINDOWS\System32\SHELL32.dll
0x00007ff9b49d0000 - 0x00007ff9b5238000 	C:\WINDOWS\SYSTEM32\windows.storage.dll
0x00007ff9b7430000 - 0x00007ff9b77a9000 	C:\WINDOWS\System32\combase.dll
0x00007ff9b4860000 - 0x00007ff9b49c6000 	C:\WINDOWS\SYSTEM32\wintypes.dll
0x00007ff9b7df0000 - 0x00007ff9b7eda000 	C:\WINDOWS\System32\SHCORE.dll
0x00007ff9b7b60000 - 0x00007ff9b7bbd000 	C:\WINDOWS\System32\shlwapi.dll
0x00007ff9b6790000 - 0x00007ff9b67b1000 	C:\WINDOWS\SYSTEM32\profapi.dll
0x00007ff967240000 - 0x00007ff96725a000 	C:\Program Files\Android\Android Studio\jre\bin\net.dll
0x00007ff9b0ba0000 - 0x00007ff9b0cac000 	C:\WINDOWS\SYSTEM32\WINHTTP.dll
0x00007ff9b5d90000 - 0x00007ff9b5df7000 	C:\WINDOWS\system32\mswsock.dll
0x00007ff967190000 - 0x00007ff9671a4000 	C:\Program Files\Android\Android Studio\jre\bin\nio.dll

dbghelp: loaded successfully - version: 4.0.5 - missing functions: none
symbol engine: initialized successfully - sym options: 0x614 - pdb path: .;C:\Program Files\Android\Android Studio\jre\bin;C:\WINDOWS\SYSTEM32;C:\WINDOWS\WinSxS\amd64_microsoft.windows.common-controls_6595b64144ccf1df_6.0.22000.120_none_9d947278b86cc467;C:\Program Files\Android\Android Studio\jre\bin\server

VM Arguments:
java_command: org.jetbrains.kotlin.cli.jvm.K2JVMCompiler @C:\Users\Dell\Viwall\app\build\20220823_480160155320379463.compiler.options
java_class_path (initial): C:\Users\Dell\.gradle\caches\modules-2\files-2.1\org.jetbrains.kotlin\kotlin-compiler-embeddable\1.6.10\88f2073f4020cdb83132cfe940ceb9a60aba54ea\kotlin-compiler-embeddable-1.6.10.jar;C:\Users\Dell\.gradle\caches\modules-2\files-2.1\org.jetbrains.kotlin\kotlin-reflect\1.6.10\1cbe9c92c12a94eea200d23c2bbaedaf3daf5132\kotlin-reflect-1.6.10.jar;C:\Users\Dell\.gradle\caches\modules-2\files-2.1\org.jetbrains.kotlin\kotlin-stdlib\1.6.10\b8af3fe6f1ca88526914929add63cf5e7c5049af\kotlin-stdlib-1.6.10.jar;C:\Users\Dell\.gradle\caches\modules-2\files-2.1\org.jetbrains.kotlin\kotlin-script-runtime\1.6.10\d0a7ff2e2500ef497ed0214ae40ad3c8387a6164\kotlin-script-runtime-1.6.10.jar;C:\Users\Dell\.gradle\caches\modules-2\files-2.1\org.jetbrains.kotlin\kotlin-daemon-embeddable\1.6.10\a56d79bcbea411fa6058e4ecffc2de73e742bd2a\kotlin-daemon-embeddable-1.6.10.jar;C:\Users\Dell\.gradle\caches\modules-2\files-2.1\org.jetbrains.intellij.deps\trove4j\1.0.20181211\216c2e14b070f334479d800987affe4054cd563f\trove4j-1.0.20181211.jar;C:\Users\Dell\.gradle\caches\modules-2\files-2.1\net.java.dev.jna\jna\5.6.0\330f2244e9030119ab3030fc3fededc86713d9cc\jna-5.6.0.jar;C:\Users\Dell\.gradle\caches\modules-2\files-2.1\org.jetbrains\annotations\13.0\919f0dfe192fb4e063e7dacadee7f8bb9a2672a9\annotations-13.0.jar;C:\Users\Dell\.gradle\caches\modules-2\files-2.1\org.jetbrains.kotlin\kotlin-stdlib-common\1.6.10\c118700e3a33c8a0d9adc920e9dec0831171925\kotlin-stdlib-common-1.6.10.jar
Launcher Type: SUN_STANDARD

[Global flags]
     intx CICompilerCount                          = 3                                         {product} {ergonomic}
     uint ConcGCThreads                            = 1                                         {product} {ergonomic}
     uint G1ConcRefinementThreads                  = 4                                         {product} {ergonomic}
   size_t G1HeapRegionSize                         = 1048576                                   {product} {ergonomic}
    uintx GCDrainStackTargetSize                   = 64                                        {product} {ergonomic}
   size_t InitialHeapSize                          = 65011712                                  {product} {ergonomic}
   size_t MarkStackSize                            = 4194304                                   {product} {ergonomic}
   size_t MaxHeapSize                              = 1025507328                                {product} {ergonomic}
   size_t MaxNewSize                               = 614465536                                 {product} {ergonomic}
   size_t MinHeapDeltaBytes                        = 1048576                                   {product} {ergonomic}
    uintx NonNMethodCodeHeapSize                   = 5830732                                {pd product} {ergonomic}
    uintx NonProfiledCodeHeapSize                  = 122913754                              {pd product} {ergonomic}
    uintx ProfiledCodeHeapSize                     = 122913754                              {pd product} {ergonomic}
    uintx ReservedCodeCacheSize                    = 251658240                              {pd product} {ergonomic}
     bool SegmentedCodeCache                       = true                                      {product} {ergonomic}
     bool UseCompressedClassPointers               = true                                 {lp64_product} {ergonomic}
     bool UseCompressedOops                        = true                                 {lp64_product} {ergonomic}
     bool UseG1GC                                  = true                                      {product} {ergonomic}
     bool UseLargePagesIndividualAllocation        = false                                  {pd product} {ergonomic}

Logging:
Log output configuration:
 #0: stdout all=warning uptime,level,tags
 #1: stderr all=off uptime,level,tags

Environment Variables:
PATH=C:\Program Files (x86)\NVIDIA Corporation\PhysX\Common;C:\Program Files (x86)\Common Files\Oracle\Java\javapath;C:\WINDOWS\system32;C:\WINDOWS;C:\WINDOWS\System32\Wbem;C:\WINDOWS\System32\WindowsPowerShell\v1.0\;C:\WINDOWS\System32\OpenSSH\;C:\Program Files\dotnet\;C:\Program Files\Microsoft VS Code\bin;C:\Program Files\MySQL\MySQL Shell 8.0\bin\;C:\Users\Dell\AppData\Local\Microsoft\WindowsApps;
USERNAME=Dell
OS=Windows_NT
PROCESSOR_IDENTIFIER=Intel64 Family 6 Model 158 Stepping 11, GenuineIntel



---------------  S Y S T E M  ---------------

OS: Windows 10 , 64 bit Build 22000 (10.0.22000.708)
OS uptime: 0 days 0:30 hours

CPU:total 4 (initial active 4) (4 cores per cpu, 1 threads per core) family 6 model 158 stepping 11 microcode 0xf0, cmov, cx8, fxsr, mmx, sse, sse2, sse3, ssse3, sse4.1, sse4.2, popcnt, avx, avx2, aes, clmul, erms, 3dnowpref, lzcnt, tsc, tscinvbit, bmi1, bmi2, adx, fma

Memory: 4k page, system-wide physical 3906M (338M free)
TotalPageFile size 8002M (AvailPageFile size 4M)
current process WorkingSet (physical memory assigned to process): 240M, peak: 240M
current process commit charge ("private bytes"): 270M, peak: 270M

vm_info: OpenJDK 64-Bit Server VM (11.0.12+7-b1504.28-7817840) for windows-amd64 JRE (11.0.12+7-b1504.28-7817840), built on Oct 13 2021 22:12:33 by "builder" with MS VC++ 14.0 (VS2015)

END.
