#
# There is insufficient memory for the Java Runtime Environment to continue.
# Native memory allocation (mmap) failed to map 39845888 bytes for Failed to commit area from 0x000000008bc00000 to 0x000000008e200000 of length 39845888.
# Possible reasons:
#   The system is out of physical RAM or swap space
#   The process is running with CompressedOops enabled, and the Java Heap may be blocking the growth of the native heap
# Possible solutions:
#   Reduce memory load on the system
#   Increase physical memory or swap space
#   Check if swap backing store is full
#   Decrease Java heap size (-Xmx/-Xms)
#   Decrease number of Java threads
#   Decrease Java thread stack sizes (-Xss)
#   Set larger code cache with -XX:ReservedCodeCacheSize=
#   JVM is running with Unscaled Compressed Oops mode in which the Java heap is
#     placed in the first 4GB address space. The Java Heap base address is the
#     maximum limit for the native heap growth. Please use -XX:HeapBaseMinAddress
#     to set the Java Heap base and to place the Java Heap above 4GB virtual address.
# This output file may be truncated or incomplete.
#
#  Out of Memory Error (./src/hotspot/os/windows/os_windows.cpp:3521), pid=13140, tid=12560
#
# JRE version: OpenJDK Runtime Environment (11.0.12+7) (build 11.0.12+7-b1504.28-7817840)
# Java VM: OpenJDK 64-Bit Server VM (11.0.12+7-b1504.28-7817840, mixed mode, tiered, compressed oops, g1 gc, windows-amd64)
# No core dump will be written. Minidumps are not enabled by default on client versions of Windows
#

---------------  S U M M A R Y ------------

Command Line: --add-opens=java.base/java.util=ALL-UNNAMED --add-opens=java.base/java.lang=ALL-UNNAMED --add-opens=java.base/java.lang.invoke=ALL-UNNAMED --add-opens=java.base/java.util=ALL-UNNAMED --add-opens=java.prefs/java.util.prefs=ALL-UNNAMED --add-opens=java.prefs/java.util.prefs=ALL-UNNAMED --add-opens=java.base/java.nio.charset=ALL-UNNAMED --add-opens=java.base/java.net=ALL-UNNAMED --add-opens=java.base/java.util.concurrent.atomic=ALL-UNNAMED -Xmx2048m -Dfile.encoding=UTF-8 -Duser.country=US -Duser.language=en -Duser.variant org.gradle.launcher.daemon.bootstrap.GradleDaemon 7.3.3

Host: Intel(R) Core(TM) i3-8100 CPU @ 3.60GHz, 4 cores, 3G,  Windows 10 , 64 bit Build 22000 (10.0.22000.708)
Time: Tue Aug 23 11:50:57 2022 India Standard Time elapsed time: 13.981560 seconds (0d 0h 0m 13s)

---------------  T H R E A D  ---------------

Current thread (0x00000243bc194000):  VMThread "VM Thread" [stack: 0x000000acbd200000,0x000000acbd300000] [id=12560]

Stack: [0x000000acbd200000,0x000000acbd300000]
[error occurred during error reporting (printing stack bounds), id 0xc0000005, EXCEPTION_ACCESS_VIOLATION (0xc0000005) at pc=0x00000243a60f112d]

Native frames: (J=compiled Java code, j=interpreted, Vv=VM code, C=native code)
V  [jvm.dll+0x5fbcea]
V  [jvm.dll+0x731905]
V  [jvm.dll+0x732f1d]
V  [jvm.dll+0x733535]
V  [jvm.dll+0x7334eb]
V  [jvm.dll+0x5fb080]
V  [jvm.dll+0x5fb818]
C  [ntdll.dll+0xa8fcf]
C  [ntdll.dll+0x35e9a]
C  [ntdll.dll+0xa7fde]
C  0x00000243a60f112d

VM_Operation (0x000000acbe6f6470): G1CollectForAllocation, mode: safepoint, requested by thread 0x00000243bf106000


---------------  P R O C E S S  ---------------

Threads class SMR info:
_java_thread_list=0x00000243bf7aaf50, length=81, elements={
0x00000243a25dc000, 0x00000243bc199800, 0x00000243bc1a5000, 0x00000243bcb21800,
0x00000243bcb24800, 0x00000243bcb26000, 0x00000243bcb2a000, 0x00000243bc1fb800,
0x00000243bc21e800, 0x00000243bcc81000, 0x00000243bd67b000, 0x00000243bd98c000,
0x00000243befb1800, 0x00000243be6ee800, 0x00000243bde02000, 0x00000243bd987000,
0x00000243bf106000, 0x00000243be4e3000, 0x00000243bdb10000, 0x00000243be918800,
0x00000243be91d000, 0x00000243be91e000, 0x00000243be91f000, 0x00000243be919000,
0x00000243be91b000, 0x00000243be91a000, 0x00000243be91b800, 0x00000243be91c800,
0x00000243c01df800, 0x00000243c01da000, 0x00000243c01dd800, 0x00000243c01e0800,
0x00000243c01df000, 0x00000243c01de000, 0x00000243c01e1800, 0x00000243c01e2000,
0x00000243c01dc800, 0x00000243c01e6000, 0x00000243c01e8000, 0x00000243c01e8800,
0x00000243c01e3000, 0x00000243c01e4000, 0x00000243c01e7000, 0x00000243c01e4800,
0x00000243c01e5800, 0x00000243c2982000, 0x00000243c2983000, 0x00000243c2981800,
0x00000243c297d800, 0x00000243c2984000, 0x00000243c2980800, 0x00000243c297e000,
0x00000243c2984800, 0x00000243c297f000, 0x00000243c2985800, 0x00000243c297f800,
0x00000243c2989800, 0x00000243c298c000, 0x00000243c298b000, 0x00000243c2986800,
0x00000243c298a800, 0x00000243c2987000, 0x00000243c2988000, 0x00000243c2988800,
0x00000243bd8fa000, 0x00000243bd8fd800, 0x00000243bd8fe800, 0x00000243bd8fb000,
0x00000243bd901800, 0x00000243bd8fc000, 0x00000243bd900000, 0x00000243bd8ff000,
0x00000243bd900800, 0x00000243bd902800, 0x00000243bd8fc800, 0x00000243bd909000,
0x00000243bd903000, 0x00000243bd904000, 0x00000243bd907000, 0x00000243bd905800,
0x00000243bdd12800
}

Java Threads: ( => current thread )
  0x00000243a25dc000 JavaThread "main" [_thread_blocked, id=12836, stack(0x000000acbcc00000,0x000000acbcd00000)]
  0x00000243bc199800 JavaThread "Reference Handler" daemon [_thread_blocked, id=12900, stack(0x000000acbd300000,0x000000acbd400000)]
  0x00000243bc1a5000 JavaThread "Finalizer" daemon [_thread_blocked, id=6696, stack(0x000000acbd400000,0x000000acbd500000)]
  0x00000243bcb21800 JavaThread "Signal Dispatcher" daemon [_thread_blocked, id=9560, stack(0x000000acbd500000,0x000000acbd600000)]
  0x00000243bcb24800 JavaThread "Attach Listener" daemon [_thread_blocked, id=12932, stack(0x000000acbd600000,0x000000acbd700000)]
  0x00000243bcb26000 JavaThread "Service Thread" daemon [_thread_blocked, id=12920, stack(0x000000acbd700000,0x000000acbd800000)]
  0x00000243bcb2a000 JavaThread "C2 CompilerThread0" daemon [_thread_blocked, id=6640, stack(0x000000acbd800000,0x000000acbd900000)]
  0x00000243bc1fb800 JavaThread "C1 CompilerThread0" daemon [_thread_blocked, id=12928, stack(0x000000acbd900000,0x000000acbda00000)]
  0x00000243bc21e800 JavaThread "Sweeper thread" daemon [_thread_blocked, id=12276, stack(0x000000acbda00000,0x000000acbdb00000)]
  0x00000243bcc81000 JavaThread "Common-Cleaner" daemon [_thread_blocked, id=12908, stack(0x000000acbdb00000,0x000000acbdc00000)]
  0x00000243bd67b000 JavaThread "Daemon health stats" [_thread_blocked, id=9092, stack(0x000000acbde00000,0x000000acbdf00000)]
  0x00000243bd98c000 JavaThread "Incoming local TCP Connector on port 50724" [_thread_in_native, id=13156, stack(0x000000acbe100000,0x000000acbe200000)]
  0x00000243befb1800 JavaThread "Daemon" [_thread_blocked, id=12844, stack(0x000000acbe200000,0x000000acbe300000)]
  0x00000243be6ee800 JavaThread "Daemon periodic checks" [_thread_blocked, id=6916, stack(0x000000acbe300000,0x000000acbe400000)]
  0x00000243bde02000 JavaThread "Handler for socket connection from /127.0.0.1:50724 to /127.0.0.1:50725" [_thread_in_native, id=11388, stack(0x000000acbe400000,0x000000acbe500000)]
  0x00000243bd987000 JavaThread "Cancel handler" [_thread_blocked, id=12388, stack(0x000000acbe500000,0x000000acbe600000)]
  0x00000243bf106000 JavaThread "Daemon worker" [_thread_blocked, id=12396, stack(0x000000acbe600000,0x000000acbe700000)]
  0x00000243be4e3000 JavaThread "Asynchronous log dispatcher for DefaultDaemonConnection: socket connection from /127.0.0.1:50724 to /127.0.0.1:50725" [_thread_blocked, id=6668, stack(0x000000acbe700000,0x000000acbe800000)]
  0x00000243bdb10000 JavaThread "Stdin handler" [_thread_blocked, id=12520, stack(0x000000acbe800000,0x000000acbe900000)]
  0x00000243be918800 JavaThread "Daemon client event forwarder" [_thread_blocked, id=1252, stack(0x000000acbe900000,0x000000acbea00000)]
  0x00000243be91d000 JavaThread "Cache worker for journal cache (C:\Users\Dell\.gradle\caches\journal-1)" [_thread_blocked, id=12248, stack(0x000000acbea00000,0x000000acbeb00000)]
  0x00000243be91e000 JavaThread "File lock request listener" [_thread_in_native, id=13184, stack(0x000000acbeb00000,0x000000acbec00000)]
  0x00000243be91f000 JavaThread "Cache worker for file hash cache (C:\Users\Dell\.gradle\caches\7.3.3\fileHashes)" [_thread_blocked, id=12548, stack(0x000000acbec00000,0x000000acbed00000)]
  0x00000243be919000 JavaThread "Cache worker for file hash cache (C:\Users\Dell\Viwall\.gradle\7.3.3\fileHashes)" [_thread_blocked, id=12496, stack(0x000000acbed00000,0x000000acbee00000)]
  0x00000243be91b000 JavaThread "File watcher server" daemon [_thread_in_native, id=12516, stack(0x000000acbee00000,0x000000acbef00000)]
  0x00000243be91a000 JavaThread "File watcher consumer" daemon [_thread_blocked, id=2916, stack(0x000000acbef00000,0x000000acbf000000)]
  0x00000243be91b800 JavaThread "jar transforms" [_thread_blocked, id=12236, stack(0x000000acbf000000,0x000000acbf100000)]
  0x00000243be91c800 JavaThread "jar transforms Thread 2" [_thread_blocked, id=12356, stack(0x000000acbf100000,0x000000acbf200000)]
  0x00000243c01df800 JavaThread "jar transforms Thread 3" [_thread_blocked, id=280, stack(0x000000acbf200000,0x000000acbf300000)]
  0x00000243c01da000 JavaThread "jar transforms Thread 4" [_thread_blocked, id=7604, stack(0x000000acbf300000,0x000000acbf400000)]
  0x00000243c01dd800 JavaThread "Cache worker for checksums cache (C:\Users\Dell\Viwall\.gradle\7.3.3\checksums)" [_thread_blocked, id=9180, stack(0x000000acbf400000,0x000000acbf500000)]
  0x00000243c01e0800 JavaThread "Cache worker for cache directory md-supplier (C:\Users\Dell\.gradle\caches\7.3.3\md-supplier)" [_thread_blocked, id=12472, stack(0x000000acbf500000,0x000000acbf600000)]
  0x00000243c01df000 JavaThread "Cache worker for cache directory md-rule (C:\Users\Dell\.gradle\caches\7.3.3\md-rule)" [_thread_blocked, id=12880, stack(0x000000acbf600000,0x000000acbf700000)]
  0x00000243c01de000 JavaThread "Cache worker for execution history cache (C:\Users\Dell\.gradle\caches\7.3.3\executionHistory)" [_thread_blocked, id=5344, stack(0x000000acbf700000,0x000000acbf800000)]
  0x00000243c01e1800 JavaThread "Cache worker for file content cache (C:\Users\Dell\.gradle\caches\7.3.3\fileContent)" [_thread_blocked, id=13228, stack(0x000000acbf800000,0x000000acbf900000)]
  0x00000243c01e2000 JavaThread "Cache worker for dependencies-accessors (C:\Users\Dell\Viwall\.gradle\7.3.3\dependencies-accessors)" [_thread_blocked, id=12512, stack(0x000000acbf900000,0x000000acbfa00000)]
  0x00000243c01dc800 JavaThread "Cache worker for Build Output Cleanup Cache (C:\Users\Dell\Viwall\.gradle\buildOutputCleanup)" [_thread_blocked, id=12096, stack(0x000000acbfa00000,0x000000acbfb00000)]
  0x00000243c01e6000 JavaThread "Unconstrained build operations" [_thread_blocked, id=5292, stack(0x000000acbfb00000,0x000000acbfc00000)]
  0x00000243c01e8000 JavaThread "Unconstrained build operations Thread 2" [_thread_blocked, id=13296, stack(0x000000acbfc00000,0x000000acbfd00000)]
  0x00000243c01e8800 JavaThread "Unconstrained build operations Thread 3" [_thread_blocked, id=7496, stack(0x000000acbfd00000,0x000000acbfe00000)]
  0x00000243c01e3000 JavaThread "Unconstrained build operations Thread 4" [_thread_blocked, id=12204, stack(0x000000acbfe00000,0x000000acbff00000)]
  0x00000243c01e4000 JavaThread "Unconstrained build operations Thread 5" [_thread_blocked, id=1348, stack(0x000000acbff00000,0x000000acc0000000)]
  0x00000243c01e7000 JavaThread "Unconstrained build operations Thread 6" [_thread_blocked, id=2484, stack(0x000000acc0000000,0x000000acc0100000)]
  0x00000243c01e4800 JavaThread "Unconstrained build operations Thread 7" [_thread_blocked, id=4376, stack(0x000000acc0100000,0x000000acc0200000)]
  0x00000243c01e5800 JavaThread "Unconstrained build operations Thread 8" [_thread_blocked, id=2256, stack(0x000000acc0200000,0x000000acc0300000)]
  0x00000243c2982000 JavaThread "Unconstrained build operations Thread 9" [_thread_blocked, id=10916, stack(0x000000acc0300000,0x000000acc0400000)]
  0x00000243c2983000 JavaThread "Unconstrained build operations Thread 10" [_thread_blocked, id=10652, stack(0x000000acc0400000,0x000000acc0500000)]
  0x00000243c2981800 JavaThread "Unconstrained build operations Thread 11" [_thread_blocked, id=11044, stack(0x000000acc0500000,0x000000acc0600000)]
  0x00000243c297d800 JavaThread "Unconstrained build operations Thread 12" [_thread_blocked, id=6020, stack(0x000000acc0600000,0x000000acc0700000)]
  0x00000243c2984000 JavaThread "Unconstrained build operations Thread 13" [_thread_blocked, id=11448, stack(0x000000acc0700000,0x000000acc0800000)]
  0x00000243c2980800 JavaThread "Unconstrained build operations Thread 14" [_thread_blocked, id=448, stack(0x000000acc0800000,0x000000acc0900000)]
  0x00000243c297e000 JavaThread "Unconstrained build operations Thread 15" [_thread_blocked, id=3816, stack(0x000000acc0900000,0x000000acc0a00000)]
  0x00000243c2984800 JavaThread "Unconstrained build operations Thread 16" [_thread_blocked, id=11276, stack(0x000000acc0a00000,0x000000acc0b00000)]
  0x00000243c297f000 JavaThread "Unconstrained build operations Thread 17" [_thread_blocked, id=13300, stack(0x000000acc0b00000,0x000000acc0c00000)]
  0x00000243c2985800 JavaThread "Unconstrained build operations Thread 18" [_thread_blocked, id=11864, stack(0x000000acc0c00000,0x000000acc0d00000)]
  0x00000243c297f800 JavaThread "Unconstrained build operations Thread 19" [_thread_blocked, id=12528, stack(0x000000acc0d00000,0x000000acc0e00000)]
  0x00000243c2989800 JavaThread "Unconstrained build operations Thread 20" [_thread_blocked, id=10692, stack(0x000000acc0e00000,0x000000acc0f00000)]
  0x00000243c298c000 JavaThread "Unconstrained build operations Thread 21" [_thread_blocked, id=8080, stack(0x000000acc0f00000,0x000000acc1000000)]
  0x00000243c298b000 JavaThread "Unconstrained build operations Thread 22" [_thread_blocked, id=12476, stack(0x000000acc1000000,0x000000acc1100000)]
  0x00000243c2986800 JavaThread "Unconstrained build operations Thread 23" [_thread_blocked, id=7428, stack(0x000000acc1100000,0x000000acc1200000)]
  0x00000243c298a800 JavaThread "Unconstrained build operations Thread 24" [_thread_blocked, id=12344, stack(0x000000acc1200000,0x000000acc1300000)]
  0x00000243c2987000 JavaThread "Unconstrained build operations Thread 25" [_thread_blocked, id=12108, stack(0x000000acc1300000,0x000000acc1400000)]
  0x00000243c2988000 JavaThread "Unconstrained build operations Thread 26" [_thread_blocked, id=3184, stack(0x000000acc1400000,0x000000acc1500000)]
  0x00000243c2988800 JavaThread "Unconstrained build operations Thread 27" [_thread_blocked, id=4076, stack(0x000000acc1500000,0x000000acc1600000)]
  0x00000243bd8fa000 JavaThread "Unconstrained build operations Thread 28" [_thread_blocked, id=12024, stack(0x000000acc1600000,0x000000acc1700000)]
  0x00000243bd8fd800 JavaThread "Unconstrained build operations Thread 29" [_thread_blocked, id=864, stack(0x000000acc1700000,0x000000acc1800000)]
  0x00000243bd8fe800 JavaThread "Unconstrained build operations Thread 30" [_thread_blocked, id=7900, stack(0x000000acc1800000,0x000000acc1900000)]
  0x00000243bd8fb000 JavaThread "Unconstrained build operations Thread 31" [_thread_blocked, id=12404, stack(0x000000acc1900000,0x000000acc1a00000)]
  0x00000243bd901800 JavaThread "Unconstrained build operations Thread 32" [_thread_blocked, id=4624, stack(0x000000acc1a00000,0x000000acc1b00000)]
  0x00000243bd8fc000 JavaThread "Unconstrained build operations Thread 33" [_thread_blocked, id=11620, stack(0x000000acc1b00000,0x000000acc1c00000)]
  0x00000243bd900000 JavaThread "Unconstrained build operations Thread 34" [_thread_blocked, id=1912, stack(0x000000acc1c00000,0x000000acc1d00000)]
  0x00000243bd8ff000 JavaThread "Unconstrained build operations Thread 35" [_thread_blocked, id=9188, stack(0x000000acc1d00000,0x000000acc1e00000)]
  0x00000243bd900800 JavaThread "Unconstrained build operations Thread 36" [_thread_blocked, id=2012, stack(0x000000acc1e00000,0x000000acc1f00000)]
  0x00000243bd902800 JavaThread "Unconstrained build operations Thread 37" [_thread_blocked, id=1880, stack(0x000000acc1f00000,0x000000acc2000000)]
  0x00000243bd8fc800 JavaThread "Unconstrained build operations Thread 38" [_thread_blocked, id=9012, stack(0x000000acc2000000,0x000000acc2100000)]
  0x00000243bd909000 JavaThread "Unconstrained build operations Thread 39" [_thread_blocked, id=8152, stack(0x000000acc2100000,0x000000acc2200000)]
  0x00000243bd903000 JavaThread "Unconstrained build operations Thread 40" [_thread_blocked, id=2560, stack(0x000000acc2200000,0x000000acc2300000)]
  0x00000243bd904000 JavaThread "Memory manager" [_thread_blocked, id=11184, stack(0x000000acc2400000,0x000000acc2500000)]
  0x00000243bd907000 JavaThread "build event listener" [_thread_blocked, id=10512, stack(0x000000acc2500000,0x000000acc2600000)]
  0x00000243bd905800 JavaThread "pool-3-thread-1" [_thread_blocked, id=8092, stack(0x000000acc2600000,0x000000acc2700000)]
  0x00000243bdd12800 JavaThread "Cache worker for execution history cache (C:\Users\Dell\Viwall\.gradle\7.3.3\executionHistory)" [_thread_blocked, id=13200, stack(0x000000acc2a00000,0x000000acc2b00000)]

Other Threads:
=>0x00000243bc194000 VMThread "VM Thread" [stack: 0x000000acbd200000,0x000000acbd300000] [id=12560]
  0x00000243bcca3000 WatcherThread [stack: 0x000000acbdc00000,0x000000acbdd00000] [id=1892]
  0x00000243a25f5800 GCTaskThread "GC Thread#0" [stack: 0x000000acbcd00000,0x000000acbce00000] [id=5740]
  0x00000243bcd4b800 GCTaskThread "GC Thread#1" [stack: 0x000000acbdd00000,0x000000acbde00000] [id=12684]
  0x00000243bd671000 GCTaskThread "GC Thread#2" [stack: 0x000000acbdf00000,0x000000acbe000000] [id=2812]
  0x00000243bde83800 GCTaskThread "GC Thread#3" [stack: 0x000000acbe000000,0x000000acbe100000] [id=4212]
  0x00000243a2628000 ConcurrentGCThread "G1 Main Marker" [stack: 0x000000acbce00000,0x000000acbcf00000] [id=8116]
  0x00000243a2629000 ConcurrentGCThread "G1 Conc#0" [stack: 0x000000acbcf00000,0x000000acbd000000] [id=8444]
  0x00000243a2682000 ConcurrentGCThread "G1 Refine#0" [stack: 0x000000acbd000000,0x000000acbd100000] [id=9608]
  0x00000243a2685000 ConcurrentGCThread "G1 Young RemSet Sampling" [stack: 0x000000acbd100000,0x000000acbd200000] [id=12916]

Threads with active compile tasks:

VM state:at safepoint (normal execution)

VM Mutex/Monitor currently owned by a thread:  ([mutex/lock_event])
[0x00000243a25d8ca0] Threads_lock - owner thread: 0x00000243bc194000
[0x00000243a25d7620] Heap_lock - owner thread: 0x00000243bf106000

Heap address: 0x0000000080000000, size: 2048 MB, Compressed Oops mode: 32-bit
Narrow klass base: 0x0000000000000000, Narrow klass shift: 3
Compressed class space size: 1073741824 Address: 0x0000000100000000

Heap:
 garbage-first heap   total 231424K, used 118703K [0x0000000080000000, 0x0000000100000000)
  region size 1024K, 2 young (2048K), 2 survivors (2048K)
 Metaspace       used 89469K, capacity 91673K, committed 91980K, reserved 1128448K
  class space    used 11537K, capacity 12297K, committed 12364K, reserved 1048576K
Heap Regions: E=young(eden), S=young(survivor), O=old, HS=humongous(starts), HC=humongous(continues), CS=collection set, F=free, A=archive, TAMS=top-at-mark-start (previous, next)
|   0|0x0000000080000000, 0x0000000080100000, 0x0000000080100000|100%| O|  |TAMS 0x0000000080100000, 0x0000000080100000| Untracked 
|   1|0x0000000080100000, 0x0000000080200000, 0x0000000080200000|100%| O|  |TAMS 0x0000000080200000, 0x0000000080200000| Untracked 
|   2|0x0000000080200000, 0x0000000080300000, 0x0000000080300000|100%| O|  |TAMS 0x0000000080300000, 0x0000000080300000| Untracked 
|   3|0x0000000080300000, 0x0000000080400000, 0x0000000080400000|100%|HS|  |TAMS 0x0000000080400000, 0x0000000080400000| Complete 
|   4|0x0000000080400000, 0x0000000080500000, 0x0000000080500000|100%|HC|  |TAMS 0x0000000080500000, 0x0000000080500000| Complete 
|   5|0x0000000080500000, 0x0000000080600000, 0x0000000080600000|100%|HC|  |TAMS 0x0000000080600000, 0x0000000080600000| Complete 
|   6|0x0000000080600000, 0x0000000080700000, 0x0000000080700000|100%| O|  |TAMS 0x0000000080700000, 0x0000000080700000| Untracked 
|   7|0x0000000080700000, 0x0000000080800000, 0x0000000080800000|100%| O|  |TAMS 0x0000000080800000, 0x0000000080800000| Untracked 
|   8|0x0000000080800000, 0x0000000080900000, 0x0000000080900000|100%| O|  |TAMS 0x0000000080900000, 0x0000000080900000| Untracked 
|   9|0x0000000080900000, 0x0000000080a00000, 0x0000000080a00000|100%| O|  |TAMS 0x0000000080a00000, 0x0000000080a00000| Untracked 
|  10|0x0000000080a00000, 0x0000000080b00000, 0x0000000080b00000|100%| O|  |TAMS 0x0000000080b00000, 0x0000000080b00000| Untracked 
|  11|0x0000000080b00000, 0x0000000080c00000, 0x0000000080c00000|100%| O|  |TAMS 0x0000000080c00000, 0x0000000080c00000| Untracked 
|  12|0x0000000080c00000, 0x0000000080d00000, 0x0000000080d00000|100%| O|  |TAMS 0x0000000080d00000, 0x0000000080d00000| Untracked 
|  13|0x0000000080d00000, 0x0000000080e00000, 0x0000000080e00000|100%| O|  |TAMS 0x0000000080e00000, 0x0000000080e00000| Untracked 
|  14|0x0000000080e00000, 0x0000000080f00000, 0x0000000080f00000|100%| O|  |TAMS 0x0000000080f00000, 0x0000000080f00000| Untracked 
|  15|0x0000000080f00000, 0x0000000081000000, 0x0000000081000000|100%| O|  |TAMS 0x0000000081000000, 0x0000000081000000| Untracked 
|  16|0x0000000081000000, 0x0000000081100000, 0x0000000081100000|100%| O|  |TAMS 0x0000000081100000, 0x0000000081100000| Untracked 
|  17|0x0000000081100000, 0x0000000081200000, 0x0000000081200000|100%|HS|  |TAMS 0x0000000081200000, 0x0000000081200000| Complete 
|  18|0x0000000081200000, 0x0000000081300000, 0x0000000081300000|100%|HC|  |TAMS 0x0000000081300000, 0x0000000081300000| Complete 
|  19|0x0000000081300000, 0x0000000081400000, 0x0000000081400000|100%|HS|  |TAMS 0x0000000081400000, 0x0000000081400000| Complete 
|  20|0x0000000081400000, 0x0000000081500000, 0x0000000081500000|100%|HC|  |TAMS 0x0000000081500000, 0x0000000081500000| Complete 
|  21|0x0000000081500000, 0x0000000081600000, 0x0000000081600000|100%|HC|  |TAMS 0x0000000081600000, 0x0000000081600000| Complete 
|  22|0x0000000081600000, 0x0000000081700000, 0x0000000081700000|100%|HS|  |TAMS 0x0000000081700000, 0x0000000081700000| Complete 
|  23|0x0000000081700000, 0x0000000081800000, 0x0000000081800000|100%|HS|  |TAMS 0x0000000081800000, 0x0000000081800000| Complete 
|  24|0x0000000081800000, 0x0000000081900000, 0x0000000081900000|100%|HC|  |TAMS 0x0000000081900000, 0x0000000081900000| Complete 
|  25|0x0000000081900000, 0x0000000081a00000, 0x0000000081a00000|100%|HC|  |TAMS 0x0000000081a00000, 0x0000000081a00000| Complete 
|  26|0x0000000081a00000, 0x0000000081b00000, 0x0000000081b00000|100%|HC|  |TAMS 0x0000000081b00000, 0x0000000081b00000| Complete 
|  27|0x0000000081b00000, 0x0000000081c00000, 0x0000000081c00000|100%| O|  |TAMS 0x0000000081c00000, 0x0000000081c00000| Untracked 
|  28|0x0000000081c00000, 0x0000000081d00000, 0x0000000081d00000|100%| O|  |TAMS 0x0000000081d00000, 0x0000000081d00000| Untracked 
|  29|0x0000000081d00000, 0x0000000081e00000, 0x0000000081e00000|100%| O|  |TAMS 0x0000000081e00000, 0x0000000081e00000| Untracked 
|  30|0x0000000081e00000, 0x0000000081f00000, 0x0000000081f00000|100%| O|  |TAMS 0x0000000081f00000, 0x0000000081f00000| Untracked 
|  31|0x0000000081f00000, 0x0000000082000000, 0x0000000082000000|100%| O|  |TAMS 0x0000000082000000, 0x0000000082000000| Untracked 
|  32|0x0000000082000000, 0x0000000082100000, 0x0000000082100000|100%| O|  |TAMS 0x0000000082100000, 0x0000000082100000| Untracked 
|  33|0x0000000082100000, 0x0000000082200000, 0x0000000082200000|100%| O|  |TAMS 0x0000000082200000, 0x0000000082200000| Untracked 
|  34|0x0000000082200000, 0x0000000082300000, 0x0000000082300000|100%| O|  |TAMS 0x0000000082300000, 0x0000000082300000| Untracked 
|  35|0x0000000082300000, 0x0000000082400000, 0x0000000082400000|100%| O|  |TAMS 0x0000000082400000, 0x0000000082400000| Untracked 
|  36|0x0000000082400000, 0x0000000082500000, 0x0000000082500000|100%| O|  |TAMS 0x0000000082500000, 0x0000000082500000| Untracked 
|  37|0x0000000082500000, 0x0000000082600000, 0x0000000082600000|100%| O|  |TAMS 0x0000000082600000, 0x0000000082600000| Untracked 
|  38|0x0000000082600000, 0x0000000082700000, 0x0000000082700000|100%|HS|  |TAMS 0x0000000082700000, 0x0000000082700000| Complete 
|  39|0x0000000082700000, 0x0000000082800000, 0x0000000082800000|100%| O|  |TAMS 0x0000000082800000, 0x0000000082800000| Untracked 
|  40|0x0000000082800000, 0x0000000082900000, 0x0000000082900000|100%| O|  |TAMS 0x0000000082900000, 0x0000000082900000| Untracked 
|  41|0x0000000082900000, 0x0000000082a00000, 0x0000000082a00000|100%| O|  |TAMS 0x0000000082a00000, 0x0000000082a00000| Untracked 
|  42|0x0000000082a00000, 0x0000000082b00000, 0x0000000082b00000|100%| O|  |TAMS 0x0000000082b00000, 0x0000000082b00000| Untracked 
|  43|0x0000000082b00000, 0x0000000082c00000, 0x0000000082c00000|100%|HS|  |TAMS 0x0000000082c00000, 0x0000000082c00000| Complete 
|  44|0x0000000082c00000, 0x0000000082d00000, 0x0000000082d00000|100%|HC|  |TAMS 0x0000000082d00000, 0x0000000082d00000| Complete 
|  45|0x0000000082d00000, 0x0000000082e00000, 0x0000000082e00000|100%|HC|  |TAMS 0x0000000082e00000, 0x0000000082e00000| Complete 
|  46|0x0000000082e00000, 0x0000000082f00000, 0x0000000082f00000|100%| O|  |TAMS 0x0000000082f00000, 0x0000000082f00000| Untracked 
|  47|0x0000000082f00000, 0x0000000083000000, 0x0000000083000000|100%| O|  |TAMS 0x0000000083000000, 0x0000000083000000| Untracked 
|  48|0x0000000083000000, 0x0000000083100000, 0x0000000083100000|100%| O|  |TAMS 0x0000000083100000, 0x0000000083100000| Untracked 
|  49|0x0000000083100000, 0x0000000083200000, 0x0000000083200000|100%| O|  |TAMS 0x0000000083200000, 0x0000000083200000| Untracked 
|  50|0x0000000083200000, 0x0000000083300000, 0x0000000083300000|100%|HS|  |TAMS 0x0000000083300000, 0x0000000083300000| Complete 
|  51|0x0000000083300000, 0x0000000083400000, 0x0000000083400000|100%|HC|  |TAMS 0x0000000083400000, 0x0000000083400000| Complete 
|  52|0x0000000083400000, 0x0000000083500000, 0x0000000083500000|100%|HC|  |TAMS 0x0000000083500000, 0x0000000083500000| Complete 
|  53|0x0000000083500000, 0x0000000083600000, 0x0000000083600000|100%|HC|  |TAMS 0x0000000083600000, 0x0000000083600000| Complete 
|  54|0x0000000083600000, 0x0000000083700000, 0x0000000083700000|100%| O|  |TAMS 0x0000000083700000, 0x0000000083700000| Untracked 
|  55|0x0000000083700000, 0x0000000083800000, 0x0000000083800000|100%| O|  |TAMS 0x0000000083800000, 0x0000000083800000| Untracked 
|  56|0x0000000083800000, 0x0000000083900000, 0x0000000083900000|100%| O|  |TAMS 0x0000000083900000, 0x0000000083900000| Untracked 
|  57|0x0000000083900000, 0x0000000083a00000, 0x0000000083a00000|100%| O|  |TAMS 0x0000000083a00000, 0x0000000083a00000| Untracked 
|  58|0x0000000083a00000, 0x0000000083b00000, 0x0000000083b00000|100%| O|  |TAMS 0x0000000083b00000, 0x0000000083b00000| Untracked 
|  59|0x0000000083b00000, 0x0000000083c00000, 0x0000000083c00000|100%| O|  |TAMS 0x0000000083c00000, 0x0000000083c00000| Untracked 
|  60|0x0000000083c00000, 0x0000000083d00000, 0x0000000083d00000|100%| O|  |TAMS 0x0000000083d00000, 0x0000000083d00000| Untracked 
|  61|0x0000000083d00000, 0x0000000083e00000, 0x0000000083e00000|100%| O|  |TAMS 0x0000000083e00000, 0x0000000083e00000| Untracked 
|  62|0x0000000083e00000, 0x0000000083f00000, 0x0000000083f00000|100%|HS|  |TAMS 0x0000000083f00000, 0x0000000083f00000| Complete 
|  63|0x0000000083f00000, 0x0000000084000000, 0x0000000084000000|100%|HS|  |TAMS 0x0000000084000000, 0x0000000084000000| Complete 
|  64|0x0000000084000000, 0x0000000084100000, 0x0000000084100000|100%|HS|  |TAMS 0x0000000084100000, 0x0000000084100000| Complete 
|  65|0x0000000084100000, 0x0000000084200000, 0x0000000084200000|100%|HS|  |TAMS 0x0000000084200000, 0x0000000084200000| Complete 
|  66|0x0000000084200000, 0x0000000084300000, 0x0000000084300000|100%|HC|  |TAMS 0x0000000084300000, 0x0000000084300000| Complete 
|  67|0x0000000084300000, 0x0000000084400000, 0x0000000084400000|100%|HC|  |TAMS 0x0000000084400000, 0x0000000084400000| Complete 
|  68|0x0000000084400000, 0x0000000084500000, 0x0000000084500000|100%|HS|  |TAMS 0x0000000084500000, 0x0000000084500000| Complete 
|  69|0x0000000084500000, 0x0000000084600000, 0x0000000084600000|100%|HC|  |TAMS 0x0000000084600000, 0x0000000084600000| Complete 
|  70|0x0000000084600000, 0x0000000084700000, 0x0000000084700000|100%| O|  |TAMS 0x0000000084700000, 0x0000000084700000| Untracked 
|  71|0x0000000084700000, 0x0000000084800000, 0x0000000084800000|100%| O|  |TAMS 0x0000000084800000, 0x0000000084800000| Untracked 
|  72|0x0000000084800000, 0x0000000084900000, 0x0000000084900000|100%| O|  |TAMS 0x0000000084900000, 0x0000000084900000| Untracked 
|  73|0x0000000084900000, 0x0000000084a00000, 0x0000000084a00000|100%| O|  |TAMS 0x0000000084a00000, 0x0000000084a00000| Untracked 
|  74|0x0000000084a00000, 0x0000000084b00000, 0x0000000084b00000|100%| O|  |TAMS 0x0000000084b00000, 0x0000000084b00000| Untracked 
|  75|0x0000000084b00000, 0x0000000084c00000, 0x0000000084c00000|100%| O|  |TAMS 0x0000000084c00000, 0x0000000084c00000| Untracked 
|  76|0x0000000084c00000, 0x0000000084d00000, 0x0000000084d00000|100%| O|  |TAMS 0x0000000084d00000, 0x0000000084d00000| Untracked 
|  77|0x0000000084d00000, 0x0000000084e00000, 0x0000000084e00000|100%| O|  |TAMS 0x0000000084e00000, 0x0000000084e00000| Untracked 
|  78|0x0000000084e00000, 0x0000000084f00000, 0x0000000084f00000|100%| O|  |TAMS 0x0000000084f00000, 0x0000000084f00000| Untracked 
|  79|0x0000000084f00000, 0x0000000085000000, 0x0000000085000000|100%| O|  |TAMS 0x0000000085000000, 0x0000000085000000| Untracked 
|  80|0x0000000085000000, 0x0000000085100000, 0x0000000085100000|100%| O|  |TAMS 0x0000000085100000, 0x0000000085100000| Untracked 
|  81|0x0000000085100000, 0x0000000085200000, 0x0000000085200000|100%| O|  |TAMS 0x0000000085200000, 0x0000000085200000| Untracked 
|  82|0x0000000085200000, 0x0000000085300000, 0x0000000085300000|100%| O|  |TAMS 0x0000000085300000, 0x0000000085300000| Untracked 
|  83|0x0000000085300000, 0x0000000085400000, 0x0000000085400000|100%| O|  |TAMS 0x0000000085400000, 0x0000000085400000| Untracked 
|  84|0x0000000085400000, 0x0000000085500000, 0x0000000085500000|100%| O|  |TAMS 0x0000000085500000, 0x0000000085500000| Untracked 
|  85|0x0000000085500000, 0x0000000085600000, 0x0000000085600000|100%| O|  |TAMS 0x0000000085600000, 0x0000000085600000| Untracked 
|  86|0x0000000085600000, 0x0000000085700000, 0x0000000085700000|100%| O|  |TAMS 0x0000000085700000, 0x0000000085700000| Untracked 
|  87|0x0000000085700000, 0x0000000085800000, 0x0000000085800000|100%| O|  |TAMS 0x0000000085800000, 0x0000000085800000| Untracked 
|  88|0x0000000085800000, 0x0000000085900000, 0x0000000085900000|100%| O|  |TAMS 0x0000000085900000, 0x0000000085900000| Untracked 
|  89|0x0000000085900000, 0x0000000085a00000, 0x0000000085a00000|100%| O|  |TAMS 0x0000000085a00000, 0x0000000085a00000| Untracked 
|  90|0x0000000085a00000, 0x0000000085b00000, 0x0000000085b00000|100%| O|  |TAMS 0x0000000085b00000, 0x0000000085b00000| Untracked 
|  91|0x0000000085b00000, 0x0000000085c00000, 0x0000000085c00000|100%| O|  |TAMS 0x0000000085bfda00, 0x0000000085c00000| Untracked 
|  92|0x0000000085c00000, 0x0000000085d00000, 0x0000000085d00000|100%|HS|  |TAMS 0x0000000085c00000, 0x0000000085d00000| Complete 
|  93|0x0000000085d00000, 0x0000000085e00000, 0x0000000085e00000|100%|HC|  |TAMS 0x0000000085d00000, 0x0000000085e00000| Complete 
|  94|0x0000000085e00000, 0x0000000085f00000, 0x0000000085f00000|100%|HS|  |TAMS 0x0000000085e00000, 0x0000000085f00000| Complete 
|  95|0x0000000085f00000, 0x0000000086000000, 0x0000000086000000|100%|HC|  |TAMS 0x0000000085f00000, 0x0000000086000000| Complete 
|  96|0x0000000086000000, 0x0000000086100000, 0x0000000086100000|100%|HC|  |TAMS 0x0000000086000000, 0x0000000086100000| Complete 
|  97|0x0000000086100000, 0x0000000086200000, 0x0000000086200000|100%|HS|  |TAMS 0x0000000086100000, 0x0000000086200000| Complete 
|  98|0x0000000086200000, 0x0000000086300000, 0x0000000086300000|100%|HS|  |TAMS 0x0000000086200000, 0x0000000086300000| Complete 
|  99|0x0000000086300000, 0x0000000086400000, 0x0000000086400000|100%|HC|  |TAMS 0x0000000086300000, 0x0000000086400000| Complete 
| 100|0x0000000086400000, 0x0000000086500000, 0x0000000086500000|100%|HC|  |TAMS 0x0000000086400000, 0x0000000086500000| Complete 
| 101|0x0000000086500000, 0x0000000086600000, 0x0000000086600000|100%|HC|  |TAMS 0x0000000086500000, 0x0000000086600000| Complete 
| 102|0x0000000086600000, 0x0000000086700000, 0x0000000086700000|100%| O|  |TAMS 0x0000000086600000, 0x0000000086700000| Untracked 
| 103|0x0000000086700000, 0x0000000086800000, 0x0000000086800000|100%| O|  |TAMS 0x0000000086700000, 0x0000000086800000| Untracked 
| 104|0x0000000086800000, 0x0000000086900000, 0x0000000086900000|100%| O|  |TAMS 0x0000000086800000, 0x0000000086900000| Untracked 
| 105|0x0000000086900000, 0x0000000086a00000, 0x0000000086a00000|100%| O|  |TAMS 0x0000000086900000, 0x0000000086a00000| Untracked 
| 106|0x0000000086a00000, 0x0000000086b00000, 0x0000000086b00000|100%| O|  |TAMS 0x0000000086a00000, 0x0000000086b00000| Untracked 
| 107|0x0000000086b00000, 0x0000000086c00000, 0x0000000086c00000|100%| O|  |TAMS 0x0000000086b00000, 0x0000000086c00000| Untracked 
| 108|0x0000000086c00000, 0x0000000086d00000, 0x0000000086d00000|100%| O|  |TAMS 0x0000000086c00000, 0x0000000086d00000| Untracked 
| 109|0x0000000086d00000, 0x0000000086e00000, 0x0000000086e00000|100%| O|  |TAMS 0x0000000086d00000, 0x0000000086e00000| Untracked 
| 110|0x0000000086e00000, 0x0000000086f00000, 0x0000000086f00000|100%| O|  |TAMS 0x0000000086e00000, 0x0000000086f00000| Untracked 
| 111|0x0000000086f00000, 0x0000000087000000, 0x0000000087000000|100%| O|  |TAMS 0x0000000086f00000, 0x0000000087000000| Untracked 
| 112|0x0000000087000000, 0x0000000087100000, 0x0000000087100000|100%| O|  |TAMS 0x0000000087000000, 0x0000000087100000| Untracked 
| 113|0x0000000087100000, 0x0000000087200000, 0x0000000087200000|100%| O|  |TAMS 0x0000000087100000, 0x0000000087200000| Untracked 
| 114|0x0000000087200000, 0x0000000087270400, 0x0000000087300000| 43%| O|  |TAMS 0x0000000087200000, 0x0000000087270400| Untracked 
| 115|0x0000000087300000, 0x0000000087300000, 0x0000000087400000|  0%| F|  |TAMS 0x0000000087300000, 0x0000000087300000| Untracked 
| 116|0x0000000087400000, 0x0000000087400000, 0x0000000087500000|  0%| F|  |TAMS 0x0000000087400000, 0x0000000087400000| Untracked 
| 117|0x0000000087500000, 0x0000000087500000, 0x0000000087600000|  0%| F|  |TAMS 0x0000000087500000, 0x0000000087500000| Untracked 
| 118|0x0000000087600000, 0x0000000087600000, 0x0000000087700000|  0%| F|  |TAMS 0x0000000087600000, 0x0000000087600000| Untracked 
| 119|0x0000000087700000, 0x0000000087700000, 0x0000000087800000|  0%| F|  |TAMS 0x0000000087700000, 0x0000000087700000| Untracked 
| 120|0x0000000087800000, 0x0000000087800000, 0x0000000087900000|  0%| F|  |TAMS 0x0000000087800000, 0x0000000087800000| Untracked 
| 121|0x0000000087900000, 0x0000000087900000, 0x0000000087a00000|  0%| F|  |TAMS 0x0000000087900000, 0x0000000087900000| Untracked 
| 122|0x0000000087a00000, 0x0000000087a00000, 0x0000000087b00000|  0%| F|  |TAMS 0x0000000087a00000, 0x0000000087a00000| Untracked 
| 123|0x0000000087b00000, 0x0000000087b00000, 0x0000000087c00000|  0%| F|  |TAMS 0x0000000087b00000, 0x0000000087b00000| Untracked 
| 124|0x0000000087c00000, 0x0000000087c00000, 0x0000000087d00000|  0%| F|  |TAMS 0x0000000087c00000, 0x0000000087c00000| Untracked 
| 125|0x0000000087d00000, 0x0000000087d00000, 0x0000000087e00000|  0%| F|  |TAMS 0x0000000087d00000, 0x0000000087d00000| Untracked 
| 126|0x0000000087e00000, 0x0000000087e00000, 0x0000000087f00000|  0%| F|  |TAMS 0x0000000087e00000, 0x0000000087e00000| Untracked 
| 127|0x0000000087f00000, 0x0000000087f00000, 0x0000000088000000|  0%| F|  |TAMS 0x0000000087f00000, 0x0000000087f00000| Untracked 
| 128|0x0000000088000000, 0x0000000088000000, 0x0000000088100000|  0%| F|  |TAMS 0x0000000088000000, 0x0000000088000000| Untracked 
| 129|0x0000000088100000, 0x0000000088100000, 0x0000000088200000|  0%| F|  |TAMS 0x0000000088100000, 0x0000000088100000| Untracked 
| 130|0x0000000088200000, 0x0000000088200000, 0x0000000088300000|  0%| F|  |TAMS 0x0000000088200000, 0x0000000088200000| Untracked 
| 131|0x0000000088300000, 0x0000000088300000, 0x0000000088400000|  0%| F|  |TAMS 0x0000000088300000, 0x0000000088300000| Untracked 
| 132|0x0000000088400000, 0x0000000088400000, 0x0000000088500000|  0%| F|  |TAMS 0x0000000088400000, 0x0000000088400000| Untracked 
| 133|0x0000000088500000, 0x0000000088500000, 0x0000000088600000|  0%| F|  |TAMS 0x0000000088500000, 0x0000000088500000| Untracked 
| 134|0x0000000088600000, 0x0000000088600000, 0x0000000088700000|  0%| F|  |TAMS 0x0000000088600000, 0x0000000088600000| Untracked 
| 135|0x0000000088700000, 0x0000000088700000, 0x0000000088800000|  0%| F|  |TAMS 0x0000000088700000, 0x0000000088700000| Untracked 
| 136|0x0000000088800000, 0x0000000088800000, 0x0000000088900000|  0%| F|  |TAMS 0x0000000088800000, 0x0000000088800000| Untracked 
| 137|0x0000000088900000, 0x0000000088900000, 0x0000000088a00000|  0%| F|  |TAMS 0x0000000088900000, 0x0000000088900000| Untracked 
| 138|0x0000000088a00000, 0x0000000088a00000, 0x0000000088b00000|  0%| F|  |TAMS 0x0000000088a00000, 0x0000000088a00000| Untracked 
| 139|0x0000000088b00000, 0x0000000088b00000, 0x0000000088c00000|  0%| F|  |TAMS 0x0000000088b00000, 0x0000000088b00000| Untracked 
| 140|0x0000000088c00000, 0x0000000088c00000, 0x0000000088d00000|  0%| F|  |TAMS 0x0000000088c00000, 0x0000000088c00000| Untracked 
| 141|0x0000000088d00000, 0x0000000088d00000, 0x0000000088e00000|  0%| F|  |TAMS 0x0000000088d00000, 0x0000000088d00000| Untracked 
| 142|0x0000000088e00000, 0x0000000088e00000, 0x0000000088f00000|  0%| F|  |TAMS 0x0000000088e00000, 0x0000000088e00000| Untracked 
| 143|0x0000000088f00000, 0x0000000088f00000, 0x0000000089000000|  0%| F|  |TAMS 0x0000000088f00000, 0x0000000088f00000| Untracked 
| 144|0x0000000089000000, 0x0000000089000000, 0x0000000089100000|  0%| F|  |TAMS 0x0000000089000000, 0x0000000089000000| Untracked 
| 145|0x0000000089100000, 0x0000000089100000, 0x0000000089200000|  0%| F|  |TAMS 0x0000000089100000, 0x0000000089100000| Untracked 
| 146|0x0000000089200000, 0x0000000089200000, 0x0000000089300000|  0%| F|  |TAMS 0x0000000089200000, 0x0000000089200000| Untracked 
| 147|0x0000000089300000, 0x0000000089300000, 0x0000000089400000|  0%| F|  |TAMS 0x0000000089300000, 0x0000000089300000| Untracked 
| 148|0x0000000089400000, 0x0000000089400000, 0x0000000089500000|  0%| F|  |TAMS 0x0000000089400000, 0x0000000089400000| Untracked 
| 149|0x0000000089500000, 0x0000000089500000, 0x0000000089600000|  0%| F|  |TAMS 0x0000000089500000, 0x0000000089500000| Untracked 
| 150|0x0000000089600000, 0x0000000089600000, 0x0000000089700000|  0%| F|  |TAMS 0x0000000089600000, 0x0000000089600000| Untracked 
| 151|0x0000000089700000, 0x0000000089700000, 0x0000000089800000|  0%| F|  |TAMS 0x0000000089700000, 0x0000000089700000| Untracked 
| 152|0x0000000089800000, 0x0000000089800000, 0x0000000089900000|  0%| F|  |TAMS 0x0000000089800000, 0x0000000089800000| Untracked 
| 153|0x0000000089900000, 0x0000000089900000, 0x0000000089a00000|  0%| F|  |TAMS 0x0000000089900000, 0x0000000089900000| Untracked 
| 154|0x0000000089a00000, 0x0000000089a00000, 0x0000000089b00000|  0%| F|  |TAMS 0x0000000089a00000, 0x0000000089a00000| Untracked 
| 155|0x0000000089b00000, 0x0000000089b00000, 0x0000000089c00000|  0%| F|  |TAMS 0x0000000089b00000, 0x0000000089b00000| Untracked 
| 156|0x0000000089c00000, 0x0000000089c00000, 0x0000000089d00000|  0%| F|  |TAMS 0x0000000089c00000, 0x0000000089c00000| Untracked 
| 157|0x0000000089d00000, 0x0000000089d00000, 0x0000000089e00000|  0%| F|  |TAMS 0x0000000089d00000, 0x0000000089d00000| Untracked 
| 158|0x0000000089e00000, 0x0000000089e00000, 0x0000000089f00000|  0%| F|  |TAMS 0x0000000089e00000, 0x0000000089e00000| Untracked 
| 159|0x0000000089f00000, 0x0000000089f00000, 0x000000008a000000|  0%| F|  |TAMS 0x0000000089f00000, 0x0000000089f00000| Untracked 
| 160|0x000000008a000000, 0x000000008a000000, 0x000000008a100000|  0%| F|  |TAMS 0x000000008a000000, 0x000000008a000000| Untracked 
| 161|0x000000008a100000, 0x000000008a100000, 0x000000008a200000|  0%| F|  |TAMS 0x000000008a100000, 0x000000008a100000| Untracked 
| 162|0x000000008a200000, 0x000000008a200000, 0x000000008a300000|  0%| F|  |TAMS 0x000000008a200000, 0x000000008a200000| Untracked 
| 163|0x000000008a300000, 0x000000008a300000, 0x000000008a400000|  0%| F|  |TAMS 0x000000008a300000, 0x000000008a300000| Untracked 
| 164|0x000000008a400000, 0x000000008a400000, 0x000000008a500000|  0%| F|  |TAMS 0x000000008a400000, 0x000000008a400000| Untracked 
| 165|0x000000008a500000, 0x000000008a500000, 0x000000008a600000|  0%| F|  |TAMS 0x000000008a500000, 0x000000008a500000| Untracked 
| 166|0x000000008a600000, 0x000000008a600000, 0x000000008a700000|  0%| F|  |TAMS 0x000000008a600000, 0x000000008a600000| Untracked 
| 167|0x000000008a700000, 0x000000008a700000, 0x000000008a800000|  0%| F|  |TAMS 0x000000008a700000, 0x000000008a700000| Untracked 
| 168|0x000000008a800000, 0x000000008a800000, 0x000000008a900000|  0%| F|  |TAMS 0x000000008a800000, 0x000000008a800000| Untracked 
| 169|0x000000008a900000, 0x000000008a900000, 0x000000008aa00000|  0%| F|  |TAMS 0x000000008a900000, 0x000000008a900000| Untracked 
| 170|0x000000008aa00000, 0x000000008aa00000, 0x000000008ab00000|  0%| F|  |TAMS 0x000000008aa00000, 0x000000008aa00000| Untracked 
| 171|0x000000008ab00000, 0x000000008ab00000, 0x000000008ac00000|  0%| F|  |TAMS 0x000000008ab00000, 0x000000008ab00000| Untracked 
| 172|0x000000008ac00000, 0x000000008ac00000, 0x000000008ad00000|  0%| F|  |TAMS 0x000000008ac00000, 0x000000008ac00000| Untracked 
| 173|0x000000008ad00000, 0x000000008ad00000, 0x000000008ae00000|  0%| F|  |TAMS 0x000000008ad00000, 0x000000008ad00000| Untracked 
| 174|0x000000008ae00000, 0x000000008ae00000, 0x000000008af00000|  0%| F|  |TAMS 0x000000008ae00000, 0x000000008ae00000| Untracked 
| 175|0x000000008af00000, 0x000000008af7b820, 0x000000008b000000| 48%| S|CS|TAMS 0x000000008af00000, 0x000000008af00000| Complete 
| 176|0x000000008b000000, 0x000000008b100000, 0x000000008b100000|100%| S|CS|TAMS 0x000000008b000000, 0x000000008b000000| Complete 
| 177|0x000000008b100000, 0x000000008b100000, 0x000000008b200000|  0%| F|  |TAMS 0x000000008b100000, 0x000000008b100000| Untracked 
| 178|0x000000008b200000, 0x000000008b200000, 0x000000008b300000|  0%| F|  |TAMS 0x000000008b200000, 0x000000008b200000| Untracked 
| 179|0x000000008b300000, 0x000000008b300000, 0x000000008b400000|  0%| F|  |TAMS 0x000000008b300000, 0x000000008b300000| Untracked 
| 180|0x000000008b400000, 0x000000008b400000, 0x000000008b500000|  0%| F|  |TAMS 0x000000008b400000, 0x000000008b400000| Untracked 
| 181|0x000000008b500000, 0x000000008b500000, 0x000000008b600000|  0%| F|  |TAMS 0x000000008b500000, 0x000000008b500000| Untracked 
| 182|0x000000008b600000, 0x000000008b600000, 0x000000008b700000|  0%| F|  |TAMS 0x000000008b600000, 0x000000008b600000| Untracked 
| 183|0x000000008b700000, 0x000000008b700000, 0x000000008b800000|  0%| F|  |TAMS 0x000000008b700000, 0x000000008b700000| Untracked 
| 184|0x000000008b800000, 0x000000008b800000, 0x000000008b900000|  0%| F|  |TAMS 0x000000008b800000, 0x000000008b800000| Untracked 
| 185|0x000000008b900000, 0x000000008b900000, 0x000000008ba00000|  0%| F|  |TAMS 0x000000008b900000, 0x000000008b900000| Untracked 
| 186|0x000000008ba00000, 0x000000008ba00000, 0x000000008bb00000|  0%| F|  |TAMS 0x000000008ba00000, 0x000000008ba00000| Untracked 
| 187|0x000000008bb00000, 0x000000008bb00000, 0x000000008bc00000|  0%| F|  |TAMS 0x000000008bb00000, 0x000000008bb00000| Untracked 

Card table byte_map: [0x00000243b54f0000,0x00000243b58f0000] _byte_map_base: 0x00000243b50f0000

Marking Bits (Prev, Next): (CMBitMap*) 0x00000243a261f158, (CMBitMap*) 0x00000243a261f190
 Prev Bits: [0x00000243b5cf0000, 0x00000243b7cf0000)
 Next Bits: [0x00000243b7cf0000, 0x00000243b9cf0000)

Polling page: 0x00000243a1dc0000

Metaspace:

Usage:
  Non-class:     77.52 MB capacity,    76.10 MB ( 98%) used,     1.19 MB (  2%) free+waste,   229.63 KB ( <1%) overhead. 
      Class:     12.01 MB capacity,    11.27 MB ( 94%) used,   652.49 KB (  5%) free+waste,   106.56 KB ( <1%) overhead. 
       Both:     89.52 MB capacity,    87.37 MB ( 98%) used,     1.82 MB (  2%) free+waste,   336.19 KB ( <1%) overhead. 

Virtual space:
  Non-class space:       78.00 MB reserved,      77.75 MB (>99%) committed 
      Class space:        1.00 GB reserved,      12.07 MB (  1%) committed 
             Both:        1.08 GB reserved,      89.82 MB (  8%) committed 

Chunk freelists:
   Non-Class:  48.00 KB
       Class:  23.00 KB
        Both:  71.00 KB

MaxMetaspaceSize: 17179869184.00 GB
CompressedClassSpaceSize: 1.00 GB
Initial GC threshold: 20.80 MB
Current GC threshold: 143.46 MB
CDS: off

CodeHeap 'non-profiled nmethods': size=120064Kb used=4186Kb max_used=4186Kb free=115877Kb
 bounds [0x00000243adbb0000, 0x00000243adfd0000, 0x00000243b50f0000]
CodeHeap 'profiled nmethods': size=120000Kb used=17987Kb max_used=17987Kb free=102012Kb
 bounds [0x00000243a6680000, 0x00000243a7820000, 0x00000243adbb0000]
CodeHeap 'non-nmethods': size=5696Kb used=2393Kb max_used=2444Kb free=3302Kb
 bounds [0x00000243a60f0000, 0x00000243a6360000, 0x00000243a6680000]
 total_blobs=9513 nmethods=8598 adapters=827
 compilation: enabled
              stopped_count=0, restarted_count=0
 full_count=0

Compilation events (20 events):
Event: 12.513 Thread 0x00000243bcb2a000 8579       4       org.codehaus.groovy.util.SingleKeyHashMap::getOrPut (137 bytes)
Event: 12.528 Thread 0x00000243bcb2a000 nmethod 8579 0x00000243adfc0c10 code [0x00000243adfc0de0, 0x00000243adfc1918]
Event: 12.528 Thread 0x00000243bcb2a000 8581       4       org.codehaus.groovy.runtime.metaclass.MetaMethodIndex::copyNonPrivateNonNewMetaMethods (171 bytes)
Event: 12.534 Thread 0x00000243bcb2a000 nmethod 8581 0x00000243adfc1d10 code [0x00000243adfc1f00, 0x00000243adfc2430]
Event: 12.534 Thread 0x00000243bcb2a000 8605       4       java.util.zip.ZipFile::getZipEntry (325 bytes)
Event: 12.551 Thread 0x00000243bcb2a000 nmethod 8605 0x00000243adfc2810 code [0x00000243adfc2a20, 0x00000243adfc3a38]
Event: 12.551 Thread 0x00000243bcb2a000 8606       4       java.util.zip.ZipEntry::<init> (79 bytes)
Event: 12.552 Thread 0x00000243bcb2a000 nmethod 8606 0x00000243adfc4390 code [0x00000243adfc4520, 0x00000243adfc46b8]
Event: 12.552 Thread 0x00000243bcb2a000 8607       4       java.lang.StringCoding::newStringUTF8NoRepl (56 bytes)
Event: 12.557 Thread 0x00000243bcb2a000 nmethod 8607 0x00000243adfc4810 code [0x00000243adfc49c0, 0x00000243adfc4fa8]
Event: 12.557 Thread 0x00000243bcb2a000 8610       4       java.util.zip.ZipCoder$UTF8::toString (12 bytes)
Event: 12.561 Thread 0x00000243bcb2a000 nmethod 8610 0x00000243adfc5190 code [0x00000243adfc5360, 0x00000243adfc5968]
Event: 12.561 Thread 0x00000243bcb2a000 8608       4       java.util.zip.ZipFile$ZipEntryIterator::hasMoreElements (5 bytes)
Event: 12.562 Thread 0x00000243bcb2a000 nmethod 8608 0x00000243adfc5b90 code [0x00000243adfc5d20, 0x00000243adfc5d98]
Event: 12.562 Thread 0x00000243bcb2a000 8611       4       java.util.zip.ZipFile$ZipEntryIterator::nextElement (5 bytes)
Event: 12.564 Thread 0x00000243bcb2a000 nmethod 8611 0x00000243adfc5e90 code [0x00000243adfc6040, 0x00000243adfc6588]
Event: 13.139 Thread 0x00000243bc1fb800 8741       3       java.util.Spliterators::emptySpliterator (4 bytes)
Event: 13.140 Thread 0x00000243bc1fb800 nmethod 8741 0x00000243a7810710 code [0x00000243a78108c0, 0x00000243a78109b8]
Event: 13.140 Thread 0x00000243bc1fb800 8742       3       java.util.concurrent.ThreadPoolExecutor::afterExecute (1 bytes)
Event: 13.140 Thread 0x00000243bc1fb800 nmethod 8742 0x00000243a7810a10 code [0x00000243a7810bc0, 0x00000243a7810cb8]

GC Heap History (20 events):
Event: 8.282 GC heap after
{Heap after GC invocations=31 (full 0):
 garbage-first heap   total 159744K, used 80438K [0x0000000080000000, 0x0000000100000000)
  region size 1024K, 6 young (6144K), 6 survivors (6144K)
 Metaspace       used 61915K, capacity 63668K, committed 63948K, reserved 1103872K
  class space    used 7952K, capacity 8556K, committed 8652K, reserved 1048576K
}
Event: 8.804 GC heap before
{Heap before GC invocations=31 (full 0):
 garbage-first heap   total 159744K, used 115254K [0x0000000080000000, 0x0000000100000000)
  region size 1024K, 41 young (41984K), 6 survivors (6144K)
 Metaspace       used 67177K, capacity 68969K, committed 69068K, reserved 1110016K
  class space    used 8554K, capacity 9147K, committed 9164K, reserved 1048576K
}
Event: 8.808 GC heap after
{Heap after GC invocations=32 (full 0):
 garbage-first heap   total 159744K, used 82446K [0x0000000080000000, 0x0000000100000000)
  region size 1024K, 2 young (2048K), 2 survivors (2048K)
 Metaspace       used 67177K, capacity 68969K, committed 69068K, reserved 1110016K
  class space    used 8554K, capacity 9147K, committed 9164K, reserved 1048576K
}
Event: 9.281 GC heap before
{Heap before GC invocations=33 (full 0):
 garbage-first heap   total 159744K, used 118286K [0x0000000080000000, 0x0000000100000000)
  region size 1024K, 38 young (38912K), 2 survivors (2048K)
 Metaspace       used 70535K, capacity 72323K, committed 72652K, reserved 1112064K
  class space    used 8988K, capacity 9582K, committed 9676K, reserved 1048576K
}
Event: 9.286 GC heap after
{Heap after GC invocations=34 (full 0):
 garbage-first heap   total 159744K, used 85379K [0x0000000080000000, 0x0000000100000000)
  region size 1024K, 5 young (5120K), 5 survivors (5120K)
 Metaspace       used 70535K, capacity 72323K, committed 72652K, reserved 1112064K
  class space    used 8988K, capacity 9582K, committed 9676K, reserved 1048576K
}
Event: 9.559 GC heap before
{Heap before GC invocations=34 (full 0):
 garbage-first heap   total 159744K, used 115075K [0x0000000080000000, 0x0000000100000000)
  region size 1024K, 35 young (35840K), 5 survivors (5120K)
 Metaspace       used 72865K, capacity 74703K, committed 74956K, reserved 1114112K
  class space    used 9294K, capacity 9922K, committed 9932K, reserved 1048576K
}
Event: 9.567 GC heap after
{Heap after GC invocations=35 (full 0):
 garbage-first heap   total 159744K, used 87419K [0x0000000080000000, 0x0000000100000000)
  region size 1024K, 3 young (3072K), 3 survivors (3072K)
 Metaspace       used 72865K, capacity 74703K, committed 74956K, reserved 1114112K
  class space    used 9294K, capacity 9922K, committed 9932K, reserved 1048576K
}
Event: 10.025 GC heap before
{Heap before GC invocations=36 (full 0):
 garbage-first heap   total 159744K, used 125307K [0x0000000080000000, 0x0000000100000000)
  region size 1024K, 39 young (39936K), 3 survivors (3072K)
 Metaspace       used 75966K, capacity 77823K, committed 77900K, reserved 1116160K
  class space    used 9675K, capacity 10274K, committed 10316K, reserved 1048576K
}
Event: 10.029 GC heap after
{Heap after GC invocations=37 (full 0):
 garbage-first heap   total 159744K, used 88930K [0x0000000080000000, 0x0000000100000000)
  region size 1024K, 4 young (4096K), 4 survivors (4096K)
 Metaspace       used 75966K, capacity 77823K, committed 77900K, reserved 1116160K
  class space    used 9675K, capacity 10274K, committed 10316K, reserved 1048576K
}
Event: 10.206 GC heap before
{Heap before GC invocations=37 (full 0):
 garbage-first heap   total 159744K, used 125794K [0x0000000080000000, 0x0000000100000000)
  region size 1024K, 40 young (40960K), 4 survivors (4096K)
 Metaspace       used 76224K, capacity 78159K, committed 78284K, reserved 1118208K
  class space    used 9726K, capacity 10386K, committed 10444K, reserved 1048576K
}
Event: 10.214 GC heap after
{Heap after GC invocations=38 (full 0):
 garbage-first heap   total 159744K, used 92055K [0x0000000080000000, 0x0000000100000000)
  region size 1024K, 5 young (5120K), 5 survivors (5120K)
 Metaspace       used 76224K, capacity 78159K, committed 78284K, reserved 1118208K
  class space    used 9726K, capacity 10386K, committed 10444K, reserved 1048576K
}
Event: 10.628 GC heap before
{Heap before GC invocations=39 (full 0):
 garbage-first heap   total 159744K, used 128919K [0x0000000080000000, 0x0000000100000000)
  region size 1024K, 41 young (41984K), 5 survivors (5120K)
 Metaspace       used 79765K, capacity 81666K, committed 81868K, reserved 1120256K
  class space    used 10256K, capacity 10913K, committed 10956K, reserved 1048576K
}
Event: 10.637 GC heap after
{Heap after GC invocations=40 (full 0):
 garbage-first heap   total 192512K, used 94497K [0x0000000080000000, 0x0000000100000000)
  region size 1024K, 6 young (6144K), 6 survivors (6144K)
 Metaspace       used 79765K, capacity 81666K, committed 81868K, reserved 1120256K
  class space    used 10256K, capacity 10913K, committed 10956K, reserved 1048576K
}
Event: 11.119 GC heap before
{Heap before GC invocations=40 (full 0):
 garbage-first heap   total 192512K, used 144673K [0x0000000080000000, 0x0000000100000000)
  region size 1024K, 55 young (56320K), 6 survivors (6144K)
 Metaspace       used 82700K, capacity 84698K, committed 84940K, reserved 1122304K
  class space    used 10734K, capacity 11424K, committed 11468K, reserved 1048576K
}
Event: 11.127 GC heap after
{Heap after GC invocations=41 (full 0):
 garbage-first heap   total 192512K, used 97807K [0x0000000080000000, 0x0000000100000000)
  region size 1024K, 6 young (6144K), 6 survivors (6144K)
 Metaspace       used 82700K, capacity 84698K, committed 84940K, reserved 1122304K
  class space    used 10734K, capacity 11424K, committed 11468K, reserved 1048576K
}
Event: 11.493 GC heap before
{Heap before GC invocations=42 (full 0):
 garbage-first heap   total 192512K, used 125455K [0x0000000080000000, 0x0000000100000000)
  region size 1024K, 35 young (35840K), 6 survivors (6144K)
 Metaspace       used 85841K, capacity 87961K, committed 88140K, reserved 1126400K
  class space    used 11052K, capacity 11803K, committed 11852K, reserved 1048576K
}
Event: 11.502 GC heap after
{Heap after GC invocations=43 (full 0):
 garbage-first heap   total 192512K, used 101632K [0x0000000080000000, 0x0000000100000000)
  region size 1024K, 8 young (8192K), 8 survivors (8192K)
 Metaspace       used 85841K, capacity 87961K, committed 88140K, reserved 1126400K
  class space    used 11052K, capacity 11803K, committed 11852K, reserved 1048576K
}
Event: 12.249 GC heap before
{Heap before GC invocations=44 (full 0):
 garbage-first heap   total 192512K, used 160000K [0x0000000080000000, 0x0000000100000000)
  region size 1024K, 55 young (56320K), 8 survivors (8192K)
 Metaspace       used 88037K, capacity 90229K, committed 90316K, reserved 1128448K
  class space    used 11376K, capacity 12163K, committed 12236K, reserved 1048576K
}
Event: 12.262 GC heap after
{Heap after GC invocations=45 (full 0):
 garbage-first heap   total 192512K, used 116965K [0x0000000080000000, 0x0000000100000000)
  region size 1024K, 7 young (7168K), 7 survivors (7168K)
 Metaspace       used 88037K, capacity 90229K, committed 90316K, reserved 1128448K
  class space    used 11376K, capacity 12163K, committed 12236K, reserved 1048576K
}
Event: 13.940 GC heap before
{Heap before GC invocations=45 (full 0):
 garbage-first heap   total 192512K, used 127205K [0x0000000080000000, 0x0000000100000000)
  region size 1024K, 18 young (18432K), 7 survivors (7168K)
 Metaspace       used 89469K, capacity 91673K, committed 91980K, reserved 1128448K
  class space    used 11537K, capacity 12297K, committed 12364K, reserved 1048576K
}

Deoptimization events (20 events):
Event: 12.162 Thread 0x00000243bf106000 DEOPT PACKING pc=0x00000243ade604b0 sp=0x000000acbe6f9d50
Event: 12.162 Thread 0x00000243bf106000 DEOPT UNPACKING pc=0x00000243a613a1af sp=0x000000acbe6f9d10 mode 2
Event: 12.210 Thread 0x00000243bf106000 DEOPT PACKING pc=0x00000243a7514eaf sp=0x000000acbe6f8c00
Event: 12.210 Thread 0x00000243bf106000 DEOPT UNPACKING pc=0x00000243a613a95e sp=0x000000acbe6f8088 mode 0
Event: 12.213 Thread 0x00000243bf106000 Uncommon trap: trap_request=0xffffffc6 fr.pc=0x00000243ade870d0 relative=0x00000000000008f0
Event: 12.213 Thread 0x00000243bf106000 Uncommon trap: reason=bimorphic_or_optimized_type_check action=maybe_recompile pc=0x00000243ade870d0 method=java.lang.Throwable.<init>(Ljava/lang/String;Ljava/lang/Throwable;)V @ 24 c2
Event: 12.213 Thread 0x00000243bf106000 DEOPT PACKING pc=0x00000243ade870d0 sp=0x000000acbe6fbe20
Event: 12.213 Thread 0x00000243bf106000 DEOPT UNPACKING pc=0x00000243a613a1af sp=0x000000acbe6fbde8 mode 2
Event: 12.214 Thread 0x00000243bf106000 Uncommon trap: trap_request=0xffffffc6 fr.pc=0x00000243ade870d0 relative=0x00000000000008f0
Event: 12.214 Thread 0x00000243bf106000 Uncommon trap: reason=bimorphic_or_optimized_type_check action=maybe_recompile pc=0x00000243ade870d0 method=java.lang.Throwable.<init>(Ljava/lang/String;Ljava/lang/Throwable;)V @ 24 c2
Event: 12.214 Thread 0x00000243bf106000 DEOPT PACKING pc=0x00000243ade870d0 sp=0x000000acbe6fbe20
Event: 12.214 Thread 0x00000243bf106000 DEOPT UNPACKING pc=0x00000243a613a1af sp=0x000000acbe6fbde8 mode 2
Event: 12.270 Thread 0x00000243bf106000 Uncommon trap: trap_request=0xffffffc6 fr.pc=0x00000243ade870d0 relative=0x00000000000008f0
Event: 12.270 Thread 0x00000243bf106000 Uncommon trap: reason=bimorphic_or_optimized_type_check action=maybe_recompile pc=0x00000243ade870d0 method=java.lang.Throwable.<init>(Ljava/lang/String;Ljava/lang/Throwable;)V @ 24 c2
Event: 12.270 Thread 0x00000243bf106000 DEOPT PACKING pc=0x00000243ade870d0 sp=0x000000acbe6fbe20
Event: 12.270 Thread 0x00000243bf106000 DEOPT UNPACKING pc=0x00000243a613a1af sp=0x000000acbe6fbde8 mode 2
Event: 12.270 Thread 0x00000243bf106000 Uncommon trap: trap_request=0xffffffc6 fr.pc=0x00000243ade870d0 relative=0x00000000000008f0
Event: 12.270 Thread 0x00000243bf106000 Uncommon trap: reason=bimorphic_or_optimized_type_check action=maybe_recompile pc=0x00000243ade870d0 method=java.lang.Throwable.<init>(Ljava/lang/String;Ljava/lang/Throwable;)V @ 24 c2
Event: 12.270 Thread 0x00000243bf106000 DEOPT PACKING pc=0x00000243ade870d0 sp=0x000000acbe6fbe20
Event: 12.270 Thread 0x00000243bf106000 DEOPT UNPACKING pc=0x00000243a613a1af sp=0x000000acbe6fbde8 mode 2

Classes redefined (0 events):
No events

Internal exceptions (20 events):
Event: 12.158 Thread 0x00000243bf106000 Exception <a 'java/lang/ClassNotFoundException'{0x000000008938e450}: org/gradle/api/internal/artifacts/configurations/DefaultConfigurationContainer_DecoratedCustomizer> (0x000000008938e450) thrown at [./src/hotspot/share/classfile/systemDictionary.cpp, line 231]
Event: 12.176 Thread 0x00000243bf106000 Exception <a 'java/lang/ClassNotFoundException'{0x000000008911ae48}: java/lang/IntegerBeanInfo> (0x000000008911ae48) thrown at [./src/hotspot/share/classfile/systemDictionary.cpp, line 231]
Event: 12.176 Thread 0x00000243bf106000 Exception <a 'java/lang/ClassNotFoundException'{0x00000000891240f8}: java/lang/NumberBeanInfo> (0x00000000891240f8) thrown at [./src/hotspot/share/classfile/systemDictionary.cpp, line 231]
Event: 12.176 Thread 0x00000243bf106000 Exception <a 'java/lang/ClassNotFoundException'{0x000000008912d7b8}: java/lang/NumberCustomizer> (0x000000008912d7b8) thrown at [./src/hotspot/share/classfile/systemDictionary.cpp, line 231]
Event: 12.177 Thread 0x00000243bf106000 Exception <a 'java/lang/ClassNotFoundException'{0x0000000089139d68}: java/lang/IntegerCustomizer> (0x0000000089139d68) thrown at [./src/hotspot/share/classfile/systemDictionary.cpp, line 231]
Event: 12.183 Thread 0x00000243bf106000 Exception <a 'java/lang/ClassNotFoundException'{0x00000000891e2c98}: org/gradle/internal/extensibility/DefaultExtensionsSchemaBeanInfo> (0x00000000891e2c98) thrown at [./src/hotspot/share/classfile/systemDictionary.cpp, line 231]
Event: 12.183 Thread 0x00000243bf106000 Exception <a 'java/lang/ClassNotFoundException'{0x00000000891fa030}: org/gradle/internal/extensibility/DefaultExtensionsSchemaCustomizer> (0x00000000891fa030) thrown at [./src/hotspot/share/classfile/systemDictionary.cpp, line 231]
Event: 12.184 Thread 0x00000243bf106000 Exception <a 'java/lang/ClassNotFoundException'{0x0000000089039388}: org/gradle/internal/extensibility/ExtensionsStorage$ExtensionHolderBeanInfo> (0x0000000089039388) thrown at [./src/hotspot/share/classfile/systemDictionary.cpp, line 231]
Event: 12.185 Thread 0x00000243bf106000 Exception <a 'java/lang/ClassNotFoundException'{0x0000000089051a70}: org/gradle/internal/extensibility/ExtensionsStorage$ExtensionHolderCustomizer> (0x0000000089051a70) thrown at [./src/hotspot/share/classfile/systemDictionary.cpp, line 231]
Event: 12.193 Thread 0x00000243bf106000 Exception <a 'java/lang/ClassNotFoundException'{0x0000000088e87540}: org/codehaus/groovy/runtime/NullObjectBeanInfo> (0x0000000088e87540) thrown at [./src/hotspot/share/classfile/systemDictionary.cpp, line 231]
Event: 12.195 Thread 0x00000243bf106000 Exception <a 'java/lang/ClassNotFoundException'{0x0000000088c5bf88}: org/codehaus/groovy/runtime/NullObjectCustomizer> (0x0000000088c5bf88) thrown at [./src/hotspot/share/classfile/systemDictionary.cpp, line 231]
Event: 12.248 Thread 0x00000243bf106000 Exception <a 'java/lang/ClassNotFoundException'{0x00000000885d06a8}: org/gradle/api/internal/tasks/DefaultSourceSetContainer_DecoratedBeanInfo> (0x00000000885d06a8) thrown at [./src/hotspot/share/classfile/systemDictionary.cpp, line 231]
Event: 12.249 Thread 0x00000243bf106000 Exception <a 'java/lang/ClassNotFoundException'{0x00000000885f23e8}: org/gradle/api/internal/tasks/DefaultSourceSetContainerBeanInfo> (0x00000000885f23e8) thrown at [./src/hotspot/share/classfile/systemDictionary.cpp, line 231]
Event: 12.263 Thread 0x00000243bf106000 Exception <a 'java/lang/ClassNotFoundException'{0x000000008bb14640}: org/gradle/api/internal/tasks/DefaultSourceSetContainerCustomizer> (0x000000008bb14640) thrown at [./src/hotspot/share/classfile/systemDictionary.cpp, line 231]
Event: 12.264 Thread 0x00000243bf106000 Exception <a 'java/lang/ClassNotFoundException'{0x000000008bb45158}: org/gradle/api/internal/tasks/DefaultSourceSetContainer_DecoratedCustomizer> (0x000000008bb45158) thrown at [./src/hotspot/share/classfile/systemDictionary.cpp, line 231]
Event: 12.339 Thread 0x00000243bf106000 Exception <a 'java/lang/NoSuchMethodError'{0x000000008b5f42a0}: <clinit>> (0x000000008b5f42a0) thrown at [./src/hotspot/share/prims/jni.cpp, line 1365]
Event: 12.340 Thread 0x00000243bf106000 Exception <a 'java/lang/NoSuchMethodError'{0x000000008b401a78}: <clinit>> (0x000000008b401a78) thrown at [./src/hotspot/share/prims/jni.cpp, line 1365]
Event: 12.341 Thread 0x00000243bf106000 Exception <a 'java/lang/NoSuchMethodError'{0x000000008b444590}: <clinit>> (0x000000008b444590) thrown at [./src/hotspot/share/prims/jni.cpp, line 1365]
Event: 12.342 Thread 0x00000243bf106000 Exception <a 'java/lang/NoSuchMethodError'{0x000000008b45a840}: <clinit>> (0x000000008b45a840) thrown at [./src/hotspot/share/prims/jni.cpp, line 1365]
Event: 12.342 Thread 0x00000243bf106000 Exception <a 'java/lang/NoSuchMethodError'{0x000000008b468438}: <clinit>> (0x000000008b468438) thrown at [./src/hotspot/share/prims/jni.cpp, line 1365]

Events (20 events):
Event: 13.933 loading class kotlin/collections/CollectionsKt__ReversedViewsKt done
Event: 13.934 loading class kotlin/collections/CollectionsKt__MutableCollectionsKt
Event: 13.934 loading class kotlin/collections/CollectionsKt__MutableCollectionsKt done
Event: 13.935 loading class kotlin/collections/CollectionsKt__MutableCollectionsJVMKt
Event: 13.935 loading class kotlin/collections/CollectionsKt__MutableCollectionsJVMKt done
Event: 13.935 loading class kotlin/collections/CollectionsKt__IteratorsKt
Event: 13.935 loading class kotlin/collections/CollectionsKt__IteratorsKt done
Event: 13.935 loading class kotlin/collections/CollectionsKt__IteratorsJVMKt
Event: 13.935 loading class kotlin/collections/CollectionsKt__IteratorsJVMKt done
Event: 13.936 loading class kotlin/collections/CollectionsKt__IterablesKt
Event: 13.936 loading class kotlin/collections/CollectionsKt__IterablesKt done
Event: 13.936 loading class kotlin/collections/CollectionsKt__CollectionsKt
Event: 13.936 loading class kotlin/collections/CollectionsKt__CollectionsKt done
Event: 13.937 loading class kotlin/collections/CollectionsKt__CollectionsJVMKt
Event: 13.937 loading class kotlin/collections/CollectionsKt__CollectionsJVMKt done
Event: 13.938 loading class kotlin/collections/ArraysKt
Event: 13.938 loading class kotlin/collections/ArraysKt done
Event: 13.938 loading class kotlin/collections/ArraysKt___ArraysKt
Event: 13.938 loading class kotlin/collections/ArraysKt___ArraysKt done
Event: 13.940 Executing VM operation: G1CollectForAllocation


Dynamic libraries:
0x00007ff677eb0000 - 0x00007ff677eba000 	C:\Program Files\Android\Android Studio\jre\bin\java.exe
0x00007ff9aa120000 - 0x00007ff9aa329000 	C:\WINDOWS\SYSTEM32\ntdll.dll
0x00007ff9a9270000 - 0x00007ff9a932d000 	C:\WINDOWS\System32\KERNEL32.DLL
0x00007ff9a7c30000 - 0x00007ff9a7fad000 	C:\WINDOWS\System32\KERNELBASE.dll
0x00007ff9a7880000 - 0x00007ff9a7991000 	C:\WINDOWS\System32\ucrtbase.dll
0x00007ff98a7a0000 - 0x00007ff98a7b7000 	C:\Program Files\Android\Android Studio\jre\bin\VCRUNTIME140.dll
0x00007ff9888d0000 - 0x00007ff9888e9000 	C:\Program Files\Android\Android Studio\jre\bin\jli.dll
0x00007ff9a9ce0000 - 0x00007ff9a9e8d000 	C:\WINDOWS\System32\USER32.dll
0x00007ff992540000 - 0x00007ff9927e5000 	C:\WINDOWS\WinSxS\amd64_microsoft.windows.common-controls_6595b64144ccf1df_6.0.22000.120_none_9d947278b86cc467\COMCTL32.dll
0x00007ff9a7850000 - 0x00007ff9a7876000 	C:\WINDOWS\System32\win32u.dll
0x00007ff9a91c0000 - 0x00007ff9a9263000 	C:\WINDOWS\System32\msvcrt.dll
0x00007ff9a9f80000 - 0x00007ff9a9fa9000 	C:\WINDOWS\System32\GDI32.dll
0x00007ff9a7b10000 - 0x00007ff9a7c28000 	C:\WINDOWS\System32\gdi32full.dll
0x00007ff9a77b0000 - 0x00007ff9a784d000 	C:\WINDOWS\System32\msvcp_win.dll
0x00007ff9a8290000 - 0x00007ff9a82c1000 	C:\WINDOWS\System32\IMM32.DLL
0x00007ff972590000 - 0x00007ff97262d000 	C:\Program Files\Android\Android Studio\jre\bin\msvcp140.dll
0x00007ff9422c0000 - 0x00007ff942da5000 	C:\Program Files\Android\Android Studio\jre\bin\server\jvm.dll
0x00007ff9a8040000 - 0x00007ff9a80ee000 	C:\WINDOWS\System32\ADVAPI32.dll
0x00007ff9a8480000 - 0x00007ff9a851e000 	C:\WINDOWS\System32\sechost.dll
0x00007ff9a9bc0000 - 0x00007ff9a9ce0000 	C:\WINDOWS\System32\RPCRT4.dll
0x00007ff9a9330000 - 0x00007ff9a9338000 	C:\WINDOWS\System32\PSAPI.DLL
0x00007ff994900000 - 0x00007ff994933000 	C:\WINDOWS\SYSTEM32\WINMM.dll
0x00007ff944bf0000 - 0x00007ff944bf9000 	C:\WINDOWS\SYSTEM32\WSOCK32.dll
0x00007ff9a2d40000 - 0x00007ff9a2d4a000 	C:\WINDOWS\SYSTEM32\VERSION.dll
0x00007ff9a9fb0000 - 0x00007ff9aa01f000 	C:\WINDOWS\System32\WS2_32.dll
0x00007ff9a6700000 - 0x00007ff9a6718000 	C:\WINDOWS\SYSTEM32\kernel.appcore.dll
0x00007ff984580000 - 0x00007ff984591000 	C:\Program Files\Android\Android Studio\jre\bin\verify.dll
0x00007ff9953f0000 - 0x00007ff995611000 	C:\WINDOWS\SYSTEM32\DBGHELP.DLL
0x00007ff994950000 - 0x00007ff994981000 	C:\WINDOWS\SYSTEM32\dbgcore.DLL
0x00007ff9a76c0000 - 0x00007ff9a773f000 	C:\WINDOWS\System32\bcryptPrimitives.dll
0x00007ff971950000 - 0x00007ff971979000 	C:\Program Files\Android\Android Studio\jre\bin\java.dll
0x00007ff984570000 - 0x00007ff98457b000 	C:\Program Files\Android\Android Studio\jre\bin\jimage.dll
0x00007ff971930000 - 0x00007ff971948000 	C:\Program Files\Android\Android Studio\jre\bin\zip.dll
0x00007ff9a9340000 - 0x00007ff9a9af8000 	C:\WINDOWS\System32\SHELL32.dll
0x00007ff9a5770000 - 0x00007ff9a5fd8000 	C:\WINDOWS\SYSTEM32\windows.storage.dll
0x00007ff9a86e0000 - 0x00007ff9a8a59000 	C:\WINDOWS\System32\combase.dll
0x00007ff9a5600000 - 0x00007ff9a5766000 	C:\WINDOWS\SYSTEM32\wintypes.dll
0x00007ff9a8ed0000 - 0x00007ff9a8fba000 	C:\WINDOWS\System32\SHCORE.dll
0x00007ff9a7fd0000 - 0x00007ff9a802d000 	C:\WINDOWS\System32\shlwapi.dll
0x00007ff9a7530000 - 0x00007ff9a7551000 	C:\WINDOWS\SYSTEM32\profapi.dll
0x00007ff967f60000 - 0x00007ff967f7a000 	C:\Program Files\Android\Android Studio\jre\bin\net.dll
0x00007ff9a2760000 - 0x00007ff9a286c000 	C:\WINDOWS\SYSTEM32\WINHTTP.dll
0x00007ff9a6b30000 - 0x00007ff9a6b97000 	C:\WINDOWS\system32\mswsock.dll
0x00007ff967f40000 - 0x00007ff967f54000 	C:\Program Files\Android\Android Studio\jre\bin\nio.dll
0x00007ff989710000 - 0x00007ff989737000 	C:\Users\Dell\.gradle\native\e1d6ef7f7dcc3fd88c89a11ec53ec762bb8ba0a96d01ffa2cd45eb1d1d8dd5c5\windows-amd64\native-platform.dll
0x00007ff960610000 - 0x00007ff960754000 	C:\Users\Dell\.gradle\native\5664cfc778a61ccfe75a443a1ab52a65af34e5dc3c78e0209fed803814484fcb\windows-amd64\native-platform-file-events.dll
0x00007ff984560000 - 0x00007ff98456a000 	C:\Program Files\Android\Android Studio\jre\bin\management.dll
0x00007ff97f8b0000 - 0x00007ff97f8bd000 	C:\Program Files\Android\Android Studio\jre\bin\management_ext.dll
0x00007ff9a6d70000 - 0x00007ff9a6d88000 	C:\WINDOWS\SYSTEM32\CRYPTSP.dll
0x00007ff9a6660000 - 0x00007ff9a6695000 	C:\WINDOWS\system32\rsaenh.dll
0x00007ff9a6c20000 - 0x00007ff9a6c49000 	C:\WINDOWS\SYSTEM32\USERENV.dll
0x00007ff9a6ef0000 - 0x00007ff9a6f17000 	C:\WINDOWS\SYSTEM32\bcrypt.dll
0x00007ff9a6d90000 - 0x00007ff9a6d9c000 	C:\WINDOWS\SYSTEM32\CRYPTBASE.dll
0x00007ff9a6230000 - 0x00007ff9a625d000 	C:\WINDOWS\SYSTEM32\IPHLPAPI.DLL
0x00007ff9a8030000 - 0x00007ff9a8039000 	C:\WINDOWS\System32\NSI.dll
0x00007ff9a2740000 - 0x00007ff9a2759000 	C:\WINDOWS\SYSTEM32\dhcpcsvc6.DLL
0x00007ff9a2c00000 - 0x00007ff9a2c1e000 	C:\WINDOWS\SYSTEM32\dhcpcsvc.DLL
0x00007ff9a6260000 - 0x00007ff9a6348000 	C:\WINDOWS\SYSTEM32\DNSAPI.dll
0x00007ff996ff0000 - 0x00007ff997017000 	C:\Program Files\Android\Android Studio\jre\bin\sunec.dll
0x00007ff9a0730000 - 0x00007ff9a073a000 	C:\Windows\System32\rasadhlp.dll
0x00007ff9a0990000 - 0x00007ff9a0a11000 	C:\WINDOWS\System32\fwpuclnt.dll

dbghelp: loaded successfully - version: 4.0.5 - missing functions: none
symbol engine: initialized successfully - sym options: 0x614 - pdb path: .;C:\Program Files\Android\Android Studio\jre\bin;C:\WINDOWS\SYSTEM32;C:\WINDOWS\WinSxS\amd64_microsoft.windows.common-controls_6595b64144ccf1df_6.0.22000.120_none_9d947278b86cc467;C:\Program Files\Android\Android Studio\jre\bin\server;C:\Users\Dell\.gradle\native\e1d6ef7f7dcc3fd88c89a11ec53ec762bb8ba0a96d01ffa2cd45eb1d1d8dd5c5\windows-amd64;C:\Users\Dell\.gradle\native\5664cfc778a61ccfe75a443a1ab52a65af34e5dc3c78e0209fed803814484fcb\windows-amd64

VM Arguments:
jvm_args: --add-opens=java.base/java.util=ALL-UNNAMED --add-opens=java.base/java.lang=ALL-UNNAMED --add-opens=java.base/java.lang.invoke=ALL-UNNAMED --add-opens=java.base/java.util=ALL-UNNAMED --add-opens=java.prefs/java.util.prefs=ALL-UNNAMED --add-opens=java.prefs/java.util.prefs=ALL-UNNAMED --add-opens=java.base/java.nio.charset=ALL-UNNAMED --add-opens=java.base/java.net=ALL-UNNAMED --add-opens=java.base/java.util.concurrent.atomic=ALL-UNNAMED -Xmx2048m -Dfile.encoding=UTF-8 -Duser.country=US -Duser.language=en -Duser.variant 
java_command: org.gradle.launcher.daemon.bootstrap.GradleDaemon 7.3.3
java_class_path (initial): C:\Users\Dell\.gradle\wrapper\dists\gradle-7.3.3-bin\6a41zxkdtcxs8rphpq6y0069z\gradle-7.3.3\lib\gradle-launcher-7.3.3.jar
Launcher Type: SUN_STANDARD

[Global flags]
     intx CICompilerCount                          = 3                                         {product} {ergonomic}
     uint ConcGCThreads                            = 1                                         {product} {ergonomic}
     uint G1ConcRefinementThreads                  = 4                                         {product} {ergonomic}
   size_t G1HeapRegionSize                         = 1048576                                   {product} {ergonomic}
    uintx GCDrainStackTargetSize                   = 64                                        {product} {ergonomic}
   size_t InitialHeapSize                          = 65011712                                  {product} {ergonomic}
   size_t MarkStackSize                            = 4194304                                   {product} {ergonomic}
   size_t MaxHeapSize                              = 2147483648                                {product} {command line}
   size_t MaxNewSize                               = 1287651328                                {product} {ergonomic}
   size_t MinHeapDeltaBytes                        = 1048576                                   {product} {ergonomic}
    uintx NonNMethodCodeHeapSize                   = 5830732                                {pd product} {ergonomic}
    uintx NonProfiledCodeHeapSize                  = 122913754                              {pd product} {ergonomic}
    uintx ProfiledCodeHeapSize                     = 122913754                              {pd product} {ergonomic}
    uintx ReservedCodeCacheSize                    = 251658240                              {pd product} {ergonomic}
     bool SegmentedCodeCache                       = true                                      {product} {ergonomic}
     bool UseCompressedClassPointers               = true                                 {lp64_product} {ergonomic}
     bool UseCompressedOops                        = true                                 {lp64_product} {ergonomic}
     bool UseG1GC                                  = true                                      {product} {ergonomic}
     bool UseLargePagesIndividualAllocation        = false                                  {pd product} {ergonomic}

Logging:
Log output configuration:
 #0: stdout all=warning uptime,level,tags
 #1: stderr all=off uptime,level,tags

Environment Variables:
PATH=C:\Program Files (x86)\NVIDIA Corporation\PhysX\Common;C:\Program Files (x86)\Common Files\Oracle\Java\javapath;C:\WINDOWS\system32;C:\WINDOWS;C:\WINDOWS\System32\Wbem;C:\WINDOWS\System32\WindowsPowerShell\v1.0\;C:\WINDOWS\System32\OpenSSH\;C:\Program Files\dotnet\;C:\Program Files\Microsoft VS Code\bin;C:\Program Files\MySQL\MySQL Shell 8.0\bin\;C:\Users\Dell\AppData\Local\Microsoft\WindowsApps;
USERNAME=Dell
OS=Windows_NT
PROCESSOR_IDENTIFIER=Intel64 Family 6 Model 158 Stepping 11, GenuineIntel



---------------  S Y S T E M  ---------------

OS: Windows 10 , 64 bit Build 22000 (10.0.22000.708)
OS uptime: 0 days 2:04 hours

CPU:total 4 (initial active 4) (4 cores per cpu, 1 threads per core) family 6 model 158 stepping 11 microcode 0xf0, cmov, cx8, fxsr, mmx, sse, sse2, sse3, ssse3, sse4.1, sse4.2, popcnt, avx, avx2, aes, clmul, erms, 3dnowpref, lzcnt, tsc, tscinvbit, bmi1, bmi2, adx, fma

Memory: 4k page, system-wide physical 3906M (346M free)
TotalPageFile size 8002M (AvailPageFile size 8M)
current process WorkingSet (physical memory assigned to process): 371M, peak: 382M
current process commit charge ("private bytes"): 458M, peak: 496M

vm_info: OpenJDK 64-Bit Server VM (11.0.12+7-b1504.28-7817840) for windows-amd64 JRE (11.0.12+7-b1504.28-7817840), built on Oct 13 2021 22:12:33 by "builder" with MS VC++ 14.0 (VS2015)

END.
