#
# There is insufficient memory for the Java Runtime Environment to continue.
# Native memory allocation (mmap) failed to map 251658240 bytes for Failed to commit area from 0x000000008f000000 to 0x000000009e000000 of length 251658240.
# Possible reasons:
#   The system is out of physical RAM or swap space
#   The process is running with CompressedOops enabled, and the Java Heap may be blocking the growth of the native heap
# Possible solutions:
#   Reduce memory load on the system
#   Increase physical memory or swap space
#   Check if swap backing store is full
#   Decrease Java heap size (-Xmx/-Xms)
#   Decrease number of Java threads
#   Decrease Java thread stack sizes (-Xss)
#   Set larger code cache with -XX:ReservedCodeCacheSize=
#   JVM is running with Unscaled Compressed Oops mode in which the Java heap is
#     placed in the first 4GB address space. The Java Heap base address is the
#     maximum limit for the native heap growth. Please use -XX:HeapBaseMinAddress
#     to set the Java Heap base and to place the Java Heap above 4GB virtual address.
# This output file may be truncated or incomplete.
#
#  Out of Memory Error (./src/hotspot/os/windows/os_windows.cpp:3521), pid=10592, tid=11984
#
# JRE version: OpenJDK Runtime Environment (11.0.12+7) (build 11.0.12+7-b1504.28-7817840)
# Java VM: OpenJDK 64-Bit Server VM (11.0.12+7-b1504.28-7817840, mixed mode, tiered, compressed oops, g1 gc, windows-amd64)
# No core dump will be written. Minidumps are not enabled by default on client versions of Windows
#

---------------  S U M M A R Y ------------

Command Line: --add-opens=java.base/java.util=ALL-UNNAMED --add-opens=java.base/java.lang=ALL-UNNAMED --add-opens=java.base/java.lang.invoke=ALL-UNNAMED --add-opens=java.base/java.util=ALL-UNNAMED --add-opens=java.prefs/java.util.prefs=ALL-UNNAMED --add-opens=java.prefs/java.util.prefs=ALL-UNNAMED --add-opens=java.base/java.nio.charset=ALL-UNNAMED --add-opens=java.base/java.net=ALL-UNNAMED --add-opens=java.base/java.util.concurrent.atomic=ALL-UNNAMED -Xmx2048m -Dfile.encoding=UTF-8 -Duser.country=US -Duser.language=en -Duser.variant org.gradle.launcher.daemon.bootstrap.GradleDaemon 7.3.3

Host: Intel(R) Core(TM) i3-8100 CPU @ 3.60GHz, 4 cores, 3G,  Windows 10 , 64 bit Build 22000 (10.0.22000.708)
Time: Tue Aug 23 11:19:23 2022 India Standard Time elapsed time: 24.699316 seconds (0d 0h 0m 24s)

---------------  T H R E A D  ---------------

Current thread (0x000002119d34b000):  VMThread "VM Thread" [stack: 0x000000454df00000,0x000000454e000000] [id=11984]

Stack: [0x000000454df00000,0x000000454e000000]
[error occurred during error reporting (printing stack bounds), id 0xc0000005, EXCEPTION_ACCESS_VIOLATION (0xc0000005) at pc=0x00000211872a112d]

Native frames: (J=compiled Java code, j=interpreted, Vv=VM code, C=native code)
V  [jvm.dll+0x5fbcea]
V  [jvm.dll+0x731905]
V  [jvm.dll+0x732f1d]
V  [jvm.dll+0x733535]
V  [jvm.dll+0x7334eb]
V  [jvm.dll+0x5fb080]
V  [jvm.dll+0x5fb818]
C  [ntdll.dll+0xa8fcf]
C  [ntdll.dll+0x35e9a]
C  [ntdll.dll+0xa7fde]
C  0x00000211872a112d

VM_Operation (0x0000004553cfe220): G1CollectForAllocation, mode: safepoint, requested by thread 0x00000211a349f000


---------------  P R O C E S S  ---------------

Threads class SMR info:
_java_thread_list=0x00000211a37c6c10, length=93, elements={
0x000002118378d800, 0x000002119d34f000, 0x000002119d357800, 0x000002119dcd4800,
0x000002119dcd5800, 0x000002119dcd7000, 0x000002119dcda000, 0x000002119dcde800,
0x000002119dce0000, 0x000002119de1f000, 0x00000211a0176800, 0x00000211a0177800,
0x00000211a0179800, 0x00000211a017a800, 0x00000211a0175800, 0x00000211a0179000,
0x00000211a0178000, 0x00000211a0175000, 0x00000211a017b800, 0x000002119f5d3000,
0x000002119f5d3800, 0x000002119f5d0800, 0x000002119f5d1000, 0x000002119f5d4800,
0x000002119f5cf800, 0x000002119f5d7000, 0x000002119f5d7800, 0x000002119f5d2000,
0x000002119f5db000, 0x000002119f5d5000, 0x000002119f5da000, 0x000002119f5d6000,
0x000002119f5dd800, 0x000002119f5d9800, 0x000002119f5de000, 0x000002119f5d8800,
0x00000211a1b47000, 0x00000211a1b49000, 0x00000211a1b44000, 0x00000211a1b45800,
0x00000211a1b49800, 0x00000211a1b4a800, 0x00000211a1b45000, 0x00000211a1b48000,
0x00000211a1b4b800, 0x00000211a1b4c000, 0x00000211a1b46800, 0x00000211a1b50000,
0x00000211a1b4e800, 0x00000211a1b4d000, 0x00000211a1b51000, 0x00000211a1b52000,
0x00000211a1b52800, 0x00000211a1b4e000, 0x00000211a1b4f800, 0x00000211a1a6c000,
0x00000211a1a6d000, 0x00000211a1a6a800, 0x00000211a1a67800, 0x00000211a1a69800,
0x00000211a1a6e000, 0x00000211a1a68000, 0x00000211a1a6b800, 0x00000211a1a6e800,
0x00000211a1a69000, 0x00000211a1a75000, 0x00000211a1a70800, 0x00000211a1a72800,
0x00000211a1a73800, 0x00000211a1a74800, 0x00000211a1a71000, 0x00000211a1a72000,
0x00000211a1a6f800, 0x00000211a1a76000, 0x00000211a3497800, 0x00000211a3491800,
0x00000211a3498800, 0x00000211a3492800, 0x00000211a3499000, 0x00000211a3496000,
0x00000211a3493800, 0x00000211a349a000, 0x00000211a3494000, 0x00000211a3496800,
0x00000211a349a800, 0x00000211a3495000, 0x00000211a349d000, 0x00000211a349c800,
0x00000211a349e000, 0x00000211a349f000, 0x00000211a34a0800, 0x00000211a349f800,
0x00000211a349b800
}

Java Threads: ( => current thread )
  0x000002118378d800 JavaThread "main" [_thread_blocked, id=10132, stack(0x000000454d900000,0x000000454da00000)]
  0x000002119d34f000 JavaThread "Reference Handler" daemon [_thread_blocked, id=11452, stack(0x000000454e000000,0x000000454e100000)]
  0x000002119d357800 JavaThread "Finalizer" daemon [_thread_blocked, id=6272, stack(0x000000454e100000,0x000000454e200000)]
  0x000002119dcd4800 JavaThread "Signal Dispatcher" daemon [_thread_blocked, id=928, stack(0x000000454e200000,0x000000454e300000)]
  0x000002119dcd5800 JavaThread "Attach Listener" daemon [_thread_blocked, id=1088, stack(0x000000454e300000,0x000000454e400000)]
  0x000002119dcd7000 JavaThread "Service Thread" daemon [_thread_blocked, id=6700, stack(0x000000454e400000,0x000000454e500000)]
  0x000002119dcda000 JavaThread "C2 CompilerThread0" daemon [_thread_blocked, id=3288, stack(0x000000454e500000,0x000000454e600000)]
  0x000002119dcde800 JavaThread "C1 CompilerThread0" daemon [_thread_blocked, id=524, stack(0x000000454e600000,0x000000454e700000)]
  0x000002119dce0000 JavaThread "Sweeper thread" daemon [_thread_blocked, id=10920, stack(0x000000454e700000,0x000000454e800000)]
  0x000002119de1f000 JavaThread "Common-Cleaner" daemon [_thread_blocked, id=10288, stack(0x000000454e800000,0x000000454e900000)]
  0x00000211a0176800 JavaThread "Daemon health stats" [_thread_blocked, id=11872, stack(0x000000454ec00000,0x000000454ed00000)]
  0x00000211a0177800 JavaThread "Incoming local TCP Connector on port 56319" [_thread_in_native, id=11612, stack(0x000000454ea00000,0x000000454eb00000)]
  0x00000211a0179800 JavaThread "Daemon periodic checks" [_thread_blocked, id=2496, stack(0x000000454ef00000,0x000000454f000000)]
  0x00000211a017a800 JavaThread "Daemon" [_thread_blocked, id=5936, stack(0x000000454f000000,0x000000454f100000)]
  0x00000211a0175800 JavaThread "Handler for socket connection from /127.0.0.1:56319 to /127.0.0.1:56320" [_thread_in_native, id=3780, stack(0x000000454f100000,0x000000454f200000)]
  0x00000211a0179000 JavaThread "Cancel handler" [_thread_blocked, id=7720, stack(0x000000454f200000,0x000000454f300000)]
  0x00000211a0178000 JavaThread "Daemon worker" [_thread_blocked, id=8144, stack(0x000000454f300000,0x000000454f400000)]
  0x00000211a0175000 JavaThread "Asynchronous log dispatcher for DefaultDaemonConnection: socket connection from /127.0.0.1:56319 to /127.0.0.1:56320" [_thread_blocked, id=12272, stack(0x000000454f400000,0x000000454f500000)]
  0x00000211a017b800 JavaThread "Stdin handler" [_thread_blocked, id=11336, stack(0x000000454f500000,0x000000454f600000)]
  0x000002119f5d3000 JavaThread "Daemon client event forwarder" [_thread_blocked, id=1756, stack(0x000000454f600000,0x000000454f700000)]
  0x000002119f5d3800 JavaThread "Cache worker for journal cache (C:\Users\Dell\.gradle\caches\journal-1)" [_thread_blocked, id=2500, stack(0x000000454f700000,0x000000454f800000)]
  0x000002119f5d0800 JavaThread "File lock request listener" [_thread_in_native, id=5996, stack(0x000000454f800000,0x000000454f900000)]
  0x000002119f5d1000 JavaThread "Cache worker for file hash cache (C:\Users\Dell\.gradle\caches\7.3.3\fileHashes)" [_thread_blocked, id=1296, stack(0x000000454f900000,0x000000454fa00000)]
  0x000002119f5d4800 JavaThread "Cache worker for file hash cache (C:\Users\Dell\Viwall\.gradle\7.3.3\fileHashes)" [_thread_blocked, id=1344, stack(0x000000454fb00000,0x000000454fc00000)]
  0x000002119f5cf800 JavaThread "File watcher server" daemon [_thread_blocked, id=11788, stack(0x000000454fc00000,0x000000454fd00000)]
  0x000002119f5d7000 JavaThread "File watcher consumer" daemon [_thread_blocked, id=11752, stack(0x000000454fd00000,0x000000454fe00000)]
  0x000002119f5d7800 JavaThread "Cache worker for checksums cache (C:\Users\Dell\Viwall\.gradle\7.3.3\checksums)" [_thread_blocked, id=11468, stack(0x000000454fa00000,0x000000454fb00000)]
  0x000002119f5d2000 JavaThread "Cache worker for cache directory md-supplier (C:\Users\Dell\.gradle\caches\7.3.3\md-supplier)" [_thread_blocked, id=4460, stack(0x000000454fe00000,0x000000454ff00000)]
  0x000002119f5db000 JavaThread "Cache worker for cache directory md-rule (C:\Users\Dell\.gradle\caches\7.3.3\md-rule)" [_thread_blocked, id=4304, stack(0x000000454ff00000,0x0000004550000000)]
  0x000002119f5d5000 JavaThread "Cache worker for execution history cache (C:\Users\Dell\.gradle\caches\7.3.3\executionHistory)" [_thread_blocked, id=5988, stack(0x0000004550000000,0x0000004550100000)]
  0x000002119f5da000 JavaThread "jar transforms" [_thread_blocked, id=2116, stack(0x0000004550100000,0x0000004550200000)]
  0x000002119f5d6000 JavaThread "Cache worker for file content cache (C:\Users\Dell\.gradle\caches\7.3.3\fileContent)" [_thread_blocked, id=2880, stack(0x0000004550200000,0x0000004550300000)]
  0x000002119f5dd800 JavaThread "jar transforms Thread 2" [_thread_blocked, id=10428, stack(0x0000004550300000,0x0000004550400000)]
  0x000002119f5d9800 JavaThread "Cache worker for dependencies-accessors (C:\Users\Dell\Viwall\.gradle\7.3.3\dependencies-accessors)" [_thread_blocked, id=1872, stack(0x0000004550400000,0x0000004550500000)]
  0x000002119f5de000 JavaThread "jar transforms Thread 3" [_thread_blocked, id=1204, stack(0x0000004550500000,0x0000004550600000)]
  0x000002119f5d8800 JavaThread "Cache worker for Build Output Cleanup Cache (C:\Users\Dell\Viwall\.gradle\buildOutputCleanup)" [_thread_blocked, id=4996, stack(0x0000004550600000,0x0000004550700000)]
  0x00000211a1b47000 JavaThread "Unconstrained build operations" [_thread_blocked, id=3840, stack(0x0000004550700000,0x0000004550800000)]
  0x00000211a1b49000 JavaThread "Unconstrained build operations Thread 2" [_thread_blocked, id=1904, stack(0x0000004550800000,0x0000004550900000)]
  0x00000211a1b44000 JavaThread "Unconstrained build operations Thread 3" [_thread_blocked, id=6848, stack(0x0000004550900000,0x0000004550a00000)]
  0x00000211a1b45800 JavaThread "Unconstrained build operations Thread 4" [_thread_blocked, id=2956, stack(0x0000004550a00000,0x0000004550b00000)]
  0x00000211a1b49800 JavaThread "Unconstrained build operations Thread 5" [_thread_blocked, id=10488, stack(0x0000004550b00000,0x0000004550c00000)]
  0x00000211a1b4a800 JavaThread "Unconstrained build operations Thread 6" [_thread_blocked, id=12184, stack(0x0000004550c00000,0x0000004550d00000)]
  0x00000211a1b45000 JavaThread "Unconstrained build operations Thread 7" [_thread_blocked, id=11720, stack(0x0000004550d00000,0x0000004550e00000)]
  0x00000211a1b48000 JavaThread "Unconstrained build operations Thread 8" [_thread_blocked, id=9272, stack(0x0000004550e00000,0x0000004550f00000)]
  0x00000211a1b4b800 JavaThread "Unconstrained build operations Thread 9" [_thread_blocked, id=9348, stack(0x0000004550f00000,0x0000004551000000)]
  0x00000211a1b4c000 JavaThread "Unconstrained build operations Thread 10" [_thread_blocked, id=11572, stack(0x0000004551000000,0x0000004551100000)]
  0x00000211a1b46800 JavaThread "Unconstrained build operations Thread 11" [_thread_blocked, id=4920, stack(0x0000004551100000,0x0000004551200000)]
  0x00000211a1b50000 JavaThread "Unconstrained build operations Thread 12" [_thread_blocked, id=2148, stack(0x0000004551200000,0x0000004551300000)]
  0x00000211a1b4e800 JavaThread "Unconstrained build operations Thread 13" [_thread_blocked, id=3236, stack(0x0000004551300000,0x0000004551400000)]
  0x00000211a1b4d000 JavaThread "Unconstrained build operations Thread 14" [_thread_blocked, id=3476, stack(0x0000004551400000,0x0000004551500000)]
  0x00000211a1b51000 JavaThread "Unconstrained build operations Thread 15" [_thread_blocked, id=10440, stack(0x0000004551500000,0x0000004551600000)]
  0x00000211a1b52000 JavaThread "Unconstrained build operations Thread 16" [_thread_blocked, id=2604, stack(0x0000004551600000,0x0000004551700000)]
  0x00000211a1b52800 JavaThread "Unconstrained build operations Thread 17" [_thread_blocked, id=7608, stack(0x0000004551700000,0x0000004551800000)]
  0x00000211a1b4e000 JavaThread "Unconstrained build operations Thread 18" [_thread_blocked, id=11504, stack(0x0000004551800000,0x0000004551900000)]
  0x00000211a1b4f800 JavaThread "Unconstrained build operations Thread 19" [_thread_blocked, id=7496, stack(0x0000004551900000,0x0000004551a00000)]
  0x00000211a1a6c000 JavaThread "Unconstrained build operations Thread 20" [_thread_blocked, id=11620, stack(0x0000004551a00000,0x0000004551b00000)]
  0x00000211a1a6d000 JavaThread "Unconstrained build operations Thread 21" [_thread_blocked, id=4404, stack(0x0000004551b00000,0x0000004551c00000)]
  0x00000211a1a6a800 JavaThread "Unconstrained build operations Thread 22" [_thread_blocked, id=11856, stack(0x0000004551c00000,0x0000004551d00000)]
  0x00000211a1a67800 JavaThread "Unconstrained build operations Thread 23" [_thread_blocked, id=8988, stack(0x0000004551d00000,0x0000004551e00000)]
  0x00000211a1a69800 JavaThread "Unconstrained build operations Thread 24" [_thread_blocked, id=12060, stack(0x0000004551e00000,0x0000004551f00000)]
  0x00000211a1a6e000 JavaThread "Unconstrained build operations Thread 25" [_thread_blocked, id=10508, stack(0x0000004551f00000,0x0000004552000000)]
  0x00000211a1a68000 JavaThread "Unconstrained build operations Thread 26" [_thread_blocked, id=6252, stack(0x0000004552000000,0x0000004552100000)]
  0x00000211a1a6b800 JavaThread "Unconstrained build operations Thread 27" [_thread_blocked, id=11200, stack(0x0000004552100000,0x0000004552200000)]
  0x00000211a1a6e800 JavaThread "Unconstrained build operations Thread 28" [_thread_blocked, id=10840, stack(0x0000004552200000,0x0000004552300000)]
  0x00000211a1a69000 JavaThread "Unconstrained build operations Thread 29" [_thread_blocked, id=5912, stack(0x0000004552300000,0x0000004552400000)]
  0x00000211a1a75000 JavaThread "Unconstrained build operations Thread 30" [_thread_blocked, id=3532, stack(0x0000004552400000,0x0000004552500000)]
  0x00000211a1a70800 JavaThread "Unconstrained build operations Thread 31" [_thread_blocked, id=10916, stack(0x0000004552500000,0x0000004552600000)]
  0x00000211a1a72800 JavaThread "Unconstrained build operations Thread 32" [_thread_blocked, id=5036, stack(0x0000004552600000,0x0000004552700000)]
  0x00000211a1a73800 JavaThread "Unconstrained build operations Thread 33" [_thread_blocked, id=11004, stack(0x0000004552700000,0x0000004552800000)]
  0x00000211a1a74800 JavaThread "Unconstrained build operations Thread 34" [_thread_blocked, id=2476, stack(0x0000004552800000,0x0000004552900000)]
  0x00000211a1a71000 JavaThread "Unconstrained build operations Thread 35" [_thread_blocked, id=1348, stack(0x0000004552900000,0x0000004552a00000)]
  0x00000211a1a72000 JavaThread "Unconstrained build operations Thread 36" [_thread_blocked, id=11000, stack(0x0000004552a00000,0x0000004552b00000)]
  0x00000211a1a6f800 JavaThread "Unconstrained build operations Thread 37" [_thread_blocked, id=10764, stack(0x0000004552b00000,0x0000004552c00000)]
  0x00000211a1a76000 JavaThread "Unconstrained build operations Thread 38" [_thread_blocked, id=1164, stack(0x0000004552c00000,0x0000004552d00000)]
  0x00000211a3497800 JavaThread "Unconstrained build operations Thread 39" [_thread_blocked, id=5616, stack(0x0000004552d00000,0x0000004552e00000)]
  0x00000211a3491800 JavaThread "Unconstrained build operations Thread 40" [_thread_blocked, id=276, stack(0x0000004552e00000,0x0000004552f00000)]
  0x00000211a3498800 JavaThread "jar transforms Thread 4" [_thread_blocked, id=6160, stack(0x0000004552f00000,0x0000004553000000)]
  0x00000211a3492800 JavaThread "Memory manager" [_thread_blocked, id=9680, stack(0x0000004553000000,0x0000004553100000)]
  0x00000211a3499000 JavaThread "build event listener" [_thread_blocked, id=1316, stack(0x0000004553100000,0x0000004553200000)]
  0x00000211a3496000 JavaThread "build event listener" [_thread_blocked, id=5744, stack(0x0000004553200000,0x0000004553300000)]
  0x00000211a3493800 JavaThread "pool-3-thread-1" [_thread_blocked, id=6864, stack(0x0000004553300000,0x0000004553400000)]
  0x00000211a349a000 JavaThread "build event listener" [_thread_blocked, id=1000, stack(0x0000004553400000,0x0000004553500000)]
  0x00000211a3494000 JavaThread "Execution worker for ':'" [_thread_blocked, id=7932, stack(0x0000004553500000,0x0000004553600000)]
  0x00000211a3496800 JavaThread "Execution worker for ':' Thread 2" [_thread_blocked, id=952, stack(0x0000004553600000,0x0000004553700000)]
  0x00000211a349a800 JavaThread "Execution worker for ':' Thread 3" [_thread_blocked, id=7812, stack(0x0000004553700000,0x0000004553800000)]
  0x00000211a3495000 JavaThread "Cache worker for execution history cache (C:\Users\Dell\Viwall\.gradle\7.3.3\executionHistory)" [_thread_blocked, id=3984, stack(0x0000004553800000,0x0000004553900000)]
  0x00000211a349d000 JavaThread "WorkerExecutor Queue" [_thread_blocked, id=1332, stack(0x0000004553900000,0x0000004553a00000)]
  0x00000211a349c800 JavaThread "WorkerExecutor Queue Thread 2" [_thread_blocked, id=11676, stack(0x0000004553a00000,0x0000004553b00000)]
  0x00000211a349e000 JavaThread "WorkerExecutor Queue Thread 3" [_thread_blocked, id=2256, stack(0x0000004553b00000,0x0000004553c00000)]
  0x00000211a349f000 JavaThread "ForkJoinPool-1-worker-3" daemon [_thread_blocked, id=3584, stack(0x0000004553c00000,0x0000004553d00000)]
  0x00000211a34a0800 JavaThread "ForkJoinPool-1-worker-5" daemon [_thread_blocked, id=12160, stack(0x0000004553d00000,0x0000004553e00000)]
  0x00000211a349f800 JavaThread "ForkJoinPool-1-worker-7" daemon [_thread_blocked, id=8316, stack(0x0000004553e00000,0x0000004553f00000)]
  0x00000211a349b800 JavaThread "ForkJoinPool-1-worker-1" daemon [_thread_blocked, id=1136, stack(0x0000004553f00000,0x0000004554000000)]

Other Threads:
=>0x000002119d34b000 VMThread "VM Thread" [stack: 0x000000454df00000,0x000000454e000000] [id=11984]
  0x000002119de25000 WatcherThread [stack: 0x000000454e900000,0x000000454ea00000] [id=11140]
  0x00000211837a6800 GCTaskThread "GC Thread#0" [stack: 0x000000454da00000,0x000000454db00000] [id=10924]
  0x000002119df29000 GCTaskThread "GC Thread#1" [stack: 0x000000454eb00000,0x000000454ec00000] [id=2812]
  0x00000211a00f7800 GCTaskThread "GC Thread#2" [stack: 0x000000454ed00000,0x000000454ee00000] [id=4860]
  0x000002119f2c1000 GCTaskThread "GC Thread#3" [stack: 0x000000454ee00000,0x000000454ef00000] [id=1772]
  0x00000211837d9000 ConcurrentGCThread "G1 Main Marker" [stack: 0x000000454db00000,0x000000454dc00000] [id=4052]
  0x00000211837da000 ConcurrentGCThread "G1 Conc#0" [stack: 0x000000454dc00000,0x000000454dd00000] [id=1552]
  0x0000021183834000 ConcurrentGCThread "G1 Refine#0" [stack: 0x000000454dd00000,0x000000454de00000] [id=3484]
  0x0000021183837000 ConcurrentGCThread "G1 Young RemSet Sampling" [stack: 0x000000454de00000,0x000000454df00000] [id=6356]

Threads with active compile tasks:
C2 CompilerThread0  24778 12846       4       com.android.tools.r8.dex.j::e (664 bytes)

VM state:at safepoint (normal execution)

VM Mutex/Monitor currently owned by a thread:  ([mutex/lock_event])
[0x00000211816eaf30] Threads_lock - owner thread: 0x000002119d34b000
[0x00000211816ebd40] Heap_lock - owner thread: 0x00000211a349f000

Heap address: 0x0000000080000000, size: 2048 MB, Compressed Oops mode: 32-bit
Narrow klass base: 0x0000000000000000, Narrow klass shift: 3
Compressed class space size: 1073741824 Address: 0x0000000100000000

Heap:
 garbage-first heap   total 491520K, used 211968K [0x0000000080000000, 0x0000000100000000)
  region size 1024K, 2 young (2048K), 2 survivors (2048K)
 Metaspace       used 101613K, capacity 103919K, committed 104140K, reserved 1138688K
  class space    used 13191K, capacity 14058K, committed 14080K, reserved 1048576K
Heap Regions: E=young(eden), S=young(survivor), O=old, HS=humongous(starts), HC=humongous(continues), CS=collection set, F=free, A=archive, TAMS=top-at-mark-start (previous, next)
|   0|0x0000000080000000, 0x0000000080100000, 0x0000000080100000|100%| O|  |TAMS 0x0000000080100000, 0x0000000080000000| Updating 
|   1|0x0000000080100000, 0x0000000080200000, 0x0000000080200000|100%| O|  |TAMS 0x0000000080200000, 0x0000000080100000| Updating 
|   2|0x0000000080200000, 0x0000000080300000, 0x0000000080300000|100%| O|  |TAMS 0x0000000080300000, 0x0000000080200000| Updating 
|   3|0x0000000080300000, 0x0000000080400000, 0x0000000080400000|100%|HS|  |TAMS 0x0000000080400000, 0x0000000080300000| Complete 
|   4|0x0000000080400000, 0x0000000080500000, 0x0000000080500000|100%|HC|  |TAMS 0x0000000080500000, 0x0000000080400000| Complete 
|   5|0x0000000080500000, 0x0000000080600000, 0x0000000080600000|100%|HC|  |TAMS 0x0000000080600000, 0x0000000080500000| Complete 
|   6|0x0000000080600000, 0x0000000080700000, 0x0000000080700000|100%| O|  |TAMS 0x0000000080700000, 0x0000000080600000| Updating 
|   7|0x0000000080700000, 0x0000000080800000, 0x0000000080800000|100%| O|  |TAMS 0x0000000080800000, 0x0000000080700000| Updating 
|   8|0x0000000080800000, 0x0000000080900000, 0x0000000080900000|100%| O|  |TAMS 0x0000000080900000, 0x0000000080800000| Updating 
|   9|0x0000000080900000, 0x0000000080a00000, 0x0000000080a00000|100%| O|  |TAMS 0x0000000080a00000, 0x0000000080900000| Updating 
|  10|0x0000000080a00000, 0x0000000080b00000, 0x0000000080b00000|100%| O|  |TAMS 0x0000000080b00000, 0x0000000080a00000| Updating 
|  11|0x0000000080b00000, 0x0000000080c00000, 0x0000000080c00000|100%| O|  |TAMS 0x0000000080c00000, 0x0000000080b00000| Updating 
|  12|0x0000000080c00000, 0x0000000080d00000, 0x0000000080d00000|100%| O|  |TAMS 0x0000000080d00000, 0x0000000080c00000| Updating 
|  13|0x0000000080d00000, 0x0000000080e00000, 0x0000000080e00000|100%| O|  |TAMS 0x0000000080e00000, 0x0000000080d00000| Updating 
|  14|0x0000000080e00000, 0x0000000080f00000, 0x0000000080f00000|100%| O|  |TAMS 0x0000000080f00000, 0x0000000080e00000| Updating 
|  15|0x0000000080f00000, 0x0000000081000000, 0x0000000081000000|100%| O|  |TAMS 0x0000000081000000, 0x0000000080f00000| Updating 
|  16|0x0000000081000000, 0x0000000081100000, 0x0000000081100000|100%| O|  |TAMS 0x0000000081100000, 0x0000000081000000| Updating 
|  17|0x0000000081100000, 0x0000000081200000, 0x0000000081200000|100%| O|  |TAMS 0x0000000081200000, 0x0000000081100000| Updating 
|  18|0x0000000081200000, 0x0000000081300000, 0x0000000081300000|100%| O|  |TAMS 0x0000000081300000, 0x0000000081200000| Updating 
|  19|0x0000000081300000, 0x0000000081400000, 0x0000000081400000|100%| O|  |TAMS 0x0000000081400000, 0x0000000081300000| Updating 
|  20|0x0000000081400000, 0x0000000081500000, 0x0000000081500000|100%| O|  |TAMS 0x0000000081500000, 0x0000000081400000| Updating 
|  21|0x0000000081500000, 0x0000000081600000, 0x0000000081600000|100%| O|  |TAMS 0x0000000081600000, 0x0000000081500000| Updating 
|  22|0x0000000081600000, 0x0000000081700000, 0x0000000081700000|100%| O|  |TAMS 0x0000000081700000, 0x0000000081600000| Updating 
|  23|0x0000000081700000, 0x0000000081800000, 0x0000000081800000|100%| O|  |TAMS 0x0000000081800000, 0x0000000081700000| Updating 
|  24|0x0000000081800000, 0x0000000081900000, 0x0000000081900000|100%| O|  |TAMS 0x0000000081900000, 0x0000000081800000| Updating 
|  25|0x0000000081900000, 0x0000000081a00000, 0x0000000081a00000|100%| O|  |TAMS 0x0000000081a00000, 0x0000000081900000| Updating 
|  26|0x0000000081a00000, 0x0000000081b00000, 0x0000000081b00000|100%| O|  |TAMS 0x0000000081b00000, 0x0000000081a00000| Updating 
|  27|0x0000000081b00000, 0x0000000081c00000, 0x0000000081c00000|100%| O|  |TAMS 0x0000000081c00000, 0x0000000081b00000| Updating 
|  28|0x0000000081c00000, 0x0000000081d00000, 0x0000000081d00000|100%| O|  |TAMS 0x0000000081d00000, 0x0000000081c00000| Updating 
|  29|0x0000000081d00000, 0x0000000081e00000, 0x0000000081e00000|100%|HS|  |TAMS 0x0000000081e00000, 0x0000000081d00000| Complete 
|  30|0x0000000081e00000, 0x0000000081f00000, 0x0000000081f00000|100%|HS|  |TAMS 0x0000000081f00000, 0x0000000081e00000| Complete 
|  31|0x0000000081f00000, 0x0000000082000000, 0x0000000082000000|100%|HS|  |TAMS 0x0000000082000000, 0x0000000081f00000| Complete 
|  32|0x0000000082000000, 0x0000000082100000, 0x0000000082100000|100%|HS|  |TAMS 0x0000000082100000, 0x0000000082000000| Complete 
|  33|0x0000000082100000, 0x0000000082200000, 0x0000000082200000|100%|HC|  |TAMS 0x0000000082200000, 0x0000000082100000| Complete 
|  34|0x0000000082200000, 0x0000000082300000, 0x0000000082300000|100%|HC|  |TAMS 0x0000000082300000, 0x0000000082200000| Complete 
|  35|0x0000000082300000, 0x0000000082400000, 0x0000000082400000|100%|HS|  |TAMS 0x0000000082400000, 0x0000000082300000| Complete 
|  36|0x0000000082400000, 0x0000000082500000, 0x0000000082500000|100%|HC|  |TAMS 0x0000000082500000, 0x0000000082400000| Complete 
|  37|0x0000000082500000, 0x0000000082600000, 0x0000000082600000|100%| O|  |TAMS 0x0000000082600000, 0x0000000082500000| Updating 
|  38|0x0000000082600000, 0x0000000082700000, 0x0000000082700000|100%| O|  |TAMS 0x0000000082700000, 0x0000000082600000| Updating 
|  39|0x0000000082700000, 0x0000000082800000, 0x0000000082800000|100%| O|  |TAMS 0x0000000082800000, 0x0000000082700000| Updating 
|  40|0x0000000082800000, 0x0000000082900000, 0x0000000082900000|100%| O|  |TAMS 0x0000000082900000, 0x0000000082800000| Updating 
|  41|0x0000000082900000, 0x0000000082a00000, 0x0000000082a00000|100%| O|  |TAMS 0x0000000082a00000, 0x0000000082900000| Updating 
|  42|0x0000000082a00000, 0x0000000082b00000, 0x0000000082b00000|100%| O|  |TAMS 0x0000000082b00000, 0x0000000082a00000| Updating 
|  43|0x0000000082b00000, 0x0000000082c00000, 0x0000000082c00000|100%| O|  |TAMS 0x0000000082c00000, 0x0000000082b00000| Updating 
|  44|0x0000000082c00000, 0x0000000082d00000, 0x0000000082d00000|100%| O|  |TAMS 0x0000000082d00000, 0x0000000082c00000| Updating 
|  45|0x0000000082d00000, 0x0000000082e00000, 0x0000000082e00000|100%| O|  |TAMS 0x0000000082e00000, 0x0000000082d00000| Updating 
|  46|0x0000000082e00000, 0x0000000082f00000, 0x0000000082f00000|100%| O|  |TAMS 0x0000000082f00000, 0x0000000082e00000| Updating 
|  47|0x0000000082f00000, 0x0000000083000000, 0x0000000083000000|100%| O|  |TAMS 0x0000000083000000, 0x0000000082f00000| Updating 
|  48|0x0000000083000000, 0x0000000083100000, 0x0000000083100000|100%| O|  |TAMS 0x0000000083100000, 0x0000000083000000| Updating 
|  49|0x0000000083100000, 0x0000000083200000, 0x0000000083200000|100%| O|  |TAMS 0x0000000083200000, 0x0000000083100000| Updating 
|  50|0x0000000083200000, 0x0000000083300000, 0x0000000083300000|100%| O|  |TAMS 0x0000000083300000, 0x0000000083200000| Updating 
|  51|0x0000000083300000, 0x0000000083400000, 0x0000000083400000|100%| O|  |TAMS 0x0000000083400000, 0x0000000083300000| Updating 
|  52|0x0000000083400000, 0x0000000083500000, 0x0000000083500000|100%| O|  |TAMS 0x0000000083500000, 0x0000000083400000| Updating 
|  53|0x0000000083500000, 0x0000000083600000, 0x0000000083600000|100%| O|  |TAMS 0x0000000083600000, 0x0000000083500000| Updating 
|  54|0x0000000083600000, 0x0000000083700000, 0x0000000083700000|100%| O|  |TAMS 0x0000000083700000, 0x0000000083600000| Updating 
|  55|0x0000000083700000, 0x0000000083800000, 0x0000000083800000|100%| O|  |TAMS 0x0000000083800000, 0x0000000083700000| Updating 
|  56|0x0000000083800000, 0x0000000083900000, 0x0000000083900000|100%| O|  |TAMS 0x0000000083900000, 0x0000000083800000| Updating 
|  57|0x0000000083900000, 0x0000000083a00000, 0x0000000083a00000|100%| O|  |TAMS 0x0000000083a00000, 0x0000000083900000| Updating 
|  58|0x0000000083a00000, 0x0000000083b00000, 0x0000000083b00000|100%| O|  |TAMS 0x0000000083b00000, 0x0000000083a00000| Updating 
|  59|0x0000000083b00000, 0x0000000083c00000, 0x0000000083c00000|100%| O|  |TAMS 0x0000000083c00000, 0x0000000083b00000| Updating 
|  60|0x0000000083c00000, 0x0000000083d00000, 0x0000000083d00000|100%| O|  |TAMS 0x0000000083d00000, 0x0000000083c00000| Updating 
|  61|0x0000000083d00000, 0x0000000083e00000, 0x0000000083e00000|100%| O|  |TAMS 0x0000000083e00000, 0x0000000083d00000| Updating 
|  62|0x0000000083e00000, 0x0000000083f00000, 0x0000000083f00000|100%| O|  |TAMS 0x0000000083f00000, 0x0000000083e00000| Updating 
|  63|0x0000000083f00000, 0x0000000084000000, 0x0000000084000000|100%| O|  |TAMS 0x0000000084000000, 0x0000000083f00000| Updating 
|  64|0x0000000084000000, 0x0000000084100000, 0x0000000084100000|100%| O|  |TAMS 0x0000000084100000, 0x0000000084000000| Updating 
|  65|0x0000000084100000, 0x0000000084200000, 0x0000000084200000|100%| O|  |TAMS 0x0000000084200000, 0x0000000084100000| Updating 
|  66|0x0000000084200000, 0x0000000084300000, 0x0000000084300000|100%| O|  |TAMS 0x0000000084300000, 0x0000000084200000| Updating 
|  67|0x0000000084300000, 0x0000000084400000, 0x0000000084400000|100%| O|  |TAMS 0x0000000084400000, 0x0000000084300000| Updating 
|  68|0x0000000084400000, 0x0000000084500000, 0x0000000084500000|100%| O|  |TAMS 0x0000000084500000, 0x0000000084400000| Updating 
|  69|0x0000000084500000, 0x0000000084600000, 0x0000000084600000|100%| O|  |TAMS 0x0000000084600000, 0x0000000084500000| Updating 
|  70|0x0000000084600000, 0x0000000084700000, 0x0000000084700000|100%| O|  |TAMS 0x0000000084700000, 0x0000000084600000| Updating 
|  71|0x0000000084700000, 0x0000000084800000, 0x0000000084800000|100%| O|  |TAMS 0x0000000084800000, 0x0000000084700000| Updating 
|  72|0x0000000084800000, 0x0000000084900000, 0x0000000084900000|100%| O|  |TAMS 0x0000000084900000, 0x0000000084800000| Updating 
|  73|0x0000000084900000, 0x0000000084a00000, 0x0000000084a00000|100%| O|  |TAMS 0x0000000084a00000, 0x0000000084900000| Updating 
|  74|0x0000000084a00000, 0x0000000084b00000, 0x0000000084b00000|100%| O|  |TAMS 0x0000000084b00000, 0x0000000084a00000| Updating 
|  75|0x0000000084b00000, 0x0000000084c00000, 0x0000000084c00000|100%| O|  |TAMS 0x0000000084c00000, 0x0000000084b00000| Updating 
|  76|0x0000000084c00000, 0x0000000084d00000, 0x0000000084d00000|100%| O|  |TAMS 0x0000000084d00000, 0x0000000084c00000| Updating 
|  77|0x0000000084d00000, 0x0000000084e00000, 0x0000000084e00000|100%| O|  |TAMS 0x0000000084e00000, 0x0000000084d00000| Updating 
|  78|0x0000000084e00000, 0x0000000084f00000, 0x0000000084f00000|100%| O|  |TAMS 0x0000000084f00000, 0x0000000084e00000| Updating 
|  79|0x0000000084f00000, 0x0000000085000000, 0x0000000085000000|100%| O|  |TAMS 0x0000000085000000, 0x0000000084f00000| Updating 
|  80|0x0000000085000000, 0x0000000085100000, 0x0000000085100000|100%| O|  |TAMS 0x0000000085100000, 0x0000000085000000| Updating 
|  81|0x0000000085100000, 0x0000000085200000, 0x0000000085200000|100%| O|  |TAMS 0x0000000085200000, 0x0000000085100000| Updating 
|  82|0x0000000085200000, 0x0000000085300000, 0x0000000085300000|100%| O|  |TAMS 0x0000000085300000, 0x0000000085200000| Updating 
|  83|0x0000000085300000, 0x0000000085400000, 0x0000000085400000|100%| O|  |TAMS 0x0000000085400000, 0x0000000085300000| Updating 
|  84|0x0000000085400000, 0x0000000085500000, 0x0000000085500000|100%| O|  |TAMS 0x0000000085500000, 0x0000000085400000| Updating 
|  85|0x0000000085500000, 0x0000000085600000, 0x0000000085600000|100%| O|  |TAMS 0x0000000085600000, 0x0000000085500000| Updating 
|  86|0x0000000085600000, 0x0000000085700000, 0x0000000085700000|100%| O|  |TAMS 0x0000000085700000, 0x0000000085600000| Updating 
|  87|0x0000000085700000, 0x0000000085800000, 0x0000000085800000|100%| O|  |TAMS 0x0000000085800000, 0x0000000085700000| Updating 
|  88|0x0000000085800000, 0x0000000085900000, 0x0000000085900000|100%| O|  |TAMS 0x0000000085900000, 0x0000000085800000| Updating 
|  89|0x0000000085900000, 0x0000000085a00000, 0x0000000085a00000|100%| O|  |TAMS 0x0000000085a00000, 0x0000000085900000| Updating 
|  90|0x0000000085a00000, 0x0000000085b00000, 0x0000000085b00000|100%| O|  |TAMS 0x0000000085b00000, 0x0000000085a00000| Updating 
|  91|0x0000000085b00000, 0x0000000085c00000, 0x0000000085c00000|100%|HS|  |TAMS 0x0000000085c00000, 0x0000000085b00000| Complete 
|  92|0x0000000085c00000, 0x0000000085d00000, 0x0000000085d00000|100%|HC|  |TAMS 0x0000000085d00000, 0x0000000085c00000| Complete 
|  93|0x0000000085d00000, 0x0000000085e00000, 0x0000000085e00000|100%|HC|  |TAMS 0x0000000085e00000, 0x0000000085d00000| Complete 
|  94|0x0000000085e00000, 0x0000000085f00000, 0x0000000085f00000|100%|HC|  |TAMS 0x0000000085f00000, 0x0000000085e00000| Complete 
|  95|0x0000000085f00000, 0x0000000086000000, 0x0000000086000000|100%|HC|  |TAMS 0x0000000086000000, 0x0000000085f00000| Complete 
|  96|0x0000000086000000, 0x0000000086100000, 0x0000000086100000|100%|HC|  |TAMS 0x0000000086100000, 0x0000000086000000| Complete 
|  97|0x0000000086100000, 0x0000000086200000, 0x0000000086200000|100%|HC|  |TAMS 0x0000000086200000, 0x0000000086100000| Complete 
|  98|0x0000000086200000, 0x0000000086300000, 0x0000000086300000|100%|HC|  |TAMS 0x0000000086300000, 0x0000000086200000| Complete 
|  99|0x0000000086300000, 0x0000000086400000, 0x0000000086400000|100%|HC|  |TAMS 0x0000000086400000, 0x0000000086300000| Complete 
| 100|0x0000000086400000, 0x0000000086500000, 0x0000000086500000|100%|HS|  |TAMS 0x0000000086500000, 0x0000000086400000| Complete 
| 101|0x0000000086500000, 0x0000000086600000, 0x0000000086600000|100%|HC|  |TAMS 0x0000000086600000, 0x0000000086500000| Complete 
| 102|0x0000000086600000, 0x0000000086700000, 0x0000000086700000|100%|HC|  |TAMS 0x0000000086700000, 0x0000000086600000| Complete 
| 103|0x0000000086700000, 0x0000000086800000, 0x0000000086800000|100%|HC|  |TAMS 0x0000000086800000, 0x0000000086700000| Complete 
| 104|0x0000000086800000, 0x0000000086900000, 0x0000000086900000|100%|HC|  |TAMS 0x0000000086900000, 0x0000000086800000| Complete 
| 105|0x0000000086900000, 0x0000000086a00000, 0x0000000086a00000|100%|HC|  |TAMS 0x0000000086a00000, 0x0000000086900000| Complete 
| 106|0x0000000086a00000, 0x0000000086b00000, 0x0000000086b00000|100%|HC|  |TAMS 0x0000000086b00000, 0x0000000086a00000| Complete 
| 107|0x0000000086b00000, 0x0000000086c00000, 0x0000000086c00000|100%|HC|  |TAMS 0x0000000086c00000, 0x0000000086b00000| Complete 
| 108|0x0000000086c00000, 0x0000000086d00000, 0x0000000086d00000|100%| O|  |TAMS 0x0000000086d00000, 0x0000000086c00000| Updating 
| 109|0x0000000086d00000, 0x0000000086e00000, 0x0000000086e00000|100%| O|  |TAMS 0x0000000086e00000, 0x0000000086d00000| Updating 
| 110|0x0000000086e00000, 0x0000000086f00000, 0x0000000086f00000|100%| O|  |TAMS 0x0000000086f00000, 0x0000000086e00000| Updating 
| 111|0x0000000086f00000, 0x0000000087000000, 0x0000000087000000|100%| O|  |TAMS 0x0000000087000000, 0x0000000086f00000| Updating 
| 112|0x0000000087000000, 0x0000000087100000, 0x0000000087100000|100%| O|  |TAMS 0x0000000087100000, 0x0000000087000000| Updating 
| 113|0x0000000087100000, 0x0000000087200000, 0x0000000087200000|100%| O|  |TAMS 0x0000000087100000, 0x0000000087100000| Untracked 
| 114|0x0000000087200000, 0x0000000087300000, 0x0000000087300000|100%| O|  |TAMS 0x0000000087300000, 0x0000000087200000| Updating 
| 115|0x0000000087300000, 0x0000000087400000, 0x0000000087400000|100%| O|  |TAMS 0x0000000087400000, 0x0000000087300000| Updating 
| 116|0x0000000087400000, 0x0000000087500000, 0x0000000087500000|100%| O|  |TAMS 0x0000000087500000, 0x0000000087400000| Updating 
| 117|0x0000000087500000, 0x0000000087600000, 0x0000000087600000|100%| O|  |TAMS 0x0000000087600000, 0x0000000087500000| Updating 
| 118|0x0000000087600000, 0x0000000087700000, 0x0000000087700000|100%| O|  |TAMS 0x0000000087700000, 0x0000000087600000| Updating 
| 119|0x0000000087700000, 0x0000000087800000, 0x0000000087800000|100%| O|  |TAMS 0x0000000087800000, 0x0000000087700000| Updating 
| 120|0x0000000087800000, 0x0000000087900000, 0x0000000087900000|100%| O|  |TAMS 0x0000000087900000, 0x0000000087800000| Updating 
| 121|0x0000000087900000, 0x0000000087a00000, 0x0000000087a00000|100%| O|  |TAMS 0x0000000087a00000, 0x0000000087900000| Updating 
| 122|0x0000000087a00000, 0x0000000087b00000, 0x0000000087b00000|100%| O|  |TAMS 0x0000000087b00000, 0x0000000087a00000| Updating 
| 123|0x0000000087b00000, 0x0000000087c00000, 0x0000000087c00000|100%| O|  |TAMS 0x0000000087c00000, 0x0000000087b00000| Updating 
| 124|0x0000000087c00000, 0x0000000087d00000, 0x0000000087d00000|100%| O|  |TAMS 0x0000000087d00000, 0x0000000087c00000| Updating 
| 125|0x0000000087d00000, 0x0000000087e00000, 0x0000000087e00000|100%| O|  |TAMS 0x0000000087e00000, 0x0000000087d00000| Updating 
| 126|0x0000000087e00000, 0x0000000087f00000, 0x0000000087f00000|100%| O|  |TAMS 0x0000000087f00000, 0x0000000087e00000| Updating 
| 127|0x0000000087f00000, 0x0000000088000000, 0x0000000088000000|100%| O|  |TAMS 0x0000000088000000, 0x0000000087f00000| Updating 
| 128|0x0000000088000000, 0x0000000088100000, 0x0000000088100000|100%| O|  |TAMS 0x0000000088100000, 0x0000000088000000| Updating 
| 129|0x0000000088100000, 0x0000000088200000, 0x0000000088200000|100%| O|  |TAMS 0x0000000088200000, 0x0000000088100000| Updating 
| 130|0x0000000088200000, 0x0000000088300000, 0x0000000088300000|100%|HS|  |TAMS 0x0000000088300000, 0x0000000088200000| Complete 
| 131|0x0000000088300000, 0x0000000088400000, 0x0000000088400000|100%|HC|  |TAMS 0x0000000088400000, 0x0000000088300000| Complete 
| 132|0x0000000088400000, 0x0000000088500000, 0x0000000088500000|100%| O|  |TAMS 0x0000000088500000, 0x0000000088400000| Updating 
| 133|0x0000000088500000, 0x0000000088600000, 0x0000000088600000|100%|HS|  |TAMS 0x0000000088600000, 0x0000000088500000| Complete 
| 134|0x0000000088600000, 0x0000000088700000, 0x0000000088700000|100%|HC|  |TAMS 0x0000000088700000, 0x0000000088600000| Complete 
| 135|0x0000000088700000, 0x0000000088800000, 0x0000000088800000|100%|HC|  |TAMS 0x0000000088800000, 0x0000000088700000| Complete 
| 136|0x0000000088800000, 0x0000000088900000, 0x0000000088900000|100%|HC|  |TAMS 0x0000000088900000, 0x0000000088800000| Complete 
| 137|0x0000000088900000, 0x0000000088a00000, 0x0000000088a00000|100%|HC|  |TAMS 0x0000000088a00000, 0x0000000088900000| Complete 
| 138|0x0000000088a00000, 0x0000000088b00000, 0x0000000088b00000|100%|HC|  |TAMS 0x0000000088b00000, 0x0000000088a00000| Complete 
| 139|0x0000000088b00000, 0x0000000088c00000, 0x0000000088c00000|100%|HC|  |TAMS 0x0000000088c00000, 0x0000000088b00000| Complete 
| 140|0x0000000088c00000, 0x0000000088d00000, 0x0000000088d00000|100%|HC|  |TAMS 0x0000000088d00000, 0x0000000088c00000| Complete 
| 141|0x0000000088d00000, 0x0000000088e00000, 0x0000000088e00000|100%|HC|  |TAMS 0x0000000088e00000, 0x0000000088d00000| Complete 
| 142|0x0000000088e00000, 0x0000000088f00000, 0x0000000088f00000|100%| O|  |TAMS 0x0000000088f00000, 0x0000000088e00000| Updating 
| 143|0x0000000088f00000, 0x0000000089000000, 0x0000000089000000|100%| O|  |TAMS 0x0000000089000000, 0x0000000088f00000| Updating 
| 144|0x0000000089000000, 0x0000000089100000, 0x0000000089100000|100%| O|  |TAMS 0x0000000089100000, 0x0000000089000000| Updating 
| 145|0x0000000089100000, 0x0000000089200000, 0x0000000089200000|100%| O|  |TAMS 0x0000000089200000, 0x0000000089100000| Updating 
| 146|0x0000000089200000, 0x0000000089300000, 0x0000000089300000|100%| O|  |TAMS 0x0000000089300000, 0x0000000089200000| Updating 
| 147|0x0000000089300000, 0x0000000089400000, 0x0000000089400000|100%| O|  |TAMS 0x0000000089400000, 0x0000000089300000| Updating 
| 148|0x0000000089400000, 0x0000000089500000, 0x0000000089500000|100%| O|  |TAMS 0x0000000089500000, 0x0000000089400000| Updating 
| 149|0x0000000089500000, 0x0000000089600000, 0x0000000089600000|100%| O|  |TAMS 0x0000000089600000, 0x0000000089500000| Updating 
| 150|0x0000000089600000, 0x0000000089700000, 0x0000000089700000|100%| O|  |TAMS 0x0000000089700000, 0x0000000089600000| Updating 
| 151|0x0000000089700000, 0x0000000089800000, 0x0000000089800000|100%|HS|  |TAMS 0x0000000089800000, 0x0000000089700000| Complete 
| 152|0x0000000089800000, 0x0000000089900000, 0x0000000089900000|100%|HC|  |TAMS 0x0000000089900000, 0x0000000089800000| Complete 
| 153|0x0000000089900000, 0x0000000089a00000, 0x0000000089a00000|100%|HS|  |TAMS 0x0000000089a00000, 0x0000000089900000| Complete 
| 154|0x0000000089a00000, 0x0000000089b00000, 0x0000000089b00000|100%|HC|  |TAMS 0x0000000089b00000, 0x0000000089a00000| Complete 
| 155|0x0000000089b00000, 0x0000000089c00000, 0x0000000089c00000|100%|HC|  |TAMS 0x0000000089c00000, 0x0000000089b00000| Complete 
| 156|0x0000000089c00000, 0x0000000089d00000, 0x0000000089d00000|100%|HC|  |TAMS 0x0000000089d00000, 0x0000000089c00000| Complete 
| 157|0x0000000089d00000, 0x0000000089e00000, 0x0000000089e00000|100%|HC|  |TAMS 0x0000000089e00000, 0x0000000089d00000| Complete 
| 158|0x0000000089e00000, 0x0000000089f00000, 0x0000000089f00000|100%|HC|  |TAMS 0x0000000089f00000, 0x0000000089e00000| Complete 
| 159|0x0000000089f00000, 0x000000008a000000, 0x000000008a000000|100%|HC|  |TAMS 0x000000008a000000, 0x0000000089f00000| Complete 
| 160|0x000000008a000000, 0x000000008a100000, 0x000000008a100000|100%|HC|  |TAMS 0x000000008a100000, 0x000000008a000000| Complete 
| 161|0x000000008a100000, 0x000000008a200000, 0x000000008a200000|100%| O|  |TAMS 0x000000008a100000, 0x000000008a100000| Untracked 
| 162|0x000000008a200000, 0x000000008a300000, 0x000000008a300000|100%| O|  |TAMS 0x000000008a300000, 0x000000008a200000| Updating 
| 163|0x000000008a300000, 0x000000008a400000, 0x000000008a400000|100%|HS|  |TAMS 0x000000008a400000, 0x000000008a300000| Complete 
| 164|0x000000008a400000, 0x000000008a500000, 0x000000008a500000|100%| O|  |TAMS 0x000000008a500000, 0x000000008a400000| Updating 
| 165|0x000000008a500000, 0x000000008a600000, 0x000000008a600000|100%| O|  |TAMS 0x000000008a600000, 0x000000008a500000| Updating 
| 166|0x000000008a600000, 0x000000008a700000, 0x000000008a700000|100%| O|  |TAMS 0x000000008a700000, 0x000000008a600000| Updating 
| 167|0x000000008a700000, 0x000000008a800000, 0x000000008a800000|100%| O|  |TAMS 0x000000008a800000, 0x000000008a700000| Updating 
| 168|0x000000008a800000, 0x000000008a900000, 0x000000008a900000|100%| O|  |TAMS 0x000000008a900000, 0x000000008a800000| Updating 
| 169|0x000000008a900000, 0x000000008aa00000, 0x000000008aa00000|100%| O|  |TAMS 0x000000008aa00000, 0x000000008a900000| Updating 
| 170|0x000000008aa00000, 0x000000008ab00000, 0x000000008ab00000|100%| O|  |TAMS 0x000000008ab00000, 0x000000008aa00000| Updating 
| 171|0x000000008ab00000, 0x000000008ac00000, 0x000000008ac00000|100%| O|  |TAMS 0x000000008ac00000, 0x000000008ab00000| Updating 
| 172|0x000000008ac00000, 0x000000008ad00000, 0x000000008ad00000|100%| O|  |TAMS 0x000000008ad00000, 0x000000008ac00000| Updating 
| 173|0x000000008ad00000, 0x000000008ae00000, 0x000000008ae00000|100%| O|  |TAMS 0x000000008ae00000, 0x000000008ad00000| Updating 
| 174|0x000000008ae00000, 0x000000008af00000, 0x000000008af00000|100%| O|  |TAMS 0x000000008af00000, 0x000000008ae00000| Updating 
| 175|0x000000008af00000, 0x000000008b000000, 0x000000008b000000|100%| O|  |TAMS 0x000000008b000000, 0x000000008af00000| Updating 
| 176|0x000000008b000000, 0x000000008b100000, 0x000000008b100000|100%| O|  |TAMS 0x000000008b100000, 0x000000008b000000| Updating 
| 177|0x000000008b100000, 0x000000008b200000, 0x000000008b200000|100%| O|  |TAMS 0x000000008b200000, 0x000000008b100000| Updating 
| 178|0x000000008b200000, 0x000000008b300000, 0x000000008b300000|100%| O|  |TAMS 0x000000008b300000, 0x000000008b200000| Updating 
| 179|0x000000008b300000, 0x000000008b400000, 0x000000008b400000|100%| O|  |TAMS 0x000000008b400000, 0x000000008b300000| Updating 
| 180|0x000000008b400000, 0x000000008b500000, 0x000000008b500000|100%| O|  |TAMS 0x000000008b500000, 0x000000008b400000| Updating 
| 181|0x000000008b500000, 0x000000008b600000, 0x000000008b600000|100%| O|  |TAMS 0x000000008b600000, 0x000000008b500000| Updating 
| 182|0x000000008b600000, 0x000000008b700000, 0x000000008b700000|100%| O|  |TAMS 0x000000008b700000, 0x000000008b600000| Updating 
| 183|0x000000008b700000, 0x000000008b800000, 0x000000008b800000|100%| O|  |TAMS 0x000000008b800000, 0x000000008b700000| Updating 
| 184|0x000000008b800000, 0x000000008b900000, 0x000000008b900000|100%| O|  |TAMS 0x000000008b900000, 0x000000008b800000| Updating 
| 185|0x000000008b900000, 0x000000008ba00000, 0x000000008ba00000|100%| O|  |TAMS 0x000000008ba00000, 0x000000008b900000| Updating 
| 186|0x000000008ba00000, 0x000000008bb00000, 0x000000008bb00000|100%| O|  |TAMS 0x000000008bb00000, 0x000000008ba00000| Updating 
| 187|0x000000008bb00000, 0x000000008bc00000, 0x000000008bc00000|100%| O|  |TAMS 0x000000008bc00000, 0x000000008bb00000| Updating 
| 188|0x000000008bc00000, 0x000000008bd00000, 0x000000008bd00000|100%| O|  |TAMS 0x000000008bc94e00, 0x000000008bc00000| Updating 
| 189|0x000000008bd00000, 0x000000008be00000, 0x000000008be00000|100%| O|  |TAMS 0x000000008bd00000, 0x000000008bd00000| Untracked 
| 190|0x000000008be00000, 0x000000008bf00000, 0x000000008bf00000|100%| O|  |TAMS 0x000000008be00000, 0x000000008be00000| Untracked 
| 191|0x000000008bf00000, 0x000000008c000000, 0x000000008c000000|100%| O|  |TAMS 0x000000008c000000, 0x000000008bf00000| Updating 
| 192|0x000000008c000000, 0x000000008c100000, 0x000000008c100000|100%| O|  |TAMS 0x000000008c100000, 0x000000008c000000| Updating 
| 193|0x000000008c100000, 0x000000008c200000, 0x000000008c200000|100%| O|  |TAMS 0x000000008c100000, 0x000000008c100000| Untracked 
| 194|0x000000008c200000, 0x000000008c300000, 0x000000008c300000|100%| O|  |TAMS 0x000000008c200000, 0x000000008c200000| Untracked 
| 195|0x000000008c300000, 0x000000008c400000, 0x000000008c400000|100%| O|  |TAMS 0x000000008c400000, 0x000000008c300000| Updating 
| 196|0x000000008c400000, 0x000000008c500000, 0x000000008c500000|100%| O|  |TAMS 0x000000008c500000, 0x000000008c400000| Updating 
| 197|0x000000008c500000, 0x000000008c600000, 0x000000008c600000|100%| O|  |TAMS 0x000000008c600000, 0x000000008c500000| Updating 
| 198|0x000000008c600000, 0x000000008c700000, 0x000000008c700000|100%| O|  |TAMS 0x000000008c700000, 0x000000008c600000| Updating 
| 199|0x000000008c700000, 0x000000008c800000, 0x000000008c800000|100%| O|  |TAMS 0x000000008c800000, 0x000000008c700000| Updating 
| 200|0x000000008c800000, 0x000000008c900000, 0x000000008c900000|100%| O|  |TAMS 0x000000008c800000, 0x000000008c800000| Untracked 
| 201|0x000000008c900000, 0x000000008ca00000, 0x000000008ca00000|100%| O|  |TAMS 0x000000008c900000, 0x000000008c900000| Updating 
| 202|0x000000008ca00000, 0x000000008cb00000, 0x000000008cb00000|100%| O|  |TAMS 0x000000008ca00000, 0x000000008ca00000| Untracked 
| 203|0x000000008cb00000, 0x000000008cc00000, 0x000000008cc00000|100%| O|  |TAMS 0x000000008cb00000, 0x000000008cb00000| Untracked 
| 204|0x000000008cc00000, 0x000000008cd00000, 0x000000008cd00000|100%| O|  |TAMS 0x000000008cc00000, 0x000000008cc00000| Untracked 
| 205|0x000000008cd00000, 0x000000008cd00000, 0x000000008ce00000|  0%| F|  |TAMS 0x000000008cd00000, 0x000000008cd00000| Untracked 
| 206|0x000000008ce00000, 0x000000008ce00000, 0x000000008cf00000|  0%| F|  |TAMS 0x000000008ce00000, 0x000000008ce00000| Untracked 
| 207|0x000000008cf00000, 0x000000008cf00000, 0x000000008d000000|  0%| F|  |TAMS 0x000000008cf00000, 0x000000008cf00000| Untracked 
| 208|0x000000008d000000, 0x000000008d000000, 0x000000008d100000|  0%| F|  |TAMS 0x000000008d000000, 0x000000008d000000| Untracked 
| 209|0x000000008d100000, 0x000000008d100000, 0x000000008d200000|  0%| F|  |TAMS 0x000000008d100000, 0x000000008d100000| Untracked 
| 210|0x000000008d200000, 0x000000008d200000, 0x000000008d300000|  0%| F|  |TAMS 0x000000008d200000, 0x000000008d200000| Untracked 
| 211|0x000000008d300000, 0x000000008d300000, 0x000000008d400000|  0%| F|  |TAMS 0x000000008d300000, 0x000000008d300000| Untracked 
| 212|0x000000008d400000, 0x000000008d400000, 0x000000008d500000|  0%| F|  |TAMS 0x000000008d400000, 0x000000008d400000| Untracked 
| 213|0x000000008d500000, 0x000000008d500000, 0x000000008d600000|  0%| F|  |TAMS 0x000000008d500000, 0x000000008d500000| Untracked 
| 214|0x000000008d600000, 0x000000008d600000, 0x000000008d700000|  0%| F|  |TAMS 0x000000008d600000, 0x000000008d600000| Untracked 
| 215|0x000000008d700000, 0x000000008d700000, 0x000000008d800000|  0%| F|  |TAMS 0x000000008d700000, 0x000000008d700000| Untracked 
| 216|0x000000008d800000, 0x000000008d800000, 0x000000008d900000|  0%| F|  |TAMS 0x000000008d800000, 0x000000008d800000| Untracked 
| 217|0x000000008d900000, 0x000000008d900000, 0x000000008da00000|  0%| F|  |TAMS 0x000000008d900000, 0x000000008d900000| Untracked 
| 218|0x000000008da00000, 0x000000008da00000, 0x000000008db00000|  0%| F|  |TAMS 0x000000008da00000, 0x000000008da00000| Untracked 
| 219|0x000000008db00000, 0x000000008db00000, 0x000000008dc00000|  0%| F|  |TAMS 0x000000008db00000, 0x000000008db00000| Untracked 
| 220|0x000000008dc00000, 0x000000008dc00000, 0x000000008dd00000|  0%| F|  |TAMS 0x000000008dc00000, 0x000000008dc00000| Untracked 
| 221|0x000000008dd00000, 0x000000008dd00000, 0x000000008de00000|  0%| F|  |TAMS 0x000000008dd00000, 0x000000008dd00000| Untracked 
| 222|0x000000008de00000, 0x000000008de00000, 0x000000008df00000|  0%| F|  |TAMS 0x000000008de00000, 0x000000008de00000| Untracked 
| 223|0x000000008df00000, 0x000000008df00000, 0x000000008e000000|  0%| F|  |TAMS 0x000000008df00000, 0x000000008df00000| Untracked 
| 224|0x000000008e000000, 0x000000008e000000, 0x000000008e100000|  0%| F|  |TAMS 0x000000008e000000, 0x000000008e000000| Untracked 
| 225|0x000000008e100000, 0x000000008e100000, 0x000000008e200000|  0%| F|  |TAMS 0x000000008e100000, 0x000000008e100000| Untracked 
| 226|0x000000008e200000, 0x000000008e200000, 0x000000008e300000|  0%| F|  |TAMS 0x000000008e200000, 0x000000008e200000| Untracked 
| 227|0x000000008e300000, 0x000000008e300000, 0x000000008e400000|  0%| F|  |TAMS 0x000000008e300000, 0x000000008e300000| Untracked 
| 228|0x000000008e400000, 0x000000008e500000, 0x000000008e500000|100%| S|CS|TAMS 0x000000008e400000, 0x000000008e400000| Complete 
| 229|0x000000008e500000, 0x000000008e600000, 0x000000008e600000|100%| S|CS|TAMS 0x000000008e500000, 0x000000008e500000| Complete 
| 230|0x000000008e600000, 0x000000008e600000, 0x000000008e700000|  0%| F|  |TAMS 0x000000008e600000, 0x000000008e600000| Untracked 
| 231|0x000000008e700000, 0x000000008e700000, 0x000000008e800000|  0%| F|  |TAMS 0x000000008e700000, 0x000000008e700000| Untracked 
| 232|0x000000008e800000, 0x000000008e800000, 0x000000008e900000|  0%| F|  |TAMS 0x000000008e800000, 0x000000008e800000| Untracked 
| 233|0x000000008e900000, 0x000000008e900000, 0x000000008ea00000|  0%| F|  |TAMS 0x000000008e900000, 0x000000008e900000| Untracked 
| 234|0x000000008ea00000, 0x000000008ea00000, 0x000000008eb00000|  0%| F|  |TAMS 0x000000008ea00000, 0x000000008ea00000| Untracked 
| 235|0x000000008eb00000, 0x000000008eb00000, 0x000000008ec00000|  0%| F|  |TAMS 0x000000008eb00000, 0x000000008eb00000| Untracked 
| 236|0x000000008ec00000, 0x000000008ec00000, 0x000000008ed00000|  0%| F|  |TAMS 0x000000008ec00000, 0x000000008ec00000| Untracked 
| 237|0x000000008ed00000, 0x000000008ed00000, 0x000000008ee00000|  0%| F|  |TAMS 0x000000008ed00000, 0x000000008ed00000| Untracked 
| 238|0x000000008ee00000, 0x000000008ee00000, 0x000000008ef00000|  0%| F|  |TAMS 0x000000008ee00000, 0x000000008ee00000| Untracked 
| 239|0x000000008ef00000, 0x000000008ef00000, 0x000000008f000000|  0%| F|  |TAMS 0x000000008ef00000, 0x000000008ef00000| Untracked 

Card table byte_map: [0x00000211966a0000,0x0000021196aa0000] _byte_map_base: 0x00000211962a0000

Marking Bits (Prev, Next): (CMBitMap*) 0x00000211837d0330, (CMBitMap*) 0x00000211837d02f8
 Prev Bits: [0x0000021198ea0000, 0x000002119aea0000)
 Next Bits: [0x0000021196ea0000, 0x0000021198ea0000)

Polling page: 0x0000021181720000

Metaspace:

Usage:
  Non-class:     87.75 MB capacity,    86.35 MB ( 98%) used,     1.14 MB (  1%) free+waste,   276.13 KB ( <1%) overhead. 
      Class:     13.73 MB capacity,    12.88 MB ( 94%) used,   744.67 KB (  5%) free+waste,   122.13 KB ( <1%) overhead. 
       Both:    101.48 MB capacity,    99.23 MB ( 98%) used,     1.86 MB (  2%) free+waste,   398.25 KB ( <1%) overhead. 

Virtual space:
  Non-class space:       88.00 MB reserved,      87.95 MB (>99%) committed 
      Class space:        1.00 GB reserved,      13.75 MB (  1%) committed 
             Both:        1.09 GB reserved,     101.70 MB (  9%) committed 

Chunk freelists:
   Non-Class:  71.00 KB
       Class:  22.00 KB
        Both:  93.00 KB

MaxMetaspaceSize: 17179869184.00 GB
CompressedClassSpaceSize: 1.00 GB
Initial GC threshold: 20.80 MB
Current GC threshold: 169.50 MB
CDS: off

CodeHeap 'non-profiled nmethods': size=120064Kb used=6747Kb max_used=6747Kb free=113316Kb
 bounds [0x000002118ed60000, 0x000002118f400000, 0x00000211962a0000]
CodeHeap 'profiled nmethods': size=120000Kb used=26518Kb max_used=26518Kb free=93481Kb
 bounds [0x0000021187830000, 0x0000021189220000, 0x000002118ed60000]
CodeHeap 'non-nmethods': size=5696Kb used=2408Kb max_used=2464Kb free=3287Kb
 bounds [0x00000211872a0000, 0x0000021187520000, 0x0000021187830000]
 total_blobs=13644 nmethods=12716 adapters=840
 compilation: enabled
              stopped_count=0, restarted_count=0
 full_count=0

Compilation events (20 events):
Event: 24.449 Thread 0x000002119dcde800 12896       2       com.android.tools.r8.code.r1::<init> (13 bytes)
Event: 24.449 Thread 0x000002119dcde800 nmethod 12896 0x000002118919e090 code [0x000002118919e240, 0x000002118919e368]
Event: 24.450 Thread 0x000002119dcde800 12898       2       com.android.tools.r8.code.g3::<init> (7 bytes)
Event: 24.451 Thread 0x000002119dcde800 nmethod 12898 0x000002118919e490 code [0x000002118919e640, 0x000002118919e798]
Event: 24.452 Thread 0x000002119dcde800 12899       2       com.android.tools.r8.code.y1::a (4129 bytes)
Event: 24.463 Thread 0x000002119dcde800 nmethod 12899 0x000002118919e890 code [0x000002118919fa60, 0x00000211891aa7b8]
Event: 24.469 Thread 0x000002119dcde800 12900       2       com.android.tools.r8.code.x1::<init> (28 bytes)
Event: 24.469 Thread 0x000002119dcde800 nmethod 12900 0x00000211891afc10 code [0x00000211891afdc0, 0x00000211891aff18]
Event: 24.486 Thread 0x000002119dcde800 12901       2       com.android.tools.r8.graph.N2::a (133 bytes)
Event: 24.486 Thread 0x000002119dcde800 nmethod 12901 0x00000211891aff90 code [0x00000211891b01c0, 0x00000211891b08c8]
Event: 24.490 Thread 0x000002119dcde800 12902       2       com.android.tools.r8.internal.N0::entrySet (5 bytes)
Event: 24.491 Thread 0x000002119dcde800 nmethod 12902 0x00000211891b0c90 code [0x00000211891b0e40, 0x00000211891b0f68]
Event: 24.491 Thread 0x000002119dcde800 12903       2       com.android.tools.r8.internal.bH::k (27 bytes)
Event: 24.491 Thread 0x000002119dcde800 nmethod 12903 0x00000211891b1010 code [0x00000211891b11c0, 0x00000211891b13d8]
Event: 24.491 Thread 0x000002119dcde800 12904       2       com.android.tools.r8.internal.V0::iterator (5 bytes)
Event: 24.491 Thread 0x000002119dcde800 nmethod 12904 0x00000211891b1490 code [0x00000211891b1640, 0x00000211891b1828]
Event: 24.533 Thread 0x000002119dcde800 12905 %     3       com.android.tools.r8.code.y1::a @ 20 (4129 bytes)
Event: 24.560 Thread 0x000002119dcde800 nmethod 12905% 0x00000211891b1910 code [0x00000211891b4ce0, 0x00000211891dcd98]
Event: 24.560 Thread 0x000002119dcde800 12906       3       com.android.tools.r8.code.y1::a (4129 bytes)
Event: 24.583 Thread 0x000002119dcde800 nmethod 12906 0x00000211891ea710 code [0x00000211891ed2e0, 0x000002118920aa98]

GC Heap History (20 events):
Event: 23.712 GC heap after
{Heap after GC invocations=43 (full 0):
 garbage-first heap   total 204800K, used 156412K [0x0000000080000000, 0x0000000100000000)
  region size 1024K, 4 young (4096K), 4 survivors (4096K)
 Metaspace       used 99304K, capacity 101510K, committed 101580K, reserved 1136640K
  class space    used 12749K, capacity 13557K, committed 13568K, reserved 1048576K
}
Event: 23.741 GC heap before
{Heap before GC invocations=44 (full 0):
 garbage-first heap   total 204800K, used 165628K [0x0000000080000000, 0x0000000100000000)
  region size 1024K, 15 young (15360K), 4 survivors (4096K)
 Metaspace       used 99304K, capacity 101510K, committed 101580K, reserved 1136640K
  class space    used 12749K, capacity 13557K, committed 13568K, reserved 1048576K
}
Event: 23.756 GC heap after
{Heap after GC invocations=45 (full 0):
 garbage-first heap   total 204800K, used 161740K [0x0000000080000000, 0x0000000100000000)
  region size 1024K, 3 young (3072K), 3 survivors (3072K)
 Metaspace       used 99304K, capacity 101510K, committed 101580K, reserved 1136640K
  class space    used 12749K, capacity 13557K, committed 13568K, reserved 1048576K
}
Event: 23.804 GC heap before
{Heap before GC invocations=45 (full 0):
 garbage-first heap   total 204800K, used 176076K [0x0000000080000000, 0x0000000100000000)
  region size 1024K, 14 young (14336K), 3 survivors (3072K)
 Metaspace       used 99304K, capacity 101510K, committed 101580K, reserved 1136640K
  class space    used 12749K, capacity 13557K, committed 13568K, reserved 1048576K
}
Event: 23.816 GC heap after
{Heap after GC invocations=46 (full 0):
 garbage-first heap   total 204800K, used 170179K [0x0000000080000000, 0x0000000100000000)
  region size 1024K, 2 young (2048K), 2 survivors (2048K)
 Metaspace       used 99304K, capacity 101510K, committed 101580K, reserved 1136640K
  class space    used 12749K, capacity 13557K, committed 13568K, reserved 1048576K
}
Event: 23.848 GC heap before
{Heap before GC invocations=46 (full 0):
 garbage-first heap   total 204800K, used 180419K [0x0000000080000000, 0x0000000100000000)
  region size 1024K, 10 young (10240K), 2 survivors (2048K)
 Metaspace       used 99304K, capacity 101510K, committed 101580K, reserved 1136640K
  class space    used 12749K, capacity 13557K, committed 13568K, reserved 1048576K
}
Event: 23.861 GC heap after
{Heap after GC invocations=47 (full 0):
 garbage-first heap   total 204800K, used 176128K [0x0000000080000000, 0x0000000100000000)
  region size 1024K, 2 young (2048K), 2 survivors (2048K)
 Metaspace       used 99304K, capacity 101510K, committed 101580K, reserved 1136640K
  class space    used 12749K, capacity 13557K, committed 13568K, reserved 1048576K
}
Event: 23.960 GC heap before
{Heap before GC invocations=47 (full 0):
 garbage-first heap   total 204800K, used 184320K [0x0000000080000000, 0x0000000100000000)
  region size 1024K, 10 young (10240K), 2 survivors (2048K)
 Metaspace       used 101028K, capacity 103364K, committed 103628K, reserved 1138688K
  class space    used 13162K, capacity 14032K, committed 14080K, reserved 1048576K
}
Event: 23.970 GC heap after
{Heap after GC invocations=48 (full 0):
 garbage-first heap   total 204800K, used 179362K [0x0000000080000000, 0x0000000100000000)
  region size 1024K, 2 young (2048K), 2 survivors (2048K)
 Metaspace       used 101028K, capacity 103364K, committed 103628K, reserved 1138688K
  class space    used 13162K, capacity 14032K, committed 14080K, reserved 1048576K
}
Event: 24.076 GC heap before
{Heap before GC invocations=48 (full 0):
 garbage-first heap   total 204800K, used 187554K [0x0000000080000000, 0x0000000100000000)
  region size 1024K, 10 young (10240K), 2 survivors (2048K)
 Metaspace       used 101496K, capacity 103827K, committed 103884K, reserved 1138688K
  class space    used 13201K, capacity 14077K, committed 14080K, reserved 1048576K
}
Event: 24.085 GC heap after
{Heap after GC invocations=49 (full 0):
 garbage-first heap   total 204800K, used 183550K [0x0000000080000000, 0x0000000100000000)
  region size 1024K, 2 young (2048K), 2 survivors (2048K)
 Metaspace       used 101496K, capacity 103827K, committed 103884K, reserved 1138688K
  class space    used 13201K, capacity 14077K, committed 14080K, reserved 1048576K
}
Event: 24.133 GC heap before
{Heap before GC invocations=49 (full 0):
 garbage-first heap   total 204800K, used 191742K [0x0000000080000000, 0x0000000100000000)
  region size 1024K, 10 young (10240K), 2 survivors (2048K)
 Metaspace       used 101534K, capacity 103897K, committed 104140K, reserved 1138688K
  class space    used 13201K, capacity 14077K, committed 14080K, reserved 1048576K
}
Event: 24.147 GC heap after
{Heap after GC invocations=50 (full 0):
 garbage-first heap   total 245760K, used 187891K [0x0000000080000000, 0x0000000100000000)
  region size 1024K, 2 young (2048K), 2 survivors (2048K)
 Metaspace       used 101534K, capacity 103897K, committed 104140K, reserved 1138688K
  class space    used 13201K, capacity 14077K, committed 14080K, reserved 1048576K
}
Event: 24.225 GC heap before
{Heap before GC invocations=51 (full 0):
 garbage-first heap   total 245760K, used 202227K [0x0000000080000000, 0x0000000100000000)
  region size 1024K, 17 young (17408K), 2 survivors (2048K)
 Metaspace       used 101569K, capacity 103899K, committed 104140K, reserved 1138688K
  class space    used 13201K, capacity 14077K, committed 14080K, reserved 1048576K
}
Event: 24.238 GC heap after
{Heap after GC invocations=52 (full 0):
 garbage-first heap   total 245760K, used 196562K [0x0000000080000000, 0x0000000100000000)
  region size 1024K, 3 young (3072K), 3 survivors (3072K)
 Metaspace       used 101569K, capacity 103899K, committed 104140K, reserved 1138688K
  class space    used 13201K, capacity 14077K, committed 14080K, reserved 1048576K
}
Event: 24.271 GC heap before
{Heap before GC invocations=52 (full 0):
 garbage-first heap   total 245760K, used 206802K [0x0000000080000000, 0x0000000100000000)
  region size 1024K, 13 young (13312K), 3 survivors (3072K)
 Metaspace       used 101575K, capacity 103899K, committed 104140K, reserved 1138688K
  class space    used 13201K, capacity 14077K, committed 14080K, reserved 1048576K
}
Event: 24.282 GC heap after
{Heap after GC invocations=53 (full 0):
 garbage-first heap   total 245760K, used 202323K [0x0000000080000000, 0x0000000100000000)
  region size 1024K, 2 young (2048K), 2 survivors (2048K)
 Metaspace       used 101575K, capacity 103899K, committed 104140K, reserved 1138688K
  class space    used 13201K, capacity 14077K, committed 14080K, reserved 1048576K
}
Event: 24.329 GC heap before
{Heap before GC invocations=53 (full 0):
 garbage-first heap   total 245760K, used 211539K [0x0000000080000000, 0x0000000100000000)
  region size 1024K, 12 young (12288K), 2 survivors (2048K)
 Metaspace       used 101585K, capacity 103899K, committed 104140K, reserved 1138688K
  class space    used 13201K, capacity 14077K, committed 14080K, reserved 1048576K
}
Event: 24.337 GC heap after
{Heap after GC invocations=54 (full 0):
 garbage-first heap   total 245760K, used 208494K [0x0000000080000000, 0x0000000100000000)
  region size 1024K, 2 young (2048K), 2 survivors (2048K)
 Metaspace       used 101585K, capacity 103899K, committed 104140K, reserved 1138688K
  class space    used 13201K, capacity 14077K, committed 14080K, reserved 1048576K
}
Event: 24.629 GC heap before
{Heap before GC invocations=54 (full 0):
 garbage-first heap   total 245760K, used 216686K [0x0000000080000000, 0x0000000100000000)
  region size 1024K, 12 young (12288K), 2 survivors (2048K)
 Metaspace       used 101613K, capacity 103919K, committed 104140K, reserved 1138688K
  class space    used 13191K, capacity 14058K, committed 14080K, reserved 1048576K
}

Deoptimization events (20 events):
Event: 24.348 Thread 0x00000211a349f000 DEOPT PACKING pc=0x000002118906defe sp=0x0000004553cfe300
Event: 24.348 Thread 0x00000211a349f000 DEOPT UNPACKING pc=0x00000211872ea95e sp=0x0000004553cfd778 mode 0
Event: 24.350 Thread 0x00000211a349f000 DEOPT PACKING pc=0x000002118906defe sp=0x0000004553cfeaa0
Event: 24.350 Thread 0x00000211a349f000 DEOPT UNPACKING pc=0x00000211872ea95e sp=0x0000004553cfdf18 mode 0
Event: 24.352 Thread 0x00000211a349f000 DEOPT PACKING pc=0x000002118906defe sp=0x0000004553cfe300
Event: 24.352 Thread 0x00000211a349f000 DEOPT UNPACKING pc=0x00000211872ea95e sp=0x0000004553cfd778 mode 0
Event: 24.355 Thread 0x00000211a349f000 DEOPT PACKING pc=0x000002118906defe sp=0x0000004553cfe300
Event: 24.355 Thread 0x00000211a349f000 DEOPT UNPACKING pc=0x00000211872ea95e sp=0x0000004553cfd778 mode 0
Event: 24.362 Thread 0x00000211a349f000 DEOPT PACKING pc=0x000002118906defe sp=0x0000004553cfe300
Event: 24.362 Thread 0x00000211a349f000 DEOPT UNPACKING pc=0x00000211872ea95e sp=0x0000004553cfd778 mode 0
Event: 24.368 Thread 0x00000211a349f000 DEOPT PACKING pc=0x000002118906defe sp=0x0000004553cfe300
Event: 24.368 Thread 0x00000211a349f000 DEOPT UNPACKING pc=0x00000211872ea95e sp=0x0000004553cfd778 mode 0
Event: 24.406 Thread 0x00000211a349b800 DEOPT PACKING pc=0x000002118906defe sp=0x0000004553ffdf20
Event: 24.407 Thread 0x00000211a349b800 DEOPT UNPACKING pc=0x00000211872ea95e sp=0x0000004553ffd398 mode 0
Event: 24.450 Thread 0x00000211a349f000 Uncommon trap: trap_request=0xffffff4d fr.pc=0x000002118f3ef3c0 relative=0x000000000000b8a0
Event: 24.450 Thread 0x00000211a349f000 Uncommon trap: reason=unstable_if action=reinterpret pc=0x000002118f3ef3c0 method=com.android.tools.r8.code.y1.a(Ljava/nio/ShortBuffer;IILcom/android/tools/r8/internal/mI;)[Lcom/android/tools/r8/code/w1; @ 541 c2
Event: 24.450 Thread 0x00000211a349f000 DEOPT PACKING pc=0x000002118f3ef3c0 sp=0x0000004553cfe8b0
Event: 24.450 Thread 0x00000211a349f000 DEOPT UNPACKING pc=0x00000211872ea1af sp=0x0000004553cfe888 mode 2
Event: 24.620 Thread 0x00000211a349f000 DEOPT PACKING pc=0x00000211891a986f sp=0x0000004553cfe150
Event: 24.620 Thread 0x00000211a349f000 DEOPT UNPACKING pc=0x00000211872ea95e sp=0x0000004553cfdda0 mode 0

Classes redefined (0 events):
No events

Internal exceptions (20 events):
Event: 13.030 Thread 0x00000211a3496800 Exception <a 'java/lang/NoSuchMethodError'{0x0000000087079850}: 'void java.lang.invoke.DirectMethodHandle$Holder.invokeStatic(java.lang.Object, java.lang.Object, java.lang.Object, java.lang.Object, int, java.lang.Object, java.lang.Object)'> (0x0000000087079850) thrown at [./src/hotspot/share/interpreter/linkResolver.cpp, line 773]
Event: 13.119 Thread 0x00000211a1b4a800 Exception <a 'java/lang/NoSuchMethodError'{0x0000000086bbd5b8}: 'java.lang.Object java.lang.invoke.DirectMethodHandle$Holder.invokeSpecialIFC(java.lang.Object, java.lang.Object, java.lang.Object)'> (0x0000000086bbd5b8) thrown at [./src/hotspot/share/interpreter/linkResolver.cpp, line 773]
Event: 13.119 Thread 0x00000211a1b47000 Exception <a 'java/lang/NoSuchMethodError'{0x0000000086bafcb0}: 'java.lang.Object java.lang.invoke.DirectMethodHandle$Holder.invokeSpecialIFC(java.lang.Object, java.lang.Object, java.lang.Object)'> (0x0000000086bafcb0) thrown at [./src/hotspot/share/interpreter/linkResolver.cpp, line 773]
Event: 13.178 Thread 0x00000211a1b47000 Exception <a 'java/lang/NoSuchMethodError'{0x0000000089b60c78}: 'int java.lang.invoke.DirectMethodHandle$Holder.invokeStaticInit(java.lang.Object, java.lang.Object, java.lang.Object, java.lang.Object, java.lang.Object)'> (0x0000000089b60c78) thrown at [./src/hotspot/share/interpreter/linkResolver.cpp, line 773]
Event: 14.675 Thread 0x00000211a1b47000 Implicit null exception at 0x000002118f1ac561 to 0x000002118f1acb6c
Event: 19.055 Thread 0x00000211a3496800 Exception <a 'java/lang/NoSuchMethodError'{0x000000008afcb978}: <clinit>> (0x000000008afcb978) thrown at [./src/hotspot/share/prims/jni.cpp, line 1365]
Event: 19.055 Thread 0x00000211a3496800 Exception <a 'java/lang/NoSuchMethodError'{0x000000008afccf80}: <clinit>> (0x000000008afccf80) thrown at [./src/hotspot/share/prims/jni.cpp, line 1365]
Event: 19.056 Thread 0x00000211a3496800 Exception <a 'java/lang/NoSuchMethodError'{0x000000008afcfb70}: <clinit>> (0x000000008afcfb70) thrown at [./src/hotspot/share/prims/jni.cpp, line 1365]
Event: 19.058 Thread 0x00000211a3496800 Exception <a 'java/lang/NoSuchMethodError'{0x000000008afe7368}: <clinit>> (0x000000008afe7368) thrown at [./src/hotspot/share/prims/jni.cpp, line 1365]
Event: 19.059 Thread 0x00000211a3496800 Exception <a 'java/lang/NoSuchMethodError'{0x000000008afe85a0}: <clinit>> (0x000000008afe85a0) thrown at [./src/hotspot/share/prims/jni.cpp, line 1365]
Event: 19.111 Thread 0x00000211a3496800 Implicit null exception at 0x000002118f25d160 to 0x000002118f25d564
Event: 21.060 Thread 0x00000211a3496800 Exception <a 'java/lang/NoSuchMethodError'{0x000000008b026cb8}: 'int java.lang.invoke.DirectMethodHandle$Holder.invokeSpecial(java.lang.Object, java.lang.Object, java.lang.Object, java.lang.Object, java.lang.Object)'> (0x000000008b026cb8) thrown at [./src/hotspot/share/interpreter/linkResolver.cpp, line 773]
Event: 22.779 Thread 0x00000211a3494000 Exception <a 'java/lang/NoSuchMethodError'{0x000000008a4b73a0}: 'void java.lang.invoke.DirectMethodHandle$Holder.invokeVirtual(java.lang.Object, java.lang.Object)'> (0x000000008a4b73a0) thrown at [./src/hotspot/share/interpreter/linkResolver.cpp, line 773]
Event: 23.278 Thread 0x00000211a349c800 Exception <a 'sun/nio/fs/WindowsException'{0x000000008b7d9e40}> (0x000000008b7d9e40) thrown at [./src/hotspot/share/prims/jni.cpp, line 615]
Event: 23.437 Thread 0x00000211a349c800 Exception <a 'java/lang/NoSuchMethodError'{0x000000008af33c90}: 'java.lang.Object java.lang.invoke.DirectMethodHandle$Holder.invokeStaticInit(java.lang.Object, java.lang.Object, java.lang.Object, java.lang.Object, java.lang.Object, java.lang.Object, java.lang.Object, java.lang.Object, java.lang.Object, java.lang.Object, java.lang.Object, java.lang.Object, java.lang.Object, java.lang.Object, java.lang.Object, java.lang.Object, java.lang.Object, java.lang.Object, int, java.lang.Object, java.lang.Object)'> (0
Event: 23.777 Thread 0x00000211a349c800 Implicit null exception at 0x000002118f3b44cb to 0x000002118f3b6d20
Event: 23.900 Thread 0x00000211a349b800 Exception <a 'java/lang/NoSuchMethodError'{0x000000008bda1f98}: 'java.lang.Object java.lang.invoke.DirectMethodHandle$Holder.newInvokeSpecial(java.lang.Object, int)'> (0x000000008bda1f98) thrown at [./src/hotspot/share/interpreter/linkResolver.cpp, line 773]
Event: 23.947 Thread 0x00000211a349b800 Exception <a 'java/lang/IncompatibleClassChangeError'{0x000000008b9252d0}: Found class java.lang.Object, but interface was expected> (0x000000008b9252d0) thrown at [./src/hotspot/share/interpreter/linkResolver.cpp, line 839]
Event: 23.949 Thread 0x00000211a349b800 Exception <a 'java/lang/IncompatibleClassChangeError'{0x000000008b957920}: Found class java.lang.Object, but interface was expected> (0x000000008b957920) thrown at [./src/hotspot/share/interpreter/linkResolver.cpp, line 839]
Event: 23.950 Thread 0x00000211a349b800 Exception <a 'java/lang/IncompatibleClassChangeError'{0x000000008b968570}: Found class java.lang.Object, but interface was expected> (0x000000008b968570) thrown at [./src/hotspot/share/interpreter/linkResolver.cpp, line 839]

Events (20 events):
Event: 24.048 loading class com/android/tools/r8/internal/cH done
Event: 24.060 loading class com/android/tools/r8/internal/Dj
Event: 24.060 loading class com/android/tools/r8/internal/Dj done
Event: 24.076 Executing VM operation: G1CollectForAllocation
Event: 24.085 Executing VM operation: G1CollectForAllocation done
Event: 24.132 Executing VM operation: G1CollectForAllocation
Event: 24.147 Executing VM operation: G1CollectForAllocation done
Event: 24.149 Executing VM operation: CGC_Operation
Event: 24.149 Executing VM operation: CGC_Operation done
Event: 24.152 loading class com/android/tools/r8/graph/g1
Event: 24.152 loading class com/android/tools/r8/graph/g1 done
Event: 24.224 Executing VM operation: G1CollectForAllocation
Event: 24.239 Executing VM operation: G1CollectForAllocation done
Event: 24.271 Executing VM operation: G1CollectForAllocation
Event: 24.282 Executing VM operation: G1CollectForAllocation done
Event: 24.329 Executing VM operation: G1CollectForAllocation
Event: 24.337 Executing VM operation: G1CollectForAllocation done
Event: 24.584 Executing VM operation: CGC_Operation
Event: 24.612 Executing VM operation: CGC_Operation done
Event: 24.629 Executing VM operation: G1CollectForAllocation


Dynamic libraries:
0x00007ff677eb0000 - 0x00007ff677eba000 	C:\Program Files\Android\Android Studio\jre\bin\java.exe
0x00007ff9aa120000 - 0x00007ff9aa329000 	C:\WINDOWS\SYSTEM32\ntdll.dll
0x00007ff9a9270000 - 0x00007ff9a932d000 	C:\WINDOWS\System32\KERNEL32.DLL
0x00007ff9a7c30000 - 0x00007ff9a7fad000 	C:\WINDOWS\System32\KERNELBASE.dll
0x00007ff9a7880000 - 0x00007ff9a7991000 	C:\WINDOWS\System32\ucrtbase.dll
0x00007ff9888d0000 - 0x00007ff9888e9000 	C:\Program Files\Android\Android Studio\jre\bin\jli.dll
0x00007ff98a7a0000 - 0x00007ff98a7b7000 	C:\Program Files\Android\Android Studio\jre\bin\VCRUNTIME140.dll
0x00007ff9a9ce0000 - 0x00007ff9a9e8d000 	C:\WINDOWS\System32\USER32.dll
0x00007ff9a7850000 - 0x00007ff9a7876000 	C:\WINDOWS\System32\win32u.dll
0x00007ff992540000 - 0x00007ff9927e5000 	C:\WINDOWS\WinSxS\amd64_microsoft.windows.common-controls_6595b64144ccf1df_6.0.22000.120_none_9d947278b86cc467\COMCTL32.dll
0x00007ff9a9f80000 - 0x00007ff9a9fa9000 	C:\WINDOWS\System32\GDI32.dll
0x00007ff9a91c0000 - 0x00007ff9a9263000 	C:\WINDOWS\System32\msvcrt.dll
0x00007ff9a7b10000 - 0x00007ff9a7c28000 	C:\WINDOWS\System32\gdi32full.dll
0x00007ff9a77b0000 - 0x00007ff9a784d000 	C:\WINDOWS\System32\msvcp_win.dll
0x00007ff9a8290000 - 0x00007ff9a82c1000 	C:\WINDOWS\System32\IMM32.DLL
0x00007ff972590000 - 0x00007ff97262d000 	C:\Program Files\Android\Android Studio\jre\bin\msvcp140.dll
0x00007ff9422c0000 - 0x00007ff942da5000 	C:\Program Files\Android\Android Studio\jre\bin\server\jvm.dll
0x00007ff9a8040000 - 0x00007ff9a80ee000 	C:\WINDOWS\System32\ADVAPI32.dll
0x00007ff9a8480000 - 0x00007ff9a851e000 	C:\WINDOWS\System32\sechost.dll
0x00007ff9a9bc0000 - 0x00007ff9a9ce0000 	C:\WINDOWS\System32\RPCRT4.dll
0x00007ff9a9330000 - 0x00007ff9a9338000 	C:\WINDOWS\System32\PSAPI.DLL
0x00007ff994900000 - 0x00007ff994933000 	C:\WINDOWS\SYSTEM32\WINMM.dll
0x00007ff944bf0000 - 0x00007ff944bf9000 	C:\WINDOWS\SYSTEM32\WSOCK32.dll
0x00007ff9a2d40000 - 0x00007ff9a2d4a000 	C:\WINDOWS\SYSTEM32\VERSION.dll
0x00007ff9a9fb0000 - 0x00007ff9aa01f000 	C:\WINDOWS\System32\WS2_32.dll
0x00007ff9a6700000 - 0x00007ff9a6718000 	C:\WINDOWS\SYSTEM32\kernel.appcore.dll
0x00007ff984580000 - 0x00007ff984591000 	C:\Program Files\Android\Android Studio\jre\bin\verify.dll
0x00007ff9953f0000 - 0x00007ff995611000 	C:\WINDOWS\SYSTEM32\DBGHELP.DLL
0x00007ff994950000 - 0x00007ff994981000 	C:\WINDOWS\SYSTEM32\dbgcore.DLL
0x00007ff9a76c0000 - 0x00007ff9a773f000 	C:\WINDOWS\System32\bcryptPrimitives.dll
0x00007ff971950000 - 0x00007ff971979000 	C:\Program Files\Android\Android Studio\jre\bin\java.dll
0x00007ff984570000 - 0x00007ff98457b000 	C:\Program Files\Android\Android Studio\jre\bin\jimage.dll
0x00007ff971930000 - 0x00007ff971948000 	C:\Program Files\Android\Android Studio\jre\bin\zip.dll
0x00007ff9a9340000 - 0x00007ff9a9af8000 	C:\WINDOWS\System32\SHELL32.dll
0x00007ff9a5770000 - 0x00007ff9a5fd8000 	C:\WINDOWS\SYSTEM32\windows.storage.dll
0x00007ff9a86e0000 - 0x00007ff9a8a59000 	C:\WINDOWS\System32\combase.dll
0x00007ff9a5600000 - 0x00007ff9a5766000 	C:\WINDOWS\SYSTEM32\wintypes.dll
0x00007ff9a8ed0000 - 0x00007ff9a8fba000 	C:\WINDOWS\System32\SHCORE.dll
0x00007ff9a7fd0000 - 0x00007ff9a802d000 	C:\WINDOWS\System32\shlwapi.dll
0x00007ff9a7530000 - 0x00007ff9a7551000 	C:\WINDOWS\SYSTEM32\profapi.dll
0x00007ff967f60000 - 0x00007ff967f7a000 	C:\Program Files\Android\Android Studio\jre\bin\net.dll
0x00007ff9a2760000 - 0x00007ff9a286c000 	C:\WINDOWS\SYSTEM32\WINHTTP.dll
0x00007ff9a6b30000 - 0x00007ff9a6b97000 	C:\WINDOWS\system32\mswsock.dll
0x00007ff967f40000 - 0x00007ff967f54000 	C:\Program Files\Android\Android Studio\jre\bin\nio.dll
0x00007ff9883e0000 - 0x00007ff988407000 	C:\Users\Dell\.gradle\native\e1d6ef7f7dcc3fd88c89a11ec53ec762bb8ba0a96d01ffa2cd45eb1d1d8dd5c5\windows-amd64\native-platform.dll
0x00007ff971320000 - 0x00007ff971464000 	C:\Users\Dell\.gradle\native\5664cfc778a61ccfe75a443a1ab52a65af34e5dc3c78e0209fed803814484fcb\windows-amd64\native-platform-file-events.dll
0x00007ff984560000 - 0x00007ff98456a000 	C:\Program Files\Android\Android Studio\jre\bin\management.dll
0x00007ff97f8b0000 - 0x00007ff97f8bd000 	C:\Program Files\Android\Android Studio\jre\bin\management_ext.dll
0x00007ff9a6d70000 - 0x00007ff9a6d88000 	C:\WINDOWS\SYSTEM32\CRYPTSP.dll
0x00007ff9a6660000 - 0x00007ff9a6695000 	C:\WINDOWS\system32\rsaenh.dll
0x00007ff9a6c20000 - 0x00007ff9a6c49000 	C:\WINDOWS\SYSTEM32\USERENV.dll
0x00007ff9a6ef0000 - 0x00007ff9a6f17000 	C:\WINDOWS\SYSTEM32\bcrypt.dll
0x00007ff9a6d90000 - 0x00007ff9a6d9c000 	C:\WINDOWS\SYSTEM32\CRYPTBASE.dll
0x00007ff9a6230000 - 0x00007ff9a625d000 	C:\WINDOWS\SYSTEM32\IPHLPAPI.DLL
0x00007ff9a8030000 - 0x00007ff9a8039000 	C:\WINDOWS\System32\NSI.dll
0x00007ff9a2740000 - 0x00007ff9a2759000 	C:\WINDOWS\SYSTEM32\dhcpcsvc6.DLL
0x00007ff9a2c00000 - 0x00007ff9a2c1e000 	C:\WINDOWS\SYSTEM32\dhcpcsvc.DLL
0x00007ff9a6260000 - 0x00007ff9a6348000 	C:\WINDOWS\SYSTEM32\DNSAPI.dll

dbghelp: loaded successfully - version: 4.0.5 - missing functions: none
symbol engine: initialized successfully - sym options: 0x614 - pdb path: .;C:\Program Files\Android\Android Studio\jre\bin;C:\WINDOWS\SYSTEM32;C:\WINDOWS\WinSxS\amd64_microsoft.windows.common-controls_6595b64144ccf1df_6.0.22000.120_none_9d947278b86cc467;C:\Program Files\Android\Android Studio\jre\bin\server;C:\Users\Dell\.gradle\native\e1d6ef7f7dcc3fd88c89a11ec53ec762bb8ba0a96d01ffa2cd45eb1d1d8dd5c5\windows-amd64;C:\Users\Dell\.gradle\native\5664cfc778a61ccfe75a443a1ab52a65af34e5dc3c78e0209fed803814484fcb\windows-amd64

VM Arguments:
jvm_args: --add-opens=java.base/java.util=ALL-UNNAMED --add-opens=java.base/java.lang=ALL-UNNAMED --add-opens=java.base/java.lang.invoke=ALL-UNNAMED --add-opens=java.base/java.util=ALL-UNNAMED --add-opens=java.prefs/java.util.prefs=ALL-UNNAMED --add-opens=java.prefs/java.util.prefs=ALL-UNNAMED --add-opens=java.base/java.nio.charset=ALL-UNNAMED --add-opens=java.base/java.net=ALL-UNNAMED --add-opens=java.base/java.util.concurrent.atomic=ALL-UNNAMED -Xmx2048m -Dfile.encoding=UTF-8 -Duser.country=US -Duser.language=en -Duser.variant 
java_command: org.gradle.launcher.daemon.bootstrap.GradleDaemon 7.3.3
java_class_path (initial): C:\Users\Dell\.gradle\wrapper\dists\gradle-7.3.3-bin\6a41zxkdtcxs8rphpq6y0069z\gradle-7.3.3\lib\gradle-launcher-7.3.3.jar
Launcher Type: SUN_STANDARD

[Global flags]
     intx CICompilerCount                          = 3                                         {product} {ergonomic}
     uint ConcGCThreads                            = 1                                         {product} {ergonomic}
     uint G1ConcRefinementThreads                  = 4                                         {product} {ergonomic}
   size_t G1HeapRegionSize                         = 1048576                                   {product} {ergonomic}
    uintx GCDrainStackTargetSize                   = 64                                        {product} {ergonomic}
   size_t InitialHeapSize                          = 65011712                                  {product} {ergonomic}
   size_t MarkStackSize                            = 4194304                                   {product} {ergonomic}
   size_t MaxHeapSize                              = 2147483648                                {product} {command line}
   size_t MaxNewSize                               = 1287651328                                {product} {ergonomic}
   size_t MinHeapDeltaBytes                        = 1048576                                   {product} {ergonomic}
    uintx NonNMethodCodeHeapSize                   = 5830732                                {pd product} {ergonomic}
    uintx NonProfiledCodeHeapSize                  = 122913754                              {pd product} {ergonomic}
    uintx ProfiledCodeHeapSize                     = 122913754                              {pd product} {ergonomic}
    uintx ReservedCodeCacheSize                    = 251658240                              {pd product} {ergonomic}
     bool SegmentedCodeCache                       = true                                      {product} {ergonomic}
     bool UseCompressedClassPointers               = true                                 {lp64_product} {ergonomic}
     bool UseCompressedOops                        = true                                 {lp64_product} {ergonomic}
     bool UseG1GC                                  = true                                      {product} {ergonomic}
     bool UseLargePagesIndividualAllocation        = false                                  {pd product} {ergonomic}

Logging:
Log output configuration:
 #0: stdout all=warning uptime,level,tags
 #1: stderr all=off uptime,level,tags

Environment Variables:
PATH=C:\Program Files (x86)\NVIDIA Corporation\PhysX\Common;C:\Program Files (x86)\Common Files\Oracle\Java\javapath;C:\WINDOWS\system32;C:\WINDOWS;C:\WINDOWS\System32\Wbem;C:\WINDOWS\System32\WindowsPowerShell\v1.0\;C:\WINDOWS\System32\OpenSSH\;C:\Program Files\dotnet\;C:\Program Files\Microsoft VS Code\bin;C:\Program Files\MySQL\MySQL Shell 8.0\bin\;C:\Users\Dell\AppData\Local\Microsoft\WindowsApps;
USERNAME=Dell
OS=Windows_NT
PROCESSOR_IDENTIFIER=Intel64 Family 6 Model 158 Stepping 11, GenuineIntel



---------------  S Y S T E M  ---------------

OS: Windows 10 , 64 bit Build 22000 (10.0.22000.708)
OS uptime: 0 days 1:33 hours

CPU:total 4 (initial active 4) (4 cores per cpu, 1 threads per core) family 6 model 158 stepping 11 microcode 0xf0, cmov, cx8, fxsr, mmx, sse, sse2, sse3, ssse3, sse4.1, sse4.2, popcnt, avx, avx2, aes, clmul, erms, 3dnowpref, lzcnt, tsc, tscinvbit, bmi1, bmi2, adx, fma

Memory: 4k page, system-wide physical 3906M (332M free)
TotalPageFile size 8002M (AvailPageFile size 44M)
current process WorkingSet (physical memory assigned to process): 440M, peak: 443M
current process commit charge ("private bytes"): 556M, peak: 796M

vm_info: OpenJDK 64-Bit Server VM (11.0.12+7-b1504.28-7817840) for windows-amd64 JRE (11.0.12+7-b1504.28-7817840), built on Oct 13 2021 22:12:33 by "builder" with MS VC++ 14.0 (VS2015)

END.
