#
# There is insufficient memory for the Java Runtime Environment to continue.
# Native memory allocation (malloc) failed to allocate 2145456 bytes for Chunk::new
# Possible reasons:
#   The system is out of physical RAM or swap space
#   The process is running with CompressedOops enabled, and the Java Heap may be blocking the growth of the native heap
# Possible solutions:
#   Reduce memory load on the system
#   Increase physical memory or swap space
#   Check if swap backing store is full
#   Decrease Java heap size (-Xmx/-Xms)
#   Decrease number of Java threads
#   Decrease Java thread stack sizes (-Xss)
#   Set larger code cache with -XX:ReservedCodeCacheSize=
#   JVM is running with Unscaled Compressed Oops mode in which the Java heap is
#     placed in the first 4GB address space. The Java Heap base address is the
#     maximum limit for the native heap growth. Please use -XX:HeapBaseMinAddress
#     to set the Java Heap base and to place the Java Heap above 4GB virtual address.
# This output file may be truncated or incomplete.
#
#  Out of Memory Error (./src/hotspot/share/memory/arena.cpp:197), pid=11976, tid=13120
#
# JRE version: OpenJDK Runtime Environment (11.0.12+7) (build 11.0.12+7-b1504.28-7817840)
# Java VM: OpenJDK 64-Bit Server VM (11.0.12+7-b1504.28-7817840, mixed mode, tiered, compressed oops, g1 gc, windows-amd64)
# No core dump will be written. Minidumps are not enabled by default on client versions of Windows
#

---------------  S U M M A R Y ------------

Command Line: --add-opens=java.base/java.util=ALL-UNNAMED --add-opens=java.base/java.lang=ALL-UNNAMED --add-opens=java.base/java.lang.invoke=ALL-UNNAMED --add-opens=java.base/java.util=ALL-UNNAMED --add-opens=java.prefs/java.util.prefs=ALL-UNNAMED --add-opens=java.prefs/java.util.prefs=ALL-UNNAMED --add-opens=java.base/java.nio.charset=ALL-UNNAMED --add-opens=java.base/java.net=ALL-UNNAMED --add-opens=java.base/java.util.concurrent.atomic=ALL-UNNAMED -Xmx2048m -Dfile.encoding=UTF-8 -Duser.country=US -Duser.language=en -Duser.variant org.gradle.launcher.daemon.bootstrap.GradleDaemon 7.3.3

Host: Intel(R) Core(TM) i3-8100 CPU @ 3.60GHz, 4 cores, 3G,  Windows 10 , 64 bit Build 22000 (10.0.22000.708)
Time: Tue Aug 23 16:17:48 2022 India Standard Time elapsed time: 10.597058 seconds (0d 0h 0m 10s)

---------------  T H R E A D  ---------------

Current thread (0x000001ede1cd8800):  JavaThread "C2 CompilerThread0" daemon [_thread_in_native, id=13120, stack(0x000000c5c0200000,0x000000c5c0300000)]


Current CompileTask:
C2:  10597 5918       4       org.objectweb.asm.Frame::execute (2318 bytes)

Stack: [0x000000c5c0200000,0x000000c5c0300000]
Native frames: (J=compiled Java code, j=interpreted, Vv=VM code, C=native code)
V  [jvm.dll+0x5fbcea]
V  [jvm.dll+0x731905]
V  [jvm.dll+0x732f1d]
V  [jvm.dll+0x7335d3]
V  [jvm.dll+0x247bf8]
V  [jvm.dll+0xc018c]
V  [jvm.dll+0xc06cc]
V  [jvm.dll+0x35b2db]
V  [jvm.dll+0x328803]
V  [jvm.dll+0x327cfa]
V  [jvm.dll+0x200602]
V  [jvm.dll+0x1ff794]
V  [jvm.dll+0x18868c]
V  [jvm.dll+0x20e0d7]
V  [jvm.dll+0x20c901]
V  [jvm.dll+0x6f9b7f]
V  [jvm.dll+0x6f26a5]
V  [jvm.dll+0x5fabf6]
C  [ucrtbase.dll+0x26c0c]
C  [KERNEL32.DLL+0x154e0]
C  [ntdll.dll+0x485b]


---------------  P R O C E S S  ---------------

Threads class SMR info:
_java_thread_list=0x000001ede28bd6f0, length=78, elements={
0x000001edc80bc000, 0x000001ede1cb2000, 0x000001ede1cba800, 0x000001ede2642800,
0x000001ede1cd4800, 0x000001ede1cd5800, 0x000001ede1cd8800, 0x000001ede1ce4800,
0x000001ede1ce8800, 0x000001ede2783000, 0x000001ede41ce800, 0x000001ede3070000,
0x000001ede3825000, 0x000001ede40e9800, 0x000001ede2ee7000, 0x000001ede47f6800,
0x000001ede45d8000, 0x000001ede45d9000, 0x000001ede4b00000, 0x000001ede6282000,
0x000001ede6284800, 0x000001ede6286000, 0x000001ede6281000, 0x000001ede6283800,
0x000001ede6285000, 0x000001ede6282800, 0x000001ede6280800, 0x000001ede6287000,
0x000001ede71d7000, 0x000001ede71dc000, 0x000001ede71d9800, 0x000001ede71d6800,
0x000001ede71dd800, 0x000001ede71dd000, 0x000001ede71d8000, 0x000001ede71e4000,
0x000001ede71df800, 0x000001ede71e3800, 0x000001ede71e0000, 0x000001ede71e2800,
0x000001ede71e1000, 0x000001ede71e1800, 0x000001ede71de800, 0x000001ede71e5000,
0x000001ede6a23800, 0x000001ede6a26800, 0x000001ede6a27800, 0x000001ede6a22000,
0x000001ede6a28800, 0x000001ede6a22800, 0x000001ede6a2a000, 0x000001ede6a29000,
0x000001ede6a24000, 0x000001ede6a2a800, 0x000001ede6a25000, 0x000001ede6a2b800,
0x000001ede6a26000, 0x000001ede6a2e000, 0x000001ede6a2d000, 0x000001ede6a2c800,
0x000001ede6a2f000, 0x000001ede6a30800, 0x000001ede6a2f800, 0x000001ede33c2800,
0x000001ede33c5800, 0x000001ede33c0000, 0x000001ede33c3000, 0x000001ede33c6800,
0x000001ede33c4000, 0x000001ede33c1000, 0x000001ede33c5000, 0x000001ede33c7800,
0x000001ede33c1800, 0x000001ede33cc000, 0x000001ede33c8000, 0x000001ede33cd000,
0x000001ede33c9000, 0x000001ede33ca000
}

Java Threads: ( => current thread )
  0x000001edc80bc000 JavaThread "main" [_thread_blocked, id=5872, stack(0x000000c5bf600000,0x000000c5bf700000)]
  0x000001ede1cb2000 JavaThread "Reference Handler" daemon [_thread_blocked, id=9844, stack(0x000000c5bfd00000,0x000000c5bfe00000)]
  0x000001ede1cba800 JavaThread "Finalizer" daemon [_thread_blocked, id=9684, stack(0x000000c5bfe00000,0x000000c5bff00000)]
  0x000001ede2642800 JavaThread "Signal Dispatcher" daemon [_thread_blocked, id=8948, stack(0x000000c5bff00000,0x000000c5c0000000)]
  0x000001ede1cd4800 JavaThread "Attach Listener" daemon [_thread_blocked, id=9256, stack(0x000000c5c0000000,0x000000c5c0100000)]
  0x000001ede1cd5800 JavaThread "Service Thread" daemon [_thread_blocked, id=1624, stack(0x000000c5c0100000,0x000000c5c0200000)]
=>0x000001ede1cd8800 JavaThread "C2 CompilerThread0" daemon [_thread_in_native, id=13120, stack(0x000000c5c0200000,0x000000c5c0300000)]
  0x000001ede1ce4800 JavaThread "C1 CompilerThread0" daemon [_thread_blocked, id=5072, stack(0x000000c5c0300000,0x000000c5c0400000)]
  0x000001ede1ce8800 JavaThread "Sweeper thread" daemon [_thread_blocked, id=10244, stack(0x000000c5c0400000,0x000000c5c0500000)]
  0x000001ede2783000 JavaThread "Common-Cleaner" daemon [_thread_blocked, id=3500, stack(0x000000c5c0500000,0x000000c5c0600000)]
  0x000001ede41ce800 JavaThread "Daemon health stats" [_thread_blocked, id=12440, stack(0x000000c5c0800000,0x000000c5c0900000)]
  0x000001ede3070000 JavaThread "Incoming local TCP Connector on port 63124" [_thread_in_native, id=12900, stack(0x000000c5c0900000,0x000000c5c0a00000)]
  0x000001ede3825000 JavaThread "Daemon" [_thread_blocked, id=13160, stack(0x000000c5c0a00000,0x000000c5c0b00000)]
  0x000001ede40e9800 JavaThread "Handler for socket connection from /127.0.0.1:63124 to /127.0.0.1:63125" [_thread_in_native, id=1140, stack(0x000000c5c0b00000,0x000000c5c0c00000)]
  0x000001ede2ee7000 JavaThread "Daemon periodic checks" [_thread_blocked, id=13092, stack(0x000000c5c0c00000,0x000000c5c0d00000)]
  0x000001ede47f6800 JavaThread "Cancel handler" [_thread_blocked, id=12876, stack(0x000000c5c0d00000,0x000000c5c0e00000)]
  0x000001ede45d8000 JavaThread "Daemon worker" [_thread_in_vm, id=13228, stack(0x000000c5c0e00000,0x000000c5c0f00000)]
  0x000001ede45d9000 JavaThread "Asynchronous log dispatcher for DefaultDaemonConnection: socket connection from /127.0.0.1:63124 to /127.0.0.1:63125" [_thread_blocked, id=12420, stack(0x000000c5c0f00000,0x000000c5c1000000)]
  0x000001ede4b00000 JavaThread "Stdin handler" [_thread_blocked, id=12020, stack(0x000000c5c1000000,0x000000c5c1100000)]
  0x000001ede6282000 JavaThread "Daemon client event forwarder" [_thread_blocked, id=7276, stack(0x000000c5c1100000,0x000000c5c1200000)]
  0x000001ede6284800 JavaThread "Cache worker for journal cache (C:\Users\Dell\.gradle\caches\journal-1)" [_thread_blocked, id=12932, stack(0x000000c5c1400000,0x000000c5c1500000)]
  0x000001ede6286000 JavaThread "File lock request listener" [_thread_in_native, id=11436, stack(0x000000c5c1500000,0x000000c5c1600000)]
  0x000001ede6281000 JavaThread "Cache worker for file hash cache (C:\Users\Dell\.gradle\caches\7.3.3\fileHashes)" [_thread_blocked, id=12636, stack(0x000000c5c1600000,0x000000c5c1700000)]
  0x000001ede6283800 JavaThread "Cache worker for file hash cache (C:\Users\Dell\Viwall\.gradle\7.3.3\fileHashes)" [_thread_blocked, id=4772, stack(0x000000c5c1700000,0x000000c5c1800000)]
  0x000001ede6285000 JavaThread "File watcher server" daemon [_thread_in_native, id=3656, stack(0x000000c5c1800000,0x000000c5c1900000)]
  0x000001ede6282800 JavaThread "File watcher consumer" daemon [_thread_blocked, id=1064, stack(0x000000c5c1900000,0x000000c5c1a00000)]
  0x000001ede6280800 JavaThread "Cache worker for checksums cache (C:\Users\Dell\Viwall\.gradle\7.3.3\checksums)" [_thread_blocked, id=12720, stack(0x000000c5c1a00000,0x000000c5c1b00000)]
  0x000001ede6287000 JavaThread "Cache worker for cache directory md-supplier (C:\Users\Dell\.gradle\caches\7.3.3\md-supplier)" [_thread_blocked, id=11704, stack(0x000000c5c1b00000,0x000000c5c1c00000)]
  0x000001ede71d7000 JavaThread "Cache worker for cache directory md-rule (C:\Users\Dell\.gradle\caches\7.3.3\md-rule)" [_thread_blocked, id=1512, stack(0x000000c5c1c00000,0x000000c5c1d00000)]
  0x000001ede71dc000 JavaThread "Cache worker for execution history cache (C:\Users\Dell\.gradle\caches\7.3.3\executionHistory)" [_thread_blocked, id=2060, stack(0x000000c5c1d00000,0x000000c5c1e00000)]
  0x000001ede71d9800 JavaThread "jar transforms" [_thread_blocked, id=5688, stack(0x000000c5c1e00000,0x000000c5c1f00000)]
  0x000001ede71d6800 JavaThread "Cache worker for file content cache (C:\Users\Dell\.gradle\caches\7.3.3\fileContent)" [_thread_blocked, id=8764, stack(0x000000c5c1f00000,0x000000c5c2000000)]
  0x000001ede71dd800 JavaThread "jar transforms Thread 2" [_thread_blocked, id=11180, stack(0x000000c5c2000000,0x000000c5c2100000)]
  0x000001ede71dd000 JavaThread "Cache worker for dependencies-accessors (C:\Users\Dell\Viwall\.gradle\7.3.3\dependencies-accessors)" [_thread_blocked, id=11376, stack(0x000000c5c2100000,0x000000c5c2200000)]
  0x000001ede71d8000 JavaThread "jar transforms Thread 3" [_thread_blocked, id=7944, stack(0x000000c5c2200000,0x000000c5c2300000)]
  0x000001ede71e4000 JavaThread "Cache worker for Build Output Cleanup Cache (C:\Users\Dell\Viwall\.gradle\buildOutputCleanup)" [_thread_blocked, id=6620, stack(0x000000c5c2300000,0x000000c5c2400000)]
  0x000001ede71df800 JavaThread "Unconstrained build operations" [_thread_blocked, id=10620, stack(0x000000c5c2400000,0x000000c5c2500000)]
  0x000001ede71e3800 JavaThread "Unconstrained build operations Thread 2" [_thread_blocked, id=4956, stack(0x000000c5c2500000,0x000000c5c2600000)]
  0x000001ede71e0000 JavaThread "Unconstrained build operations Thread 3" [_thread_blocked, id=6004, stack(0x000000c5c2600000,0x000000c5c2700000)]
  0x000001ede71e2800 JavaThread "Unconstrained build operations Thread 4" [_thread_blocked, id=11728, stack(0x000000c5c2700000,0x000000c5c2800000)]
  0x000001ede71e1000 JavaThread "Unconstrained build operations Thread 5" [_thread_blocked, id=12260, stack(0x000000c5c2800000,0x000000c5c2900000)]
  0x000001ede71e1800 JavaThread "Unconstrained build operations Thread 6" [_thread_blocked, id=4740, stack(0x000000c5c2900000,0x000000c5c2a00000)]
  0x000001ede71de800 JavaThread "Unconstrained build operations Thread 7" [_thread_blocked, id=9952, stack(0x000000c5c2a00000,0x000000c5c2b00000)]
  0x000001ede71e5000 JavaThread "Unconstrained build operations Thread 8" [_thread_blocked, id=7940, stack(0x000000c5c2b00000,0x000000c5c2c00000)]
  0x000001ede6a23800 JavaThread "Unconstrained build operations Thread 9" [_thread_blocked, id=1256, stack(0x000000c5c2c00000,0x000000c5c2d00000)]
  0x000001ede6a26800 JavaThread "Unconstrained build operations Thread 10" [_thread_blocked, id=10424, stack(0x000000c5c2d00000,0x000000c5c2e00000)]
  0x000001ede6a27800 JavaThread "Unconstrained build operations Thread 11" [_thread_blocked, id=11940, stack(0x000000c5c2e00000,0x000000c5c2f00000)]
  0x000001ede6a22000 JavaThread "Unconstrained build operations Thread 12" [_thread_blocked, id=4292, stack(0x000000c5c2f00000,0x000000c5c3000000)]
  0x000001ede6a28800 JavaThread "Unconstrained build operations Thread 13" [_thread_blocked, id=11172, stack(0x000000c5c3000000,0x000000c5c3100000)]
  0x000001ede6a22800 JavaThread "Unconstrained build operations Thread 14" [_thread_blocked, id=4040, stack(0x000000c5c3100000,0x000000c5c3200000)]
  0x000001ede6a2a000 JavaThread "Unconstrained build operations Thread 15" [_thread_blocked, id=8884, stack(0x000000c5c3200000,0x000000c5c3300000)]
  0x000001ede6a29000 JavaThread "Unconstrained build operations Thread 16" [_thread_blocked, id=380, stack(0x000000c5c3300000,0x000000c5c3400000)]
  0x000001ede6a24000 JavaThread "Unconstrained build operations Thread 17" [_thread_blocked, id=11924, stack(0x000000c5c3400000,0x000000c5c3500000)]
  0x000001ede6a2a800 JavaThread "Unconstrained build operations Thread 18" [_thread_blocked, id=7968, stack(0x000000c5c3500000,0x000000c5c3600000)]
  0x000001ede6a25000 JavaThread "Unconstrained build operations Thread 19" [_thread_blocked, id=8852, stack(0x000000c5c3600000,0x000000c5c3700000)]
  0x000001ede6a2b800 JavaThread "Unconstrained build operations Thread 20" [_thread_blocked, id=1264, stack(0x000000c5c3700000,0x000000c5c3800000)]
  0x000001ede6a26000 JavaThread "Unconstrained build operations Thread 21" [_thread_blocked, id=832, stack(0x000000c5c3800000,0x000000c5c3900000)]
  0x000001ede6a2e000 JavaThread "Unconstrained build operations Thread 22" [_thread_blocked, id=6628, stack(0x000000c5c3900000,0x000000c5c3a00000)]
  0x000001ede6a2d000 JavaThread "Unconstrained build operations Thread 23" [_thread_blocked, id=7704, stack(0x000000c5c3a00000,0x000000c5c3b00000)]
  0x000001ede6a2c800 JavaThread "Unconstrained build operations Thread 24" [_thread_blocked, id=1412, stack(0x000000c5c3b00000,0x000000c5c3c00000)]
  0x000001ede6a2f000 JavaThread "Unconstrained build operations Thread 25" [_thread_blocked, id=6256, stack(0x000000c5c3c00000,0x000000c5c3d00000)]
  0x000001ede6a30800 JavaThread "Unconstrained build operations Thread 26" [_thread_blocked, id=32, stack(0x000000c5c3d00000,0x000000c5c3e00000)]
  0x000001ede6a2f800 JavaThread "Unconstrained build operations Thread 27" [_thread_blocked, id=4028, stack(0x000000c5c3e00000,0x000000c5c3f00000)]
  0x000001ede33c2800 JavaThread "Unconstrained build operations Thread 28" [_thread_blocked, id=2532, stack(0x000000c5c3f00000,0x000000c5c4000000)]
  0x000001ede33c5800 JavaThread "Unconstrained build operations Thread 29" [_thread_blocked, id=4332, stack(0x000000c5c4000000,0x000000c5c4100000)]
  0x000001ede33c0000 JavaThread "Unconstrained build operations Thread 30" [_thread_blocked, id=8032, stack(0x000000c5c4100000,0x000000c5c4200000)]
  0x000001ede33c3000 JavaThread "Unconstrained build operations Thread 31" [_thread_blocked, id=3896, stack(0x000000c5c4200000,0x000000c5c4300000)]
  0x000001ede33c6800 JavaThread "Unconstrained build operations Thread 32" [_thread_blocked, id=1388, stack(0x000000c5c4300000,0x000000c5c4400000)]
  0x000001ede33c4000 JavaThread "Unconstrained build operations Thread 33" [_thread_blocked, id=3748, stack(0x000000c5c4400000,0x000000c5c4500000)]
  0x000001ede33c1000 JavaThread "Unconstrained build operations Thread 34" [_thread_blocked, id=6632, stack(0x000000c5c4500000,0x000000c5c4600000)]
  0x000001ede33c5000 JavaThread "Unconstrained build operations Thread 35" [_thread_blocked, id=10804, stack(0x000000c5c4600000,0x000000c5c4700000)]
  0x000001ede33c7800 JavaThread "Unconstrained build operations Thread 36" [_thread_blocked, id=7696, stack(0x000000c5c4700000,0x000000c5c4800000)]
  0x000001ede33c1800 JavaThread "Unconstrained build operations Thread 37" [_thread_blocked, id=12480, stack(0x000000c5c4800000,0x000000c5c4900000)]
  0x000001ede33cc000 JavaThread "Unconstrained build operations Thread 38" [_thread_blocked, id=13032, stack(0x000000c5c4900000,0x000000c5c4a00000)]
  0x000001ede33c8000 JavaThread "Unconstrained build operations Thread 39" [_thread_blocked, id=5316, stack(0x000000c5c4a00000,0x000000c5c4b00000)]
  0x000001ede33cd000 JavaThread "Unconstrained build operations Thread 40" [_thread_blocked, id=11356, stack(0x000000c5c4b00000,0x000000c5c4c00000)]
  0x000001ede33c9000 JavaThread "jar transforms Thread 4" [_thread_blocked, id=5796, stack(0x000000c5c4c00000,0x000000c5c4d00000)]
  0x000001ede33ca000 JavaThread "Memory manager" [_thread_blocked, id=9304, stack(0x000000c5c4d00000,0x000000c5c4e00000)]

Other Threads:
  0x000001ede1cad000 VMThread "VM Thread" [stack: 0x000000c5bfc00000,0x000000c5bfd00000] [id=5540]
  0x000001ede2794800 WatcherThread [stack: 0x000000c5c0600000,0x000000c5c0700000] [id=4508]
  0x000001edc80d5800 GCTaskThread "GC Thread#0" [stack: 0x000000c5bf700000,0x000000c5bf800000] [id=13012]
  0x000001ede2f61000 GCTaskThread "GC Thread#1" [stack: 0x000000c5c0700000,0x000000c5c0800000] [id=7232]
  0x000001ede3e03800 GCTaskThread "GC Thread#2" [stack: 0x000000c5c1200000,0x000000c5c1300000] [id=4024]
  0x000001ede48f9800 GCTaskThread "GC Thread#3" [stack: 0x000000c5c1300000,0x000000c5c1400000] [id=5416]
  0x000001edc8107000 ConcurrentGCThread "G1 Main Marker" [stack: 0x000000c5bf800000,0x000000c5bf900000] [id=12316]
  0x000001edc8109000 ConcurrentGCThread "G1 Conc#0" [stack: 0x000000c5bf900000,0x000000c5bfa00000] [id=11916]
  0x000001edc819c000 ConcurrentGCThread "G1 Refine#0" [stack: 0x000000c5bfa00000,0x000000c5bfb00000] [id=12560]
  0x000001ede1b00800 ConcurrentGCThread "G1 Young RemSet Sampling" [stack: 0x000000c5bfb00000,0x000000c5bfc00000] [id=10808]

Threads with active compile tasks:
C2 CompilerThread0  10669 5918       4       org.objectweb.asm.Frame::execute (2318 bytes)

VM state:not at safepoint (normal execution)

VM Mutex/Monitor currently owned by a thread: None

Heap address: 0x0000000080000000, size: 2048 MB, Compressed Oops mode: 32-bit
Narrow klass base: 0x0000000000000000, Narrow klass shift: 3
Compressed class space size: 1073741824 Address: 0x0000000100000000

Heap:
 garbage-first heap   total 115712K, used 78674K [0x0000000080000000, 0x0000000100000000)
  region size 1024K, 31 young (31744K), 3 survivors (3072K)
 Metaspace       used 62077K, capacity 63721K, committed 63948K, reserved 1105920K
  class space    used 7832K, capacity 8422K, committed 8448K, reserved 1048576K
Heap Regions: E=young(eden), S=young(survivor), O=old, HS=humongous(starts), HC=humongous(continues), CS=collection set, F=free, A=archive, TAMS=top-at-mark-start (previous, next)
|   0|0x0000000080000000, 0x0000000080100000, 0x0000000080100000|100%| O|  |TAMS 0x0000000080100000, 0x0000000080000000| Untracked 
|   1|0x0000000080100000, 0x0000000080200000, 0x0000000080200000|100%| O|  |TAMS 0x0000000080200000, 0x0000000080100000| Untracked 
|   2|0x0000000080200000, 0x0000000080300000, 0x0000000080300000|100%| O|  |TAMS 0x0000000080300000, 0x0000000080200000| Untracked 
|   3|0x0000000080300000, 0x0000000080400000, 0x0000000080400000|100%|HS|  |TAMS 0x0000000080400000, 0x0000000080300000| Complete 
|   4|0x0000000080400000, 0x0000000080500000, 0x0000000080500000|100%|HC|  |TAMS 0x0000000080500000, 0x0000000080400000| Complete 
|   5|0x0000000080500000, 0x0000000080600000, 0x0000000080600000|100%|HC|  |TAMS 0x0000000080600000, 0x0000000080500000| Complete 
|   6|0x0000000080600000, 0x0000000080700000, 0x0000000080700000|100%| O|  |TAMS 0x0000000080700000, 0x0000000080600000| Untracked 
|   7|0x0000000080700000, 0x0000000080800000, 0x0000000080800000|100%| O|  |TAMS 0x0000000080800000, 0x0000000080700000| Untracked 
|   8|0x0000000080800000, 0x0000000080900000, 0x0000000080900000|100%| O|  |TAMS 0x0000000080900000, 0x0000000080800000| Untracked 
|   9|0x0000000080900000, 0x0000000080a00000, 0x0000000080a00000|100%| O|  |TAMS 0x0000000080a00000, 0x0000000080900000| Untracked 
|  10|0x0000000080a00000, 0x0000000080b00000, 0x0000000080b00000|100%| O|  |TAMS 0x0000000080b00000, 0x0000000080a00000| Untracked 
|  11|0x0000000080b00000, 0x0000000080c00000, 0x0000000080c00000|100%| O|  |TAMS 0x0000000080c00000, 0x0000000080b00000| Untracked 
|  12|0x0000000080c00000, 0x0000000080d00000, 0x0000000080d00000|100%| O|  |TAMS 0x0000000080d00000, 0x0000000080c00000| Untracked 
|  13|0x0000000080d00000, 0x0000000080e00000, 0x0000000080e00000|100%| O|  |TAMS 0x0000000080e00000, 0x0000000080d00000| Untracked 
|  14|0x0000000080e00000, 0x0000000080f00000, 0x0000000080f00000|100%| O|  |TAMS 0x0000000080f00000, 0x0000000080e00000| Untracked 
|  15|0x0000000080f00000, 0x0000000081000000, 0x0000000081000000|100%| O|  |TAMS 0x0000000081000000, 0x0000000080f00000| Untracked 
|  16|0x0000000081000000, 0x0000000081100000, 0x0000000081100000|100%| O|  |TAMS 0x0000000081100000, 0x0000000081000000| Untracked 
|  17|0x0000000081100000, 0x0000000081200000, 0x0000000081200000|100%| O|  |TAMS 0x0000000081200000, 0x0000000081100000| Untracked 
|  18|0x0000000081200000, 0x0000000081300000, 0x0000000081300000|100%| O|  |TAMS 0x0000000081300000, 0x0000000081200000| Untracked 
|  19|0x0000000081300000, 0x0000000081400000, 0x0000000081400000|100%| O|  |TAMS 0x0000000081400000, 0x0000000081300000| Untracked 
|  20|0x0000000081400000, 0x0000000081500000, 0x0000000081500000|100%| O|  |TAMS 0x0000000081500000, 0x0000000081400000| Untracked 
|  21|0x0000000081500000, 0x0000000081600000, 0x0000000081600000|100%| O|  |TAMS 0x0000000081600000, 0x0000000081500000| Untracked 
|  22|0x0000000081600000, 0x0000000081700000, 0x0000000081700000|100%|HS|  |TAMS 0x0000000081700000, 0x0000000081600000| Complete 
|  23|0x0000000081700000, 0x0000000081800000, 0x0000000081800000|100%| O|  |TAMS 0x0000000081800000, 0x0000000081700000| Untracked 
|  24|0x0000000081800000, 0x0000000081900000, 0x0000000081900000|100%| O|  |TAMS 0x0000000081900000, 0x0000000081800000| Untracked 
|  25|0x0000000081900000, 0x0000000081a00000, 0x0000000081a00000|100%| O|  |TAMS 0x0000000081a00000, 0x0000000081900000| Untracked 
|  26|0x0000000081a00000, 0x0000000081b00000, 0x0000000081b00000|100%| O|  |TAMS 0x0000000081b00000, 0x0000000081a00000| Untracked 
|  27|0x0000000081b00000, 0x0000000081c00000, 0x0000000081c00000|100%| O|  |TAMS 0x0000000081c00000, 0x0000000081b00000| Untracked 
|  28|0x0000000081c00000, 0x0000000081d00000, 0x0000000081d00000|100%| O|  |TAMS 0x0000000081d00000, 0x0000000081c00000| Untracked 
|  29|0x0000000081d00000, 0x0000000081e00000, 0x0000000081e00000|100%|HS|  |TAMS 0x0000000081e00000, 0x0000000081d00000| Complete 
|  30|0x0000000081e00000, 0x0000000081f00000, 0x0000000081f00000|100%|HS|  |TAMS 0x0000000081f00000, 0x0000000081e00000| Complete 
|  31|0x0000000081f00000, 0x0000000082000000, 0x0000000082000000|100%|HS|  |TAMS 0x0000000082000000, 0x0000000081f00000| Complete 
|  32|0x0000000082000000, 0x0000000082100000, 0x0000000082100000|100%|HC|  |TAMS 0x0000000082100000, 0x0000000082000000| Complete 
|  33|0x0000000082100000, 0x0000000082200000, 0x0000000082200000|100%|HC|  |TAMS 0x0000000082200000, 0x0000000082100000| Complete 
|  34|0x0000000082200000, 0x0000000082300000, 0x0000000082300000|100%|HS|  |TAMS 0x0000000082300000, 0x0000000082200000| Complete 
|  35|0x0000000082300000, 0x0000000082400000, 0x0000000082400000|100%|HC|  |TAMS 0x0000000082400000, 0x0000000082300000| Complete 
|  36|0x0000000082400000, 0x0000000082500000, 0x0000000082500000|100%| O|  |TAMS 0x0000000082500000, 0x0000000082400000| Untracked 
|  37|0x0000000082500000, 0x0000000082600000, 0x0000000082600000|100%| O|  |TAMS 0x0000000082600000, 0x0000000082500000| Untracked 
|  38|0x0000000082600000, 0x0000000082700000, 0x0000000082700000|100%| O|  |TAMS 0x0000000082700000, 0x0000000082600000| Untracked 
|  39|0x0000000082700000, 0x0000000082800000, 0x0000000082800000|100%| O|  |TAMS 0x0000000082800000, 0x0000000082700000| Untracked 
|  40|0x0000000082800000, 0x0000000082900000, 0x0000000082900000|100%| O|  |TAMS 0x0000000082900000, 0x0000000082800000| Untracked 
|  41|0x0000000082900000, 0x0000000082a00000, 0x0000000082a00000|100%| O|  |TAMS 0x0000000082a00000, 0x0000000082900000| Untracked 
|  42|0x0000000082a00000, 0x0000000082b00000, 0x0000000082b00000|100%| O|  |TAMS 0x0000000082b00000, 0x0000000082a00000| Untracked 
|  43|0x0000000082b00000, 0x0000000082c00000, 0x0000000082c00000|100%| O|  |TAMS 0x0000000082c00000, 0x0000000082b00000| Untracked 
|  44|0x0000000082c00000, 0x0000000082d00000, 0x0000000082d00000|100%| O|  |TAMS 0x0000000082d00000, 0x0000000082c00000| Untracked 
|  45|0x0000000082d00000, 0x0000000082e00000, 0x0000000082e00000|100%| O|  |TAMS 0x0000000082e00000, 0x0000000082d00000| Untracked 
|  46|0x0000000082e00000, 0x0000000082f00000, 0x0000000082f00000|100%| O|  |TAMS 0x0000000082f00000, 0x0000000082e00000| Untracked 
|  47|0x0000000082f00000, 0x0000000083000000, 0x0000000083000000|100%| O|  |TAMS 0x0000000083000000, 0x0000000082f00000| Untracked 
|  48|0x0000000083000000, 0x00000000830bb000, 0x0000000083100000| 73%| O|  |TAMS 0x00000000830bb000, 0x0000000083000000| Untracked 
|  49|0x0000000083100000, 0x0000000083100000, 0x0000000083200000|  0%| F|  |TAMS 0x0000000083100000, 0x0000000083100000| Untracked 
|  50|0x0000000083200000, 0x0000000083200000, 0x0000000083300000|  0%| F|  |TAMS 0x0000000083200000, 0x0000000083200000| Untracked 
|  51|0x0000000083300000, 0x0000000083300000, 0x0000000083400000|  0%| F|  |TAMS 0x0000000083300000, 0x0000000083300000| Untracked 
|  52|0x0000000083400000, 0x0000000083400000, 0x0000000083500000|  0%| F|  |TAMS 0x0000000083400000, 0x0000000083400000| Untracked 
|  53|0x0000000083500000, 0x0000000083500000, 0x0000000083600000|  0%| F|  |TAMS 0x0000000083500000, 0x0000000083500000| Untracked 
|  54|0x0000000083600000, 0x0000000083600000, 0x0000000083700000|  0%| F|  |TAMS 0x0000000083600000, 0x0000000083600000| Untracked 
|  55|0x0000000083700000, 0x0000000083700000, 0x0000000083800000|  0%| F|  |TAMS 0x0000000083700000, 0x0000000083700000| Untracked 
|  56|0x0000000083800000, 0x0000000083800000, 0x0000000083900000|  0%| F|  |TAMS 0x0000000083800000, 0x0000000083800000| Untracked 
|  57|0x0000000083900000, 0x0000000083900000, 0x0000000083a00000|  0%| F|  |TAMS 0x0000000083900000, 0x0000000083900000| Untracked 
|  58|0x0000000083a00000, 0x0000000083a00000, 0x0000000083b00000|  0%| F|  |TAMS 0x0000000083a00000, 0x0000000083a00000| Untracked 
|  59|0x0000000083b00000, 0x0000000083b00000, 0x0000000083c00000|  0%| F|  |TAMS 0x0000000083b00000, 0x0000000083b00000| Untracked 
|  60|0x0000000083c00000, 0x0000000083c00000, 0x0000000083d00000|  0%| F|  |TAMS 0x0000000083c00000, 0x0000000083c00000| Untracked 
|  61|0x0000000083d00000, 0x0000000083d00000, 0x0000000083e00000|  0%| F|  |TAMS 0x0000000083d00000, 0x0000000083d00000| Untracked 
|  62|0x0000000083e00000, 0x0000000083e00000, 0x0000000083f00000|  0%| F|  |TAMS 0x0000000083e00000, 0x0000000083e00000| Untracked 
|  63|0x0000000083f00000, 0x0000000083f00000, 0x0000000084000000|  0%| F|  |TAMS 0x0000000083f00000, 0x0000000083f00000| Untracked 
|  64|0x0000000084000000, 0x0000000084000000, 0x0000000084100000|  0%| F|  |TAMS 0x0000000084000000, 0x0000000084000000| Untracked 
|  65|0x0000000084100000, 0x0000000084100000, 0x0000000084200000|  0%| F|  |TAMS 0x0000000084100000, 0x0000000084100000| Untracked 
|  66|0x0000000084200000, 0x0000000084200000, 0x0000000084300000|  0%| F|  |TAMS 0x0000000084200000, 0x0000000084200000| Untracked 
|  67|0x0000000084300000, 0x0000000084300000, 0x0000000084400000|  0%| F|  |TAMS 0x0000000084300000, 0x0000000084300000| Untracked 
|  68|0x0000000084400000, 0x0000000084400000, 0x0000000084500000|  0%| F|  |TAMS 0x0000000084400000, 0x0000000084400000| Untracked 
|  69|0x0000000084500000, 0x0000000084500000, 0x0000000084600000|  0%| F|  |TAMS 0x0000000084500000, 0x0000000084500000| Untracked 
|  70|0x0000000084600000, 0x0000000084600000, 0x0000000084700000|  0%| F|  |TAMS 0x0000000084600000, 0x0000000084600000| Untracked 
|  71|0x0000000084700000, 0x0000000084700000, 0x0000000084800000|  0%| F|  |TAMS 0x0000000084700000, 0x0000000084700000| Untracked 
|  72|0x0000000084800000, 0x0000000084800000, 0x0000000084900000|  0%| F|  |TAMS 0x0000000084800000, 0x0000000084800000| Untracked 
|  73|0x0000000084900000, 0x0000000084900000, 0x0000000084a00000|  0%| F|  |TAMS 0x0000000084900000, 0x0000000084900000| Untracked 
|  74|0x0000000084a00000, 0x0000000084a00000, 0x0000000084b00000|  0%| F|  |TAMS 0x0000000084a00000, 0x0000000084a00000| Untracked 
|  75|0x0000000084b00000, 0x0000000084b00000, 0x0000000084c00000|  0%| F|  |TAMS 0x0000000084b00000, 0x0000000084b00000| Untracked 
|  76|0x0000000084c00000, 0x0000000084c00000, 0x0000000084d00000|  0%| F|  |TAMS 0x0000000084c00000, 0x0000000084c00000| Untracked 
|  77|0x0000000084d00000, 0x0000000084d00000, 0x0000000084e00000|  0%| F|  |TAMS 0x0000000084d00000, 0x0000000084d00000| Untracked 
|  78|0x0000000084e00000, 0x0000000084e00000, 0x0000000084f00000|  0%| F|  |TAMS 0x0000000084e00000, 0x0000000084e00000| Untracked 
|  79|0x0000000084f00000, 0x0000000084f00000, 0x0000000085000000|  0%| F|  |TAMS 0x0000000084f00000, 0x0000000084f00000| Untracked 
|  80|0x0000000085000000, 0x0000000085000000, 0x0000000085100000|  0%| F|  |TAMS 0x0000000085000000, 0x0000000085000000| Untracked 
|  81|0x0000000085100000, 0x0000000085180800, 0x0000000085200000| 50%| E|  |TAMS 0x0000000085100000, 0x0000000085100000| Complete 
|  82|0x0000000085200000, 0x0000000085300000, 0x0000000085300000|100%| E|CS|TAMS 0x0000000085200000, 0x0000000085200000| Complete 
|  83|0x0000000085300000, 0x0000000085400000, 0x0000000085400000|100%| E|CS|TAMS 0x0000000085300000, 0x0000000085300000| Complete 
|  84|0x0000000085400000, 0x0000000085500000, 0x0000000085500000|100%| E|CS|TAMS 0x0000000085400000, 0x0000000085400000| Complete 
|  85|0x0000000085500000, 0x0000000085600000, 0x0000000085600000|100%| E|CS|TAMS 0x0000000085500000, 0x0000000085500000| Complete 
|  86|0x0000000085600000, 0x0000000085700000, 0x0000000085700000|100%| E|  |TAMS 0x0000000085600000, 0x0000000085600000| Complete 
|  87|0x0000000085700000, 0x0000000085800000, 0x0000000085800000|100%| E|CS|TAMS 0x0000000085700000, 0x0000000085700000| Complete 
|  88|0x0000000085800000, 0x0000000085900000, 0x0000000085900000|100%| E|CS|TAMS 0x0000000085800000, 0x0000000085800000| Complete 
|  89|0x0000000085900000, 0x0000000085a00000, 0x0000000085a00000|100%| E|CS|TAMS 0x0000000085900000, 0x0000000085900000| Complete 
|  90|0x0000000085a00000, 0x0000000085b00000, 0x0000000085b00000|100%| E|CS|TAMS 0x0000000085a00000, 0x0000000085a00000| Complete 
|  91|0x0000000085b00000, 0x0000000085c00000, 0x0000000085c00000|100%| E|CS|TAMS 0x0000000085b00000, 0x0000000085b00000| Complete 
|  92|0x0000000085c00000, 0x0000000085d00000, 0x0000000085d00000|100%| E|CS|TAMS 0x0000000085c00000, 0x0000000085c00000| Complete 
|  93|0x0000000085d00000, 0x0000000085e00000, 0x0000000085e00000|100%| E|CS|TAMS 0x0000000085d00000, 0x0000000085d00000| Complete 
|  94|0x0000000085e00000, 0x0000000085e198a8, 0x0000000085f00000|  9%| S|CS|TAMS 0x0000000085e00000, 0x0000000085e00000| Complete 
|  95|0x0000000085f00000, 0x0000000086000000, 0x0000000086000000|100%| S|CS|TAMS 0x0000000085f00000, 0x0000000085f00000| Complete 
|  96|0x0000000086000000, 0x0000000086100000, 0x0000000086100000|100%| S|CS|TAMS 0x0000000086000000, 0x0000000086000000| Complete 
|  97|0x0000000086100000, 0x0000000086200000, 0x0000000086200000|100%| E|CS|TAMS 0x0000000086100000, 0x0000000086100000| Complete 
|  98|0x0000000086200000, 0x0000000086300000, 0x0000000086300000|100%| E|CS|TAMS 0x0000000086200000, 0x0000000086200000| Complete 
|  99|0x0000000086300000, 0x0000000086400000, 0x0000000086400000|100%| E|CS|TAMS 0x0000000086300000, 0x0000000086300000| Complete 
| 100|0x0000000086400000, 0x0000000086500000, 0x0000000086500000|100%| E|CS|TAMS 0x0000000086400000, 0x0000000086400000| Complete 
| 101|0x0000000086500000, 0x0000000086600000, 0x0000000086600000|100%| E|CS|TAMS 0x0000000086500000, 0x0000000086500000| Complete 
| 102|0x0000000086600000, 0x0000000086700000, 0x0000000086700000|100%| E|CS|TAMS 0x0000000086600000, 0x0000000086600000| Complete 
| 103|0x0000000086700000, 0x0000000086800000, 0x0000000086800000|100%| E|CS|TAMS 0x0000000086700000, 0x0000000086700000| Complete 
| 104|0x0000000086800000, 0x0000000086900000, 0x0000000086900000|100%| E|CS|TAMS 0x0000000086800000, 0x0000000086800000| Complete 
| 105|0x0000000086900000, 0x0000000086a00000, 0x0000000086a00000|100%| E|CS|TAMS 0x0000000086900000, 0x0000000086900000| Complete 
| 106|0x0000000086a00000, 0x0000000086b00000, 0x0000000086b00000|100%| E|CS|TAMS 0x0000000086a00000, 0x0000000086a00000| Complete 
| 107|0x0000000086b00000, 0x0000000086c00000, 0x0000000086c00000|100%| E|CS|TAMS 0x0000000086b00000, 0x0000000086b00000| Complete 
| 108|0x0000000086c00000, 0x0000000086d00000, 0x0000000086d00000|100%| E|CS|TAMS 0x0000000086c00000, 0x0000000086c00000| Complete 
| 109|0x0000000086d00000, 0x0000000086e00000, 0x0000000086e00000|100%| E|CS|TAMS 0x0000000086d00000, 0x0000000086d00000| Complete 
| 110|0x0000000086e00000, 0x0000000086f00000, 0x0000000086f00000|100%| E|CS|TAMS 0x0000000086e00000, 0x0000000086e00000| Complete 
| 111|0x0000000086f00000, 0x0000000087000000, 0x0000000087000000|100%| E|CS|TAMS 0x0000000086f00000, 0x0000000086f00000| Complete 
| 112|0x0000000087000000, 0x0000000087100000, 0x0000000087100000|100%| E|CS|TAMS 0x0000000087000000, 0x0000000087000000| Complete 

Card table byte_map: [0x000001eddafd0000,0x000001eddb3d0000] _byte_map_base: 0x000001eddabd0000

Marking Bits (Prev, Next): (CMBitMap*) 0x000001edc80fe490, (CMBitMap*) 0x000001edc80fe458
 Prev Bits: [0x000001eddd7d0000, 0x000001eddf7d0000)
 Next Bits: [0x000001eddb7d0000, 0x000001eddd7d0000)

Polling page: 0x000001edc60d0000

Metaspace:

Usage:
  Non-class:     54.00 MB capacity,    53.00 MB ( 98%) used,   871.14 KB (  2%) free+waste,   159.75 KB ( <1%) overhead. 
      Class:      8.22 MB capacity,     7.65 MB ( 93%) used,   509.66 KB (  6%) free+waste,    75.13 KB ( <1%) overhead. 
       Both:     62.23 MB capacity,    60.65 MB ( 97%) used,     1.35 MB (  2%) free+waste,   234.88 KB ( <1%) overhead. 

Virtual space:
  Non-class space:       56.00 MB reserved,      54.20 MB ( 97%) committed 
      Class space:        1.00 GB reserved,       8.25 MB ( <1%) committed 
             Both:        1.05 GB reserved,      62.45 MB (  6%) committed 

Chunk freelists:
   Non-Class:  9.00 KB
       Class:  26.00 KB
        Both:  35.00 KB

MaxMetaspaceSize: 17179869184.00 GB
CompressedClassSpaceSize: 1.00 GB
Initial GC threshold: 20.80 MB
Current GC threshold: 98.67 MB
CDS: off

CodeHeap 'non-profiled nmethods': size=120064Kb used=2931Kb max_used=2931Kb free=117132Kb
 bounds [0x000001edd3690000, 0x000001edd3970000, 0x000001eddabd0000]
CodeHeap 'profiled nmethods': size=120000Kb used=12578Kb max_used=12578Kb free=107421Kb
 bounds [0x000001edcc160000, 0x000001edccdb0000, 0x000001edd3690000]
CodeHeap 'non-nmethods': size=5696Kb used=2337Kb max_used=2362Kb free=3358Kb
 bounds [0x000001edcbbd0000, 0x000001edcbe40000, 0x000001edcc160000]
 total_blobs=6936 nmethods=6093 adapters=755
 compilation: enabled
              stopped_count=0, restarted_count=0
 full_count=0

Compilation events (20 events):
Event: 10.497 Thread 0x000001ede1ce4800 6009       3       org.gradle.api.internal.provider.AbstractProperty::getValidationDisplayName (16 bytes)
Event: 10.497 Thread 0x000001ede1ce4800 nmethod 6009 0x000001edccd70990 code [0x000001edccd70b40, 0x000001edccd70c98]
Event: 10.500 Thread 0x000001ede1ce4800 6010       3       sun.invoke.util.VerifyAccess$1::<init> (15 bytes)
Event: 10.500 Thread 0x000001ede1ce4800 nmethod 6010 0x000001edccd70d10 code [0x000001edccd70ec0, 0x000001edccd710d8]
Event: 10.500 Thread 0x000001ede1ce4800 6011       3       sun.invoke.util.VerifyAccess$1::run (5 bytes)
Event: 10.500 Thread 0x000001ede1ce4800 nmethod 6011 0x000001edccd71190 code [0x000001edccd71360, 0x000001edccd71548]
Event: 10.500 Thread 0x000001ede1ce4800 6012       3       org.gradle.internal.ImmutableActionSet::empty (10 bytes)
Event: 10.500 Thread 0x000001ede1ce4800 nmethod 6012 0x000001edccd71610 code [0x000001edccd717c0, 0x000001edccd718f8]
Event: 10.501 Thread 0x000001ede1ce4800 6013       3       org.gradle.api.internal.DefaultDomainObjectCollection::getMutationGuard (10 bytes)
Event: 10.501 Thread 0x000001ede1ce4800 nmethod 6013 0x000001edccd71990 code [0x000001edccd71b40, 0x000001edccd71d08]
Event: 10.510 Thread 0x000001ede1ce4800 6014       3       com.google.common.collect.MapMakerInternalMap$WeakValueReferenceImpl::copyFor (14 bytes)
Event: 10.510 Thread 0x000001ede1ce4800 nmethod 6014 0x000001edccd71e10 code [0x000001edccd72000, 0x000001edccd724f8]
Event: 10.510 Thread 0x000001ede1ce4800 6015       3       com.google.common.collect.MapMakerInternalMap$StrongKeyWeakValueEntry::copy (34 bytes)
Event: 10.510 Thread 0x000001ede1ce4800 nmethod 6015 0x000001edccd72690 code [0x000001edccd72880, 0x000001edccd72dc8]
Event: 10.525 Thread 0x000001ede1ce4800 6016       3       java.lang.reflect.Constructor::hasGenericInformation (13 bytes)
Event: 10.525 Thread 0x000001ede1ce4800 nmethod 6016 0x000001edccd72f90 code [0x000001edccd73140, 0x000001edccd732b8]
Event: 10.544 Thread 0x000001ede1ce4800 6017       3       java.util.jar.Manifest::toLower (24 bytes)
Event: 10.544 Thread 0x000001ede1ce4800 nmethod 6017 0x000001edccd73390 code [0x000001edccd73540, 0x000001edccd736d8]
Event: 10.544 Thread 0x000001ede1ce4800 6019       3       java.util.jar.Manifest::parseName (84 bytes)
Event: 10.545 Thread 0x000001ede1ce4800 nmethod 6019 0x000001edccd73790 code [0x000001edccd739a0, 0x000001edccd74128]

GC Heap History (20 events):
Event: 3.786 GC heap before
{Heap before GC invocations=8 (full 0):
 garbage-first heap   total 76800K, used 56062K [0x0000000080000000, 0x0000000100000000)
  region size 1024K, 39 young (39936K), 2 survivors (2048K)
 Metaspace       used 27380K, capacity 28044K, committed 28160K, reserved 1073152K
  class space    used 3594K, capacity 3813K, committed 3840K, reserved 1048576K
}
Event: 3.789 GC heap after
{Heap after GC invocations=9 (full 0):
 garbage-first heap   total 76800K, used 19617K [0x0000000080000000, 0x0000000100000000)
  region size 1024K, 4 young (4096K), 4 survivors (4096K)
 Metaspace       used 27380K, capacity 28044K, committed 28160K, reserved 1073152K
  class space    used 3594K, capacity 3813K, committed 3840K, reserved 1048576K
}
Event: 4.168 GC heap before
{Heap before GC invocations=9 (full 0):
 garbage-first heap   total 76800K, used 56481K [0x0000000080000000, 0x0000000100000000)
  region size 1024K, 40 young (40960K), 4 survivors (4096K)
 Metaspace       used 31138K, capacity 31843K, committed 32128K, reserved 1077248K
  class space    used 4165K, capacity 4441K, committed 4480K, reserved 1048576K
}
Event: 4.172 GC heap after
{Heap after GC invocations=10 (full 0):
 garbage-first heap   total 76800K, used 20741K [0x0000000080000000, 0x0000000100000000)
  region size 1024K, 4 young (4096K), 4 survivors (4096K)
 Metaspace       used 31138K, capacity 31843K, committed 32128K, reserved 1077248K
  class space    used 4165K, capacity 4441K, committed 4480K, reserved 1048576K
}
Event: 4.384 GC heap before
{Heap before GC invocations=10 (full 0):
 garbage-first heap   total 76800K, used 29957K [0x0000000080000000, 0x0000000100000000)
  region size 1024K, 14 young (14336K), 4 survivors (4096K)
 Metaspace       used 34902K, capacity 35719K, committed 35840K, reserved 1081344K
  class space    used 4531K, capacity 4839K, committed 4864K, reserved 1048576K
}
Event: 4.393 GC heap after
{Heap after GC invocations=11 (full 0):
 garbage-first heap   total 96256K, used 22637K [0x0000000080000000, 0x0000000100000000)
  region size 1024K, 5 young (5120K), 5 survivors (5120K)
 Metaspace       used 34902K, capacity 35719K, committed 35840K, reserved 1081344K
  class space    used 4531K, capacity 4839K, committed 4864K, reserved 1048576K
}
Event: 4.749 GC heap before
{Heap before GC invocations=12 (full 0):
 garbage-first heap   total 96256K, used 63597K [0x0000000080000000, 0x0000000100000000)
  region size 1024K, 46 young (47104K), 5 survivors (5120K)
 Metaspace       used 38361K, capacity 39268K, committed 39372K, reserved 1083392K
  class space    used 4962K, capacity 5316K, committed 5376K, reserved 1048576K
}
Event: 4.756 GC heap after
{Heap after GC invocations=13 (full 0):
 garbage-first heap   total 96256K, used 26289K [0x0000000080000000, 0x0000000100000000)
  region size 1024K, 6 young (6144K), 6 survivors (6144K)
 Metaspace       used 38361K, capacity 39268K, committed 39372K, reserved 1083392K
  class space    used 4962K, capacity 5316K, committed 5376K, reserved 1048576K
}
Event: 5.719 GC heap before
{Heap before GC invocations=13 (full 0):
 garbage-first heap   total 96256K, used 71345K [0x0000000080000000, 0x0000000100000000)
  region size 1024K, 47 young (48128K), 6 survivors (6144K)
 Metaspace       used 41724K, capacity 42784K, committed 42828K, reserved 1087488K
  class space    used 5361K, capacity 5753K, committed 5760K, reserved 1048576K
}
Event: 5.728 GC heap after
{Heap after GC invocations=14 (full 0):
 garbage-first heap   total 96256K, used 29057K [0x0000000080000000, 0x0000000100000000)
  region size 1024K, 3 young (3072K), 3 survivors (3072K)
 Metaspace       used 41724K, capacity 42784K, committed 42828K, reserved 1087488K
  class space    used 5361K, capacity 5753K, committed 5760K, reserved 1048576K
}
Event: 6.358 GC heap before
{Heap before GC invocations=14 (full 0):
 garbage-first heap   total 96256K, used 70017K [0x0000000080000000, 0x0000000100000000)
  region size 1024K, 43 young (44032K), 3 survivors (3072K)
 Metaspace       used 45214K, capacity 46318K, committed 46412K, reserved 1089536K
  class space    used 5826K, capacity 6205K, committed 6272K, reserved 1048576K
}
Event: 6.365 GC heap after
{Heap after GC invocations=15 (full 0):
 garbage-first heap   total 96256K, used 30405K [0x0000000080000000, 0x0000000100000000)
  region size 1024K, 5 young (5120K), 5 survivors (5120K)
 Metaspace       used 45214K, capacity 46318K, committed 46412K, reserved 1089536K
  class space    used 5826K, capacity 6205K, committed 6272K, reserved 1048576K
}
Event: 8.093 GC heap before
{Heap before GC invocations=15 (full 0):
 garbage-first heap   total 96256K, used 71365K [0x0000000080000000, 0x0000000100000000)
  region size 1024K, 45 young (46080K), 5 survivors (5120K)
 Metaspace       used 48047K, capacity 49246K, committed 49356K, reserved 1091584K
  class space    used 6162K, capacity 6606K, committed 6656K, reserved 1048576K
}
Event: 8.099 GC heap after
{Heap after GC invocations=16 (full 0):
 garbage-first heap   total 115712K, used 32266K [0x0000000080000000, 0x0000000100000000)
  region size 1024K, 4 young (4096K), 4 survivors (4096K)
 Metaspace       used 48047K, capacity 49246K, committed 49356K, reserved 1091584K
  class space    used 6162K, capacity 6606K, committed 6656K, reserved 1048576K
}
Event: 9.452 GC heap before
{Heap before GC invocations=16 (full 0):
 garbage-first heap   total 115712K, used 90634K [0x0000000080000000, 0x0000000100000000)
  region size 1024K, 54 young (55296K), 4 survivors (4096K)
 Metaspace       used 50618K, capacity 51964K, committed 52044K, reserved 1093632K
  class space    used 6472K, capacity 6960K, committed 7040K, reserved 1048576K
}
Event: 9.462 GC heap after
{Heap after GC invocations=17 (full 0):
 garbage-first heap   total 115712K, used 49482K [0x0000000080000000, 0x0000000100000000)
  region size 1024K, 7 young (7168K), 7 survivors (7168K)
 Metaspace       used 50618K, capacity 51964K, committed 52044K, reserved 1093632K
  class space    used 6472K, capacity 6960K, committed 7040K, reserved 1048576K
}
Event: 10.016 GC heap before
{Heap before GC invocations=17 (full 0):
 garbage-first heap   total 115712K, used 88394K [0x0000000080000000, 0x0000000100000000)
  region size 1024K, 45 young (46080K), 7 survivors (7168K)
 Metaspace       used 56113K, capacity 57525K, committed 57804K, reserved 1099776K
  class space    used 7141K, capacity 7639K, committed 7680K, reserved 1048576K
}
Event: 10.023 GC heap after
{Heap after GC invocations=18 (full 0):
 garbage-first heap   total 115712K, used 51805K [0x0000000080000000, 0x0000000100000000)
  region size 1024K, 2 young (2048K), 2 survivors (2048K)
 Metaspace       used 56113K, capacity 57525K, committed 57804K, reserved 1099776K
  class space    used 7141K, capacity 7639K, committed 7680K, reserved 1048576K
}
Event: 10.247 GC heap before
{Heap before GC invocations=18 (full 0):
 garbage-first heap   total 115712K, used 67165K [0x0000000080000000, 0x0000000100000000)
  region size 1024K, 18 young (18432K), 2 survivors (2048K)
 Metaspace       used 58718K, capacity 60110K, committed 60288K, reserved 1101824K
  class space    used 7414K, capacity 7920K, committed 7936K, reserved 1048576K
}
Event: 10.250 GC heap after
{Heap after GC invocations=19 (full 0):
 garbage-first heap   total 115712K, used 52050K [0x0000000080000000, 0x0000000100000000)
  region size 1024K, 3 young (3072K), 3 survivors (3072K)
 Metaspace       used 58718K, capacity 60110K, committed 60288K, reserved 1101824K
  class space    used 7414K, capacity 7920K, committed 7936K, reserved 1048576K
}

Deoptimization events (20 events):
Event: 10.023 Thread 0x000001ede2783000 Uncommon trap: trap_request=0xffffffde fr.pc=0x000001edd390db6c relative=0x000000000000052c
Event: 10.023 Thread 0x000001ede2783000 Uncommon trap: reason=class_check action=maybe_recompile pc=0x000001edd390db6c method=jdk.internal.ref.PhantomCleanable.clean()V @ 12 c2
Event: 10.023 Thread 0x000001ede2783000 DEOPT PACKING pc=0x000001edd390db6c sp=0x000000c5c05ff3d0
Event: 10.023 Thread 0x000001ede2783000 DEOPT UNPACKING pc=0x000001edcbc1a1af sp=0x000000c5c05ff3b0 mode 2
Event: 10.463 Thread 0x000001ede45d8000 Uncommon trap: trap_request=0xffffff4d fr.pc=0x000001edd395ca48 relative=0x0000000000000228
Event: 10.463 Thread 0x000001ede45d8000 Uncommon trap: reason=unstable_if action=reinterpret pc=0x000001edd395ca48 method=java.security.SecureClassLoader$CodeSourceKey.hashCode()I @ 9 c2
Event: 10.463 Thread 0x000001ede45d8000 DEOPT PACKING pc=0x000001edd395ca48 sp=0x000000c5c0ef2520
Event: 10.463 Thread 0x000001ede45d8000 DEOPT UNPACKING pc=0x000001edcbc1a1af sp=0x000000c5c0ef24b0 mode 2
Event: 10.463 Thread 0x000001ede45d8000 Uncommon trap: trap_request=0xffffff4d fr.pc=0x000001edd3949eac relative=0x000000000000014c
Event: 10.463 Thread 0x000001ede45d8000 Uncommon trap: reason=unstable_if action=reinterpret pc=0x000001edd3949eac method=java.lang.ClassLoader.defineClassSourceLocation(Ljava/security/ProtectionDomain;)Ljava/lang/String; @ 15 c2
Event: 10.463 Thread 0x000001ede45d8000 DEOPT PACKING pc=0x000001edd3949eac sp=0x000000c5c0ef26c0
Event: 10.463 Thread 0x000001ede45d8000 DEOPT UNPACKING pc=0x000001edcbc1a1af sp=0x000000c5c0ef25d8 mode 2
Event: 10.538 Thread 0x000001ede45d8000 Uncommon trap: trap_request=0xffffff4d fr.pc=0x000001edd38397a0 relative=0x0000000000005880
Event: 10.538 Thread 0x000001ede45d8000 Uncommon trap: reason=unstable_if action=reinterpret pc=0x000001edd38397a0 method=java.util.jar.JarFile.maybeInstantiateVerifier()V @ 4 c2
Event: 10.538 Thread 0x000001ede45d8000 DEOPT PACKING pc=0x000001edd38397a0 sp=0x000000c5c0ef46a0
Event: 10.538 Thread 0x000001ede45d8000 DEOPT UNPACKING pc=0x000001edcbc1a1af sp=0x000000c5c0ef4498 mode 2
Event: 10.542 Thread 0x000001ede45d8000 Uncommon trap: trap_request=0xffffff4d fr.pc=0x000001edd3793920 relative=0x0000000000000340
Event: 10.542 Thread 0x000001ede45d8000 Uncommon trap: reason=unstable_if action=reinterpret pc=0x000001edd3793920 method=java.util.jar.JarFile.maybeInstantiateVerifier()V @ 91 c2
Event: 10.543 Thread 0x000001ede45d8000 DEOPT PACKING pc=0x000001edd3793920 sp=0x000000c5c0ef4380
Event: 10.543 Thread 0x000001ede45d8000 DEOPT UNPACKING pc=0x000001edcbc1a1af sp=0x000000c5c0ef4308 mode 2

Classes redefined (0 events):
No events

Internal exceptions (20 events):
Event: 9.260 Thread 0x000001ede6282000 Exception <a 'java/lang/NoSuchMethodError'{0x0000000084a274b8}: <clinit>> (0x0000000084a274b8) thrown at [./src/hotspot/share/prims/jni.cpp, line 1365]
Event: 9.261 Thread 0x000001ede6282000 Exception <a 'java/lang/NoSuchMethodError'{0x0000000084a28a60}: <clinit>> (0x0000000084a28a60) thrown at [./src/hotspot/share/prims/jni.cpp, line 1365]
Event: 9.261 Thread 0x000001ede6282000 Exception <a 'java/lang/NoSuchMethodError'{0x0000000084a29a80}: <clinit>> (0x0000000084a29a80) thrown at [./src/hotspot/share/prims/jni.cpp, line 1365]
Event: 9.263 Thread 0x000001ede6282000 Exception <a 'java/lang/NoSuchMethodError'{0x0000000084abce88}: <clinit>> (0x0000000084abce88) thrown at [./src/hotspot/share/prims/jni.cpp, line 1365]
Event: 9.265 Thread 0x000001ede6282000 Exception <a 'java/lang/NoSuchMethodError'{0x0000000084ac7dc0}: <clinit>> (0x0000000084ac7dc0) thrown at [./src/hotspot/share/prims/jni.cpp, line 1365]
Event: 9.267 Thread 0x000001ede6282000 Exception <a 'java/lang/NoSuchMethodError'{0x0000000084adca38}: <clinit>> (0x0000000084adca38) thrown at [./src/hotspot/share/prims/jni.cpp, line 1365]
Event: 9.297 Thread 0x000001ede45d8000 Exception <a 'java/lang/ClassNotFoundException'{0x0000000084aa4ee0}: build_28rpgyoag9xmrp2pv2bl75b81BeanInfo> (0x0000000084aa4ee0) thrown at [./src/hotspot/share/classfile/systemDictionary.cpp, line 231]
Event: 9.297 Thread 0x000001ede45d8000 Exception <a 'java/lang/ClassNotFoundException'{0x0000000084af83a8}: build_28rpgyoag9xmrp2pv2bl75b81Customizer> (0x0000000084af83a8) thrown at [./src/hotspot/share/classfile/systemDictionary.cpp, line 231]
Event: 9.325 Thread 0x000001ede45d8000 Exception <a 'java/lang/ClassNotFoundException'{0x00000000848eba50}: org/gradle/api/internal/plugins/DefaultObjectConfigurationActionBeanInfo> (0x00000000848eba50) thrown at [./src/hotspot/share/classfile/systemDictionary.cpp, line 231]
Event: 9.326 Thread 0x000001ede45d8000 Exception <a 'java/lang/ClassNotFoundException'{0x0000000084722530}: org/gradle/api/internal/plugins/DefaultObjectConfigurationActionCustomizer> (0x0000000084722530) thrown at [./src/hotspot/share/classfile/systemDictionary.cpp, line 231]
Event: 9.546 Thread 0x000001ede45d8000 Exception <a 'java/lang/NoSuchMethodError'{0x0000000086f62580}: 'java.lang.Object java.lang.invoke.DirectMethodHandle$Holder.invokeStatic(java.lang.Object, java.lang.Object, java.lang.Object, java.lang.Object, int)'> (0x0000000086f62580) thrown at [./src/hotspot/share/interpreter/linkResolver.cpp, line 773]
Event: 9.547 Thread 0x000001ede45d8000 Exception <a 'java/lang/NoSuchMethodError'{0x0000000086f66f78}: 'java.lang.Object java.lang.invoke.DirectMethodHandle$Holder.invokeSpecial(java.lang.Object, java.lang.Object, java.lang.Object, java.lang.Object, java.lang.Object, int)'> (0x0000000086f66f78) thrown at [./src/hotspot/share/interpreter/linkResolver.cpp, line 773]
Event: 9.547 Thread 0x000001ede45d8000 Exception <a 'java/lang/NoSuchMethodError'{0x0000000086f6b5b8}: 'java.lang.Object java.lang.invoke.Invokers$Holder.linkToTargetMethod(java.lang.Object, java.lang.Object, java.lang.Object, int, java.lang.Object)'> (0x0000000086f6b5b8) thrown at [./src/hotspot/share/interpreter/linkResolver.cpp, line 773]
Event: 9.742 Thread 0x000001ede45d8000 Exception <a 'java/lang/NoSuchMethodError'{0x00000000861af480}: 'java.lang.Object java.lang.invoke.DirectMethodHandle$Holder.invokeSpecial(java.lang.Object, java.lang.Object, int, int, java.lang.Object, java.lang.Object, java.lang.Object)'> (0x00000000861af480) thrown at [./src/hotspot/share/interpreter/linkResolver.cpp, line 773]
Event: 9.743 Thread 0x000001ede45d8000 Exception <a 'java/lang/NoSuchMethodError'{0x00000000861b3a00}: 'java.lang.Object java.lang.invoke.DelegatingMethodHandle$Holder.reinvoke_L(java.lang.Object, int, int, java.lang.Object, java.lang.Object, java.lang.Object)'> (0x00000000861b3a00) thrown at [./src/hotspot/share/interpreter/linkResolver.cpp, line 773]
Event: 9.916 Thread 0x000001ede45d8000 Exception <a 'java/lang/NoSuchMethodError'{0x000000008531bfd0}: 'int java.lang.invoke.DirectMethodHandle$Holder.invokeInterface(java.lang.Object, java.lang.Object, java.lang.Object, java.lang.Object)'> (0x000000008531bfd0) thrown at [./src/hotspot/share/interpreter/linkResolver.cpp, line 773]
Event: 10.218 Thread 0x000001ede45d8000 Exception <a 'java/lang/NoSuchMethodError'{0x00000000863c8c20}: 'void java.lang.invoke.DirectMethodHandle$Holder.invokeInterface(java.lang.Object, java.lang.Object, java.lang.Object, java.lang.Object)'> (0x00000000863c8c20) thrown at [./src/hotspot/share/interpreter/linkResolver.cpp, line 773]
Event: 10.412 Thread 0x000001ede45d8000 Exception <a 'java/lang/IncompatibleClassChangeError'{0x0000000086a7a3c0}: Found class java.lang.Object, but interface was expected> (0x0000000086a7a3c0) thrown at [./src/hotspot/share/interpreter/linkResolver.cpp, line 839]
Event: 10.463 Thread 0x000001ede45d8000 Implicit null exception at 0x000001edd395c854 to 0x000001edd395ca38
Event: 10.463 Thread 0x000001ede45d8000 Implicit null exception at 0x000001edd3949db9 to 0x000001edd3949e9c

Events (20 events):
Event: 10.538 loading class shadow/bundletool/com/android/prefs/AndroidLocation$AndroidLocationException
Event: 10.538 loading class shadow/bundletool/com/android/prefs/AndroidLocation$AndroidLocationException done
Event: 10.538 loading class sun/security/util/SignatureFileVerifier
Event: 10.539 loading class sun/security/util/SignatureFileVerifier done
Event: 10.539 loading class org/gradle/api/InvalidUserDataException
Event: 10.539 loading class org/gradle/api/InvalidUserDataException done
Event: 10.539 loading class com/android/ide/common/signing/KeytoolException
Event: 10.539 loading class com/android/ide/common/signing/KeytoolException done
Event: 10.540 loading class com/android/ide/common/signing/KeystoreHelper
Event: 10.540 loading class com/android/ide/common/signing/KeystoreHelper done
Event: 10.542 loading class org/bouncycastle/operator/OperatorCreationException
Event: 10.542 loading class org/bouncycastle/operator/OperatorCreationException done
Event: 10.546 loading class sun/security/util/ManifestDigester
Event: 10.547 loading class sun/security/util/ManifestDigester done
Event: 10.547 loading class sun/security/util/ManifestDigester$Position
Event: 10.547 loading class sun/security/util/ManifestDigester$Position done
Event: 10.547 loading class sun/security/util/ManifestDigester$Entry
Event: 10.547 loading class sun/security/util/ManifestDigester$Entry done
Event: 10.547 loading class sun/security/util/ManifestDigester$Section
Event: 10.548 loading class sun/security/util/ManifestDigester$Section done


Dynamic libraries:
0x00007ff669a40000 - 0x00007ff669a4a000 	C:\Program Files\Android\Android Studio\jre\bin\java.exe
0x00007ffece160000 - 0x00007ffece369000 	C:\WINDOWS\SYSTEM32\ntdll.dll
0x00007ffecd020000 - 0x00007ffecd0dd000 	C:\WINDOWS\System32\KERNEL32.DLL
0x00007ffecb640000 - 0x00007ffecb9bd000 	C:\WINDOWS\System32\KERNELBASE.dll
0x00007ffecb9f0000 - 0x00007ffecbb01000 	C:\WINDOWS\System32\ucrtbase.dll
0x00007ffe9d880000 - 0x00007ffe9d897000 	C:\Program Files\Android\Android Studio\jre\bin\VCRUNTIME140.dll
0x00007ffeb8b80000 - 0x00007ffeb8b99000 	C:\Program Files\Android\Android Studio\jre\bin\jli.dll
0x00007ffeccc90000 - 0x00007ffecce3d000 	C:\WINDOWS\System32\USER32.dll
0x00007ffecb9c0000 - 0x00007ffecb9e6000 	C:\WINDOWS\System32\win32u.dll
0x00007ffeb6360000 - 0x00007ffeb6605000 	C:\WINDOWS\WinSxS\amd64_microsoft.windows.common-controls_6595b64144ccf1df_6.0.22000.120_none_9d947278b86cc467\COMCTL32.dll
0x00007ffecce40000 - 0x00007ffecce69000 	C:\WINDOWS\System32\GDI32.dll
0x00007ffeccea0000 - 0x00007ffeccf43000 	C:\WINDOWS\System32\msvcrt.dll
0x00007ffecbd70000 - 0x00007ffecbe88000 	C:\WINDOWS\System32\gdi32full.dll
0x00007ffecbe90000 - 0x00007ffecbf2d000 	C:\WINDOWS\System32\msvcp_win.dll
0x00007ffeccfe0000 - 0x00007ffecd011000 	C:\WINDOWS\System32\IMM32.DLL
0x00007ffe94c20000 - 0x00007ffe94cbd000 	C:\Program Files\Android\Android Studio\jre\bin\msvcp140.dll
0x00007ffe90f70000 - 0x00007ffe91a55000 	C:\Program Files\Android\Android Studio\jre\bin\server\jvm.dll
0x00007ffecc7b0000 - 0x00007ffecc85e000 	C:\WINDOWS\System32\ADVAPI32.dll
0x00007ffecd140000 - 0x00007ffecd1de000 	C:\WINDOWS\System32\sechost.dll
0x00007ffecc300000 - 0x00007ffecc420000 	C:\WINDOWS\System32\RPCRT4.dll
0x00007ffecce90000 - 0x00007ffecce98000 	C:\WINDOWS\System32\PSAPI.DLL
0x00007ffe9d810000 - 0x00007ffe9d819000 	C:\WINDOWS\SYSTEM32\WSOCK32.dll
0x00007ffeb8650000 - 0x00007ffeb8683000 	C:\WINDOWS\SYSTEM32\WINMM.dll
0x00007ffec9350000 - 0x00007ffec935a000 	C:\WINDOWS\SYSTEM32\VERSION.dll
0x00007ffeccf70000 - 0x00007ffeccfdf000 	C:\WINDOWS\System32\WS2_32.dll
0x00007ffeca740000 - 0x00007ffeca758000 	C:\WINDOWS\SYSTEM32\kernel.appcore.dll
0x00007ffebd140000 - 0x00007ffebd151000 	C:\Program Files\Android\Android Studio\jre\bin\verify.dll
0x00007ffeb9200000 - 0x00007ffeb9421000 	C:\WINDOWS\SYSTEM32\DBGHELP.DLL
0x00007ffeb8a20000 - 0x00007ffeb8a51000 	C:\WINDOWS\SYSTEM32\dbgcore.DLL
0x00007ffecbcf0000 - 0x00007ffecbd6f000 	C:\WINDOWS\System32\bcryptPrimitives.dll
0x00007ffebaf90000 - 0x00007ffebafb9000 	C:\Program Files\Android\Android Studio\jre\bin\java.dll
0x00007ffec7bf0000 - 0x00007ffec7bfb000 	C:\Program Files\Android\Android Studio\jre\bin\jimage.dll
0x00007ffeb9fc0000 - 0x00007ffeb9fd8000 	C:\Program Files\Android\Android Studio\jre\bin\zip.dll
0x00007ffecd960000 - 0x00007ffece118000 	C:\WINDOWS\System32\SHELL32.dll
0x00007ffec97b0000 - 0x00007ffeca018000 	C:\WINDOWS\SYSTEM32\windows.storage.dll
0x00007ffecc860000 - 0x00007ffeccbd9000 	C:\WINDOWS\System32\combase.dll
0x00007ffec9640000 - 0x00007ffec97a6000 	C:\WINDOWS\SYSTEM32\wintypes.dll
0x00007ffecc6c0000 - 0x00007ffecc7aa000 	C:\WINDOWS\System32\SHCORE.dll
0x00007ffecc190000 - 0x00007ffecc1ed000 	C:\WINDOWS\System32\shlwapi.dll
0x00007ffecb570000 - 0x00007ffecb591000 	C:\WINDOWS\SYSTEM32\profapi.dll
0x00007ffeb8a90000 - 0x00007ffeb8aaa000 	C:\Program Files\Android\Android Studio\jre\bin\net.dll
0x00007ffec5d20000 - 0x00007ffec5e2c000 	C:\WINDOWS\SYSTEM32\WINHTTP.dll
0x00007ffecab70000 - 0x00007ffecabd7000 	C:\WINDOWS\system32\mswsock.dll
0x00007ffeae4c0000 - 0x00007ffeae4d4000 	C:\Program Files\Android\Android Studio\jre\bin\nio.dll
0x00007ffec93b0000 - 0x00007ffec93d7000 	C:\Users\Dell\.gradle\native\e1d6ef7f7dcc3fd88c89a11ec53ec762bb8ba0a96d01ffa2cd45eb1d1d8dd5c5\windows-amd64\native-platform.dll
0x00007ffe90b90000 - 0x00007ffe90cd4000 	C:\Users\Dell\.gradle\native\5664cfc778a61ccfe75a443a1ab52a65af34e5dc3c78e0209fed803814484fcb\windows-amd64\native-platform-file-events.dll
0x00007ffeb6ac0000 - 0x00007ffeb6aca000 	C:\Program Files\Android\Android Studio\jre\bin\management.dll
0x00007ffeae4b0000 - 0x00007ffeae4bd000 	C:\Program Files\Android\Android Studio\jre\bin\management_ext.dll
0x00007ffecadb0000 - 0x00007ffecadc8000 	C:\WINDOWS\SYSTEM32\CRYPTSP.dll
0x00007ffeca6a0000 - 0x00007ffeca6d5000 	C:\WINDOWS\system32\rsaenh.dll
0x00007ffecac60000 - 0x00007ffecac89000 	C:\WINDOWS\SYSTEM32\USERENV.dll
0x00007ffecaf30000 - 0x00007ffecaf57000 	C:\WINDOWS\SYSTEM32\bcrypt.dll
0x00007ffecadd0000 - 0x00007ffecaddc000 	C:\WINDOWS\SYSTEM32\CRYPTBASE.dll
0x00007ffeca270000 - 0x00007ffeca29d000 	C:\WINDOWS\SYSTEM32\IPHLPAPI.DLL
0x00007ffecce70000 - 0x00007ffecce79000 	C:\WINDOWS\System32\NSI.dll
0x00007ffec5b70000 - 0x00007ffec5b89000 	C:\WINDOWS\SYSTEM32\dhcpcsvc6.DLL
0x00007ffec6a70000 - 0x00007ffec6a8e000 	C:\WINDOWS\SYSTEM32\dhcpcsvc.DLL
0x00007ffeca2a0000 - 0x00007ffeca388000 	C:\WINDOWS\SYSTEM32\DNSAPI.dll

dbghelp: loaded successfully - version: 4.0.5 - missing functions: none
symbol engine: initialized successfully - sym options: 0x614 - pdb path: .;C:\Program Files\Android\Android Studio\jre\bin;C:\WINDOWS\SYSTEM32;C:\WINDOWS\WinSxS\amd64_microsoft.windows.common-controls_6595b64144ccf1df_6.0.22000.120_none_9d947278b86cc467;C:\Program Files\Android\Android Studio\jre\bin\server;C:\Users\Dell\.gradle\native\e1d6ef7f7dcc3fd88c89a11ec53ec762bb8ba0a96d01ffa2cd45eb1d1d8dd5c5\windows-amd64;C:\Users\Dell\.gradle\native\5664cfc778a61ccfe75a443a1ab52a65af34e5dc3c78e0209fed803814484fcb\windows-amd64

VM Arguments:
jvm_args: --add-opens=java.base/java.util=ALL-UNNAMED --add-opens=java.base/java.lang=ALL-UNNAMED --add-opens=java.base/java.lang.invoke=ALL-UNNAMED --add-opens=java.base/java.util=ALL-UNNAMED --add-opens=java.prefs/java.util.prefs=ALL-UNNAMED --add-opens=java.prefs/java.util.prefs=ALL-UNNAMED --add-opens=java.base/java.nio.charset=ALL-UNNAMED --add-opens=java.base/java.net=ALL-UNNAMED --add-opens=java.base/java.util.concurrent.atomic=ALL-UNNAMED -Xmx2048m -Dfile.encoding=UTF-8 -Duser.country=US -Duser.language=en -Duser.variant 
java_command: org.gradle.launcher.daemon.bootstrap.GradleDaemon 7.3.3
java_class_path (initial): C:\Users\Dell\.gradle\wrapper\dists\gradle-7.3.3-bin\6a41zxkdtcxs8rphpq6y0069z\gradle-7.3.3\lib\gradle-launcher-7.3.3.jar
Launcher Type: SUN_STANDARD

[Global flags]
     intx CICompilerCount                          = 3                                         {product} {ergonomic}
     uint ConcGCThreads                            = 1                                         {product} {ergonomic}
     uint G1ConcRefinementThreads                  = 4                                         {product} {ergonomic}
   size_t G1HeapRegionSize                         = 1048576                                   {product} {ergonomic}
    uintx GCDrainStackTargetSize                   = 64                                        {product} {ergonomic}
   size_t InitialHeapSize                          = 65011712                                  {product} {ergonomic}
   size_t MarkStackSize                            = 4194304                                   {product} {ergonomic}
   size_t MaxHeapSize                              = 2147483648                                {product} {command line}
   size_t MaxNewSize                               = 1287651328                                {product} {ergonomic}
   size_t MinHeapDeltaBytes                        = 1048576                                   {product} {ergonomic}
    uintx NonNMethodCodeHeapSize                   = 5830732                                {pd product} {ergonomic}
    uintx NonProfiledCodeHeapSize                  = 122913754                              {pd product} {ergonomic}
    uintx ProfiledCodeHeapSize                     = 122913754                              {pd product} {ergonomic}
    uintx ReservedCodeCacheSize                    = 251658240                              {pd product} {ergonomic}
     bool SegmentedCodeCache                       = true                                      {product} {ergonomic}
     bool UseCompressedClassPointers               = true                                 {lp64_product} {ergonomic}
     bool UseCompressedOops                        = true                                 {lp64_product} {ergonomic}
     bool UseG1GC                                  = true                                      {product} {ergonomic}
     bool UseLargePagesIndividualAllocation        = false                                  {pd product} {ergonomic}

Logging:
Log output configuration:
 #0: stdout all=warning uptime,level,tags
 #1: stderr all=off uptime,level,tags

Environment Variables:
PATH=C:\Program Files (x86)\NVIDIA Corporation\PhysX\Common;C:\Program Files (x86)\Common Files\Oracle\Java\javapath;C:\WINDOWS\system32;C:\WINDOWS;C:\WINDOWS\System32\Wbem;C:\WINDOWS\System32\WindowsPowerShell\v1.0\;C:\WINDOWS\System32\OpenSSH\;C:\Program Files\dotnet\;C:\Program Files\Microsoft VS Code\bin;C:\Program Files\MySQL\MySQL Shell 8.0\bin\;C:\Users\Dell\AppData\Local\Microsoft\WindowsApps;
USERNAME=Dell
OS=Windows_NT
PROCESSOR_IDENTIFIER=Intel64 Family 6 Model 158 Stepping 11, GenuineIntel



---------------  S Y S T E M  ---------------

OS: Windows 10 , 64 bit Build 22000 (10.0.22000.708)
OS uptime: 0 days 1:15 hours

CPU:total 4 (initial active 4) (4 cores per cpu, 1 threads per core) family 6 model 158 stepping 11 microcode 0xf0, cmov, cx8, fxsr, mmx, sse, sse2, sse3, ssse3, sse4.1, sse4.2, popcnt, avx, avx2, aes, clmul, erms, 3dnowpref, lzcnt, tsc, tscinvbit, bmi1, bmi2, adx, fma

Memory: 4k page, system-wide physical 3906M (310M free)
TotalPageFile size 8002M (AvailPageFile size 5M)
current process WorkingSet (physical memory assigned to process): 254M, peak: 269M
current process commit charge ("private bytes"): 322M, peak: 323M

vm_info: OpenJDK 64-Bit Server VM (11.0.12+7-b1504.28-7817840) for windows-amd64 JRE (11.0.12+7-b1504.28-7817840), built on Oct 13 2021 22:12:33 by "builder" with MS VC++ 14.0 (VS2015)

END.
