#
# There is insufficient memory for the Java Runtime Environment to continue.
# Native memory allocation (mmap) failed to map 710934528 bytes for Failed to commit area from 0x0000000095300000 to 0x00000000bf900000 of length 710934528.
# Possible reasons:
#   The system is out of physical RAM or swap space
#   The process is running with CompressedOops enabled, and the Java Heap may be blocking the growth of the native heap
# Possible solutions:
#   Reduce memory load on the system
#   Increase physical memory or swap space
#   Check if swap backing store is full
#   Decrease Java heap size (-Xmx/-Xms)
#   Decrease number of Java threads
#   Decrease Java thread stack sizes (-Xss)
#   Set larger code cache with -XX:ReservedCodeCacheSize=
#   JVM is running with Unscaled Compressed Oops mode in which the Java heap is
#     placed in the first 4GB address space. The Java Heap base address is the
#     maximum limit for the native heap growth. Please use -XX:HeapBaseMinAddress
#     to set the Java Heap base and to place the Java Heap above 4GB virtual address.
# This output file may be truncated or incomplete.
#
#  Out of Memory Error (./src/hotspot/os/windows/os_windows.cpp:3521), pid=2132, tid=10936
#
# JRE version: OpenJDK Runtime Environment (11.0.12+7) (build 11.0.12+7-b1504.28-7817840)
# Java VM: OpenJDK 64-Bit Server VM (11.0.12+7-b1504.28-7817840, mixed mode, tiered, compressed oops, g1 gc, windows-amd64)
# No core dump will be written. Minidumps are not enabled by default on client versions of Windows
#

---------------  S U M M A R Y ------------

Command Line: --add-opens=java.base/java.util=ALL-UNNAMED --add-opens=java.base/java.lang=ALL-UNNAMED --add-opens=java.base/java.lang.invoke=ALL-UNNAMED --add-opens=java.base/java.util=ALL-UNNAMED --add-opens=java.prefs/java.util.prefs=ALL-UNNAMED --add-opens=java.prefs/java.util.prefs=ALL-UNNAMED --add-opens=java.base/java.nio.charset=ALL-UNNAMED --add-opens=java.base/java.net=ALL-UNNAMED --add-opens=java.base/java.util.concurrent.atomic=ALL-UNNAMED -Xmx2048m -Dfile.encoding=UTF-8 -Duser.country=US -Duser.language=en -Duser.variant org.gradle.launcher.daemon.bootstrap.GradleDaemon 7.3.3

Host: Intel(R) Core(TM) i3-8100 CPU @ 3.60GHz, 4 cores, 3G,  Windows 10 , 64 bit Build 22000 (10.0.22000.708)
Time: Tue Aug 23 10:57:36 2022 India Standard Time elapsed time: 52.395177 seconds (0d 0h 0m 52s)

---------------  T H R E A D  ---------------

Current thread (0x0000016bff5b8800):  VMThread "VM Thread" [stack: 0x0000005cbc100000,0x0000005cbc200000] [id=10936]

Stack: [0x0000005cbc100000,0x0000005cbc200000]
[error occurred during error reporting (printing stack bounds), id 0xc0000005, EXCEPTION_ACCESS_VIOLATION (0xc0000005) at pc=0x0000016b8000112d]

Native frames: (J=compiled Java code, j=interpreted, Vv=VM code, C=native code)
V  [jvm.dll+0x5fbcea]
V  [jvm.dll+0x731905]
V  [jvm.dll+0x732f1d]
V  [jvm.dll+0x733535]
V  [jvm.dll+0x7334eb]
V  [jvm.dll+0x5fb080]
V  [jvm.dll+0x5fb818]
C  [ntdll.dll+0xa8fcf]
C  [ntdll.dll+0x35e9a]
C  [ntdll.dll+0xa7fde]
C  0x0000016b8000112d

VM_Operation (0x0000005cc22fddc0): G1CollectForAllocation, mode: safepoint, requested by thread 0x0000016b981b2800


---------------  P R O C E S S  ---------------

Threads class SMR info:
_java_thread_list=0x0000016b98c02270, length=93, elements={
0x0000016bf69fb800, 0x0000016bff5bd000, 0x0000016bff5c6000, 0x0000016bff61d800,
0x0000016bff61f000, 0x0000016bff620000, 0x0000016bff623000, 0x0000016bff627800,
0x0000016bff633800, 0x0000016b91143800, 0x0000016b921a3800, 0x0000016b91bbd000,
0x0000016b91e8b000, 0x0000016b92740000, 0x0000016b92811800, 0x0000016b92aaa000,
0x0000016b92aad000, 0x0000016b912e0800, 0x0000016b912e3800, 0x0000016b91b72000,
0x0000016b91b73000, 0x0000016b91b6f000, 0x0000016b91b6d000, 0x0000016b91b6e000,
0x0000016b91b70800, 0x0000016b91b73800, 0x0000016b91b6f800, 0x0000016b91b71000,
0x0000016b93402000, 0x0000016b933fd800, 0x0000016b93403000, 0x0000016b93400800,
0x0000016b93404000, 0x0000016b933fe000, 0x0000016b93401800, 0x0000016b93400000,
0x0000016b93408000, 0x0000016b93405800, 0x0000016b93407000, 0x0000016b93406800,
0x0000016b93409800, 0x0000016b93408800, 0x0000016b9340a800, 0x0000016b93404800,
0x0000016b9340b000, 0x0000016b95af4800, 0x0000016b95af7800, 0x0000016b95af5000,
0x0000016b95af9800, 0x0000016b95af3800, 0x0000016b95af6000, 0x0000016b95af8800,
0x0000016b95afb000, 0x0000016b95afc000, 0x0000016b95afa000, 0x0000016b95afc800,
0x0000016b95af7000, 0x0000016b95afd800, 0x0000016b95b02800, 0x0000016b95afe000,
0x0000016b95b00800, 0x0000016b95aff000, 0x0000016b95b01800, 0x0000016b95b00000,
0x0000016b95b07800, 0x0000016b95b04800, 0x0000016b95b09800, 0x0000016b95b05000,
0x0000016b95b08800, 0x0000016b95b07000, 0x0000016b95b03800, 0x0000016b95b0b000,
0x0000016b95b0a000, 0x0000016b95b0c000, 0x0000016b95b06000, 0x0000016b95b0f000,
0x0000016b95b12800, 0x0000016b95b0e000, 0x0000016b95b0d800, 0x0000016b95b10000,
0x0000016b95b10800, 0x0000016b95b11800, 0x0000016b981ae800, 0x0000016b981b5000,
0x0000016b981b4000, 0x0000016b981b0800, 0x0000016b981af000, 0x0000016b981b5800,
0x0000016b981b0000, 0x0000016b981b1800, 0x0000016b981b2800, 0x0000016b981b6800,
0x0000016b981b7800
}

Java Threads: ( => current thread )
  0x0000016bf69fb800 JavaThread "main" [_thread_blocked, id=5396, stack(0x0000005cbbb00000,0x0000005cbbc00000)]
  0x0000016bff5bd000 JavaThread "Reference Handler" daemon [_thread_blocked, id=8956, stack(0x0000005cbc200000,0x0000005cbc300000)]
  0x0000016bff5c6000 JavaThread "Finalizer" daemon [_thread_blocked, id=7720, stack(0x0000005cbc300000,0x0000005cbc400000)]
  0x0000016bff61d800 JavaThread "Signal Dispatcher" daemon [_thread_blocked, id=4812, stack(0x0000005cbc500000,0x0000005cbc600000)]
  0x0000016bff61f000 JavaThread "Attach Listener" daemon [_thread_blocked, id=3572, stack(0x0000005cbc600000,0x0000005cbc700000)]
  0x0000016bff620000 JavaThread "Service Thread" daemon [_thread_blocked, id=8168, stack(0x0000005cbc700000,0x0000005cbc800000)]
  0x0000016bff623000 JavaThread "C2 CompilerThread0" daemon [_thread_blocked, id=11936, stack(0x0000005cbc800000,0x0000005cbc900000)]
  0x0000016bff627800 JavaThread "C1 CompilerThread0" daemon [_thread_blocked, id=6912, stack(0x0000005cbc900000,0x0000005cbca00000)]
  0x0000016bff633800 JavaThread "Sweeper thread" daemon [_thread_blocked, id=3236, stack(0x0000005cbca00000,0x0000005cbcb00000)]
  0x0000016b91143800 JavaThread "Common-Cleaner" daemon [_thread_blocked, id=3332, stack(0x0000005cbcb00000,0x0000005cbcc00000)]
  0x0000016b921a3800 JavaThread "Daemon health stats" [_thread_blocked, id=10784, stack(0x0000005cbce00000,0x0000005cbcf00000)]
  0x0000016b91bbd000 JavaThread "Incoming local TCP Connector on port 64555" [_thread_in_native, id=6420, stack(0x0000005cbcf00000,0x0000005cbd000000)]
  0x0000016b91e8b000 JavaThread "Daemon" [_thread_blocked, id=5312, stack(0x0000005cbd000000,0x0000005cbd100000)]
  0x0000016b92740000 JavaThread "Daemon periodic checks" [_thread_blocked, id=2068, stack(0x0000005cbd100000,0x0000005cbd200000)]
  0x0000016b92811800 JavaThread "Handler for socket connection from /127.0.0.1:64555 to /127.0.0.1:64556" [_thread_in_native, id=9172, stack(0x0000005cbd200000,0x0000005cbd300000)]
  0x0000016b92aaa000 JavaThread "Cancel handler" [_thread_blocked, id=12280, stack(0x0000005cbd300000,0x0000005cbd400000)]
  0x0000016b92aad000 JavaThread "Daemon worker" [_thread_blocked, id=11200, stack(0x0000005cbd400000,0x0000005cbd500000)]
  0x0000016b912e0800 JavaThread "Asynchronous log dispatcher for DefaultDaemonConnection: socket connection from /127.0.0.1:64555 to /127.0.0.1:64556" [_thread_blocked, id=6668, stack(0x0000005cbd500000,0x0000005cbd600000)]
  0x0000016b912e3800 JavaThread "Stdin handler" [_thread_blocked, id=5168, stack(0x0000005cbd600000,0x0000005cbd700000)]
  0x0000016b91b72000 JavaThread "Daemon client event forwarder" [_thread_blocked, id=2860, stack(0x0000005cbd700000,0x0000005cbd800000)]
  0x0000016b91b73000 JavaThread "Cache worker for journal cache (C:\Users\Dell\.gradle\caches\journal-1)" [_thread_blocked, id=10688, stack(0x0000005cbda00000,0x0000005cbdb00000)]
  0x0000016b91b6f000 JavaThread "File lock request listener" [_thread_in_native, id=7652, stack(0x0000005cbdb00000,0x0000005cbdc00000)]
  0x0000016b91b6d000 JavaThread "Cache worker for file hash cache (C:\Users\Dell\.gradle\caches\7.3.3\fileHashes)" [_thread_blocked, id=5956, stack(0x0000005cbdc00000,0x0000005cbdd00000)]
  0x0000016b91b6e000 JavaThread "Cache worker for file hash cache (C:\Users\Dell\Viwall\.gradle\7.3.3\fileHashes)" [_thread_blocked, id=11712, stack(0x0000005cbde00000,0x0000005cbdf00000)]
  0x0000016b91b70800 JavaThread "File watcher server" daemon [_thread_blocked, id=9420, stack(0x0000005cbdf00000,0x0000005cbe000000)]
  0x0000016b91b73800 JavaThread "File watcher consumer" daemon [_thread_blocked, id=9880, stack(0x0000005cbe000000,0x0000005cbe100000)]
  0x0000016b91b6f800 JavaThread "Cache worker for checksums cache (C:\Users\Dell\Viwall\.gradle\7.3.3\checksums)" [_thread_blocked, id=1252, stack(0x0000005cbdd00000,0x0000005cbde00000)]
  0x0000016b91b71000 JavaThread "Cache worker for cache directory md-supplier (C:\Users\Dell\.gradle\caches\7.3.3\md-supplier)" [_thread_blocked, id=1072, stack(0x0000005cbe100000,0x0000005cbe200000)]
  0x0000016b93402000 JavaThread "Cache worker for cache directory md-rule (C:\Users\Dell\.gradle\caches\7.3.3\md-rule)" [_thread_blocked, id=2724, stack(0x0000005cbe300000,0x0000005cbe400000)]
  0x0000016b933fd800 JavaThread "Cache worker for execution history cache (C:\Users\Dell\.gradle\caches\7.3.3\executionHistory)" [_thread_blocked, id=10424, stack(0x0000005cbe400000,0x0000005cbe500000)]
  0x0000016b93403000 JavaThread "jar transforms" [_thread_blocked, id=1468, stack(0x0000005cbe500000,0x0000005cbe600000)]
  0x0000016b93400800 JavaThread "Cache worker for file content cache (C:\Users\Dell\.gradle\caches\7.3.3\fileContent)" [_thread_blocked, id=448, stack(0x0000005cbe600000,0x0000005cbe700000)]
  0x0000016b93404000 JavaThread "jar transforms Thread 2" [_thread_blocked, id=916, stack(0x0000005cbe700000,0x0000005cbe800000)]
  0x0000016b933fe000 JavaThread "Cache worker for dependencies-accessors (C:\Users\Dell\Viwall\.gradle\7.3.3\dependencies-accessors)" [_thread_blocked, id=7960, stack(0x0000005cbe800000,0x0000005cbe900000)]
  0x0000016b93401800 JavaThread "jar transforms Thread 3" [_thread_blocked, id=3396, stack(0x0000005cbe200000,0x0000005cbe300000)]
  0x0000016b93400000 JavaThread "Cache worker for Build Output Cleanup Cache (C:\Users\Dell\Viwall\.gradle\buildOutputCleanup)" [_thread_blocked, id=5144, stack(0x0000005cbe900000,0x0000005cbea00000)]
  0x0000016b93408000 JavaThread "Unconstrained build operations" [_thread_blocked, id=7648, stack(0x0000005cbeb00000,0x0000005cbec00000)]
  0x0000016b93405800 JavaThread "Unconstrained build operations Thread 2" [_thread_blocked, id=11088, stack(0x0000005cbec00000,0x0000005cbed00000)]
  0x0000016b93407000 JavaThread "Unconstrained build operations Thread 3" [_thread_blocked, id=11468, stack(0x0000005cbed00000,0x0000005cbee00000)]
  0x0000016b93406800 JavaThread "Unconstrained build operations Thread 4" [_thread_blocked, id=10748, stack(0x0000005cbee00000,0x0000005cbef00000)]
  0x0000016b93409800 JavaThread "Unconstrained build operations Thread 5" [_thread_blocked, id=9028, stack(0x0000005cbef00000,0x0000005cbf000000)]
  0x0000016b93408800 JavaThread "Unconstrained build operations Thread 6" [_thread_blocked, id=4180, stack(0x0000005cbf000000,0x0000005cbf100000)]
  0x0000016b9340a800 JavaThread "Unconstrained build operations Thread 7" [_thread_blocked, id=10696, stack(0x0000005cbf100000,0x0000005cbf200000)]
  0x0000016b93404800 JavaThread "Unconstrained build operations Thread 8" [_thread_blocked, id=5344, stack(0x0000005cbf200000,0x0000005cbf300000)]
  0x0000016b9340b000 JavaThread "Unconstrained build operations Thread 9" [_thread_blocked, id=10964, stack(0x0000005cbf300000,0x0000005cbf400000)]
  0x0000016b95af4800 JavaThread "Unconstrained build operations Thread 10" [_thread_blocked, id=2900, stack(0x0000005cbf400000,0x0000005cbf500000)]
  0x0000016b95af7800 JavaThread "Unconstrained build operations Thread 11" [_thread_blocked, id=8252, stack(0x0000005cbf500000,0x0000005cbf600000)]
  0x0000016b95af5000 JavaThread "Unconstrained build operations Thread 12" [_thread_blocked, id=4936, stack(0x0000005cbf600000,0x0000005cbf700000)]
  0x0000016b95af9800 JavaThread "Unconstrained build operations Thread 13" [_thread_blocked, id=7056, stack(0x0000005cbf700000,0x0000005cbf800000)]
  0x0000016b95af3800 JavaThread "Unconstrained build operations Thread 14" [_thread_blocked, id=1244, stack(0x0000005cbf800000,0x0000005cbf900000)]
  0x0000016b95af6000 JavaThread "Unconstrained build operations Thread 15" [_thread_blocked, id=4664, stack(0x0000005cbf900000,0x0000005cbfa00000)]
  0x0000016b95af8800 JavaThread "Unconstrained build operations Thread 16" [_thread_blocked, id=10844, stack(0x0000005cbfa00000,0x0000005cbfb00000)]
  0x0000016b95afb000 JavaThread "Unconstrained build operations Thread 17" [_thread_blocked, id=3788, stack(0x0000005cbfb00000,0x0000005cbfc00000)]
  0x0000016b95afc000 JavaThread "Unconstrained build operations Thread 18" [_thread_blocked, id=4376, stack(0x0000005cbfc00000,0x0000005cbfd00000)]
  0x0000016b95afa000 JavaThread "Unconstrained build operations Thread 19" [_thread_blocked, id=12128, stack(0x0000005cbfd00000,0x0000005cbfe00000)]
  0x0000016b95afc800 JavaThread "Unconstrained build operations Thread 20" [_thread_blocked, id=5932, stack(0x0000005cbfe00000,0x0000005cbff00000)]
  0x0000016b95af7000 JavaThread "Unconstrained build operations Thread 21" [_thread_blocked, id=11700, stack(0x0000005cbff00000,0x0000005cc0000000)]
  0x0000016b95afd800 JavaThread "Unconstrained build operations Thread 22" [_thread_blocked, id=4856, stack(0x0000005cc0000000,0x0000005cc0100000)]
  0x0000016b95b02800 JavaThread "Unconstrained build operations Thread 23" [_thread_blocked, id=4048, stack(0x0000005cc0100000,0x0000005cc0200000)]
  0x0000016b95afe000 JavaThread "Unconstrained build operations Thread 24" [_thread_blocked, id=11960, stack(0x0000005cc0200000,0x0000005cc0300000)]
  0x0000016b95b00800 JavaThread "Unconstrained build operations Thread 25" [_thread_blocked, id=8000, stack(0x0000005cc0300000,0x0000005cc0400000)]
  0x0000016b95aff000 JavaThread "Unconstrained build operations Thread 26" [_thread_blocked, id=8596, stack(0x0000005cc0400000,0x0000005cc0500000)]
  0x0000016b95b01800 JavaThread "Unconstrained build operations Thread 27" [_thread_blocked, id=8208, stack(0x0000005cc0500000,0x0000005cc0600000)]
  0x0000016b95b00000 JavaThread "Unconstrained build operations Thread 28" [_thread_blocked, id=8988, stack(0x0000005cc0600000,0x0000005cc0700000)]
  0x0000016b95b07800 JavaThread "Unconstrained build operations Thread 29" [_thread_blocked, id=7104, stack(0x0000005cc0700000,0x0000005cc0800000)]
  0x0000016b95b04800 JavaThread "Unconstrained build operations Thread 30" [_thread_blocked, id=6732, stack(0x0000005cc0800000,0x0000005cc0900000)]
  0x0000016b95b09800 JavaThread "Unconstrained build operations Thread 31" [_thread_blocked, id=8604, stack(0x0000005cc0900000,0x0000005cc0a00000)]
  0x0000016b95b05000 JavaThread "Unconstrained build operations Thread 32" [_thread_blocked, id=728, stack(0x0000005cc0a00000,0x0000005cc0b00000)]
  0x0000016b95b08800 JavaThread "Unconstrained build operations Thread 33" [_thread_blocked, id=11876, stack(0x0000005cc0b00000,0x0000005cc0c00000)]
  0x0000016b95b07000 JavaThread "Unconstrained build operations Thread 34" [_thread_blocked, id=4996, stack(0x0000005cc0c00000,0x0000005cc0d00000)]
  0x0000016b95b03800 JavaThread "Unconstrained build operations Thread 35" [_thread_blocked, id=8060, stack(0x0000005cc0d00000,0x0000005cc0e00000)]
  0x0000016b95b0b000 JavaThread "Unconstrained build operations Thread 36" [_thread_blocked, id=4920, stack(0x0000005cc0e00000,0x0000005cc0f00000)]
  0x0000016b95b0a000 JavaThread "Unconstrained build operations Thread 37" [_thread_blocked, id=9188, stack(0x0000005cc0f00000,0x0000005cc1000000)]
  0x0000016b95b0c000 JavaThread "Unconstrained build operations Thread 38" [_thread_blocked, id=4512, stack(0x0000005cc1000000,0x0000005cc1100000)]
  0x0000016b95b06000 JavaThread "Unconstrained build operations Thread 39" [_thread_blocked, id=12020, stack(0x0000005cc1100000,0x0000005cc1200000)]
  0x0000016b95b0f000 JavaThread "Unconstrained build operations Thread 40" [_thread_blocked, id=3352, stack(0x0000005cc1200000,0x0000005cc1300000)]
  0x0000016b95b12800 JavaThread "jar transforms Thread 4" [_thread_blocked, id=1564, stack(0x0000005cc1300000,0x0000005cc1400000)]
  0x0000016b95b0e000 JavaThread "Memory manager" [_thread_blocked, id=668, stack(0x0000005cc1400000,0x0000005cc1500000)]
  0x0000016b95b0d800 JavaThread "build event listener" [_thread_blocked, id=1844, stack(0x0000005cc1500000,0x0000005cc1600000)]
  0x0000016b95b10000 JavaThread "build event listener" [_thread_blocked, id=10948, stack(0x0000005cbea00000,0x0000005cbeb00000)]
  0x0000016b95b10800 JavaThread "pool-3-thread-1" [_thread_blocked, id=6684, stack(0x0000005cc1600000,0x0000005cc1700000)]
  0x0000016b95b11800 JavaThread "build event listener" [_thread_blocked, id=4204, stack(0x0000005cc1700000,0x0000005cc1800000)]
  0x0000016b981ae800 JavaThread "Execution worker for ':'" [_thread_blocked, id=1668, stack(0x0000005cc1800000,0x0000005cc1900000)]
  0x0000016b981b5000 JavaThread "Execution worker for ':' Thread 2" [_thread_blocked, id=5352, stack(0x0000005cc1900000,0x0000005cc1a00000)]
  0x0000016b981b4000 JavaThread "Execution worker for ':' Thread 3" [_thread_blocked, id=7988, stack(0x0000005cc1a00000,0x0000005cc1b00000)]
  0x0000016b981b0800 JavaThread "Cache worker for execution history cache (C:\Users\Dell\Viwall\.gradle\7.3.3\executionHistory)" [_thread_blocked, id=10900, stack(0x0000005cc1b00000,0x0000005cc1c00000)]
  0x0000016b981af000 JavaThread "WorkerExecutor Queue" [_thread_blocked, id=432, stack(0x0000005cc1e00000,0x0000005cc1f00000)]
  0x0000016b981b5800 JavaThread "WorkerExecutor Queue Thread 2" [_thread_blocked, id=4508, stack(0x0000005cc1f00000,0x0000005cc2000000)]
  0x0000016b981b0000 JavaThread "WorkerExecutor Queue Thread 3" [_thread_blocked, id=11616, stack(0x0000005cc2000000,0x0000005cc2100000)]
  0x0000016b981b1800 JavaThread "ForkJoinPool-1-worker-3" daemon [_thread_blocked, id=5216, stack(0x0000005cc2100000,0x0000005cc2200000)]
  0x0000016b981b2800 JavaThread "ForkJoinPool-1-worker-5" daemon [_thread_blocked, id=9884, stack(0x0000005cc2200000,0x0000005cc2300000)]
  0x0000016b981b6800 JavaThread "ForkJoinPool-1-worker-7" daemon [_thread_blocked, id=3908, stack(0x0000005cc2300000,0x0000005cc2400000)]
  0x0000016b981b7800 JavaThread "ForkJoinPool-1-worker-1" daemon [_thread_blocked, id=8176, stack(0x0000005cc2400000,0x0000005cc2500000)]

Other Threads:
=>0x0000016bff5b8800 VMThread "VM Thread" [stack: 0x0000005cbc100000,0x0000005cbc200000] [id=10936]
  0x0000016b9117c800 WatcherThread [stack: 0x0000005cbcc00000,0x0000005cbcd00000] [id=12248]
  0x0000016bf6a15000 GCTaskThread "GC Thread#0" [stack: 0x0000005cbbc00000,0x0000005cbbd00000] [id=8184]
  0x0000016b91498800 GCTaskThread "GC Thread#1" [stack: 0x0000005cbcd00000,0x0000005cbce00000] [id=9432]
  0x0000016b91fb1800 GCTaskThread "GC Thread#2" [stack: 0x0000005cbd800000,0x0000005cbd900000] [id=10896]
  0x0000016b91fbb000 GCTaskThread "GC Thread#3" [stack: 0x0000005cbd900000,0x0000005cbda00000] [id=11660]
  0x0000016bf6a48800 ConcurrentGCThread "G1 Main Marker" [stack: 0x0000005cbbd00000,0x0000005cbbe00000] [id=7324]
  0x0000016bf6a49800 ConcurrentGCThread "G1 Conc#0" [stack: 0x0000005cbbe00000,0x0000005cbbf00000] [id=11384]
  0x0000016bf6aa3000 ConcurrentGCThread "G1 Refine#0" [stack: 0x0000005cbbf00000,0x0000005cbc000000] [id=11952]
  0x0000016b96e36000 ConcurrentGCThread "G1 Refine#1" [stack: 0x0000005cc2500000,0x0000005cc2600000] [id=2760]
  0x0000016bf6aa6800 ConcurrentGCThread "G1 Young RemSet Sampling" [stack: 0x0000005cbc000000,0x0000005cbc100000] [id=1340]

Threads with active compile tasks:
C2 CompilerThread0  52443 12779 %     4       com.android.tools.r8.code.y1::a @ 20 (4129 bytes)

VM state:at safepoint (normal execution)

VM Mutex/Monitor currently owned by a thread:  ([mutex/lock_event])
[0x0000016bf69f8ac0] Threads_lock - owner thread: 0x0000016bff5b8800
[0x0000016bf69f6e10] Heap_lock - owner thread: 0x0000016b981b2800

Heap address: 0x0000000080000000, size: 2048 MB, Compressed Oops mode: 32-bit
Narrow klass base: 0x0000000000000000, Narrow klass shift: 3
Compressed class space size: 1073741824 Address: 0x0000000100000000

Heap:
 garbage-first heap   total 1041408K, used 264704K [0x0000000080000000, 0x0000000100000000)
  region size 1024K, 4 young (4096K), 4 survivors (4096K)
 Metaspace       used 101721K, capacity 104103K, committed 104192K, reserved 1138688K
  class space    used 13200K, capacity 14052K, committed 14080K, reserved 1048576K
Heap Regions: E=young(eden), S=young(survivor), O=old, HS=humongous(starts), HC=humongous(continues), CS=collection set, F=free, A=archive, TAMS=top-at-mark-start (previous, next)
|   0|0x0000000080000000, 0x0000000080100000, 0x0000000080100000|100%| O|  |TAMS 0x0000000080100000, 0x0000000080100000| Untracked 
|   1|0x0000000080100000, 0x0000000080200000, 0x0000000080200000|100%| O|  |TAMS 0x0000000080200000, 0x0000000080200000| Untracked 
|   2|0x0000000080200000, 0x0000000080300000, 0x0000000080300000|100%| O|  |TAMS 0x0000000080300000, 0x0000000080300000| Untracked 
|   3|0x0000000080300000, 0x0000000080400000, 0x0000000080400000|100%|HS|  |TAMS 0x0000000080400000, 0x0000000080400000| Complete 
|   4|0x0000000080400000, 0x0000000080500000, 0x0000000080500000|100%|HC|  |TAMS 0x0000000080500000, 0x0000000080500000| Complete 
|   5|0x0000000080500000, 0x0000000080600000, 0x0000000080600000|100%|HC|  |TAMS 0x0000000080600000, 0x0000000080600000| Complete 
|   6|0x0000000080600000, 0x0000000080700000, 0x0000000080700000|100%| O|  |TAMS 0x0000000080700000, 0x0000000080700000| Untracked 
|   7|0x0000000080700000, 0x0000000080800000, 0x0000000080800000|100%| O|  |TAMS 0x0000000080800000, 0x0000000080800000| Untracked 
|   8|0x0000000080800000, 0x0000000080900000, 0x0000000080900000|100%| O|  |TAMS 0x0000000080900000, 0x0000000080900000| Untracked 
|   9|0x0000000080900000, 0x0000000080a00000, 0x0000000080a00000|100%| O|  |TAMS 0x0000000080a00000, 0x0000000080a00000| Untracked 
|  10|0x0000000080a00000, 0x0000000080b00000, 0x0000000080b00000|100%| O|  |TAMS 0x0000000080b00000, 0x0000000080b00000| Untracked 
|  11|0x0000000080b00000, 0x0000000080c00000, 0x0000000080c00000|100%| O|  |TAMS 0x0000000080c00000, 0x0000000080c00000| Untracked 
|  12|0x0000000080c00000, 0x0000000080d00000, 0x0000000080d00000|100%| O|  |TAMS 0x0000000080d00000, 0x0000000080d00000| Untracked 
|  13|0x0000000080d00000, 0x0000000080e00000, 0x0000000080e00000|100%| O|  |TAMS 0x0000000080e00000, 0x0000000080e00000| Untracked 
|  14|0x0000000080e00000, 0x0000000080f00000, 0x0000000080f00000|100%| O|  |TAMS 0x0000000080f00000, 0x0000000080f00000| Untracked 
|  15|0x0000000080f00000, 0x0000000081000000, 0x0000000081000000|100%| O|  |TAMS 0x0000000081000000, 0x0000000081000000| Untracked 
|  16|0x0000000081000000, 0x0000000081100000, 0x0000000081100000|100%| O|  |TAMS 0x0000000081100000, 0x0000000081100000| Untracked 
|  17|0x0000000081100000, 0x0000000081200000, 0x0000000081200000|100%| O|  |TAMS 0x0000000081200000, 0x0000000081200000| Untracked 
|  18|0x0000000081200000, 0x0000000081300000, 0x0000000081300000|100%| O|  |TAMS 0x0000000081300000, 0x0000000081300000| Untracked 
|  19|0x0000000081300000, 0x0000000081400000, 0x0000000081400000|100%| O|  |TAMS 0x0000000081400000, 0x0000000081400000| Untracked 
|  20|0x0000000081400000, 0x0000000081500000, 0x0000000081500000|100%| O|  |TAMS 0x0000000081500000, 0x0000000081500000| Untracked 
|  21|0x0000000081500000, 0x0000000081600000, 0x0000000081600000|100%| O|  |TAMS 0x0000000081600000, 0x0000000081600000| Untracked 
|  22|0x0000000081600000, 0x0000000081700000, 0x0000000081700000|100%| O|  |TAMS 0x0000000081700000, 0x0000000081700000| Untracked 
|  23|0x0000000081700000, 0x0000000081800000, 0x0000000081800000|100%| O|  |TAMS 0x0000000081800000, 0x0000000081800000| Untracked 
|  24|0x0000000081800000, 0x0000000081900000, 0x0000000081900000|100%| O|  |TAMS 0x0000000081900000, 0x0000000081900000| Untracked 
|  25|0x0000000081900000, 0x0000000081a00000, 0x0000000081a00000|100%| O|  |TAMS 0x0000000081a00000, 0x0000000081a00000| Untracked 
|  26|0x0000000081a00000, 0x0000000081b00000, 0x0000000081b00000|100%| O|  |TAMS 0x0000000081b00000, 0x0000000081b00000| Untracked 
|  27|0x0000000081b00000, 0x0000000081c00000, 0x0000000081c00000|100%| O|  |TAMS 0x0000000081c00000, 0x0000000081c00000| Untracked 
|  28|0x0000000081c00000, 0x0000000081d00000, 0x0000000081d00000|100%| O|  |TAMS 0x0000000081d00000, 0x0000000081d00000| Untracked 
|  29|0x0000000081d00000, 0x0000000081e00000, 0x0000000081e00000|100%| O|  |TAMS 0x0000000081e00000, 0x0000000081e00000| Untracked 
|  30|0x0000000081e00000, 0x0000000081f00000, 0x0000000081f00000|100%| O|  |TAMS 0x0000000081f00000, 0x0000000081f00000| Untracked 
|  31|0x0000000081f00000, 0x0000000082000000, 0x0000000082000000|100%| O|  |TAMS 0x0000000082000000, 0x0000000082000000| Untracked 
|  32|0x0000000082000000, 0x0000000082100000, 0x0000000082100000|100%|HS|  |TAMS 0x0000000082100000, 0x0000000082100000| Complete 
|  33|0x0000000082100000, 0x0000000082200000, 0x0000000082200000|100%|HS|  |TAMS 0x0000000082200000, 0x0000000082200000| Complete 
|  34|0x0000000082200000, 0x0000000082300000, 0x0000000082300000|100%|HS|  |TAMS 0x0000000082300000, 0x0000000082300000| Complete 
|  35|0x0000000082300000, 0x0000000082400000, 0x0000000082400000|100%| O|  |TAMS 0x0000000082400000, 0x0000000082400000| Untracked 
|  36|0x0000000082400000, 0x0000000082500000, 0x0000000082500000|100%| O|  |TAMS 0x0000000082500000, 0x0000000082500000| Untracked 
|  37|0x0000000082500000, 0x0000000082600000, 0x0000000082600000|100%| O|  |TAMS 0x0000000082600000, 0x0000000082600000| Untracked 
|  38|0x0000000082600000, 0x0000000082700000, 0x0000000082700000|100%|HS|  |TAMS 0x0000000082700000, 0x0000000082700000| Complete 
|  39|0x0000000082700000, 0x0000000082800000, 0x0000000082800000|100%|HC|  |TAMS 0x0000000082800000, 0x0000000082800000| Complete 
|  40|0x0000000082800000, 0x0000000082900000, 0x0000000082900000|100%|HC|  |TAMS 0x0000000082900000, 0x0000000082900000| Complete 
|  41|0x0000000082900000, 0x0000000082a00000, 0x0000000082a00000|100%| O|  |TAMS 0x0000000082a00000, 0x0000000082a00000| Untracked 
|  42|0x0000000082a00000, 0x0000000082b00000, 0x0000000082b00000|100%|HS|  |TAMS 0x0000000082b00000, 0x0000000082b00000| Complete 
|  43|0x0000000082b00000, 0x0000000082c00000, 0x0000000082c00000|100%|HC|  |TAMS 0x0000000082c00000, 0x0000000082c00000| Complete 
|  44|0x0000000082c00000, 0x0000000082d00000, 0x0000000082d00000|100%| O|  |TAMS 0x0000000082d00000, 0x0000000082d00000| Untracked 
|  45|0x0000000082d00000, 0x0000000082e00000, 0x0000000082e00000|100%| O|  |TAMS 0x0000000082e00000, 0x0000000082e00000| Untracked 
|  46|0x0000000082e00000, 0x0000000082f00000, 0x0000000082f00000|100%| O|  |TAMS 0x0000000082f00000, 0x0000000082f00000| Untracked 
|  47|0x0000000082f00000, 0x0000000083000000, 0x0000000083000000|100%| O|  |TAMS 0x0000000083000000, 0x0000000083000000| Untracked 
|  48|0x0000000083000000, 0x0000000083100000, 0x0000000083100000|100%| O|  |TAMS 0x0000000083100000, 0x0000000083100000| Untracked 
|  49|0x0000000083100000, 0x0000000083200000, 0x0000000083200000|100%| O|  |TAMS 0x0000000083200000, 0x0000000083200000| Untracked 
|  50|0x0000000083200000, 0x0000000083300000, 0x0000000083300000|100%| O|  |TAMS 0x0000000083300000, 0x0000000083300000| Untracked 
|  51|0x0000000083300000, 0x0000000083400000, 0x0000000083400000|100%| O|  |TAMS 0x0000000083400000, 0x0000000083400000| Untracked 
|  52|0x0000000083400000, 0x0000000083500000, 0x0000000083500000|100%| O|  |TAMS 0x0000000083500000, 0x0000000083500000| Untracked 
|  53|0x0000000083500000, 0x0000000083600000, 0x0000000083600000|100%| O|  |TAMS 0x0000000083600000, 0x0000000083600000| Untracked 
|  54|0x0000000083600000, 0x0000000083700000, 0x0000000083700000|100%| O|  |TAMS 0x0000000083700000, 0x0000000083700000| Untracked 
|  55|0x0000000083700000, 0x0000000083800000, 0x0000000083800000|100%| O|  |TAMS 0x0000000083800000, 0x0000000083800000| Untracked 
|  56|0x0000000083800000, 0x0000000083900000, 0x0000000083900000|100%| O|  |TAMS 0x0000000083900000, 0x0000000083900000| Untracked 
|  57|0x0000000083900000, 0x0000000083a00000, 0x0000000083a00000|100%| O|  |TAMS 0x0000000083a00000, 0x0000000083a00000| Untracked 
|  58|0x0000000083a00000, 0x0000000083b00000, 0x0000000083b00000|100%| O|  |TAMS 0x0000000083b00000, 0x0000000083b00000| Untracked 
|  59|0x0000000083b00000, 0x0000000083c00000, 0x0000000083c00000|100%| O|  |TAMS 0x0000000083c00000, 0x0000000083c00000| Untracked 
|  60|0x0000000083c00000, 0x0000000083d00000, 0x0000000083d00000|100%| O|  |TAMS 0x0000000083d00000, 0x0000000083d00000| Untracked 
|  61|0x0000000083d00000, 0x0000000083e00000, 0x0000000083e00000|100%| O|  |TAMS 0x0000000083e00000, 0x0000000083e00000| Untracked 
|  62|0x0000000083e00000, 0x0000000083f00000, 0x0000000083f00000|100%| O|  |TAMS 0x0000000083f00000, 0x0000000083f00000| Untracked 
|  63|0x0000000083f00000, 0x0000000084000000, 0x0000000084000000|100%| O|  |TAMS 0x0000000084000000, 0x0000000084000000| Untracked 
|  64|0x0000000084000000, 0x0000000084100000, 0x0000000084100000|100%| O|  |TAMS 0x0000000084100000, 0x0000000084100000| Untracked 
|  65|0x0000000084100000, 0x0000000084200000, 0x0000000084200000|100%| O|  |TAMS 0x0000000084200000, 0x0000000084200000| Untracked 
|  66|0x0000000084200000, 0x0000000084300000, 0x0000000084300000|100%| O|  |TAMS 0x0000000084300000, 0x0000000084300000| Untracked 
|  67|0x0000000084300000, 0x0000000084400000, 0x0000000084400000|100%| O|  |TAMS 0x0000000084400000, 0x0000000084400000| Untracked 
|  68|0x0000000084400000, 0x0000000084500000, 0x0000000084500000|100%| O|  |TAMS 0x0000000084500000, 0x0000000084500000| Untracked 
|  69|0x0000000084500000, 0x0000000084600000, 0x0000000084600000|100%| O|  |TAMS 0x0000000084600000, 0x0000000084600000| Untracked 
|  70|0x0000000084600000, 0x0000000084700000, 0x0000000084700000|100%| O|  |TAMS 0x0000000084700000, 0x0000000084700000| Untracked 
|  71|0x0000000084700000, 0x0000000084800000, 0x0000000084800000|100%| O|  |TAMS 0x0000000084800000, 0x0000000084800000| Untracked 
|  72|0x0000000084800000, 0x0000000084900000, 0x0000000084900000|100%| O|  |TAMS 0x0000000084900000, 0x0000000084900000| Untracked 
|  73|0x0000000084900000, 0x0000000084a00000, 0x0000000084a00000|100%| O|  |TAMS 0x0000000084a00000, 0x0000000084a00000| Untracked 
|  74|0x0000000084a00000, 0x0000000084b00000, 0x0000000084b00000|100%| O|  |TAMS 0x0000000084b00000, 0x0000000084b00000| Untracked 
|  75|0x0000000084b00000, 0x0000000084c00000, 0x0000000084c00000|100%| O|  |TAMS 0x0000000084c00000, 0x0000000084c00000| Untracked 
|  76|0x0000000084c00000, 0x0000000084d00000, 0x0000000084d00000|100%| O|  |TAMS 0x0000000084d00000, 0x0000000084d00000| Untracked 
|  77|0x0000000084d00000, 0x0000000084e00000, 0x0000000084e00000|100%| O|  |TAMS 0x0000000084e00000, 0x0000000084e00000| Untracked 
|  78|0x0000000084e00000, 0x0000000084f00000, 0x0000000084f00000|100%| O|  |TAMS 0x0000000084f00000, 0x0000000084f00000| Untracked 
|  79|0x0000000084f00000, 0x0000000085000000, 0x0000000085000000|100%| O|  |TAMS 0x0000000085000000, 0x0000000085000000| Untracked 
|  80|0x0000000085000000, 0x0000000085100000, 0x0000000085100000|100%| O|  |TAMS 0x0000000085100000, 0x0000000085100000| Untracked 
|  81|0x0000000085100000, 0x0000000085200000, 0x0000000085200000|100%| O|  |TAMS 0x0000000085200000, 0x0000000085200000| Untracked 
|  82|0x0000000085200000, 0x0000000085300000, 0x0000000085300000|100%| O|  |TAMS 0x0000000085300000, 0x0000000085300000| Untracked 
|  83|0x0000000085300000, 0x0000000085400000, 0x0000000085400000|100%| O|  |TAMS 0x0000000085400000, 0x0000000085400000| Untracked 
|  84|0x0000000085400000, 0x0000000085500000, 0x0000000085500000|100%| O|  |TAMS 0x0000000085500000, 0x0000000085500000| Untracked 
|  85|0x0000000085500000, 0x0000000085600000, 0x0000000085600000|100%| O|  |TAMS 0x0000000085600000, 0x0000000085600000| Untracked 
|  86|0x0000000085600000, 0x0000000085700000, 0x0000000085700000|100%| O|  |TAMS 0x0000000085700000, 0x0000000085700000| Untracked 
|  87|0x0000000085700000, 0x0000000085800000, 0x0000000085800000|100%| O|  |TAMS 0x0000000085800000, 0x0000000085800000| Untracked 
|  88|0x0000000085800000, 0x0000000085900000, 0x0000000085900000|100%| O|  |TAMS 0x0000000085900000, 0x0000000085900000| Untracked 
|  89|0x0000000085900000, 0x0000000085a00000, 0x0000000085a00000|100%| O|  |TAMS 0x0000000085a00000, 0x0000000085a00000| Untracked 
|  90|0x0000000085a00000, 0x0000000085b00000, 0x0000000085b00000|100%| O|  |TAMS 0x0000000085b00000, 0x0000000085b00000| Untracked 
|  91|0x0000000085b00000, 0x0000000085c00000, 0x0000000085c00000|100%| O|  |TAMS 0x0000000085c00000, 0x0000000085c00000| Untracked 
|  92|0x0000000085c00000, 0x0000000085d00000, 0x0000000085d00000|100%| O|  |TAMS 0x0000000085d00000, 0x0000000085d00000| Untracked 
|  93|0x0000000085d00000, 0x0000000085e00000, 0x0000000085e00000|100%| O|  |TAMS 0x0000000085e00000, 0x0000000085e00000| Untracked 
|  94|0x0000000085e00000, 0x0000000085f00000, 0x0000000085f00000|100%| O|  |TAMS 0x0000000085f00000, 0x0000000085f00000| Untracked 
|  95|0x0000000085f00000, 0x0000000086000000, 0x0000000086000000|100%| O|  |TAMS 0x0000000086000000, 0x0000000086000000| Untracked 
|  96|0x0000000086000000, 0x0000000086100000, 0x0000000086100000|100%|HS|  |TAMS 0x0000000086100000, 0x0000000086100000| Complete 
|  97|0x0000000086100000, 0x0000000086200000, 0x0000000086200000|100%|HC|  |TAMS 0x0000000086200000, 0x0000000086200000| Complete 
|  98|0x0000000086200000, 0x0000000086300000, 0x0000000086300000|100%|HC|  |TAMS 0x0000000086300000, 0x0000000086300000| Complete 
|  99|0x0000000086300000, 0x0000000086400000, 0x0000000086400000|100%|HC|  |TAMS 0x0000000086400000, 0x0000000086400000| Complete 
| 100|0x0000000086400000, 0x0000000086500000, 0x0000000086500000|100%|HC|  |TAMS 0x0000000086500000, 0x0000000086500000| Complete 
| 101|0x0000000086500000, 0x0000000086600000, 0x0000000086600000|100%|HC|  |TAMS 0x0000000086600000, 0x0000000086600000| Complete 
| 102|0x0000000086600000, 0x0000000086700000, 0x0000000086700000|100%|HC|  |TAMS 0x0000000086700000, 0x0000000086700000| Complete 
| 103|0x0000000086700000, 0x0000000086800000, 0x0000000086800000|100%|HC|  |TAMS 0x0000000086800000, 0x0000000086800000| Complete 
| 104|0x0000000086800000, 0x0000000086900000, 0x0000000086900000|100%|HC|  |TAMS 0x0000000086900000, 0x0000000086900000| Complete 
| 105|0x0000000086900000, 0x0000000086a00000, 0x0000000086a00000|100%|HS|  |TAMS 0x0000000086a00000, 0x0000000086a00000| Complete 
| 106|0x0000000086a00000, 0x0000000086b00000, 0x0000000086b00000|100%|HC|  |TAMS 0x0000000086b00000, 0x0000000086b00000| Complete 
| 107|0x0000000086b00000, 0x0000000086c00000, 0x0000000086c00000|100%|HC|  |TAMS 0x0000000086c00000, 0x0000000086c00000| Complete 
| 108|0x0000000086c00000, 0x0000000086d00000, 0x0000000086d00000|100%|HC|  |TAMS 0x0000000086d00000, 0x0000000086d00000| Complete 
| 109|0x0000000086d00000, 0x0000000086e00000, 0x0000000086e00000|100%|HC|  |TAMS 0x0000000086e00000, 0x0000000086e00000| Complete 
| 110|0x0000000086e00000, 0x0000000086f00000, 0x0000000086f00000|100%|HC|  |TAMS 0x0000000086f00000, 0x0000000086f00000| Complete 
| 111|0x0000000086f00000, 0x0000000087000000, 0x0000000087000000|100%|HC|  |TAMS 0x0000000087000000, 0x0000000087000000| Complete 
| 112|0x0000000087000000, 0x0000000087100000, 0x0000000087100000|100%|HC|  |TAMS 0x0000000087100000, 0x0000000087100000| Complete 
| 113|0x0000000087100000, 0x0000000087200000, 0x0000000087200000|100%| O|  |TAMS 0x0000000087200000, 0x0000000087200000| Untracked 
| 114|0x0000000087200000, 0x0000000087300000, 0x0000000087300000|100%| O|  |TAMS 0x0000000087300000, 0x0000000087300000| Untracked 
| 115|0x0000000087300000, 0x0000000087400000, 0x0000000087400000|100%| O|  |TAMS 0x0000000087400000, 0x0000000087400000| Untracked 
| 116|0x0000000087400000, 0x0000000087500000, 0x0000000087500000|100%|HS|  |TAMS 0x0000000087500000, 0x0000000087500000| Complete 
| 117|0x0000000087500000, 0x0000000087600000, 0x0000000087600000|100%| O|  |TAMS 0x0000000087600000, 0x0000000087600000| Untracked 
| 118|0x0000000087600000, 0x0000000087700000, 0x0000000087700000|100%| O|  |TAMS 0x0000000087700000, 0x0000000087700000| Untracked 
| 119|0x0000000087700000, 0x0000000087800000, 0x0000000087800000|100%| O|  |TAMS 0x0000000087800000, 0x0000000087800000| Untracked 
| 120|0x0000000087800000, 0x0000000087900000, 0x0000000087900000|100%| O|  |TAMS 0x0000000087900000, 0x0000000087900000| Untracked 
| 121|0x0000000087900000, 0x0000000087a00000, 0x0000000087a00000|100%| O|  |TAMS 0x0000000087a00000, 0x0000000087a00000| Untracked 
| 122|0x0000000087a00000, 0x0000000087b00000, 0x0000000087b00000|100%| O|  |TAMS 0x0000000087b00000, 0x0000000087b00000| Untracked 
| 123|0x0000000087b00000, 0x0000000087c00000, 0x0000000087c00000|100%| O|  |TAMS 0x0000000087c00000, 0x0000000087c00000| Untracked 
| 124|0x0000000087c00000, 0x0000000087d00000, 0x0000000087d00000|100%| O|  |TAMS 0x0000000087d00000, 0x0000000087d00000| Untracked 
| 125|0x0000000087d00000, 0x0000000087e00000, 0x0000000087e00000|100%| O|  |TAMS 0x0000000087e00000, 0x0000000087e00000| Untracked 
| 126|0x0000000087e00000, 0x0000000087f00000, 0x0000000087f00000|100%| O|  |TAMS 0x0000000087f00000, 0x0000000087f00000| Untracked 
| 127|0x0000000087f00000, 0x0000000088000000, 0x0000000088000000|100%| O|  |TAMS 0x0000000088000000, 0x0000000088000000| Untracked 
| 128|0x0000000088000000, 0x0000000088100000, 0x0000000088100000|100%| O|  |TAMS 0x0000000088100000, 0x0000000088100000| Untracked 
| 129|0x0000000088100000, 0x0000000088200000, 0x0000000088200000|100%| O|  |TAMS 0x0000000088200000, 0x0000000088200000| Untracked 
| 130|0x0000000088200000, 0x0000000088300000, 0x0000000088300000|100%| O|  |TAMS 0x0000000088300000, 0x0000000088300000| Untracked 
| 131|0x0000000088300000, 0x0000000088400000, 0x0000000088400000|100%| O|  |TAMS 0x0000000088400000, 0x0000000088400000| Untracked 
| 132|0x0000000088400000, 0x0000000088500000, 0x0000000088500000|100%| O|  |TAMS 0x0000000088500000, 0x0000000088500000| Untracked 
| 133|0x0000000088500000, 0x0000000088600000, 0x0000000088600000|100%| O|  |TAMS 0x0000000088600000, 0x0000000088600000| Untracked 
| 134|0x0000000088600000, 0x0000000088700000, 0x0000000088700000|100%|HS|  |TAMS 0x0000000088700000, 0x0000000088700000| Complete 
| 135|0x0000000088700000, 0x0000000088800000, 0x0000000088800000|100%| O|  |TAMS 0x0000000088800000, 0x0000000088800000| Untracked 
| 136|0x0000000088800000, 0x0000000088900000, 0x0000000088900000|100%| O|  |TAMS 0x0000000088900000, 0x0000000088900000| Untracked 
| 137|0x0000000088900000, 0x0000000088a00000, 0x0000000088a00000|100%| O|  |TAMS 0x0000000088a00000, 0x0000000088a00000| Untracked 
| 138|0x0000000088a00000, 0x0000000088b00000, 0x0000000088b00000|100%| O|  |TAMS 0x0000000088b00000, 0x0000000088b00000| Untracked 
| 139|0x0000000088b00000, 0x0000000088c00000, 0x0000000088c00000|100%| O|  |TAMS 0x0000000088c00000, 0x0000000088c00000| Untracked 
| 140|0x0000000088c00000, 0x0000000088d00000, 0x0000000088d00000|100%|HS|  |TAMS 0x0000000088d00000, 0x0000000088d00000| Complete 
| 141|0x0000000088d00000, 0x0000000088e00000, 0x0000000088e00000|100%|HC|  |TAMS 0x0000000088e00000, 0x0000000088e00000| Complete 
| 142|0x0000000088e00000, 0x0000000088f00000, 0x0000000088f00000|100%|HC|  |TAMS 0x0000000088f00000, 0x0000000088f00000| Complete 
| 143|0x0000000088f00000, 0x0000000089000000, 0x0000000089000000|100%|HC|  |TAMS 0x0000000089000000, 0x0000000089000000| Complete 
| 144|0x0000000089000000, 0x0000000089100000, 0x0000000089100000|100%|HC|  |TAMS 0x0000000089100000, 0x0000000089100000| Complete 
| 145|0x0000000089100000, 0x0000000089200000, 0x0000000089200000|100%|HC|  |TAMS 0x0000000089200000, 0x0000000089200000| Complete 
| 146|0x0000000089200000, 0x0000000089300000, 0x0000000089300000|100%|HC|  |TAMS 0x0000000089300000, 0x0000000089300000| Complete 
| 147|0x0000000089300000, 0x0000000089400000, 0x0000000089400000|100%|HC|  |TAMS 0x0000000089400000, 0x0000000089400000| Complete 
| 148|0x0000000089400000, 0x0000000089500000, 0x0000000089500000|100%|HC|  |TAMS 0x0000000089500000, 0x0000000089500000| Complete 
| 149|0x0000000089500000, 0x0000000089600000, 0x0000000089600000|100%| O|  |TAMS 0x0000000089600000, 0x0000000089600000| Untracked 
| 150|0x0000000089600000, 0x0000000089700000, 0x0000000089700000|100%|HS|  |TAMS 0x0000000089600000, 0x0000000089700000| Complete 
| 151|0x0000000089700000, 0x0000000089800000, 0x0000000089800000|100%|HC|  |TAMS 0x0000000089700000, 0x0000000089800000| Complete 
| 152|0x0000000089800000, 0x0000000089900000, 0x0000000089900000|100%| O|  |TAMS 0x0000000089800000, 0x0000000089900000| Untracked 
| 153|0x0000000089900000, 0x0000000089a00000, 0x0000000089a00000|100%| O|  |TAMS 0x0000000089900000, 0x0000000089a00000| Untracked 
| 154|0x0000000089a00000, 0x0000000089b00000, 0x0000000089b00000|100%| O|  |TAMS 0x0000000089a00000, 0x0000000089b00000| Untracked 
| 155|0x0000000089b00000, 0x0000000089c00000, 0x0000000089c00000|100%| O|  |TAMS 0x0000000089b00000, 0x0000000089c00000| Untracked 
| 156|0x0000000089c00000, 0x0000000089d00000, 0x0000000089d00000|100%| O|  |TAMS 0x0000000089c00000, 0x0000000089d00000| Untracked 
| 157|0x0000000089d00000, 0x0000000089e00000, 0x0000000089e00000|100%|HS|  |TAMS 0x0000000089d00000, 0x0000000089e00000| Complete 
| 158|0x0000000089e00000, 0x0000000089f00000, 0x0000000089f00000|100%|HS|  |TAMS 0x0000000089e00000, 0x0000000089f00000| Complete 
| 159|0x0000000089f00000, 0x000000008a000000, 0x000000008a000000|100%|HC|  |TAMS 0x0000000089f00000, 0x000000008a000000| Complete 
| 160|0x000000008a000000, 0x000000008a100000, 0x000000008a100000|100%| O|  |TAMS 0x000000008a000000, 0x000000008a100000| Untracked 
| 161|0x000000008a100000, 0x000000008a200000, 0x000000008a200000|100%| O|  |TAMS 0x000000008a100000, 0x000000008a200000| Untracked 
| 162|0x000000008a200000, 0x000000008a300000, 0x000000008a300000|100%| O|  |TAMS 0x000000008a200000, 0x000000008a300000| Untracked 
| 163|0x000000008a300000, 0x000000008a400000, 0x000000008a400000|100%| O|  |TAMS 0x000000008a300000, 0x000000008a400000| Untracked 
| 164|0x000000008a400000, 0x000000008a500000, 0x000000008a500000|100%|HS|  |TAMS 0x000000008a500000, 0x000000008a500000| Complete 
| 165|0x000000008a500000, 0x000000008a600000, 0x000000008a600000|100%|HC|  |TAMS 0x000000008a600000, 0x000000008a600000| Complete 
| 166|0x000000008a600000, 0x000000008a700000, 0x000000008a700000|100%|HC|  |TAMS 0x000000008a700000, 0x000000008a700000| Complete 
| 167|0x000000008a700000, 0x000000008a800000, 0x000000008a800000|100%|HC|  |TAMS 0x000000008a800000, 0x000000008a800000| Complete 
| 168|0x000000008a800000, 0x000000008a900000, 0x000000008a900000|100%|HC|  |TAMS 0x000000008a900000, 0x000000008a900000| Complete 
| 169|0x000000008a900000, 0x000000008aa00000, 0x000000008aa00000|100%|HC|  |TAMS 0x000000008aa00000, 0x000000008aa00000| Complete 
| 170|0x000000008aa00000, 0x000000008ab00000, 0x000000008ab00000|100%|HC|  |TAMS 0x000000008ab00000, 0x000000008ab00000| Complete 
| 171|0x000000008ab00000, 0x000000008ac00000, 0x000000008ac00000|100%|HC|  |TAMS 0x000000008ac00000, 0x000000008ac00000| Complete 
| 172|0x000000008ac00000, 0x000000008ad00000, 0x000000008ad00000|100%| O|  |TAMS 0x000000008ac00000, 0x000000008ad00000| Untracked 
| 173|0x000000008ad00000, 0x000000008ae00000, 0x000000008ae00000|100%| O|  |TAMS 0x000000008ae00000, 0x000000008ae00000| Untracked 
| 174|0x000000008ae00000, 0x000000008af00000, 0x000000008af00000|100%| O|  |TAMS 0x000000008af00000, 0x000000008af00000| Untracked 
| 175|0x000000008af00000, 0x000000008b000000, 0x000000008b000000|100%| O|  |TAMS 0x000000008af00000, 0x000000008b000000| Untracked 
| 176|0x000000008b000000, 0x000000008b100000, 0x000000008b100000|100%| O|  |TAMS 0x000000008b000000, 0x000000008b100000| Untracked 
| 177|0x000000008b100000, 0x000000008b200000, 0x000000008b200000|100%| O|  |TAMS 0x000000008b100000, 0x000000008b200000| Untracked 
| 178|0x000000008b200000, 0x000000008b300000, 0x000000008b300000|100%| O|  |TAMS 0x000000008b200000, 0x000000008b300000| Untracked 
| 179|0x000000008b300000, 0x000000008b400000, 0x000000008b400000|100%| O|  |TAMS 0x000000008b300000, 0x000000008b400000| Untracked 
| 180|0x000000008b400000, 0x000000008b500000, 0x000000008b500000|100%| O|  |TAMS 0x000000008b400000, 0x000000008b500000| Untracked 
| 181|0x000000008b500000, 0x000000008b600000, 0x000000008b600000|100%| O|  |TAMS 0x000000008b500000, 0x000000008b600000| Untracked 
| 182|0x000000008b600000, 0x000000008b700000, 0x000000008b700000|100%| O|  |TAMS 0x000000008b600000, 0x000000008b700000| Untracked 
| 183|0x000000008b700000, 0x000000008b800000, 0x000000008b800000|100%| O|  |TAMS 0x000000008b700000, 0x000000008b800000| Untracked 
| 184|0x000000008b800000, 0x000000008b900000, 0x000000008b900000|100%| O|  |TAMS 0x000000008b800000, 0x000000008b900000| Untracked 
| 185|0x000000008b900000, 0x000000008ba00000, 0x000000008ba00000|100%| O|  |TAMS 0x000000008b900000, 0x000000008ba00000| Untracked 
| 186|0x000000008ba00000, 0x000000008bb00000, 0x000000008bb00000|100%| O|  |TAMS 0x000000008ba00000, 0x000000008bb00000| Untracked 
| 187|0x000000008bb00000, 0x000000008bc00000, 0x000000008bc00000|100%| O|  |TAMS 0x000000008bb00000, 0x000000008bc00000| Untracked 
| 188|0x000000008bc00000, 0x000000008bd00000, 0x000000008bd00000|100%| O|  |TAMS 0x000000008bc00000, 0x000000008bd00000| Untracked 
| 189|0x000000008bd00000, 0x000000008be00000, 0x000000008be00000|100%| O|  |TAMS 0x000000008bd00000, 0x000000008be00000| Untracked 
| 190|0x000000008be00000, 0x000000008bf00000, 0x000000008bf00000|100%| O|  |TAMS 0x000000008be00000, 0x000000008bf00000| Untracked 
| 191|0x000000008bf00000, 0x000000008c000000, 0x000000008c000000|100%| O|  |TAMS 0x000000008bf00000, 0x000000008c000000| Untracked 
| 192|0x000000008c000000, 0x000000008c100000, 0x000000008c100000|100%| O|  |TAMS 0x000000008c000000, 0x000000008c100000| Untracked 
| 193|0x000000008c100000, 0x000000008c200000, 0x000000008c200000|100%| O|  |TAMS 0x000000008c100000, 0x000000008c200000| Untracked 
| 194|0x000000008c200000, 0x000000008c300000, 0x000000008c300000|100%| O|  |TAMS 0x000000008c200000, 0x000000008c300000| Untracked 
| 195|0x000000008c300000, 0x000000008c400000, 0x000000008c400000|100%| O|  |TAMS 0x000000008c300000, 0x000000008c400000| Untracked 
| 196|0x000000008c400000, 0x000000008c500000, 0x000000008c500000|100%| O|  |TAMS 0x000000008c400000, 0x000000008c500000| Untracked 
| 197|0x000000008c500000, 0x000000008c600000, 0x000000008c600000|100%| O|  |TAMS 0x000000008c500000, 0x000000008c600000| Untracked 
| 198|0x000000008c600000, 0x000000008c700000, 0x000000008c700000|100%| O|  |TAMS 0x000000008c600000, 0x000000008c700000| Untracked 
| 199|0x000000008c700000, 0x000000008c800000, 0x000000008c800000|100%| O|  |TAMS 0x000000008c700000, 0x000000008c800000| Untracked 
| 200|0x000000008c800000, 0x000000008c900000, 0x000000008c900000|100%| O|  |TAMS 0x000000008c800000, 0x000000008c900000| Untracked 
| 201|0x000000008c900000, 0x000000008ca00000, 0x000000008ca00000|100%| O|  |TAMS 0x000000008c900000, 0x000000008ca00000| Untracked 
| 202|0x000000008ca00000, 0x000000008cb00000, 0x000000008cb00000|100%| O|  |TAMS 0x000000008ca00000, 0x000000008cb00000| Untracked 
| 203|0x000000008cb00000, 0x000000008cc00000, 0x000000008cc00000|100%| O|  |TAMS 0x000000008cb00000, 0x000000008cc00000| Untracked 
| 204|0x000000008cc00000, 0x000000008cd00000, 0x000000008cd00000|100%| O|  |TAMS 0x000000008cc00000, 0x000000008cd00000| Untracked 
| 205|0x000000008cd00000, 0x000000008ce00000, 0x000000008ce00000|100%| O|  |TAMS 0x000000008cd00000, 0x000000008ce00000| Untracked 
| 206|0x000000008ce00000, 0x000000008cf00000, 0x000000008cf00000|100%| O|  |TAMS 0x000000008ce00000, 0x000000008cf00000| Untracked 
| 207|0x000000008cf00000, 0x000000008d000000, 0x000000008d000000|100%| O|  |TAMS 0x000000008cf00000, 0x000000008d000000| Untracked 
| 208|0x000000008d000000, 0x000000008d100000, 0x000000008d100000|100%| O|  |TAMS 0x000000008d000000, 0x000000008d100000| Untracked 
| 209|0x000000008d100000, 0x000000008d200000, 0x000000008d200000|100%| O|  |TAMS 0x000000008d100000, 0x000000008d200000| Untracked 
| 210|0x000000008d200000, 0x000000008d300000, 0x000000008d300000|100%| O|  |TAMS 0x000000008d200000, 0x000000008d300000| Untracked 
| 211|0x000000008d300000, 0x000000008d400000, 0x000000008d400000|100%| O|  |TAMS 0x000000008d300000, 0x000000008d400000| Untracked 
| 212|0x000000008d400000, 0x000000008d500000, 0x000000008d500000|100%| O|  |TAMS 0x000000008d400000, 0x000000008d500000| Untracked 
| 213|0x000000008d500000, 0x000000008d600000, 0x000000008d600000|100%| O|  |TAMS 0x000000008d500000, 0x000000008d600000| Untracked 
| 214|0x000000008d600000, 0x000000008d700000, 0x000000008d700000|100%| O|  |TAMS 0x000000008d600000, 0x000000008d700000| Untracked 
| 215|0x000000008d700000, 0x000000008d800000, 0x000000008d800000|100%| O|  |TAMS 0x000000008d700000, 0x000000008d800000| Untracked 
| 216|0x000000008d800000, 0x000000008d900000, 0x000000008d900000|100%| O|  |TAMS 0x000000008d800000, 0x000000008d900000| Untracked 
| 217|0x000000008d900000, 0x000000008da00000, 0x000000008da00000|100%|HS|  |TAMS 0x000000008d900000, 0x000000008d900000| Complete 
| 218|0x000000008da00000, 0x000000008db00000, 0x000000008db00000|100%|HS|  |TAMS 0x000000008da00000, 0x000000008da00000| Complete 
| 219|0x000000008db00000, 0x000000008dc00000, 0x000000008dc00000|100%| O|  |TAMS 0x000000008db00000, 0x000000008db00000| Untracked 
| 220|0x000000008dc00000, 0x000000008dd00000, 0x000000008dd00000|100%| O|  |TAMS 0x000000008dc00000, 0x000000008dc00000| Untracked 
| 221|0x000000008dd00000, 0x000000008de00000, 0x000000008de00000|100%| O|  |TAMS 0x000000008dd00000, 0x000000008dd00000| Untracked 
| 222|0x000000008de00000, 0x000000008df00000, 0x000000008df00000|100%| O|  |TAMS 0x000000008de00000, 0x000000008de00000| Untracked 
| 223|0x000000008df00000, 0x000000008e000000, 0x000000008e000000|100%| O|  |TAMS 0x000000008df00000, 0x000000008df00000| Untracked 
| 224|0x000000008e000000, 0x000000008e100000, 0x000000008e100000|100%| O|  |TAMS 0x000000008e000000, 0x000000008e000000| Untracked 
| 225|0x000000008e100000, 0x000000008e200000, 0x000000008e200000|100%| O|  |TAMS 0x000000008e100000, 0x000000008e100000| Untracked 
| 226|0x000000008e200000, 0x000000008e300000, 0x000000008e300000|100%| O|  |TAMS 0x000000008e200000, 0x000000008e200000| Untracked 
| 227|0x000000008e300000, 0x000000008e400000, 0x000000008e400000|100%| O|  |TAMS 0x000000008e300000, 0x000000008e300000| Untracked 
| 228|0x000000008e400000, 0x000000008e500000, 0x000000008e500000|100%| O|  |TAMS 0x000000008e400000, 0x000000008e400000| Untracked 
| 229|0x000000008e500000, 0x000000008e600000, 0x000000008e600000|100%| O|  |TAMS 0x000000008e500000, 0x000000008e500000| Untracked 
| 230|0x000000008e600000, 0x000000008e700000, 0x000000008e700000|100%| O|  |TAMS 0x000000008e600000, 0x000000008e600000| Untracked 
| 231|0x000000008e700000, 0x000000008e800000, 0x000000008e800000|100%| O|  |TAMS 0x000000008e700000, 0x000000008e700000| Untracked 
| 232|0x000000008e800000, 0x000000008e900000, 0x000000008e900000|100%| O|  |TAMS 0x000000008e800000, 0x000000008e800000| Untracked 
| 233|0x000000008e900000, 0x000000008ea00000, 0x000000008ea00000|100%| O|  |TAMS 0x000000008e900000, 0x000000008e900000| Untracked 
| 234|0x000000008ea00000, 0x000000008eb00000, 0x000000008eb00000|100%| O|  |TAMS 0x000000008ea00000, 0x000000008ea00000| Untracked 
| 235|0x000000008eb00000, 0x000000008ec00000, 0x000000008ec00000|100%| O|  |TAMS 0x000000008eb00000, 0x000000008eb00000| Untracked 
| 236|0x000000008ec00000, 0x000000008ed00000, 0x000000008ed00000|100%| O|  |TAMS 0x000000008ec00000, 0x000000008ec00000| Untracked 
| 237|0x000000008ed00000, 0x000000008ee00000, 0x000000008ee00000|100%| O|  |TAMS 0x000000008ed00000, 0x000000008ed00000| Untracked 
| 238|0x000000008ee00000, 0x000000008ef00000, 0x000000008ef00000|100%|HS|  |TAMS 0x000000008ee00000, 0x000000008ee00000| Complete 
| 239|0x000000008ef00000, 0x000000008f000000, 0x000000008f000000|100%|HS|  |TAMS 0x000000008ef00000, 0x000000008ef00000| Complete 
| 240|0x000000008f000000, 0x000000008f100000, 0x000000008f100000|100%| O|  |TAMS 0x000000008f000000, 0x000000008f000000| Untracked 
| 241|0x000000008f100000, 0x000000008f200000, 0x000000008f200000|100%| O|  |TAMS 0x000000008f100000, 0x000000008f100000| Untracked 
| 242|0x000000008f200000, 0x000000008f300000, 0x000000008f300000|100%| O|  |TAMS 0x000000008f200000, 0x000000008f200000| Untracked 
| 243|0x000000008f300000, 0x000000008f400000, 0x000000008f400000|100%| O|  |TAMS 0x000000008f300000, 0x000000008f300000| Untracked 
| 244|0x000000008f400000, 0x000000008f500000, 0x000000008f500000|100%| O|  |TAMS 0x000000008f400000, 0x000000008f400000| Untracked 
| 245|0x000000008f500000, 0x000000008f600000, 0x000000008f600000|100%| O|  |TAMS 0x000000008f500000, 0x000000008f500000| Untracked 
| 246|0x000000008f600000, 0x000000008f700000, 0x000000008f700000|100%| O|  |TAMS 0x000000008f600000, 0x000000008f600000| Untracked 
| 247|0x000000008f700000, 0x000000008f800000, 0x000000008f800000|100%| O|  |TAMS 0x000000008f700000, 0x000000008f700000| Untracked 
| 248|0x000000008f800000, 0x000000008f900000, 0x000000008f900000|100%| O|  |TAMS 0x000000008f800000, 0x000000008f800000| Untracked 
| 249|0x000000008f900000, 0x000000008fa00000, 0x000000008fa00000|100%| O|  |TAMS 0x000000008f900000, 0x000000008f900000| Untracked 
| 250|0x000000008fa00000, 0x000000008fb00000, 0x000000008fb00000|100%| O|  |TAMS 0x000000008fa00000, 0x000000008fa00000| Untracked 
| 251|0x000000008fb00000, 0x000000008fc00000, 0x000000008fc00000|100%| O|  |TAMS 0x000000008fb00000, 0x000000008fb00000| Untracked 
| 252|0x000000008fc00000, 0x000000008fd00000, 0x000000008fd00000|100%| O|  |TAMS 0x000000008fc00000, 0x000000008fc00000| Untracked 
| 253|0x000000008fd00000, 0x000000008fe00000, 0x000000008fe00000|100%| O|  |TAMS 0x000000008fd00000, 0x000000008fd00000| Untracked 
| 254|0x000000008fe00000, 0x000000008fe80000, 0x000000008ff00000| 50%| O|  |TAMS 0x000000008fe00000, 0x000000008fe00000| Untracked 
| 255|0x000000008ff00000, 0x000000008ff00000, 0x0000000090000000|  0%| F|  |TAMS 0x000000008ff00000, 0x000000008ff00000| Untracked 
| 256|0x0000000090000000, 0x0000000090000000, 0x0000000090100000|  0%| F|  |TAMS 0x0000000090000000, 0x0000000090000000| Untracked 
| 257|0x0000000090100000, 0x0000000090100000, 0x0000000090200000|  0%| F|  |TAMS 0x0000000090100000, 0x0000000090100000| Untracked 
| 258|0x0000000090200000, 0x0000000090200000, 0x0000000090300000|  0%| F|  |TAMS 0x0000000090200000, 0x0000000090200000| Untracked 
| 259|0x0000000090300000, 0x0000000090300000, 0x0000000090400000|  0%| F|  |TAMS 0x0000000090300000, 0x0000000090300000| Untracked 
| 260|0x0000000090400000, 0x0000000090400000, 0x0000000090500000|  0%| F|  |TAMS 0x0000000090400000, 0x0000000090400000| Untracked 
| 261|0x0000000090500000, 0x0000000090500000, 0x0000000090600000|  0%| F|  |TAMS 0x0000000090500000, 0x0000000090500000| Untracked 
| 262|0x0000000090600000, 0x0000000090600000, 0x0000000090700000|  0%| F|  |TAMS 0x0000000090600000, 0x0000000090600000| Untracked 
| 263|0x0000000090700000, 0x0000000090700000, 0x0000000090800000|  0%| F|  |TAMS 0x0000000090700000, 0x0000000090700000| Untracked 
| 264|0x0000000090800000, 0x0000000090800000, 0x0000000090900000|  0%| F|  |TAMS 0x0000000090800000, 0x0000000090800000| Untracked 
| 265|0x0000000090900000, 0x0000000090900000, 0x0000000090a00000|  0%| F|  |TAMS 0x0000000090900000, 0x0000000090900000| Untracked 
| 266|0x0000000090a00000, 0x0000000090a00000, 0x0000000090b00000|  0%| F|  |TAMS 0x0000000090a00000, 0x0000000090a00000| Untracked 
| 267|0x0000000090b00000, 0x0000000090b00000, 0x0000000090c00000|  0%| F|  |TAMS 0x0000000090b00000, 0x0000000090b00000| Untracked 
| 268|0x0000000090c00000, 0x0000000090c00000, 0x0000000090d00000|  0%| F|  |TAMS 0x0000000090c00000, 0x0000000090c00000| Untracked 
| 269|0x0000000090d00000, 0x0000000090d00000, 0x0000000090e00000|  0%| F|  |TAMS 0x0000000090d00000, 0x0000000090d00000| Untracked 
| 270|0x0000000090e00000, 0x0000000090e00000, 0x0000000090f00000|  0%| F|  |TAMS 0x0000000090e00000, 0x0000000090e00000| Untracked 
| 271|0x0000000090f00000, 0x0000000090f00000, 0x0000000091000000|  0%| F|  |TAMS 0x0000000090f00000, 0x0000000090f00000| Untracked 
| 272|0x0000000091000000, 0x0000000091000000, 0x0000000091100000|  0%| F|  |TAMS 0x0000000091000000, 0x0000000091000000| Untracked 
| 273|0x0000000091100000, 0x0000000091100000, 0x0000000091200000|  0%| F|  |TAMS 0x0000000091100000, 0x0000000091100000| Untracked 
| 274|0x0000000091200000, 0x0000000091200000, 0x0000000091300000|  0%| F|  |TAMS 0x0000000091200000, 0x0000000091200000| Untracked 
| 275|0x0000000091300000, 0x0000000091300000, 0x0000000091400000|  0%| F|  |TAMS 0x0000000091300000, 0x0000000091300000| Untracked 
| 276|0x0000000091400000, 0x0000000091400000, 0x0000000091500000|  0%| F|  |TAMS 0x0000000091400000, 0x0000000091400000| Untracked 
| 277|0x0000000091500000, 0x0000000091500000, 0x0000000091600000|  0%| F|  |TAMS 0x0000000091500000, 0x0000000091500000| Untracked 
| 278|0x0000000091600000, 0x0000000091600000, 0x0000000091700000|  0%| F|  |TAMS 0x0000000091600000, 0x0000000091600000| Untracked 
| 279|0x0000000091700000, 0x0000000091700000, 0x0000000091800000|  0%| F|  |TAMS 0x0000000091700000, 0x0000000091700000| Untracked 
| 280|0x0000000091800000, 0x0000000091800000, 0x0000000091900000|  0%| F|  |TAMS 0x0000000091800000, 0x0000000091800000| Untracked 
| 281|0x0000000091900000, 0x0000000091900000, 0x0000000091a00000|  0%| F|  |TAMS 0x0000000091900000, 0x0000000091900000| Untracked 
| 282|0x0000000091a00000, 0x0000000091a00000, 0x0000000091b00000|  0%| F|  |TAMS 0x0000000091a00000, 0x0000000091a00000| Untracked 
| 283|0x0000000091b00000, 0x0000000091b00000, 0x0000000091c00000|  0%| F|  |TAMS 0x0000000091b00000, 0x0000000091b00000| Untracked 
| 284|0x0000000091c00000, 0x0000000091c00000, 0x0000000091d00000|  0%| F|  |TAMS 0x0000000091c00000, 0x0000000091c00000| Untracked 
| 285|0x0000000091d00000, 0x0000000091d00000, 0x0000000091e00000|  0%| F|  |TAMS 0x0000000091d00000, 0x0000000091d00000| Untracked 
| 286|0x0000000091e00000, 0x0000000091e00000, 0x0000000091f00000|  0%| F|  |TAMS 0x0000000091e00000, 0x0000000091e00000| Untracked 
| 287|0x0000000091f00000, 0x0000000091f00000, 0x0000000092000000|  0%| F|  |TAMS 0x0000000091f00000, 0x0000000091f00000| Untracked 
| 288|0x0000000092000000, 0x0000000092000000, 0x0000000092100000|  0%| F|  |TAMS 0x0000000092000000, 0x0000000092000000| Untracked 
| 289|0x0000000092100000, 0x0000000092100000, 0x0000000092200000|  0%| F|  |TAMS 0x0000000092100000, 0x0000000092100000| Untracked 
| 290|0x0000000092200000, 0x0000000092200000, 0x0000000092300000|  0%| F|  |TAMS 0x0000000092200000, 0x0000000092200000| Untracked 
| 291|0x0000000092300000, 0x0000000092300000, 0x0000000092400000|  0%| F|  |TAMS 0x0000000092300000, 0x0000000092300000| Untracked 
| 292|0x0000000092400000, 0x0000000092400000, 0x0000000092500000|  0%| F|  |TAMS 0x0000000092400000, 0x0000000092400000| Untracked 
| 293|0x0000000092500000, 0x0000000092500000, 0x0000000092600000|  0%| F|  |TAMS 0x0000000092500000, 0x0000000092500000| Untracked 
| 294|0x0000000092600000, 0x0000000092600000, 0x0000000092700000|  0%| F|  |TAMS 0x0000000092600000, 0x0000000092600000| Untracked 
| 295|0x0000000092700000, 0x0000000092700000, 0x0000000092800000|  0%| F|  |TAMS 0x0000000092700000, 0x0000000092700000| Untracked 
| 296|0x0000000092800000, 0x0000000092800000, 0x0000000092900000|  0%| F|  |TAMS 0x0000000092800000, 0x0000000092800000| Untracked 
| 297|0x0000000092900000, 0x0000000092900000, 0x0000000092a00000|  0%| F|  |TAMS 0x0000000092900000, 0x0000000092900000| Untracked 
| 298|0x0000000092a00000, 0x0000000092a00000, 0x0000000092b00000|  0%| F|  |TAMS 0x0000000092a00000, 0x0000000092a00000| Untracked 
| 299|0x0000000092b00000, 0x0000000092b00000, 0x0000000092c00000|  0%| F|  |TAMS 0x0000000092b00000, 0x0000000092b00000| Untracked 
| 300|0x0000000092c00000, 0x0000000092c00000, 0x0000000092d00000|  0%| F|  |TAMS 0x0000000092c00000, 0x0000000092c00000| Untracked 
| 301|0x0000000092d00000, 0x0000000092d00000, 0x0000000092e00000|  0%| F|  |TAMS 0x0000000092d00000, 0x0000000092d00000| Untracked 
| 302|0x0000000092e00000, 0x0000000092e00000, 0x0000000092f00000|  0%| F|  |TAMS 0x0000000092e00000, 0x0000000092e00000| Untracked 
| 303|0x0000000092f00000, 0x0000000092f00000, 0x0000000093000000|  0%| F|  |TAMS 0x0000000092f00000, 0x0000000092f00000| Untracked 
| 304|0x0000000093000000, 0x0000000093000000, 0x0000000093100000|  0%| F|  |TAMS 0x0000000093000000, 0x0000000093000000| Untracked 
| 305|0x0000000093100000, 0x0000000093100000, 0x0000000093200000|  0%| F|  |TAMS 0x0000000093100000, 0x0000000093100000| Untracked 
| 306|0x0000000093200000, 0x0000000093200000, 0x0000000093300000|  0%| F|  |TAMS 0x0000000093200000, 0x0000000093200000| Untracked 
| 307|0x0000000093300000, 0x0000000093300000, 0x0000000093400000|  0%| F|  |TAMS 0x0000000093300000, 0x0000000093300000| Untracked 
| 308|0x0000000093400000, 0x0000000093400000, 0x0000000093500000|  0%| F|  |TAMS 0x0000000093400000, 0x0000000093400000| Untracked 
| 309|0x0000000093500000, 0x0000000093600000, 0x0000000093600000|100%| S|CS|TAMS 0x0000000093500000, 0x0000000093500000| Complete 
| 310|0x0000000093600000, 0x0000000093700000, 0x0000000093700000|100%| S|CS|TAMS 0x0000000093600000, 0x0000000093600000| Complete 
| 311|0x0000000093700000, 0x0000000093800000, 0x0000000093800000|100%| S|CS|TAMS 0x0000000093700000, 0x0000000093700000| Complete 
| 312|0x0000000093800000, 0x0000000093900000, 0x0000000093900000|100%| S|CS|TAMS 0x0000000093800000, 0x0000000093800000| Complete 
| 313|0x0000000093900000, 0x0000000093900000, 0x0000000093a00000|  0%| F|  |TAMS 0x0000000093900000, 0x0000000093900000| Untracked 
| 314|0x0000000093a00000, 0x0000000093a00000, 0x0000000093b00000|  0%| F|  |TAMS 0x0000000093a00000, 0x0000000093a00000| Untracked 
| 315|0x0000000093b00000, 0x0000000093b00000, 0x0000000093c00000|  0%| F|  |TAMS 0x0000000093b00000, 0x0000000093b00000| Untracked 
| 316|0x0000000093c00000, 0x0000000093c00000, 0x0000000093d00000|  0%| F|  |TAMS 0x0000000093c00000, 0x0000000093c00000| Untracked 
| 317|0x0000000093d00000, 0x0000000093d00000, 0x0000000093e00000|  0%| F|  |TAMS 0x0000000093d00000, 0x0000000093d00000| Untracked 
| 318|0x0000000093e00000, 0x0000000093e00000, 0x0000000093f00000|  0%| F|  |TAMS 0x0000000093e00000, 0x0000000093e00000| Untracked 
| 319|0x0000000093f00000, 0x0000000093f00000, 0x0000000094000000|  0%| F|  |TAMS 0x0000000093f00000, 0x0000000093f00000| Untracked 
| 320|0x0000000094000000, 0x0000000094000000, 0x0000000094100000|  0%| F|  |TAMS 0x0000000094000000, 0x0000000094000000| Untracked 
| 321|0x0000000094100000, 0x0000000094100000, 0x0000000094200000|  0%| F|  |TAMS 0x0000000094100000, 0x0000000094100000| Untracked 
| 322|0x0000000094200000, 0x0000000094200000, 0x0000000094300000|  0%| F|  |TAMS 0x0000000094200000, 0x0000000094200000| Untracked 
| 323|0x0000000094300000, 0x0000000094300000, 0x0000000094400000|  0%| F|  |TAMS 0x0000000094300000, 0x0000000094300000| Untracked 
| 324|0x0000000094400000, 0x0000000094400000, 0x0000000094500000|  0%| F|  |TAMS 0x0000000094400000, 0x0000000094400000| Untracked 
| 325|0x0000000094500000, 0x0000000094500000, 0x0000000094600000|  0%| F|  |TAMS 0x0000000094500000, 0x0000000094500000| Untracked 
| 326|0x0000000094600000, 0x0000000094600000, 0x0000000094700000|  0%| F|  |TAMS 0x0000000094600000, 0x0000000094600000| Untracked 
| 327|0x0000000094700000, 0x0000000094700000, 0x0000000094800000|  0%| F|  |TAMS 0x0000000094700000, 0x0000000094700000| Untracked 
| 328|0x0000000094800000, 0x0000000094800000, 0x0000000094900000|  0%| F|  |TAMS 0x0000000094800000, 0x0000000094800000| Untracked 
| 329|0x0000000094900000, 0x0000000094900000, 0x0000000094a00000|  0%| F|  |TAMS 0x0000000094900000, 0x0000000094900000| Untracked 
| 330|0x0000000094a00000, 0x0000000094a00000, 0x0000000094b00000|  0%| F|  |TAMS 0x0000000094a00000, 0x0000000094a00000| Untracked 
| 331|0x0000000094b00000, 0x0000000094b00000, 0x0000000094c00000|  0%| F|  |TAMS 0x0000000094b00000, 0x0000000094b00000| Untracked 
| 332|0x0000000094c00000, 0x0000000094c00000, 0x0000000094d00000|  0%| F|  |TAMS 0x0000000094c00000, 0x0000000094c00000| Untracked 
| 333|0x0000000094d00000, 0x0000000094d00000, 0x0000000094e00000|  0%| F|  |TAMS 0x0000000094d00000, 0x0000000094d00000| Untracked 
| 334|0x0000000094e00000, 0x0000000094e00000, 0x0000000094f00000|  0%| F|  |TAMS 0x0000000094e00000, 0x0000000094e00000| Untracked 
| 335|0x0000000094f00000, 0x0000000094f00000, 0x0000000095000000|  0%| F|  |TAMS 0x0000000094f00000, 0x0000000094f00000| Untracked 
| 336|0x0000000095000000, 0x0000000095000000, 0x0000000095100000|  0%| F|  |TAMS 0x0000000095000000, 0x0000000095000000| Untracked 
| 337|0x0000000095100000, 0x0000000095100000, 0x0000000095200000|  0%| F|  |TAMS 0x0000000095100000, 0x0000000095100000| Untracked 
| 338|0x0000000095200000, 0x0000000095200000, 0x0000000095300000|  0%| F|  |TAMS 0x0000000095200000, 0x0000000095200000| Untracked 

Card table byte_map: [0x0000016bfa910000,0x0000016bfad10000] _byte_map_base: 0x0000016bfa510000

Marking Bits (Prev, Next): (CMBitMap*) 0x0000016bf6a3f928, (CMBitMap*) 0x0000016bf6a3f960
 Prev Bits: [0x0000016bfb110000, 0x0000016bfd110000)
 Next Bits: [0x0000016bfd110000, 0x0000016bff110000)

Polling page: 0x0000016bf49d0000

Metaspace:

Usage:
  Non-class:     87.94 MB capacity,    86.45 MB ( 98%) used,     1.22 MB (  1%) free+waste,   279.38 KB ( <1%) overhead. 
      Class:     13.72 MB capacity,    12.89 MB ( 94%) used,   727.56 KB (  5%) free+waste,   123.69 KB ( <1%) overhead. 
       Both:    101.66 MB capacity,    99.34 MB ( 98%) used,     1.93 MB (  2%) free+waste,   403.06 KB ( <1%) overhead. 

Virtual space:
  Non-class space:       88.00 MB reserved,      88.00 MB (100%) committed 
      Class space:        1.00 GB reserved,      13.75 MB (  1%) committed 
             Both:        1.09 GB reserved,     101.75 MB (  9%) committed 

Chunk freelists:
   Non-Class:  61.00 KB
       Class:  28.00 KB
        Both:  89.00 KB

MaxMetaspaceSize: 17179869184.00 GB
CompressedClassSpaceSize: 1.00 GB
Initial GC threshold: 20.80 MB
Current GC threshold: 168.13 MB
CDS: off

CodeHeap 'non-profiled nmethods': size=120064Kb used=7951Kb max_used=7951Kb free=112112Kb
 bounds [0x0000016b87ac0000, 0x0000016b88290000, 0x0000016b8f000000]
CodeHeap 'profiled nmethods': size=120000Kb used=27613Kb max_used=27613Kb free=92386Kb
 bounds [0x0000016b80590000, 0x0000016b82090000, 0x0000016b87ac0000]
CodeHeap 'non-nmethods': size=5696Kb used=2409Kb max_used=2453Kb free=3287Kb
 bounds [0x0000016b80000000, 0x0000016b80270000, 0x0000016b80590000]
 total_blobs=13613 nmethods=12685 adapters=840
 compilation: enabled
              stopped_count=0, restarted_count=0
 full_count=0

Compilation events (20 events):
Event: 51.690 Thread 0x0000016bff627800 12798       2       com.android.tools.r8.code.N2::<init> (7 bytes)
Event: 51.690 Thread 0x0000016bff627800 nmethod 12798 0x0000016b82084310 code [0x0000016b820844c0, 0x0000016b82084618]
Event: 51.706 Thread 0x0000016bff627800 12801       2       com.android.tools.r8.code.B2::<init> (7 bytes)
Event: 51.707 Thread 0x0000016bff627800 nmethod 12801 0x0000016b82084710 code [0x0000016b820848e0, 0x0000016b82084b18]
Event: 51.718 Thread 0x0000016bff627800 12803       2       com.android.tools.r8.code.a::<init> (7 bytes)
Event: 51.718 Thread 0x0000016bff627800 nmethod 12803 0x0000016b82084d10 code [0x0000016b82084ec0, 0x0000016b82085018]
Event: 51.740 Thread 0x0000016bff627800 12806       2       com.android.tools.r8.code.y2::<init> (7 bytes)
Event: 51.740 Thread 0x0000016bff627800 nmethod 12806 0x0000016b82085110 code [0x0000016b820852c0, 0x0000016b82085418]
Event: 51.855 Thread 0x0000016bff627800 12809       2       com.android.tools.r8.code.F3::hashCode (35 bytes)
Event: 51.855 Thread 0x0000016bff627800 nmethod 12809 0x0000016b82085510 code [0x0000016b820856e0, 0x0000016b82085838]
Event: 51.861 Thread 0x0000016bff627800 12811       2       com.android.tools.r8.code.f4::<init> (7 bytes)
Event: 51.861 Thread 0x0000016bff627800 nmethod 12811 0x0000016b82085910 code [0x0000016b82085ae0, 0x0000016b82085d18]
Event: 51.878 Thread 0x0000016bff627800 12814       2       com.android.tools.r8.code.q0::<init> (7 bytes)
Event: 51.878 Thread 0x0000016bff627800 nmethod 12814 0x0000016b82085f10 code [0x0000016b820860e0, 0x0000016b82086318]
Event: 51.884 Thread 0x0000016bff627800 12815       2       com.android.tools.r8.code.P3::<init> (7 bytes)
Event: 51.884 Thread 0x0000016bff627800 nmethod 12815 0x0000016b82086510 code [0x0000016b820866c0, 0x0000016b82086818]
Event: 51.941 Thread 0x0000016bff627800 12817 %     3       com.android.tools.r8.graph.d1::a @ 14 (49 bytes)
Event: 51.942 Thread 0x0000016bff627800 nmethod 12817% 0x0000016b82086910 code [0x0000016b82086b40, 0x0000016b82087228]
Event: 51.951 Thread 0x0000016bff623000 nmethod 12665 0x0000016b88278810 code [0x0000016b88278d20, 0x0000016b88280100]
Event: 51.951 Thread 0x0000016bff623000 12779 %     4       com.android.tools.r8.code.y1::a @ 20 (4129 bytes)

GC Heap History (20 events):
Event: 50.793 GC heap after
{Heap after GC invocations=92 (full 0):
 garbage-first heap   total 180224K, used 157086K [0x0000000080000000, 0x0000000100000000)
  region size 1024K, 1 young (1024K), 1 survivors (1024K)
 Metaspace       used 99365K, capacity 101665K, committed 101888K, reserved 1138688K
  class space    used 12746K, capacity 13558K, committed 13568K, reserved 1048576K
}
Event: 50.825 GC heap before
{Heap before GC invocations=93 (full 0):
 garbage-first heap   total 180224K, used 165278K [0x0000000080000000, 0x0000000100000000)
  region size 1024K, 8 young (8192K), 1 survivors (1024K)
 Metaspace       used 99365K, capacity 101665K, committed 101888K, reserved 1138688K
  class space    used 12746K, capacity 13558K, committed 13568K, reserved 1048576K
}
Event: 50.832 GC heap after
{Heap after GC invocations=94 (full 0):
 garbage-first heap   total 180224K, used 161636K [0x0000000080000000, 0x0000000100000000)
  region size 1024K, 1 young (1024K), 1 survivors (1024K)
 Metaspace       used 99365K, capacity 101665K, committed 101888K, reserved 1138688K
  class space    used 12746K, capacity 13558K, committed 13568K, reserved 1048576K
}
Event: 50.863 GC heap before
{Heap before GC invocations=94 (full 0):
 garbage-first heap   total 180224K, used 168804K [0x0000000080000000, 0x0000000100000000)
  region size 1024K, 8 young (8192K), 1 survivors (1024K)
 Metaspace       used 99371K, capacity 101668K, committed 101888K, reserved 1138688K
  class space    used 12747K, capacity 13559K, committed 13568K, reserved 1048576K
}
Event: 50.870 GC heap after
{Heap after GC invocations=95 (full 0):
 garbage-first heap   total 180224K, used 164864K [0x0000000080000000, 0x0000000100000000)
  region size 1024K, 1 young (1024K), 1 survivors (1024K)
 Metaspace       used 99371K, capacity 101668K, committed 101888K, reserved 1138688K
  class space    used 12747K, capacity 13559K, committed 13568K, reserved 1048576K
}
Event: 50.910 GC heap before
{Heap before GC invocations=95 (full 0):
 garbage-first heap   total 180224K, used 175104K [0x0000000080000000, 0x0000000100000000)
  region size 1024K, 8 young (8192K), 1 survivors (1024K)
 Metaspace       used 99371K, capacity 101668K, committed 101888K, reserved 1138688K
  class space    used 12747K, capacity 13559K, committed 13568K, reserved 1048576K
}
Event: 50.918 GC heap after
{Heap after GC invocations=96 (full 0):
 garbage-first heap   total 181248K, used 170797K [0x0000000080000000, 0x0000000100000000)
  region size 1024K, 1 young (1024K), 1 survivors (1024K)
 Metaspace       used 99371K, capacity 101668K, committed 101888K, reserved 1138688K
  class space    used 12747K, capacity 13559K, committed 13568K, reserved 1048576K
}
Event: 50.941 GC heap before
{Heap before GC invocations=96 (full 0):
 garbage-first heap   total 181248K, used 176941K [0x0000000080000000, 0x0000000100000000)
  region size 1024K, 8 young (8192K), 1 survivors (1024K)
 Metaspace       used 99371K, capacity 101668K, committed 101888K, reserved 1138688K
  class space    used 12747K, capacity 13559K, committed 13568K, reserved 1048576K
}
Event: 50.948 GC heap after
{Heap after GC invocations=97 (full 0):
 garbage-first heap   total 183296K, used 174496K [0x0000000080000000, 0x0000000100000000)
  region size 1024K, 1 young (1024K), 1 survivors (1024K)
 Metaspace       used 99371K, capacity 101668K, committed 101888K, reserved 1138688K
  class space    used 12747K, capacity 13559K, committed 13568K, reserved 1048576K
}
Event: 50.973 GC heap before
{Heap before GC invocations=97 (full 0):
 garbage-first heap   total 183296K, used 182688K [0x0000000080000000, 0x0000000100000000)
  region size 1024K, 7 young (7168K), 1 survivors (1024K)
 Metaspace       used 99371K, capacity 101668K, committed 101888K, reserved 1138688K
  class space    used 12747K, capacity 13559K, committed 13568K, reserved 1048576K
}
Event: 50.982 GC heap after
{Heap after GC invocations=98 (full 0):
 garbage-first heap   total 187392K, used 179729K [0x0000000080000000, 0x0000000100000000)
  region size 1024K, 1 young (1024K), 1 survivors (1024K)
 Metaspace       used 99371K, capacity 101668K, committed 101888K, reserved 1138688K
  class space    used 12747K, capacity 13559K, committed 13568K, reserved 1048576K
}
Event: 51.013 GC heap before
{Heap before GC invocations=98 (full 0):
 garbage-first heap   total 187392K, used 186897K [0x0000000080000000, 0x0000000100000000)
  region size 1024K, 7 young (7168K), 1 survivors (1024K)
 Metaspace       used 99414K, capacity 101677K, committed 101888K, reserved 1138688K
  class space    used 12758K, capacity 13562K, committed 13568K, reserved 1048576K
}
Event: 51.026 GC heap after
{Heap after GC invocations=99 (full 0):
 garbage-first heap   total 347136K, used 183156K [0x0000000080000000, 0x0000000100000000)
  region size 1024K, 2 young (2048K), 2 survivors (2048K)
 Metaspace       used 99414K, capacity 101677K, committed 101888K, reserved 1138688K
  class space    used 12758K, capacity 13562K, committed 13568K, reserved 1048576K
}
Event: 51.354 GC heap before
{Heap before GC invocations=100 (full 0):
 garbage-first heap   total 347136K, used 231284K [0x0000000080000000, 0x0000000100000000)
  region size 1024K, 49 young (50176K), 2 survivors (2048K)
 Metaspace       used 101662K, capacity 104036K, committed 104192K, reserved 1138688K
  class space    used 13200K, capacity 14052K, committed 14080K, reserved 1048576K
}
Event: 51.399 GC heap after
{Heap after GC invocations=101 (full 0):
 garbage-first heap   total 347136K, used 206202K [0x0000000080000000, 0x0000000100000000)
  region size 1024K, 7 young (7168K), 7 survivors (7168K)
 Metaspace       used 101662K, capacity 104036K, committed 104192K, reserved 1138688K
  class space    used 13200K, capacity 14052K, committed 14080K, reserved 1048576K
}
Event: 51.547 GC heap before
{Heap before GC invocations=101 (full 0):
 garbage-first heap   total 347136K, used 246138K [0x0000000080000000, 0x0000000100000000)
  region size 1024K, 47 young (48128K), 7 survivors (7168K)
 Metaspace       used 101720K, capacity 104103K, committed 104192K, reserved 1138688K
  class space    used 13200K, capacity 14052K, committed 14080K, reserved 1048576K
}
Event: 51.601 GC heap after
{Heap after GC invocations=102 (full 0):
 garbage-first heap   total 347136K, used 228352K [0x0000000080000000, 0x0000000100000000)
  region size 1024K, 6 young (6144K), 6 survivors (6144K)
 Metaspace       used 101720K, capacity 104103K, committed 104192K, reserved 1138688K
  class space    used 13200K, capacity 14052K, committed 14080K, reserved 1048576K
}
Event: 51.785 GC heap before
{Heap before GC invocations=102 (full 0):
 garbage-first heap   total 347136K, used 263168K [0x0000000080000000, 0x0000000100000000)
  region size 1024K, 39 young (39936K), 6 survivors (6144K)
 Metaspace       used 101721K, capacity 104103K, committed 104192K, reserved 1138688K
  class space    used 13200K, capacity 14052K, committed 14080K, reserved 1048576K
}
Event: 51.820 GC heap after
{Heap after GC invocations=103 (full 0):
 garbage-first heap   total 347136K, used 248832K [0x0000000080000000, 0x0000000100000000)
  region size 1024K, 5 young (5120K), 5 survivors (5120K)
 Metaspace       used 101721K, capacity 104103K, committed 104192K, reserved 1138688K
  class space    used 13200K, capacity 14052K, committed 14080K, reserved 1048576K
}
Event: 51.952 GC heap before
{Heap before GC invocations=103 (full 0):
 garbage-first heap   total 347136K, used 277504K [0x0000000080000000, 0x0000000100000000)
  region size 1024K, 31 young (31744K), 5 survivors (5120K)
 Metaspace       used 101721K, capacity 104103K, committed 104192K, reserved 1138688K
  class space    used 13200K, capacity 14052K, committed 14080K, reserved 1048576K
}

Deoptimization events (20 events):
Event: 51.127 Thread 0x0000016b981b7800 Uncommon trap: trap_request=0xffffff4d fr.pc=0x0000016b8824c9b4 relative=0x0000000000000194
Event: 51.127 Thread 0x0000016b981b7800 Uncommon trap: reason=unstable_if action=reinterpret pc=0x0000016b8824c9b4 method=jdk.internal.util.ArraysSupport.mismatch([B[BI)I @ 14 c2
Event: 51.127 Thread 0x0000016b981b7800 DEOPT PACKING pc=0x0000016b8824c9b4 sp=0x0000005cc24feb40
Event: 51.127 Thread 0x0000016b981b7800 DEOPT UNPACKING pc=0x0000016b8004a1af sp=0x0000005cc24feae8 mode 2
Event: 51.218 Thread 0x0000016b981b2800 Uncommon trap: trap_request=0xffffff4d fr.pc=0x0000016b88261e90 relative=0x0000000000001470
Event: 51.218 Thread 0x0000016b981b2800 Uncommon trap: reason=unstable_if action=reinterpret pc=0x0000016b88261e90 method=com.android.tools.r8.dex.j.i()Lcom/android/tools/r8/graph/j1; @ 54 c2
Event: 51.218 Thread 0x0000016b981b2800 DEOPT PACKING pc=0x0000016b88261e90 sp=0x0000005cc22fea30
Event: 51.218 Thread 0x0000016b981b2800 DEOPT UNPACKING pc=0x0000016b8004a1af sp=0x0000005cc22fea10 mode 2
Event: 51.243 Thread 0x0000016b981b2800 DEOPT PACKING pc=0x0000016b81fc337e sp=0x0000005cc22fe750
Event: 51.243 Thread 0x0000016b981b2800 DEOPT UNPACKING pc=0x0000016b8004a95e sp=0x0000005cc22fddc0 mode 0
Event: 51.353 Thread 0x0000016b981b7800 DEOPT PACKING pc=0x0000016b81fd263a sp=0x0000005cc24fe8b0
Event: 51.353 Thread 0x0000016b981b7800 DEOPT UNPACKING pc=0x0000016b8004a95e sp=0x0000005cc24fde18 mode 0
Event: 51.516 Thread 0x0000016b981b2800 Uncommon trap: trap_request=0xffffff4d fr.pc=0x0000016b8827192c relative=0x000000000000888c
Event: 51.516 Thread 0x0000016b981b2800 Uncommon trap: reason=unstable_if action=reinterpret pc=0x0000016b8827192c method=com.android.tools.r8.code.y1.a(Ljava/nio/ShortBuffer;IILcom/android/tools/r8/internal/mI;)[Lcom/android/tools/r8/code/w1; @ 541 c2
Event: 51.516 Thread 0x0000016b981b2800 DEOPT PACKING pc=0x0000016b8827192c sp=0x0000005cc22fe9d0
Event: 51.516 Thread 0x0000016b981b2800 DEOPT UNPACKING pc=0x0000016b8004a1af sp=0x0000005cc22fe9b8 mode 2
Event: 51.534 Thread 0x0000016b981b7800 DEOPT PACKING pc=0x0000016b81fcf5d7 sp=0x0000005cc24fe6a0
Event: 51.534 Thread 0x0000016b981b7800 DEOPT UNPACKING pc=0x0000016b8004a95e sp=0x0000005cc24fdb78 mode 0
Event: 51.675 Thread 0x0000016b981b7800 DEOPT PACKING pc=0x0000016b81fe17fe sp=0x0000005cc24fec70
Event: 51.675 Thread 0x0000016b981b7800 DEOPT UNPACKING pc=0x0000016b8004a95e sp=0x0000005cc24fe2c8 mode 0

Classes redefined (0 events):
No events

Internal exceptions (20 events):
Event: 31.226 Thread 0x0000016b92aad000 Exception <a 'java/lang/NoSuchMethodError'{0x0000000089700ce8}: 'void java.lang.invoke.DirectMethodHandle$Holder.invokeStatic(java.lang.Object, java.lang.Object, java.lang.Object, java.lang.Object, int, java.lang.Object, java.lang.Object)'> (0x0000000089700ce8) thrown at [./src/hotspot/share/interpreter/linkResolver.cpp, line 773]
Event: 31.286 Thread 0x0000016b92aad000 Exception <a 'java/lang/NoSuchMethodError'{0x000000008922b518}: 'java.lang.Object java.lang.invoke.DirectMethodHandle$Holder.invokeSpecialIFC(java.lang.Object, java.lang.Object, java.lang.Object)'> (0x000000008922b518) thrown at [./src/hotspot/share/interpreter/linkResolver.cpp, line 773]
Event: 31.387 Thread 0x0000016b95b0b000 Exception <a 'java/lang/NoSuchMethodError'{0x00000000890cd460}: 'int java.lang.invoke.DirectMethodHandle$Holder.invokeStaticInit(java.lang.Object, java.lang.Object, java.lang.Object, java.lang.Object, java.lang.Object)'> (0x00000000890cd460) thrown at [./src/hotspot/share/interpreter/linkResolver.cpp, line 773]
Event: 31.559 Thread 0x0000016b95b0b000 Implicit null exception at 0x0000016b8801cf16 to 0x0000016b8801d868
Event: 31.561 Thread 0x0000016b95b0b000 Exception <a 'java/lang/NoSuchMethodError'{0x0000000088b02988}: 'void java.lang.invoke.DirectMethodHandle$Holder.invokeVirtual(java.lang.Object, java.lang.Object)'> (0x0000000088b02988) thrown at [./src/hotspot/share/interpreter/linkResolver.cpp, line 773]
Event: 42.503 Thread 0x0000016b92aad000 Exception <a 'java/lang/NoSuchMethodError'{0x00000000883a4630}: <clinit>> (0x00000000883a4630) thrown at [./src/hotspot/share/prims/jni.cpp, line 1365]
Event: 42.503 Thread 0x0000016b92aad000 Exception <a 'java/lang/NoSuchMethodError'{0x00000000883a66d8}: <clinit>> (0x00000000883a66d8) thrown at [./src/hotspot/share/prims/jni.cpp, line 1365]
Event: 42.503 Thread 0x0000016b92aad000 Exception <a 'java/lang/NoSuchMethodError'{0x00000000883a9d68}: <clinit>> (0x00000000883a9d68) thrown at [./src/hotspot/share/prims/jni.cpp, line 1365]
Event: 42.504 Thread 0x0000016b92aad000 Exception <a 'java/lang/NoSuchMethodError'{0x00000000883cee10}: <clinit>> (0x00000000883cee10) thrown at [./src/hotspot/share/prims/jni.cpp, line 1365]
Event: 42.504 Thread 0x0000016b92aad000 Exception <a 'java/lang/NoSuchMethodError'{0x00000000883d0ae8}: <clinit>> (0x00000000883d0ae8) thrown at [./src/hotspot/share/prims/jni.cpp, line 1365]
Event: 42.560 Thread 0x0000016b92aad000 Implicit null exception at 0x0000016b880c9a68 to 0x0000016b880ca134
Event: 45.309 Thread 0x0000016b92aad000 Exception <a 'java/lang/NoSuchMethodError'{0x00000000888ab888}: 'int java.lang.invoke.DirectMethodHandle$Holder.invokeSpecial(java.lang.Object, java.lang.Object, java.lang.Object, java.lang.Object, java.lang.Object)'> (0x00000000888ab888) thrown at [./src/hotspot/share/interpreter/linkResolver.cpp, line 773]
Event: 50.318 Thread 0x0000016b981b5800 Exception <a 'sun/nio/fs/WindowsException'{0x0000000089774d80}> (0x0000000089774d80) thrown at [./src/hotspot/share/prims/jni.cpp, line 615]
Event: 50.514 Thread 0x0000016b981b5800 Exception <a 'java/lang/NoSuchMethodError'{0x0000000088e72a60}: 'java.lang.Object java.lang.invoke.DirectMethodHandle$Holder.invokeStaticInit(java.lang.Object, java.lang.Object, java.lang.Object, java.lang.Object, java.lang.Object, java.lang.Object, java.lang.Object, java.lang.Object, java.lang.Object, java.lang.Object, java.lang.Object, java.lang.Object, java.lang.Object, java.lang.Object, java.lang.Object, java.lang.Object, java.lang.Object, java.lang.Object, int, java.lang.Object, java.lang.Object)'> (0
Event: 50.918 Thread 0x0000016b981b5800 Implicit null exception at 0x0000016b8823b51c to 0x0000016b8823c068
Event: 51.050 Thread 0x0000016b981b1800 Exception <a 'java/lang/NoSuchMethodError'{0x0000000095171898}: 'java.lang.Object java.lang.invoke.DirectMethodHandle$Holder.newInvokeSpecial(java.lang.Object, int)'> (0x0000000095171898) thrown at [./src/hotspot/share/interpreter/linkResolver.cpp, line 773]
Event: 51.113 Thread 0x0000016b981b6800 Exception <a 'java/lang/IncompatibleClassChangeError'{0x0000000095122268}: Found class java.lang.Object, but interface was expected> (0x0000000095122268) thrown at [./src/hotspot/share/interpreter/linkResolver.cpp, line 839]
Event: 51.113 Thread 0x0000016b981b1800 Exception <a 'java/lang/IncompatibleClassChangeError'{0x0000000094ed20b0}: Found class java.lang.Object, but interface was expected> (0x0000000094ed20b0) thrown at [./src/hotspot/share/interpreter/linkResolver.cpp, line 839]
Event: 51.116 Thread 0x0000016b981b6800 Exception <a 'java/lang/IncompatibleClassChangeError'{0x0000000094d0a718}: Found class java.lang.Object, but interface was expected> (0x0000000094d0a718) thrown at [./src/hotspot/share/interpreter/linkResolver.cpp, line 839]
Event: 51.116 Thread 0x0000016b981b6800 Exception <a 'java/lang/IncompatibleClassChangeError'{0x0000000094d10158}: Found class java.lang.Object, but interface was expected> (0x0000000094d10158) thrown at [./src/hotspot/share/interpreter/linkResolver.cpp, line 839]

Events (20 events):
Event: 51.186 loading class com/android/tools/r8/graph/W0 done
Event: 51.186 loading class com/android/tools/r8/graph/N2
Event: 51.186 loading class com/android/tools/r8/graph/N2 done
Event: 51.186 loading class com/android/tools/r8/graph/N2
Event: 51.186 loading class com/android/tools/r8/graph/N2 done
Event: 51.187 loading class com/android/tools/r8/internal/XG
Event: 51.187 loading class com/android/tools/r8/internal/XG done
Event: 51.187 loading class com/android/tools/r8/internal/cH
Event: 51.187 loading class com/android/tools/r8/internal/cH done
Event: 51.194 loading class com/android/tools/r8/internal/Dj
Event: 51.194 loading class com/android/tools/r8/internal/Dj done
Event: 51.234 Executing VM operation: CGC_Operation
Event: 51.234 Executing VM operation: CGC_Operation done
Event: 51.353 Executing VM operation: G1CollectForAllocation
Event: 51.399 Executing VM operation: G1CollectForAllocation done
Event: 51.546 Executing VM operation: G1CollectForAllocation
Event: 51.601 Executing VM operation: G1CollectForAllocation done
Event: 51.784 Executing VM operation: G1CollectForAllocation
Event: 51.820 Executing VM operation: G1CollectForAllocation done
Event: 51.951 Executing VM operation: G1CollectForAllocation


Dynamic libraries:
0x00007ff677eb0000 - 0x00007ff677eba000 	C:\Program Files\Android\Android Studio\jre\bin\java.exe
0x00007ff9aa120000 - 0x00007ff9aa329000 	C:\WINDOWS\SYSTEM32\ntdll.dll
0x00007ff9a9270000 - 0x00007ff9a932d000 	C:\WINDOWS\System32\KERNEL32.DLL
0x00007ff9a7c30000 - 0x00007ff9a7fad000 	C:\WINDOWS\System32\KERNELBASE.dll
0x00007ff9a7880000 - 0x00007ff9a7991000 	C:\WINDOWS\System32\ucrtbase.dll
0x00007ff9888d0000 - 0x00007ff9888e9000 	C:\Program Files\Android\Android Studio\jre\bin\jli.dll
0x00007ff9a9ce0000 - 0x00007ff9a9e8d000 	C:\WINDOWS\System32\USER32.dll
0x00007ff9a7850000 - 0x00007ff9a7876000 	C:\WINDOWS\System32\win32u.dll
0x00007ff9a9f80000 - 0x00007ff9a9fa9000 	C:\WINDOWS\System32\GDI32.dll
0x00007ff9a7b10000 - 0x00007ff9a7c28000 	C:\WINDOWS\System32\gdi32full.dll
0x00007ff9a77b0000 - 0x00007ff9a784d000 	C:\WINDOWS\System32\msvcp_win.dll
0x00007ff98a7a0000 - 0x00007ff98a7b7000 	C:\Program Files\Android\Android Studio\jre\bin\VCRUNTIME140.dll
0x00007ff992540000 - 0x00007ff9927e5000 	C:\WINDOWS\WinSxS\amd64_microsoft.windows.common-controls_6595b64144ccf1df_6.0.22000.120_none_9d947278b86cc467\COMCTL32.dll
0x00007ff9a91c0000 - 0x00007ff9a9263000 	C:\WINDOWS\System32\msvcrt.dll
0x00007ff9a8290000 - 0x00007ff9a82c1000 	C:\WINDOWS\System32\IMM32.DLL
0x00007ff972590000 - 0x00007ff97262d000 	C:\Program Files\Android\Android Studio\jre\bin\msvcp140.dll
0x00007ff9422c0000 - 0x00007ff942da5000 	C:\Program Files\Android\Android Studio\jre\bin\server\jvm.dll
0x00007ff9a8040000 - 0x00007ff9a80ee000 	C:\WINDOWS\System32\ADVAPI32.dll
0x00007ff9a8480000 - 0x00007ff9a851e000 	C:\WINDOWS\System32\sechost.dll
0x00007ff9a9bc0000 - 0x00007ff9a9ce0000 	C:\WINDOWS\System32\RPCRT4.dll
0x00007ff9a9330000 - 0x00007ff9a9338000 	C:\WINDOWS\System32\PSAPI.DLL
0x00007ff944bf0000 - 0x00007ff944bf9000 	C:\WINDOWS\SYSTEM32\WSOCK32.dll
0x00007ff9a9fb0000 - 0x00007ff9aa01f000 	C:\WINDOWS\System32\WS2_32.dll
0x00007ff994900000 - 0x00007ff994933000 	C:\WINDOWS\SYSTEM32\WINMM.dll
0x00007ff9a2d40000 - 0x00007ff9a2d4a000 	C:\WINDOWS\SYSTEM32\VERSION.dll
0x00007ff9a6700000 - 0x00007ff9a6718000 	C:\WINDOWS\SYSTEM32\kernel.appcore.dll
0x00007ff984580000 - 0x00007ff984591000 	C:\Program Files\Android\Android Studio\jre\bin\verify.dll
0x00007ff9953f0000 - 0x00007ff995611000 	C:\WINDOWS\SYSTEM32\DBGHELP.DLL
0x00007ff994950000 - 0x00007ff994981000 	C:\WINDOWS\SYSTEM32\dbgcore.DLL
0x00007ff9a76c0000 - 0x00007ff9a773f000 	C:\WINDOWS\System32\bcryptPrimitives.dll
0x00007ff971950000 - 0x00007ff971979000 	C:\Program Files\Android\Android Studio\jre\bin\java.dll
0x00007ff984570000 - 0x00007ff98457b000 	C:\Program Files\Android\Android Studio\jre\bin\jimage.dll
0x00007ff971930000 - 0x00007ff971948000 	C:\Program Files\Android\Android Studio\jre\bin\zip.dll
0x00007ff9a9340000 - 0x00007ff9a9af8000 	C:\WINDOWS\System32\SHELL32.dll
0x00007ff9a5770000 - 0x00007ff9a5fd8000 	C:\WINDOWS\SYSTEM32\windows.storage.dll
0x00007ff9a86e0000 - 0x00007ff9a8a59000 	C:\WINDOWS\System32\combase.dll
0x00007ff9a5600000 - 0x00007ff9a5766000 	C:\WINDOWS\SYSTEM32\wintypes.dll
0x00007ff9a8ed0000 - 0x00007ff9a8fba000 	C:\WINDOWS\System32\SHCORE.dll
0x00007ff9a7fd0000 - 0x00007ff9a802d000 	C:\WINDOWS\System32\shlwapi.dll
0x00007ff9a7530000 - 0x00007ff9a7551000 	C:\WINDOWS\SYSTEM32\profapi.dll
0x00007ff967f60000 - 0x00007ff967f7a000 	C:\Program Files\Android\Android Studio\jre\bin\net.dll
0x00007ff9a2760000 - 0x00007ff9a286c000 	C:\WINDOWS\SYSTEM32\WINHTTP.dll
0x00007ff9a6b30000 - 0x00007ff9a6b97000 	C:\WINDOWS\system32\mswsock.dll
0x00007ff967f40000 - 0x00007ff967f54000 	C:\Program Files\Android\Android Studio\jre\bin\nio.dll
0x00007ff9883e0000 - 0x00007ff988407000 	C:\Users\Dell\.gradle\native\e1d6ef7f7dcc3fd88c89a11ec53ec762bb8ba0a96d01ffa2cd45eb1d1d8dd5c5\windows-amd64\native-platform.dll
0x00007ff971320000 - 0x00007ff971464000 	C:\Users\Dell\.gradle\native\5664cfc778a61ccfe75a443a1ab52a65af34e5dc3c78e0209fed803814484fcb\windows-amd64\native-platform-file-events.dll
0x00007ff984560000 - 0x00007ff98456a000 	C:\Program Files\Android\Android Studio\jre\bin\management.dll
0x00007ff97f8b0000 - 0x00007ff97f8bd000 	C:\Program Files\Android\Android Studio\jre\bin\management_ext.dll
0x00007ff9a6d70000 - 0x00007ff9a6d88000 	C:\WINDOWS\SYSTEM32\CRYPTSP.dll
0x00007ff9a6660000 - 0x00007ff9a6695000 	C:\WINDOWS\system32\rsaenh.dll
0x00007ff9a6c20000 - 0x00007ff9a6c49000 	C:\WINDOWS\SYSTEM32\USERENV.dll
0x00007ff9a6ef0000 - 0x00007ff9a6f17000 	C:\WINDOWS\SYSTEM32\bcrypt.dll
0x00007ff9a6d90000 - 0x00007ff9a6d9c000 	C:\WINDOWS\SYSTEM32\CRYPTBASE.dll
0x00007ff9a6230000 - 0x00007ff9a625d000 	C:\WINDOWS\SYSTEM32\IPHLPAPI.DLL
0x00007ff9a8030000 - 0x00007ff9a8039000 	C:\WINDOWS\System32\NSI.dll
0x00007ff9a2740000 - 0x00007ff9a2759000 	C:\WINDOWS\SYSTEM32\dhcpcsvc6.DLL
0x00007ff9a2c00000 - 0x00007ff9a2c1e000 	C:\WINDOWS\SYSTEM32\dhcpcsvc.DLL
0x00007ff9a6260000 - 0x00007ff9a6348000 	C:\WINDOWS\SYSTEM32\DNSAPI.dll

dbghelp: loaded successfully - version: 4.0.5 - missing functions: none
symbol engine: initialized successfully - sym options: 0x614 - pdb path: .;C:\Program Files\Android\Android Studio\jre\bin;C:\WINDOWS\SYSTEM32;C:\WINDOWS\WinSxS\amd64_microsoft.windows.common-controls_6595b64144ccf1df_6.0.22000.120_none_9d947278b86cc467;C:\Program Files\Android\Android Studio\jre\bin\server;C:\Users\Dell\.gradle\native\e1d6ef7f7dcc3fd88c89a11ec53ec762bb8ba0a96d01ffa2cd45eb1d1d8dd5c5\windows-amd64;C:\Users\Dell\.gradle\native\5664cfc778a61ccfe75a443a1ab52a65af34e5dc3c78e0209fed803814484fcb\windows-amd64

VM Arguments:
jvm_args: --add-opens=java.base/java.util=ALL-UNNAMED --add-opens=java.base/java.lang=ALL-UNNAMED --add-opens=java.base/java.lang.invoke=ALL-UNNAMED --add-opens=java.base/java.util=ALL-UNNAMED --add-opens=java.prefs/java.util.prefs=ALL-UNNAMED --add-opens=java.prefs/java.util.prefs=ALL-UNNAMED --add-opens=java.base/java.nio.charset=ALL-UNNAMED --add-opens=java.base/java.net=ALL-UNNAMED --add-opens=java.base/java.util.concurrent.atomic=ALL-UNNAMED -Xmx2048m -Dfile.encoding=UTF-8 -Duser.country=US -Duser.language=en -Duser.variant 
java_command: org.gradle.launcher.daemon.bootstrap.GradleDaemon 7.3.3
java_class_path (initial): C:\Users\Dell\.gradle\wrapper\dists\gradle-7.3.3-bin\6a41zxkdtcxs8rphpq6y0069z\gradle-7.3.3\lib\gradle-launcher-7.3.3.jar
Launcher Type: SUN_STANDARD

[Global flags]
     intx CICompilerCount                          = 3                                         {product} {ergonomic}
     uint ConcGCThreads                            = 1                                         {product} {ergonomic}
     uint G1ConcRefinementThreads                  = 4                                         {product} {ergonomic}
   size_t G1HeapRegionSize                         = 1048576                                   {product} {ergonomic}
    uintx GCDrainStackTargetSize                   = 64                                        {product} {ergonomic}
   size_t InitialHeapSize                          = 65011712                                  {product} {ergonomic}
   size_t MarkStackSize                            = 4194304                                   {product} {ergonomic}
   size_t MaxHeapSize                              = 2147483648                                {product} {command line}
   size_t MaxNewSize                               = 1287651328                                {product} {ergonomic}
   size_t MinHeapDeltaBytes                        = 1048576                                   {product} {ergonomic}
    uintx NonNMethodCodeHeapSize                   = 5830732                                {pd product} {ergonomic}
    uintx NonProfiledCodeHeapSize                  = 122913754                              {pd product} {ergonomic}
    uintx ProfiledCodeHeapSize                     = 122913754                              {pd product} {ergonomic}
    uintx ReservedCodeCacheSize                    = 251658240                              {pd product} {ergonomic}
     bool SegmentedCodeCache                       = true                                      {product} {ergonomic}
     bool UseCompressedClassPointers               = true                                 {lp64_product} {ergonomic}
     bool UseCompressedOops                        = true                                 {lp64_product} {ergonomic}
     bool UseG1GC                                  = true                                      {product} {ergonomic}
     bool UseLargePagesIndividualAllocation        = false                                  {pd product} {ergonomic}

Logging:
Log output configuration:
 #0: stdout all=warning uptime,level,tags
 #1: stderr all=off uptime,level,tags

Environment Variables:
PATH=C:\Program Files (x86)\NVIDIA Corporation\PhysX\Common;C:\Program Files (x86)\Common Files\Oracle\Java\javapath;C:\WINDOWS\system32;C:\WINDOWS;C:\WINDOWS\System32\Wbem;C:\WINDOWS\System32\WindowsPowerShell\v1.0\;C:\WINDOWS\System32\OpenSSH\;C:\Program Files\dotnet\;C:\Program Files\Microsoft VS Code\bin;C:\Program Files\MySQL\MySQL Shell 8.0\bin\;C:\Users\Dell\AppData\Local\Microsoft\WindowsApps;
USERNAME=Dell
OS=Windows_NT
PROCESSOR_IDENTIFIER=Intel64 Family 6 Model 158 Stepping 11, GenuineIntel



---------------  S Y S T E M  ---------------

OS: Windows 10 , 64 bit Build 22000 (10.0.22000.708)
OS uptime: 0 days 1:11 hours

CPU:total 4 (initial active 4) (4 cores per cpu, 1 threads per core) family 6 model 158 stepping 11 microcode 0xf0, cmov, cx8, fxsr, mmx, sse, sse2, sse3, ssse3, sse4.1, sse4.2, popcnt, avx, avx2, aes, clmul, erms, 3dnowpref, lzcnt, tsc, tscinvbit, bmi1, bmi2, adx, fma

Memory: 4k page, system-wide physical 3906M (251M free)
TotalPageFile size 8002M (AvailPageFile size 363M)
current process WorkingSet (physical memory assigned to process): 529M, peak: 529M
current process commit charge ("private bytes"): 659M, peak: 1337M

vm_info: OpenJDK 64-Bit Server VM (11.0.12+7-b1504.28-7817840) for windows-amd64 JRE (11.0.12+7-b1504.28-7817840), built on Oct 13 2021 22:12:33 by "builder" with MS VC++ 14.0 (VS2015)

END.
