#
# There is insufficient memory for the Java Runtime Environment to continue.
# Native memory allocation (mmap) failed to map 232783872 bytes for Failed to commit area from 0x000000008f900000 to 0x000000009d700000 of length 232783872.
# Possible reasons:
#   The system is out of physical RAM or swap space
#   The process is running with CompressedOops enabled, and the Java Heap may be blocking the growth of the native heap
# Possible solutions:
#   Reduce memory load on the system
#   Increase physical memory or swap space
#   Check if swap backing store is full
#   Decrease Java heap size (-Xmx/-Xms)
#   Decrease number of Java threads
#   Decrease Java thread stack sizes (-Xss)
#   Set larger code cache with -XX:ReservedCodeCacheSize=
#   JVM is running with Unscaled Compressed Oops mode in which the Java heap is
#     placed in the first 4GB address space. The Java Heap base address is the
#     maximum limit for the native heap growth. Please use -XX:HeapBaseMinAddress
#     to set the Java Heap base and to place the Java Heap above 4GB virtual address.
# This output file may be truncated or incomplete.
#
#  Out of Memory Error (./src/hotspot/os/windows/os_windows.cpp:3521), pid=3788, tid=1292
#
# JRE version: OpenJDK Runtime Environment (11.0.12+7) (build 11.0.12+7-b1504.28-7817840)
# Java VM: OpenJDK 64-Bit Server VM (11.0.12+7-b1504.28-7817840, mixed mode, tiered, compressed oops, g1 gc, windows-amd64)
# No core dump will be written. Minidumps are not enabled by default on client versions of Windows
#

---------------  S U M M A R Y ------------

Command Line: --add-opens=java.base/java.util=ALL-UNNAMED --add-opens=java.base/java.lang=ALL-UNNAMED --add-opens=java.base/java.lang.invoke=ALL-UNNAMED --add-opens=java.base/java.util=ALL-UNNAMED --add-opens=java.prefs/java.util.prefs=ALL-UNNAMED --add-opens=java.prefs/java.util.prefs=ALL-UNNAMED --add-opens=java.base/java.nio.charset=ALL-UNNAMED --add-opens=java.base/java.net=ALL-UNNAMED --add-opens=java.base/java.util.concurrent.atomic=ALL-UNNAMED -Xmx2048m -Dfile.encoding=UTF-8 -Duser.country=US -Duser.language=en -Duser.variant org.gradle.launcher.daemon.bootstrap.GradleDaemon 7.3.3

Host: Intel(R) Core(TM) i3-8100 CPU @ 3.60GHz, 4 cores, 3G,  Windows 10 , 64 bit Build 22000 (10.0.22000.708)
Time: Tue Aug 23 11:18:40 2022 India Standard Time elapsed time: 26.844507 seconds (0d 0h 0m 26s)

---------------  T H R E A D  ---------------

Current thread (0x0000022cdd8ab800):  VMThread "VM Thread" [stack: 0x00000070d6a00000,0x00000070d6b00000] [id=1292]

Stack: [0x00000070d6a00000,0x00000070d6b00000]
[error occurred during error reporting (printing stack bounds), id 0xc0000005, EXCEPTION_ACCESS_VIOLATION (0xc0000005) at pc=0x0000022cc77f112d]

Native frames: (J=compiled Java code, j=interpreted, Vv=VM code, C=native code)
V  [jvm.dll+0x5fbcea]
V  [jvm.dll+0x731905]
V  [jvm.dll+0x732f1d]
V  [jvm.dll+0x733535]
V  [jvm.dll+0x7334eb]
V  [jvm.dll+0x5fb080]
V  [jvm.dll+0x5fb818]
C  [ntdll.dll+0xa8fcf]
C  [ntdll.dll+0x35e9a]
C  [ntdll.dll+0xa7fde]
C  0x0000022cc77f112d

VM_Operation (0x00000070dcffdbe0): G1CollectForAllocation, mode: safepoint, requested by thread 0x0000022ce64af000


---------------  P R O C E S S  ---------------

Threads class SMR info:
_java_thread_list=0x0000022ce6375a40, length=101, elements={
0x0000022cc3ce2800, 0x0000022cdd8af000, 0x0000022cdd8b8800, 0x0000022cde232800,
0x0000022cde234000, 0x0000022cde235000, 0x0000022cde238800, 0x0000022cde239800,
0x0000022cdd92d800, 0x0000022cde392000, 0x0000022cdf807800, 0x0000022cdf3c7800,
0x0000022cdf9cb800, 0x0000022cdf681000, 0x0000022ce00ec800, 0x0000022cdfac4000,
0x0000022ce0112000, 0x0000022ce0117800, 0x0000022ce0074000, 0x0000022ce012f800,
0x0000022ce012a800, 0x0000022ce012c000, 0x0000022ce012e000, 0x0000022ce012b800,
0x0000022ce012d000, 0x0000022ce0130000, 0x0000022ce012e800, 0x0000022ce0131000,
0x0000022ce04a7000, 0x0000022ce04a8800, 0x0000022ce04a8000, 0x0000022ce04a6000,
0x0000022ce04ab000, 0x0000022ce04ac000, 0x0000022ce04ad000, 0x0000022ce2a29000,
0x0000022ce2a2f000, 0x0000022ce2a2c800, 0x0000022ce2a2b000, 0x0000022ce2a2d800,
0x0000022ce2a2e000, 0x0000022ce2a2f800, 0x0000022ce2a2a000, 0x0000022ce2a30800,
0x0000022ce2a31800, 0x0000022ce2a2b800, 0x0000022ce2a38000, 0x0000022ce2a34800,
0x0000022ce2a32000, 0x0000022ce2a33000, 0x0000022ce2a37000, 0x0000022ce2a34000,
0x0000022ce2a35800, 0x0000022ce2a36800, 0x0000022ce28a4000, 0x0000022ce28a5000,
0x0000022ce28a5800, 0x0000022ce28a6800, 0x0000022ce28a1000, 0x0000022ce28a3800,
0x0000022ce28a7800, 0x0000022ce28a1800, 0x0000022ce28a8000, 0x0000022ce28a2800,
0x0000022ce28ae800, 0x0000022ce28ac800, 0x0000022ce28aa000, 0x0000022ce28ae000,
0x0000022ce28ab800, 0x0000022ce28a9000, 0x0000022ce28ad000, 0x0000022ce28af800,
0x0000022ce28aa800, 0x0000022ce2df6800, 0x0000022ce2df9000, 0x0000022ce2df3800,
0x0000022ce2df7800, 0x0000022ce2df8800, 0x0000022ce2df4000, 0x0000022ce2dfa800,
0x0000022ce2df5000, 0x0000022ce2dfb800, 0x0000022ce2df6000, 0x0000022ce2dff800,
0x0000022ce2dff000, 0x0000022ce2e00800, 0x0000022ce2dfd000, 0x0000022ce2dfc800,
0x0000022ce2e01000, 0x0000022ce2e02000, 0x0000022ce64ad000, 0x0000022ce2b32800,
0x0000022ce64a7800, 0x0000022ce64ab000, 0x0000022ce64a9000, 0x0000022ce64a8800,
0x0000022ce64ae000, 0x0000022ce64af000, 0x0000022ce64ab800, 0x0000022ce64af800,
0x0000022ce64ac800
}

Java Threads: ( => current thread )
  0x0000022cc3ce2800 JavaThread "main" [_thread_blocked, id=5272, stack(0x00000070d6400000,0x00000070d6500000)]
  0x0000022cdd8af000 JavaThread "Reference Handler" daemon [_thread_blocked, id=6556, stack(0x00000070d6b00000,0x00000070d6c00000)]
  0x0000022cdd8b8800 JavaThread "Finalizer" daemon [_thread_blocked, id=720, stack(0x00000070d6c00000,0x00000070d6d00000)]
  0x0000022cde232800 JavaThread "Signal Dispatcher" daemon [_thread_blocked, id=1328, stack(0x00000070d6d00000,0x00000070d6e00000)]
  0x0000022cde234000 JavaThread "Attach Listener" daemon [_thread_blocked, id=1636, stack(0x00000070d6e00000,0x00000070d6f00000)]
  0x0000022cde235000 JavaThread "Service Thread" daemon [_thread_blocked, id=8052, stack(0x00000070d6f00000,0x00000070d7000000)]
  0x0000022cde238800 JavaThread "C2 CompilerThread0" daemon [_thread_in_native, id=8244, stack(0x00000070d7000000,0x00000070d7100000)]
  0x0000022cde239800 JavaThread "C1 CompilerThread0" daemon [_thread_blocked, id=9932, stack(0x00000070d7100000,0x00000070d7200000)]
  0x0000022cdd92d800 JavaThread "Sweeper thread" daemon [_thread_blocked, id=3852, stack(0x00000070d7200000,0x00000070d7300000)]
  0x0000022cde392000 JavaThread "Common-Cleaner" daemon [_thread_blocked, id=12008, stack(0x00000070d7300000,0x00000070d7400000)]
  0x0000022cdf807800 JavaThread "Daemon health stats" [_thread_blocked, id=5640, stack(0x00000070d7600000,0x00000070d7700000)]
  0x0000022cdf3c7800 JavaThread "Incoming local TCP Connector on port 56298" [_thread_in_native, id=5064, stack(0x00000070d7700000,0x00000070d7800000)]
  0x0000022cdf9cb800 JavaThread "Daemon" [_thread_blocked, id=7428, stack(0x00000070d7800000,0x00000070d7900000)]
  0x0000022cdf681000 JavaThread "Daemon periodic checks" [_thread_blocked, id=9592, stack(0x00000070d7900000,0x00000070d7a00000)]
  0x0000022ce00ec800 JavaThread "Handler for socket connection from /127.0.0.1:56298 to /127.0.0.1:56299" [_thread_in_native, id=11260, stack(0x00000070d7a00000,0x00000070d7b00000)]
  0x0000022cdfac4000 JavaThread "Cancel handler" [_thread_blocked, id=7920, stack(0x00000070d7b00000,0x00000070d7c00000)]
  0x0000022ce0112000 JavaThread "Daemon worker" [_thread_blocked, id=11032, stack(0x00000070d7c00000,0x00000070d7d00000)]
  0x0000022ce0117800 JavaThread "Asynchronous log dispatcher for DefaultDaemonConnection: socket connection from /127.0.0.1:56298 to /127.0.0.1:56299" [_thread_blocked, id=268, stack(0x00000070d7d00000,0x00000070d7e00000)]
  0x0000022ce0074000 JavaThread "Stdin handler" [_thread_blocked, id=10844, stack(0x00000070d7e00000,0x00000070d7f00000)]
  0x0000022ce012f800 JavaThread "Daemon client event forwarder" [_thread_blocked, id=4252, stack(0x00000070d7f00000,0x00000070d8000000)]
  0x0000022ce012a800 JavaThread "Cache worker for journal cache (C:\Users\Dell\.gradle\caches\journal-1)" [_thread_blocked, id=7504, stack(0x00000070d8200000,0x00000070d8300000)]
  0x0000022ce012c000 JavaThread "File lock request listener" [_thread_in_native, id=3724, stack(0x00000070d8300000,0x00000070d8400000)]
  0x0000022ce012e000 JavaThread "Cache worker for file hash cache (C:\Users\Dell\.gradle\caches\7.3.3\fileHashes)" [_thread_blocked, id=1272, stack(0x00000070d8400000,0x00000070d8500000)]
  0x0000022ce012b800 JavaThread "Cache worker for file hash cache (C:\Users\Dell\Viwall\.gradle\7.3.3\fileHashes)" [_thread_blocked, id=10276, stack(0x00000070d8500000,0x00000070d8600000)]
  0x0000022ce012d000 JavaThread "File watcher server" daemon [_thread_blocked, id=1692, stack(0x00000070d8600000,0x00000070d8700000)]
  0x0000022ce0130000 JavaThread "File watcher consumer" daemon [_thread_blocked, id=9104, stack(0x00000070d8700000,0x00000070d8800000)]
  0x0000022ce012e800 JavaThread "Cache worker for checksums cache (C:\Users\Dell\Viwall\.gradle\7.3.3\checksums)" [_thread_blocked, id=11240, stack(0x00000070d8800000,0x00000070d8900000)]
  0x0000022ce0131000 JavaThread "Cache worker for cache directory md-supplier (C:\Users\Dell\.gradle\caches\7.3.3\md-supplier)" [_thread_blocked, id=8384, stack(0x00000070d8900000,0x00000070d8a00000)]
  0x0000022ce04a7000 JavaThread "Cache worker for cache directory md-rule (C:\Users\Dell\.gradle\caches\7.3.3\md-rule)" [_thread_blocked, id=2740, stack(0x00000070d8a00000,0x00000070d8b00000)]
  0x0000022ce04a8800 JavaThread "Cache worker for execution history cache (C:\Users\Dell\.gradle\caches\7.3.3\executionHistory)" [_thread_blocked, id=8168, stack(0x00000070d8b00000,0x00000070d8c00000)]
  0x0000022ce04a8000 JavaThread "jar transforms" [_thread_blocked, id=9676, stack(0x00000070d8c00000,0x00000070d8d00000)]
  0x0000022ce04a6000 JavaThread "Cache worker for file content cache (C:\Users\Dell\.gradle\caches\7.3.3\fileContent)" [_thread_blocked, id=8860, stack(0x00000070d8d00000,0x00000070d8e00000)]
  0x0000022ce04ab000 JavaThread "jar transforms Thread 2" [_thread_blocked, id=10136, stack(0x00000070d8e00000,0x00000070d8f00000)]
  0x0000022ce04ac000 JavaThread "Cache worker for dependencies-accessors (C:\Users\Dell\Viwall\.gradle\7.3.3\dependencies-accessors)" [_thread_blocked, id=10668, stack(0x00000070d8f00000,0x00000070d9000000)]
  0x0000022ce04ad000 JavaThread "jar transforms Thread 3" [_thread_blocked, id=2732, stack(0x00000070d9000000,0x00000070d9100000)]
  0x0000022ce2a29000 JavaThread "Cache worker for Build Output Cleanup Cache (C:\Users\Dell\Viwall\.gradle\buildOutputCleanup)" [_thread_blocked, id=8648, stack(0x00000070d9100000,0x00000070d9200000)]
  0x0000022ce2a2f000 JavaThread "Unconstrained build operations" [_thread_blocked, id=8608, stack(0x00000070d9200000,0x00000070d9300000)]
  0x0000022ce2a2c800 JavaThread "Unconstrained build operations Thread 2" [_thread_blocked, id=12208, stack(0x00000070d9300000,0x00000070d9400000)]
  0x0000022ce2a2b000 JavaThread "Unconstrained build operations Thread 3" [_thread_blocked, id=11084, stack(0x00000070d9400000,0x00000070d9500000)]
  0x0000022ce2a2d800 JavaThread "Unconstrained build operations Thread 4" [_thread_blocked, id=1260, stack(0x00000070d9500000,0x00000070d9600000)]
  0x0000022ce2a2e000 JavaThread "Unconstrained build operations Thread 5" [_thread_blocked, id=5832, stack(0x00000070d9600000,0x00000070d9700000)]
  0x0000022ce2a2f800 JavaThread "Unconstrained build operations Thread 6" [_thread_blocked, id=7000, stack(0x00000070d9700000,0x00000070d9800000)]
  0x0000022ce2a2a000 JavaThread "Unconstrained build operations Thread 7" [_thread_blocked, id=8240, stack(0x00000070d9800000,0x00000070d9900000)]
  0x0000022ce2a30800 JavaThread "Unconstrained build operations Thread 8" [_thread_blocked, id=9920, stack(0x00000070d9900000,0x00000070d9a00000)]
  0x0000022ce2a31800 JavaThread "Unconstrained build operations Thread 9" [_thread_blocked, id=10020, stack(0x00000070d9a00000,0x00000070d9b00000)]
  0x0000022ce2a2b800 JavaThread "Unconstrained build operations Thread 10" [_thread_blocked, id=10792, stack(0x00000070d9b00000,0x00000070d9c00000)]
  0x0000022ce2a38000 JavaThread "Unconstrained build operations Thread 11" [_thread_blocked, id=8120, stack(0x00000070d9c00000,0x00000070d9d00000)]
  0x0000022ce2a34800 JavaThread "Unconstrained build operations Thread 12" [_thread_blocked, id=12012, stack(0x00000070d9d00000,0x00000070d9e00000)]
  0x0000022ce2a32000 JavaThread "Unconstrained build operations Thread 13" [_thread_blocked, id=2012, stack(0x00000070d9e00000,0x00000070d9f00000)]
  0x0000022ce2a33000 JavaThread "Unconstrained build operations Thread 14" [_thread_blocked, id=12100, stack(0x00000070d9f00000,0x00000070da000000)]
  0x0000022ce2a37000 JavaThread "Unconstrained build operations Thread 15" [_thread_blocked, id=8672, stack(0x00000070da000000,0x00000070da100000)]
  0x0000022ce2a34000 JavaThread "Unconstrained build operations Thread 16" [_thread_blocked, id=7960, stack(0x00000070da100000,0x00000070da200000)]
  0x0000022ce2a35800 JavaThread "Unconstrained build operations Thread 17" [_thread_blocked, id=7880, stack(0x00000070da200000,0x00000070da300000)]
  0x0000022ce2a36800 JavaThread "Unconstrained build operations Thread 18" [_thread_blocked, id=2556, stack(0x00000070da300000,0x00000070da400000)]
  0x0000022ce28a4000 JavaThread "Unconstrained build operations Thread 19" [_thread_blocked, id=5968, stack(0x00000070da400000,0x00000070da500000)]
  0x0000022ce28a5000 JavaThread "Unconstrained build operations Thread 20" [_thread_blocked, id=10376, stack(0x00000070da500000,0x00000070da600000)]
  0x0000022ce28a5800 JavaThread "Unconstrained build operations Thread 21" [_thread_blocked, id=7856, stack(0x00000070da600000,0x00000070da700000)]
  0x0000022ce28a6800 JavaThread "Unconstrained build operations Thread 22" [_thread_blocked, id=4424, stack(0x00000070da700000,0x00000070da800000)]
  0x0000022ce28a1000 JavaThread "Unconstrained build operations Thread 23" [_thread_blocked, id=10628, stack(0x00000070da800000,0x00000070da900000)]
  0x0000022ce28a3800 JavaThread "Unconstrained build operations Thread 24" [_thread_blocked, id=11120, stack(0x00000070da900000,0x00000070daa00000)]
  0x0000022ce28a7800 JavaThread "Unconstrained build operations Thread 25" [_thread_blocked, id=2748, stack(0x00000070daa00000,0x00000070dab00000)]
  0x0000022ce28a1800 JavaThread "Unconstrained build operations Thread 26" [_thread_blocked, id=12096, stack(0x00000070dab00000,0x00000070dac00000)]
  0x0000022ce28a8000 JavaThread "Unconstrained build operations Thread 27" [_thread_blocked, id=8536, stack(0x00000070dac00000,0x00000070dad00000)]
  0x0000022ce28a2800 JavaThread "Unconstrained build operations Thread 28" [_thread_blocked, id=5800, stack(0x00000070dad00000,0x00000070dae00000)]
  0x0000022ce28ae800 JavaThread "Unconstrained build operations Thread 29" [_thread_blocked, id=9812, stack(0x00000070dae00000,0x00000070daf00000)]
  0x0000022ce28ac800 JavaThread "Unconstrained build operations Thread 30" [_thread_blocked, id=2164, stack(0x00000070daf00000,0x00000070db000000)]
  0x0000022ce28aa000 JavaThread "Unconstrained build operations Thread 31" [_thread_blocked, id=11284, stack(0x00000070db000000,0x00000070db100000)]
  0x0000022ce28ae000 JavaThread "Unconstrained build operations Thread 32" [_thread_blocked, id=7968, stack(0x00000070db100000,0x00000070db200000)]
  0x0000022ce28ab800 JavaThread "Unconstrained build operations Thread 33" [_thread_blocked, id=5216, stack(0x00000070db200000,0x00000070db300000)]
  0x0000022ce28a9000 JavaThread "Unconstrained build operations Thread 34" [_thread_blocked, id=6696, stack(0x00000070db300000,0x00000070db400000)]
  0x0000022ce28ad000 JavaThread "Unconstrained build operations Thread 35" [_thread_blocked, id=5664, stack(0x00000070db400000,0x00000070db500000)]
  0x0000022ce28af800 JavaThread "Unconstrained build operations Thread 36" [_thread_blocked, id=9868, stack(0x00000070db500000,0x00000070db600000)]
  0x0000022ce28aa800 JavaThread "Unconstrained build operations Thread 37" [_thread_blocked, id=8520, stack(0x00000070db600000,0x00000070db700000)]
  0x0000022ce2df6800 JavaThread "Unconstrained build operations Thread 38" [_thread_blocked, id=10608, stack(0x00000070db700000,0x00000070db800000)]
  0x0000022ce2df9000 JavaThread "Unconstrained build operations Thread 39" [_thread_blocked, id=9656, stack(0x00000070db800000,0x00000070db900000)]
  0x0000022ce2df3800 JavaThread "Unconstrained build operations Thread 40" [_thread_blocked, id=8500, stack(0x00000070db900000,0x00000070dba00000)]
  0x0000022ce2df7800 JavaThread "jar transforms Thread 4" [_thread_blocked, id=7900, stack(0x00000070dbb00000,0x00000070dbc00000)]
  0x0000022ce2df8800 JavaThread "Memory manager" [_thread_blocked, id=12108, stack(0x00000070dbc00000,0x00000070dbd00000)]
  0x0000022ce2df4000 JavaThread "build event listener" [_thread_blocked, id=6524, stack(0x00000070dbd00000,0x00000070dbe00000)]
  0x0000022ce2dfa800 JavaThread "build event listener" [_thread_blocked, id=2416, stack(0x00000070dbe00000,0x00000070dbf00000)]
  0x0000022ce2df5000 JavaThread "pool-3-thread-1" [_thread_blocked, id=8412, stack(0x00000070dbf00000,0x00000070dc000000)]
  0x0000022ce2dfb800 JavaThread "build event listener" [_thread_blocked, id=11040, stack(0x00000070dc000000,0x00000070dc100000)]
  0x0000022ce2df6000 JavaThread "Execution worker for ':'" [_thread_blocked, id=1116, stack(0x00000070dc100000,0x00000070dc200000)]
  0x0000022ce2dff800 JavaThread "Execution worker for ':' Thread 2" [_thread_blocked, id=5904, stack(0x00000070dc200000,0x00000070dc300000)]
  0x0000022ce2dff000 JavaThread "Execution worker for ':' Thread 3" [_thread_blocked, id=3056, stack(0x00000070dc300000,0x00000070dc400000)]
  0x0000022ce2e00800 JavaThread "Cache worker for execution history cache (C:\Users\Dell\Viwall\.gradle\7.3.3\executionHistory)" [_thread_blocked, id=376, stack(0x00000070dc400000,0x00000070dc500000)]
  0x0000022ce2dfd000 JavaThread "RMI Scheduler(0)" daemon [_thread_blocked, id=8940, stack(0x00000070dba00000,0x00000070dbb00000)]
  0x0000022ce2dfc800 JavaThread "RMI GC Daemon" daemon [_thread_blocked, id=7100, stack(0x00000070dc600000,0x00000070dc700000)]
  0x0000022ce2e01000 JavaThread "RMI TCP Accept-0" daemon [_thread_in_native, id=4588, stack(0x00000070dc700000,0x00000070dc800000)]
  0x0000022ce2e02000 JavaThread "RMI Reaper" [_thread_blocked, id=2776, stack(0x00000070dc800000,0x00000070dc900000)]
  0x0000022ce64ad000 JavaThread "RMI TCP Connection(1)-127.0.0.1" daemon [_thread_in_native, id=11088, stack(0x00000070dca00000,0x00000070dcb00000)]
  0x0000022ce2b32800 JavaThread "C2 CompilerThread1" daemon [_thread_in_native, id=11208, stack(0x00000070dc900000,0x00000070dca00000)]
  0x0000022ce64a7800 JavaThread "WorkerExecutor Queue" [_thread_blocked, id=2624, stack(0x00000070dc500000,0x00000070dc600000)]
  0x0000022ce64ab000 JavaThread "WorkerExecutor Queue Thread 2" [_thread_blocked, id=5344, stack(0x00000070dcb00000,0x00000070dcc00000)]
  0x0000022ce64a9000 JavaThread "WorkerExecutor Queue Thread 3" [_thread_blocked, id=5388, stack(0x00000070dcc00000,0x00000070dcd00000)]
  0x0000022ce64a8800 JavaThread "WorkerExecutor Queue Thread 4" [_thread_blocked, id=4092, stack(0x00000070dcd00000,0x00000070dce00000)]
  0x0000022ce64ae000 JavaThread "WorkerExecutor Queue Thread 5" [_thread_blocked, id=2232, stack(0x00000070dce00000,0x00000070dcf00000)]
  0x0000022ce64af000 JavaThread "ForkJoinPool-1-worker-3" daemon [_thread_blocked, id=7520, stack(0x00000070dcf00000,0x00000070dd000000)]
  0x0000022ce64ab800 JavaThread "ForkJoinPool-1-worker-5" daemon [_thread_blocked, id=10648, stack(0x00000070dd000000,0x00000070dd100000)]
  0x0000022ce64af800 JavaThread "ForkJoinPool-1-worker-7" daemon [_thread_blocked, id=6044, stack(0x00000070dd100000,0x00000070dd200000)]
  0x0000022ce64ac800 JavaThread "ForkJoinPool-1-worker-1" daemon [_thread_blocked, id=8912, stack(0x00000070dd200000,0x00000070dd300000)]

Other Threads:
=>0x0000022cdd8ab800 VMThread "VM Thread" [stack: 0x00000070d6a00000,0x00000070d6b00000] [id=1292]
  0x0000022cde39f000 WatcherThread [stack: 0x00000070d7400000,0x00000070d7500000] [id=8164]
  0x0000022cc1c7e800 GCTaskThread "GC Thread#0" [stack: 0x00000070d6500000,0x00000070d6600000] [id=9068]
  0x0000022cdeca7000 GCTaskThread "GC Thread#1" [stack: 0x00000070d7500000,0x00000070d7600000] [id=3776]
  0x0000022ce009d000 GCTaskThread "GC Thread#2" [stack: 0x00000070d8000000,0x00000070d8100000] [id=11992]
  0x0000022ce0288000 GCTaskThread "GC Thread#3" [stack: 0x00000070d8100000,0x00000070d8200000] [id=2724]
  0x0000022cc3d2a000 ConcurrentGCThread "G1 Main Marker" [stack: 0x00000070d6600000,0x00000070d6700000] [id=11960]
  0x0000022cc3d2b000 ConcurrentGCThread "G1 Conc#0" [stack: 0x00000070d6700000,0x00000070d6800000] [id=2760]
  0x0000022cc3d89800 ConcurrentGCThread "G1 Refine#0" [stack: 0x00000070d6800000,0x00000070d6900000] [id=5464]
  0x0000022cc3d8c800 ConcurrentGCThread "G1 Young RemSet Sampling" [stack: 0x00000070d6900000,0x00000070d6a00000] [id=10800]

Threads with active compile tasks:
C2 CompilerThread0  26874 13349       4       com.android.tools.r8.dex.j::a (1042 bytes)
C2 CompilerThread1  26874 13255       4       com.android.tools.r8.dex.j::e (664 bytes)

VM state:at safepoint (normal execution)

VM Mutex/Monitor currently owned by a thread:  ([mutex/lock_event])
[0x0000022cc3ce0100] Threads_lock - owner thread: 0x0000022cdd8ab800
[0x0000022cc3cde3c0] Heap_lock - owner thread: 0x0000022ce64af000

Heap address: 0x0000000080000000, size: 2048 MB, Compressed Oops mode: 32-bit
Narrow klass base: 0x0000000000000000, Narrow klass shift: 3
Compressed class space size: 1073741824 Address: 0x0000000100000000

Heap:
 garbage-first heap   total 482304K, used 221694K [0x0000000080000000, 0x0000000100000000)
  region size 1024K, 2 young (2048K), 2 survivors (2048K)
 Metaspace       used 111264K, capacity 114257K, committed 114636K, reserved 1148928K
  class space    used 14615K, capacity 15742K, committed 15872K, reserved 1048576K
Heap Regions: E=young(eden), S=young(survivor), O=old, HS=humongous(starts), HC=humongous(continues), CS=collection set, F=free, A=archive, TAMS=top-at-mark-start (previous, next)
|   0|0x0000000080000000, 0x0000000080100000, 0x0000000080100000|100%| O|  |TAMS 0x0000000080100000, 0x0000000080100000| Untracked 
|   1|0x0000000080100000, 0x0000000080200000, 0x0000000080200000|100%| O|  |TAMS 0x0000000080200000, 0x0000000080200000| Untracked 
|   2|0x0000000080200000, 0x0000000080300000, 0x0000000080300000|100%| O|  |TAMS 0x0000000080300000, 0x0000000080300000| Untracked 
|   3|0x0000000080300000, 0x0000000080400000, 0x0000000080400000|100%|HS|  |TAMS 0x0000000080400000, 0x0000000080400000| Complete 
|   4|0x0000000080400000, 0x0000000080500000, 0x0000000080500000|100%|HC|  |TAMS 0x0000000080500000, 0x0000000080500000| Complete 
|   5|0x0000000080500000, 0x0000000080600000, 0x0000000080600000|100%|HC|  |TAMS 0x0000000080600000, 0x0000000080600000| Complete 
|   6|0x0000000080600000, 0x0000000080700000, 0x0000000080700000|100%| O|  |TAMS 0x0000000080700000, 0x0000000080700000| Untracked 
|   7|0x0000000080700000, 0x0000000080800000, 0x0000000080800000|100%| O|  |TAMS 0x0000000080800000, 0x0000000080800000| Untracked 
|   8|0x0000000080800000, 0x0000000080900000, 0x0000000080900000|100%| O|  |TAMS 0x0000000080900000, 0x0000000080900000| Untracked 
|   9|0x0000000080900000, 0x0000000080a00000, 0x0000000080a00000|100%| O|  |TAMS 0x0000000080a00000, 0x0000000080a00000| Untracked 
|  10|0x0000000080a00000, 0x0000000080b00000, 0x0000000080b00000|100%| O|  |TAMS 0x0000000080b00000, 0x0000000080b00000| Untracked 
|  11|0x0000000080b00000, 0x0000000080c00000, 0x0000000080c00000|100%| O|  |TAMS 0x0000000080c00000, 0x0000000080c00000| Untracked 
|  12|0x0000000080c00000, 0x0000000080d00000, 0x0000000080d00000|100%| O|  |TAMS 0x0000000080d00000, 0x0000000080d00000| Untracked 
|  13|0x0000000080d00000, 0x0000000080e00000, 0x0000000080e00000|100%| O|  |TAMS 0x0000000080e00000, 0x0000000080e00000| Untracked 
|  14|0x0000000080e00000, 0x0000000080f00000, 0x0000000080f00000|100%| O|  |TAMS 0x0000000080f00000, 0x0000000080f00000| Untracked 
|  15|0x0000000080f00000, 0x0000000081000000, 0x0000000081000000|100%| O|  |TAMS 0x0000000081000000, 0x0000000081000000| Untracked 
|  16|0x0000000081000000, 0x0000000081100000, 0x0000000081100000|100%| O|  |TAMS 0x0000000081100000, 0x0000000081100000| Untracked 
|  17|0x0000000081100000, 0x0000000081200000, 0x0000000081200000|100%| O|  |TAMS 0x0000000081200000, 0x0000000081200000| Untracked 
|  18|0x0000000081200000, 0x0000000081300000, 0x0000000081300000|100%| O|  |TAMS 0x0000000081300000, 0x0000000081300000| Untracked 
|  19|0x0000000081300000, 0x0000000081400000, 0x0000000081400000|100%| O|  |TAMS 0x0000000081400000, 0x0000000081400000| Untracked 
|  20|0x0000000081400000, 0x0000000081500000, 0x0000000081500000|100%| O|  |TAMS 0x0000000081500000, 0x0000000081500000| Untracked 
|  21|0x0000000081500000, 0x0000000081600000, 0x0000000081600000|100%| O|  |TAMS 0x0000000081600000, 0x0000000081600000| Untracked 
|  22|0x0000000081600000, 0x0000000081700000, 0x0000000081700000|100%| O|  |TAMS 0x0000000081700000, 0x0000000081700000| Untracked 
|  23|0x0000000081700000, 0x0000000081800000, 0x0000000081800000|100%| O|  |TAMS 0x0000000081800000, 0x0000000081800000| Untracked 
|  24|0x0000000081800000, 0x0000000081900000, 0x0000000081900000|100%| O|  |TAMS 0x0000000081900000, 0x0000000081900000| Untracked 
|  25|0x0000000081900000, 0x0000000081a00000, 0x0000000081a00000|100%| O|  |TAMS 0x0000000081a00000, 0x0000000081a00000| Untracked 
|  26|0x0000000081a00000, 0x0000000081b00000, 0x0000000081b00000|100%| O|  |TAMS 0x0000000081b00000, 0x0000000081b00000| Untracked 
|  27|0x0000000081b00000, 0x0000000081c00000, 0x0000000081c00000|100%| O|  |TAMS 0x0000000081c00000, 0x0000000081c00000| Untracked 
|  28|0x0000000081c00000, 0x0000000081d00000, 0x0000000081d00000|100%|HS|  |TAMS 0x0000000081d00000, 0x0000000081d00000| Complete 
|  29|0x0000000081d00000, 0x0000000081e00000, 0x0000000081e00000|100%|HS|  |TAMS 0x0000000081e00000, 0x0000000081e00000| Complete 
|  30|0x0000000081e00000, 0x0000000081f00000, 0x0000000081f00000|100%|HS|  |TAMS 0x0000000081f00000, 0x0000000081f00000| Complete 
|  31|0x0000000081f00000, 0x0000000082000000, 0x0000000082000000|100%|HS|  |TAMS 0x0000000082000000, 0x0000000082000000| Complete 
|  32|0x0000000082000000, 0x0000000082100000, 0x0000000082100000|100%|HC|  |TAMS 0x0000000082100000, 0x0000000082100000| Complete 
|  33|0x0000000082100000, 0x0000000082200000, 0x0000000082200000|100%|HC|  |TAMS 0x0000000082200000, 0x0000000082200000| Complete 
|  34|0x0000000082200000, 0x0000000082300000, 0x0000000082300000|100%|HS|  |TAMS 0x0000000082300000, 0x0000000082300000| Complete 
|  35|0x0000000082300000, 0x0000000082400000, 0x0000000082400000|100%|HC|  |TAMS 0x0000000082400000, 0x0000000082400000| Complete 
|  36|0x0000000082400000, 0x0000000082500000, 0x0000000082500000|100%| O|  |TAMS 0x0000000082500000, 0x0000000082500000| Untracked 
|  37|0x0000000082500000, 0x0000000082600000, 0x0000000082600000|100%| O|  |TAMS 0x0000000082600000, 0x0000000082600000| Untracked 
|  38|0x0000000082600000, 0x0000000082700000, 0x0000000082700000|100%| O|  |TAMS 0x0000000082700000, 0x0000000082700000| Untracked 
|  39|0x0000000082700000, 0x0000000082800000, 0x0000000082800000|100%| O|  |TAMS 0x0000000082800000, 0x0000000082800000| Untracked 
|  40|0x0000000082800000, 0x0000000082900000, 0x0000000082900000|100%| O|  |TAMS 0x0000000082900000, 0x0000000082900000| Untracked 
|  41|0x0000000082900000, 0x0000000082a00000, 0x0000000082a00000|100%| O|  |TAMS 0x0000000082a00000, 0x0000000082a00000| Untracked 
|  42|0x0000000082a00000, 0x0000000082b00000, 0x0000000082b00000|100%| O|  |TAMS 0x0000000082b00000, 0x0000000082b00000| Untracked 
|  43|0x0000000082b00000, 0x0000000082c00000, 0x0000000082c00000|100%| O|  |TAMS 0x0000000082c00000, 0x0000000082c00000| Untracked 
|  44|0x0000000082c00000, 0x0000000082d00000, 0x0000000082d00000|100%| O|  |TAMS 0x0000000082d00000, 0x0000000082d00000| Untracked 
|  45|0x0000000082d00000, 0x0000000082e00000, 0x0000000082e00000|100%| O|  |TAMS 0x0000000082e00000, 0x0000000082e00000| Untracked 
|  46|0x0000000082e00000, 0x0000000082f00000, 0x0000000082f00000|100%| O|  |TAMS 0x0000000082f00000, 0x0000000082f00000| Untracked 
|  47|0x0000000082f00000, 0x0000000083000000, 0x0000000083000000|100%| O|  |TAMS 0x0000000083000000, 0x0000000083000000| Untracked 
|  48|0x0000000083000000, 0x0000000083100000, 0x0000000083100000|100%| O|  |TAMS 0x0000000083100000, 0x0000000083100000| Untracked 
|  49|0x0000000083100000, 0x0000000083200000, 0x0000000083200000|100%| O|  |TAMS 0x0000000083200000, 0x0000000083200000| Untracked 
|  50|0x0000000083200000, 0x0000000083300000, 0x0000000083300000|100%| O|  |TAMS 0x0000000083300000, 0x0000000083300000| Untracked 
|  51|0x0000000083300000, 0x0000000083400000, 0x0000000083400000|100%| O|  |TAMS 0x0000000083400000, 0x0000000083400000| Untracked 
|  52|0x0000000083400000, 0x0000000083500000, 0x0000000083500000|100%| O|  |TAMS 0x0000000083500000, 0x0000000083500000| Untracked 
|  53|0x0000000083500000, 0x0000000083600000, 0x0000000083600000|100%| O|  |TAMS 0x0000000083600000, 0x0000000083600000| Untracked 
|  54|0x0000000083600000, 0x0000000083700000, 0x0000000083700000|100%| O|  |TAMS 0x0000000083700000, 0x0000000083700000| Untracked 
|  55|0x0000000083700000, 0x0000000083800000, 0x0000000083800000|100%| O|  |TAMS 0x0000000083800000, 0x0000000083800000| Untracked 
|  56|0x0000000083800000, 0x0000000083900000, 0x0000000083900000|100%| O|  |TAMS 0x0000000083900000, 0x0000000083900000| Untracked 
|  57|0x0000000083900000, 0x0000000083a00000, 0x0000000083a00000|100%| O|  |TAMS 0x0000000083a00000, 0x0000000083a00000| Untracked 
|  58|0x0000000083a00000, 0x0000000083b00000, 0x0000000083b00000|100%| O|  |TAMS 0x0000000083b00000, 0x0000000083b00000| Untracked 
|  59|0x0000000083b00000, 0x0000000083c00000, 0x0000000083c00000|100%| O|  |TAMS 0x0000000083c00000, 0x0000000083c00000| Untracked 
|  60|0x0000000083c00000, 0x0000000083d00000, 0x0000000083d00000|100%| O|  |TAMS 0x0000000083d00000, 0x0000000083d00000| Untracked 
|  61|0x0000000083d00000, 0x0000000083e00000, 0x0000000083e00000|100%| O|  |TAMS 0x0000000083e00000, 0x0000000083e00000| Untracked 
|  62|0x0000000083e00000, 0x0000000083f00000, 0x0000000083f00000|100%| O|  |TAMS 0x0000000083f00000, 0x0000000083f00000| Untracked 
|  63|0x0000000083f00000, 0x0000000084000000, 0x0000000084000000|100%| O|  |TAMS 0x0000000084000000, 0x0000000084000000| Untracked 
|  64|0x0000000084000000, 0x0000000084100000, 0x0000000084100000|100%| O|  |TAMS 0x0000000084100000, 0x0000000084100000| Untracked 
|  65|0x0000000084100000, 0x0000000084200000, 0x0000000084200000|100%| O|  |TAMS 0x0000000084200000, 0x0000000084200000| Untracked 
|  66|0x0000000084200000, 0x0000000084300000, 0x0000000084300000|100%| O|  |TAMS 0x0000000084300000, 0x0000000084300000| Untracked 
|  67|0x0000000084300000, 0x0000000084400000, 0x0000000084400000|100%| O|  |TAMS 0x0000000084400000, 0x0000000084400000| Untracked 
|  68|0x0000000084400000, 0x0000000084500000, 0x0000000084500000|100%| O|  |TAMS 0x0000000084500000, 0x0000000084500000| Untracked 
|  69|0x0000000084500000, 0x0000000084600000, 0x0000000084600000|100%| O|  |TAMS 0x0000000084600000, 0x0000000084600000| Untracked 
|  70|0x0000000084600000, 0x0000000084700000, 0x0000000084700000|100%| O|  |TAMS 0x0000000084700000, 0x0000000084700000| Untracked 
|  71|0x0000000084700000, 0x0000000084800000, 0x0000000084800000|100%| O|  |TAMS 0x0000000084800000, 0x0000000084800000| Untracked 
|  72|0x0000000084800000, 0x0000000084900000, 0x0000000084900000|100%| O|  |TAMS 0x0000000084900000, 0x0000000084900000| Untracked 
|  73|0x0000000084900000, 0x0000000084a00000, 0x0000000084a00000|100%| O|  |TAMS 0x0000000084a00000, 0x0000000084a00000| Untracked 
|  74|0x0000000084a00000, 0x0000000084b00000, 0x0000000084b00000|100%| O|  |TAMS 0x0000000084b00000, 0x0000000084b00000| Untracked 
|  75|0x0000000084b00000, 0x0000000084c00000, 0x0000000084c00000|100%| O|  |TAMS 0x0000000084c00000, 0x0000000084c00000| Untracked 
|  76|0x0000000084c00000, 0x0000000084d00000, 0x0000000084d00000|100%| O|  |TAMS 0x0000000084d00000, 0x0000000084d00000| Untracked 
|  77|0x0000000084d00000, 0x0000000084e00000, 0x0000000084e00000|100%| O|  |TAMS 0x0000000084e00000, 0x0000000084e00000| Untracked 
|  78|0x0000000084e00000, 0x0000000084f00000, 0x0000000084f00000|100%| O|  |TAMS 0x0000000084f00000, 0x0000000084f00000| Untracked 
|  79|0x0000000084f00000, 0x0000000085000000, 0x0000000085000000|100%| O|  |TAMS 0x0000000085000000, 0x0000000085000000| Untracked 
|  80|0x0000000085000000, 0x0000000085100000, 0x0000000085100000|100%| O|  |TAMS 0x0000000085100000, 0x0000000085100000| Untracked 
|  81|0x0000000085100000, 0x0000000085200000, 0x0000000085200000|100%| O|  |TAMS 0x0000000085200000, 0x0000000085200000| Untracked 
|  82|0x0000000085200000, 0x0000000085300000, 0x0000000085300000|100%| O|  |TAMS 0x0000000085300000, 0x0000000085300000| Untracked 
|  83|0x0000000085300000, 0x0000000085400000, 0x0000000085400000|100%| O|  |TAMS 0x0000000085400000, 0x0000000085400000| Untracked 
|  84|0x0000000085400000, 0x0000000085500000, 0x0000000085500000|100%| O|  |TAMS 0x0000000085500000, 0x0000000085500000| Untracked 
|  85|0x0000000085500000, 0x0000000085600000, 0x0000000085600000|100%| O|  |TAMS 0x0000000085600000, 0x0000000085600000| Untracked 
|  86|0x0000000085600000, 0x0000000085700000, 0x0000000085700000|100%| O|  |TAMS 0x0000000085700000, 0x0000000085700000| Untracked 
|  87|0x0000000085700000, 0x0000000085800000, 0x0000000085800000|100%| O|  |TAMS 0x0000000085800000, 0x0000000085800000| Untracked 
|  88|0x0000000085800000, 0x0000000085900000, 0x0000000085900000|100%| O|  |TAMS 0x0000000085900000, 0x0000000085900000| Untracked 
|  89|0x0000000085900000, 0x0000000085a00000, 0x0000000085a00000|100%| O|  |TAMS 0x0000000085a00000, 0x0000000085a00000| Untracked 
|  90|0x0000000085a00000, 0x0000000085b00000, 0x0000000085b00000|100%| O|  |TAMS 0x0000000085b00000, 0x0000000085b00000| Untracked 
|  91|0x0000000085b00000, 0x0000000085c00000, 0x0000000085c00000|100%| O|  |TAMS 0x0000000085c00000, 0x0000000085c00000| Untracked 
|  92|0x0000000085c00000, 0x0000000085d00000, 0x0000000085d00000|100%| O|  |TAMS 0x0000000085d00000, 0x0000000085d00000| Untracked 
|  93|0x0000000085d00000, 0x0000000085e00000, 0x0000000085e00000|100%| O|  |TAMS 0x0000000085e00000, 0x0000000085e00000| Untracked 
|  94|0x0000000085e00000, 0x0000000085f00000, 0x0000000085f00000|100%| O|  |TAMS 0x0000000085f00000, 0x0000000085f00000| Untracked 
|  95|0x0000000085f00000, 0x0000000086000000, 0x0000000086000000|100%| O|  |TAMS 0x0000000086000000, 0x0000000086000000| Untracked 
|  96|0x0000000086000000, 0x0000000086100000, 0x0000000086100000|100%|HS|  |TAMS 0x0000000086100000, 0x0000000086100000| Complete 
|  97|0x0000000086100000, 0x0000000086200000, 0x0000000086200000|100%|HC|  |TAMS 0x0000000086200000, 0x0000000086200000| Complete 
|  98|0x0000000086200000, 0x0000000086300000, 0x0000000086300000|100%|HC|  |TAMS 0x0000000086300000, 0x0000000086300000| Complete 
|  99|0x0000000086300000, 0x0000000086400000, 0x0000000086400000|100%|HC|  |TAMS 0x0000000086400000, 0x0000000086400000| Complete 
| 100|0x0000000086400000, 0x0000000086500000, 0x0000000086500000|100%|HC|  |TAMS 0x0000000086500000, 0x0000000086500000| Complete 
| 101|0x0000000086500000, 0x0000000086600000, 0x0000000086600000|100%|HC|  |TAMS 0x0000000086600000, 0x0000000086600000| Complete 
| 102|0x0000000086600000, 0x0000000086700000, 0x0000000086700000|100%|HC|  |TAMS 0x0000000086700000, 0x0000000086700000| Complete 
| 103|0x0000000086700000, 0x0000000086800000, 0x0000000086800000|100%|HC|  |TAMS 0x0000000086800000, 0x0000000086800000| Complete 
| 104|0x0000000086800000, 0x0000000086900000, 0x0000000086900000|100%|HC|  |TAMS 0x0000000086900000, 0x0000000086900000| Complete 
| 105|0x0000000086900000, 0x0000000086a00000, 0x0000000086a00000|100%|HS|  |TAMS 0x0000000086a00000, 0x0000000086a00000| Complete 
| 106|0x0000000086a00000, 0x0000000086b00000, 0x0000000086b00000|100%|HC|  |TAMS 0x0000000086b00000, 0x0000000086b00000| Complete 
| 107|0x0000000086b00000, 0x0000000086c00000, 0x0000000086c00000|100%|HC|  |TAMS 0x0000000086c00000, 0x0000000086c00000| Complete 
| 108|0x0000000086c00000, 0x0000000086d00000, 0x0000000086d00000|100%|HC|  |TAMS 0x0000000086d00000, 0x0000000086d00000| Complete 
| 109|0x0000000086d00000, 0x0000000086e00000, 0x0000000086e00000|100%|HC|  |TAMS 0x0000000086e00000, 0x0000000086e00000| Complete 
| 110|0x0000000086e00000, 0x0000000086f00000, 0x0000000086f00000|100%|HC|  |TAMS 0x0000000086f00000, 0x0000000086f00000| Complete 
| 111|0x0000000086f00000, 0x0000000087000000, 0x0000000087000000|100%|HC|  |TAMS 0x0000000087000000, 0x0000000087000000| Complete 
| 112|0x0000000087000000, 0x0000000087100000, 0x0000000087100000|100%|HC|  |TAMS 0x0000000087100000, 0x0000000087100000| Complete 
| 113|0x0000000087100000, 0x0000000087200000, 0x0000000087200000|100%| O|  |TAMS 0x0000000087100000, 0x0000000087200000| Untracked 
| 114|0x0000000087200000, 0x0000000087300000, 0x0000000087300000|100%|HS|  |TAMS 0x0000000087300000, 0x0000000087300000| Complete 
| 115|0x0000000087300000, 0x0000000087400000, 0x0000000087400000|100%|HC|  |TAMS 0x0000000087400000, 0x0000000087400000| Complete 
| 116|0x0000000087400000, 0x0000000087500000, 0x0000000087500000|100%|HS|  |TAMS 0x0000000087500000, 0x0000000087500000| Complete 
| 117|0x0000000087500000, 0x0000000087600000, 0x0000000087600000|100%| O|  |TAMS 0x0000000087600000, 0x0000000087600000| Untracked 
| 118|0x0000000087600000, 0x0000000087700000, 0x0000000087700000|100%| O|  |TAMS 0x0000000087700000, 0x0000000087700000| Untracked 
| 119|0x0000000087700000, 0x0000000087800000, 0x0000000087800000|100%| O|  |TAMS 0x0000000087800000, 0x0000000087800000| Untracked 
| 120|0x0000000087800000, 0x0000000087900000, 0x0000000087900000|100%| O|  |TAMS 0x0000000087900000, 0x0000000087900000| Untracked 
| 121|0x0000000087900000, 0x0000000087a00000, 0x0000000087a00000|100%| O|  |TAMS 0x0000000087a00000, 0x0000000087a00000| Untracked 
| 122|0x0000000087a00000, 0x0000000087b00000, 0x0000000087b00000|100%| O|  |TAMS 0x0000000087b00000, 0x0000000087b00000| Untracked 
| 123|0x0000000087b00000, 0x0000000087c00000, 0x0000000087c00000|100%| O|  |TAMS 0x0000000087c00000, 0x0000000087c00000| Untracked 
| 124|0x0000000087c00000, 0x0000000087d00000, 0x0000000087d00000|100%| O|  |TAMS 0x0000000087d00000, 0x0000000087d00000| Untracked 
| 125|0x0000000087d00000, 0x0000000087e00000, 0x0000000087e00000|100%| O|  |TAMS 0x0000000087e00000, 0x0000000087e00000| Untracked 
| 126|0x0000000087e00000, 0x0000000087f00000, 0x0000000087f00000|100%| O|  |TAMS 0x0000000087f00000, 0x0000000087f00000| Untracked 
| 127|0x0000000087f00000, 0x0000000088000000, 0x0000000088000000|100%| O|  |TAMS 0x0000000088000000, 0x0000000088000000| Untracked 
| 128|0x0000000088000000, 0x0000000088100000, 0x0000000088100000|100%| O|  |TAMS 0x0000000088100000, 0x0000000088100000| Untracked 
| 129|0x0000000088100000, 0x0000000088200000, 0x0000000088200000|100%| O|  |TAMS 0x0000000088200000, 0x0000000088200000| Untracked 
| 130|0x0000000088200000, 0x0000000088300000, 0x0000000088300000|100%| O|  |TAMS 0x0000000088300000, 0x0000000088300000| Untracked 
| 131|0x0000000088300000, 0x0000000088400000, 0x0000000088400000|100%| O|  |TAMS 0x0000000088400000, 0x0000000088400000| Untracked 
| 132|0x0000000088400000, 0x0000000088500000, 0x0000000088500000|100%| O|  |TAMS 0x0000000088500000, 0x0000000088500000| Untracked 
| 133|0x0000000088500000, 0x0000000088600000, 0x0000000088600000|100%|HS|  |TAMS 0x0000000088600000, 0x0000000088600000| Complete 
| 134|0x0000000088600000, 0x0000000088700000, 0x0000000088700000|100%|HC|  |TAMS 0x0000000088700000, 0x0000000088700000| Complete 
| 135|0x0000000088700000, 0x0000000088800000, 0x0000000088800000|100%|HC|  |TAMS 0x0000000088800000, 0x0000000088800000| Complete 
| 136|0x0000000088800000, 0x0000000088900000, 0x0000000088900000|100%|HC|  |TAMS 0x0000000088900000, 0x0000000088900000| Complete 
| 137|0x0000000088900000, 0x0000000088a00000, 0x0000000088a00000|100%|HC|  |TAMS 0x0000000088a00000, 0x0000000088a00000| Complete 
| 138|0x0000000088a00000, 0x0000000088b00000, 0x0000000088b00000|100%|HC|  |TAMS 0x0000000088b00000, 0x0000000088b00000| Complete 
| 139|0x0000000088b00000, 0x0000000088c00000, 0x0000000088c00000|100%|HC|  |TAMS 0x0000000088c00000, 0x0000000088c00000| Complete 
| 140|0x0000000088c00000, 0x0000000088d00000, 0x0000000088d00000|100%|HC|  |TAMS 0x0000000088d00000, 0x0000000088d00000| Complete 
| 141|0x0000000088d00000, 0x0000000088e00000, 0x0000000088e00000|100%|HC|  |TAMS 0x0000000088e00000, 0x0000000088e00000| Complete 
| 142|0x0000000088e00000, 0x0000000088f00000, 0x0000000088f00000|100%| O|  |TAMS 0x0000000088f00000, 0x0000000088f00000| Untracked 
| 143|0x0000000088f00000, 0x0000000089000000, 0x0000000089000000|100%| O|  |TAMS 0x0000000089000000, 0x0000000089000000| Untracked 
| 144|0x0000000089000000, 0x0000000089100000, 0x0000000089100000|100%| O|  |TAMS 0x0000000089100000, 0x0000000089100000| Untracked 
| 145|0x0000000089100000, 0x0000000089200000, 0x0000000089200000|100%| O|  |TAMS 0x0000000089200000, 0x0000000089200000| Untracked 
| 146|0x0000000089200000, 0x0000000089300000, 0x0000000089300000|100%| O|  |TAMS 0x0000000089300000, 0x0000000089300000| Untracked 
| 147|0x0000000089300000, 0x0000000089400000, 0x0000000089400000|100%| O|  |TAMS 0x0000000089400000, 0x0000000089400000| Untracked 
| 148|0x0000000089400000, 0x0000000089500000, 0x0000000089500000|100%| O|  |TAMS 0x0000000089500000, 0x0000000089500000| Untracked 
| 149|0x0000000089500000, 0x0000000089600000, 0x0000000089600000|100%| O|  |TAMS 0x0000000089600000, 0x0000000089600000| Untracked 
| 150|0x0000000089600000, 0x0000000089700000, 0x0000000089700000|100%| O|  |TAMS 0x0000000089700000, 0x0000000089700000| Untracked 
| 151|0x0000000089700000, 0x0000000089800000, 0x0000000089800000|100%| O|  |TAMS 0x0000000089800000, 0x0000000089800000| Untracked 
| 152|0x0000000089800000, 0x0000000089900000, 0x0000000089900000|100%| O|  |TAMS 0x0000000089900000, 0x0000000089900000| Untracked 
| 153|0x0000000089900000, 0x0000000089a00000, 0x0000000089a00000|100%| O|  |TAMS 0x0000000089a00000, 0x0000000089a00000| Untracked 
| 154|0x0000000089a00000, 0x0000000089b00000, 0x0000000089b00000|100%| O|  |TAMS 0x0000000089ae2400, 0x0000000089b00000| Untracked 
| 155|0x0000000089b00000, 0x0000000089c00000, 0x0000000089c00000|100%|HS|  |TAMS 0x0000000089b00000, 0x0000000089c00000| Complete 
| 156|0x0000000089c00000, 0x0000000089d00000, 0x0000000089d00000|100%|HC|  |TAMS 0x0000000089c00000, 0x0000000089d00000| Complete 
| 157|0x0000000089d00000, 0x0000000089e00000, 0x0000000089e00000|100%|HS|  |TAMS 0x0000000089d00000, 0x0000000089e00000| Complete 
| 158|0x0000000089e00000, 0x0000000089f00000, 0x0000000089f00000|100%| O|  |TAMS 0x0000000089f00000, 0x0000000089f00000| Untracked 
| 159|0x0000000089f00000, 0x000000008a000000, 0x000000008a000000|100%| O|  |TAMS 0x000000008a000000, 0x000000008a000000| Untracked 
| 160|0x000000008a000000, 0x000000008a100000, 0x000000008a100000|100%| O|  |TAMS 0x000000008a100000, 0x000000008a100000| Untracked 
| 161|0x000000008a100000, 0x000000008a200000, 0x000000008a200000|100%| O|  |TAMS 0x000000008a100000, 0x000000008a200000| Untracked 
| 162|0x000000008a200000, 0x000000008a300000, 0x000000008a300000|100%|HS|  |TAMS 0x000000008a300000, 0x000000008a300000| Complete 
| 163|0x000000008a300000, 0x000000008a400000, 0x000000008a400000|100%|HC|  |TAMS 0x000000008a400000, 0x000000008a400000| Complete 
| 164|0x000000008a400000, 0x000000008a500000, 0x000000008a500000|100%|HC|  |TAMS 0x000000008a500000, 0x000000008a500000| Complete 
| 165|0x000000008a500000, 0x000000008a600000, 0x000000008a600000|100%|HC|  |TAMS 0x000000008a600000, 0x000000008a600000| Complete 
| 166|0x000000008a600000, 0x000000008a700000, 0x000000008a700000|100%|HC|  |TAMS 0x000000008a700000, 0x000000008a700000| Complete 
| 167|0x000000008a700000, 0x000000008a800000, 0x000000008a800000|100%|HC|  |TAMS 0x000000008a800000, 0x000000008a800000| Complete 
| 168|0x000000008a800000, 0x000000008a900000, 0x000000008a900000|100%|HC|  |TAMS 0x000000008a900000, 0x000000008a900000| Complete 
| 169|0x000000008a900000, 0x000000008aa00000, 0x000000008aa00000|100%|HC|  |TAMS 0x000000008aa00000, 0x000000008aa00000| Complete 
| 170|0x000000008aa00000, 0x000000008ab00000, 0x000000008ab00000|100%| O|  |TAMS 0x000000008aa00000, 0x000000008ab00000| Untracked 
| 171|0x000000008ab00000, 0x000000008ac00000, 0x000000008ac00000|100%| O|  |TAMS 0x000000008ab00000, 0x000000008ac00000| Untracked 
| 172|0x000000008ac00000, 0x000000008ad00000, 0x000000008ad00000|100%| O|  |TAMS 0x000000008ac00000, 0x000000008ad00000| Untracked 
| 173|0x000000008ad00000, 0x000000008ae00000, 0x000000008ae00000|100%| O|  |TAMS 0x000000008ad00000, 0x000000008ae00000| Untracked 
| 174|0x000000008ae00000, 0x000000008af00000, 0x000000008af00000|100%| O|  |TAMS 0x000000008ae00000, 0x000000008af00000| Untracked 
| 175|0x000000008af00000, 0x000000008b000000, 0x000000008b000000|100%| O|  |TAMS 0x000000008af00000, 0x000000008b000000| Untracked 
| 176|0x000000008b000000, 0x000000008b100000, 0x000000008b100000|100%| O|  |TAMS 0x000000008b000000, 0x000000008b100000| Untracked 
| 177|0x000000008b100000, 0x000000008b200000, 0x000000008b200000|100%| O|  |TAMS 0x000000008b100000, 0x000000008b200000| Untracked 
| 178|0x000000008b200000, 0x000000008b300000, 0x000000008b300000|100%| O|  |TAMS 0x000000008b200000, 0x000000008b300000| Untracked 
| 179|0x000000008b300000, 0x000000008b400000, 0x000000008b400000|100%| O|  |TAMS 0x000000008b300000, 0x000000008b400000| Untracked 
| 180|0x000000008b400000, 0x000000008b500000, 0x000000008b500000|100%| O|  |TAMS 0x000000008b400000, 0x000000008b500000| Untracked 
| 181|0x000000008b500000, 0x000000008b600000, 0x000000008b600000|100%| O|  |TAMS 0x000000008b500000, 0x000000008b600000| Untracked 
| 182|0x000000008b600000, 0x000000008b700000, 0x000000008b700000|100%| O|  |TAMS 0x000000008b600000, 0x000000008b700000| Untracked 
| 183|0x000000008b700000, 0x000000008b800000, 0x000000008b800000|100%| O|  |TAMS 0x000000008b700000, 0x000000008b800000| Untracked 
| 184|0x000000008b800000, 0x000000008b900000, 0x000000008b900000|100%| O|  |TAMS 0x000000008b800000, 0x000000008b900000| Untracked 
| 185|0x000000008b900000, 0x000000008ba00000, 0x000000008ba00000|100%| O|  |TAMS 0x000000008b900000, 0x000000008ba00000| Untracked 
| 186|0x000000008ba00000, 0x000000008bb00000, 0x000000008bb00000|100%| O|  |TAMS 0x000000008ba00000, 0x000000008bb00000| Untracked 
| 187|0x000000008bb00000, 0x000000008bc00000, 0x000000008bc00000|100%| O|  |TAMS 0x000000008bb00000, 0x000000008bc00000| Untracked 
| 188|0x000000008bc00000, 0x000000008bd00000, 0x000000008bd00000|100%| O|  |TAMS 0x000000008bc00000, 0x000000008bc30800| Untracked 
| 189|0x000000008bd00000, 0x000000008be00000, 0x000000008be00000|100%| O|  |TAMS 0x000000008bd00000, 0x000000008bd00000| Untracked 
| 190|0x000000008be00000, 0x000000008bf00000, 0x000000008bf00000|100%| O|  |TAMS 0x000000008be00000, 0x000000008be00000| Untracked 
| 191|0x000000008bf00000, 0x000000008c000000, 0x000000008c000000|100%| O|  |TAMS 0x000000008bf00000, 0x000000008bf00000| Untracked 
| 192|0x000000008c000000, 0x000000008c100000, 0x000000008c100000|100%| O|  |TAMS 0x000000008c000000, 0x000000008c000000| Untracked 
| 193|0x000000008c100000, 0x000000008c200000, 0x000000008c200000|100%| O|  |TAMS 0x000000008c100000, 0x000000008c100000| Untracked 
| 194|0x000000008c200000, 0x000000008c300000, 0x000000008c300000|100%| O|  |TAMS 0x000000008c200000, 0x000000008c200000| Untracked 
| 195|0x000000008c300000, 0x000000008c400000, 0x000000008c400000|100%| O|  |TAMS 0x000000008c300000, 0x000000008c300000| Untracked 
| 196|0x000000008c400000, 0x000000008c500000, 0x000000008c500000|100%| O|  |TAMS 0x000000008c400000, 0x000000008c400000| Untracked 
| 197|0x000000008c500000, 0x000000008c600000, 0x000000008c600000|100%| O|  |TAMS 0x000000008c500000, 0x000000008c500000| Untracked 
| 198|0x000000008c600000, 0x000000008c700000, 0x000000008c700000|100%| O|  |TAMS 0x000000008c600000, 0x000000008c600000| Untracked 
| 199|0x000000008c700000, 0x000000008c800000, 0x000000008c800000|100%| O|  |TAMS 0x000000008c700000, 0x000000008c700000| Untracked 
| 200|0x000000008c800000, 0x000000008c900000, 0x000000008c900000|100%| O|  |TAMS 0x000000008c800000, 0x000000008c800000| Untracked 
| 201|0x000000008c900000, 0x000000008ca00000, 0x000000008ca00000|100%| O|  |TAMS 0x000000008c900000, 0x000000008c900000| Untracked 
| 202|0x000000008ca00000, 0x000000008cb00000, 0x000000008cb00000|100%| O|  |TAMS 0x000000008ca00000, 0x000000008ca00000| Untracked 
| 203|0x000000008cb00000, 0x000000008cc00000, 0x000000008cc00000|100%| O|  |TAMS 0x000000008cc00000, 0x000000008cc00000| Untracked 
| 204|0x000000008cc00000, 0x000000008cd00000, 0x000000008cd00000|100%| O|  |TAMS 0x000000008cc00000, 0x000000008cc00000| Untracked 
| 205|0x000000008cd00000, 0x000000008ce00000, 0x000000008ce00000|100%| O|  |TAMS 0x000000008ce00000, 0x000000008ce00000| Untracked 
| 206|0x000000008ce00000, 0x000000008cf00000, 0x000000008cf00000|100%| O|  |TAMS 0x000000008cf00000, 0x000000008cf00000| Untracked 
| 207|0x000000008cf00000, 0x000000008d000000, 0x000000008d000000|100%| O|  |TAMS 0x000000008cf00000, 0x000000008cf00000| Untracked 
| 208|0x000000008d000000, 0x000000008d100000, 0x000000008d100000|100%| O|  |TAMS 0x000000008d000000, 0x000000008d000000| Untracked 
| 209|0x000000008d100000, 0x000000008d200000, 0x000000008d200000|100%| O|  |TAMS 0x000000008d100000, 0x000000008d100000| Untracked 
| 210|0x000000008d200000, 0x000000008d300000, 0x000000008d300000|100%| O|  |TAMS 0x000000008d200000, 0x000000008d200000| Untracked 
| 211|0x000000008d300000, 0x000000008d400000, 0x000000008d400000|100%| O|  |TAMS 0x000000008d300000, 0x000000008d300000| Untracked 
| 212|0x000000008d400000, 0x000000008d500000, 0x000000008d500000|100%| O|  |TAMS 0x000000008d400000, 0x000000008d400000| Untracked 
| 213|0x000000008d500000, 0x000000008d600000, 0x000000008d600000|100%| O|  |TAMS 0x000000008d500000, 0x000000008d500000| Untracked 
| 214|0x000000008d600000, 0x000000008d67f800, 0x000000008d700000| 49%| O|  |TAMS 0x000000008d600000, 0x000000008d600000| Untracked 
| 215|0x000000008d700000, 0x000000008d700000, 0x000000008d800000|  0%| F|  |TAMS 0x000000008d700000, 0x000000008d700000| Untracked 
| 216|0x000000008d800000, 0x000000008d800000, 0x000000008d900000|  0%| F|  |TAMS 0x000000008d800000, 0x000000008d800000| Untracked 
| 217|0x000000008d900000, 0x000000008d900000, 0x000000008da00000|  0%| F|  |TAMS 0x000000008d900000, 0x000000008d900000| Untracked 
| 218|0x000000008da00000, 0x000000008da00000, 0x000000008db00000|  0%| F|  |TAMS 0x000000008da00000, 0x000000008da00000| Untracked 
| 219|0x000000008db00000, 0x000000008db00000, 0x000000008dc00000|  0%| F|  |TAMS 0x000000008db00000, 0x000000008db00000| Untracked 
| 220|0x000000008dc00000, 0x000000008dc00000, 0x000000008dd00000|  0%| F|  |TAMS 0x000000008dc00000, 0x000000008dc00000| Untracked 
| 221|0x000000008dd00000, 0x000000008dd00000, 0x000000008de00000|  0%| F|  |TAMS 0x000000008dd00000, 0x000000008dd00000| Untracked 
| 222|0x000000008de00000, 0x000000008de00000, 0x000000008df00000|  0%| F|  |TAMS 0x000000008de00000, 0x000000008de00000| Untracked 
| 223|0x000000008df00000, 0x000000008df00000, 0x000000008e000000|  0%| F|  |TAMS 0x000000008df00000, 0x000000008df00000| Untracked 
| 224|0x000000008e000000, 0x000000008e000000, 0x000000008e100000|  0%| F|  |TAMS 0x000000008e000000, 0x000000008e000000| Untracked 
| 225|0x000000008e100000, 0x000000008e100000, 0x000000008e200000|  0%| F|  |TAMS 0x000000008e100000, 0x000000008e100000| Untracked 
| 226|0x000000008e200000, 0x000000008e200000, 0x000000008e300000|  0%| F|  |TAMS 0x000000008e200000, 0x000000008e200000| Untracked 
| 227|0x000000008e300000, 0x000000008e300000, 0x000000008e400000|  0%| F|  |TAMS 0x000000008e300000, 0x000000008e300000| Untracked 
| 228|0x000000008e400000, 0x000000008e400000, 0x000000008e500000|  0%| F|  |TAMS 0x000000008e400000, 0x000000008e400000| Untracked 
| 229|0x000000008e500000, 0x000000008e500000, 0x000000008e600000|  0%| F|  |TAMS 0x000000008e500000, 0x000000008e500000| Untracked 
| 230|0x000000008e600000, 0x000000008e600000, 0x000000008e700000|  0%| F|  |TAMS 0x000000008e600000, 0x000000008e600000| Untracked 
| 231|0x000000008e700000, 0x000000008e700000, 0x000000008e800000|  0%| F|  |TAMS 0x000000008e700000, 0x000000008e700000| Untracked 
| 232|0x000000008e800000, 0x000000008e800000, 0x000000008e900000|  0%| F|  |TAMS 0x000000008e800000, 0x000000008e800000| Untracked 
| 233|0x000000008e900000, 0x000000008e900000, 0x000000008ea00000|  0%| F|  |TAMS 0x000000008e900000, 0x000000008e900000| Untracked 
| 234|0x000000008ea00000, 0x000000008ea00000, 0x000000008eb00000|  0%| F|  |TAMS 0x000000008ea00000, 0x000000008ea00000| Untracked 
| 235|0x000000008eb00000, 0x000000008ec00000, 0x000000008ec00000|100%| S|CS|TAMS 0x000000008eb00000, 0x000000008eb00000| Complete 
| 236|0x000000008ec00000, 0x000000008ec00000, 0x000000008ed00000|  0%| F|  |TAMS 0x000000008ec00000, 0x000000008ec00000| Untracked 
| 237|0x000000008ed00000, 0x000000008ed00000, 0x000000008ee00000|  0%| F|  |TAMS 0x000000008ed00000, 0x000000008ed00000| Untracked 
| 238|0x000000008ee00000, 0x000000008ef00000, 0x000000008ef00000|100%| S|CS|TAMS 0x000000008ee00000, 0x000000008ee00000| Complete 
| 239|0x000000008ef00000, 0x000000008ef00000, 0x000000008f000000|  0%| F|  |TAMS 0x000000008ef00000, 0x000000008ef00000| Untracked 
| 240|0x000000008f000000, 0x000000008f000000, 0x000000008f100000|  0%| F|  |TAMS 0x000000008f000000, 0x000000008f000000| Untracked 
| 241|0x000000008f100000, 0x000000008f100000, 0x000000008f200000|  0%| F|  |TAMS 0x000000008f100000, 0x000000008f100000| Untracked 
| 242|0x000000008f200000, 0x000000008f200000, 0x000000008f300000|  0%| F|  |TAMS 0x000000008f200000, 0x000000008f200000| Untracked 
| 243|0x000000008f300000, 0x000000008f300000, 0x000000008f400000|  0%| F|  |TAMS 0x000000008f300000, 0x000000008f300000| Untracked 
| 244|0x000000008f400000, 0x000000008f400000, 0x000000008f500000|  0%| F|  |TAMS 0x000000008f400000, 0x000000008f400000| Untracked 
| 245|0x000000008f500000, 0x000000008f500000, 0x000000008f600000|  0%| F|  |TAMS 0x000000008f500000, 0x000000008f500000| Untracked 
| 246|0x000000008f600000, 0x000000008f600000, 0x000000008f700000|  0%| F|  |TAMS 0x000000008f600000, 0x000000008f600000| Untracked 
| 247|0x000000008f700000, 0x000000008f700000, 0x000000008f800000|  0%| F|  |TAMS 0x000000008f700000, 0x000000008f700000| Untracked 
| 248|0x000000008f800000, 0x000000008f800000, 0x000000008f900000|  0%| F|  |TAMS 0x000000008f800000, 0x000000008f800000| Untracked 

Card table byte_map: [0x0000022cd6bf0000,0x0000022cd6ff0000] _byte_map_base: 0x0000022cd67f0000

Marking Bits (Prev, Next): (CMBitMap*) 0x0000022cc3d20f68, (CMBitMap*) 0x0000022cc3d20fa0
 Prev Bits: [0x0000022cd73f0000, 0x0000022cd93f0000)
 Next Bits: [0x0000022cd93f0000, 0x0000022cdb3f0000)

Polling page: 0x0000022cc1cb0000

Metaspace:

Usage:
  Non-class:     96.21 MB capacity,    94.38 MB ( 98%) used,     1.47 MB (  2%) free+waste,   362.69 KB ( <1%) overhead. 
      Class:     15.37 MB capacity,    14.27 MB ( 93%) used,   959.62 KB (  6%) free+waste,   167.31 KB (  1%) overhead. 
       Both:    111.58 MB capacity,   108.66 MB ( 97%) used,     2.40 MB (  2%) free+waste,   530.00 KB ( <1%) overhead. 

Virtual space:
  Non-class space:       98.00 MB reserved,      96.45 MB ( 98%) committed 
      Class space:        1.00 GB reserved,      15.50 MB (  2%) committed 
             Both:        1.10 GB reserved,     111.95 MB ( 10%) committed 

Chunk freelists:
   Non-Class:  57.00 KB
       Class:  10.00 KB
        Both:  67.00 KB

MaxMetaspaceSize: 17179869184.00 GB
CompressedClassSpaceSize: 1.00 GB
Initial GC threshold: 20.80 MB
Current GC threshold: 186.17 MB
CDS: off

CodeHeap 'non-profiled nmethods': size=120064Kb used=8236Kb max_used=8236Kb free=111827Kb
 bounds [0x0000022ccf2b0000, 0x0000022ccfac0000, 0x0000022cd67f0000]
CodeHeap 'profiled nmethods': size=120000Kb used=29603Kb max_used=29603Kb free=90396Kb
 bounds [0x0000022cc7d80000, 0x0000022cc9a70000, 0x0000022ccf2b0000]
CodeHeap 'non-nmethods': size=5696Kb used=2450Kb max_used=2512Kb free=3245Kb
 bounds [0x0000022cc77f0000, 0x0000022cc7a80000, 0x0000022cc7d80000]
 total_blobs=14344 nmethods=13361 adapters=895
 compilation: enabled
              stopped_count=0, restarted_count=0
 full_count=0

Compilation events (20 events):
Event: 26.744 Thread 0x0000022cde239800 13448       2       com.android.tools.r8.internal.V0::iterator (5 bytes)
Event: 26.744 Thread 0x0000022cde239800 nmethod 13448 0x0000022cc9a64e10 code [0x0000022cc9a64fc0, 0x0000022cc9a650e8]
Event: 26.748 Thread 0x0000022cde239800 13449       2       com.android.tools.r8.code.x2::<init> (7 bytes)
Event: 26.748 Thread 0x0000022cde239800 nmethod 13449 0x0000022cc9a65190 code [0x0000022cc9a65360, 0x0000022cc9a65598]
Event: 26.752 Thread 0x0000022cde239800 13452       2       com.android.tools.r8.code.F3::<init> (85 bytes)
Event: 26.752 Thread 0x0000022cde239800 nmethod 13452 0x0000022cc9a65790 code [0x0000022cc9a659c0, 0x0000022cc9a660e8]
Event: 26.772 Thread 0x0000022cde239800 13454       2       com.android.tools.r8.graph.N2::b (133 bytes)
Event: 26.773 Thread 0x0000022cde239800 nmethod 13454 0x0000022cc9a66610 code [0x0000022cc9a66840, 0x0000022cc9a66f48]
Event: 26.791 Thread 0x0000022cde239800 13456       2       com.android.tools.r8.internal.N0::entrySet (5 bytes)
Event: 26.791 Thread 0x0000022cde239800 nmethod 13456 0x0000022cc9a67310 code [0x0000022cc9a674c0, 0x0000022cc9a675e8]
Event: 26.791 Thread 0x0000022cde239800 13457       2       com.android.tools.r8.internal.bH::k (27 bytes)
Event: 26.791 Thread 0x0000022cde239800 nmethod 13457 0x0000022cc9a67690 code [0x0000022cc9a67840, 0x0000022cc9a67a58]
Event: 26.791 Thread 0x0000022cde239800 13458       2       com.android.tools.r8.internal.YG::iterator (12 bytes)
Event: 26.791 Thread 0x0000022cde239800 nmethod 13458 0x0000022cc9a67b10 code [0x0000022cc9a67cc0, 0x0000022cc9a67ea8]
Event: 26.798 Thread 0x0000022cde239800 13460       2       com.android.tools.r8.code.t::<init> (7 bytes)
Event: 26.798 Thread 0x0000022cde239800 nmethod 13460 0x0000022cc9a67f90 code [0x0000022cc9a68160, 0x0000022cc9a68328]
Event: 26.804 Thread 0x0000022cde239800 13461       2       com.android.tools.r8.graph.N2::f (64 bytes)
Event: 26.804 Thread 0x0000022cde239800 nmethod 13461 0x0000022cc9a68490 code [0x0000022cc9a686a0, 0x0000022cc9a68a18]
Event: 26.814 Thread 0x0000022cde239800 13462       2       com.android.tools.r8.graph.C::isEmpty (14 bytes)
Event: 26.814 Thread 0x0000022cde239800 nmethod 13462 0x0000022cc9a68c10 code [0x0000022cc9a68dc0, 0x0000022cc9a68ed8]

GC Heap History (20 events):
Event: 26.022 GC heap after
{Heap after GC invocations=65 (full 0):
 garbage-first heap   total 211968K, used 172032K [0x0000000080000000, 0x0000000100000000)
  region size 1024K, 3 young (3072K), 3 survivors (3072K)
 Metaspace       used 110021K, capacity 113008K, committed 113356K, reserved 1146880K
  class space    used 14380K, capacity 15522K, committed 15616K, reserved 1048576K
}
Event: 26.046 GC heap before
{Heap before GC invocations=66 (full 0):
 garbage-first heap   total 211968K, used 176128K [0x0000000080000000, 0x0000000100000000)
  region size 1024K, 8 young (8192K), 3 survivors (3072K)
 Metaspace       used 110021K, capacity 113008K, committed 113356K, reserved 1146880K
  class space    used 14380K, capacity 15522K, committed 15616K, reserved 1048576K
}
Event: 26.059 GC heap after
{Heap after GC invocations=67 (full 0):
 garbage-first heap   total 211968K, used 174985K [0x0000000080000000, 0x0000000100000000)
  region size 1024K, 2 young (2048K), 2 survivors (2048K)
 Metaspace       used 110021K, capacity 113008K, committed 113356K, reserved 1146880K
  class space    used 14380K, capacity 15522K, committed 15616K, reserved 1048576K
}
Event: 26.091 GC heap before
{Heap before GC invocations=67 (full 0):
 garbage-first heap   total 211968K, used 186249K [0x0000000080000000, 0x0000000100000000)
  region size 1024K, 10 young (10240K), 2 survivors (2048K)
 Metaspace       used 110037K, capacity 113011K, committed 113356K, reserved 1146880K
  class space    used 14384K, capacity 15523K, committed 15616K, reserved 1048576K
}
Event: 26.102 GC heap after
{Heap after GC invocations=68 (full 0):
 garbage-first heap   total 211968K, used 181138K [0x0000000080000000, 0x0000000100000000)
  region size 1024K, 2 young (2048K), 2 survivors (2048K)
 Metaspace       used 110037K, capacity 113011K, committed 113356K, reserved 1146880K
  class space    used 14384K, capacity 15523K, committed 15616K, reserved 1048576K
}
Event: 26.188 GC heap before
{Heap before GC invocations=68 (full 0):
 garbage-first heap   total 211968K, used 188306K [0x0000000080000000, 0x0000000100000000)
  region size 1024K, 10 young (10240K), 2 survivors (2048K)
 Metaspace       used 111045K, capacity 114078K, committed 114380K, reserved 1148928K
  class space    used 14620K, capacity 15752K, committed 15872K, reserved 1048576K
}
Event: 26.196 GC heap after
{Heap after GC invocations=69 (full 0):
 garbage-first heap   total 211968K, used 184994K [0x0000000080000000, 0x0000000100000000)
  region size 1024K, 2 young (2048K), 2 survivors (2048K)
 Metaspace       used 111045K, capacity 114078K, committed 114380K, reserved 1148928K
  class space    used 14620K, capacity 15752K, committed 15872K, reserved 1048576K
}
Event: 26.413 GC heap before
{Heap before GC invocations=69 (full 0):
 garbage-first heap   total 211968K, used 191138K [0x0000000080000000, 0x0000000100000000)
  region size 1024K, 10 young (10240K), 2 survivors (2048K)
 Metaspace       used 111186K, capacity 114182K, committed 114380K, reserved 1148928K
  class space    used 14615K, capacity 15742K, committed 15872K, reserved 1048576K
}
Event: 26.423 GC heap after
{Heap after GC invocations=70 (full 0):
 garbage-first heap   total 211968K, used 188300K [0x0000000080000000, 0x0000000100000000)
  region size 1024K, 2 young (2048K), 2 survivors (2048K)
 Metaspace       used 111186K, capacity 114182K, committed 114380K, reserved 1148928K
  class space    used 14615K, capacity 15742K, committed 15872K, reserved 1048576K
}
Event: 26.476 GC heap before
{Heap before GC invocations=71 (full 0):
 garbage-first heap   total 211968K, used 196492K [0x0000000080000000, 0x0000000100000000)
  region size 1024K, 10 young (10240K), 2 survivors (2048K)
 Metaspace       used 111211K, capacity 114252K, committed 114636K, reserved 1148928K
  class space    used 14615K, capacity 15742K, committed 15872K, reserved 1048576K
}
Event: 26.484 GC heap after
{Heap after GC invocations=72 (full 0):
 garbage-first heap   total 211968K, used 193305K [0x0000000080000000, 0x0000000100000000)
  region size 1024K, 2 young (2048K), 2 survivors (2048K)
 Metaspace       used 111211K, capacity 114252K, committed 114636K, reserved 1148928K
  class space    used 14615K, capacity 15742K, committed 15872K, reserved 1048576K
}
Event: 26.508 GC heap before
{Heap before GC invocations=72 (full 0):
 garbage-first heap   total 211968K, used 201497K [0x0000000080000000, 0x0000000100000000)
  region size 1024K, 10 young (10240K), 2 survivors (2048K)
 Metaspace       used 111220K, capacity 114254K, committed 114636K, reserved 1148928K
  class space    used 14615K, capacity 15742K, committed 15872K, reserved 1048576K
}
Event: 26.516 GC heap after
{Heap after GC invocations=73 (full 0):
 garbage-first heap   total 254976K, used 197826K [0x0000000080000000, 0x0000000100000000)
  region size 1024K, 2 young (2048K), 2 survivors (2048K)
 Metaspace       used 111220K, capacity 114254K, committed 114636K, reserved 1148928K
  class space    used 14615K, capacity 15742K, committed 15872K, reserved 1048576K
}
Event: 26.634 GC heap before
{Heap before GC invocations=73 (full 0):
 garbage-first heap   total 254976K, used 209090K [0x0000000080000000, 0x0000000100000000)
  region size 1024K, 13 young (13312K), 2 survivors (2048K)
 Metaspace       used 111248K, capacity 114254K, committed 114636K, reserved 1148928K
  class space    used 14615K, capacity 15742K, committed 15872K, reserved 1048576K
}
Event: 26.643 GC heap after
{Heap after GC invocations=74 (full 0):
 garbage-first heap   total 254976K, used 203983K [0x0000000080000000, 0x0000000100000000)
  region size 1024K, 2 young (2048K), 2 survivors (2048K)
 Metaspace       used 111248K, capacity 114254K, committed 114636K, reserved 1148928K
  class space    used 14615K, capacity 15742K, committed 15872K, reserved 1048576K
}
Event: 26.712 GC heap before
{Heap before GC invocations=74 (full 0):
 garbage-first heap   total 254976K, used 214223K [0x0000000080000000, 0x0000000100000000)
  region size 1024K, 12 young (12288K), 2 survivors (2048K)
 Metaspace       used 111257K, capacity 114256K, committed 114636K, reserved 1148928K
  class space    used 14615K, capacity 15742K, committed 15872K, reserved 1048576K
}
Event: 26.722 GC heap after
{Heap after GC invocations=75 (full 0):
 garbage-first heap   total 254976K, used 210188K [0x0000000080000000, 0x0000000100000000)
  region size 1024K, 2 young (2048K), 2 survivors (2048K)
 Metaspace       used 111257K, capacity 114256K, committed 114636K, reserved 1148928K
  class space    used 14615K, capacity 15742K, committed 15872K, reserved 1048576K
}
Event: 26.774 GC heap before
{Heap before GC invocations=75 (full 0):
 garbage-first heap   total 254976K, used 219404K [0x0000000080000000, 0x0000000100000000)
  region size 1024K, 12 young (12288K), 2 survivors (2048K)
 Metaspace       used 111261K, capacity 114257K, committed 114636K, reserved 1148928K
  class space    used 14615K, capacity 15742K, committed 15872K, reserved 1048576K
}
Event: 26.787 GC heap after
{Heap after GC invocations=76 (full 0):
 garbage-first heap   total 254976K, used 216064K [0x0000000080000000, 0x0000000100000000)
  region size 1024K, 2 young (2048K), 2 survivors (2048K)
 Metaspace       used 111261K, capacity 114257K, committed 114636K, reserved 1148928K
  class space    used 14615K, capacity 15742K, committed 15872K, reserved 1048576K
}
Event: 26.827 GC heap before
{Heap before GC invocations=76 (full 0):
 garbage-first heap   total 254976K, used 226304K [0x0000000080000000, 0x0000000100000000)
  region size 1024K, 12 young (12288K), 2 survivors (2048K)
 Metaspace       used 111264K, capacity 114257K, committed 114636K, reserved 1148928K
  class space    used 14615K, capacity 15742K, committed 15872K, reserved 1048576K
}

Deoptimization events (20 events):
Event: 26.748 Thread 0x0000022ce64ab800 DEOPT PACKING pc=0x0000022cc992e725 sp=0x00000070dd0fed90
Event: 26.748 Thread 0x0000022ce64ab800 DEOPT UNPACKING pc=0x0000022cc783a95e sp=0x00000070dd0fe3b8 mode 0
Event: 26.755 Thread 0x0000022ce64ab800 DEOPT PACKING pc=0x0000022cc992e725 sp=0x00000070dd0fed90
Event: 26.755 Thread 0x0000022ce64ab800 DEOPT UNPACKING pc=0x0000022cc783a95e sp=0x00000070dd0fe3b8 mode 0
Event: 26.766 Thread 0x0000022ce64ab800 DEOPT PACKING pc=0x0000022cc992e725 sp=0x00000070dd0fed90
Event: 26.766 Thread 0x0000022ce64ab800 DEOPT UNPACKING pc=0x0000022cc783a95e sp=0x00000070dd0fe3b8 mode 0
Event: 26.789 Thread 0x0000022ce64af000 DEOPT PACKING pc=0x0000022cc992e725 sp=0x00000070dcffe630
Event: 26.789 Thread 0x0000022ce64af000 DEOPT UNPACKING pc=0x0000022cc783a95e sp=0x00000070dcffdc58 mode 0
Event: 26.793 Thread 0x0000022ce64ab800 DEOPT PACKING pc=0x0000022cc992e725 sp=0x00000070dd0fed70
Event: 26.793 Thread 0x0000022ce64ab800 DEOPT UNPACKING pc=0x0000022cc783a95e sp=0x00000070dd0fe398 mode 0
Event: 26.797 Thread 0x0000022ce64ab800 DEOPT PACKING pc=0x0000022cc992e725 sp=0x00000070dd0fed70
Event: 26.797 Thread 0x0000022ce64ab800 DEOPT UNPACKING pc=0x0000022cc783a95e sp=0x00000070dd0fe398 mode 0
Event: 26.802 Thread 0x0000022ce64af000 DEOPT PACKING pc=0x0000022cc992e725 sp=0x00000070dcffe630
Event: 26.802 Thread 0x0000022ce64af000 DEOPT UNPACKING pc=0x0000022cc783a95e sp=0x00000070dcffdc58 mode 0
Event: 26.807 Thread 0x0000022ce64af000 DEOPT PACKING pc=0x0000022cc992e725 sp=0x00000070dcffe650
Event: 26.807 Thread 0x0000022ce64af000 DEOPT UNPACKING pc=0x0000022cc783a95e sp=0x00000070dcffdc78 mode 0
Event: 26.811 Thread 0x0000022ce64af000 DEOPT PACKING pc=0x0000022cc992e725 sp=0x00000070dcffe630
Event: 26.811 Thread 0x0000022ce64af000 DEOPT UNPACKING pc=0x0000022cc783a95e sp=0x00000070dcffdc58 mode 0
Event: 26.819 Thread 0x0000022ce64af000 DEOPT PACKING pc=0x0000022cc992e725 sp=0x00000070dcffe630
Event: 26.819 Thread 0x0000022ce64af000 DEOPT UNPACKING pc=0x0000022cc783a95e sp=0x00000070dcffdc58 mode 0

Classes redefined (0 events):
No events

Internal exceptions (20 events):
Event: 24.360 Thread 0x0000022ce64a7800 Exception <a 'java/lang/IncompatibleClassChangeError'{0x0000000089bfb340}: Found class java.lang.Object, but interface was expected> (0x0000000089bfb340) thrown at [./src/hotspot/share/interpreter/linkResolver.cpp, line 839]
Event: 24.407 Thread 0x0000022ce64a7800 Exception <a 'java/lang/NoSuchMethodError'{0x000000008989ab28}: 'java.lang.Object java.lang.invoke.DirectMethodHandle$Holder.invokeStatic(java.lang.Object, long)'> (0x000000008989ab28) thrown at [./src/hotspot/share/interpreter/linkResolver.cpp, line 773]
Event: 24.463 Thread 0x0000022ce64a7800 Exception <a 'java/lang/IncompatibleClassChangeError'{0x00000000895a24c0}: Found class java.lang.Object, but interface was expected> (0x00000000895a24c0) thrown at [./src/hotspot/share/interpreter/linkResolver.cpp, line 839]
Event: 24.520 Thread 0x0000022ce64a7800 Exception <a 'java/lang/NoSuchMethodError'{0x0000000089178410}: 'java.lang.Object java.lang.invoke.DirectMethodHandle$Holder.invokeStatic(java.lang.Object, int, java.lang.Object, java.lang.Object)'> (0x0000000089178410) thrown at [./src/hotspot/share/interpreter/linkResolver.cpp, line 773]
Event: 24.598 Thread 0x0000022ce64a7800 Exception <a 'java/lang/IncompatibleClassChangeError'{0x00000000885b7f68}: Found class java.lang.Object, but interface was expected> (0x00000000885b7f68) thrown at [./src/hotspot/share/interpreter/linkResolver.cpp, line 839]
Event: 24.599 Thread 0x0000022ce64a7800 Exception <a 'java/lang/IncompatibleClassChangeError'{0x00000000885bf438}: Found class java.lang.Object, but interface was expected> (0x00000000885bf438) thrown at [./src/hotspot/share/interpreter/linkResolver.cpp, line 839]
Event: 24.626 Thread 0x0000022ce64a7800 Exception <a 'java/lang/NoSuchMethodError'{0x0000000088331d30}: 'void java.lang.invoke.DirectMethodHandle$Holder.invokeSpecial(java.lang.Object, java.lang.Object, int, java.lang.Object)'> (0x0000000088331d30) thrown at [./src/hotspot/share/interpreter/linkResolver.cpp, line 773]
Event: 24.674 Thread 0x0000022ce64a7800 Exception <a 'java/lang/NoSuchMethodError'{0x000000008c692800}: 'java.lang.Object java.lang.invoke.DirectMethodHandle$Holder.newInvokeSpecial(java.lang.Object, int)'> (0x000000008c692800) thrown at [./src/hotspot/share/interpreter/linkResolver.cpp, line 773]
Event: 24.705 Thread 0x0000022ce64a7800 Exception <a 'java/lang/NoSuchMethodError'{0x000000008c458bc0}: 'long java.lang.invoke.DirectMethodHandle$Holder.invokeStatic(java.lang.Object, java.lang.Object)'> (0x000000008c458bc0) thrown at [./src/hotspot/share/interpreter/linkResolver.cpp, line 773]
Event: 24.737 Thread 0x0000022ce64a7800 Exception <a 'java/lang/NoSuchMethodError'{0x000000008c3f0630}: 'java.lang.Object java.lang.invoke.DirectMethodHandle$Holder.invokeSpecial(java.lang.Object, java.lang.Object, java.lang.Object, java.lang.Object, java.lang.Object, java.lang.Object, java.lang.Object, java.lang.Object, java.lang.Object, java.lang.Object, java.lang.Object)'> (0x000000008c3f0630) thrown at [./src/hotspot/share/interpreter/linkResolver.cpp, line 773]
Event: 24.738 Thread 0x0000022ce64a7800 Exception <a 'java/lang/NoSuchMethodError'{0x000000008c3fb7d8}: 'java.lang.Object java.lang.invoke.Invokers$Holder.linkToTargetMethod(java.lang.Object, java.lang.Object, java.lang.Object, java.lang.Object, java.lang.Object, java.lang.Object, java.lang.Object, java.lang.Object, java.lang.Object, java.lang.Object)'> (0x000000008c3fb7d8) thrown at [./src/hotspot/share/interpreter/linkResolver.cpp, line 773]
Event: 24.743 Thread 0x0000022ce64a7800 Exception <a 'java/lang/IncompatibleClassChangeError'{0x000000008c256918}: Found class java.lang.Object, but interface was expected> (0x000000008c256918) thrown at [./src/hotspot/share/interpreter/linkResolver.cpp, line 839]
Event: 24.785 Thread 0x0000022ce64a7800 Exception <a 'java/lang/NoSuchMethodError'{0x000000008c0ada00}: 'java.lang.Object java.lang.invoke.Invokers$Holder.linkToTargetMethod(java.lang.Object, int, java.lang.Object, java.lang.Object, java.lang.Object, java.lang.Object)'> (0x000000008c0ada00) thrown at [./src/hotspot/share/interpreter/linkResolver.cpp, line 773]
Event: 24.786 Thread 0x0000022ce64a7800 Exception <a 'java/lang/NoSuchMethodError'{0x000000008c0c11f8}: 'java.lang.Object java.lang.invoke.Invokers$Holder.linkToTargetMethod(java.lang.Object, java.lang.Object, java.lang.Object, int, java.lang.Object, java.lang.Object, java.lang.Object)'> (0x000000008c0c11f8) thrown at [./src/hotspot/share/interpreter/linkResolver.cpp, line 773]
Event: 24.798 Thread 0x0000022ce64a7800 Exception <a 'java/lang/NoSuchMethodError'{0x000000008bf6fc58}: 'void java.lang.invoke.DirectMethodHandle$Holder.invokeStatic(java.lang.Object, java.lang.Object, java.lang.Object, java.lang.Object, java.lang.Object, java.lang.Object, java.lang.Object, java.lang.Object)'> (0x000000008bf6fc58) thrown at [./src/hotspot/share/interpreter/linkResolver.cpp, line 773]
Event: 24.831 Thread 0x0000022ce64a7800 Exception <a 'java/lang/IncompatibleClassChangeError'{0x000000008bd5b348}: Found class java.lang.Object, but interface was expected> (0x000000008bd5b348) thrown at [./src/hotspot/share/interpreter/linkResolver.cpp, line 839]
Event: 24.844 Thread 0x0000022ce64a7800 Exception <a 'java/lang/NoSuchMethodError'{0x000000008bc4d528}: 'void java.lang.invoke.DirectMethodHandle$Holder.invokeSpecial(java.lang.Object, java.lang.Object, int)'> (0x000000008bc4d528) thrown at [./src/hotspot/share/interpreter/linkResolver.cpp, line 773]
Event: 24.853 Thread 0x0000022ce64a7800 Exception <a 'sun/nio/fs/WindowsException'{0x000000008bcd22c0}> (0x000000008bcd22c0) thrown at [./src/hotspot/share/prims/jni.cpp, line 615]
Event: 25.623 Thread 0x0000022ce64a8800 Exception <a 'sun/nio/fs/WindowsException'{0x000000008bd68e00}> (0x000000008bd68e00) thrown at [./src/hotspot/share/prims/jni.cpp, line 615]
Event: 25.968 Thread 0x0000022ce64a8800 Implicit null exception at 0x0000022ccfa5339c to 0x0000022ccfa53eec

Events (20 events):
Event: 26.196 Executing VM operation: G1CollectForAllocation done
Event: 26.285 loading class com/android/tools/r8/graph/m0
Event: 26.285 loading class com/android/tools/r8/graph/m0 done
Event: 26.297 Executing VM operation: CGC_Operation
Event: 26.324 Executing VM operation: CGC_Operation done
Event: 26.413 Executing VM operation: G1CollectForAllocation
Event: 26.423 Executing VM operation: G1CollectForAllocation done
Event: 26.465 Executing VM operation: CGC_Operation
Event: 26.466 Executing VM operation: CGC_Operation done
Event: 26.476 Executing VM operation: G1CollectForAllocation
Event: 26.484 Executing VM operation: G1CollectForAllocation done
Event: 26.508 Executing VM operation: G1CollectForAllocation
Event: 26.516 Executing VM operation: G1CollectForAllocation done
Event: 26.634 Executing VM operation: G1CollectForAllocation
Event: 26.644 Executing VM operation: G1CollectForAllocation done
Event: 26.712 Executing VM operation: G1CollectForAllocation
Event: 26.722 Executing VM operation: G1CollectForAllocation done
Event: 26.774 Executing VM operation: G1CollectForAllocation
Event: 26.787 Executing VM operation: G1CollectForAllocation done
Event: 26.826 Executing VM operation: G1CollectForAllocation


Dynamic libraries:
0x00007ff677eb0000 - 0x00007ff677eba000 	C:\Program Files\Android\Android Studio\jre\bin\java.exe
0x00007ff9aa120000 - 0x00007ff9aa329000 	C:\WINDOWS\SYSTEM32\ntdll.dll
0x00007ff9a9270000 - 0x00007ff9a932d000 	C:\WINDOWS\System32\KERNEL32.DLL
0x00007ff9a7c30000 - 0x00007ff9a7fad000 	C:\WINDOWS\System32\KERNELBASE.dll
0x00007ff9a7880000 - 0x00007ff9a7991000 	C:\WINDOWS\System32\ucrtbase.dll
0x00007ff9888d0000 - 0x00007ff9888e9000 	C:\Program Files\Android\Android Studio\jre\bin\jli.dll
0x00007ff98a7a0000 - 0x00007ff98a7b7000 	C:\Program Files\Android\Android Studio\jre\bin\VCRUNTIME140.dll
0x00007ff9a9ce0000 - 0x00007ff9a9e8d000 	C:\WINDOWS\System32\USER32.dll
0x00007ff9a7850000 - 0x00007ff9a7876000 	C:\WINDOWS\System32\win32u.dll
0x00007ff992540000 - 0x00007ff9927e5000 	C:\WINDOWS\WinSxS\amd64_microsoft.windows.common-controls_6595b64144ccf1df_6.0.22000.120_none_9d947278b86cc467\COMCTL32.dll
0x00007ff9a9f80000 - 0x00007ff9a9fa9000 	C:\WINDOWS\System32\GDI32.dll
0x00007ff9a91c0000 - 0x00007ff9a9263000 	C:\WINDOWS\System32\msvcrt.dll
0x00007ff9a7b10000 - 0x00007ff9a7c28000 	C:\WINDOWS\System32\gdi32full.dll
0x00007ff9a77b0000 - 0x00007ff9a784d000 	C:\WINDOWS\System32\msvcp_win.dll
0x00007ff9a8290000 - 0x00007ff9a82c1000 	C:\WINDOWS\System32\IMM32.DLL
0x00007ff972590000 - 0x00007ff97262d000 	C:\Program Files\Android\Android Studio\jre\bin\msvcp140.dll
0x00007ff9422c0000 - 0x00007ff942da5000 	C:\Program Files\Android\Android Studio\jre\bin\server\jvm.dll
0x00007ff9a8040000 - 0x00007ff9a80ee000 	C:\WINDOWS\System32\ADVAPI32.dll
0x00007ff9a8480000 - 0x00007ff9a851e000 	C:\WINDOWS\System32\sechost.dll
0x00007ff9a9bc0000 - 0x00007ff9a9ce0000 	C:\WINDOWS\System32\RPCRT4.dll
0x00007ff9a9330000 - 0x00007ff9a9338000 	C:\WINDOWS\System32\PSAPI.DLL
0x00007ff944bf0000 - 0x00007ff944bf9000 	C:\WINDOWS\SYSTEM32\WSOCK32.dll
0x00007ff9a9fb0000 - 0x00007ff9aa01f000 	C:\WINDOWS\System32\WS2_32.dll
0x00007ff994900000 - 0x00007ff994933000 	C:\WINDOWS\SYSTEM32\WINMM.dll
0x00007ff9a2d40000 - 0x00007ff9a2d4a000 	C:\WINDOWS\SYSTEM32\VERSION.dll
0x00007ff9a6700000 - 0x00007ff9a6718000 	C:\WINDOWS\SYSTEM32\kernel.appcore.dll
0x00007ff984580000 - 0x00007ff984591000 	C:\Program Files\Android\Android Studio\jre\bin\verify.dll
0x00007ff9953f0000 - 0x00007ff995611000 	C:\WINDOWS\SYSTEM32\DBGHELP.DLL
0x00007ff994950000 - 0x00007ff994981000 	C:\WINDOWS\SYSTEM32\dbgcore.DLL
0x00007ff9a76c0000 - 0x00007ff9a773f000 	C:\WINDOWS\System32\bcryptPrimitives.dll
0x00007ff971950000 - 0x00007ff971979000 	C:\Program Files\Android\Android Studio\jre\bin\java.dll
0x00007ff984570000 - 0x00007ff98457b000 	C:\Program Files\Android\Android Studio\jre\bin\jimage.dll
0x00007ff971930000 - 0x00007ff971948000 	C:\Program Files\Android\Android Studio\jre\bin\zip.dll
0x00007ff9a9340000 - 0x00007ff9a9af8000 	C:\WINDOWS\System32\SHELL32.dll
0x00007ff9a5770000 - 0x00007ff9a5fd8000 	C:\WINDOWS\SYSTEM32\windows.storage.dll
0x00007ff9a86e0000 - 0x00007ff9a8a59000 	C:\WINDOWS\System32\combase.dll
0x00007ff9a5600000 - 0x00007ff9a5766000 	C:\WINDOWS\SYSTEM32\wintypes.dll
0x00007ff9a8ed0000 - 0x00007ff9a8fba000 	C:\WINDOWS\System32\SHCORE.dll
0x00007ff9a7fd0000 - 0x00007ff9a802d000 	C:\WINDOWS\System32\shlwapi.dll
0x00007ff9a7530000 - 0x00007ff9a7551000 	C:\WINDOWS\SYSTEM32\profapi.dll
0x00007ff967f60000 - 0x00007ff967f7a000 	C:\Program Files\Android\Android Studio\jre\bin\net.dll
0x00007ff9a2760000 - 0x00007ff9a286c000 	C:\WINDOWS\SYSTEM32\WINHTTP.dll
0x00007ff9a6b30000 - 0x00007ff9a6b97000 	C:\WINDOWS\system32\mswsock.dll
0x00007ff967f40000 - 0x00007ff967f54000 	C:\Program Files\Android\Android Studio\jre\bin\nio.dll
0x00007ff9883e0000 - 0x00007ff988407000 	C:\Users\Dell\.gradle\native\e1d6ef7f7dcc3fd88c89a11ec53ec762bb8ba0a96d01ffa2cd45eb1d1d8dd5c5\windows-amd64\native-platform.dll
0x00007ff971320000 - 0x00007ff971464000 	C:\Users\Dell\.gradle\native\5664cfc778a61ccfe75a443a1ab52a65af34e5dc3c78e0209fed803814484fcb\windows-amd64\native-platform-file-events.dll
0x00007ff984560000 - 0x00007ff98456a000 	C:\Program Files\Android\Android Studio\jre\bin\management.dll
0x00007ff97f8b0000 - 0x00007ff97f8bd000 	C:\Program Files\Android\Android Studio\jre\bin\management_ext.dll
0x00007ff9a6d70000 - 0x00007ff9a6d88000 	C:\WINDOWS\SYSTEM32\CRYPTSP.dll
0x00007ff9a6660000 - 0x00007ff9a6695000 	C:\WINDOWS\system32\rsaenh.dll
0x00007ff9a6c20000 - 0x00007ff9a6c49000 	C:\WINDOWS\SYSTEM32\USERENV.dll
0x00007ff9a6ef0000 - 0x00007ff9a6f17000 	C:\WINDOWS\SYSTEM32\bcrypt.dll
0x00007ff9a6d90000 - 0x00007ff9a6d9c000 	C:\WINDOWS\SYSTEM32\CRYPTBASE.dll
0x00007ff9a6230000 - 0x00007ff9a625d000 	C:\WINDOWS\SYSTEM32\IPHLPAPI.DLL
0x00007ff9a8030000 - 0x00007ff9a8039000 	C:\WINDOWS\System32\NSI.dll
0x00007ff9a2740000 - 0x00007ff9a2759000 	C:\WINDOWS\SYSTEM32\dhcpcsvc6.DLL
0x00007ff9a2c00000 - 0x00007ff9a2c1e000 	C:\WINDOWS\SYSTEM32\dhcpcsvc.DLL
0x00007ff9a6260000 - 0x00007ff9a6348000 	C:\WINDOWS\SYSTEM32\DNSAPI.dll
0x00007ff9a3ed0000 - 0x00007ff9a3ed8000 	C:\Program Files\Android\Android Studio\jre\bin\rmi.dll
0x00007ff9a0380000 - 0x00007ff9a0397000 	C:\WINDOWS\system32\napinsp.dll
0x00007ff9a0690000 - 0x00007ff9a06ab000 	C:\WINDOWS\system32\pnrpnsp.dll
0x00007ff9a0710000 - 0x00007ff9a0722000 	C:\WINDOWS\System32\winrnr.dll
0x00007ff9a0740000 - 0x00007ff9a0755000 	C:\WINDOWS\system32\wshbth.dll
0x00007ff9a0950000 - 0x00007ff9a096f000 	C:\WINDOWS\system32\nlansp_c.dll
0x00007ff9a0730000 - 0x00007ff9a073a000 	C:\Windows\System32\rasadhlp.dll
0x00007ff9a0990000 - 0x00007ff9a0a11000 	C:\WINDOWS\System32\fwpuclnt.dll

dbghelp: loaded successfully - version: 4.0.5 - missing functions: none
symbol engine: initialized successfully - sym options: 0x614 - pdb path: .;C:\Program Files\Android\Android Studio\jre\bin;C:\WINDOWS\SYSTEM32;C:\WINDOWS\WinSxS\amd64_microsoft.windows.common-controls_6595b64144ccf1df_6.0.22000.120_none_9d947278b86cc467;C:\Program Files\Android\Android Studio\jre\bin\server;C:\Users\Dell\.gradle\native\e1d6ef7f7dcc3fd88c89a11ec53ec762bb8ba0a96d01ffa2cd45eb1d1d8dd5c5\windows-amd64;C:\Users\Dell\.gradle\native\5664cfc778a61ccfe75a443a1ab52a65af34e5dc3c78e0209fed803814484fcb\windows-amd64

VM Arguments:
jvm_args: --add-opens=java.base/java.util=ALL-UNNAMED --add-opens=java.base/java.lang=ALL-UNNAMED --add-opens=java.base/java.lang.invoke=ALL-UNNAMED --add-opens=java.base/java.util=ALL-UNNAMED --add-opens=java.prefs/java.util.prefs=ALL-UNNAMED --add-opens=java.prefs/java.util.prefs=ALL-UNNAMED --add-opens=java.base/java.nio.charset=ALL-UNNAMED --add-opens=java.base/java.net=ALL-UNNAMED --add-opens=java.base/java.util.concurrent.atomic=ALL-UNNAMED -Xmx2048m -Dfile.encoding=UTF-8 -Duser.country=US -Duser.language=en -Duser.variant 
java_command: org.gradle.launcher.daemon.bootstrap.GradleDaemon 7.3.3
java_class_path (initial): C:\Users\Dell\.gradle\wrapper\dists\gradle-7.3.3-bin\6a41zxkdtcxs8rphpq6y0069z\gradle-7.3.3\lib\gradle-launcher-7.3.3.jar
Launcher Type: SUN_STANDARD

[Global flags]
     intx CICompilerCount                          = 3                                         {product} {ergonomic}
     uint ConcGCThreads                            = 1                                         {product} {ergonomic}
     uint G1ConcRefinementThreads                  = 4                                         {product} {ergonomic}
   size_t G1HeapRegionSize                         = 1048576                                   {product} {ergonomic}
    uintx GCDrainStackTargetSize                   = 64                                        {product} {ergonomic}
   size_t InitialHeapSize                          = 65011712                                  {product} {ergonomic}
   size_t MarkStackSize                            = 4194304                                   {product} {ergonomic}
   size_t MaxHeapSize                              = 2147483648                                {product} {command line}
   size_t MaxNewSize                               = 1287651328                                {product} {ergonomic}
   size_t MinHeapDeltaBytes                        = 1048576                                   {product} {ergonomic}
    uintx NonNMethodCodeHeapSize                   = 5830732                                {pd product} {ergonomic}
    uintx NonProfiledCodeHeapSize                  = 122913754                              {pd product} {ergonomic}
    uintx ProfiledCodeHeapSize                     = 122913754                              {pd product} {ergonomic}
    uintx ReservedCodeCacheSize                    = 251658240                              {pd product} {ergonomic}
     bool SegmentedCodeCache                       = true                                      {product} {ergonomic}
     bool UseCompressedClassPointers               = true                                 {lp64_product} {ergonomic}
     bool UseCompressedOops                        = true                                 {lp64_product} {ergonomic}
     bool UseG1GC                                  = true                                      {product} {ergonomic}
     bool UseLargePagesIndividualAllocation        = false                                  {pd product} {ergonomic}

Logging:
Log output configuration:
 #0: stdout all=warning uptime,level,tags
 #1: stderr all=off uptime,level,tags

Environment Variables:
PATH=C:\Program Files (x86)\NVIDIA Corporation\PhysX\Common;C:\Program Files (x86)\Common Files\Oracle\Java\javapath;C:\WINDOWS\system32;C:\WINDOWS;C:\WINDOWS\System32\Wbem;C:\WINDOWS\System32\WindowsPowerShell\v1.0\;C:\WINDOWS\System32\OpenSSH\;C:\Program Files\dotnet\;C:\Program Files\Microsoft VS Code\bin;C:\Program Files\MySQL\MySQL Shell 8.0\bin\;C:\Users\Dell\AppData\Local\Microsoft\WindowsApps;
USERNAME=Dell
OS=Windows_NT
PROCESSOR_IDENTIFIER=Intel64 Family 6 Model 158 Stepping 11, GenuineIntel



---------------  S Y S T E M  ---------------

OS: Windows 10 , 64 bit Build 22000 (10.0.22000.708)
OS uptime: 0 days 1:32 hours

CPU:total 4 (initial active 4) (4 cores per cpu, 1 threads per core) family 6 model 158 stepping 11 microcode 0xf0, cmov, cx8, fxsr, mmx, sse, sse2, sse3, ssse3, sse4.1, sse4.2, popcnt, avx, avx2, aes, clmul, erms, 3dnowpref, lzcnt, tsc, tscinvbit, bmi1, bmi2, adx, fma

Memory: 4k page, system-wide physical 3906M (595M free)
TotalPageFile size 8002M (AvailPageFile size 48M)
current process WorkingSet (physical memory assigned to process): 542M, peak: 545M
current process commit charge ("private bytes"): 597M, peak: 821M

vm_info: OpenJDK 64-Bit Server VM (11.0.12+7-b1504.28-7817840) for windows-amd64 JRE (11.0.12+7-b1504.28-7817840), built on Oct 13 2021 22:12:33 by "builder" with MS VC++ 14.0 (VS2015)

END.
