#
# There is insufficient memory for the Java Runtime Environment to continue.
# Native memory allocation (malloc) failed to allocate 1054016 bytes for Chunk::new
# Possible reasons:
#   The system is out of physical RAM or swap space
#   The process is running with CompressedOops enabled, and the Java Heap may be blocking the growth of the native heap
# Possible solutions:
#   Reduce memory load on the system
#   Increase physical memory or swap space
#   Check if swap backing store is full
#   Decrease Java heap size (-Xmx/-Xms)
#   Decrease number of Java threads
#   Decrease Java thread stack sizes (-Xss)
#   Set larger code cache with -XX:ReservedCodeCacheSize=
#   JVM is running with Unscaled Compressed Oops mode in which the Java heap is
#     placed in the first 4GB address space. The Java Heap base address is the
#     maximum limit for the native heap growth. Please use -XX:HeapBaseMinAddress
#     to set the Java Heap base and to place the Java Heap above 4GB virtual address.
# This output file may be truncated or incomplete.
#
#  Out of Memory Error (./src/hotspot/share/memory/arena.cpp:197), pid=12964, tid=8240
#
# JRE version: OpenJDK Runtime Environment (11.0.12+7) (build 11.0.12+7-b1504.28-7817840)
# Java VM: OpenJDK 64-Bit Server VM (11.0.12+7-b1504.28-7817840, mixed mode, tiered, compressed oops, g1 gc, windows-amd64)
# No core dump will be written. Minidumps are not enabled by default on client versions of Windows
#

---------------  S U M M A R Y ------------

Command Line: --add-opens=java.base/java.util=ALL-UNNAMED --add-opens=java.base/java.lang=ALL-UNNAMED --add-opens=java.base/java.lang.invoke=ALL-UNNAMED --add-opens=java.base/java.util=ALL-UNNAMED --add-opens=java.prefs/java.util.prefs=ALL-UNNAMED --add-opens=java.prefs/java.util.prefs=ALL-UNNAMED --add-opens=java.base/java.nio.charset=ALL-UNNAMED --add-opens=java.base/java.net=ALL-UNNAMED --add-opens=java.base/java.util.concurrent.atomic=ALL-UNNAMED -Xmx2048m -Dfile.encoding=UTF-8 -Duser.country=US -Duser.language=en -Duser.variant org.gradle.launcher.daemon.bootstrap.GradleDaemon 7.3.3

Host: Intel(R) Core(TM) i3-8100 CPU @ 3.60GHz, 4 cores, 3G,  Windows 10 , 64 bit Build 22000 (10.0.22000.708)
Time: Tue Aug 23 11:51:23 2022 India Standard Time elapsed time: 15.057276 seconds (0d 0h 0m 15s)

---------------  T H R E A D  ---------------

Current thread (0x00000206c0b09800):  JavaThread "C2 CompilerThread0" daemon [_thread_in_native, id=8240, stack(0x000000a9f7b00000,0x000000a9f7c00000)]


Current CompileTask:
C2:  15057 8851       4       java.lang.Class::annotationData (44 bytes)

Stack: [0x000000a9f7b00000,0x000000a9f7c00000]
Native frames: (J=compiled Java code, j=interpreted, Vv=VM code, C=native code)
V  [jvm.dll+0x5fbcea]
V  [jvm.dll+0x731905]
V  [jvm.dll+0x732f1d]
V  [jvm.dll+0x7335d3]
V  [jvm.dll+0x247bf8]
V  [jvm.dll+0xc018c]
V  [jvm.dll+0xc06cc]
V  [jvm.dll+0x2bcc04]
V  [jvm.dll+0x5113a8]
V  [jvm.dll+0x208303]
V  [jvm.dll+0x201fe0]
V  [jvm.dll+0x1ff71f]
V  [jvm.dll+0x18868c]
V  [jvm.dll+0x20e0d7]
V  [jvm.dll+0x20c901]
V  [jvm.dll+0x6f9b7f]
V  [jvm.dll+0x6f26a5]
V  [jvm.dll+0x5fabf6]
C  [ucrtbase.dll+0x26c0c]
C  [KERNEL32.DLL+0x154e0]
C  [ntdll.dll+0x485b]


---------------  P R O C E S S  ---------------

Threads class SMR info:
_java_thread_list=0x00000206c30f0d90, length=81, elements={
0x00000206a65bc000, 0x00000206c017d000, 0x00000206c0186000, 0x00000206c0b02800,
0x00000206c0b05800, 0x00000206c0b06800, 0x00000206c0b09800, 0x00000206c0b0e000,
0x00000206c0b0f800, 0x00000206c0c51800, 0x00000206c2aba800, 0x00000206c1a9c000,
0x00000206c1f04800, 0x00000206c1c6d800, 0x00000206c2d09800, 0x00000206c17d9800,
0x00000206c2241800, 0x00000206c34c5800, 0x00000206c3725000, 0x00000206c36b9800,
0x00000206c36ba800, 0x00000206c36bc000, 0x00000206c36bb000, 0x00000206c3b4e000,
0x00000206c3b51000, 0x00000206c3b53800, 0x00000206c3b4e800, 0x00000206c3b52800,
0x00000206c3b55000, 0x00000206c3b50800, 0x00000206c3b4f800, 0x00000206c3b57800,
0x00000206c3b52000, 0x00000206c3b5a000, 0x00000206c3b54800, 0x00000206c3b56000,
0x00000206c3b5c800, 0x00000206c3b57000, 0x00000206c2f26800, 0x00000206c2f2a000,
0x00000206c2f27800, 0x00000206c2f24000, 0x00000206c2f29000, 0x00000206c2f26000,
0x00000206c2f2a800, 0x00000206c2f28800, 0x00000206c2f25000, 0x00000206c2f2e000,
0x00000206c2f2d000, 0x00000206c2f2b800, 0x00000206c2f2f000, 0x00000206c2f2f800,
0x00000206c2f30800, 0x00000206c2f31800, 0x00000206c2f32000, 0x00000206c2f2c800,
0x00000206c2f33000, 0x00000206c2f04000, 0x00000206c2f07800, 0x00000206c2f08800,
0x00000206c2f05000, 0x00000206c2f09000, 0x00000206c2f0a000, 0x00000206c2f06000,
0x00000206c2f0a800, 0x00000206c2f0b800, 0x00000206c2f0c800, 0x00000206c2f06800,
0x00000206c2f11800, 0x00000206c2f10800, 0x00000206c2f0f000, 0x00000206c2f0d000,
0x00000206c2f12000, 0x00000206c2f0f800, 0x00000206c2f13000, 0x00000206c2f0e000,
0x00000206c2bc7000, 0x00000206c2bcb800, 0x00000206c2bc9000, 0x00000206c2bc5800,
0x00000206c2bcc000
}

Java Threads: ( => current thread )
  0x00000206a65bc000 JavaThread "main" [_thread_blocked, id=10760, stack(0x000000a9f6f00000,0x000000a9f7000000)]
  0x00000206c017d000 JavaThread "Reference Handler" daemon [_thread_blocked, id=13056, stack(0x000000a9f7600000,0x000000a9f7700000)]
  0x00000206c0186000 JavaThread "Finalizer" daemon [_thread_blocked, id=3500, stack(0x000000a9f7700000,0x000000a9f7800000)]
  0x00000206c0b02800 JavaThread "Signal Dispatcher" daemon [_thread_blocked, id=10260, stack(0x000000a9f7800000,0x000000a9f7900000)]
  0x00000206c0b05800 JavaThread "Attach Listener" daemon [_thread_blocked, id=4576, stack(0x000000a9f7900000,0x000000a9f7a00000)]
  0x00000206c0b06800 JavaThread "Service Thread" daemon [_thread_blocked, id=1164, stack(0x000000a9f7a00000,0x000000a9f7b00000)]
=>0x00000206c0b09800 JavaThread "C2 CompilerThread0" daemon [_thread_in_native, id=8240, stack(0x000000a9f7b00000,0x000000a9f7c00000)]
  0x00000206c0b0e000 JavaThread "C1 CompilerThread0" daemon [_thread_in_native, id=7008, stack(0x000000a9f7c00000,0x000000a9f7d00000)]
  0x00000206c0b0f800 JavaThread "Sweeper thread" daemon [_thread_blocked, id=10324, stack(0x000000a9f7d00000,0x000000a9f7e00000)]
  0x00000206c0c51800 JavaThread "Common-Cleaner" daemon [_thread_blocked, id=8044, stack(0x000000a9f7e00000,0x000000a9f7f00000)]
  0x00000206c2aba800 JavaThread "Daemon health stats" [_thread_blocked, id=6112, stack(0x000000a9f8200000,0x000000a9f8300000)]
  0x00000206c1a9c000 JavaThread "Incoming local TCP Connector on port 50752" [_thread_in_native, id=9524, stack(0x000000a9f8000000,0x000000a9f8100000)]
  0x00000206c1f04800 JavaThread "Daemon periodic checks" [_thread_blocked, id=8788, stack(0x000000a9f8300000,0x000000a9f8400000)]
  0x00000206c1c6d800 JavaThread "Daemon" [_thread_blocked, id=9908, stack(0x000000a9f8400000,0x000000a9f8500000)]
  0x00000206c2d09800 JavaThread "Handler for socket connection from /127.0.0.1:50752 to /127.0.0.1:50753" [_thread_in_native, id=11468, stack(0x000000a9f8500000,0x000000a9f8600000)]
  0x00000206c17d9800 JavaThread "Cancel handler" [_thread_blocked, id=10152, stack(0x000000a9f8600000,0x000000a9f8700000)]
  0x00000206c2241800 JavaThread "Daemon worker" [_thread_blocked, id=6300, stack(0x000000a9f8700000,0x000000a9f8800000)]
  0x00000206c34c5800 JavaThread "Asynchronous log dispatcher for DefaultDaemonConnection: socket connection from /127.0.0.1:50752 to /127.0.0.1:50753" [_thread_blocked, id=8676, stack(0x000000a9f8900000,0x000000a9f8a00000)]
  0x00000206c3725000 JavaThread "Stdin handler" [_thread_blocked, id=8156, stack(0x000000a9f8a00000,0x000000a9f8b00000)]
  0x00000206c36b9800 JavaThread "Daemon client event forwarder" [_thread_blocked, id=10816, stack(0x000000a9f8b00000,0x000000a9f8c00000)]
  0x00000206c36ba800 JavaThread "Cache worker for journal cache (C:\Users\Dell\.gradle\caches\journal-1)" [_thread_blocked, id=3936, stack(0x000000a9f8e00000,0x000000a9f8f00000)]
  0x00000206c36bc000 JavaThread "File lock request listener" [_thread_in_native, id=13072, stack(0x000000a9f8f00000,0x000000a9f9000000)]
  0x00000206c36bb000 JavaThread "Cache worker for file hash cache (C:\Users\Dell\.gradle\caches\7.3.3\fileHashes)" [_thread_blocked, id=4896, stack(0x000000a9f9000000,0x000000a9f9100000)]
  0x00000206c3b4e000 JavaThread "Cache worker for file hash cache (C:\Users\Dell\Viwall\.gradle\7.3.3\fileHashes)" [_thread_blocked, id=13308, stack(0x000000a9f9100000,0x000000a9f9200000)]
  0x00000206c3b51000 JavaThread "File watcher server" daemon [_thread_in_native, id=2640, stack(0x000000a9f9200000,0x000000a9f9300000)]
  0x00000206c3b53800 JavaThread "File watcher consumer" daemon [_thread_blocked, id=12636, stack(0x000000a9f9300000,0x000000a9f9400000)]
  0x00000206c3b4e800 JavaThread "jar transforms" [_thread_blocked, id=3844, stack(0x000000a9f9400000,0x000000a9f9500000)]
  0x00000206c3b52800 JavaThread "jar transforms Thread 2" [_thread_blocked, id=12244, stack(0x000000a9f9500000,0x000000a9f9600000)]
  0x00000206c3b55000 JavaThread "jar transforms Thread 3" [_thread_blocked, id=1472, stack(0x000000a9f9600000,0x000000a9f9700000)]
  0x00000206c3b50800 JavaThread "jar transforms Thread 4" [_thread_blocked, id=2720, stack(0x000000a9f9700000,0x000000a9f9800000)]
  0x00000206c3b4f800 JavaThread "Cache worker for checksums cache (C:\Users\Dell\Viwall\.gradle\7.3.3\checksums)" [_thread_blocked, id=6432, stack(0x000000a9f9800000,0x000000a9f9900000)]
  0x00000206c3b57800 JavaThread "Cache worker for cache directory md-supplier (C:\Users\Dell\.gradle\caches\7.3.3\md-supplier)" [_thread_blocked, id=12952, stack(0x000000a9f9900000,0x000000a9f9a00000)]
  0x00000206c3b52000 JavaThread "Cache worker for cache directory md-rule (C:\Users\Dell\.gradle\caches\7.3.3\md-rule)" [_thread_blocked, id=11476, stack(0x000000a9f9a00000,0x000000a9f9b00000)]
  0x00000206c3b5a000 JavaThread "Cache worker for execution history cache (C:\Users\Dell\.gradle\caches\7.3.3\executionHistory)" [_thread_blocked, id=2816, stack(0x000000a9f9b00000,0x000000a9f9c00000)]
  0x00000206c3b54800 JavaThread "Cache worker for file content cache (C:\Users\Dell\.gradle\caches\7.3.3\fileContent)" [_thread_blocked, id=5952, stack(0x000000a9f9c00000,0x000000a9f9d00000)]
  0x00000206c3b56000 JavaThread "Cache worker for dependencies-accessors (C:\Users\Dell\Viwall\.gradle\7.3.3\dependencies-accessors)" [_thread_blocked, id=11688, stack(0x000000a9f9d00000,0x000000a9f9e00000)]
  0x00000206c3b5c800 JavaThread "Cache worker for Build Output Cleanup Cache (C:\Users\Dell\Viwall\.gradle\buildOutputCleanup)" [_thread_blocked, id=9592, stack(0x000000a9f9e00000,0x000000a9f9f00000)]
  0x00000206c3b57000 JavaThread "Unconstrained build operations" [_thread_blocked, id=884, stack(0x000000a9f9f00000,0x000000a9fa000000)]
  0x00000206c2f26800 JavaThread "Unconstrained build operations Thread 2" [_thread_blocked, id=7656, stack(0x000000a9fa000000,0x000000a9fa100000)]
  0x00000206c2f2a000 JavaThread "Unconstrained build operations Thread 3" [_thread_blocked, id=9888, stack(0x000000a9fa100000,0x000000a9fa200000)]
  0x00000206c2f27800 JavaThread "Unconstrained build operations Thread 4" [_thread_blocked, id=11720, stack(0x000000a9fa200000,0x000000a9fa300000)]
  0x00000206c2f24000 JavaThread "Unconstrained build operations Thread 5" [_thread_blocked, id=7592, stack(0x000000a9fa300000,0x000000a9fa400000)]
  0x00000206c2f29000 JavaThread "Unconstrained build operations Thread 6" [_thread_blocked, id=9868, stack(0x000000a9fa400000,0x000000a9fa500000)]
  0x00000206c2f26000 JavaThread "Unconstrained build operations Thread 7" [_thread_blocked, id=11092, stack(0x000000a9fa500000,0x000000a9fa600000)]
  0x00000206c2f2a800 JavaThread "Unconstrained build operations Thread 8" [_thread_blocked, id=5664, stack(0x000000a9fa600000,0x000000a9fa700000)]
  0x00000206c2f28800 JavaThread "Unconstrained build operations Thread 9" [_thread_blocked, id=6056, stack(0x000000a9fa700000,0x000000a9fa800000)]
  0x00000206c2f25000 JavaThread "Unconstrained build operations Thread 10" [_thread_blocked, id=7792, stack(0x000000a9fa800000,0x000000a9fa900000)]
  0x00000206c2f2e000 JavaThread "Unconstrained build operations Thread 11" [_thread_blocked, id=6892, stack(0x000000a9fa900000,0x000000a9faa00000)]
  0x00000206c2f2d000 JavaThread "Unconstrained build operations Thread 12" [_thread_blocked, id=8488, stack(0x000000a9faa00000,0x000000a9fab00000)]
  0x00000206c2f2b800 JavaThread "Unconstrained build operations Thread 13" [_thread_blocked, id=7544, stack(0x000000a9fab00000,0x000000a9fac00000)]
  0x00000206c2f2f000 JavaThread "Unconstrained build operations Thread 14" [_thread_blocked, id=8484, stack(0x000000a9fac00000,0x000000a9fad00000)]
  0x00000206c2f2f800 JavaThread "Unconstrained build operations Thread 15" [_thread_blocked, id=12668, stack(0x000000a9fad00000,0x000000a9fae00000)]
  0x00000206c2f30800 JavaThread "Unconstrained build operations Thread 16" [_thread_blocked, id=5700, stack(0x000000a9fae00000,0x000000a9faf00000)]
  0x00000206c2f31800 JavaThread "Unconstrained build operations Thread 17" [_thread_blocked, id=11004, stack(0x000000a9faf00000,0x000000a9fb000000)]
  0x00000206c2f32000 JavaThread "Unconstrained build operations Thread 18" [_thread_blocked, id=10412, stack(0x000000a9fb000000,0x000000a9fb100000)]
  0x00000206c2f2c800 JavaThread "Unconstrained build operations Thread 19" [_thread_blocked, id=11904, stack(0x000000a9fb100000,0x000000a9fb200000)]
  0x00000206c2f33000 JavaThread "Unconstrained build operations Thread 20" [_thread_blocked, id=12648, stack(0x000000a9fb200000,0x000000a9fb300000)]
  0x00000206c2f04000 JavaThread "Unconstrained build operations Thread 21" [_thread_blocked, id=12440, stack(0x000000a9fb300000,0x000000a9fb400000)]
  0x00000206c2f07800 JavaThread "Unconstrained build operations Thread 22" [_thread_blocked, id=2496, stack(0x000000a9fb400000,0x000000a9fb500000)]
  0x00000206c2f08800 JavaThread "Unconstrained build operations Thread 23" [_thread_blocked, id=6356, stack(0x000000a9fb500000,0x000000a9fb600000)]
  0x00000206c2f05000 JavaThread "Unconstrained build operations Thread 24" [_thread_blocked, id=12712, stack(0x000000a9fb600000,0x000000a9fb700000)]
  0x00000206c2f09000 JavaThread "Unconstrained build operations Thread 25" [_thread_blocked, id=10572, stack(0x000000a9fb700000,0x000000a9fb800000)]
  0x00000206c2f0a000 JavaThread "Unconstrained build operations Thread 26" [_thread_blocked, id=2556, stack(0x000000a9fb800000,0x000000a9fb900000)]
  0x00000206c2f06000 JavaThread "Unconstrained build operations Thread 27" [_thread_blocked, id=1068, stack(0x000000a9fb900000,0x000000a9fba00000)]
  0x00000206c2f0a800 JavaThread "Unconstrained build operations Thread 28" [_thread_blocked, id=12700, stack(0x000000a9fba00000,0x000000a9fbb00000)]
  0x00000206c2f0b800 JavaThread "Unconstrained build operations Thread 29" [_thread_blocked, id=11880, stack(0x000000a9fbb00000,0x000000a9fbc00000)]
  0x00000206c2f0c800 JavaThread "Unconstrained build operations Thread 30" [_thread_blocked, id=11484, stack(0x000000a9fbc00000,0x000000a9fbd00000)]
  0x00000206c2f06800 JavaThread "Unconstrained build operations Thread 31" [_thread_blocked, id=12812, stack(0x000000a9fbd00000,0x000000a9fbe00000)]
  0x00000206c2f11800 JavaThread "Unconstrained build operations Thread 32" [_thread_blocked, id=5560, stack(0x000000a9fbe00000,0x000000a9fbf00000)]
  0x00000206c2f10800 JavaThread "Unconstrained build operations Thread 33" [_thread_blocked, id=1644, stack(0x000000a9fbf00000,0x000000a9fc000000)]
  0x00000206c2f0f000 JavaThread "Unconstrained build operations Thread 34" [_thread_blocked, id=12408, stack(0x000000a9fc000000,0x000000a9fc100000)]
  0x00000206c2f0d000 JavaThread "Unconstrained build operations Thread 35" [_thread_blocked, id=13024, stack(0x000000a9fc100000,0x000000a9fc200000)]
  0x00000206c2f12000 JavaThread "Unconstrained build operations Thread 36" [_thread_blocked, id=12664, stack(0x000000a9fc200000,0x000000a9fc300000)]
  0x00000206c2f0f800 JavaThread "Unconstrained build operations Thread 37" [_thread_blocked, id=13280, stack(0x000000a9fc300000,0x000000a9fc400000)]
  0x00000206c2f13000 JavaThread "Unconstrained build operations Thread 38" [_thread_blocked, id=1992, stack(0x000000a9fc400000,0x000000a9fc500000)]
  0x00000206c2f0e000 JavaThread "Unconstrained build operations Thread 39" [_thread_blocked, id=12436, stack(0x000000a9fc500000,0x000000a9fc600000)]
  0x00000206c2bc7000 JavaThread "Unconstrained build operations Thread 40" [_thread_blocked, id=8280, stack(0x000000a9fc600000,0x000000a9fc700000)]
  0x00000206c2bcb800 JavaThread "Memory manager" [_thread_blocked, id=8300, stack(0x000000a9fc700000,0x000000a9fc800000)]
  0x00000206c2bc9000 JavaThread "build event listener" [_thread_blocked, id=8332, stack(0x000000a9fc800000,0x000000a9fc900000)]
  0x00000206c2bc5800 JavaThread "pool-3-thread-1" [_thread_blocked, id=6448, stack(0x000000a9fc900000,0x000000a9fca00000)]
  0x00000206c2bcc000 JavaThread "Cache worker for execution history cache (C:\Users\Dell\Viwall\.gradle\7.3.3\executionHistory)" [_thread_blocked, id=5076, stack(0x000000a9fcc00000,0x000000a9fcd00000)]

Other Threads:
  0x00000206c0178800 VMThread "VM Thread" [stack: 0x000000a9f7500000,0x000000a9f7600000] [id=4452]
  0x00000206c0c8a800 WatcherThread [stack: 0x000000a9f7f00000,0x000000a9f8000000] [id=5416]
  0x00000206a65d5800 GCTaskThread "GC Thread#0" [stack: 0x000000a9f7000000,0x000000a9f7100000] [id=10780]
  0x00000206c14ec000 GCTaskThread "GC Thread#1" [stack: 0x000000a9f8100000,0x000000a9f8200000] [id=1504]
  0x00000206c1b12000 GCTaskThread "GC Thread#2" [stack: 0x000000a9f8c00000,0x000000a9f8d00000] [id=424]
  0x00000206c2d26800 GCTaskThread "GC Thread#3" [stack: 0x000000a9f8d00000,0x000000a9f8e00000] [id=6908]
  0x00000206a6605800 ConcurrentGCThread "G1 Main Marker" [stack: 0x000000a9f7100000,0x000000a9f7200000] [id=9740]
  0x00000206a6608800 ConcurrentGCThread "G1 Conc#0" [stack: 0x000000a9f7200000,0x000000a9f7300000] [id=12760]
  0x00000206a6662000 ConcurrentGCThread "G1 Refine#0" [stack: 0x000000a9f7300000,0x000000a9f7400000] [id=3476]
  0x00000206a6665000 ConcurrentGCThread "G1 Young RemSet Sampling" [stack: 0x000000a9f7400000,0x000000a9f7500000] [id=3872]

Threads with active compile tasks:
C2 CompilerThread0  15156 8851       4       java.lang.Class::annotationData (44 bytes)
C1 CompilerThread0  15156 9307       2       org.gradle.internal.component.external.model.maven.RealisedMavenModuleResolveMetadataSerializationHelper::readDependencies (211 bytes)

VM state:not at safepoint (normal execution)

VM Mutex/Monitor currently owned by a thread: None

Heap address: 0x0000000080000000, size: 2048 MB, Compressed Oops mode: 32-bit
Narrow klass base: 0x0000000000000000, Narrow klass shift: 3
Compressed class space size: 1073741824 Address: 0x0000000100000000

Heap:
 garbage-first heap   total 192512K, used 132367K [0x0000000080000000, 0x0000000100000000)
  region size 1024K, 19 young (19456K), 5 survivors (5120K)
 Metaspace       used 96723K, capacity 99179K, committed 99328K, reserved 1134592K
  class space    used 12409K, capacity 13242K, committed 13312K, reserved 1048576K
Heap Regions: E=young(eden), S=young(survivor), O=old, HS=humongous(starts), HC=humongous(continues), CS=collection set, F=free, A=archive, TAMS=top-at-mark-start (previous, next)
|   0|0x0000000080000000, 0x0000000080100000, 0x0000000080100000|100%| O|  |TAMS 0x0000000080100000, 0x0000000080000000| Untracked 
|   1|0x0000000080100000, 0x0000000080200000, 0x0000000080200000|100%| O|  |TAMS 0x0000000080200000, 0x0000000080100000| Untracked 
|   2|0x0000000080200000, 0x0000000080300000, 0x0000000080300000|100%| O|  |TAMS 0x0000000080300000, 0x0000000080200000| Untracked 
|   3|0x0000000080300000, 0x0000000080400000, 0x0000000080400000|100%|HS|  |TAMS 0x0000000080400000, 0x0000000080300000| Complete 
|   4|0x0000000080400000, 0x0000000080500000, 0x0000000080500000|100%|HC|  |TAMS 0x0000000080500000, 0x0000000080400000| Complete 
|   5|0x0000000080500000, 0x0000000080600000, 0x0000000080600000|100%|HC|  |TAMS 0x0000000080600000, 0x0000000080500000| Complete 
|   6|0x0000000080600000, 0x0000000080700000, 0x0000000080700000|100%| O|  |TAMS 0x0000000080700000, 0x0000000080600000| Untracked 
|   7|0x0000000080700000, 0x0000000080800000, 0x0000000080800000|100%| O|  |TAMS 0x0000000080800000, 0x0000000080700000| Untracked 
|   8|0x0000000080800000, 0x0000000080900000, 0x0000000080900000|100%| O|  |TAMS 0x0000000080900000, 0x0000000080800000| Untracked 
|   9|0x0000000080900000, 0x0000000080a00000, 0x0000000080a00000|100%| O|  |TAMS 0x0000000080a00000, 0x0000000080900000| Untracked 
|  10|0x0000000080a00000, 0x0000000080b00000, 0x0000000080b00000|100%| O|  |TAMS 0x0000000080b00000, 0x0000000080a00000| Untracked 
|  11|0x0000000080b00000, 0x0000000080c00000, 0x0000000080c00000|100%| O|  |TAMS 0x0000000080c00000, 0x0000000080b00000| Untracked 
|  12|0x0000000080c00000, 0x0000000080d00000, 0x0000000080d00000|100%| O|  |TAMS 0x0000000080d00000, 0x0000000080c00000| Untracked 
|  13|0x0000000080d00000, 0x0000000080e00000, 0x0000000080e00000|100%| O|  |TAMS 0x0000000080e00000, 0x0000000080d00000| Untracked 
|  14|0x0000000080e00000, 0x0000000080f00000, 0x0000000080f00000|100%| O|  |TAMS 0x0000000080f00000, 0x0000000080e00000| Untracked 
|  15|0x0000000080f00000, 0x0000000081000000, 0x0000000081000000|100%| O|  |TAMS 0x0000000081000000, 0x0000000080f00000| Untracked 
|  16|0x0000000081000000, 0x0000000081100000, 0x0000000081100000|100%|HS|  |TAMS 0x0000000081100000, 0x0000000081000000| Complete 
|  17|0x0000000081100000, 0x0000000081200000, 0x0000000081200000|100%|HC|  |TAMS 0x0000000081200000, 0x0000000081100000| Complete 
|  18|0x0000000081200000, 0x0000000081300000, 0x0000000081300000|100%|HS|  |TAMS 0x0000000081300000, 0x0000000081200000| Complete 
|  19|0x0000000081300000, 0x0000000081400000, 0x0000000081400000|100%|HC|  |TAMS 0x0000000081400000, 0x0000000081300000| Complete 
|  20|0x0000000081400000, 0x0000000081500000, 0x0000000081500000|100%|HC|  |TAMS 0x0000000081500000, 0x0000000081400000| Complete 
|  21|0x0000000081500000, 0x0000000081600000, 0x0000000081600000|100%|HS|  |TAMS 0x0000000081600000, 0x0000000081500000| Complete 
|  22|0x0000000081600000, 0x0000000081700000, 0x0000000081700000|100%|HS|  |TAMS 0x0000000081700000, 0x0000000081600000| Complete 
|  23|0x0000000081700000, 0x0000000081800000, 0x0000000081800000|100%|HC|  |TAMS 0x0000000081800000, 0x0000000081700000| Complete 
|  24|0x0000000081800000, 0x0000000081900000, 0x0000000081900000|100%|HC|  |TAMS 0x0000000081900000, 0x0000000081800000| Complete 
|  25|0x0000000081900000, 0x0000000081a00000, 0x0000000081a00000|100%|HC|  |TAMS 0x0000000081a00000, 0x0000000081900000| Complete 
|  26|0x0000000081a00000, 0x0000000081b00000, 0x0000000081b00000|100%| O|  |TAMS 0x0000000081b00000, 0x0000000081a00000| Untracked 
|  27|0x0000000081b00000, 0x0000000081c00000, 0x0000000081c00000|100%| O|  |TAMS 0x0000000081c00000, 0x0000000081b00000| Untracked 
|  28|0x0000000081c00000, 0x0000000081d00000, 0x0000000081d00000|100%| O|  |TAMS 0x0000000081d00000, 0x0000000081c00000| Untracked 
|  29|0x0000000081d00000, 0x0000000081e00000, 0x0000000081e00000|100%| O|  |TAMS 0x0000000081e00000, 0x0000000081d00000| Untracked 
|  30|0x0000000081e00000, 0x0000000081f00000, 0x0000000081f00000|100%| O|  |TAMS 0x0000000081f00000, 0x0000000081e00000| Untracked 
|  31|0x0000000081f00000, 0x0000000082000000, 0x0000000082000000|100%| O|  |TAMS 0x0000000082000000, 0x0000000081f00000| Untracked 
|  32|0x0000000082000000, 0x0000000082100000, 0x0000000082100000|100%| O|  |TAMS 0x0000000082100000, 0x0000000082000000| Untracked 
|  33|0x0000000082100000, 0x0000000082200000, 0x0000000082200000|100%| O|  |TAMS 0x0000000082200000, 0x0000000082100000| Untracked 
|  34|0x0000000082200000, 0x0000000082300000, 0x0000000082300000|100%| O|  |TAMS 0x0000000082300000, 0x0000000082200000| Untracked 
|  35|0x0000000082300000, 0x0000000082400000, 0x0000000082400000|100%| O|  |TAMS 0x0000000082400000, 0x0000000082300000| Untracked 
|  36|0x0000000082400000, 0x0000000082500000, 0x0000000082500000|100%| O|  |TAMS 0x0000000082500000, 0x0000000082400000| Untracked 
|  37|0x0000000082500000, 0x0000000082600000, 0x0000000082600000|100%|HS|  |TAMS 0x0000000082600000, 0x0000000082500000| Complete 
|  38|0x0000000082600000, 0x0000000082700000, 0x0000000082700000|100%| O|  |TAMS 0x0000000082700000, 0x0000000082600000| Untracked 
|  39|0x0000000082700000, 0x0000000082800000, 0x0000000082800000|100%| O|  |TAMS 0x0000000082800000, 0x0000000082700000| Untracked 
|  40|0x0000000082800000, 0x0000000082900000, 0x0000000082900000|100%| O|  |TAMS 0x0000000082900000, 0x0000000082800000| Untracked 
|  41|0x0000000082900000, 0x0000000082a00000, 0x0000000082a00000|100%| O|  |TAMS 0x0000000082a00000, 0x0000000082900000| Untracked 
|  42|0x0000000082a00000, 0x0000000082b00000, 0x0000000082b00000|100%|HS|  |TAMS 0x0000000082b00000, 0x0000000082a00000| Complete 
|  43|0x0000000082b00000, 0x0000000082c00000, 0x0000000082c00000|100%|HC|  |TAMS 0x0000000082c00000, 0x0000000082b00000| Complete 
|  44|0x0000000082c00000, 0x0000000082d00000, 0x0000000082d00000|100%|HC|  |TAMS 0x0000000082d00000, 0x0000000082c00000| Complete 
|  45|0x0000000082d00000, 0x0000000082e00000, 0x0000000082e00000|100%| O|  |TAMS 0x0000000082e00000, 0x0000000082d00000| Untracked 
|  46|0x0000000082e00000, 0x0000000082f00000, 0x0000000082f00000|100%| O|  |TAMS 0x0000000082f00000, 0x0000000082e00000| Untracked 
|  47|0x0000000082f00000, 0x0000000083000000, 0x0000000083000000|100%| O|  |TAMS 0x0000000083000000, 0x0000000082f00000| Untracked 
|  48|0x0000000083000000, 0x0000000083100000, 0x0000000083100000|100%| O|  |TAMS 0x0000000083100000, 0x0000000083000000| Untracked 
|  49|0x0000000083100000, 0x0000000083200000, 0x0000000083200000|100%| O|  |TAMS 0x0000000083200000, 0x0000000083100000| Untracked 
|  50|0x0000000083200000, 0x0000000083300000, 0x0000000083300000|100%|HS|  |TAMS 0x0000000083300000, 0x0000000083200000| Complete 
|  51|0x0000000083300000, 0x0000000083400000, 0x0000000083400000|100%|HC|  |TAMS 0x0000000083400000, 0x0000000083300000| Complete 
|  52|0x0000000083400000, 0x0000000083500000, 0x0000000083500000|100%|HC|  |TAMS 0x0000000083500000, 0x0000000083400000| Complete 
|  53|0x0000000083500000, 0x0000000083600000, 0x0000000083600000|100%|HC|  |TAMS 0x0000000083600000, 0x0000000083500000| Complete 
|  54|0x0000000083600000, 0x0000000083700000, 0x0000000083700000|100%| O|  |TAMS 0x0000000083700000, 0x0000000083600000| Untracked 
|  55|0x0000000083700000, 0x0000000083800000, 0x0000000083800000|100%| O|  |TAMS 0x0000000083800000, 0x0000000083700000| Untracked 
|  56|0x0000000083800000, 0x0000000083900000, 0x0000000083900000|100%| O|  |TAMS 0x0000000083900000, 0x0000000083800000| Untracked 
|  57|0x0000000083900000, 0x0000000083a00000, 0x0000000083a00000|100%| O|  |TAMS 0x0000000083a00000, 0x0000000083900000| Untracked 
|  58|0x0000000083a00000, 0x0000000083b00000, 0x0000000083b00000|100%|HS|  |TAMS 0x0000000083b00000, 0x0000000083a00000| Complete 
|  59|0x0000000083b00000, 0x0000000083c00000, 0x0000000083c00000|100%|HS|  |TAMS 0x0000000083c00000, 0x0000000083b00000| Complete 
|  60|0x0000000083c00000, 0x0000000083d00000, 0x0000000083d00000|100%|HS|  |TAMS 0x0000000083d00000, 0x0000000083c00000| Complete 
|  61|0x0000000083d00000, 0x0000000083e00000, 0x0000000083e00000|100%|HS|  |TAMS 0x0000000083e00000, 0x0000000083d00000| Complete 
|  62|0x0000000083e00000, 0x0000000083f00000, 0x0000000083f00000|100%|HC|  |TAMS 0x0000000083f00000, 0x0000000083e00000| Complete 
|  63|0x0000000083f00000, 0x0000000084000000, 0x0000000084000000|100%|HC|  |TAMS 0x0000000084000000, 0x0000000083f00000| Complete 
|  64|0x0000000084000000, 0x0000000084100000, 0x0000000084100000|100%|HS|  |TAMS 0x0000000084100000, 0x0000000084000000| Complete 
|  65|0x0000000084100000, 0x0000000084200000, 0x0000000084200000|100%|HC|  |TAMS 0x0000000084200000, 0x0000000084100000| Complete 
|  66|0x0000000084200000, 0x0000000084300000, 0x0000000084300000|100%| O|  |TAMS 0x0000000084300000, 0x0000000084200000| Untracked 
|  67|0x0000000084300000, 0x0000000084400000, 0x0000000084400000|100%| O|  |TAMS 0x0000000084400000, 0x0000000084300000| Untracked 
|  68|0x0000000084400000, 0x0000000084500000, 0x0000000084500000|100%| O|  |TAMS 0x0000000084500000, 0x0000000084400000| Untracked 
|  69|0x0000000084500000, 0x0000000084600000, 0x0000000084600000|100%| O|  |TAMS 0x0000000084600000, 0x0000000084500000| Untracked 
|  70|0x0000000084600000, 0x0000000084700000, 0x0000000084700000|100%| O|  |TAMS 0x0000000084700000, 0x0000000084600000| Untracked 
|  71|0x0000000084700000, 0x0000000084800000, 0x0000000084800000|100%| O|  |TAMS 0x0000000084800000, 0x0000000084700000| Untracked 
|  72|0x0000000084800000, 0x0000000084900000, 0x0000000084900000|100%| O|  |TAMS 0x0000000084900000, 0x0000000084800000| Untracked 
|  73|0x0000000084900000, 0x0000000084a00000, 0x0000000084a00000|100%| O|  |TAMS 0x0000000084a00000, 0x0000000084900000| Untracked 
|  74|0x0000000084a00000, 0x0000000084b00000, 0x0000000084b00000|100%| O|  |TAMS 0x0000000084b00000, 0x0000000084a00000| Untracked 
|  75|0x0000000084b00000, 0x0000000084c00000, 0x0000000084c00000|100%| O|  |TAMS 0x0000000084c00000, 0x0000000084b00000| Untracked 
|  76|0x0000000084c00000, 0x0000000084d00000, 0x0000000084d00000|100%| O|  |TAMS 0x0000000084d00000, 0x0000000084c00000| Untracked 
|  77|0x0000000084d00000, 0x0000000084e00000, 0x0000000084e00000|100%| O|  |TAMS 0x0000000084e00000, 0x0000000084d00000| Untracked 
|  78|0x0000000084e00000, 0x0000000084f00000, 0x0000000084f00000|100%| O|  |TAMS 0x0000000084f00000, 0x0000000084e00000| Untracked 
|  79|0x0000000084f00000, 0x0000000085000000, 0x0000000085000000|100%| O|  |TAMS 0x0000000085000000, 0x0000000084f00000| Untracked 
|  80|0x0000000085000000, 0x0000000085100000, 0x0000000085100000|100%| O|  |TAMS 0x0000000085100000, 0x0000000085000000| Untracked 
|  81|0x0000000085100000, 0x0000000085200000, 0x0000000085200000|100%| O|  |TAMS 0x0000000085200000, 0x0000000085100000| Untracked 
|  82|0x0000000085200000, 0x0000000085300000, 0x0000000085300000|100%| O|  |TAMS 0x0000000085300000, 0x0000000085200000| Untracked 
|  83|0x0000000085300000, 0x0000000085400000, 0x0000000085400000|100%| O|  |TAMS 0x0000000085400000, 0x0000000085300000| Untracked 
|  84|0x0000000085400000, 0x0000000085500000, 0x0000000085500000|100%| O|  |TAMS 0x0000000085500000, 0x0000000085400000| Untracked 
|  85|0x0000000085500000, 0x0000000085600000, 0x0000000085600000|100%| O|  |TAMS 0x0000000085600000, 0x0000000085500000| Untracked 
|  86|0x0000000085600000, 0x0000000085700000, 0x0000000085700000|100%| O|  |TAMS 0x0000000085700000, 0x0000000085600000| Untracked 
|  87|0x0000000085700000, 0x0000000085800000, 0x0000000085800000|100%| O|  |TAMS 0x0000000085800000, 0x0000000085700000| Untracked 
|  88|0x0000000085800000, 0x0000000085900000, 0x0000000085900000|100%| O|  |TAMS 0x0000000085900000, 0x0000000085800000| Untracked 
|  89|0x0000000085900000, 0x0000000085a00000, 0x0000000085a00000|100%| O|  |TAMS 0x0000000085a00000, 0x0000000085900000| Untracked 
|  90|0x0000000085a00000, 0x0000000085b00000, 0x0000000085b00000|100%| O|  |TAMS 0x0000000085b00000, 0x0000000085a00000| Untracked 
|  91|0x0000000085b00000, 0x0000000085c00000, 0x0000000085c00000|100%| O|  |TAMS 0x0000000085c00000, 0x0000000085b00000| Untracked 
|  92|0x0000000085c00000, 0x0000000085d00000, 0x0000000085d00000|100%| O|  |TAMS 0x0000000085d00000, 0x0000000085c00000| Untracked 
|  93|0x0000000085d00000, 0x0000000085e00000, 0x0000000085e00000|100%| O|  |TAMS 0x0000000085e00000, 0x0000000085d00000| Untracked 
|  94|0x0000000085e00000, 0x0000000085f00000, 0x0000000085f00000|100%| O|  |TAMS 0x0000000085f00000, 0x0000000085e00000| Untracked 
|  95|0x0000000085f00000, 0x0000000086000000, 0x0000000086000000|100%| O|  |TAMS 0x0000000086000000, 0x0000000085f00000| Untracked 
|  96|0x0000000086000000, 0x0000000086100000, 0x0000000086100000|100%|HS|  |TAMS 0x0000000086100000, 0x0000000086000000| Complete 
|  97|0x0000000086100000, 0x0000000086200000, 0x0000000086200000|100%|HC|  |TAMS 0x0000000086200000, 0x0000000086100000| Complete 
|  98|0x0000000086200000, 0x0000000086300000, 0x0000000086300000|100%|HS|  |TAMS 0x0000000086300000, 0x0000000086200000| Complete 
|  99|0x0000000086300000, 0x0000000086400000, 0x0000000086400000|100%|HC|  |TAMS 0x0000000086400000, 0x0000000086300000| Complete 
| 100|0x0000000086400000, 0x0000000086500000, 0x0000000086500000|100%|HC|  |TAMS 0x0000000086500000, 0x0000000086400000| Complete 
| 101|0x0000000086500000, 0x0000000086600000, 0x0000000086600000|100%|HS|  |TAMS 0x0000000086600000, 0x0000000086500000| Complete 
| 102|0x0000000086600000, 0x0000000086700000, 0x0000000086700000|100%|HS|  |TAMS 0x0000000086700000, 0x0000000086600000| Complete 
| 103|0x0000000086700000, 0x0000000086800000, 0x0000000086800000|100%|HC|  |TAMS 0x0000000086800000, 0x0000000086700000| Complete 
| 104|0x0000000086800000, 0x0000000086900000, 0x0000000086900000|100%|HC|  |TAMS 0x0000000086900000, 0x0000000086800000| Complete 
| 105|0x0000000086900000, 0x0000000086a00000, 0x0000000086a00000|100%|HC|  |TAMS 0x0000000086a00000, 0x0000000086900000| Complete 
| 106|0x0000000086a00000, 0x0000000086b00000, 0x0000000086b00000|100%| O|  |TAMS 0x0000000086b00000, 0x0000000086a00000| Untracked 
| 107|0x0000000086b00000, 0x0000000086c00000, 0x0000000086c00000|100%| O|  |TAMS 0x0000000086c00000, 0x0000000086b00000| Untracked 
| 108|0x0000000086c00000, 0x0000000086d00000, 0x0000000086d00000|100%| O|  |TAMS 0x0000000086d00000, 0x0000000086c00000| Untracked 
| 109|0x0000000086d00000, 0x0000000086e00000, 0x0000000086e00000|100%| O|  |TAMS 0x0000000086e00000, 0x0000000086d00000| Untracked 
| 110|0x0000000086e00000, 0x0000000086f00000, 0x0000000086f00000|100%| O|  |TAMS 0x0000000086e79c00, 0x0000000086e00000| Untracked 
| 111|0x0000000086f00000, 0x0000000086f56e00, 0x0000000087000000| 33%| O|  |TAMS 0x0000000086f00000, 0x0000000086f00000| Untracked 
| 112|0x0000000087000000, 0x0000000087000000, 0x0000000087100000|  0%| F|  |TAMS 0x0000000087000000, 0x0000000087000000| Untracked 
| 113|0x0000000087100000, 0x0000000087100000, 0x0000000087200000|  0%| F|  |TAMS 0x0000000087100000, 0x0000000087100000| Untracked 
| 114|0x0000000087200000, 0x0000000087200000, 0x0000000087300000|  0%| F|  |TAMS 0x0000000087200000, 0x0000000087200000| Untracked 
| 115|0x0000000087300000, 0x0000000087300000, 0x0000000087400000|  0%| F|  |TAMS 0x0000000087300000, 0x0000000087300000| Untracked 
| 116|0x0000000087400000, 0x0000000087400000, 0x0000000087500000|  0%| F|  |TAMS 0x0000000087400000, 0x0000000087400000| Untracked 
| 117|0x0000000087500000, 0x0000000087500000, 0x0000000087600000|  0%| F|  |TAMS 0x0000000087500000, 0x0000000087500000| Untracked 
| 118|0x0000000087600000, 0x0000000087600000, 0x0000000087700000|  0%| F|  |TAMS 0x0000000087600000, 0x0000000087600000| Untracked 
| 119|0x0000000087700000, 0x0000000087700000, 0x0000000087800000|  0%| F|  |TAMS 0x0000000087700000, 0x0000000087700000| Untracked 
| 120|0x0000000087800000, 0x0000000087800000, 0x0000000087900000|  0%| F|  |TAMS 0x0000000087800000, 0x0000000087800000| Untracked 
| 121|0x0000000087900000, 0x0000000087900000, 0x0000000087a00000|  0%| F|  |TAMS 0x0000000087900000, 0x0000000087900000| Untracked 
| 122|0x0000000087a00000, 0x0000000087a00000, 0x0000000087b00000|  0%| F|  |TAMS 0x0000000087a00000, 0x0000000087a00000| Untracked 
| 123|0x0000000087b00000, 0x0000000087b00000, 0x0000000087c00000|  0%| F|  |TAMS 0x0000000087b00000, 0x0000000087b00000| Untracked 
| 124|0x0000000087c00000, 0x0000000087c00000, 0x0000000087d00000|  0%| F|  |TAMS 0x0000000087c00000, 0x0000000087c00000| Untracked 
| 125|0x0000000087d00000, 0x0000000087d00000, 0x0000000087e00000|  0%| F|  |TAMS 0x0000000087d00000, 0x0000000087d00000| Untracked 
| 126|0x0000000087e00000, 0x0000000087e00000, 0x0000000087f00000|  0%| F|  |TAMS 0x0000000087e00000, 0x0000000087e00000| Untracked 
| 127|0x0000000087f00000, 0x0000000087f00000, 0x0000000088000000|  0%| F|  |TAMS 0x0000000087f00000, 0x0000000087f00000| Untracked 
| 128|0x0000000088000000, 0x0000000088000000, 0x0000000088100000|  0%| F|  |TAMS 0x0000000088000000, 0x0000000088000000| Untracked 
| 129|0x0000000088100000, 0x0000000088100000, 0x0000000088200000|  0%| F|  |TAMS 0x0000000088100000, 0x0000000088100000| Untracked 
| 130|0x0000000088200000, 0x0000000088200000, 0x0000000088300000|  0%| F|  |TAMS 0x0000000088200000, 0x0000000088200000| Untracked 
| 131|0x0000000088300000, 0x0000000088300000, 0x0000000088400000|  0%| F|  |TAMS 0x0000000088300000, 0x0000000088300000| Untracked 
| 132|0x0000000088400000, 0x0000000088400000, 0x0000000088500000|  0%| F|  |TAMS 0x0000000088400000, 0x0000000088400000| Untracked 
| 133|0x0000000088500000, 0x0000000088500000, 0x0000000088600000|  0%| F|  |TAMS 0x0000000088500000, 0x0000000088500000| Untracked 
| 134|0x0000000088600000, 0x0000000088600000, 0x0000000088700000|  0%| F|  |TAMS 0x0000000088600000, 0x0000000088600000| Untracked 
| 135|0x0000000088700000, 0x0000000088700000, 0x0000000088800000|  0%| F|  |TAMS 0x0000000088700000, 0x0000000088700000| Untracked 
| 136|0x0000000088800000, 0x0000000088800000, 0x0000000088900000|  0%| F|  |TAMS 0x0000000088800000, 0x0000000088800000| Untracked 
| 137|0x0000000088900000, 0x0000000088900000, 0x0000000088a00000|  0%| F|  |TAMS 0x0000000088900000, 0x0000000088900000| Untracked 
| 138|0x0000000088a00000, 0x0000000088a00000, 0x0000000088b00000|  0%| F|  |TAMS 0x0000000088a00000, 0x0000000088a00000| Untracked 
| 139|0x0000000088b00000, 0x0000000088b00000, 0x0000000088c00000|  0%| F|  |TAMS 0x0000000088b00000, 0x0000000088b00000| Untracked 
| 140|0x0000000088c00000, 0x0000000088c00000, 0x0000000088d00000|  0%| F|  |TAMS 0x0000000088c00000, 0x0000000088c00000| Untracked 
| 141|0x0000000088d00000, 0x0000000088d00000, 0x0000000088e00000|  0%| F|  |TAMS 0x0000000088d00000, 0x0000000088d00000| Untracked 
| 142|0x0000000088e00000, 0x0000000088e00000, 0x0000000088f00000|  0%| F|  |TAMS 0x0000000088e00000, 0x0000000088e00000| Untracked 
| 143|0x0000000088f00000, 0x0000000088f00000, 0x0000000089000000|  0%| F|  |TAMS 0x0000000088f00000, 0x0000000088f00000| Untracked 
| 144|0x0000000089000000, 0x0000000089000000, 0x0000000089100000|  0%| F|  |TAMS 0x0000000089000000, 0x0000000089000000| Untracked 
| 145|0x0000000089100000, 0x0000000089100000, 0x0000000089200000|  0%| F|  |TAMS 0x0000000089100000, 0x0000000089100000| Untracked 
| 146|0x0000000089200000, 0x0000000089200000, 0x0000000089300000|  0%| F|  |TAMS 0x0000000089200000, 0x0000000089200000| Untracked 
| 147|0x0000000089300000, 0x00000000893ed120, 0x0000000089400000| 92%| S|CS|TAMS 0x0000000089300000, 0x0000000089300000| Complete 
| 148|0x0000000089400000, 0x0000000089500000, 0x0000000089500000|100%| S|CS|TAMS 0x0000000089400000, 0x0000000089400000| Complete 
| 149|0x0000000089500000, 0x0000000089600000, 0x0000000089600000|100%| S|CS|TAMS 0x0000000089500000, 0x0000000089500000| Complete 
| 150|0x0000000089600000, 0x0000000089700000, 0x0000000089700000|100%| S|CS|TAMS 0x0000000089600000, 0x0000000089600000| Complete 
| 151|0x0000000089700000, 0x0000000089700000, 0x0000000089800000|  0%| F|  |TAMS 0x0000000089700000, 0x0000000089700000| Untracked 
| 152|0x0000000089800000, 0x0000000089800000, 0x0000000089900000|  0%| F|  |TAMS 0x0000000089800000, 0x0000000089800000| Untracked 
| 153|0x0000000089900000, 0x0000000089900000, 0x0000000089a00000|  0%| F|  |TAMS 0x0000000089900000, 0x0000000089900000| Untracked 
| 154|0x0000000089a00000, 0x0000000089a00000, 0x0000000089b00000|  0%| F|  |TAMS 0x0000000089a00000, 0x0000000089a00000| Untracked 
| 155|0x0000000089b00000, 0x0000000089c00000, 0x0000000089c00000|100%| S|CS|TAMS 0x0000000089b00000, 0x0000000089b00000| Complete 
| 156|0x0000000089c00000, 0x0000000089c00000, 0x0000000089d00000|  0%| F|  |TAMS 0x0000000089c00000, 0x0000000089c00000| Untracked 
| 157|0x0000000089d00000, 0x0000000089d00000, 0x0000000089e00000|  0%| F|  |TAMS 0x0000000089d00000, 0x0000000089d00000| Untracked 
| 158|0x0000000089e00000, 0x0000000089e00000, 0x0000000089f00000|  0%| F|  |TAMS 0x0000000089e00000, 0x0000000089e00000| Untracked 
| 159|0x0000000089f00000, 0x0000000089f00000, 0x000000008a000000|  0%| F|  |TAMS 0x0000000089f00000, 0x0000000089f00000| Untracked 
| 160|0x000000008a000000, 0x000000008a000000, 0x000000008a100000|  0%| F|  |TAMS 0x000000008a000000, 0x000000008a000000| Untracked 
| 161|0x000000008a100000, 0x000000008a100000, 0x000000008a200000|  0%| F|  |TAMS 0x000000008a100000, 0x000000008a100000| Untracked 
| 162|0x000000008a200000, 0x000000008a200000, 0x000000008a300000|  0%| F|  |TAMS 0x000000008a200000, 0x000000008a200000| Untracked 
| 163|0x000000008a300000, 0x000000008a300000, 0x000000008a400000|  0%| F|  |TAMS 0x000000008a300000, 0x000000008a300000| Untracked 
| 164|0x000000008a400000, 0x000000008a400000, 0x000000008a500000|  0%| F|  |TAMS 0x000000008a400000, 0x000000008a400000| Untracked 
| 165|0x000000008a500000, 0x000000008a500000, 0x000000008a600000|  0%| F|  |TAMS 0x000000008a500000, 0x000000008a500000| Untracked 
| 166|0x000000008a600000, 0x000000008a600000, 0x000000008a700000|  0%| F|  |TAMS 0x000000008a600000, 0x000000008a600000| Untracked 
| 167|0x000000008a700000, 0x000000008a700000, 0x000000008a800000|  0%| F|  |TAMS 0x000000008a700000, 0x000000008a700000| Untracked 
| 168|0x000000008a800000, 0x000000008a800000, 0x000000008a900000|  0%| F|  |TAMS 0x000000008a800000, 0x000000008a800000| Untracked 
| 169|0x000000008a900000, 0x000000008a900000, 0x000000008aa00000|  0%| F|  |TAMS 0x000000008a900000, 0x000000008a900000| Untracked 
| 170|0x000000008aa00000, 0x000000008aa00000, 0x000000008ab00000|  0%| F|  |TAMS 0x000000008aa00000, 0x000000008aa00000| Untracked 
| 171|0x000000008ab00000, 0x000000008ab00000, 0x000000008ac00000|  0%| F|  |TAMS 0x000000008ab00000, 0x000000008ab00000| Untracked 
| 172|0x000000008ac00000, 0x000000008ac00000, 0x000000008ad00000|  0%| F|  |TAMS 0x000000008ac00000, 0x000000008ac00000| Untracked 
| 173|0x000000008ad00000, 0x000000008ad00000, 0x000000008ae00000|  0%| F|  |TAMS 0x000000008ad00000, 0x000000008ad00000| Untracked 
| 174|0x000000008ae00000, 0x000000008af00000, 0x000000008af00000|100%| E|  |TAMS 0x000000008ae00000, 0x000000008ae00000| Complete 
| 175|0x000000008af00000, 0x000000008b000000, 0x000000008b000000|100%| E|CS|TAMS 0x000000008af00000, 0x000000008af00000| Complete 
| 176|0x000000008b000000, 0x000000008b100000, 0x000000008b100000|100%| E|CS|TAMS 0x000000008b000000, 0x000000008b000000| Complete 
| 177|0x000000008b100000, 0x000000008b200000, 0x000000008b200000|100%| E|CS|TAMS 0x000000008b100000, 0x000000008b100000| Complete 
| 178|0x000000008b200000, 0x000000008b300000, 0x000000008b300000|100%| E|CS|TAMS 0x000000008b200000, 0x000000008b200000| Complete 
| 179|0x000000008b300000, 0x000000008b400000, 0x000000008b400000|100%| E|CS|TAMS 0x000000008b300000, 0x000000008b300000| Complete 
| 180|0x000000008b400000, 0x000000008b500000, 0x000000008b500000|100%| E|CS|TAMS 0x000000008b400000, 0x000000008b400000| Complete 
| 181|0x000000008b500000, 0x000000008b600000, 0x000000008b600000|100%| E|CS|TAMS 0x000000008b500000, 0x000000008b500000| Complete 
| 182|0x000000008b600000, 0x000000008b700000, 0x000000008b700000|100%| E|CS|TAMS 0x000000008b600000, 0x000000008b600000| Complete 
| 183|0x000000008b700000, 0x000000008b800000, 0x000000008b800000|100%| E|CS|TAMS 0x000000008b700000, 0x000000008b700000| Complete 
| 184|0x000000008b800000, 0x000000008b900000, 0x000000008b900000|100%| E|CS|TAMS 0x000000008b800000, 0x000000008b800000| Complete 
| 185|0x000000008b900000, 0x000000008ba00000, 0x000000008ba00000|100%| E|CS|TAMS 0x000000008b900000, 0x000000008b900000| Complete 
| 186|0x000000008ba00000, 0x000000008bb00000, 0x000000008bb00000|100%| E|CS|TAMS 0x000000008ba00000, 0x000000008ba00000| Complete 
| 187|0x000000008bb00000, 0x000000008bc00000, 0x000000008bc00000|100%| E|CS|TAMS 0x000000008bb00000, 0x000000008bb00000| Complete 

Card table byte_map: [0x00000206b94d0000,0x00000206b98d0000] _byte_map_base: 0x00000206b90d0000

Marking Bits (Prev, Next): (CMBitMap*) 0x00000206a65fcbd0, (CMBitMap*) 0x00000206a65fcb98
 Prev Bits: [0x00000206bbcd0000, 0x00000206bdcd0000)
 Next Bits: [0x00000206b9cd0000, 0x00000206bbcd0000)

Polling page: 0x00000206a4540000

Metaspace:

Usage:
  Non-class:     83.92 MB capacity,    82.34 MB ( 98%) used,     1.34 MB (  2%) free+waste,   254.00 KB ( <1%) overhead. 
      Class:     12.93 MB capacity,    12.12 MB ( 94%) used,   715.31 KB (  5%) free+waste,   117.19 KB ( <1%) overhead. 
       Both:     96.85 MB capacity,    94.46 MB ( 98%) used,     2.03 MB (  2%) free+waste,   371.19 KB ( <1%) overhead. 

Virtual space:
  Non-class space:       84.00 MB reserved,      84.00 MB (100%) committed 
      Class space:        1.00 GB reserved,      13.00 MB (  1%) committed 
             Both:        1.08 GB reserved,      97.00 MB (  9%) committed 

Chunk freelists:
   Non-Class:  15.00 KB
       Class:  6.00 KB
        Both:  21.00 KB

MaxMetaspaceSize: 17179869184.00 GB
CompressedClassSpaceSize: 1.00 GB
Initial GC threshold: 20.80 MB
Current GC threshold: 154.38 MB
CDS: off

CodeHeap 'non-profiled nmethods': size=120064Kb used=5462Kb max_used=5462Kb free=114601Kb
 bounds [0x00000206b1b90000, 0x00000206b20f0000, 0x00000206b90d0000]
CodeHeap 'profiled nmethods': size=120000Kb used=20043Kb max_used=20043Kb free=99956Kb
 bounds [0x00000206aa660000, 0x00000206aba00000, 0x00000206b1b90000]
CodeHeap 'non-nmethods': size=5696Kb used=2408Kb max_used=2433Kb free=3288Kb
 bounds [0x00000206aa0d0000, 0x00000206aa340000, 0x00000206aa660000]
 total_blobs=10150 nmethods=9226 adapters=836
 compilation: enabled
              stopped_count=0, restarted_count=0
 full_count=0

Compilation events (20 events):
Event: 14.998 Thread 0x00000206c0b0e000 9209       2       org.gradle.api.internal.artifacts.dependencies.DefaultExternalModuleDependency_Decorated::getVersion (40 bytes)
Event: 14.998 Thread 0x00000206c0b0e000 nmethod 9209 0x00000206ab9d1210 code [0x00000206ab9d1420, 0x00000206ab9d18c8]
Event: 15.001 Thread 0x00000206c0b0e000 9215       2       com.google.common.collect.RegularImmutableList::spliterator (11 bytes)
Event: 15.001 Thread 0x00000206c0b0e000 nmethod 9215 0x00000206ab9d1c90 code [0x00000206ab9d1e60, 0x00000206ab9d20b8]
Event: 15.001 Thread 0x00000206c0b0e000 9216  s!   2       java.io.FileDescriptor::closeAll (163 bytes)
Event: 15.001 Thread 0x00000206c0b0e000 nmethod 9216 0x00000206ab9d2210 code [0x00000206ab9d2460, 0x00000206ab9d2be8]
Event: 15.014 Thread 0x00000206c0b0e000 9217       2       java.util.stream.MatchOps$$Lambda$174/0x000000010039a840::get$Lambda (10 bytes)
Event: 15.015 Thread 0x00000206c0b0e000 nmethod 9217 0x00000206ab9d3090 code [0x00000206ab9d3240, 0x00000206ab9d3438]
Event: 15.015 Thread 0x00000206c0b0e000 9218       2       java.util.stream.MatchOps$$Lambda$174/0x000000010039a840::<init> (15 bytes)
Event: 15.015 Thread 0x00000206c0b0e000 nmethod 9218 0x00000206ab9d3510 code [0x00000206ab9d36c0, 0x00000206ab9d3858]
Event: 15.015 Thread 0x00000206c0b0e000 9219       2       java.util.stream.MatchOps$MatchOp::<init> (20 bytes)
Event: 15.015 Thread 0x00000206c0b0e000 nmethod 9219 0x00000206ab9d3910 code [0x00000206ab9d3ac0, 0x00000206ab9d3cd8]
Event: 15.021 Thread 0x00000206c0b0e000 9220       2       org.gradle.internal.component.external.model.AbstractConfigurationMetadata::<init> (74 bytes)
Event: 15.021 Thread 0x00000206c0b0e000 nmethod 9220 0x00000206ab9d3d90 code [0x00000206ab9d3f60, 0x00000206ab9d4378]
Event: 15.025 Thread 0x00000206c0b0e000 9221       2       java.util.Spliterator::getExactSizeIfKnown (25 bytes)
Event: 15.025 Thread 0x00000206c0b0e000 nmethod 9221 0x00000206ab9d4410 code [0x00000206ab9d45e0, 0x00000206ab9d4758]
Event: 15.025 Thread 0x00000206c0b0e000 9223       2       com.google.common.collect.ImmutableMap$Builder::put (35 bytes)
Event: 15.026 Thread 0x00000206c0b0e000 nmethod 9223 0x00000206ab9d4810 code [0x00000206ab9d49e0, 0x00000206ab9d4d58]
Event: 15.026 Thread 0x00000206c0b0e000 9222       2       java.util.HashMap$EntrySet::size (8 bytes)
Event: 15.026 Thread 0x00000206c0b0e000 nmethod 9222 0x00000206ab9d4f10 code [0x00000206ab9d50c0, 0x00000206ab9d51b8]

GC Heap History (20 events):
Event: 10.410 GC heap before
{Heap before GC invocations=40 (full 0):
 garbage-first heap   total 159744K, used 129003K [0x0000000080000000, 0x0000000100000000)
  region size 1024K, 43 young (44032K), 6 survivors (6144K)
 Metaspace       used 77709K, capacity 79548K, committed 79616K, reserved 1118208K
  class space    used 10060K, capacity 10716K, committed 10752K, reserved 1048576K
}
Event: 10.420 GC heap after
{Heap after GC invocations=41 (full 0):
 garbage-first heap   total 159744K, used 93723K [0x0000000080000000, 0x0000000100000000)
  region size 1024K, 6 young (6144K), 6 survivors (6144K)
 Metaspace       used 77709K, capacity 79548K, committed 79616K, reserved 1118208K
  class space    used 10060K, capacity 10716K, committed 10752K, reserved 1048576K
}
Event: 10.962 GC heap before
{Heap before GC invocations=42 (full 0):
 garbage-first heap   total 159744K, used 128539K [0x0000000080000000, 0x0000000100000000)
  region size 1024K, 41 young (41984K), 6 survivors (6144K)
 Metaspace       used 80120K, capacity 82003K, committed 82176K, reserved 1120256K
  class space    used 10296K, capacity 10975K, committed 11008K, reserved 1048576K
}
Event: 10.972 GC heap after
{Heap after GC invocations=43 (full 0):
 garbage-first heap   total 192512K, used 97571K [0x0000000080000000, 0x0000000100000000)
  region size 1024K, 6 young (6144K), 6 survivors (6144K)
 Metaspace       used 80120K, capacity 82003K, committed 82176K, reserved 1120256K
  class space    used 10296K, capacity 10975K, committed 11008K, reserved 1048576K
}
Event: 11.154 GC heap before
{Heap before GC invocations=43 (full 0):
 garbage-first heap   total 192512K, used 102691K [0x0000000080000000, 0x0000000100000000)
  region size 1024K, 12 young (12288K), 6 survivors (6144K)
 Metaspace       used 80997K, capacity 82912K, committed 83072K, reserved 1122304K
  class space    used 10400K, capacity 11106K, committed 11136K, reserved 1048576K
}
Event: 11.162 GC heap after
{Heap after GC invocations=44 (full 0):
 garbage-first heap   total 192512K, used 98717K [0x0000000080000000, 0x0000000100000000)
  region size 1024K, 1 young (1024K), 1 survivors (1024K)
 Metaspace       used 80997K, capacity 82912K, committed 83072K, reserved 1122304K
  class space    used 10400K, capacity 11106K, committed 11136K, reserved 1048576K
}
Event: 11.393 GC heap before
{Heap before GC invocations=45 (full 0):
 garbage-first heap   total 192512K, used 103837K [0x0000000080000000, 0x0000000100000000)
  region size 1024K, 2 young (2048K), 1 survivors (1024K)
 Metaspace       used 80997K, capacity 82912K, committed 83072K, reserved 1122304K
  class space    used 10400K, capacity 11106K, committed 11136K, reserved 1048576K
}
Event: 11.397 GC heap after
{Heap after GC invocations=46 (full 0):
 garbage-first heap   total 192512K, used 103772K [0x0000000080000000, 0x0000000100000000)
  region size 1024K, 1 young (1024K), 1 survivors (1024K)
 Metaspace       used 80997K, capacity 82912K, committed 83072K, reserved 1122304K
  class space    used 10400K, capacity 11106K, committed 11136K, reserved 1048576K
}
Event: 11.665 GC heap before
{Heap before GC invocations=47 (full 0):
 garbage-first heap   total 192512K, used 105820K [0x0000000080000000, 0x0000000100000000)
  region size 1024K, 3 young (3072K), 1 survivors (1024K)
 Metaspace       used 80997K, capacity 82912K, committed 83072K, reserved 1122304K
  class space    used 10400K, capacity 11106K, committed 11136K, reserved 1048576K
}
Event: 11.667 GC heap after
{Heap after GC invocations=48 (full 0):
 garbage-first heap   total 192512K, used 105578K [0x0000000080000000, 0x0000000100000000)
  region size 1024K, 2 young (2048K), 2 survivors (2048K)
 Metaspace       used 80997K, capacity 82912K, committed 83072K, reserved 1122304K
  class space    used 10400K, capacity 11106K, committed 11136K, reserved 1048576K
}
Event: 13.106 GC heap before
{Heap before GC invocations=49 (full 0):
 garbage-first heap   total 192512K, used 139370K [0x0000000080000000, 0x0000000100000000)
  region size 1024K, 31 young (31744K), 2 survivors (2048K)
 Metaspace       used 82657K, capacity 84767K, committed 84864K, reserved 1122304K
  class space    used 10649K, capacity 11392K, committed 11392K, reserved 1048576K
}
Event: 13.113 GC heap after
{Heap after GC invocations=50 (full 0):
 garbage-first heap   total 192512K, used 113058K [0x0000000080000000, 0x0000000100000000)
  region size 1024K, 4 young (4096K), 4 survivors (4096K)
 Metaspace       used 82657K, capacity 84767K, committed 84864K, reserved 1122304K
  class space    used 10649K, capacity 11392K, committed 11392K, reserved 1048576K
}
Event: 13.555 GC heap before
{Heap before GC invocations=50 (full 0):
 garbage-first heap   total 192512K, used 139682K [0x0000000080000000, 0x0000000100000000)
  region size 1024K, 31 young (31744K), 4 survivors (4096K)
 Metaspace       used 84705K, capacity 86855K, committed 86912K, reserved 1124352K
  class space    used 10888K, capacity 11634K, committed 11648K, reserved 1048576K
}
Event: 13.560 GC heap after
{Heap after GC invocations=51 (full 0):
 garbage-first heap   total 192512K, used 114634K [0x0000000080000000, 0x0000000100000000)
  region size 1024K, 2 young (2048K), 2 survivors (2048K)
 Metaspace       used 84705K, capacity 86855K, committed 86912K, reserved 1124352K
  class space    used 10888K, capacity 11634K, committed 11648K, reserved 1048576K
}
Event: 13.972 GC heap before
{Heap before GC invocations=52 (full 0):
 garbage-first heap   total 192512K, used 145354K [0x0000000080000000, 0x0000000100000000)
  region size 1024K, 31 young (31744K), 2 survivors (2048K)
 Metaspace       used 88479K, capacity 90778K, committed 91008K, reserved 1128448K
  class space    used 11347K, capacity 12151K, committed 12160K, reserved 1048576K
}
Event: 13.975 GC heap after
{Heap after GC invocations=53 (full 0):
 garbage-first heap   total 192512K, used 114932K [0x0000000080000000, 0x0000000100000000)
  region size 1024K, 2 young (2048K), 2 survivors (2048K)
 Metaspace       used 88479K, capacity 90778K, committed 91008K, reserved 1128448K
  class space    used 11347K, capacity 12151K, committed 12160K, reserved 1048576K
}
Event: 14.399 GC heap before
{Heap before GC invocations=53 (full 0):
 garbage-first heap   total 192512K, used 146676K [0x0000000080000000, 0x0000000100000000)
  region size 1024K, 33 young (33792K), 2 survivors (2048K)
 Metaspace       used 92324K, capacity 94615K, committed 94848K, reserved 1132544K
  class space    used 11841K, capacity 12604K, committed 12672K, reserved 1048576K
}
Event: 14.406 GC heap after
{Heap after GC invocations=54 (full 0):
 garbage-first heap   total 192512K, used 116669K [0x0000000080000000, 0x0000000100000000)
  region size 1024K, 4 young (4096K), 4 survivors (4096K)
 Metaspace       used 92324K, capacity 94615K, committed 94848K, reserved 1132544K
  class space    used 11841K, capacity 12604K, committed 12672K, reserved 1048576K
}
Event: 14.873 GC heap before
{Heap before GC invocations=55 (full 0):
 garbage-first heap   total 192512K, used 149437K [0x0000000080000000, 0x0000000100000000)
  region size 1024K, 36 young (36864K), 4 survivors (4096K)
 Metaspace       used 95318K, capacity 97741K, committed 97920K, reserved 1134592K
  class space    used 12264K, capacity 13106K, committed 13184K, reserved 1048576K
}
Event: 14.879 GC heap after
{Heap after GC invocations=56 (full 0):
 garbage-first heap   total 192512K, used 119055K [0x0000000080000000, 0x0000000100000000)
  region size 1024K, 5 young (5120K), 5 survivors (5120K)
 Metaspace       used 95318K, capacity 97741K, committed 97920K, reserved 1134592K
  class space    used 12264K, capacity 13106K, committed 13184K, reserved 1048576K
}

Deoptimization events (20 events):
Event: 14.710 Thread 0x00000206c2241800 DEOPT PACKING pc=0x00000206b1fdf1f0 sp=0x000000a9f87f9f30
Event: 14.710 Thread 0x00000206c2241800 DEOPT UNPACKING pc=0x00000206aa11a1af sp=0x000000a9f87f9f00 mode 2
Event: 14.710 Thread 0x00000206c2241800 Uncommon trap: trap_request=0xffffffde fr.pc=0x00000206b1fdf1f0 relative=0x0000000000000390
Event: 14.710 Thread 0x00000206c2241800 Uncommon trap: reason=class_check action=maybe_recompile pc=0x00000206b1fdf1f0 method=com.google.common.collect.ImmutableCollection$Builder.addAll(Ljava/lang/Iterable;)Lcom/google/common/collect/ImmutableCollection$Builder; @ 1 c2
Event: 14.710 Thread 0x00000206c2241800 DEOPT PACKING pc=0x00000206b1fdf1f0 sp=0x000000a9f87f9da0
Event: 14.710 Thread 0x00000206c2241800 DEOPT UNPACKING pc=0x00000206aa11a1af sp=0x000000a9f87f9d70 mode 2
Event: 14.805 Thread 0x00000206c2241800 DEOPT PACKING pc=0x00000206ab558768 sp=0x000000a9f87fa920
Event: 14.805 Thread 0x00000206c2241800 DEOPT UNPACKING pc=0x00000206aa11a95e sp=0x000000a9f87f9e30 mode 0
Event: 14.831 Thread 0x00000206c2241800 Uncommon trap: trap_request=0xffffffc6 fr.pc=0x00000206b204d4c4 relative=0x0000000000001664
Event: 14.831 Thread 0x00000206c2241800 Uncommon trap: reason=bimorphic_or_optimized_type_check action=maybe_recompile pc=0x00000206b204d4c4 method=java.util.concurrent.ConcurrentHashMap.putVal(Ljava/lang/Object;Ljava/lang/Object;Z)Ljava/lang/Object; @ 242 c2
Event: 14.831 Thread 0x00000206c2241800 DEOPT PACKING pc=0x00000206b204d4c4 sp=0x000000a9f87f9c10
Event: 14.831 Thread 0x00000206c2241800 DEOPT UNPACKING pc=0x00000206aa11a1af sp=0x000000a9f87f9b90 mode 2
Event: 14.996 Thread 0x00000206c2241800 Uncommon trap: trap_request=0xffffffde fr.pc=0x00000206b1fdf1f0 relative=0x0000000000000390
Event: 14.996 Thread 0x00000206c2241800 Uncommon trap: reason=class_check action=maybe_recompile pc=0x00000206b1fdf1f0 method=com.google.common.collect.ImmutableCollection$Builder.addAll(Ljava/lang/Iterable;)Lcom/google/common/collect/ImmutableCollection$Builder; @ 1 c2
Event: 14.996 Thread 0x00000206c2241800 DEOPT PACKING pc=0x00000206b1fdf1f0 sp=0x000000a9f87f8e70
Event: 14.996 Thread 0x00000206c2241800 DEOPT UNPACKING pc=0x00000206aa11a1af sp=0x000000a9f87f8e40 mode 2
Event: 14.996 Thread 0x00000206c2241800 Uncommon trap: trap_request=0xffffffde fr.pc=0x00000206b1fdf1f0 relative=0x0000000000000390
Event: 14.996 Thread 0x00000206c2241800 Uncommon trap: reason=class_check action=maybe_recompile pc=0x00000206b1fdf1f0 method=com.google.common.collect.ImmutableCollection$Builder.addAll(Ljava/lang/Iterable;)Lcom/google/common/collect/ImmutableCollection$Builder; @ 1 c2
Event: 14.996 Thread 0x00000206c2241800 DEOPT PACKING pc=0x00000206b1fdf1f0 sp=0x000000a9f87f8e70
Event: 14.996 Thread 0x00000206c2241800 DEOPT UNPACKING pc=0x00000206aa11a1af sp=0x000000a9f87f8e40 mode 2

Classes redefined (0 events):
No events

Internal exceptions (20 events):
Event: 13.442 Thread 0x00000206c2241800 Exception <a 'java/lang/NoSuchMethodError'{0x000000008a90cde0}: <clinit>> (0x000000008a90cde0) thrown at [./src/hotspot/share/prims/jni.cpp, line 1365]
Event: 13.444 Thread 0x00000206c2241800 Exception <a 'java/lang/NoSuchMethodError'{0x000000008a9302f8}: <clinit>> (0x000000008a9302f8) thrown at [./src/hotspot/share/prims/jni.cpp, line 1365]
Event: 13.512 Thread 0x00000206c2241800 Exception <a 'java/lang/NoSuchMethodError'{0x000000008a471a50}: <clinit>> (0x000000008a471a50) thrown at [./src/hotspot/share/prims/jni.cpp, line 1365]
Event: 13.513 Thread 0x00000206c2241800 Exception <a 'java/lang/NoSuchMethodError'{0x000000008a47f7e8}: <clinit>> (0x000000008a47f7e8) thrown at [./src/hotspot/share/prims/jni.cpp, line 1365]
Event: 13.513 Thread 0x00000206c2241800 Exception <a 'java/lang/NoSuchMethodError'{0x000000008a48cf38}: <clinit>> (0x000000008a48cf38) thrown at [./src/hotspot/share/prims/jni.cpp, line 1365]
Event: 13.831 Thread 0x00000206c2241800 Exception <a 'sun/nio/fs/WindowsException'{0x000000008ac29e90}> (0x000000008ac29e90) thrown at [./src/hotspot/share/prims/jni.cpp, line 615]
Event: 13.832 Thread 0x00000206c2241800 Exception <a 'sun/nio/fs/WindowsException'{0x000000008ac2a258}> (0x000000008ac2a258) thrown at [./src/hotspot/share/prims/jni.cpp, line 615]
Event: 13.935 Thread 0x00000206c2241800 Exception <a 'java/lang/NullPointerException'{0x000000008a20d440}> (0x000000008a20d440) thrown at [./src/hotspot/share/interpreter/linkResolver.cpp, line 1440]
Event: 14.006 Thread 0x00000206c2241800 Implicit null exception at 0x00000206b1f94729 to 0x00000206b1f9d500
Event: 14.112 Thread 0x00000206c2241800 Exception <a 'java/lang/NoSuchMethodError'{0x000000008afc0820}: 'int java.lang.invoke.DirectMethodHandle$Holder.invokeStatic(java.lang.Object, java.lang.Object, int, java.lang.Object)'> (0x000000008afc0820) thrown at [./src/hotspot/share/interpreter/linkResolver.cpp, line 773]
Event: 14.165 Thread 0x00000206c2241800 Exception <a 'sun/nio/fs/WindowsException'{0x000000008aeec7d0}> (0x000000008aeec7d0) thrown at [./src/hotspot/share/prims/jni.cpp, line 615]
Event: 14.165 Thread 0x00000206c2241800 Exception <a 'sun/nio/fs/WindowsException'{0x000000008aeed8a0}> (0x000000008aeed8a0) thrown at [./src/hotspot/share/prims/jni.cpp, line 615]
Event: 14.165 Thread 0x00000206c2241800 Exception <a 'sun/nio/fs/WindowsException'{0x000000008aeee9c0}> (0x000000008aeee9c0) thrown at [./src/hotspot/share/prims/jni.cpp, line 615]
Event: 14.165 Thread 0x00000206c2241800 Exception <a 'sun/nio/fs/WindowsException'{0x000000008aeefae0}> (0x000000008aeefae0) thrown at [./src/hotspot/share/prims/jni.cpp, line 615]
Event: 14.524 Thread 0x00000206c2241800 Exception <a 'java/lang/NoSuchMethodError'{0x000000008ba087b8}: 'int java.lang.invoke.DirectMethodHandle$Holder.invokeSpecialIFC(java.lang.Object, java.lang.Object, java.lang.Object)'> (0x000000008ba087b8) thrown at [./src/hotspot/share/interpreter/linkResolver.cpp, line 773]
Event: 14.562 Thread 0x00000206c2241800 Exception <a 'java/lang/NoSuchMethodError'{0x000000008b709cc0}: 'java.lang.Object java.lang.invoke.Invokers$Holder.linkToTargetMethod(java.lang.Object, java.lang.Object, java.lang.Object, int, java.lang.Object, java.lang.Object)'> (0x000000008b709cc0) thrown at [./src/hotspot/share/interpreter/linkResolver.cpp, line 773]
Event: 14.724 Thread 0x00000206c2241800 Exception <a 'java/lang/NoSuchMethodError'{0x000000008a734458}: 'void java.lang.invoke.DirectMethodHandle$Holder.invokeStatic(java.lang.Object, java.lang.Object, java.lang.Object, java.lang.Object, int, java.lang.Object, java.lang.Object)'> (0x000000008a734458) thrown at [./src/hotspot/share/interpreter/linkResolver.cpp, line 773]
Event: 14.738 Thread 0x00000206c2241800 Exception <a 'java/lang/IncompatibleClassChangeError'{0x000000008a6fccf8}: Found class java.lang.Object, but interface was expected> (0x000000008a6fccf8) thrown at [./src/hotspot/share/interpreter/linkResolver.cpp, line 839]
Event: 14.774 Thread 0x00000206c3b57000 Exception <a 'java/lang/IncompatibleClassChangeError'{0x000000008a356ad0}: Found class java.lang.Object, but interface was expected> (0x000000008a356ad0) thrown at [./src/hotspot/share/interpreter/linkResolver.cpp, line 839]
Event: 14.789 Thread 0x00000206c3b57000 Exception <a 'java/lang/NoSuchMethodError'{0x000000008a10fa08}: 'int java.lang.invoke.DirectMethodHandle$Holder.invokeStaticInit(java.lang.Object, java.lang.Object, java.lang.Object, java.lang.Object, java.lang.Object)'> (0x000000008a10fa08) thrown at [./src/hotspot/share/interpreter/linkResolver.cpp, line 773]

Events (20 events):
Event: 15.011 loading class org/gradle/internal/component/external/model/ivy/IvyModuleResolveMetadata
Event: 15.011 loading class org/gradle/internal/component/external/model/ivy/IvyModuleResolveMetadata done
Event: 15.011 loading class org/gradle/internal/component/external/model/AbstractRealisedModuleComponentResolveMetadata$ImmutableRealisedVariantImpl
Event: 15.011 loading class org/gradle/internal/component/external/model/AbstractRealisedModuleComponentResolveMetadata$ImmutableRealisedVariantImpl done
Event: 15.012 loading class org/gradle/internal/component/external/model/LazyToRealisedModuleComponentResolveMetadataHelper
Event: 15.012 loading class org/gradle/internal/component/external/model/LazyToRealisedModuleComponentResolveMetadataHelper done
Event: 15.014 loading class org/gradle/internal/component/external/model/RealisedConfigurationMetadata
Event: 15.014 loading class org/gradle/internal/component/external/model/RealisedConfigurationMetadata done
Event: 15.014 loading class org/gradle/internal/component/external/model/ModuleComponentArtifactMetadata
Event: 15.014 loading class org/gradle/internal/component/external/model/ModuleComponentArtifactMetadata done
Event: 15.014 loading class org/gradle/internal/component/external/model/ModuleComponentArtifactMetadata
Event: 15.014 loading class org/gradle/internal/component/external/model/ModuleComponentArtifactMetadata done
Event: 15.014 loading class org/gradle/internal/component/external/model/maven/RealisedMavenModuleResolveMetadata
Event: 15.014 loading class org/gradle/internal/component/external/model/maven/RealisedMavenModuleResolveMetadata done
Event: 15.016 loading class org/gradle/internal/component/external/model/AbstractRealisedModuleComponentResolveMetadata
Event: 15.016 loading class org/gradle/internal/component/external/model/AbstractRealisedModuleComponentResolveMetadata done
Event: 15.017 loading class org/gradle/internal/resolve/caching/ComponentMetadataRuleExecutor$SimpleResolvedModuleVersion
Event: 15.017 loading class org/gradle/internal/resolve/caching/ComponentMetadataRuleExecutor$SimpleResolvedModuleVersion done
Event: 15.021 loading class org/gradle/internal/component/external/model/ModuleComponentArtifactMetadata
Event: 15.021 loading class org/gradle/internal/component/external/model/ModuleComponentArtifactMetadata done


Dynamic libraries:
0x00007ff677eb0000 - 0x00007ff677eba000 	C:\Program Files\Android\Android Studio\jre\bin\java.exe
0x00007ff9aa120000 - 0x00007ff9aa329000 	C:\WINDOWS\SYSTEM32\ntdll.dll
0x00007ff9a9270000 - 0x00007ff9a932d000 	C:\WINDOWS\System32\KERNEL32.DLL
0x00007ff9a7c30000 - 0x00007ff9a7fad000 	C:\WINDOWS\System32\KERNELBASE.dll
0x00007ff9a7880000 - 0x00007ff9a7991000 	C:\WINDOWS\System32\ucrtbase.dll
0x00007ff98a7a0000 - 0x00007ff98a7b7000 	C:\Program Files\Android\Android Studio\jre\bin\VCRUNTIME140.dll
0x00007ff9888d0000 - 0x00007ff9888e9000 	C:\Program Files\Android\Android Studio\jre\bin\jli.dll
0x00007ff9a9ce0000 - 0x00007ff9a9e8d000 	C:\WINDOWS\System32\USER32.dll
0x00007ff992540000 - 0x00007ff9927e5000 	C:\WINDOWS\WinSxS\amd64_microsoft.windows.common-controls_6595b64144ccf1df_6.0.22000.120_none_9d947278b86cc467\COMCTL32.dll
0x00007ff9a91c0000 - 0x00007ff9a9263000 	C:\WINDOWS\System32\msvcrt.dll
0x00007ff9a7850000 - 0x00007ff9a7876000 	C:\WINDOWS\System32\win32u.dll
0x00007ff9a9f80000 - 0x00007ff9a9fa9000 	C:\WINDOWS\System32\GDI32.dll
0x00007ff9a7b10000 - 0x00007ff9a7c28000 	C:\WINDOWS\System32\gdi32full.dll
0x00007ff9a77b0000 - 0x00007ff9a784d000 	C:\WINDOWS\System32\msvcp_win.dll
0x00007ff9a8290000 - 0x00007ff9a82c1000 	C:\WINDOWS\System32\IMM32.DLL
0x00007ff972590000 - 0x00007ff97262d000 	C:\Program Files\Android\Android Studio\jre\bin\msvcp140.dll
0x00007ff9422c0000 - 0x00007ff942da5000 	C:\Program Files\Android\Android Studio\jre\bin\server\jvm.dll
0x00007ff9a8040000 - 0x00007ff9a80ee000 	C:\WINDOWS\System32\ADVAPI32.dll
0x00007ff9a8480000 - 0x00007ff9a851e000 	C:\WINDOWS\System32\sechost.dll
0x00007ff9a9bc0000 - 0x00007ff9a9ce0000 	C:\WINDOWS\System32\RPCRT4.dll
0x00007ff9a9330000 - 0x00007ff9a9338000 	C:\WINDOWS\System32\PSAPI.DLL
0x00007ff944bf0000 - 0x00007ff944bf9000 	C:\WINDOWS\SYSTEM32\WSOCK32.dll
0x00007ff9a9fb0000 - 0x00007ff9aa01f000 	C:\WINDOWS\System32\WS2_32.dll
0x00007ff994900000 - 0x00007ff994933000 	C:\WINDOWS\SYSTEM32\WINMM.dll
0x00007ff9a2d40000 - 0x00007ff9a2d4a000 	C:\WINDOWS\SYSTEM32\VERSION.dll
0x00007ff9a6700000 - 0x00007ff9a6718000 	C:\WINDOWS\SYSTEM32\kernel.appcore.dll
0x00007ff984580000 - 0x00007ff984591000 	C:\Program Files\Android\Android Studio\jre\bin\verify.dll
0x00007ff9953f0000 - 0x00007ff995611000 	C:\WINDOWS\SYSTEM32\DBGHELP.DLL
0x00007ff994950000 - 0x00007ff994981000 	C:\WINDOWS\SYSTEM32\dbgcore.DLL
0x00007ff9a76c0000 - 0x00007ff9a773f000 	C:\WINDOWS\System32\bcryptPrimitives.dll
0x00007ff971950000 - 0x00007ff971979000 	C:\Program Files\Android\Android Studio\jre\bin\java.dll
0x00007ff984570000 - 0x00007ff98457b000 	C:\Program Files\Android\Android Studio\jre\bin\jimage.dll
0x00007ff971930000 - 0x00007ff971948000 	C:\Program Files\Android\Android Studio\jre\bin\zip.dll
0x00007ff9a9340000 - 0x00007ff9a9af8000 	C:\WINDOWS\System32\SHELL32.dll
0x00007ff9a5770000 - 0x00007ff9a5fd8000 	C:\WINDOWS\SYSTEM32\windows.storage.dll
0x00007ff9a86e0000 - 0x00007ff9a8a59000 	C:\WINDOWS\System32\combase.dll
0x00007ff9a5600000 - 0x00007ff9a5766000 	C:\WINDOWS\SYSTEM32\wintypes.dll
0x00007ff9a8ed0000 - 0x00007ff9a8fba000 	C:\WINDOWS\System32\SHCORE.dll
0x00007ff9a7fd0000 - 0x00007ff9a802d000 	C:\WINDOWS\System32\shlwapi.dll
0x00007ff9a7530000 - 0x00007ff9a7551000 	C:\WINDOWS\SYSTEM32\profapi.dll
0x00007ff967f60000 - 0x00007ff967f7a000 	C:\Program Files\Android\Android Studio\jre\bin\net.dll
0x00007ff9a2760000 - 0x00007ff9a286c000 	C:\WINDOWS\SYSTEM32\WINHTTP.dll
0x00007ff9a6b30000 - 0x00007ff9a6b97000 	C:\WINDOWS\system32\mswsock.dll
0x00007ff967f40000 - 0x00007ff967f54000 	C:\Program Files\Android\Android Studio\jre\bin\nio.dll
0x00007ff989710000 - 0x00007ff989737000 	C:\Users\Dell\.gradle\native\e1d6ef7f7dcc3fd88c89a11ec53ec762bb8ba0a96d01ffa2cd45eb1d1d8dd5c5\windows-amd64\native-platform.dll
0x00007ff96e220000 - 0x00007ff96e364000 	C:\Users\Dell\.gradle\native\5664cfc778a61ccfe75a443a1ab52a65af34e5dc3c78e0209fed803814484fcb\windows-amd64\native-platform-file-events.dll
0x00007ff984560000 - 0x00007ff98456a000 	C:\Program Files\Android\Android Studio\jre\bin\management.dll
0x00007ff97f8b0000 - 0x00007ff97f8bd000 	C:\Program Files\Android\Android Studio\jre\bin\management_ext.dll
0x00007ff9a6d70000 - 0x00007ff9a6d88000 	C:\WINDOWS\SYSTEM32\CRYPTSP.dll
0x00007ff9a6660000 - 0x00007ff9a6695000 	C:\WINDOWS\system32\rsaenh.dll
0x00007ff9a6c20000 - 0x00007ff9a6c49000 	C:\WINDOWS\SYSTEM32\USERENV.dll
0x00007ff9a6ef0000 - 0x00007ff9a6f17000 	C:\WINDOWS\SYSTEM32\bcrypt.dll
0x00007ff9a6d90000 - 0x00007ff9a6d9c000 	C:\WINDOWS\SYSTEM32\CRYPTBASE.dll
0x00007ff9a6230000 - 0x00007ff9a625d000 	C:\WINDOWS\SYSTEM32\IPHLPAPI.DLL
0x00007ff9a8030000 - 0x00007ff9a8039000 	C:\WINDOWS\System32\NSI.dll
0x00007ff9a2740000 - 0x00007ff9a2759000 	C:\WINDOWS\SYSTEM32\dhcpcsvc6.DLL
0x00007ff9a2c00000 - 0x00007ff9a2c1e000 	C:\WINDOWS\SYSTEM32\dhcpcsvc.DLL
0x00007ff9a6260000 - 0x00007ff9a6348000 	C:\WINDOWS\SYSTEM32\DNSAPI.dll

dbghelp: loaded successfully - version: 4.0.5 - missing functions: none
symbol engine: initialized successfully - sym options: 0x614 - pdb path: .;C:\Program Files\Android\Android Studio\jre\bin;C:\WINDOWS\SYSTEM32;C:\WINDOWS\WinSxS\amd64_microsoft.windows.common-controls_6595b64144ccf1df_6.0.22000.120_none_9d947278b86cc467;C:\Program Files\Android\Android Studio\jre\bin\server;C:\Users\Dell\.gradle\native\e1d6ef7f7dcc3fd88c89a11ec53ec762bb8ba0a96d01ffa2cd45eb1d1d8dd5c5\windows-amd64;C:\Users\Dell\.gradle\native\5664cfc778a61ccfe75a443a1ab52a65af34e5dc3c78e0209fed803814484fcb\windows-amd64

VM Arguments:
jvm_args: --add-opens=java.base/java.util=ALL-UNNAMED --add-opens=java.base/java.lang=ALL-UNNAMED --add-opens=java.base/java.lang.invoke=ALL-UNNAMED --add-opens=java.base/java.util=ALL-UNNAMED --add-opens=java.prefs/java.util.prefs=ALL-UNNAMED --add-opens=java.prefs/java.util.prefs=ALL-UNNAMED --add-opens=java.base/java.nio.charset=ALL-UNNAMED --add-opens=java.base/java.net=ALL-UNNAMED --add-opens=java.base/java.util.concurrent.atomic=ALL-UNNAMED -Xmx2048m -Dfile.encoding=UTF-8 -Duser.country=US -Duser.language=en -Duser.variant 
java_command: org.gradle.launcher.daemon.bootstrap.GradleDaemon 7.3.3
java_class_path (initial): C:\Users\Dell\.gradle\wrapper\dists\gradle-7.3.3-bin\6a41zxkdtcxs8rphpq6y0069z\gradle-7.3.3\lib\gradle-launcher-7.3.3.jar
Launcher Type: SUN_STANDARD

[Global flags]
     intx CICompilerCount                          = 3                                         {product} {ergonomic}
     uint ConcGCThreads                            = 1                                         {product} {ergonomic}
     uint G1ConcRefinementThreads                  = 4                                         {product} {ergonomic}
   size_t G1HeapRegionSize                         = 1048576                                   {product} {ergonomic}
    uintx GCDrainStackTargetSize                   = 64                                        {product} {ergonomic}
   size_t InitialHeapSize                          = 65011712                                  {product} {ergonomic}
   size_t MarkStackSize                            = 4194304                                   {product} {ergonomic}
   size_t MaxHeapSize                              = 2147483648                                {product} {command line}
   size_t MaxNewSize                               = 1287651328                                {product} {ergonomic}
   size_t MinHeapDeltaBytes                        = 1048576                                   {product} {ergonomic}
    uintx NonNMethodCodeHeapSize                   = 5830732                                {pd product} {ergonomic}
    uintx NonProfiledCodeHeapSize                  = 122913754                              {pd product} {ergonomic}
    uintx ProfiledCodeHeapSize                     = 122913754                              {pd product} {ergonomic}
    uintx ReservedCodeCacheSize                    = 251658240                              {pd product} {ergonomic}
     bool SegmentedCodeCache                       = true                                      {product} {ergonomic}
     bool UseCompressedClassPointers               = true                                 {lp64_product} {ergonomic}
     bool UseCompressedOops                        = true                                 {lp64_product} {ergonomic}
     bool UseG1GC                                  = true                                      {product} {ergonomic}
     bool UseLargePagesIndividualAllocation        = false                                  {pd product} {ergonomic}

Logging:
Log output configuration:
 #0: stdout all=warning uptime,level,tags
 #1: stderr all=off uptime,level,tags

Environment Variables:
PATH=C:\Program Files (x86)\NVIDIA Corporation\PhysX\Common;C:\Program Files (x86)\Common Files\Oracle\Java\javapath;C:\WINDOWS\system32;C:\WINDOWS;C:\WINDOWS\System32\Wbem;C:\WINDOWS\System32\WindowsPowerShell\v1.0\;C:\WINDOWS\System32\OpenSSH\;C:\Program Files\dotnet\;C:\Program Files\Microsoft VS Code\bin;C:\Program Files\MySQL\MySQL Shell 8.0\bin\;C:\Users\Dell\AppData\Local\Microsoft\WindowsApps;
USERNAME=Dell
OS=Windows_NT
PROCESSOR_IDENTIFIER=Intel64 Family 6 Model 158 Stepping 11, GenuineIntel



---------------  S Y S T E M  ---------------

OS: Windows 10 , 64 bit Build 22000 (10.0.22000.708)
OS uptime: 0 days 2:05 hours

CPU:total 4 (initial active 4) (4 cores per cpu, 1 threads per core) family 6 model 158 stepping 11 microcode 0xf0, cmov, cx8, fxsr, mmx, sse, sse2, sse3, ssse3, sse4.1, sse4.2, popcnt, avx, avx2, aes, clmul, erms, 3dnowpref, lzcnt, tsc, tscinvbit, bmi1, bmi2, adx, fma

Memory: 4k page, system-wide physical 3906M (309M free)
TotalPageFile size 8002M (AvailPageFile size 5M)
current process WorkingSet (physical memory assigned to process): 407M, peak: 407M
current process commit charge ("private bytes"): 481M, peak: 482M

vm_info: OpenJDK 64-Bit Server VM (11.0.12+7-b1504.28-7817840) for windows-amd64 JRE (11.0.12+7-b1504.28-7817840), built on Oct 13 2021 22:12:33 by "builder" with MS VC++ 14.0 (VS2015)

END.
