#
# There is insufficient memory for the Java Runtime Environment to continue.
# Native memory allocation (mmap) failed to map 40894464 bytes for Failed to commit area from 0x000000008bc00000 to 0x000000008e300000 of length 40894464.
# Possible reasons:
#   The system is out of physical RAM or swap space
#   The process is running with CompressedOops enabled, and the Java Heap may be blocking the growth of the native heap
# Possible solutions:
#   Reduce memory load on the system
#   Increase physical memory or swap space
#   Check if swap backing store is full
#   Decrease Java heap size (-Xmx/-Xms)
#   Decrease number of Java threads
#   Decrease Java thread stack sizes (-Xss)
#   Set larger code cache with -XX:ReservedCodeCacheSize=
#   JVM is running with Unscaled Compressed Oops mode in which the Java heap is
#     placed in the first 4GB address space. The Java Heap base address is the
#     maximum limit for the native heap growth. Please use -XX:HeapBaseMinAddress
#     to set the Java Heap base and to place the Java Heap above 4GB virtual address.
# This output file may be truncated or incomplete.
#
#  Out of Memory Error (./src/hotspot/os/windows/os_windows.cpp:3521), pid=728, tid=11284
#
# JRE version: OpenJDK Runtime Environment (11.0.12+7) (build 11.0.12+7-b1504.28-7817840)
# Java VM: OpenJDK 64-Bit Server VM (11.0.12+7-b1504.28-7817840, mixed mode, tiered, compressed oops, g1 gc, windows-amd64)
# No core dump will be written. Minidumps are not enabled by default on client versions of Windows
#

---------------  S U M M A R Y ------------

Command Line: --add-opens=java.base/java.util=ALL-UNNAMED --add-opens=java.base/java.lang=ALL-UNNAMED --add-opens=java.base/java.lang.invoke=ALL-UNNAMED --add-opens=java.base/java.util=ALL-UNNAMED --add-opens=java.prefs/java.util.prefs=ALL-UNNAMED --add-opens=java.prefs/java.util.prefs=ALL-UNNAMED --add-opens=java.base/java.nio.charset=ALL-UNNAMED --add-opens=java.base/java.net=ALL-UNNAMED --add-opens=java.base/java.util.concurrent.atomic=ALL-UNNAMED -Xmx2048m -Dfile.encoding=UTF-8 -Duser.country=US -Duser.language=en -Duser.variant org.gradle.launcher.daemon.bootstrap.GradleDaemon 7.3.3

Host: Intel(R) Core(TM) i3-8100 CPU @ 3.60GHz, 4 cores, 3G,  Windows 10 , 64 bit Build 22000 (10.0.22000.708)
Time: Tue Aug 23 11:33:43 2022 India Standard Time elapsed time: 14.423511 seconds (0d 0h 0m 14s)

---------------  T H R E A D  ---------------

Current thread (0x00000291be62d000):  VMThread "VM Thread" [stack: 0x000000eeaad00000,0x000000eeaae00000] [id=11284]

Stack: [0x000000eeaad00000,0x000000eeaae00000]
[error occurred during error reporting (printing stack bounds), id 0xc0000005, EXCEPTION_ACCESS_VIOLATION (0xc0000005) at pc=0x00000291a7df112d]

Native frames: (J=compiled Java code, j=interpreted, Vv=VM code, C=native code)
V  [jvm.dll+0x5fbcea]
V  [jvm.dll+0x731905]
V  [jvm.dll+0x732f1d]
V  [jvm.dll+0x733535]
V  [jvm.dll+0x7334eb]
V  [jvm.dll+0x5fb080]
V  [jvm.dll+0x5fb818]
C  [ntdll.dll+0xa8fcf]
C  [ntdll.dll+0x35e9a]
C  [ntdll.dll+0xa7fde]
C  0x00000291a7df112d

VM_Operation (0x000000eeb04fa020): G1CollectForAllocation, mode: safepoint, requested by thread 0x00000291bf6ca000


---------------  P R O C E S S  ---------------

Threads class SMR info:
_java_thread_list=0x00000291c7c07320, length=88, elements={
0x00000291a2b0e800, 0x00000291be631800, 0x00000291be632800, 0x00000291befc4800,
0x00000291befc5800, 0x00000291befc6800, 0x00000291befc7800, 0x00000291befc8800,
0x00000291befcc000, 0x00000291bf110800, 0x00000291c14e0000, 0x00000291bf1b9800,
0x00000291c0322000, 0x00000291c0fa6800, 0x00000291c2766000, 0x00000291c10f9000,
0x00000291c1d28000, 0x00000291c112f000, 0x00000291c1a3c800, 0x00000291c0a84000,
0x00000291c0a81000, 0x00000291c0a82800, 0x00000291c0a82000, 0x00000291c0a83800,
0x00000291c0a85000, 0x00000291c0a7f800, 0x00000291c0a86000, 0x00000291c0a80000,
0x00000291c2da2000, 0x00000291c2da0800, 0x00000291c2da3000, 0x00000291c2d9f800,
0x00000291c2d9f000, 0x00000291c2da4800, 0x00000291c2da6000, 0x00000291c2da7000,
0x00000291c2da5800, 0x00000291c2dac800, 0x00000291c2dab000, 0x00000291c2dac000,
0x00000291c2daa800, 0x00000291c2dad800, 0x00000291c2da8000, 0x00000291c2da8800,
0x00000291c2da9800, 0x00000291c4ae7000, 0x00000291c4ae3800, 0x00000291c4ae6000,
0x00000291c4ae4800, 0x00000291c4ae7800, 0x00000291c4ae3000, 0x00000291c4ae8800,
0x00000291c4ae9800, 0x00000291c4aea000, 0x00000291c4aeb000, 0x00000291c4ae5000,
0x00000291c4aed800, 0x00000291c4af0800, 0x00000291c4af0000, 0x00000291c4af1800,
0x00000291c4aeb800, 0x00000291c4aee000, 0x00000291c4aec800, 0x00000291c4aef000,
0x00000291c04b3800, 0x00000291c04b6000, 0x00000291c04b2800, 0x00000291c04b4000,
0x00000291c04b6800, 0x00000291c04b2000, 0x00000291c04b5000, 0x00000291c04b1000,
0x00000291c04bb800, 0x00000291c04ba000, 0x00000291c04b9000, 0x00000291c04bb000,
0x00000291c04bd000, 0x00000291c04b7800, 0x00000291c04be000, 0x00000291c04bc800,
0x00000291c04b8800, 0x00000291c04bf000, 0x00000291c04bf800, 0x00000291bf6ca000,
0x00000291bf6cd800, 0x00000291bf6cb800, 0x00000291bf6d0000, 0x00000291bf6d0800
}

Java Threads: ( => current thread )
  0x00000291a2b0e800 JavaThread "main" [_thread_blocked, id=6068, stack(0x000000eeaa700000,0x000000eeaa800000)]
  0x00000291be631800 JavaThread "Reference Handler" daemon [_thread_blocked, id=4896, stack(0x000000eeaae00000,0x000000eeaaf00000)]
  0x00000291be632800 JavaThread "Finalizer" daemon [_thread_blocked, id=7440, stack(0x000000eeaaf00000,0x000000eeab000000)]
  0x00000291befc4800 JavaThread "Signal Dispatcher" daemon [_thread_blocked, id=5664, stack(0x000000eeab000000,0x000000eeab100000)]
  0x00000291befc5800 JavaThread "Attach Listener" daemon [_thread_blocked, id=6980, stack(0x000000eeab100000,0x000000eeab200000)]
  0x00000291befc6800 JavaThread "Service Thread" daemon [_thread_blocked, id=3244, stack(0x000000eeab200000,0x000000eeab300000)]
  0x00000291befc7800 JavaThread "C2 CompilerThread0" daemon [_thread_blocked, id=6668, stack(0x000000eeab300000,0x000000eeab400000)]
  0x00000291befc8800 JavaThread "C1 CompilerThread0" daemon [_thread_blocked, id=1256, stack(0x000000eeab400000,0x000000eeab500000)]
  0x00000291befcc000 JavaThread "Sweeper thread" daemon [_thread_blocked, id=1508, stack(0x000000eeab500000,0x000000eeab600000)]
  0x00000291bf110800 JavaThread "Common-Cleaner" daemon [_thread_blocked, id=11092, stack(0x000000eeab600000,0x000000eeab700000)]
  0x00000291c14e0000 JavaThread "Daemon health stats" [_thread_blocked, id=10560, stack(0x000000eeaba00000,0x000000eeabb00000)]
  0x00000291bf1b9800 JavaThread "Incoming local TCP Connector on port 65212" [_thread_in_native, id=3216, stack(0x000000eeab800000,0x000000eeab900000)]
  0x00000291c0322000 JavaThread "Daemon periodic checks" [_thread_blocked, id=3852, stack(0x000000eeabb00000,0x000000eeabc00000)]
  0x00000291c0fa6800 JavaThread "Daemon" [_thread_blocked, id=5940, stack(0x000000eeabc00000,0x000000eeabd00000)]
  0x00000291c2766000 JavaThread "Handler for socket connection from /127.0.0.1:65212 to /127.0.0.1:65213" [_thread_in_native, id=9512, stack(0x000000eeabd00000,0x000000eeabe00000)]
  0x00000291c10f9000 JavaThread "Cancel handler" [_thread_blocked, id=8892, stack(0x000000eeabe00000,0x000000eeabf00000)]
  0x00000291c1d28000 JavaThread "Daemon worker" [_thread_blocked, id=10132, stack(0x000000eeabf00000,0x000000eeac000000)]
  0x00000291c112f000 JavaThread "Asynchronous log dispatcher for DefaultDaemonConnection: socket connection from /127.0.0.1:65212 to /127.0.0.1:65213" [_thread_blocked, id=11808, stack(0x000000eeac000000,0x000000eeac100000)]
  0x00000291c1a3c800 JavaThread "Stdin handler" [_thread_blocked, id=5884, stack(0x000000eeac100000,0x000000eeac200000)]
  0x00000291c0a84000 JavaThread "Daemon client event forwarder" [_thread_blocked, id=7608, stack(0x000000eeac200000,0x000000eeac300000)]
  0x00000291c0a81000 JavaThread "Cache worker for journal cache (C:\Users\Dell\.gradle\caches\journal-1)" [_thread_blocked, id=10708, stack(0x000000eeac500000,0x000000eeac600000)]
  0x00000291c0a82800 JavaThread "File lock request listener" [_thread_in_native, id=2776, stack(0x000000eeac600000,0x000000eeac700000)]
  0x00000291c0a82000 JavaThread "Cache worker for file hash cache (C:\Users\Dell\.gradle\caches\7.3.3\fileHashes)" [_thread_blocked, id=2856, stack(0x000000eeac700000,0x000000eeac800000)]
  0x00000291c0a83800 JavaThread "Cache worker for file hash cache (C:\Users\Dell\Viwall\.gradle\7.3.3\fileHashes)" [_thread_blocked, id=9180, stack(0x000000eeac800000,0x000000eeac900000)]
  0x00000291c0a85000 JavaThread "File watcher server" daemon [_thread_blocked, id=7932, stack(0x000000eeac900000,0x000000eeaca00000)]
  0x00000291c0a7f800 JavaThread "File watcher consumer" daemon [_thread_blocked, id=10412, stack(0x000000eeaca00000,0x000000eeacb00000)]
  0x00000291c0a86000 JavaThread "Cache worker for checksums cache (C:\Users\Dell\Viwall\.gradle\7.3.3\checksums)" [_thread_blocked, id=9292, stack(0x000000eeacb00000,0x000000eeacc00000)]
  0x00000291c0a80000 JavaThread "Cache worker for cache directory md-supplier (C:\Users\Dell\.gradle\caches\7.3.3\md-supplier)" [_thread_blocked, id=8828, stack(0x000000eeacc00000,0x000000eeacd00000)]
  0x00000291c2da2000 JavaThread "Cache worker for cache directory md-rule (C:\Users\Dell\.gradle\caches\7.3.3\md-rule)" [_thread_blocked, id=5604, stack(0x000000eeacd00000,0x000000eeace00000)]
  0x00000291c2da0800 JavaThread "Cache worker for execution history cache (C:\Users\Dell\.gradle\caches\7.3.3\executionHistory)" [_thread_blocked, id=7236, stack(0x000000eeace00000,0x000000eeacf00000)]
  0x00000291c2da3000 JavaThread "jar transforms" [_thread_blocked, id=3220, stack(0x000000eeacf00000,0x000000eead000000)]
  0x00000291c2d9f800 JavaThread "Cache worker for file content cache (C:\Users\Dell\.gradle\caches\7.3.3\fileContent)" [_thread_blocked, id=10532, stack(0x000000eead000000,0x000000eead100000)]
  0x00000291c2d9f000 JavaThread "jar transforms Thread 2" [_thread_blocked, id=8112, stack(0x000000eead100000,0x000000eead200000)]
  0x00000291c2da4800 JavaThread "Cache worker for dependencies-accessors (C:\Users\Dell\Viwall\.gradle\7.3.3\dependencies-accessors)" [_thread_blocked, id=11836, stack(0x000000eead200000,0x000000eead300000)]
  0x00000291c2da6000 JavaThread "jar transforms Thread 3" [_thread_blocked, id=1664, stack(0x000000eead300000,0x000000eead400000)]
  0x00000291c2da7000 JavaThread "Cache worker for Build Output Cleanup Cache (C:\Users\Dell\Viwall\.gradle\buildOutputCleanup)" [_thread_blocked, id=8224, stack(0x000000eead400000,0x000000eead500000)]
  0x00000291c2da5800 JavaThread "Unconstrained build operations" [_thread_blocked, id=8672, stack(0x000000eead500000,0x000000eead600000)]
  0x00000291c2dac800 JavaThread "Unconstrained build operations Thread 2" [_thread_blocked, id=5640, stack(0x000000eead600000,0x000000eead700000)]
  0x00000291c2dab000 JavaThread "Unconstrained build operations Thread 3" [_thread_blocked, id=7792, stack(0x000000eead700000,0x000000eead800000)]
  0x00000291c2dac000 JavaThread "Unconstrained build operations Thread 4" [_thread_blocked, id=11760, stack(0x000000eead800000,0x000000eead900000)]
  0x00000291c2daa800 JavaThread "Unconstrained build operations Thread 5" [_thread_blocked, id=696, stack(0x000000eead900000,0x000000eeada00000)]
  0x00000291c2dad800 JavaThread "Unconstrained build operations Thread 6" [_thread_blocked, id=11968, stack(0x000000eeada00000,0x000000eeadb00000)]
  0x00000291c2da8000 JavaThread "Unconstrained build operations Thread 7" [_thread_blocked, id=6112, stack(0x000000eeadb00000,0x000000eeadc00000)]
  0x00000291c2da8800 JavaThread "Unconstrained build operations Thread 8" [_thread_blocked, id=2560, stack(0x000000eeadc00000,0x000000eeadd00000)]
  0x00000291c2da9800 JavaThread "Unconstrained build operations Thread 9" [_thread_blocked, id=6976, stack(0x000000eeadd00000,0x000000eeade00000)]
  0x00000291c4ae7000 JavaThread "Unconstrained build operations Thread 10" [_thread_blocked, id=6056, stack(0x000000eeade00000,0x000000eeadf00000)]
  0x00000291c4ae3800 JavaThread "Unconstrained build operations Thread 11" [_thread_blocked, id=1260, stack(0x000000eeadf00000,0x000000eeae000000)]
  0x00000291c4ae6000 JavaThread "Unconstrained build operations Thread 12" [_thread_blocked, id=9484, stack(0x000000eeae000000,0x000000eeae100000)]
  0x00000291c4ae4800 JavaThread "Unconstrained build operations Thread 13" [_thread_blocked, id=4204, stack(0x000000eeae100000,0x000000eeae200000)]
  0x00000291c4ae7800 JavaThread "Unconstrained build operations Thread 14" [_thread_blocked, id=1636, stack(0x000000eeae200000,0x000000eeae300000)]
  0x00000291c4ae3000 JavaThread "Unconstrained build operations Thread 15" [_thread_blocked, id=9508, stack(0x000000eeae300000,0x000000eeae400000)]
  0x00000291c4ae8800 JavaThread "Unconstrained build operations Thread 16" [_thread_blocked, id=2720, stack(0x000000eeae400000,0x000000eeae500000)]
  0x00000291c4ae9800 JavaThread "Unconstrained build operations Thread 17" [_thread_blocked, id=12172, stack(0x000000eeae500000,0x000000eeae600000)]
  0x00000291c4aea000 JavaThread "Unconstrained build operations Thread 18" [_thread_blocked, id=10856, stack(0x000000eeae600000,0x000000eeae700000)]
  0x00000291c4aeb000 JavaThread "Unconstrained build operations Thread 19" [_thread_blocked, id=6336, stack(0x000000eeae700000,0x000000eeae800000)]
  0x00000291c4ae5000 JavaThread "Unconstrained build operations Thread 20" [_thread_blocked, id=6908, stack(0x000000eeae800000,0x000000eeae900000)]
  0x00000291c4aed800 JavaThread "Unconstrained build operations Thread 21" [_thread_blocked, id=10864, stack(0x000000eeae900000,0x000000eeaea00000)]
  0x00000291c4af0800 JavaThread "Unconstrained build operations Thread 22" [_thread_blocked, id=11208, stack(0x000000eeaea00000,0x000000eeaeb00000)]
  0x00000291c4af0000 JavaThread "Unconstrained build operations Thread 23" [_thread_blocked, id=1196, stack(0x000000eeaeb00000,0x000000eeaec00000)]
  0x00000291c4af1800 JavaThread "Unconstrained build operations Thread 24" [_thread_blocked, id=3572, stack(0x000000eeaec00000,0x000000eeaed00000)]
  0x00000291c4aeb800 JavaThread "Unconstrained build operations Thread 25" [_thread_blocked, id=7464, stack(0x000000eeaed00000,0x000000eeaee00000)]
  0x00000291c4aee000 JavaThread "Unconstrained build operations Thread 26" [_thread_blocked, id=8244, stack(0x000000eeaee00000,0x000000eeaef00000)]
  0x00000291c4aec800 JavaThread "Unconstrained build operations Thread 27" [_thread_blocked, id=2480, stack(0x000000eeaef00000,0x000000eeaf000000)]
  0x00000291c4aef000 JavaThread "Unconstrained build operations Thread 28" [_thread_blocked, id=3076, stack(0x000000eeaf000000,0x000000eeaf100000)]
  0x00000291c04b3800 JavaThread "Unconstrained build operations Thread 29" [_thread_blocked, id=8060, stack(0x000000eeaf100000,0x000000eeaf200000)]
  0x00000291c04b6000 JavaThread "Unconstrained build operations Thread 30" [_thread_blocked, id=11440, stack(0x000000eeaf200000,0x000000eeaf300000)]
  0x00000291c04b2800 JavaThread "Unconstrained build operations Thread 31" [_thread_blocked, id=8816, stack(0x000000eeaf300000,0x000000eeaf400000)]
  0x00000291c04b4000 JavaThread "Unconstrained build operations Thread 32" [_thread_blocked, id=11944, stack(0x000000eeaf400000,0x000000eeaf500000)]
  0x00000291c04b6800 JavaThread "Unconstrained build operations Thread 33" [_thread_blocked, id=10136, stack(0x000000eeaf500000,0x000000eeaf600000)]
  0x00000291c04b2000 JavaThread "Unconstrained build operations Thread 34" [_thread_blocked, id=1376, stack(0x000000eeaf600000,0x000000eeaf700000)]
  0x00000291c04b5000 JavaThread "Unconstrained build operations Thread 35" [_thread_blocked, id=7420, stack(0x000000eeaf700000,0x000000eeaf800000)]
  0x00000291c04b1000 JavaThread "Unconstrained build operations Thread 36" [_thread_blocked, id=11512, stack(0x000000eeaf800000,0x000000eeaf900000)]
  0x00000291c04bb800 JavaThread "Unconstrained build operations Thread 37" [_thread_blocked, id=11084, stack(0x000000eeaf900000,0x000000eeafa00000)]
  0x00000291c04ba000 JavaThread "Unconstrained build operations Thread 38" [_thread_blocked, id=8988, stack(0x000000eeafa00000,0x000000eeafb00000)]
  0x00000291c04b9000 JavaThread "Unconstrained build operations Thread 39" [_thread_blocked, id=10652, stack(0x000000eeafb00000,0x000000eeafc00000)]
  0x00000291c04bb000 JavaThread "Unconstrained build operations Thread 40" [_thread_blocked, id=1348, stack(0x000000eeafc00000,0x000000eeafd00000)]
  0x00000291c04bd000 JavaThread "jar transforms Thread 4" [_thread_blocked, id=4076, stack(0x000000eeafd00000,0x000000eeafe00000)]
  0x00000291c04b7800 JavaThread "Memory manager" [_thread_blocked, id=6644, stack(0x000000eeafe00000,0x000000eeaff00000)]
  0x00000291c04be000 JavaThread "build event listener" [_thread_blocked, id=8124, stack(0x000000eeaff00000,0x000000eeb0000000)]
  0x00000291c04bc800 JavaThread "build event listener" [_thread_blocked, id=8180, stack(0x000000eeb0000000,0x000000eeb0100000)]
  0x00000291c04b8800 JavaThread "pool-3-thread-1" [_thread_blocked, id=5376, stack(0x000000eeb0100000,0x000000eeb0200000)]
  0x00000291c04bf000 JavaThread "build event listener" [_thread_blocked, id=3844, stack(0x000000eeb0200000,0x000000eeb0300000)]
  0x00000291c04bf800 JavaThread "Execution worker for ':'" [_thread_blocked, id=4576, stack(0x000000eeb0300000,0x000000eeb0400000)]
  0x00000291bf6ca000 JavaThread "Execution worker for ':' Thread 2" [_thread_blocked, id=4948, stack(0x000000eeb0400000,0x000000eeb0500000)]
  0x00000291bf6cd800 JavaThread "Execution worker for ':' Thread 3" [_thread_blocked, id=7900, stack(0x000000eeb0500000,0x000000eeb0600000)]
  0x00000291bf6cb800 JavaThread "Cache worker for execution history cache (C:\Users\Dell\Viwall\.gradle\7.3.3\executionHistory)" [_thread_blocked, id=9888, stack(0x000000eeb0600000,0x000000eeb0700000)]
  0x00000291bf6d0000 JavaThread "WorkerExecutor Queue" [_thread_blocked, id=10924, stack(0x000000eeb0700000,0x000000eeb0800000)]
  0x00000291bf6d0800 JavaThread "WorkerExecutor Queue Thread 2" [_thread_blocked, id=5700, stack(0x000000eeb0800000,0x000000eeb0900000)]

Other Threads:
=>0x00000291be62d000 VMThread "VM Thread" [stack: 0x000000eeaad00000,0x000000eeaae00000] [id=11284]
  0x00000291bf11d000 WatcherThread [stack: 0x000000eeab700000,0x000000eeab800000] [id=2608]
  0x00000291a2b27000 GCTaskThread "GC Thread#0" [stack: 0x000000eeaa800000,0x000000eeaa900000] [id=6360]
  0x00000291bfd04800 GCTaskThread "GC Thread#1" [stack: 0x000000eeab900000,0x000000eeaba00000] [id=3400]
  0x00000291c02cf000 GCTaskThread "GC Thread#2" [stack: 0x000000eeac300000,0x000000eeac400000] [id=9012]
  0x00000291c1690000 GCTaskThread "GC Thread#3" [stack: 0x000000eeac400000,0x000000eeac500000] [id=11168]
  0x00000291a2b59800 ConcurrentGCThread "G1 Main Marker" [stack: 0x000000eeaa900000,0x000000eeaaa00000] [id=11268]
  0x00000291a2b5a800 ConcurrentGCThread "G1 Conc#0" [stack: 0x000000eeaaa00000,0x000000eeaab00000] [id=8196]
  0x00000291a2bb4800 ConcurrentGCThread "G1 Refine#0" [stack: 0x000000eeaab00000,0x000000eeaac00000] [id=9644]
  0x00000291a2bb7800 ConcurrentGCThread "G1 Young RemSet Sampling" [stack: 0x000000eeaac00000,0x000000eeaad00000] [id=7104]

Threads with active compile tasks:
C2 CompilerThread0  14478 11313   !   4       java.io.BufferedReader::readLine (304 bytes)

VM state:at safepoint (normal execution)

VM Mutex/Monitor currently owned by a thread:  ([mutex/lock_event])
[0x00000291a2b0b750] Threads_lock - owner thread: 0x00000291be62d000
[0x00000291a2b0aaf0] Heap_lock - owner thread: 0x00000291bf6ca000

Heap address: 0x0000000080000000, size: 2048 MB, Compressed Oops mode: 32-bit
Narrow klass base: 0x0000000000000000, Narrow klass shift: 3
Compressed class space size: 1073741824 Address: 0x0000000100000000

Heap:
 garbage-first heap   total 232448K, used 115127K [0x0000000080000000, 0x0000000100000000)
  region size 1024K, 5 young (5120K), 5 survivors (5120K)
 Metaspace       used 96246K, capacity 98433K, committed 98764K, reserved 1134592K
  class space    used 12299K, capacity 13141K, committed 13312K, reserved 1048576K
Heap Regions: E=young(eden), S=young(survivor), O=old, HS=humongous(starts), HC=humongous(continues), CS=collection set, F=free, A=archive, TAMS=top-at-mark-start (previous, next)
|   0|0x0000000080000000, 0x0000000080100000, 0x0000000080100000|100%| O|  |TAMS 0x0000000080100000, 0x0000000080100000| Untracked 
|   1|0x0000000080100000, 0x0000000080200000, 0x0000000080200000|100%| O|  |TAMS 0x0000000080200000, 0x0000000080200000| Untracked 
|   2|0x0000000080200000, 0x0000000080300000, 0x0000000080300000|100%| O|  |TAMS 0x0000000080300000, 0x0000000080300000| Untracked 
|   3|0x0000000080300000, 0x0000000080400000, 0x0000000080400000|100%|HS|  |TAMS 0x0000000080400000, 0x0000000080400000| Complete 
|   4|0x0000000080400000, 0x0000000080500000, 0x0000000080500000|100%|HC|  |TAMS 0x0000000080500000, 0x0000000080500000| Complete 
|   5|0x0000000080500000, 0x0000000080600000, 0x0000000080600000|100%|HC|  |TAMS 0x0000000080600000, 0x0000000080600000| Complete 
|   6|0x0000000080600000, 0x0000000080700000, 0x0000000080700000|100%| O|  |TAMS 0x0000000080700000, 0x0000000080700000| Untracked 
|   7|0x0000000080700000, 0x0000000080800000, 0x0000000080800000|100%| O|  |TAMS 0x0000000080800000, 0x0000000080800000| Untracked 
|   8|0x0000000080800000, 0x0000000080900000, 0x0000000080900000|100%| O|  |TAMS 0x0000000080900000, 0x0000000080900000| Untracked 
|   9|0x0000000080900000, 0x0000000080a00000, 0x0000000080a00000|100%| O|  |TAMS 0x0000000080a00000, 0x0000000080a00000| Untracked 
|  10|0x0000000080a00000, 0x0000000080b00000, 0x0000000080b00000|100%| O|  |TAMS 0x0000000080b00000, 0x0000000080b00000| Untracked 
|  11|0x0000000080b00000, 0x0000000080c00000, 0x0000000080c00000|100%| O|  |TAMS 0x0000000080c00000, 0x0000000080c00000| Untracked 
|  12|0x0000000080c00000, 0x0000000080d00000, 0x0000000080d00000|100%| O|  |TAMS 0x0000000080d00000, 0x0000000080d00000| Untracked 
|  13|0x0000000080d00000, 0x0000000080e00000, 0x0000000080e00000|100%| O|  |TAMS 0x0000000080e00000, 0x0000000080e00000| Untracked 
|  14|0x0000000080e00000, 0x0000000080f00000, 0x0000000080f00000|100%| O|  |TAMS 0x0000000080f00000, 0x0000000080f00000| Untracked 
|  15|0x0000000080f00000, 0x0000000081000000, 0x0000000081000000|100%| O|  |TAMS 0x0000000081000000, 0x0000000081000000| Untracked 
|  16|0x0000000081000000, 0x0000000081100000, 0x0000000081100000|100%| O|  |TAMS 0x0000000081100000, 0x0000000081100000| Untracked 
|  17|0x0000000081100000, 0x0000000081200000, 0x0000000081200000|100%| O|  |TAMS 0x0000000081200000, 0x0000000081200000| Untracked 
|  18|0x0000000081200000, 0x0000000081300000, 0x0000000081300000|100%| O|  |TAMS 0x0000000081300000, 0x0000000081300000| Untracked 
|  19|0x0000000081300000, 0x0000000081400000, 0x0000000081400000|100%| O|  |TAMS 0x0000000081400000, 0x0000000081400000| Untracked 
|  20|0x0000000081400000, 0x0000000081500000, 0x0000000081500000|100%| O|  |TAMS 0x0000000081500000, 0x0000000081500000| Untracked 
|  21|0x0000000081500000, 0x0000000081600000, 0x0000000081600000|100%| O|  |TAMS 0x0000000081600000, 0x0000000081600000| Untracked 
|  22|0x0000000081600000, 0x0000000081700000, 0x0000000081700000|100%| O|  |TAMS 0x0000000081700000, 0x0000000081700000| Untracked 
|  23|0x0000000081700000, 0x0000000081800000, 0x0000000081800000|100%| O|  |TAMS 0x0000000081800000, 0x0000000081800000| Untracked 
|  24|0x0000000081800000, 0x0000000081900000, 0x0000000081900000|100%| O|  |TAMS 0x0000000081900000, 0x0000000081900000| Untracked 
|  25|0x0000000081900000, 0x0000000081a00000, 0x0000000081a00000|100%| O|  |TAMS 0x0000000081a00000, 0x0000000081a00000| Untracked 
|  26|0x0000000081a00000, 0x0000000081b00000, 0x0000000081b00000|100%| O|  |TAMS 0x0000000081b00000, 0x0000000081b00000| Untracked 
|  27|0x0000000081b00000, 0x0000000081c00000, 0x0000000081c00000|100%| O|  |TAMS 0x0000000081c00000, 0x0000000081c00000| Untracked 
|  28|0x0000000081c00000, 0x0000000081d00000, 0x0000000081d00000|100%|HS|  |TAMS 0x0000000081d00000, 0x0000000081d00000| Complete 
|  29|0x0000000081d00000, 0x0000000081e00000, 0x0000000081e00000|100%|HS|  |TAMS 0x0000000081e00000, 0x0000000081e00000| Complete 
|  30|0x0000000081e00000, 0x0000000081f00000, 0x0000000081f00000|100%|HS|  |TAMS 0x0000000081f00000, 0x0000000081f00000| Complete 
|  31|0x0000000081f00000, 0x0000000082000000, 0x0000000082000000|100%|HS|  |TAMS 0x0000000082000000, 0x0000000082000000| Complete 
|  32|0x0000000082000000, 0x0000000082100000, 0x0000000082100000|100%|HC|  |TAMS 0x0000000082100000, 0x0000000082100000| Complete 
|  33|0x0000000082100000, 0x0000000082200000, 0x0000000082200000|100%|HC|  |TAMS 0x0000000082200000, 0x0000000082200000| Complete 
|  34|0x0000000082200000, 0x0000000082300000, 0x0000000082300000|100%|HS|  |TAMS 0x0000000082300000, 0x0000000082300000| Complete 
|  35|0x0000000082300000, 0x0000000082400000, 0x0000000082400000|100%|HC|  |TAMS 0x0000000082400000, 0x0000000082400000| Complete 
|  36|0x0000000082400000, 0x0000000082500000, 0x0000000082500000|100%| O|  |TAMS 0x0000000082500000, 0x0000000082500000| Untracked 
|  37|0x0000000082500000, 0x0000000082600000, 0x0000000082600000|100%| O|  |TAMS 0x0000000082600000, 0x0000000082600000| Untracked 
|  38|0x0000000082600000, 0x0000000082700000, 0x0000000082700000|100%| O|  |TAMS 0x0000000082700000, 0x0000000082700000| Untracked 
|  39|0x0000000082700000, 0x0000000082800000, 0x0000000082800000|100%| O|  |TAMS 0x0000000082800000, 0x0000000082800000| Untracked 
|  40|0x0000000082800000, 0x0000000082900000, 0x0000000082900000|100%| O|  |TAMS 0x0000000082900000, 0x0000000082900000| Untracked 
|  41|0x0000000082900000, 0x0000000082a00000, 0x0000000082a00000|100%| O|  |TAMS 0x0000000082a00000, 0x0000000082a00000| Untracked 
|  42|0x0000000082a00000, 0x0000000082b00000, 0x0000000082b00000|100%| O|  |TAMS 0x0000000082b00000, 0x0000000082b00000| Untracked 
|  43|0x0000000082b00000, 0x0000000082c00000, 0x0000000082c00000|100%| O|  |TAMS 0x0000000082c00000, 0x0000000082c00000| Untracked 
|  44|0x0000000082c00000, 0x0000000082d00000, 0x0000000082d00000|100%| O|  |TAMS 0x0000000082d00000, 0x0000000082d00000| Untracked 
|  45|0x0000000082d00000, 0x0000000082e00000, 0x0000000082e00000|100%| O|  |TAMS 0x0000000082e00000, 0x0000000082e00000| Untracked 
|  46|0x0000000082e00000, 0x0000000082f00000, 0x0000000082f00000|100%| O|  |TAMS 0x0000000082f00000, 0x0000000082f00000| Untracked 
|  47|0x0000000082f00000, 0x0000000083000000, 0x0000000083000000|100%| O|  |TAMS 0x0000000083000000, 0x0000000083000000| Untracked 
|  48|0x0000000083000000, 0x0000000083100000, 0x0000000083100000|100%| O|  |TAMS 0x0000000083100000, 0x0000000083100000| Untracked 
|  49|0x0000000083100000, 0x0000000083200000, 0x0000000083200000|100%| O|  |TAMS 0x0000000083200000, 0x0000000083200000| Untracked 
|  50|0x0000000083200000, 0x0000000083300000, 0x0000000083300000|100%| O|  |TAMS 0x0000000083300000, 0x0000000083300000| Untracked 
|  51|0x0000000083300000, 0x0000000083400000, 0x0000000083400000|100%| O|  |TAMS 0x0000000083400000, 0x0000000083400000| Untracked 
|  52|0x0000000083400000, 0x0000000083500000, 0x0000000083500000|100%| O|  |TAMS 0x0000000083500000, 0x0000000083500000| Untracked 
|  53|0x0000000083500000, 0x0000000083600000, 0x0000000083600000|100%| O|  |TAMS 0x0000000083600000, 0x0000000083600000| Untracked 
|  54|0x0000000083600000, 0x0000000083700000, 0x0000000083700000|100%| O|  |TAMS 0x0000000083700000, 0x0000000083700000| Untracked 
|  55|0x0000000083700000, 0x0000000083800000, 0x0000000083800000|100%| O|  |TAMS 0x0000000083800000, 0x0000000083800000| Untracked 
|  56|0x0000000083800000, 0x0000000083900000, 0x0000000083900000|100%| O|  |TAMS 0x0000000083900000, 0x0000000083900000| Untracked 
|  57|0x0000000083900000, 0x0000000083a00000, 0x0000000083a00000|100%| O|  |TAMS 0x0000000083a00000, 0x0000000083a00000| Untracked 
|  58|0x0000000083a00000, 0x0000000083b00000, 0x0000000083b00000|100%| O|  |TAMS 0x0000000083b00000, 0x0000000083b00000| Untracked 
|  59|0x0000000083b00000, 0x0000000083c00000, 0x0000000083c00000|100%| O|  |TAMS 0x0000000083c00000, 0x0000000083c00000| Untracked 
|  60|0x0000000083c00000, 0x0000000083d00000, 0x0000000083d00000|100%| O|  |TAMS 0x0000000083d00000, 0x0000000083d00000| Untracked 
|  61|0x0000000083d00000, 0x0000000083e00000, 0x0000000083e00000|100%| O|  |TAMS 0x0000000083e00000, 0x0000000083e00000| Untracked 
|  62|0x0000000083e00000, 0x0000000083f00000, 0x0000000083f00000|100%| O|  |TAMS 0x0000000083f00000, 0x0000000083f00000| Untracked 
|  63|0x0000000083f00000, 0x0000000084000000, 0x0000000084000000|100%| O|  |TAMS 0x0000000084000000, 0x0000000084000000| Untracked 
|  64|0x0000000084000000, 0x0000000084100000, 0x0000000084100000|100%| O|  |TAMS 0x0000000084100000, 0x0000000084100000| Untracked 
|  65|0x0000000084100000, 0x0000000084200000, 0x0000000084200000|100%| O|  |TAMS 0x0000000084200000, 0x0000000084200000| Untracked 
|  66|0x0000000084200000, 0x0000000084300000, 0x0000000084300000|100%| O|  |TAMS 0x0000000084300000, 0x0000000084300000| Untracked 
|  67|0x0000000084300000, 0x0000000084400000, 0x0000000084400000|100%| O|  |TAMS 0x0000000084400000, 0x0000000084400000| Untracked 
|  68|0x0000000084400000, 0x0000000084500000, 0x0000000084500000|100%| O|  |TAMS 0x0000000084500000, 0x0000000084500000| Untracked 
|  69|0x0000000084500000, 0x0000000084600000, 0x0000000084600000|100%| O|  |TAMS 0x0000000084600000, 0x0000000084600000| Untracked 
|  70|0x0000000084600000, 0x0000000084700000, 0x0000000084700000|100%| O|  |TAMS 0x0000000084700000, 0x0000000084700000| Untracked 
|  71|0x0000000084700000, 0x0000000084800000, 0x0000000084800000|100%| O|  |TAMS 0x0000000084800000, 0x0000000084800000| Untracked 
|  72|0x0000000084800000, 0x0000000084900000, 0x0000000084900000|100%| O|  |TAMS 0x0000000084900000, 0x0000000084900000| Untracked 
|  73|0x0000000084900000, 0x0000000084a00000, 0x0000000084a00000|100%| O|  |TAMS 0x0000000084a00000, 0x0000000084a00000| Untracked 
|  74|0x0000000084a00000, 0x0000000084b00000, 0x0000000084b00000|100%| O|  |TAMS 0x0000000084b00000, 0x0000000084b00000| Untracked 
|  75|0x0000000084b00000, 0x0000000084c00000, 0x0000000084c00000|100%| O|  |TAMS 0x0000000084c00000, 0x0000000084c00000| Untracked 
|  76|0x0000000084c00000, 0x0000000084d00000, 0x0000000084d00000|100%| O|  |TAMS 0x0000000084d00000, 0x0000000084d00000| Untracked 
|  77|0x0000000084d00000, 0x0000000084e00000, 0x0000000084e00000|100%| O|  |TAMS 0x0000000084e00000, 0x0000000084e00000| Untracked 
|  78|0x0000000084e00000, 0x0000000084f00000, 0x0000000084f00000|100%| O|  |TAMS 0x0000000084f00000, 0x0000000084f00000| Untracked 
|  79|0x0000000084f00000, 0x0000000085000000, 0x0000000085000000|100%| O|  |TAMS 0x0000000085000000, 0x0000000085000000| Untracked 
|  80|0x0000000085000000, 0x0000000085100000, 0x0000000085100000|100%| O|  |TAMS 0x0000000085100000, 0x0000000085100000| Untracked 
|  81|0x0000000085100000, 0x0000000085200000, 0x0000000085200000|100%| O|  |TAMS 0x0000000085200000, 0x0000000085200000| Untracked 
|  82|0x0000000085200000, 0x0000000085300000, 0x0000000085300000|100%| O|  |TAMS 0x0000000085300000, 0x0000000085300000| Untracked 
|  83|0x0000000085300000, 0x0000000085400000, 0x0000000085400000|100%| O|  |TAMS 0x0000000085400000, 0x0000000085400000| Untracked 
|  84|0x0000000085400000, 0x0000000085500000, 0x0000000085500000|100%| O|  |TAMS 0x0000000085500000, 0x0000000085500000| Untracked 
|  85|0x0000000085500000, 0x0000000085600000, 0x0000000085600000|100%| O|  |TAMS 0x0000000085600000, 0x0000000085600000| Untracked 
|  86|0x0000000085600000, 0x0000000085700000, 0x0000000085700000|100%| O|  |TAMS 0x0000000085700000, 0x0000000085700000| Untracked 
|  87|0x0000000085700000, 0x0000000085800000, 0x0000000085800000|100%| O|  |TAMS 0x0000000085800000, 0x0000000085800000| Untracked 
|  88|0x0000000085800000, 0x0000000085900000, 0x0000000085900000|100%| O|  |TAMS 0x0000000085900000, 0x0000000085900000| Untracked 
|  89|0x0000000085900000, 0x0000000085a00000, 0x0000000085a00000|100%| O|  |TAMS 0x0000000085a00000, 0x0000000085a00000| Untracked 
|  90|0x0000000085a00000, 0x0000000085b00000, 0x0000000085b00000|100%| O|  |TAMS 0x0000000085b00000, 0x0000000085b00000| Untracked 
|  91|0x0000000085b00000, 0x0000000085c00000, 0x0000000085c00000|100%| O|  |TAMS 0x0000000085c00000, 0x0000000085c00000| Untracked 
|  92|0x0000000085c00000, 0x0000000085d00000, 0x0000000085d00000|100%| O|  |TAMS 0x0000000085d00000, 0x0000000085d00000| Untracked 
|  93|0x0000000085d00000, 0x0000000085e00000, 0x0000000085e00000|100%| O|  |TAMS 0x0000000085e00000, 0x0000000085e00000| Untracked 
|  94|0x0000000085e00000, 0x0000000085f00000, 0x0000000085f00000|100%| O|  |TAMS 0x0000000085f00000, 0x0000000085f00000| Untracked 
|  95|0x0000000085f00000, 0x0000000086000000, 0x0000000086000000|100%| O|  |TAMS 0x0000000086000000, 0x0000000086000000| Untracked 
|  96|0x0000000086000000, 0x0000000086100000, 0x0000000086100000|100%| O|  |TAMS 0x0000000086100000, 0x0000000086100000| Untracked 
|  97|0x0000000086100000, 0x0000000086200000, 0x0000000086200000|100%| O|  |TAMS 0x0000000086200000, 0x0000000086200000| Untracked 
|  98|0x0000000086200000, 0x0000000086300000, 0x0000000086300000|100%| O|  |TAMS 0x0000000086300000, 0x0000000086300000| Untracked 
|  99|0x0000000086300000, 0x0000000086400000, 0x0000000086400000|100%| O|  |TAMS 0x0000000086400000, 0x0000000086400000| Untracked 
| 100|0x0000000086400000, 0x0000000086500000, 0x0000000086500000|100%| O|  |TAMS 0x0000000086500000, 0x0000000086500000| Untracked 
| 101|0x0000000086500000, 0x0000000086500000, 0x0000000086600000|  0%| F|  |TAMS 0x0000000086500000, 0x0000000086500000| Untracked 
| 102|0x0000000086600000, 0x0000000086600000, 0x0000000086700000|  0%| F|  |TAMS 0x0000000086600000, 0x0000000086600000| Untracked 
| 103|0x0000000086700000, 0x0000000086700000, 0x0000000086800000|  0%| F|  |TAMS 0x0000000086700000, 0x0000000086700000| Untracked 
| 104|0x0000000086800000, 0x0000000086800000, 0x0000000086900000|  0%| F|  |TAMS 0x0000000086800000, 0x0000000086800000| Untracked 
| 105|0x0000000086900000, 0x0000000086900000, 0x0000000086a00000|  0%| F|  |TAMS 0x0000000086900000, 0x0000000086900000| Untracked 
| 106|0x0000000086a00000, 0x0000000086a00000, 0x0000000086b00000|  0%| F|  |TAMS 0x0000000086a00000, 0x0000000086a00000| Untracked 
| 107|0x0000000086b00000, 0x0000000086b00000, 0x0000000086c00000|  0%| F|  |TAMS 0x0000000086b00000, 0x0000000086b00000| Untracked 
| 108|0x0000000086c00000, 0x0000000086c00000, 0x0000000086d00000|  0%| F|  |TAMS 0x0000000086c00000, 0x0000000086c00000| Untracked 
| 109|0x0000000086d00000, 0x0000000086d00000, 0x0000000086e00000|  0%| F|  |TAMS 0x0000000086d00000, 0x0000000086d00000| Untracked 
| 110|0x0000000086e00000, 0x0000000086e00000, 0x0000000086f00000|  0%| F|  |TAMS 0x0000000086e00000, 0x0000000086e00000| Untracked 
| 111|0x0000000086f00000, 0x0000000086f00000, 0x0000000087000000|  0%| F|  |TAMS 0x0000000086f00000, 0x0000000086f00000| Untracked 
| 112|0x0000000087000000, 0x0000000087000000, 0x0000000087100000|  0%| F|  |TAMS 0x0000000087000000, 0x0000000087000000| Untracked 
| 113|0x0000000087100000, 0x0000000087100000, 0x0000000087200000|  0%| F|  |TAMS 0x0000000087100000, 0x0000000087100000| Untracked 
| 114|0x0000000087200000, 0x0000000087200000, 0x0000000087300000|  0%| F|  |TAMS 0x0000000087200000, 0x0000000087200000| Untracked 
| 115|0x0000000087300000, 0x0000000087300000, 0x0000000087400000|  0%| F|  |TAMS 0x0000000087300000, 0x0000000087300000| Untracked 
| 116|0x0000000087400000, 0x0000000087400000, 0x0000000087500000|  0%| F|  |TAMS 0x0000000087400000, 0x0000000087400000| Untracked 
| 117|0x0000000087500000, 0x0000000087500000, 0x0000000087600000|  0%| F|  |TAMS 0x0000000087500000, 0x0000000087500000| Untracked 
| 118|0x0000000087600000, 0x0000000087700000, 0x0000000087700000|100%| O|  |TAMS 0x0000000087600000, 0x0000000087700000| Untracked 
| 119|0x0000000087700000, 0x0000000087800000, 0x0000000087800000|100%| O|  |TAMS 0x0000000087700000, 0x0000000087800000| Untracked 
| 120|0x0000000087800000, 0x0000000087900000, 0x0000000087900000|100%| O|  |TAMS 0x0000000087800000, 0x0000000087900000| Untracked 
| 121|0x0000000087900000, 0x0000000087a00000, 0x0000000087a00000|100%| O|  |TAMS 0x0000000087900000, 0x0000000087a00000| Untracked 
| 122|0x0000000087a00000, 0x0000000087b00000, 0x0000000087b00000|100%| O|  |TAMS 0x0000000087a00000, 0x0000000087b00000| Untracked 
| 123|0x0000000087b00000, 0x0000000087c00000, 0x0000000087c00000|100%| O|  |TAMS 0x0000000087b00000, 0x0000000087c00000| Untracked 
| 124|0x0000000087c00000, 0x0000000087ce4e00, 0x0000000087d00000| 89%| O|  |TAMS 0x0000000087c00000, 0x0000000087ce4e00| Untracked 
| 125|0x0000000087d00000, 0x0000000087d00000, 0x0000000087e00000|  0%| F|  |TAMS 0x0000000087d00000, 0x0000000087d00000| Untracked 
| 126|0x0000000087e00000, 0x0000000087e00000, 0x0000000087f00000|  0%| F|  |TAMS 0x0000000087e00000, 0x0000000087e00000| Untracked 
| 127|0x0000000087f00000, 0x0000000087f00000, 0x0000000088000000|  0%| F|  |TAMS 0x0000000087f00000, 0x0000000087f00000| Untracked 
| 128|0x0000000088000000, 0x0000000088000000, 0x0000000088100000|  0%| F|  |TAMS 0x0000000088000000, 0x0000000088000000| Untracked 
| 129|0x0000000088100000, 0x0000000088100000, 0x0000000088200000|  0%| F|  |TAMS 0x0000000088100000, 0x0000000088100000| Untracked 
| 130|0x0000000088200000, 0x0000000088200000, 0x0000000088300000|  0%| F|  |TAMS 0x0000000088200000, 0x0000000088200000| Untracked 
| 131|0x0000000088300000, 0x0000000088300000, 0x0000000088400000|  0%| F|  |TAMS 0x0000000088300000, 0x0000000088300000| Untracked 
| 132|0x0000000088400000, 0x0000000088400000, 0x0000000088500000|  0%| F|  |TAMS 0x0000000088400000, 0x0000000088400000| Untracked 
| 133|0x0000000088500000, 0x0000000088500000, 0x0000000088600000|  0%| F|  |TAMS 0x0000000088500000, 0x0000000088500000| Untracked 
| 134|0x0000000088600000, 0x0000000088600000, 0x0000000088700000|  0%| F|  |TAMS 0x0000000088600000, 0x0000000088600000| Untracked 
| 135|0x0000000088700000, 0x0000000088700000, 0x0000000088800000|  0%| F|  |TAMS 0x0000000088700000, 0x0000000088700000| Untracked 
| 136|0x0000000088800000, 0x0000000088800000, 0x0000000088900000|  0%| F|  |TAMS 0x0000000088800000, 0x0000000088800000| Untracked 
| 137|0x0000000088900000, 0x0000000088900000, 0x0000000088a00000|  0%| F|  |TAMS 0x0000000088900000, 0x0000000088900000| Untracked 
| 138|0x0000000088a00000, 0x0000000088a00000, 0x0000000088b00000|  0%| F|  |TAMS 0x0000000088a00000, 0x0000000088a00000| Untracked 
| 139|0x0000000088b00000, 0x0000000088b00000, 0x0000000088c00000|  0%| F|  |TAMS 0x0000000088b00000, 0x0000000088b00000| Untracked 
| 140|0x0000000088c00000, 0x0000000088c00000, 0x0000000088d00000|  0%| F|  |TAMS 0x0000000088c00000, 0x0000000088c00000| Untracked 
| 141|0x0000000088d00000, 0x0000000088d00000, 0x0000000088e00000|  0%| F|  |TAMS 0x0000000088d00000, 0x0000000088d00000| Untracked 
| 142|0x0000000088e00000, 0x0000000088e00000, 0x0000000088f00000|  0%| F|  |TAMS 0x0000000088e00000, 0x0000000088e00000| Untracked 
| 143|0x0000000088f00000, 0x0000000088f00000, 0x0000000089000000|  0%| F|  |TAMS 0x0000000088f00000, 0x0000000088f00000| Untracked 
| 144|0x0000000089000000, 0x0000000089000000, 0x0000000089100000|  0%| F|  |TAMS 0x0000000089000000, 0x0000000089000000| Untracked 
| 145|0x0000000089100000, 0x0000000089100000, 0x0000000089200000|  0%| F|  |TAMS 0x0000000089100000, 0x0000000089100000| Untracked 
| 146|0x0000000089200000, 0x0000000089200000, 0x0000000089300000|  0%| F|  |TAMS 0x0000000089200000, 0x0000000089200000| Untracked 
| 147|0x0000000089300000, 0x0000000089300000, 0x0000000089400000|  0%| F|  |TAMS 0x0000000089300000, 0x0000000089300000| Untracked 
| 148|0x0000000089400000, 0x0000000089400000, 0x0000000089500000|  0%| F|  |TAMS 0x0000000089400000, 0x0000000089400000| Untracked 
| 149|0x0000000089500000, 0x0000000089500000, 0x0000000089600000|  0%| F|  |TAMS 0x0000000089500000, 0x0000000089500000| Untracked 
| 150|0x0000000089600000, 0x0000000089600000, 0x0000000089700000|  0%| F|  |TAMS 0x0000000089600000, 0x0000000089600000| Untracked 
| 151|0x0000000089700000, 0x0000000089700000, 0x0000000089800000|  0%| F|  |TAMS 0x0000000089700000, 0x0000000089700000| Untracked 
| 152|0x0000000089800000, 0x0000000089888f30, 0x0000000089900000| 53%| S|CS|TAMS 0x0000000089800000, 0x0000000089800000| Complete 
| 153|0x0000000089900000, 0x0000000089a00000, 0x0000000089a00000|100%| S|CS|TAMS 0x0000000089900000, 0x0000000089900000| Complete 
| 154|0x0000000089a00000, 0x0000000089b00000, 0x0000000089b00000|100%| S|CS|TAMS 0x0000000089a00000, 0x0000000089a00000| Complete 
| 155|0x0000000089b00000, 0x0000000089c00000, 0x0000000089c00000|100%| S|CS|TAMS 0x0000000089b00000, 0x0000000089b00000| Complete 
| 156|0x0000000089c00000, 0x0000000089d00000, 0x0000000089d00000|100%| S|CS|TAMS 0x0000000089c00000, 0x0000000089c00000| Complete 
| 157|0x0000000089d00000, 0x0000000089d00000, 0x0000000089e00000|  0%| F|  |TAMS 0x0000000089d00000, 0x0000000089d00000| Untracked 
| 158|0x0000000089e00000, 0x0000000089e00000, 0x0000000089f00000|  0%| F|  |TAMS 0x0000000089e00000, 0x0000000089e00000| Untracked 
| 159|0x0000000089f00000, 0x0000000089f00000, 0x000000008a000000|  0%| F|  |TAMS 0x0000000089f00000, 0x0000000089f00000| Untracked 
| 160|0x000000008a000000, 0x000000008a000000, 0x000000008a100000|  0%| F|  |TAMS 0x000000008a000000, 0x000000008a000000| Untracked 
| 161|0x000000008a100000, 0x000000008a100000, 0x000000008a200000|  0%| F|  |TAMS 0x000000008a100000, 0x000000008a100000| Untracked 
| 162|0x000000008a200000, 0x000000008a200000, 0x000000008a300000|  0%| F|  |TAMS 0x000000008a200000, 0x000000008a200000| Untracked 
| 163|0x000000008a300000, 0x000000008a300000, 0x000000008a400000|  0%| F|  |TAMS 0x000000008a300000, 0x000000008a300000| Untracked 
| 164|0x000000008a400000, 0x000000008a400000, 0x000000008a500000|  0%| F|  |TAMS 0x000000008a400000, 0x000000008a400000| Untracked 
| 165|0x000000008a500000, 0x000000008a500000, 0x000000008a600000|  0%| F|  |TAMS 0x000000008a500000, 0x000000008a500000| Untracked 
| 166|0x000000008a600000, 0x000000008a600000, 0x000000008a700000|  0%| F|  |TAMS 0x000000008a600000, 0x000000008a600000| Untracked 
| 167|0x000000008a700000, 0x000000008a700000, 0x000000008a800000|  0%| F|  |TAMS 0x000000008a700000, 0x000000008a700000| Untracked 
| 168|0x000000008a800000, 0x000000008a800000, 0x000000008a900000|  0%| F|  |TAMS 0x000000008a800000, 0x000000008a800000| Untracked 
| 169|0x000000008a900000, 0x000000008a900000, 0x000000008aa00000|  0%| F|  |TAMS 0x000000008a900000, 0x000000008a900000| Untracked 
| 170|0x000000008aa00000, 0x000000008aa00000, 0x000000008ab00000|  0%| F|  |TAMS 0x000000008aa00000, 0x000000008aa00000| Untracked 
| 171|0x000000008ab00000, 0x000000008ab00000, 0x000000008ac00000|  0%| F|  |TAMS 0x000000008ab00000, 0x000000008ab00000| Untracked 
| 172|0x000000008ac00000, 0x000000008ac00000, 0x000000008ad00000|  0%| F|  |TAMS 0x000000008ac00000, 0x000000008ac00000| Untracked 
| 173|0x000000008ad00000, 0x000000008ad00000, 0x000000008ae00000|  0%| F|  |TAMS 0x000000008ad00000, 0x000000008ad00000| Untracked 
| 174|0x000000008ae00000, 0x000000008ae00000, 0x000000008af00000|  0%| F|  |TAMS 0x000000008ae00000, 0x000000008ae00000| Untracked 
| 175|0x000000008af00000, 0x000000008af00000, 0x000000008b000000|  0%| F|  |TAMS 0x000000008af00000, 0x000000008af00000| Untracked 
| 176|0x000000008b000000, 0x000000008b000000, 0x000000008b100000|  0%| F|  |TAMS 0x000000008b000000, 0x000000008b000000| Untracked 
| 177|0x000000008b100000, 0x000000008b100000, 0x000000008b200000|  0%| F|  |TAMS 0x000000008b100000, 0x000000008b100000| Untracked 
| 178|0x000000008b200000, 0x000000008b200000, 0x000000008b300000|  0%| F|  |TAMS 0x000000008b200000, 0x000000008b200000| Untracked 
| 179|0x000000008b300000, 0x000000008b300000, 0x000000008b400000|  0%| F|  |TAMS 0x000000008b300000, 0x000000008b300000| Untracked 
| 180|0x000000008b400000, 0x000000008b400000, 0x000000008b500000|  0%| F|  |TAMS 0x000000008b400000, 0x000000008b400000| Untracked 
| 181|0x000000008b500000, 0x000000008b500000, 0x000000008b600000|  0%| F|  |TAMS 0x000000008b500000, 0x000000008b500000| Untracked 
| 182|0x000000008b600000, 0x000000008b600000, 0x000000008b700000|  0%| F|  |TAMS 0x000000008b600000, 0x000000008b600000| Untracked 
| 183|0x000000008b700000, 0x000000008b700000, 0x000000008b800000|  0%| F|  |TAMS 0x000000008b700000, 0x000000008b700000| Untracked 
| 184|0x000000008b800000, 0x000000008b800000, 0x000000008b900000|  0%| F|  |TAMS 0x000000008b800000, 0x000000008b800000| Untracked 
| 185|0x000000008b900000, 0x000000008b900000, 0x000000008ba00000|  0%| F|  |TAMS 0x000000008b900000, 0x000000008b900000| Untracked 
| 186|0x000000008ba00000, 0x000000008ba00000, 0x000000008bb00000|  0%| F|  |TAMS 0x000000008ba00000, 0x000000008ba00000| Untracked 
| 187|0x000000008bb00000, 0x000000008bb00000, 0x000000008bc00000|  0%| F|  |TAMS 0x000000008bb00000, 0x000000008bb00000| Untracked 

Card table byte_map: [0x00000291b7820000,0x00000291b7c20000] _byte_map_base: 0x00000291b7420000

Marking Bits (Prev, Next): (CMBitMap*) 0x00000291a2b508c0, (CMBitMap*) 0x00000291a2b50888
 Prev Bits: [0x00000291ba020000, 0x00000291bc020000)
 Next Bits: [0x00000291b8020000, 0x00000291ba020000)

Polling page: 0x00000291a7dd0000

Metaspace:

Usage:
  Non-class:     83.29 MB capacity,    81.98 MB ( 98%) used,     1.06 MB (  1%) free+waste,   261.88 KB ( <1%) overhead. 
      Class:     12.83 MB capacity,    12.01 MB ( 94%) used,   724.67 KB (  6%) free+waste,   117.13 KB ( <1%) overhead. 
       Both:     96.13 MB capacity,    93.99 MB ( 98%) used,     1.77 MB (  2%) free+waste,   379.00 KB ( <1%) overhead. 

Virtual space:
  Non-class space:       84.00 MB reserved,      83.45 MB (>99%) committed 
      Class space:        1.00 GB reserved,      13.00 MB (  1%) committed 
             Both:        1.08 GB reserved,      96.45 MB (  9%) committed 

Chunk freelists:
   Non-Class:  160.00 KB
       Class:  107.00 KB
        Both:  267.00 KB

MaxMetaspaceSize: 17179869184.00 GB
CompressedClassSpaceSize: 1.00 GB
Initial GC threshold: 20.80 MB
Current GC threshold: 157.00 MB
CDS: off

CodeHeap 'non-profiled nmethods': size=120064Kb used=4828Kb max_used=4828Kb free=115235Kb
 bounds [0x00000291af8b0000, 0x00000291afd70000, 0x00000291b6df0000]
CodeHeap 'profiled nmethods': size=120000Kb used=21921Kb max_used=21921Kb free=98078Kb
 bounds [0x00000291a8380000, 0x00000291a98f0000, 0x00000291af8b0000]
CodeHeap 'non-nmethods': size=5696Kb used=2388Kb max_used=2427Kb free=3308Kb
 bounds [0x00000291a7df0000, 0x00000291a8060000, 0x00000291a8380000]
 total_blobs=12030 nmethods=11121 adapters=821
 compilation: enabled
              stopped_count=0, restarted_count=0
 full_count=0

Compilation events (20 events):
Event: 14.379 Thread 0x00000291befc8800 11309       2       com.android.ide.common.symbols.Symbol$BasicNormalSymbol::<init> (27 bytes)
Event: 14.380 Thread 0x00000291befc8800 nmethod 11309 0x00000291a98e5990 code [0x00000291a98e5bc0, 0x00000291a98e60b8]
Event: 14.380 Thread 0x00000291befc8800 11310       2       com.android.ide.common.symbols.SymbolIo$SymbolData::<init> (60 bytes)
Event: 14.380 Thread 0x00000291befc8800 nmethod 11310 0x00000291a98e6390 code [0x00000291a98e6560, 0x00000291a98e68d8]
Event: 14.380 Thread 0x00000291befc8800 11311       2       com.android.ide.common.symbols.Symbol::normalSymbol (13 bytes)
Event: 14.380 Thread 0x00000291befc8800 nmethod 11311 0x00000291a98e6990 code [0x00000291a98e6b40, 0x00000291a98e6c68]
Event: 14.380 Thread 0x00000291befc7800 nmethod 11304 0x00000291afd66890 code [0x00000291afd66a40, 0x00000291afd66bf8]
Event: 14.380 Thread 0x00000291befc7800 11313   !   4       java.io.BufferedReader::readLine (304 bytes)
Event: 14.383 Thread 0x00000291befc8800 11314       2       com.google.common.collect.ImmutableList$Builder::getReadyToExpandTo (66 bytes)
Event: 14.383 Thread 0x00000291befc8800 nmethod 11314 0x00000291a98e6d10 code [0x00000291a98e6ee0, 0x00000291a98e7168]
Event: 14.383 Thread 0x00000291befc8800 11315       2       com.google.common.collect.ImmutableList::hashCode (42 bytes)
Event: 14.383 Thread 0x00000291befc8800 nmethod 11315 0x00000291a98e7310 code [0x00000291a98e74e0, 0x00000291a98e76e8]
Event: 14.383 Thread 0x00000291befc8800 11316       1       com.android.ide.common.symbols.Symbol$BasicStyleableSymbol::getName (5 bytes)
Event: 14.383 Thread 0x00000291befc8800 nmethod 11316 0x00000291afd66d90 code [0x00000291afd66f40, 0x00000291afd66ff8]
Event: 14.383 Thread 0x00000291befc8800 11317       1       com.android.ide.common.symbols.Symbol$BasicStyleableSymbol::getChildren (5 bytes)
Event: 14.383 Thread 0x00000291befc8800 nmethod 11317 0x00000291afd67090 code [0x00000291afd67240, 0x00000291afd672f8]
Event: 14.383 Thread 0x00000291befc8800 11319       2       com.android.ide.common.symbols.Symbol$BasicStyleableSymbol::hashCode (23 bytes)
Event: 14.383 Thread 0x00000291befc8800 nmethod 11319 0x00000291a98e7810 code [0x00000291a98e79e0, 0x00000291a98e7b38]
Event: 14.384 Thread 0x00000291befc8800 11320       2       com.google.common.collect.ImmutableSet::construct (93 bytes)
Event: 14.385 Thread 0x00000291befc8800 nmethod 11320 0x00000291a98e7c90 code [0x00000291a98e7ec0, 0x00000291a98e83f8]

GC Heap History (20 events):
Event: 8.719 GC heap after
{Heap after GC invocations=25 (full 0):
 garbage-first heap   total 133120K, used 63289K [0x0000000080000000, 0x0000000100000000)
  region size 1024K, 6 young (6144K), 6 survivors (6144K)
 Metaspace       used 69030K, capacity 70677K, committed 70860K, reserved 1110016K
  class space    used 8740K, capacity 9359K, committed 9472K, reserved 1048576K
}
Event: 9.329 GC heap before
{Heap before GC invocations=25 (full 0):
 garbage-first heap   total 133120K, used 103225K [0x0000000080000000, 0x0000000100000000)
  region size 1024K, 45 young (46080K), 6 survivors (6144K)
 Metaspace       used 73968K, capacity 75596K, committed 75724K, reserved 1114112K
  class space    used 9546K, capacity 10145K, committed 10240K, reserved 1048576K
}
Event: 9.336 GC heap after
{Heap after GC invocations=26 (full 0):
 garbage-first heap   total 133120K, used 65830K [0x0000000080000000, 0x0000000100000000)
  region size 1024K, 3 young (3072K), 3 survivors (3072K)
 Metaspace       used 73968K, capacity 75596K, committed 75724K, reserved 1114112K
  class space    used 9546K, capacity 10145K, committed 10240K, reserved 1048576K
}
Event: 9.600 GC heap before
{Heap before GC invocations=26 (full 0):
 garbage-first heap   total 133120K, used 105766K [0x0000000080000000, 0x0000000100000000)
  region size 1024K, 42 young (43008K), 3 survivors (3072K)
 Metaspace       used 75565K, capacity 77291K, committed 77388K, reserved 1116160K
  class space    used 9752K, capacity 10362K, committed 10368K, reserved 1048576K
}
Event: 9.608 GC heap after
{Heap after GC invocations=27 (full 0):
 garbage-first heap   total 159744K, used 68554K [0x0000000080000000, 0x0000000100000000)
  region size 1024K, 6 young (6144K), 6 survivors (6144K)
 Metaspace       used 75565K, capacity 77291K, committed 77388K, reserved 1116160K
  class space    used 9752K, capacity 10362K, committed 10368K, reserved 1048576K
}
Event: 10.214 GC heap before
{Heap before GC invocations=28 (full 0):
 garbage-first heap   total 159744K, used 120778K [0x0000000080000000, 0x0000000100000000)
  region size 1024K, 57 young (58368K), 6 survivors (6144K)
 Metaspace       used 79688K, capacity 81440K, committed 81612K, reserved 1120256K
  class space    used 10339K, capacity 11000K, committed 11008K, reserved 1048576K
}
Event: 10.223 GC heap after
{Heap after GC invocations=29 (full 0):
 garbage-first heap   total 159744K, used 72292K [0x0000000080000000, 0x0000000100000000)
  region size 1024K, 7 young (7168K), 7 survivors (7168K)
 Metaspace       used 79688K, capacity 81440K, committed 81612K, reserved 1120256K
  class space    used 10339K, capacity 11000K, committed 11008K, reserved 1048576K
}
Event: 10.811 GC heap before
{Heap before GC invocations=29 (full 0):
 garbage-first heap   total 159744K, used 126564K [0x0000000080000000, 0x0000000100000000)
  region size 1024K, 60 young (61440K), 7 survivors (7168K)
 Metaspace       used 84894K, capacity 86802K, committed 86988K, reserved 1124352K
  class space    used 11015K, capacity 11683K, committed 11776K, reserved 1048576K
}
Event: 10.820 GC heap after
{Heap after GC invocations=30 (full 0):
 garbage-first heap   total 159744K, used 77072K [0x0000000080000000, 0x0000000100000000)
  region size 1024K, 8 young (8192K), 8 survivors (8192K)
 Metaspace       used 84894K, capacity 86802K, committed 86988K, reserved 1124352K
  class space    used 11015K, capacity 11683K, committed 11776K, reserved 1048576K
}
Event: 11.780 GC heap before
{Heap before GC invocations=30 (full 0):
 garbage-first heap   total 159744K, used 126224K [0x0000000080000000, 0x0000000100000000)
  region size 1024K, 57 young (58368K), 8 survivors (8192K)
 Metaspace       used 88453K, capacity 90678K, committed 90956K, reserved 1128448K
  class space    used 11477K, capacity 12329K, committed 12416K, reserved 1048576K
}
Event: 11.795 GC heap after
{Heap after GC invocations=31 (full 0):
 garbage-first heap   total 159744K, used 82634K [0x0000000080000000, 0x0000000100000000)
  region size 1024K, 6 young (6144K), 6 survivors (6144K)
 Metaspace       used 88453K, capacity 90678K, committed 90956K, reserved 1128448K
  class space    used 11477K, capacity 12329K, committed 12416K, reserved 1048576K
}
Event: 12.516 GC heap before
{Heap before GC invocations=31 (full 0):
 garbage-first heap   total 159744K, used 127690K [0x0000000080000000, 0x0000000100000000)
  region size 1024K, 51 young (52224K), 6 survivors (6144K)
 Metaspace       used 89000K, capacity 91291K, committed 91468K, reserved 1128448K
  class space    used 11502K, capacity 12348K, committed 12416K, reserved 1048576K
}
Event: 12.528 GC heap after
{Heap after GC invocations=32 (full 0):
 garbage-first heap   total 192512K, used 86652K [0x0000000080000000, 0x0000000100000000)
  region size 1024K, 4 young (4096K), 4 survivors (4096K)
 Metaspace       used 89000K, capacity 91291K, committed 91468K, reserved 1128448K
  class space    used 11502K, capacity 12348K, committed 12416K, reserved 1048576K
}
Event: 13.419 GC heap before
{Heap before GC invocations=33 (full 0):
 garbage-first heap   total 192512K, used 147068K [0x0000000080000000, 0x0000000100000000)
  region size 1024K, 62 young (63488K), 4 survivors (4096K)
 Metaspace       used 91009K, capacity 93311K, committed 93516K, reserved 1130496K
  class space    used 11743K, capacity 12591K, committed 12672K, reserved 1048576K
}
Event: 13.434 GC heap after
{Heap after GC invocations=34 (full 0):
 garbage-first heap   total 192512K, used 101906K [0x0000000080000000, 0x0000000100000000)
  region size 1024K, 8 young (8192K), 8 survivors (8192K)
 Metaspace       used 91009K, capacity 93311K, committed 93516K, reserved 1130496K
  class space    used 11743K, capacity 12591K, committed 12672K, reserved 1048576K
}
Event: 13.649 GC heap before
{Heap before GC invocations=34 (full 0):
 garbage-first heap   total 192512K, used 117266K [0x0000000080000000, 0x0000000100000000)
  region size 1024K, 25 young (25600K), 8 survivors (8192K)
 Metaspace       used 92996K, capacity 95247K, committed 95564K, reserved 1132544K
  class space    used 11992K, capacity 12853K, committed 12928K, reserved 1048576K
}
Event: 13.680 GC heap after
{Heap after GC invocations=35 (full 0):
 garbage-first heap   total 192512K, used 110592K [0x0000000080000000, 0x0000000100000000)
  region size 1024K, 7 young (7168K), 7 survivors (7168K)
 Metaspace       used 92996K, capacity 95247K, committed 95564K, reserved 1132544K
  class space    used 11992K, capacity 12853K, committed 12928K, reserved 1048576K
}
Event: 14.126 GC heap before
{Heap before GC invocations=36 (full 0):
 garbage-first heap   total 192512K, used 157696K [0x0000000080000000, 0x0000000100000000)
  region size 1024K, 37 young (37888K), 7 survivors (7168K)
 Metaspace       used 95772K, capacity 98036K, committed 98508K, reserved 1134592K
  class space    used 12260K, capacity 13106K, committed 13312K, reserved 1048576K
}
Event: 14.135 GC heap after
{Heap after GC invocations=37 (full 0):
 garbage-first heap   total 192512K, used 112506K [0x0000000080000000, 0x0000000100000000)
  region size 1024K, 2 young (2048K), 2 survivors (2048K)
 Metaspace       used 95772K, capacity 98036K, committed 98508K, reserved 1134592K
  class space    used 12260K, capacity 13106K, committed 13312K, reserved 1048576K
}
Event: 14.385 GC heap before
{Heap before GC invocations=37 (full 0):
 garbage-first heap   total 192512K, used 143226K [0x0000000080000000, 0x0000000100000000)
  region size 1024K, 33 young (33792K), 2 survivors (2048K)
 Metaspace       used 96246K, capacity 98433K, committed 98764K, reserved 1134592K
  class space    used 12299K, capacity 13141K, committed 13312K, reserved 1048576K
}

Deoptimization events (20 events):
Event: 14.105 Thread 0x00000291bf6d0000 Uncommon trap: trap_request=0xffffff4d fr.pc=0x00000291af93dbe8 relative=0x0000000000000dc8
Event: 14.105 Thread 0x00000291bf6d0000 Uncommon trap: reason=unstable_if action=reinterpret pc=0x00000291af93dbe8 method=java.io.BufferedReader.readLine(Z)Ljava/lang/String; @ 192 c2
Event: 14.105 Thread 0x00000291bf6d0000 DEOPT PACKING pc=0x00000291af93dbe8 sp=0x000000eeb07fd960
Event: 14.105 Thread 0x00000291bf6d0000 DEOPT UNPACKING pc=0x00000291a7e3a1af sp=0x000000eeb07fd918 mode 2
Event: 14.170 Thread 0x00000291c4af0800 DEOPT PACKING pc=0x00000291a9806d9f sp=0x000000eeaeafc260
Event: 14.170 Thread 0x00000291c4af0800 DEOPT UNPACKING pc=0x00000291a7e3a95e sp=0x000000eeaeafb778 mode 0
Event: 14.188 Thread 0x00000291bf6ca000 Uncommon trap: trap_request=0xffffff4d fr.pc=0x00000291afadbfec relative=0x00000000000007ec
Event: 14.189 Thread 0x00000291bf6ca000 Uncommon trap: reason=unstable_if action=reinterpret pc=0x00000291afadbfec method=org.gradle.internal.snapshot.VfsRelativePath.compareToFirstSegment(Ljava/lang/String;Lorg/gradle/internal/snapshot/CaseSensitivity;)I @ 134 c2
Event: 14.189 Thread 0x00000291bf6ca000 DEOPT PACKING pc=0x00000291afadbfec sp=0x000000eeb04fc8d0
Event: 14.189 Thread 0x00000291bf6ca000 DEOPT UNPACKING pc=0x00000291a7e3a1af sp=0x000000eeb04fc850 mode 2
Event: 14.290 Thread 0x00000291c4ae4800 Uncommon trap: trap_request=0xffffff4d fr.pc=0x00000291af993018 relative=0x0000000000001218
Event: 14.290 Thread 0x00000291c4ae4800 Uncommon trap: reason=unstable_if action=reinterpret pc=0x00000291af993018 method=java.util.concurrent.ConcurrentHashMap.transfer([Ljava/util/concurrent/ConcurrentHashMap$Node;[Ljava/util/concurrent/ConcurrentHashMap$Node;)V @ 347 c2
Event: 14.290 Thread 0x00000291c4ae4800 DEOPT PACKING pc=0x00000291af993018 sp=0x000000eeae1fdb20
Event: 14.290 Thread 0x00000291c4ae4800 DEOPT UNPACKING pc=0x00000291a7e3a1af sp=0x000000eeae1fdab0 mode 2
Event: 14.292 Thread 0x00000291bf6ca000 DEOPT PACKING pc=0x00000291a91d4f8e sp=0x000000eeb04fbd60
Event: 14.292 Thread 0x00000291bf6ca000 DEOPT UNPACKING pc=0x00000291a7e3a95e sp=0x000000eeb04fb2a8 mode 0
Event: 14.322 Thread 0x00000291c0a82000 DEOPT PACKING pc=0x00000291a980f846 sp=0x000000eeac7fe820
Event: 14.322 Thread 0x00000291c0a82000 DEOPT UNPACKING pc=0x00000291a7e3a95e sp=0x000000eeac7fdcc0 mode 0
Event: 14.346 Thread 0x00000291c4aef000 DEOPT PACKING pc=0x00000291a9832e63 sp=0x000000eeaf0fdce0
Event: 14.346 Thread 0x00000291c4aef000 DEOPT UNPACKING pc=0x00000291a7e3a95e sp=0x000000eeaf0fd220 mode 0

Classes redefined (0 events):
No events

Internal exceptions (20 events):
Event: 10.997 Thread 0x00000291c04bc800 Exception <a 'java/lang/NoSuchMethodError'{0x0000000088fcf920}: <clinit>> (0x0000000088fcf920) thrown at [./src/hotspot/share/prims/jni.cpp, line 1365]
Event: 11.039 Thread 0x00000291bf6ca000 Exception <a 'java/lang/IncompatibleClassChangeError'{0x0000000088d22a80}: Found class java.lang.Object, but interface was expected> (0x0000000088d22a80) thrown at [./src/hotspot/share/interpreter/linkResolver.cpp, line 839]
Event: 11.071 Thread 0x00000291bf6ca000 Exception <a 'java/lang/NoSuchMethodError'{0x0000000088c85c08}: 'java.lang.Object java.lang.invoke.DirectMethodHandle$Holder.invokeInterface(java.lang.Object, java.lang.Object, int)'> (0x0000000088c85c08) thrown at [./src/hotspot/share/interpreter/linkResolver.cpp, line 773]
Event: 11.073 Thread 0x00000291bf6ca000 Exception <a 'java/lang/NoSuchMethodError'{0x0000000088c99130}: 'void java.lang.invoke.DirectMethodHandle$Holder.invokeStatic(java.lang.Object, java.lang.Object, java.lang.Object, int)'> (0x0000000088c99130) thrown at [./src/hotspot/share/interpreter/linkResolver.cpp, line 773]
Event: 11.076 Thread 0x00000291c0a84000 Exception <a 'java/lang/NoSuchMethodError'{0x0000000088cd45b0}: <clinit>> (0x0000000088cd45b0) thrown at [./src/hotspot/share/prims/jni.cpp, line 1365]
Event: 11.186 Thread 0x00000291bf6ca000 Exception <a 'java/lang/IncompatibleClassChangeError'{0x0000000088a133d0}: Found class java.lang.Object, but interface was expected> (0x0000000088a133d0) thrown at [./src/hotspot/share/interpreter/linkResolver.cpp, line 839]
Event: 11.609 Thread 0x00000291bf6ca000 Exception <a 'java/lang/NoSuchMethodError'{0x0000000087d1b028}: 'void java.lang.invoke.DirectMethodHandle$Holder.invokeStatic(java.lang.Object, java.lang.Object, java.lang.Object, java.lang.Object, int, java.lang.Object, java.lang.Object)'> (0x0000000087d1b028) thrown at [./src/hotspot/share/interpreter/linkResolver.cpp, line 773]
Event: 11.631 Thread 0x00000291c2daa800 Exception <a 'java/lang/NoSuchMethodError'{0x00000000879da7d8}: 'java.lang.Object java.lang.invoke.DirectMethodHandle$Holder.invokeSpecialIFC(java.lang.Object, java.lang.Object, java.lang.Object)'> (0x00000000879da7d8) thrown at [./src/hotspot/share/interpreter/linkResolver.cpp, line 773]
Event: 11.631 Thread 0x00000291bf6ca000 Exception <a 'java/lang/NoSuchMethodError'{0x0000000087c43fe8}: 'java.lang.Object java.lang.invoke.DirectMethodHandle$Holder.invokeSpecialIFC(java.lang.Object, java.lang.Object, java.lang.Object)'> (0x0000000087c43fe8) thrown at [./src/hotspot/share/interpreter/linkResolver.cpp, line 773]
Event: 11.631 Thread 0x00000291c2dac800 Exception <a 'java/lang/NoSuchMethodError'{0x00000000879fd380}: 'java.lang.Object java.lang.invoke.DirectMethodHandle$Holder.invokeSpecialIFC(java.lang.Object, java.lang.Object, java.lang.Object)'> (0x00000000879fd380) thrown at [./src/hotspot/share/interpreter/linkResolver.cpp, line 773]
Event: 11.631 Thread 0x00000291c2dab000 Exception <a 'java/lang/NoSuchMethodError'{0x00000000879ece50}: 'java.lang.Object java.lang.invoke.DirectMethodHandle$Holder.invokeSpecialIFC(java.lang.Object, java.lang.Object, java.lang.Object)'> (0x00000000879ece50) thrown at [./src/hotspot/share/interpreter/linkResolver.cpp, line 773]
Event: 11.666 Thread 0x00000291c2daa800 Exception <a 'java/lang/NoSuchMethodError'{0x000000008750b4f0}: 'int java.lang.invoke.DirectMethodHandle$Holder.invokeStaticInit(java.lang.Object, java.lang.Object, java.lang.Object, java.lang.Object, java.lang.Object)'> (0x000000008750b4f0) thrown at [./src/hotspot/share/interpreter/linkResolver.cpp, line 773]
Event: 11.889 Thread 0x00000291c2dac800 Implicit null exception at 0x00000291afca65c3 to 0x00000291afca6b04
Event: 12.214 Thread 0x00000291c4aeb800 Exception <a 'java/lang/NoSuchMethodError'{0x0000000088701618}: 'void java.lang.invoke.DirectMethodHandle$Holder.invokeVirtual(java.lang.Object, java.lang.Object)'> (0x0000000088701618) thrown at [./src/hotspot/share/interpreter/linkResolver.cpp, line 773]
Event: 12.214 Thread 0x00000291c2da8000 Exception <a 'java/lang/NoSuchMethodError'{0x0000000088479460}: 'void java.lang.invoke.DirectMethodHandle$Holder.invokeVirtual(java.lang.Object, java.lang.Object)'> (0x0000000088479460) thrown at [./src/hotspot/share/interpreter/linkResolver.cpp, line 773]
Event: 13.593 Thread 0x00000291bf6ca000 Implicit null exception at 0x00000291afd20e60 to 0x00000291afd20f60
Event: 13.767 Thread 0x00000291bf6ca000 Exception <a 'java/lang/NoSuchMethodError'{0x000000008b86d668}: <clinit>> (0x000000008b86d668) thrown at [./src/hotspot/share/prims/jni.cpp, line 1365]
Event: 13.772 Thread 0x00000291bf6ca000 Exception <a 'java/lang/NoSuchMethodError'{0x000000008b8d5fc0}: <clinit>> (0x000000008b8d5fc0) thrown at [./src/hotspot/share/prims/jni.cpp, line 1365]
Event: 13.773 Thread 0x00000291bf6ca000 Exception <a 'java/lang/NoSuchMethodError'{0x000000008b8f1500}: <clinit>> (0x000000008b8f1500) thrown at [./src/hotspot/share/prims/jni.cpp, line 1365]
Event: 14.003 Thread 0x00000291c1d28000 Exception <a 'java/lang/NoSuchMethodError'{0x000000008a2d4920}: 'java.lang.Object java.lang.invoke.DirectMethodHandle$Holder.newInvokeSpecial(java.lang.Object, java.lang.Object, java.lang.Object, java.lang.Object)'> (0x000000008a2d4920) thrown at [./src/hotspot/share/interpreter/linkResolver.cpp, line 773]

Events (20 events):
Event: 14.368 loading class com/google/common/cache/CacheBuilderSpec$RefreshDurationParser done
Event: 14.369 loading class com/google/common/cache/CacheBuilderSpec$1
Event: 14.369 loading class com/google/common/cache/CacheBuilderSpec$1 done
Event: 14.369 loading class com/android/build/gradle/internal/services/SymbolTableBuildService$symbolTableCache$1
Event: 14.369 loading class com/android/build/gradle/internal/services/SymbolTableBuildService$symbolTableCache$1 done
Event: 14.370 loading class com/android/build/gradle/internal/services/SymbolTableBuildService$FileCacheKey
Event: 14.370 loading class com/android/build/gradle/internal/services/SymbolTableBuildService$FileCacheKey done
Event: 14.371 loading class com/google/common/cache/LocalCache$Values
Event: 14.371 loading class com/google/common/cache/LocalCache$Values done
Event: 14.372 loading class com/google/common/cache/LocalCache$ValueIterator
Event: 14.372 loading class com/google/common/cache/LocalCache$ValueIterator done
Event: 14.373 loading class com/google/common/cache/LocalCache$SoftValueReference
Event: 14.373 loading class com/google/common/cache/LocalCache$SoftValueReference done
Event: 14.375 loading class com/android/ide/common/symbols/Symbol$BasicAttributeSymbol
Event: 14.375 loading class com/android/ide/common/symbols/Symbol$BasicAttributeSymbol done
Event: 14.382 loading class com/android/ide/common/symbols/SymbolIo$1
Event: 14.382 loading class com/android/ide/common/symbols/SymbolIo$1 done
Event: 14.382 loading class com/android/ide/common/symbols/Symbol$BasicStyleableSymbol
Event: 14.382 loading class com/android/ide/common/symbols/Symbol$BasicStyleableSymbol done
Event: 14.385 Executing VM operation: G1CollectForAllocation


Dynamic libraries:
0x00007ff677eb0000 - 0x00007ff677eba000 	C:\Program Files\Android\Android Studio\jre\bin\java.exe
0x00007ff9aa120000 - 0x00007ff9aa329000 	C:\WINDOWS\SYSTEM32\ntdll.dll
0x00007ff9a9270000 - 0x00007ff9a932d000 	C:\WINDOWS\System32\KERNEL32.DLL
0x00007ff9a7c30000 - 0x00007ff9a7fad000 	C:\WINDOWS\System32\KERNELBASE.dll
0x00007ff9a7880000 - 0x00007ff9a7991000 	C:\WINDOWS\System32\ucrtbase.dll
0x00007ff9888d0000 - 0x00007ff9888e9000 	C:\Program Files\Android\Android Studio\jre\bin\jli.dll
0x00007ff98a7a0000 - 0x00007ff98a7b7000 	C:\Program Files\Android\Android Studio\jre\bin\VCRUNTIME140.dll
0x00007ff9a9ce0000 - 0x00007ff9a9e8d000 	C:\WINDOWS\System32\USER32.dll
0x00007ff9a7850000 - 0x00007ff9a7876000 	C:\WINDOWS\System32\win32u.dll
0x00007ff992540000 - 0x00007ff9927e5000 	C:\WINDOWS\WinSxS\amd64_microsoft.windows.common-controls_6595b64144ccf1df_6.0.22000.120_none_9d947278b86cc467\COMCTL32.dll
0x00007ff9a9f80000 - 0x00007ff9a9fa9000 	C:\WINDOWS\System32\GDI32.dll
0x00007ff9a91c0000 - 0x00007ff9a9263000 	C:\WINDOWS\System32\msvcrt.dll
0x00007ff9a7b10000 - 0x00007ff9a7c28000 	C:\WINDOWS\System32\gdi32full.dll
0x00007ff9a77b0000 - 0x00007ff9a784d000 	C:\WINDOWS\System32\msvcp_win.dll
0x00007ff9a8290000 - 0x00007ff9a82c1000 	C:\WINDOWS\System32\IMM32.DLL
0x00007ff972590000 - 0x00007ff97262d000 	C:\Program Files\Android\Android Studio\jre\bin\msvcp140.dll
0x00007ff9422c0000 - 0x00007ff942da5000 	C:\Program Files\Android\Android Studio\jre\bin\server\jvm.dll
0x00007ff9a8040000 - 0x00007ff9a80ee000 	C:\WINDOWS\System32\ADVAPI32.dll
0x00007ff9a8480000 - 0x00007ff9a851e000 	C:\WINDOWS\System32\sechost.dll
0x00007ff9a9bc0000 - 0x00007ff9a9ce0000 	C:\WINDOWS\System32\RPCRT4.dll
0x00007ff9a9330000 - 0x00007ff9a9338000 	C:\WINDOWS\System32\PSAPI.DLL
0x00007ff9a2d40000 - 0x00007ff9a2d4a000 	C:\WINDOWS\SYSTEM32\VERSION.dll
0x00007ff944bf0000 - 0x00007ff944bf9000 	C:\WINDOWS\SYSTEM32\WSOCK32.dll
0x00007ff994900000 - 0x00007ff994933000 	C:\WINDOWS\SYSTEM32\WINMM.dll
0x00007ff9a9fb0000 - 0x00007ff9aa01f000 	C:\WINDOWS\System32\WS2_32.dll
0x00007ff9a6700000 - 0x00007ff9a6718000 	C:\WINDOWS\SYSTEM32\kernel.appcore.dll
0x00007ff984580000 - 0x00007ff984591000 	C:\Program Files\Android\Android Studio\jre\bin\verify.dll
0x00007ff9953f0000 - 0x00007ff995611000 	C:\WINDOWS\SYSTEM32\DBGHELP.DLL
0x00007ff994950000 - 0x00007ff994981000 	C:\WINDOWS\SYSTEM32\dbgcore.DLL
0x00007ff9a76c0000 - 0x00007ff9a773f000 	C:\WINDOWS\System32\bcryptPrimitives.dll
0x00007ff971950000 - 0x00007ff971979000 	C:\Program Files\Android\Android Studio\jre\bin\java.dll
0x00007ff984570000 - 0x00007ff98457b000 	C:\Program Files\Android\Android Studio\jre\bin\jimage.dll
0x00007ff971930000 - 0x00007ff971948000 	C:\Program Files\Android\Android Studio\jre\bin\zip.dll
0x00007ff9a9340000 - 0x00007ff9a9af8000 	C:\WINDOWS\System32\SHELL32.dll
0x00007ff9a5770000 - 0x00007ff9a5fd8000 	C:\WINDOWS\SYSTEM32\windows.storage.dll
0x00007ff9a86e0000 - 0x00007ff9a8a59000 	C:\WINDOWS\System32\combase.dll
0x00007ff9a5600000 - 0x00007ff9a5766000 	C:\WINDOWS\SYSTEM32\wintypes.dll
0x00007ff9a8ed0000 - 0x00007ff9a8fba000 	C:\WINDOWS\System32\SHCORE.dll
0x00007ff9a7fd0000 - 0x00007ff9a802d000 	C:\WINDOWS\System32\shlwapi.dll
0x00007ff9a7530000 - 0x00007ff9a7551000 	C:\WINDOWS\SYSTEM32\profapi.dll
0x00007ff967f60000 - 0x00007ff967f7a000 	C:\Program Files\Android\Android Studio\jre\bin\net.dll
0x00007ff9a2760000 - 0x00007ff9a286c000 	C:\WINDOWS\SYSTEM32\WINHTTP.dll
0x00007ff9a6b30000 - 0x00007ff9a6b97000 	C:\WINDOWS\system32\mswsock.dll
0x00007ff967f40000 - 0x00007ff967f54000 	C:\Program Files\Android\Android Studio\jre\bin\nio.dll
0x00007ff9883e0000 - 0x00007ff988407000 	C:\Users\Dell\.gradle\native\e1d6ef7f7dcc3fd88c89a11ec53ec762bb8ba0a96d01ffa2cd45eb1d1d8dd5c5\windows-amd64\native-platform.dll
0x00007ff970a80000 - 0x00007ff970bc4000 	C:\Users\Dell\.gradle\native\5664cfc778a61ccfe75a443a1ab52a65af34e5dc3c78e0209fed803814484fcb\windows-amd64\native-platform-file-events.dll
0x00007ff984560000 - 0x00007ff98456a000 	C:\Program Files\Android\Android Studio\jre\bin\management.dll
0x00007ff97f8b0000 - 0x00007ff97f8bd000 	C:\Program Files\Android\Android Studio\jre\bin\management_ext.dll
0x00007ff9a6d70000 - 0x00007ff9a6d88000 	C:\WINDOWS\SYSTEM32\CRYPTSP.dll
0x00007ff9a6660000 - 0x00007ff9a6695000 	C:\WINDOWS\system32\rsaenh.dll
0x00007ff9a6c20000 - 0x00007ff9a6c49000 	C:\WINDOWS\SYSTEM32\USERENV.dll
0x00007ff9a6ef0000 - 0x00007ff9a6f17000 	C:\WINDOWS\SYSTEM32\bcrypt.dll
0x00007ff9a6d90000 - 0x00007ff9a6d9c000 	C:\WINDOWS\SYSTEM32\CRYPTBASE.dll
0x00007ff9a6230000 - 0x00007ff9a625d000 	C:\WINDOWS\SYSTEM32\IPHLPAPI.DLL
0x00007ff9a8030000 - 0x00007ff9a8039000 	C:\WINDOWS\System32\NSI.dll
0x00007ff9a2740000 - 0x00007ff9a2759000 	C:\WINDOWS\SYSTEM32\dhcpcsvc6.DLL
0x00007ff9a2c00000 - 0x00007ff9a2c1e000 	C:\WINDOWS\SYSTEM32\dhcpcsvc.DLL
0x00007ff9a6260000 - 0x00007ff9a6348000 	C:\WINDOWS\SYSTEM32\DNSAPI.dll
0x00007ff9a4fb0000 - 0x00007ff9a4fe4000 	C:\WINDOWS\SYSTEM32\ntmarta.dll

dbghelp: loaded successfully - version: 4.0.5 - missing functions: none
symbol engine: initialized successfully - sym options: 0x614 - pdb path: .;C:\Program Files\Android\Android Studio\jre\bin;C:\WINDOWS\SYSTEM32;C:\WINDOWS\WinSxS\amd64_microsoft.windows.common-controls_6595b64144ccf1df_6.0.22000.120_none_9d947278b86cc467;C:\Program Files\Android\Android Studio\jre\bin\server;C:\Users\Dell\.gradle\native\e1d6ef7f7dcc3fd88c89a11ec53ec762bb8ba0a96d01ffa2cd45eb1d1d8dd5c5\windows-amd64;C:\Users\Dell\.gradle\native\5664cfc778a61ccfe75a443a1ab52a65af34e5dc3c78e0209fed803814484fcb\windows-amd64

VM Arguments:
jvm_args: --add-opens=java.base/java.util=ALL-UNNAMED --add-opens=java.base/java.lang=ALL-UNNAMED --add-opens=java.base/java.lang.invoke=ALL-UNNAMED --add-opens=java.base/java.util=ALL-UNNAMED --add-opens=java.prefs/java.util.prefs=ALL-UNNAMED --add-opens=java.prefs/java.util.prefs=ALL-UNNAMED --add-opens=java.base/java.nio.charset=ALL-UNNAMED --add-opens=java.base/java.net=ALL-UNNAMED --add-opens=java.base/java.util.concurrent.atomic=ALL-UNNAMED -Xmx2048m -Dfile.encoding=UTF-8 -Duser.country=US -Duser.language=en -Duser.variant 
java_command: org.gradle.launcher.daemon.bootstrap.GradleDaemon 7.3.3
java_class_path (initial): C:\Users\Dell\.gradle\wrapper\dists\gradle-7.3.3-bin\6a41zxkdtcxs8rphpq6y0069z\gradle-7.3.3\lib\gradle-launcher-7.3.3.jar
Launcher Type: SUN_STANDARD

[Global flags]
     intx CICompilerCount                          = 3                                         {product} {ergonomic}
     uint ConcGCThreads                            = 1                                         {product} {ergonomic}
     uint G1ConcRefinementThreads                  = 4                                         {product} {ergonomic}
   size_t G1HeapRegionSize                         = 1048576                                   {product} {ergonomic}
    uintx GCDrainStackTargetSize                   = 64                                        {product} {ergonomic}
   size_t InitialHeapSize                          = 65011712                                  {product} {ergonomic}
   size_t MarkStackSize                            = 4194304                                   {product} {ergonomic}
   size_t MaxHeapSize                              = 2147483648                                {product} {command line}
   size_t MaxNewSize                               = 1287651328                                {product} {ergonomic}
   size_t MinHeapDeltaBytes                        = 1048576                                   {product} {ergonomic}
    uintx NonNMethodCodeHeapSize                   = 5830732                                {pd product} {ergonomic}
    uintx NonProfiledCodeHeapSize                  = 122913754                              {pd product} {ergonomic}
    uintx ProfiledCodeHeapSize                     = 122913754                              {pd product} {ergonomic}
    uintx ReservedCodeCacheSize                    = 251658240                              {pd product} {ergonomic}
     bool SegmentedCodeCache                       = true                                      {product} {ergonomic}
     bool UseCompressedClassPointers               = true                                 {lp64_product} {ergonomic}
     bool UseCompressedOops                        = true                                 {lp64_product} {ergonomic}
     bool UseG1GC                                  = true                                      {product} {ergonomic}
     bool UseLargePagesIndividualAllocation        = false                                  {pd product} {ergonomic}

Logging:
Log output configuration:
 #0: stdout all=warning uptime,level,tags
 #1: stderr all=off uptime,level,tags

Environment Variables:
PATH=C:\Program Files (x86)\NVIDIA Corporation\PhysX\Common;C:\Program Files (x86)\Common Files\Oracle\Java\javapath;C:\WINDOWS\system32;C:\WINDOWS;C:\WINDOWS\System32\Wbem;C:\WINDOWS\System32\WindowsPowerShell\v1.0\;C:\WINDOWS\System32\OpenSSH\;C:\Program Files\dotnet\;C:\Program Files\Microsoft VS Code\bin;C:\Program Files\MySQL\MySQL Shell 8.0\bin\;C:\Users\Dell\AppData\Local\Microsoft\WindowsApps;
USERNAME=Dell
OS=Windows_NT
PROCESSOR_IDENTIFIER=Intel64 Family 6 Model 158 Stepping 11, GenuineIntel



---------------  S Y S T E M  ---------------

OS: Windows 10 , 64 bit Build 22000 (10.0.22000.708)
OS uptime: 0 days 1:47 hours

CPU:total 4 (initial active 4) (4 cores per cpu, 1 threads per core) family 6 model 158 stepping 11 microcode 0xf0, cmov, cx8, fxsr, mmx, sse, sse2, sse3, ssse3, sse4.1, sse4.2, popcnt, avx, avx2, aes, clmul, erms, 3dnowpref, lzcnt, tsc, tscinvbit, bmi1, bmi2, adx, fma

Memory: 4k page, system-wide physical 3906M (325M free)
TotalPageFile size 8002M (AvailPageFile size 13M)
current process WorkingSet (physical memory assigned to process): 410M, peak: 411M
current process commit charge ("private bytes"): 469M, peak: 508M

vm_info: OpenJDK 64-Bit Server VM (11.0.12+7-b1504.28-7817840) for windows-amd64 JRE (11.0.12+7-b1504.28-7817840), built on Oct 13 2021 22:12:33 by "builder" with MS VC++ 14.0 (VS2015)

END.
