#
# There is insufficient memory for the Java Runtime Environment to continue.
# Native memory allocation (mmap) failed to map 33554432 bytes for Failed to commit area from 0x0000000089c00000 to 0x000000008bc00000 of length 33554432.
# Possible reasons:
#   The system is out of physical RAM or swap space
#   The process is running with CompressedOops enabled, and the Java Heap may be blocking the growth of the native heap
# Possible solutions:
#   Reduce memory load on the system
#   Increase physical memory or swap space
#   Check if swap backing store is full
#   Decrease Java heap size (-Xmx/-Xms)
#   Decrease number of Java threads
#   Decrease Java thread stack sizes (-Xss)
#   Set larger code cache with -XX:ReservedCodeCacheSize=
#   JVM is running with Unscaled Compressed Oops mode in which the Java heap is
#     placed in the first 4GB address space. The Java Heap base address is the
#     maximum limit for the native heap growth. Please use -XX:HeapBaseMinAddress
#     to set the Java Heap base and to place the Java Heap above 4GB virtual address.
# This output file may be truncated or incomplete.
#
#  Out of Memory Error (./src/hotspot/os/windows/os_windows.cpp:3521), pid=2416, tid=4144
#
# JRE version: OpenJDK Runtime Environment (11.0.12+7) (build 11.0.12+7-b1504.28-7817840)
# Java VM: OpenJDK 64-Bit Server VM (11.0.12+7-b1504.28-7817840, mixed mode, tiered, compressed oops, g1 gc, windows-amd64)
# No core dump will be written. Minidumps are not enabled by default on client versions of Windows
#

---------------  S U M M A R Y ------------

Command Line: --add-opens=java.base/java.util=ALL-UNNAMED --add-opens=java.base/java.lang=ALL-UNNAMED --add-opens=java.base/java.lang.invoke=ALL-UNNAMED --add-opens=java.base/java.util=ALL-UNNAMED --add-opens=java.prefs/java.util.prefs=ALL-UNNAMED --add-opens=java.prefs/java.util.prefs=ALL-UNNAMED --add-opens=java.base/java.nio.charset=ALL-UNNAMED --add-opens=java.base/java.net=ALL-UNNAMED --add-opens=java.base/java.util.concurrent.atomic=ALL-UNNAMED -Xmx2048m -Dfile.encoding=UTF-8 -Duser.country=US -Duser.language=en -Duser.variant org.gradle.launcher.daemon.bootstrap.GradleDaemon 7.3.3

Host: Intel(R) Core(TM) i3-8100 CPU @ 3.60GHz, 4 cores, 3G,  Windows 10 , 64 bit Build 22000 (10.0.22000.708)
Time: Tue Aug 23 11:34:18 2022 India Standard Time elapsed time: 13.947222 seconds (0d 0h 0m 13s)

---------------  T H R E A D  ---------------

Current thread (0x000001c561e08800):  VMThread "VM Thread" [stack: 0x00000070a8e00000,0x00000070a8f00000] [id=4144]

Stack: [0x00000070a8e00000,0x00000070a8f00000]
[error occurred during error reporting (printing stack bounds), id 0xc0000005, EXCEPTION_ACCESS_VIOLATION (0xc0000005) at pc=0x000001c54bd6112d]

Native frames: (J=compiled Java code, j=interpreted, Vv=VM code, C=native code)
V  [jvm.dll+0x5fbcea]
V  [jvm.dll+0x731905]
V  [jvm.dll+0x732f1d]
V  [jvm.dll+0x733535]
V  [jvm.dll+0x7334eb]
V  [jvm.dll+0x5fb080]
V  [jvm.dll+0x5fb818]
C  [ntdll.dll+0xa8fcf]
C  [ntdll.dll+0x35e9a]
C  [ntdll.dll+0xa7fde]
C  0x000001c54bd6112d

VM_Operation (0x00000070ac5fcdb0): G1CollectForAllocation, mode: safepoint, requested by thread 0x000001c564b39800


---------------  P R O C E S S  ---------------

Threads class SMR info:
_java_thread_list=0x000001c56803c8a0, length=86, elements={
0x000001c54824c800, 0x000001c561e0d000, 0x000001c561e16000, 0x000001c562794800,
0x000001c562795800, 0x000001c562798800, 0x000001c562799800, 0x000001c56279b000,
0x000001c56279e000, 0x000001c5628e7800, 0x000001c565284800, 0x000001c564b5a000,
0x000001c56430d000, 0x000001c5640de000, 0x000001c565aeb800, 0x000001c562a8f800,
0x000001c563987800, 0x000001c56464a000, 0x000001c564005800, 0x000001c5642b6800,
0x000001c5642b8800, 0x000001c5642ba000, 0x000001c5642b9000, 0x000001c5642bd000,
0x000001c5642bb800, 0x000001c5642bb000, 0x000001c5642b7800, 0x000001c5642bc800,
0x000001c5659e6800, 0x000001c5659e4000, 0x000001c5659e3800, 0x000001c5659e7800,
0x000001c5659e9000, 0x000001c5659ea800, 0x000001c5659e5000, 0x000001c5659f0800,
0x000001c5659ef800, 0x000001c5659f1000, 0x000001c5659ed000, 0x000001c5659ee800,
0x000001c5659ec000, 0x000001c5659ee000, 0x000001c5659eb800, 0x000001c5659f2000,
0x000001c564b38000, 0x000001c564b35800, 0x000001c564b39000, 0x000001c564b33000,
0x000001c564b36800, 0x000001c564b37000, 0x000001c564b34000, 0x000001c564b39800,
0x000001c564b34800, 0x000001c564b3d800, 0x000001c564b3c000, 0x000001c564b3b000,
0x000001c564b3d000, 0x000001c564b3f800, 0x000001c564b40000, 0x000001c564b3e800,
0x000001c564b3a800, 0x000001c564b41000, 0x000001c564b41800, 0x000001c56575e800,
0x000001c56575f000, 0x000001c565761800, 0x000001c565760000, 0x000001c565763000,
0x000001c56575d800, 0x000001c565765000, 0x000001c565766800, 0x000001c565761000,
0x000001c565765800, 0x000001c565762800, 0x000001c565769000, 0x000001c565764000,
0x000001c56576a800, 0x000001c565769800, 0x000001c56576b800, 0x000001c56576c000,
0x000001c565768000, 0x000001c56505e800, 0x000001c56505d000, 0x000001c56505f800,
0x000001c56505b800, 0x000001c56505e000
}

Java Threads: ( => current thread )
  0x000001c54824c800 JavaThread "main" [_thread_blocked, id=4660, stack(0x00000070a8800000,0x00000070a8900000)]
  0x000001c561e0d000 JavaThread "Reference Handler" daemon [_thread_blocked, id=11408, stack(0x00000070a8f00000,0x00000070a9000000)]
  0x000001c561e16000 JavaThread "Finalizer" daemon [_thread_blocked, id=1252, stack(0x00000070a9000000,0x00000070a9100000)]
  0x000001c562794800 JavaThread "Signal Dispatcher" daemon [_thread_blocked, id=5468, stack(0x00000070a9100000,0x00000070a9200000)]
  0x000001c562795800 JavaThread "Attach Listener" daemon [_thread_blocked, id=9440, stack(0x00000070a9200000,0x00000070a9300000)]
  0x000001c562798800 JavaThread "Service Thread" daemon [_thread_blocked, id=8528, stack(0x00000070a9300000,0x00000070a9400000)]
  0x000001c562799800 JavaThread "C2 CompilerThread0" daemon [_thread_blocked, id=5196, stack(0x00000070a9400000,0x00000070a9500000)]
  0x000001c56279b000 JavaThread "C1 CompilerThread0" daemon [_thread_blocked, id=5572, stack(0x00000070a9500000,0x00000070a9600000)]
  0x000001c56279e000 JavaThread "Sweeper thread" daemon [_thread_blocked, id=4664, stack(0x00000070a9600000,0x00000070a9700000)]
  0x000001c5628e7800 JavaThread "Common-Cleaner" daemon [_thread_blocked, id=5272, stack(0x00000070a9700000,0x00000070a9800000)]
  0x000001c565284800 JavaThread "Daemon health stats" [_thread_blocked, id=7732, stack(0x00000070a9b00000,0x00000070a9c00000)]
  0x000001c564b5a000 JavaThread "Incoming local TCP Connector on port 65222" [_thread_in_native, id=9812, stack(0x00000070a9900000,0x00000070a9a00000)]
  0x000001c56430d000 JavaThread "Daemon periodic checks" [_thread_blocked, id=7920, stack(0x00000070a9c00000,0x00000070a9d00000)]
  0x000001c5640de000 JavaThread "Daemon" [_thread_blocked, id=5344, stack(0x00000070a9d00000,0x00000070a9e00000)]
  0x000001c565aeb800 JavaThread "Handler for socket connection from /127.0.0.1:65222 to /127.0.0.1:65223" [_thread_in_native, id=2224, stack(0x00000070a9e00000,0x00000070a9f00000)]
  0x000001c562a8f800 JavaThread "Cancel handler" [_thread_blocked, id=2400, stack(0x00000070a9f00000,0x00000070aa000000)]
  0x000001c563987800 JavaThread "Daemon worker" [_thread_blocked, id=5260, stack(0x00000070aa000000,0x00000070aa100000)]
  0x000001c56464a000 JavaThread "Asynchronous log dispatcher for DefaultDaemonConnection: socket connection from /127.0.0.1:65222 to /127.0.0.1:65223" [_thread_blocked, id=5420, stack(0x00000070aa100000,0x00000070aa200000)]
  0x000001c564005800 JavaThread "Stdin handler" [_thread_blocked, id=8204, stack(0x00000070aa200000,0x00000070aa300000)]
  0x000001c5642b6800 JavaThread "Daemon client event forwarder" [_thread_blocked, id=11612, stack(0x00000070aa300000,0x00000070aa400000)]
  0x000001c5642b8800 JavaThread "Cache worker for journal cache (C:\Users\Dell\.gradle\caches\journal-1)" [_thread_blocked, id=5064, stack(0x00000070aa600000,0x00000070aa700000)]
  0x000001c5642ba000 JavaThread "File lock request listener" [_thread_in_native, id=12192, stack(0x00000070aa700000,0x00000070aa800000)]
  0x000001c5642b9000 JavaThread "Cache worker for file hash cache (C:\Users\Dell\.gradle\caches\7.3.3\fileHashes)" [_thread_blocked, id=4292, stack(0x00000070aa800000,0x00000070aa900000)]
  0x000001c5642bd000 JavaThread "Cache worker for file hash cache (C:\Users\Dell\Viwall\.gradle\7.3.3\fileHashes)" [_thread_blocked, id=432, stack(0x00000070aaa00000,0x00000070aab00000)]
  0x000001c5642bb800 JavaThread "File watcher server" daemon [_thread_blocked, id=2252, stack(0x00000070aab00000,0x00000070aac00000)]
  0x000001c5642bb000 JavaThread "File watcher consumer" daemon [_thread_blocked, id=5068, stack(0x00000070aac00000,0x00000070aad00000)]
  0x000001c5642b7800 JavaThread "Cache worker for checksums cache (C:\Users\Dell\Viwall\.gradle\7.3.3\checksums)" [_thread_blocked, id=2148, stack(0x00000070aad00000,0x00000070aae00000)]
  0x000001c5642bc800 JavaThread "Cache worker for cache directory md-supplier (C:\Users\Dell\.gradle\caches\7.3.3\md-supplier)" [_thread_blocked, id=5408, stack(0x00000070aae00000,0x00000070aaf00000)]
  0x000001c5659e6800 JavaThread "Cache worker for cache directory md-rule (C:\Users\Dell\.gradle\caches\7.3.3\md-rule)" [_thread_blocked, id=12156, stack(0x00000070aaf00000,0x00000070ab000000)]
  0x000001c5659e4000 JavaThread "Cache worker for execution history cache (C:\Users\Dell\.gradle\caches\7.3.3\executionHistory)" [_thread_blocked, id=9184, stack(0x00000070ab000000,0x00000070ab100000)]
  0x000001c5659e3800 JavaThread "jar transforms" [_thread_blocked, id=3476, stack(0x00000070ab100000,0x00000070ab200000)]
  0x000001c5659e7800 JavaThread "Cache worker for file content cache (C:\Users\Dell\.gradle\caches\7.3.3\fileContent)" [_thread_blocked, id=10004, stack(0x00000070ab200000,0x00000070ab300000)]
  0x000001c5659e9000 JavaThread "jar transforms Thread 2" [_thread_blocked, id=2076, stack(0x00000070ab300000,0x00000070ab400000)]
  0x000001c5659ea800 JavaThread "Cache worker for dependencies-accessors (C:\Users\Dell\Viwall\.gradle\7.3.3\dependencies-accessors)" [_thread_blocked, id=11448, stack(0x00000070ab400000,0x00000070ab500000)]
  0x000001c5659e5000 JavaThread "jar transforms Thread 3" [_thread_blocked, id=8052, stack(0x00000070ab500000,0x00000070ab600000)]
  0x000001c5659f0800 JavaThread "Cache worker for Build Output Cleanup Cache (C:\Users\Dell\Viwall\.gradle\buildOutputCleanup)" [_thread_blocked, id=10748, stack(0x00000070ab600000,0x00000070ab700000)]
  0x000001c5659ef800 JavaThread "Unconstrained build operations" [_thread_blocked, id=6264, stack(0x00000070aa900000,0x00000070aaa00000)]
  0x000001c5659f1000 JavaThread "Unconstrained build operations Thread 2" [_thread_blocked, id=8140, stack(0x00000070ab700000,0x00000070ab800000)]
  0x000001c5659ed000 JavaThread "Unconstrained build operations Thread 3" [_thread_blocked, id=9420, stack(0x00000070ab800000,0x00000070ab900000)]
  0x000001c5659ee800 JavaThread "Unconstrained build operations Thread 4" [_thread_blocked, id=11688, stack(0x00000070ab900000,0x00000070aba00000)]
  0x000001c5659ec000 JavaThread "Unconstrained build operations Thread 5" [_thread_blocked, id=9188, stack(0x00000070aba00000,0x00000070abb00000)]
  0x000001c5659ee000 JavaThread "Unconstrained build operations Thread 6" [_thread_blocked, id=5208, stack(0x00000070abb00000,0x00000070abc00000)]
  0x000001c5659eb800 JavaThread "Unconstrained build operations Thread 7" [_thread_blocked, id=8500, stack(0x00000070abc00000,0x00000070abd00000)]
  0x000001c5659f2000 JavaThread "Unconstrained build operations Thread 8" [_thread_blocked, id=6672, stack(0x00000070abd00000,0x00000070abe00000)]
  0x000001c564b38000 JavaThread "Unconstrained build operations Thread 9" [_thread_blocked, id=10832, stack(0x00000070abe00000,0x00000070abf00000)]
  0x000001c564b35800 JavaThread "Unconstrained build operations Thread 10" [_thread_blocked, id=2164, stack(0x00000070abf00000,0x00000070ac000000)]
  0x000001c564b39000 JavaThread "Unconstrained build operations Thread 11" [_thread_blocked, id=7816, stack(0x00000070ac000000,0x00000070ac100000)]
  0x000001c564b33000 JavaThread "Unconstrained build operations Thread 12" [_thread_blocked, id=10276, stack(0x00000070ac100000,0x00000070ac200000)]
  0x000001c564b36800 JavaThread "Unconstrained build operations Thread 13" [_thread_blocked, id=5988, stack(0x00000070ac200000,0x00000070ac300000)]
  0x000001c564b37000 JavaThread "Unconstrained build operations Thread 14" [_thread_blocked, id=9112, stack(0x00000070ac300000,0x00000070ac400000)]
  0x000001c564b34000 JavaThread "Unconstrained build operations Thread 15" [_thread_blocked, id=11292, stack(0x00000070ac400000,0x00000070ac500000)]
  0x000001c564b39800 JavaThread "Unconstrained build operations Thread 16" [_thread_blocked, id=6040, stack(0x00000070ac500000,0x00000070ac600000)]
  0x000001c564b34800 JavaThread "Unconstrained build operations Thread 17" [_thread_blocked, id=8956, stack(0x00000070ac600000,0x00000070ac700000)]
  0x000001c564b3d800 JavaThread "Unconstrained build operations Thread 18" [_thread_blocked, id=6500, stack(0x00000070ac700000,0x00000070ac800000)]
  0x000001c564b3c000 JavaThread "Unconstrained build operations Thread 19" [_thread_blocked, id=7736, stack(0x00000070ac800000,0x00000070ac900000)]
  0x000001c564b3b000 JavaThread "Unconstrained build operations Thread 20" [_thread_blocked, id=11932, stack(0x00000070ac900000,0x00000070aca00000)]
  0x000001c564b3d000 JavaThread "Unconstrained build operations Thread 21" [_thread_blocked, id=6860, stack(0x00000070aca00000,0x00000070acb00000)]
  0x000001c564b3f800 JavaThread "Unconstrained build operations Thread 22" [_thread_blocked, id=4592, stack(0x00000070acb00000,0x00000070acc00000)]
  0x000001c564b40000 JavaThread "Unconstrained build operations Thread 23" [_thread_blocked, id=2780, stack(0x00000070acc00000,0x00000070acd00000)]
  0x000001c564b3e800 JavaThread "Unconstrained build operations Thread 24" [_thread_blocked, id=8164, stack(0x00000070acd00000,0x00000070ace00000)]
  0x000001c564b3a800 JavaThread "Unconstrained build operations Thread 25" [_thread_blocked, id=4432, stack(0x00000070ace00000,0x00000070acf00000)]
  0x000001c564b41000 JavaThread "Unconstrained build operations Thread 26" [_thread_blocked, id=6416, stack(0x00000070acf00000,0x00000070ad000000)]
  0x000001c564b41800 JavaThread "Unconstrained build operations Thread 27" [_thread_blocked, id=7136, stack(0x00000070ad000000,0x00000070ad100000)]
  0x000001c56575e800 JavaThread "Unconstrained build operations Thread 28" [_thread_blocked, id=2112, stack(0x00000070ad100000,0x00000070ad200000)]
  0x000001c56575f000 JavaThread "Unconstrained build operations Thread 29" [_thread_blocked, id=7840, stack(0x00000070ad200000,0x00000070ad300000)]
  0x000001c565761800 JavaThread "Unconstrained build operations Thread 30" [_thread_blocked, id=11972, stack(0x00000070ad300000,0x00000070ad400000)]
  0x000001c565760000 JavaThread "Unconstrained build operations Thread 31" [_thread_blocked, id=6736, stack(0x00000070ad400000,0x00000070ad500000)]
  0x000001c565763000 JavaThread "Unconstrained build operations Thread 32" [_thread_blocked, id=10880, stack(0x00000070ad500000,0x00000070ad600000)]
  0x000001c56575d800 JavaThread "Unconstrained build operations Thread 33" [_thread_blocked, id=2748, stack(0x00000070ad600000,0x00000070ad700000)]
  0x000001c565765000 JavaThread "Unconstrained build operations Thread 34" [_thread_blocked, id=10156, stack(0x00000070ad700000,0x00000070ad800000)]
  0x000001c565766800 JavaThread "Unconstrained build operations Thread 35" [_thread_blocked, id=7028, stack(0x00000070ad800000,0x00000070ad900000)]
  0x000001c565761000 JavaThread "Unconstrained build operations Thread 36" [_thread_blocked, id=12280, stack(0x00000070ad900000,0x00000070ada00000)]
  0x000001c565765800 JavaThread "Unconstrained build operations Thread 37" [_thread_blocked, id=10940, stack(0x00000070ada00000,0x00000070adb00000)]
  0x000001c565762800 JavaThread "Unconstrained build operations Thread 38" [_thread_blocked, id=4812, stack(0x00000070adb00000,0x00000070adc00000)]
  0x000001c565769000 JavaThread "Unconstrained build operations Thread 39" [_thread_blocked, id=7324, stack(0x00000070adc00000,0x00000070add00000)]
  0x000001c565764000 JavaThread "Unconstrained build operations Thread 40" [_thread_blocked, id=7856, stack(0x00000070add00000,0x00000070ade00000)]
  0x000001c56576a800 JavaThread "jar transforms Thread 4" [_thread_blocked, id=6912, stack(0x00000070ade00000,0x00000070adf00000)]
  0x000001c565769800 JavaThread "Memory manager" [_thread_blocked, id=11496, stack(0x00000070adf00000,0x00000070ae000000)]
  0x000001c56576b800 JavaThread "build event listener" [_thread_blocked, id=6472, stack(0x00000070ae000000,0x00000070ae100000)]
  0x000001c56576c000 JavaThread "build event listener" [_thread_blocked, id=1564, stack(0x00000070ae100000,0x00000070ae200000)]
  0x000001c565768000 JavaThread "pool-3-thread-1" [_thread_blocked, id=7196, stack(0x00000070ae200000,0x00000070ae300000)]
  0x000001c56505e800 JavaThread "build event listener" [_thread_blocked, id=5268, stack(0x00000070ae300000,0x00000070ae400000)]
  0x000001c56505d000 JavaThread "Execution worker for ':'" [_thread_blocked, id=976, stack(0x00000070ae400000,0x00000070ae500000)]
  0x000001c56505f800 JavaThread "Execution worker for ':' Thread 2" [_thread_blocked, id=10488, stack(0x00000070ae500000,0x00000070ae600000)]
  0x000001c56505b800 JavaThread "Execution worker for ':' Thread 3" [_thread_blocked, id=9028, stack(0x00000070ae600000,0x00000070ae700000)]
  0x000001c56505e000 JavaThread "Cache worker for execution history cache (C:\Users\Dell\Viwall\.gradle\7.3.3\executionHistory)" [_thread_blocked, id=2316, stack(0x00000070ae700000,0x00000070ae800000)]

Other Threads:
=>0x000001c561e08800 VMThread "VM Thread" [stack: 0x00000070a8e00000,0x00000070a8f00000] [id=4144]
  0x000001c5628f7000 WatcherThread [stack: 0x00000070a9800000,0x00000070a9900000] [id=7960]
  0x000001c548266800 GCTaskThread "GC Thread#0" [stack: 0x00000070a8900000,0x00000070a8a00000] [id=8760]
  0x000001c5636ac800 GCTaskThread "GC Thread#1" [stack: 0x00000070a9a00000,0x00000070a9b00000] [id=11604]
  0x000001c56575d000 GCTaskThread "GC Thread#2" [stack: 0x00000070aa400000,0x00000070aa500000] [id=6072]
  0x000001c564f1b800 GCTaskThread "GC Thread#3" [stack: 0x00000070aa500000,0x00000070aa600000] [id=11712]
  0x000001c548299000 ConcurrentGCThread "G1 Main Marker" [stack: 0x00000070a8a00000,0x00000070a8b00000] [id=5728]
  0x000001c54829a000 ConcurrentGCThread "G1 Conc#0" [stack: 0x00000070a8b00000,0x00000070a8c00000] [id=9748]
  0x000001c5482f6800 ConcurrentGCThread "G1 Refine#0" [stack: 0x00000070a8c00000,0x00000070a8d00000] [id=11324]
  0x000001c5482f9800 ConcurrentGCThread "G1 Young RemSet Sampling" [stack: 0x00000070a8d00000,0x00000070a8e00000] [id=10440]

Threads with active compile tasks:
C2 CompilerThread0  14048 10277   !   4       com.google.common.cache.LocalCache::processPendingNotifications (47 bytes)

VM state:at safepoint (normal execution)

VM Mutex/Monitor currently owned by a thread:  ([mutex/lock_event])
[0x000001c548248560] Threads_lock - owner thread: 0x000001c561e08800
[0x000001c548249400] Heap_lock - owner thread: 0x000001c564b39800

Heap address: 0x0000000080000000, size: 2048 MB, Compressed Oops mode: 32-bit
Narrow klass base: 0x0000000000000000, Narrow klass shift: 3
Compressed class space size: 1073741824 Address: 0x0000000100000000

Heap:
 garbage-first heap   total 192512K, used 87149K [0x0000000080000000, 0x0000000100000000)
  region size 1024K, 4 young (4096K), 4 survivors (4096K)
 Metaspace       used 89426K, capacity 91664K, committed 91776K, reserved 1128448K
  class space    used 11529K, capacity 12374K, committed 12416K, reserved 1048576K
Heap Regions: E=young(eden), S=young(survivor), O=old, HS=humongous(starts), HC=humongous(continues), CS=collection set, F=free, A=archive, TAMS=top-at-mark-start (previous, next)
|   0|0x0000000080000000, 0x0000000080100000, 0x0000000080100000|100%| O|  |TAMS 0x0000000080100000, 0x0000000080000000| Untracked 
|   1|0x0000000080100000, 0x0000000080200000, 0x0000000080200000|100%| O|  |TAMS 0x0000000080200000, 0x0000000080100000| Untracked 
|   2|0x0000000080200000, 0x0000000080300000, 0x0000000080300000|100%| O|  |TAMS 0x0000000080300000, 0x0000000080200000| Untracked 
|   3|0x0000000080300000, 0x0000000080400000, 0x0000000080400000|100%|HS|  |TAMS 0x0000000080400000, 0x0000000080300000| Complete 
|   4|0x0000000080400000, 0x0000000080500000, 0x0000000080500000|100%|HC|  |TAMS 0x0000000080500000, 0x0000000080400000| Complete 
|   5|0x0000000080500000, 0x0000000080600000, 0x0000000080600000|100%|HC|  |TAMS 0x0000000080600000, 0x0000000080500000| Complete 
|   6|0x0000000080600000, 0x0000000080700000, 0x0000000080700000|100%| O|  |TAMS 0x0000000080700000, 0x0000000080600000| Untracked 
|   7|0x0000000080700000, 0x0000000080800000, 0x0000000080800000|100%| O|  |TAMS 0x0000000080800000, 0x0000000080700000| Untracked 
|   8|0x0000000080800000, 0x0000000080900000, 0x0000000080900000|100%| O|  |TAMS 0x0000000080900000, 0x0000000080800000| Untracked 
|   9|0x0000000080900000, 0x0000000080a00000, 0x0000000080a00000|100%| O|  |TAMS 0x0000000080a00000, 0x0000000080900000| Untracked 
|  10|0x0000000080a00000, 0x0000000080b00000, 0x0000000080b00000|100%| O|  |TAMS 0x0000000080b00000, 0x0000000080a00000| Untracked 
|  11|0x0000000080b00000, 0x0000000080c00000, 0x0000000080c00000|100%| O|  |TAMS 0x0000000080c00000, 0x0000000080b00000| Untracked 
|  12|0x0000000080c00000, 0x0000000080d00000, 0x0000000080d00000|100%| O|  |TAMS 0x0000000080d00000, 0x0000000080c00000| Untracked 
|  13|0x0000000080d00000, 0x0000000080e00000, 0x0000000080e00000|100%| O|  |TAMS 0x0000000080e00000, 0x0000000080d00000| Untracked 
|  14|0x0000000080e00000, 0x0000000080f00000, 0x0000000080f00000|100%| O|  |TAMS 0x0000000080f00000, 0x0000000080e00000| Untracked 
|  15|0x0000000080f00000, 0x0000000081000000, 0x0000000081000000|100%| O|  |TAMS 0x0000000081000000, 0x0000000080f00000| Untracked 
|  16|0x0000000081000000, 0x0000000081100000, 0x0000000081100000|100%| O|  |TAMS 0x0000000081100000, 0x0000000081000000| Untracked 
|  17|0x0000000081100000, 0x0000000081200000, 0x0000000081200000|100%| O|  |TAMS 0x0000000081200000, 0x0000000081100000| Untracked 
|  18|0x0000000081200000, 0x0000000081300000, 0x0000000081300000|100%| O|  |TAMS 0x0000000081300000, 0x0000000081200000| Untracked 
|  19|0x0000000081300000, 0x0000000081400000, 0x0000000081400000|100%| O|  |TAMS 0x0000000081400000, 0x0000000081300000| Untracked 
|  20|0x0000000081400000, 0x0000000081500000, 0x0000000081500000|100%| O|  |TAMS 0x0000000081500000, 0x0000000081400000| Untracked 
|  21|0x0000000081500000, 0x0000000081600000, 0x0000000081600000|100%| O|  |TAMS 0x0000000081600000, 0x0000000081500000| Untracked 
|  22|0x0000000081600000, 0x0000000081700000, 0x0000000081700000|100%| O|  |TAMS 0x0000000081700000, 0x0000000081600000| Untracked 
|  23|0x0000000081700000, 0x0000000081800000, 0x0000000081800000|100%| O|  |TAMS 0x0000000081800000, 0x0000000081700000| Untracked 
|  24|0x0000000081800000, 0x0000000081900000, 0x0000000081900000|100%| O|  |TAMS 0x0000000081900000, 0x0000000081800000| Untracked 
|  25|0x0000000081900000, 0x0000000081a00000, 0x0000000081a00000|100%| O|  |TAMS 0x0000000081a00000, 0x0000000081900000| Untracked 
|  26|0x0000000081a00000, 0x0000000081b00000, 0x0000000081b00000|100%| O|  |TAMS 0x0000000081b00000, 0x0000000081a00000| Untracked 
|  27|0x0000000081b00000, 0x0000000081c00000, 0x0000000081c00000|100%| O|  |TAMS 0x0000000081c00000, 0x0000000081b00000| Untracked 
|  28|0x0000000081c00000, 0x0000000081d00000, 0x0000000081d00000|100%|HS|  |TAMS 0x0000000081d00000, 0x0000000081c00000| Complete 
|  29|0x0000000081d00000, 0x0000000081e00000, 0x0000000081e00000|100%|HS|  |TAMS 0x0000000081e00000, 0x0000000081d00000| Complete 
|  30|0x0000000081e00000, 0x0000000081f00000, 0x0000000081f00000|100%|HS|  |TAMS 0x0000000081f00000, 0x0000000081e00000| Complete 
|  31|0x0000000081f00000, 0x0000000082000000, 0x0000000082000000|100%|HS|  |TAMS 0x0000000082000000, 0x0000000081f00000| Complete 
|  32|0x0000000082000000, 0x0000000082100000, 0x0000000082100000|100%|HC|  |TAMS 0x0000000082100000, 0x0000000082000000| Complete 
|  33|0x0000000082100000, 0x0000000082200000, 0x0000000082200000|100%|HC|  |TAMS 0x0000000082200000, 0x0000000082100000| Complete 
|  34|0x0000000082200000, 0x0000000082300000, 0x0000000082300000|100%|HS|  |TAMS 0x0000000082300000, 0x0000000082200000| Complete 
|  35|0x0000000082300000, 0x0000000082400000, 0x0000000082400000|100%|HC|  |TAMS 0x0000000082400000, 0x0000000082300000| Complete 
|  36|0x0000000082400000, 0x0000000082500000, 0x0000000082500000|100%| O|  |TAMS 0x0000000082500000, 0x0000000082400000| Untracked 
|  37|0x0000000082500000, 0x0000000082600000, 0x0000000082600000|100%| O|  |TAMS 0x0000000082600000, 0x0000000082500000| Untracked 
|  38|0x0000000082600000, 0x0000000082700000, 0x0000000082700000|100%| O|  |TAMS 0x0000000082700000, 0x0000000082600000| Untracked 
|  39|0x0000000082700000, 0x0000000082800000, 0x0000000082800000|100%| O|  |TAMS 0x0000000082800000, 0x0000000082700000| Untracked 
|  40|0x0000000082800000, 0x0000000082900000, 0x0000000082900000|100%| O|  |TAMS 0x0000000082900000, 0x0000000082800000| Untracked 
|  41|0x0000000082900000, 0x0000000082a00000, 0x0000000082a00000|100%| O|  |TAMS 0x0000000082a00000, 0x0000000082900000| Untracked 
|  42|0x0000000082a00000, 0x0000000082b00000, 0x0000000082b00000|100%| O|  |TAMS 0x0000000082b00000, 0x0000000082a00000| Untracked 
|  43|0x0000000082b00000, 0x0000000082c00000, 0x0000000082c00000|100%| O|  |TAMS 0x0000000082c00000, 0x0000000082b00000| Untracked 
|  44|0x0000000082c00000, 0x0000000082d00000, 0x0000000082d00000|100%| O|  |TAMS 0x0000000082d00000, 0x0000000082c00000| Untracked 
|  45|0x0000000082d00000, 0x0000000082e00000, 0x0000000082e00000|100%| O|  |TAMS 0x0000000082e00000, 0x0000000082d00000| Untracked 
|  46|0x0000000082e00000, 0x0000000082f00000, 0x0000000082f00000|100%| O|  |TAMS 0x0000000082f00000, 0x0000000082e00000| Untracked 
|  47|0x0000000082f00000, 0x0000000083000000, 0x0000000083000000|100%| O|  |TAMS 0x0000000083000000, 0x0000000082f00000| Untracked 
|  48|0x0000000083000000, 0x0000000083100000, 0x0000000083100000|100%| O|  |TAMS 0x0000000083100000, 0x0000000083000000| Untracked 
|  49|0x0000000083100000, 0x0000000083200000, 0x0000000083200000|100%| O|  |TAMS 0x0000000083200000, 0x0000000083100000| Untracked 
|  50|0x0000000083200000, 0x0000000083300000, 0x0000000083300000|100%| O|  |TAMS 0x0000000083300000, 0x0000000083200000| Untracked 
|  51|0x0000000083300000, 0x0000000083400000, 0x0000000083400000|100%| O|  |TAMS 0x0000000083400000, 0x0000000083300000| Untracked 
|  52|0x0000000083400000, 0x0000000083500000, 0x0000000083500000|100%| O|  |TAMS 0x0000000083500000, 0x0000000083400000| Untracked 
|  53|0x0000000083500000, 0x0000000083600000, 0x0000000083600000|100%| O|  |TAMS 0x0000000083600000, 0x0000000083500000| Untracked 
|  54|0x0000000083600000, 0x0000000083700000, 0x0000000083700000|100%| O|  |TAMS 0x0000000083700000, 0x0000000083600000| Untracked 
|  55|0x0000000083700000, 0x0000000083800000, 0x0000000083800000|100%| O|  |TAMS 0x0000000083800000, 0x0000000083700000| Untracked 
|  56|0x0000000083800000, 0x0000000083900000, 0x0000000083900000|100%| O|  |TAMS 0x0000000083900000, 0x0000000083800000| Untracked 
|  57|0x0000000083900000, 0x0000000083a00000, 0x0000000083a00000|100%| O|  |TAMS 0x0000000083a00000, 0x0000000083900000| Untracked 
|  58|0x0000000083a00000, 0x0000000083b00000, 0x0000000083b00000|100%| O|  |TAMS 0x0000000083b00000, 0x0000000083a00000| Untracked 
|  59|0x0000000083b00000, 0x0000000083c00000, 0x0000000083c00000|100%| O|  |TAMS 0x0000000083c00000, 0x0000000083b00000| Untracked 
|  60|0x0000000083c00000, 0x0000000083d00000, 0x0000000083d00000|100%| O|  |TAMS 0x0000000083d00000, 0x0000000083c00000| Untracked 
|  61|0x0000000083d00000, 0x0000000083e00000, 0x0000000083e00000|100%| O|  |TAMS 0x0000000083e00000, 0x0000000083d00000| Untracked 
|  62|0x0000000083e00000, 0x0000000083f00000, 0x0000000083f00000|100%| O|  |TAMS 0x0000000083f00000, 0x0000000083e00000| Untracked 
|  63|0x0000000083f00000, 0x0000000084000000, 0x0000000084000000|100%| O|  |TAMS 0x0000000084000000, 0x0000000083f00000| Untracked 
|  64|0x0000000084000000, 0x0000000084100000, 0x0000000084100000|100%| O|  |TAMS 0x0000000084100000, 0x0000000084000000| Untracked 
|  65|0x0000000084100000, 0x0000000084200000, 0x0000000084200000|100%| O|  |TAMS 0x0000000084200000, 0x0000000084100000| Untracked 
|  66|0x0000000084200000, 0x0000000084300000, 0x0000000084300000|100%| O|  |TAMS 0x0000000084300000, 0x0000000084200000| Untracked 
|  67|0x0000000084300000, 0x0000000084400000, 0x0000000084400000|100%| O|  |TAMS 0x0000000084400000, 0x0000000084300000| Untracked 
|  68|0x0000000084400000, 0x0000000084500000, 0x0000000084500000|100%| O|  |TAMS 0x0000000084500000, 0x0000000084400000| Untracked 
|  69|0x0000000084500000, 0x0000000084600000, 0x0000000084600000|100%| O|  |TAMS 0x0000000084600000, 0x0000000084500000| Untracked 
|  70|0x0000000084600000, 0x0000000084700000, 0x0000000084700000|100%| O|  |TAMS 0x0000000084700000, 0x0000000084600000| Untracked 
|  71|0x0000000084700000, 0x0000000084800000, 0x0000000084800000|100%| O|  |TAMS 0x0000000084800000, 0x0000000084700000| Untracked 
|  72|0x0000000084800000, 0x0000000084900000, 0x0000000084900000|100%| O|  |TAMS 0x0000000084900000, 0x0000000084800000| Untracked 
|  73|0x0000000084900000, 0x0000000084a00000, 0x0000000084a00000|100%| O|  |TAMS 0x0000000084a00000, 0x0000000084900000| Untracked 
|  74|0x0000000084a00000, 0x0000000084b00000, 0x0000000084b00000|100%| O|  |TAMS 0x0000000084b00000, 0x0000000084a00000| Untracked 
|  75|0x0000000084b00000, 0x0000000084c00000, 0x0000000084c00000|100%| O|  |TAMS 0x0000000084c00000, 0x0000000084b00000| Untracked 
|  76|0x0000000084c00000, 0x0000000084d00000, 0x0000000084d00000|100%| O|  |TAMS 0x0000000084d00000, 0x0000000084c00000| Untracked 
|  77|0x0000000084d00000, 0x0000000084e00000, 0x0000000084e00000|100%| O|  |TAMS 0x0000000084df2e00, 0x0000000084d00000| Untracked 
|  78|0x0000000084e00000, 0x0000000084f00000, 0x0000000084f00000|100%| O|  |TAMS 0x0000000084e00000, 0x0000000084e00000| Untracked 
|  79|0x0000000084f00000, 0x0000000085000000, 0x0000000085000000|100%| O|  |TAMS 0x0000000084f00000, 0x0000000084f00000| Untracked 
|  80|0x0000000085000000, 0x0000000085100000, 0x0000000085100000|100%| O|  |TAMS 0x0000000085000000, 0x0000000085000000| Untracked 
|  81|0x0000000085100000, 0x000000008514e000, 0x0000000085200000| 30%| O|  |TAMS 0x0000000085100000, 0x0000000085100000| Untracked 
|  82|0x0000000085200000, 0x0000000085200000, 0x0000000085300000|  0%| F|  |TAMS 0x0000000085200000, 0x0000000085200000| Untracked 
|  83|0x0000000085300000, 0x0000000085300000, 0x0000000085400000|  0%| F|  |TAMS 0x0000000085300000, 0x0000000085300000| Untracked 
|  84|0x0000000085400000, 0x0000000085400000, 0x0000000085500000|  0%| F|  |TAMS 0x0000000085400000, 0x0000000085400000| Untracked 
|  85|0x0000000085500000, 0x0000000085500000, 0x0000000085600000|  0%| F|  |TAMS 0x0000000085500000, 0x0000000085500000| Untracked 
|  86|0x0000000085600000, 0x0000000085600000, 0x0000000085700000|  0%| F|  |TAMS 0x0000000085600000, 0x0000000085600000| Untracked 
|  87|0x0000000085700000, 0x0000000085700000, 0x0000000085800000|  0%| F|  |TAMS 0x0000000085700000, 0x0000000085700000| Untracked 
|  88|0x0000000085800000, 0x0000000085800000, 0x0000000085900000|  0%| F|  |TAMS 0x0000000085800000, 0x0000000085800000| Untracked 
|  89|0x0000000085900000, 0x0000000085900000, 0x0000000085a00000|  0%| F|  |TAMS 0x0000000085900000, 0x0000000085900000| Untracked 
|  90|0x0000000085a00000, 0x0000000085a00000, 0x0000000085b00000|  0%| F|  |TAMS 0x0000000085a00000, 0x0000000085a00000| Untracked 
|  91|0x0000000085b00000, 0x0000000085b00000, 0x0000000085c00000|  0%| F|  |TAMS 0x0000000085b00000, 0x0000000085b00000| Untracked 
|  92|0x0000000085c00000, 0x0000000085c00000, 0x0000000085d00000|  0%| F|  |TAMS 0x0000000085c00000, 0x0000000085c00000| Untracked 
|  93|0x0000000085d00000, 0x0000000085d00000, 0x0000000085e00000|  0%| F|  |TAMS 0x0000000085d00000, 0x0000000085d00000| Untracked 
|  94|0x0000000085e00000, 0x0000000085e00000, 0x0000000085f00000|  0%| F|  |TAMS 0x0000000085e00000, 0x0000000085e00000| Untracked 
|  95|0x0000000085f00000, 0x0000000085f00000, 0x0000000086000000|  0%| F|  |TAMS 0x0000000085f00000, 0x0000000085f00000| Untracked 
|  96|0x0000000086000000, 0x0000000086000000, 0x0000000086100000|  0%| F|  |TAMS 0x0000000086000000, 0x0000000086000000| Untracked 
|  97|0x0000000086100000, 0x0000000086100000, 0x0000000086200000|  0%| F|  |TAMS 0x0000000086100000, 0x0000000086100000| Untracked 
|  98|0x0000000086200000, 0x0000000086200000, 0x0000000086300000|  0%| F|  |TAMS 0x0000000086200000, 0x0000000086200000| Untracked 
|  99|0x0000000086300000, 0x0000000086300000, 0x0000000086400000|  0%| F|  |TAMS 0x0000000086300000, 0x0000000086300000| Untracked 
| 100|0x0000000086400000, 0x0000000086400000, 0x0000000086500000|  0%| F|  |TAMS 0x0000000086400000, 0x0000000086400000| Untracked 
| 101|0x0000000086500000, 0x0000000086500000, 0x0000000086600000|  0%| F|  |TAMS 0x0000000086500000, 0x0000000086500000| Untracked 
| 102|0x0000000086600000, 0x0000000086600000, 0x0000000086700000|  0%| F|  |TAMS 0x0000000086600000, 0x0000000086600000| Untracked 
| 103|0x0000000086700000, 0x0000000086700000, 0x0000000086800000|  0%| F|  |TAMS 0x0000000086700000, 0x0000000086700000| Untracked 
| 104|0x0000000086800000, 0x00000000868cd480, 0x0000000086900000| 80%| S|CS|TAMS 0x0000000086800000, 0x0000000086800000| Complete 
| 105|0x0000000086900000, 0x0000000086900000, 0x0000000086a00000|  0%| F|  |TAMS 0x0000000086900000, 0x0000000086900000| Untracked 
| 106|0x0000000086a00000, 0x0000000086b00000, 0x0000000086b00000|100%| S|CS|TAMS 0x0000000086a00000, 0x0000000086a00000| Complete 
| 107|0x0000000086b00000, 0x0000000086b00000, 0x0000000086c00000|  0%| F|  |TAMS 0x0000000086b00000, 0x0000000086b00000| Untracked 
| 108|0x0000000086c00000, 0x0000000086c00000, 0x0000000086d00000|  0%| F|  |TAMS 0x0000000086c00000, 0x0000000086c00000| Untracked 
| 109|0x0000000086d00000, 0x0000000086d00000, 0x0000000086e00000|  0%| F|  |TAMS 0x0000000086d00000, 0x0000000086d00000| Untracked 
| 110|0x0000000086e00000, 0x0000000086f00000, 0x0000000086f00000|100%| S|CS|TAMS 0x0000000086e00000, 0x0000000086e00000| Complete 
| 111|0x0000000086f00000, 0x0000000087000000, 0x0000000087000000|100%| S|CS|TAMS 0x0000000086f00000, 0x0000000086f00000| Complete 
| 112|0x0000000087000000, 0x0000000087000000, 0x0000000087100000|  0%| F|  |TAMS 0x0000000087000000, 0x0000000087000000| Untracked 
| 113|0x0000000087100000, 0x0000000087100000, 0x0000000087200000|  0%| F|  |TAMS 0x0000000087100000, 0x0000000087100000| Untracked 
| 114|0x0000000087200000, 0x0000000087200000, 0x0000000087300000|  0%| F|  |TAMS 0x0000000087200000, 0x0000000087200000| Untracked 
| 115|0x0000000087300000, 0x0000000087300000, 0x0000000087400000|  0%| F|  |TAMS 0x0000000087300000, 0x0000000087300000| Untracked 
| 116|0x0000000087400000, 0x0000000087400000, 0x0000000087500000|  0%| F|  |TAMS 0x0000000087400000, 0x0000000087400000| Untracked 
| 117|0x0000000087500000, 0x0000000087500000, 0x0000000087600000|  0%| F|  |TAMS 0x0000000087500000, 0x0000000087500000| Untracked 
| 118|0x0000000087600000, 0x0000000087600000, 0x0000000087700000|  0%| F|  |TAMS 0x0000000087600000, 0x0000000087600000| Untracked 
| 119|0x0000000087700000, 0x0000000087700000, 0x0000000087800000|  0%| F|  |TAMS 0x0000000087700000, 0x0000000087700000| Untracked 
| 120|0x0000000087800000, 0x0000000087800000, 0x0000000087900000|  0%| F|  |TAMS 0x0000000087800000, 0x0000000087800000| Untracked 
| 121|0x0000000087900000, 0x0000000087900000, 0x0000000087a00000|  0%| F|  |TAMS 0x0000000087900000, 0x0000000087900000| Untracked 
| 122|0x0000000087a00000, 0x0000000087a00000, 0x0000000087b00000|  0%| F|  |TAMS 0x0000000087a00000, 0x0000000087a00000| Untracked 
| 123|0x0000000087b00000, 0x0000000087b00000, 0x0000000087c00000|  0%| F|  |TAMS 0x0000000087b00000, 0x0000000087b00000| Untracked 
| 124|0x0000000087c00000, 0x0000000087c00000, 0x0000000087d00000|  0%| F|  |TAMS 0x0000000087c00000, 0x0000000087c00000| Untracked 
| 125|0x0000000087d00000, 0x0000000087d00000, 0x0000000087e00000|  0%| F|  |TAMS 0x0000000087d00000, 0x0000000087d00000| Untracked 
| 126|0x0000000087e00000, 0x0000000087e00000, 0x0000000087f00000|  0%| F|  |TAMS 0x0000000087e00000, 0x0000000087e00000| Untracked 
| 127|0x0000000087f00000, 0x0000000087f00000, 0x0000000088000000|  0%| F|  |TAMS 0x0000000087f00000, 0x0000000087f00000| Untracked 
| 128|0x0000000088000000, 0x0000000088000000, 0x0000000088100000|  0%| F|  |TAMS 0x0000000088000000, 0x0000000088000000| Untracked 
| 129|0x0000000088100000, 0x0000000088100000, 0x0000000088200000|  0%| F|  |TAMS 0x0000000088100000, 0x0000000088100000| Untracked 
| 130|0x0000000088200000, 0x0000000088200000, 0x0000000088300000|  0%| F|  |TAMS 0x0000000088200000, 0x0000000088200000| Untracked 
| 131|0x0000000088300000, 0x0000000088300000, 0x0000000088400000|  0%| F|  |TAMS 0x0000000088300000, 0x0000000088300000| Untracked 
| 132|0x0000000088400000, 0x0000000088400000, 0x0000000088500000|  0%| F|  |TAMS 0x0000000088400000, 0x0000000088400000| Untracked 
| 133|0x0000000088500000, 0x0000000088500000, 0x0000000088600000|  0%| F|  |TAMS 0x0000000088500000, 0x0000000088500000| Untracked 
| 134|0x0000000088600000, 0x0000000088600000, 0x0000000088700000|  0%| F|  |TAMS 0x0000000088600000, 0x0000000088600000| Untracked 
| 135|0x0000000088700000, 0x0000000088700000, 0x0000000088800000|  0%| F|  |TAMS 0x0000000088700000, 0x0000000088700000| Untracked 
| 136|0x0000000088800000, 0x0000000088800000, 0x0000000088900000|  0%| F|  |TAMS 0x0000000088800000, 0x0000000088800000| Untracked 
| 137|0x0000000088900000, 0x0000000088900000, 0x0000000088a00000|  0%| F|  |TAMS 0x0000000088900000, 0x0000000088900000| Untracked 
| 138|0x0000000088a00000, 0x0000000088a00000, 0x0000000088b00000|  0%| F|  |TAMS 0x0000000088a00000, 0x0000000088a00000| Untracked 
| 139|0x0000000088b00000, 0x0000000088b00000, 0x0000000088c00000|  0%| F|  |TAMS 0x0000000088b00000, 0x0000000088b00000| Untracked 
| 140|0x0000000088c00000, 0x0000000088c00000, 0x0000000088d00000|  0%| F|  |TAMS 0x0000000088c00000, 0x0000000088c00000| Untracked 
| 141|0x0000000088d00000, 0x0000000088d00000, 0x0000000088e00000|  0%| F|  |TAMS 0x0000000088d00000, 0x0000000088d00000| Untracked 
| 142|0x0000000088e00000, 0x0000000088e00000, 0x0000000088f00000|  0%| F|  |TAMS 0x0000000088e00000, 0x0000000088e00000| Untracked 
| 143|0x0000000088f00000, 0x0000000088f00000, 0x0000000089000000|  0%| F|  |TAMS 0x0000000088f00000, 0x0000000088f00000| Untracked 
| 144|0x0000000089000000, 0x0000000089000000, 0x0000000089100000|  0%| F|  |TAMS 0x0000000089000000, 0x0000000089000000| Untracked 
| 145|0x0000000089100000, 0x0000000089100000, 0x0000000089200000|  0%| F|  |TAMS 0x0000000089100000, 0x0000000089100000| Untracked 
| 146|0x0000000089200000, 0x0000000089200000, 0x0000000089300000|  0%| F|  |TAMS 0x0000000089200000, 0x0000000089200000| Untracked 
| 147|0x0000000089300000, 0x0000000089300000, 0x0000000089400000|  0%| F|  |TAMS 0x0000000089300000, 0x0000000089300000| Untracked 
| 148|0x0000000089400000, 0x0000000089400000, 0x0000000089500000|  0%| F|  |TAMS 0x0000000089400000, 0x0000000089400000| Untracked 
| 149|0x0000000089500000, 0x0000000089500000, 0x0000000089600000|  0%| F|  |TAMS 0x0000000089500000, 0x0000000089500000| Untracked 
| 150|0x0000000089600000, 0x0000000089600000, 0x0000000089700000|  0%| F|  |TAMS 0x0000000089600000, 0x0000000089600000| Untracked 
| 151|0x0000000089700000, 0x0000000089700000, 0x0000000089800000|  0%| F|  |TAMS 0x0000000089700000, 0x0000000089700000| Untracked 
| 152|0x0000000089800000, 0x0000000089800000, 0x0000000089900000|  0%| F|  |TAMS 0x0000000089800000, 0x0000000089800000| Untracked 
| 153|0x0000000089900000, 0x0000000089900000, 0x0000000089a00000|  0%| F|  |TAMS 0x0000000089900000, 0x0000000089900000| Untracked 
| 154|0x0000000089a00000, 0x0000000089a00000, 0x0000000089b00000|  0%| F|  |TAMS 0x0000000089a00000, 0x0000000089a00000| Untracked 
| 155|0x0000000089b00000, 0x0000000089b00000, 0x0000000089c00000|  0%| F|  |TAMS 0x0000000089b00000, 0x0000000089b00000| Untracked 

Card table byte_map: [0x000001c55b160000,0x000001c55b560000] _byte_map_base: 0x000001c55ad60000

Marking Bits (Prev, Next): (CMBitMap*) 0x000001c548290418, (CMBitMap*) 0x000001c548290450
 Prev Bits: [0x000001c55b960000, 0x000001c55d960000)
 Next Bits: [0x000001c55d960000, 0x000001c55f960000)

Polling page: 0x000001c5461a0000

Metaspace:

Usage:
  Non-class:     77.43 MB capacity,    76.07 MB ( 98%) used,     1.11 MB (  1%) free+waste,   255.94 KB ( <1%) overhead. 
      Class:     12.08 MB capacity,    11.26 MB ( 93%) used,   728.50 KB (  6%) free+waste,   115.69 KB ( <1%) overhead. 
       Both:     89.52 MB capacity,    87.33 MB ( 98%) used,     1.82 MB (  2%) free+waste,   371.63 KB ( <1%) overhead. 

Virtual space:
  Non-class space:       78.00 MB reserved,      77.50 MB (>99%) committed 
      Class space:        1.00 GB reserved,      12.13 MB (  1%) committed 
             Both:        1.08 GB reserved,      89.63 MB (  8%) committed 

Chunk freelists:
   Non-Class:  6.00 KB
       Class:  10.00 KB
        Both:  16.00 KB

MaxMetaspaceSize: 17179869184.00 GB
CompressedClassSpaceSize: 1.00 GB
Initial GC threshold: 20.80 MB
Current GC threshold: 148.54 MB
CDS: off

CodeHeap 'non-profiled nmethods': size=120064Kb used=5028Kb max_used=5028Kb free=115035Kb
 bounds [0x000001c553820000, 0x000001c553d10000, 0x000001c55ad60000]
CodeHeap 'profiled nmethods': size=120000Kb used=21442Kb max_used=21442Kb free=98557Kb
 bounds [0x000001c54c2f0000, 0x000001c54d7f0000, 0x000001c553820000]
CodeHeap 'non-nmethods': size=5696Kb used=2367Kb max_used=2410Kb free=3328Kb
 bounds [0x000001c54bd60000, 0x000001c54bfd0000, 0x000001c54c2f0000]
 total_blobs=11088 nmethods=10206 adapters=794
 compilation: enabled
              stopped_count=0, restarted_count=0
 full_count=0

Compilation events (20 events):
Event: 13.917 Thread 0x000001c562799800 nmethod 10271 0x000001c553d06b90 code [0x000001c553d06d80, 0x000001c553d07218]
Event: 13.917 Thread 0x000001c562799800 10273       4       org.gradle.internal.snapshot.PathUtil::equalChars (60 bytes)
Event: 13.920 Thread 0x000001c562799800 nmethod 10273 0x000001c553d07710 code [0x000001c553d078c0, 0x000001c553d07bd8]
Event: 13.920 Thread 0x000001c562799800 10272   !   4       org.gradle.internal.event.DefaultListenerManager$EventBroadcast::endNotification (145 bytes)
Event: 13.920 Thread 0x000001c56279b000 10276       3       java.util.ArrayList::fastRemove (44 bytes)
Event: 13.920 Thread 0x000001c56279b000 nmethod 10276 0x000001c54d7dd610 code [0x000001c54d7dd7e0, 0x000001c54d7ddbc8]
Event: 13.925 Thread 0x000001c56279b000 10279       3       java.util.ArrayList::remove (76 bytes)
Event: 13.925 Thread 0x000001c56279b000 nmethod 10279 0x000001c54d7ddd10 code [0x000001c54d7ddf00, 0x000001c54d7de3d8]
Event: 13.926 Thread 0x000001c56279b000 10280   !   3       org.gradle.initialization.DefaultBuildCancellationToken::isCancellationRequested (19 bytes)
Event: 13.926 Thread 0x000001c56279b000 nmethod 10280 0x000001c54d7de610 code [0x000001c54d7de7c0, 0x000001c54d7dea58]
Event: 13.927 Thread 0x000001c56279b000 10281       3       org.gradle.execution.plan.DefaultPlanExecutor$ExecutorWorker$$Lambda$818/0x0000000100b6b040::transform (24 bytes)
Event: 13.928 Thread 0x000001c56279b000 nmethod 10281 0x000001c54d7deb10 code [0x000001c54d7dece0, 0x000001c54d7def28]
Event: 13.928 Thread 0x000001c56279b000 10282   !   3       org.gradle.execution.plan.DefaultPlanExecutor$ExecutorWorker::lambda$executeNextNode$1 (111 bytes)
Event: 13.928 Thread 0x000001c56279b000 nmethod 10282 0x000001c54d7df010 code [0x000001c54d7df2a0, 0x000001c54d7dfe58]
Event: 13.928 Thread 0x000001c56279b000 10283       3       org.gradle.internal.resources.AbstractTrackedResourceLock::isLocked (9 bytes)
Event: 13.929 Thread 0x000001c56279b000 nmethod 10283 0x000001c54d7e0410 code [0x000001c54d7e0600, 0x000001c54d7e09a8]
Event: 13.930 Thread 0x000001c562799800 nmethod 10272 0x000001c553d07f90 code [0x000001c553d081a0, 0x000001c553d08918]
Event: 13.930 Thread 0x000001c562799800 10278       4       org.gradle.internal.fingerprint.impl.DefaultFileSystemLocationFingerprint::hashForType (73 bytes)
Event: 13.931 Thread 0x000001c562799800 nmethod 10278 0x000001c553d08f10 code [0x000001c553d090a0, 0x000001c553d09158]
Event: 13.931 Thread 0x000001c562799800 10277   !   4       com.google.common.cache.LocalCache::processPendingNotifications (47 bytes)

GC Heap History (20 events):
Event: 8.146 GC heap after
{Heap after GC invocations=21 (full 0):
 garbage-first heap   total 110592K, used 55275K [0x0000000080000000, 0x0000000100000000)
  region size 1024K, 5 young (5120K), 5 survivors (5120K)
 Metaspace       used 62357K, capacity 63878K, committed 64128K, reserved 1105920K
  class space    used 7886K, capacity 8454K, committed 8576K, reserved 1048576K
}
Event: 8.514 GC heap before
{Heap before GC invocations=22 (full 0):
 garbage-first heap   total 110592K, used 87019K [0x0000000080000000, 0x0000000100000000)
  region size 1024K, 36 young (36864K), 5 survivors (5120K)
 Metaspace       used 65083K, capacity 66666K, committed 66944K, reserved 1107968K
  class space    used 8204K, capacity 8759K, committed 8832K, reserved 1048576K
}
Event: 8.521 GC heap after
{Heap after GC invocations=23 (full 0):
 garbage-first heap   total 133120K, used 57633K [0x0000000080000000, 0x0000000100000000)
  region size 1024K, 3 young (3072K), 3 survivors (3072K)
 Metaspace       used 65083K, capacity 66666K, committed 66944K, reserved 1107968K
  class space    used 8204K, capacity 8759K, committed 8832K, reserved 1048576K
}
Event: 9.059 GC heap before
{Heap before GC invocations=23 (full 0):
 garbage-first heap   total 133120K, used 98593K [0x0000000080000000, 0x0000000100000000)
  region size 1024K, 42 young (43008K), 3 survivors (3072K)
 Metaspace       used 68673K, capacity 70203K, committed 70528K, reserved 1110016K
  class space    used 8672K, capacity 9245K, committed 9344K, reserved 1048576K
}
Event: 9.064 GC heap after
{Heap after GC invocations=24 (full 0):
 garbage-first heap   total 133120K, used 59289K [0x0000000080000000, 0x0000000100000000)
  region size 1024K, 4 young (4096K), 4 survivors (4096K)
 Metaspace       used 68673K, capacity 70203K, committed 70528K, reserved 1110016K
  class space    used 8672K, capacity 9245K, committed 9344K, reserved 1048576K
}
Event: 9.271 GC heap before
{Heap before GC invocations=24 (full 0):
 garbage-first heap   total 133120K, used 100249K [0x0000000080000000, 0x0000000100000000)
  region size 1024K, 44 young (45056K), 4 survivors (4096K)
 Metaspace       used 68980K, capacity 70642K, committed 70784K, reserved 1110016K
  class space    used 8731K, capacity 9327K, committed 9344K, reserved 1048576K
}
Event: 9.278 GC heap after
{Heap after GC invocations=25 (full 0):
 garbage-first heap   total 133120K, used 62674K [0x0000000080000000, 0x0000000100000000)
  region size 1024K, 6 young (6144K), 6 survivors (6144K)
 Metaspace       used 68980K, capacity 70642K, committed 70784K, reserved 1110016K
  class space    used 8731K, capacity 9327K, committed 9344K, reserved 1048576K
}
Event: 9.972 GC heap before
{Heap before GC invocations=25 (full 0):
 garbage-first heap   total 133120K, used 102610K [0x0000000080000000, 0x0000000100000000)
  region size 1024K, 45 young (46080K), 6 survivors (6144K)
 Metaspace       used 73191K, capacity 74807K, committed 75136K, reserved 1114112K
  class space    used 9415K, capacity 10012K, committed 10112K, reserved 1048576K
}
Event: 9.979 GC heap after
{Heap after GC invocations=26 (full 0):
 garbage-first heap   total 133120K, used 64835K [0x0000000080000000, 0x0000000100000000)
  region size 1024K, 3 young (3072K), 3 survivors (3072K)
 Metaspace       used 73191K, capacity 74807K, committed 75136K, reserved 1114112K
  class space    used 9415K, capacity 10012K, committed 10112K, reserved 1048576K
}
Event: 10.369 GC heap before
{Heap before GC invocations=26 (full 0):
 garbage-first heap   total 133120K, used 104771K [0x0000000080000000, 0x0000000100000000)
  region size 1024K, 42 young (43008K), 3 survivors (3072K)
 Metaspace       used 75501K, capacity 77210K, committed 77440K, reserved 1116160K
  class space    used 9742K, capacity 10356K, committed 10368K, reserved 1048576K
}
Event: 10.377 GC heap after
{Heap after GC invocations=27 (full 0):
 garbage-first heap   total 133120K, used 67675K [0x0000000080000000, 0x0000000100000000)
  region size 1024K, 6 young (6144K), 6 survivors (6144K)
 Metaspace       used 75501K, capacity 77210K, committed 77440K, reserved 1116160K
  class space    used 9742K, capacity 10356K, committed 10368K, reserved 1048576K
}
Event: 10.868 GC heap before
{Heap before GC invocations=28 (full 0):
 garbage-first heap   total 133120K, used 106587K [0x0000000080000000, 0x0000000100000000)
  region size 1024K, 44 young (45056K), 6 survivors (6144K)
 Metaspace       used 78164K, capacity 79946K, committed 80256K, reserved 1118208K
  class space    used 10145K, capacity 10810K, committed 10880K, reserved 1048576K
}
Event: 10.877 GC heap after
{Heap after GC invocations=29 (full 0):
 garbage-first heap   total 159744K, used 70488K [0x0000000080000000, 0x0000000100000000)
  region size 1024K, 6 young (6144K), 6 survivors (6144K)
 Metaspace       used 78164K, capacity 79946K, committed 80256K, reserved 1118208K
  class space    used 10145K, capacity 10810K, committed 10880K, reserved 1048576K
}
Event: 11.786 GC heap before
{Heap before GC invocations=29 (full 0):
 garbage-first heap   total 159744K, used 121688K [0x0000000080000000, 0x0000000100000000)
  region size 1024K, 56 young (57344K), 6 survivors (6144K)
 Metaspace       used 83534K, capacity 85377K, committed 85632K, reserved 1124352K
  class space    used 10861K, capacity 11535K, committed 11648K, reserved 1048576K
}
Event: 11.793 GC heap after
{Heap after GC invocations=30 (full 0):
 garbage-first heap   total 159744K, used 73329K [0x0000000080000000, 0x0000000100000000)
  region size 1024K, 6 young (6144K), 6 survivors (6144K)
 Metaspace       used 83534K, capacity 85377K, committed 85632K, reserved 1124352K
  class space    used 10861K, capacity 11535K, committed 11648K, reserved 1048576K
}
Event: 12.463 GC heap before
{Heap before GC invocations=30 (full 0):
 garbage-first heap   total 159744K, used 122481K [0x0000000080000000, 0x0000000100000000)
  region size 1024K, 55 young (56320K), 6 survivors (6144K)
 Metaspace       used 87533K, capacity 89540K, committed 89728K, reserved 1126400K
  class space    used 11313K, capacity 12057K, committed 12160K, reserved 1048576K
}
Event: 12.474 GC heap after
{Heap after GC invocations=31 (full 0):
 garbage-first heap   total 159744K, used 79500K [0x0000000080000000, 0x0000000100000000)
  region size 1024K, 7 young (7168K), 7 survivors (7168K)
 Metaspace       used 87533K, capacity 89540K, committed 89728K, reserved 1126400K
  class space    used 11313K, capacity 12057K, committed 12160K, reserved 1048576K
}
Event: 13.080 GC heap before
{Heap before GC invocations=31 (full 0):
 garbage-first heap   total 159744K, used 125580K [0x0000000080000000, 0x0000000100000000)
  region size 1024K, 53 young (54272K), 7 survivors (7168K)
 Metaspace       used 88739K, capacity 90924K, committed 91264K, reserved 1128448K
  class space    used 11483K, capacity 12319K, committed 12416K, reserved 1048576K
}
Event: 13.091 GC heap after
{Heap after GC invocations=32 (full 0):
 garbage-first heap   total 159744K, used 83560K [0x0000000080000000, 0x0000000100000000)
  region size 1024K, 4 young (4096K), 4 survivors (4096K)
 Metaspace       used 88739K, capacity 90924K, committed 91264K, reserved 1128448K
  class space    used 11483K, capacity 12319K, committed 12416K, reserved 1048576K
}
Event: 13.931 GC heap before
{Heap before GC invocations=33 (full 0):
 garbage-first heap   total 159744K, used 127592K [0x0000000080000000, 0x0000000100000000)
  region size 1024K, 48 young (49152K), 4 survivors (4096K)
 Metaspace       used 89426K, capacity 91664K, committed 91776K, reserved 1128448K
  class space    used 11529K, capacity 12374K, committed 12416K, reserved 1048576K
}

Deoptimization events (20 events):
Event: 13.807 Thread 0x000001c56505d000 DEOPT PACKING pc=0x000001c553cc4320 sp=0x00000070ae4fc5c0
Event: 13.807 Thread 0x000001c56505d000 DEOPT UNPACKING pc=0x000001c54bdaa1af sp=0x00000070ae4fc558 mode 2
Event: 13.807 Thread 0x000001c56505d000 Uncommon trap: trap_request=0xffffffc6 fr.pc=0x000001c553cc4320 relative=0x0000000000000160
Event: 13.807 Thread 0x000001c56505d000 Uncommon trap: reason=bimorphic_or_optimized_type_check action=maybe_recompile pc=0x000001c553cc4320 method=com.google.common.collect.RegularImmutableMap.get(Ljava/lang/Object;[Lcom/google/common/collect/ImmutableMapEntry;I)Ljava/lang/Object; @ 54 c2
Event: 13.807 Thread 0x000001c56505d000 DEOPT PACKING pc=0x000001c553cc4320 sp=0x00000070ae4fc5c0
Event: 13.807 Thread 0x000001c56505d000 DEOPT UNPACKING pc=0x000001c54bdaa1af sp=0x00000070ae4fc558 mode 2
Event: 13.823 Thread 0x000001c56505d000 Uncommon trap: trap_request=0xffffff4d fr.pc=0x000001c553ce5d58 relative=0x0000000000000558
Event: 13.823 Thread 0x000001c56505d000 Uncommon trap: reason=unstable_if action=reinterpret pc=0x000001c553ce5d58 method=org.gradle.internal.snapshot.VfsRelativePath.lengthOfCommonPrefix(Ljava/lang/String;Lorg/gradle/internal/snapshot/CaseSensitivity;)I @ 107 c2
Event: 13.823 Thread 0x000001c56505d000 DEOPT PACKING pc=0x000001c553ce5d58 sp=0x00000070ae4fc530
Event: 13.823 Thread 0x000001c56505d000 DEOPT UNPACKING pc=0x000001c54bdaa1af sp=0x00000070ae4fc4b8 mode 2
Event: 13.823 Thread 0x000001c56505d000 Uncommon trap: trap_request=0xffffffde fr.pc=0x000001c553cdf33c relative=0x0000000000000c9c
Event: 13.823 Thread 0x000001c56505d000 Uncommon trap: reason=class_check action=maybe_recompile pc=0x000001c553cdf33c method=org.gradle.internal.snapshot.ChildMap$Entry.handleAncestorDescendantOrExactMatch(Lorg/gradle/internal/snapshot/VfsRelativePath;Lorg/gradle/internal/snapshot/CaseSensitiv
Event: 13.823 Thread 0x000001c56505d000 DEOPT PACKING pc=0x000001c553cdf33c sp=0x00000070ae4fc990
Event: 13.823 Thread 0x000001c56505d000 DEOPT UNPACKING pc=0x000001c54bdaa1af sp=0x00000070ae4fc978 mode 2
Event: 13.835 Thread 0x000001c56505d000 Uncommon trap: trap_request=0xffffff4d fr.pc=0x000001c553c9bfd0 relative=0x00000000000006d0
Event: 13.835 Thread 0x000001c56505d000 Uncommon trap: reason=unstable_if action=reinterpret pc=0x000001c553c9bfd0 method=sun.security.provider.DigestBase.engineUpdate([BII)V @ 1 c2
Event: 13.835 Thread 0x000001c56505d000 DEOPT PACKING pc=0x000001c553c9bfd0 sp=0x00000070ae4fa5c0
Event: 13.835 Thread 0x000001c56505d000 DEOPT UNPACKING pc=0x000001c54bdaa1af sp=0x00000070ae4fa598 mode 2
Event: 13.864 Thread 0x000001c5642b9000 DEOPT PACKING pc=0x000001c54cc56bfd sp=0x00000070aa8fe270
Event: 13.864 Thread 0x000001c5642b9000 DEOPT UNPACKING pc=0x000001c54bdaa95e sp=0x00000070aa8fd6a8 mode 0

Classes redefined (0 events):
No events

Internal exceptions (20 events):
Event: 12.176 Thread 0x000001c5642b6800 Exception <a 'java/lang/NoSuchMethodError'{0x0000000087911238}: <clinit>> (0x0000000087911238) thrown at [./src/hotspot/share/prims/jni.cpp, line 1365]
Event: 12.183 Thread 0x000001c5642b6800 Exception <a 'java/lang/NoSuchMethodError'{0x000000008796edc8}: <clinit>> (0x000000008796edc8) thrown at [./src/hotspot/share/prims/jni.cpp, line 1365]
Event: 12.184 Thread 0x000001c5642b6800 Exception <a 'java/lang/NoSuchMethodError'{0x0000000087982a18}: <clinit>> (0x0000000087982a18) thrown at [./src/hotspot/share/prims/jni.cpp, line 1365]
Event: 12.184 Thread 0x000001c5642b6800 Exception <a 'java/lang/NoSuchMethodError'{0x0000000087984170}: <clinit>> (0x0000000087984170) thrown at [./src/hotspot/share/prims/jni.cpp, line 1365]
Event: 12.210 Thread 0x000001c56576c000 Exception <a 'java/lang/NoSuchMethodError'{0x00000000877bcd38}: <clinit>> (0x00000000877bcd38) thrown at [./src/hotspot/share/prims/jni.cpp, line 1365]
Event: 12.214 Thread 0x000001c56576c000 Exception <a 'java/lang/NoSuchMethodError'{0x00000000877d1fa0}: <clinit>> (0x00000000877d1fa0) thrown at [./src/hotspot/share/prims/jni.cpp, line 1365]
Event: 12.217 Thread 0x000001c56576c000 Exception <a 'java/lang/NoSuchMethodError'{0x0000000087630a68}: <clinit>> (0x0000000087630a68) thrown at [./src/hotspot/share/prims/jni.cpp, line 1365]
Event: 12.234 Thread 0x000001c56505d000 Exception <a 'java/lang/IncompatibleClassChangeError'{0x0000000087536e90}: Found class java.lang.Object, but interface was expected> (0x0000000087536e90) thrown at [./src/hotspot/share/interpreter/linkResolver.cpp, line 839]
Event: 12.252 Thread 0x000001c56505d000 Exception <a 'java/lang/NoSuchMethodError'{0x000000008749d9b0}: 'java.lang.Object java.lang.invoke.DirectMethodHandle$Holder.invokeInterface(java.lang.Object, java.lang.Object, int)'> (0x000000008749d9b0) thrown at [./src/hotspot/share/interpreter/linkResolver.cpp, line 773]
Event: 12.253 Thread 0x000001c5642b6800 Exception <a 'java/lang/NoSuchMethodError'{0x00000000874d3da8}: <clinit>> (0x00000000874d3da8) thrown at [./src/hotspot/share/prims/jni.cpp, line 1365]
Event: 12.254 Thread 0x000001c56505d000 Exception <a 'java/lang/NoSuchMethodError'{0x00000000874b01f0}: 'void java.lang.invoke.DirectMethodHandle$Holder.invokeStatic(java.lang.Object, java.lang.Object, java.lang.Object, int)'> (0x00000000874b01f0) thrown at [./src/hotspot/share/interpreter/linkResolver.cpp, line 773]
Event: 12.298 Thread 0x000001c56505d000 Exception <a 'java/lang/IncompatibleClassChangeError'{0x0000000087279cf8}: Found class java.lang.Object, but interface was expected> (0x0000000087279cf8) thrown at [./src/hotspot/share/interpreter/linkResolver.cpp, line 839]
Event: 12.523 Thread 0x000001c56505d000 Exception <a 'java/lang/NoSuchMethodError'{0x00000000896adfc0}: 'void java.lang.invoke.DirectMethodHandle$Holder.invokeStatic(java.lang.Object, java.lang.Object, java.lang.Object, java.lang.Object, int, java.lang.Object, java.lang.Object)'> (0x00000000896adfc0) thrown at [./src/hotspot/share/interpreter/linkResolver.cpp, line 773]
Event: 12.542 Thread 0x000001c5659ed000 Exception <a 'java/lang/NoSuchMethodError'{0x00000000892b0138}: 'java.lang.Object java.lang.invoke.DirectMethodHandle$Holder.invokeSpecialIFC(java.lang.Object, java.lang.Object, java.lang.Object)'> (0x00000000892b0138) thrown at [./src/hotspot/share/interpreter/linkResolver.cpp, line 773]
Event: 12.542 Thread 0x000001c56505d000 Exception <a 'java/lang/NoSuchMethodError'{0x0000000089291378}: 'java.lang.Object java.lang.invoke.DirectMethodHandle$Holder.invokeSpecialIFC(java.lang.Object, java.lang.Object, java.lang.Object)'> (0x0000000089291378) thrown at [./src/hotspot/share/interpreter/linkResolver.cpp, line 773]
Event: 12.542 Thread 0x000001c565764000 Exception <a 'java/lang/NoSuchMethodError'{0x00000000892b70b8}: 'java.lang.Object java.lang.invoke.DirectMethodHandle$Holder.invokeSpecialIFC(java.lang.Object, java.lang.Object, java.lang.Object)'> (0x00000000892b70b8) thrown at [./src/hotspot/share/interpreter/linkResolver.cpp, line 773]
Event: 12.542 Thread 0x000001c5659f1000 Exception <a 'java/lang/NoSuchMethodError'{0x00000000892c1f30}: 'java.lang.Object java.lang.invoke.DirectMethodHandle$Holder.invokeSpecialIFC(java.lang.Object, java.lang.Object, java.lang.Object)'> (0x00000000892c1f30) thrown at [./src/hotspot/share/interpreter/linkResolver.cpp, line 773]
Event: 12.572 Thread 0x000001c5659f1000 Exception <a 'java/lang/NoSuchMethodError'{0x0000000088fa9518}: 'int java.lang.invoke.DirectMethodHandle$Holder.invokeStaticInit(java.lang.Object, java.lang.Object, java.lang.Object, java.lang.Object, java.lang.Object)'> (0x0000000088fa9518) thrown at [./src/hotspot/share/interpreter/linkResolver.cpp, line 773]
Event: 12.727 Thread 0x000001c56505d000 Implicit null exception at 0x000001c553ca8c5e to 0x000001c553ca9484
Event: 12.784 Thread 0x000001c56505d000 Exception <a 'java/lang/NoSuchMethodError'{0x0000000088131e88}: 'void java.lang.invoke.DirectMethodHandle$Holder.invokeVirtual(java.lang.Object, java.lang.Object)'> (0x0000000088131e88) thrown at [./src/hotspot/share/interpreter/linkResolver.cpp, line 773]

Events (20 events):
Event: 13.829 loading class org/gradle/cache/internal/BinaryStore$WriteAction done
Event: 13.831 Executing VM operation: RevokeBias
Event: 13.831 Executing VM operation: RevokeBias done
Event: 13.831 Executing VM operation: RevokeBias
Event: 13.831 Executing VM operation: RevokeBias done
Event: 13.831 loading class org/gradle/internal/component/local/model/OpaqueComponentArtifactIdentifier
Event: 13.831 loading class org/gradle/internal/component/local/model/OpaqueComponentArtifactIdentifier done
Event: 13.832 loading class org/gradle/api/internal/artifacts/ivyservice/resolveengine/artifact/LocalFileDependencyBackedArtifactSet$SingletonFileResolvedVariant
Event: 13.832 loading class org/gradle/api/internal/artifacts/ivyservice/resolveengine/artifact/LocalFileDependencyBackedArtifactSet$SingletonFileResolvedVariant done
Event: 13.833 Executing VM operation: Deoptimize
Event: 13.834 Executing VM operation: Deoptimize done
Event: 13.834 loading class org/gradle/api/internal/artifacts/ivyservice/resolveengine/artifact/LocalFileDependencyBackedArtifactSet$TransformedLocalFileArtifactSet
Event: 13.834 loading class org/gradle/api/internal/artifacts/ivyservice/resolveengine/artifact/LocalFileDependencyBackedArtifactSet$TransformedLocalFileArtifactSet done
Event: 13.856 Executing VM operation: RevokeBias
Event: 13.856 Executing VM operation: RevokeBias done
Event: 13.858 Executing VM operation: RevokeBias
Event: 13.858 Executing VM operation: RevokeBias done
Event: 13.878 Executing VM operation: RevokeBias
Event: 13.879 Executing VM operation: RevokeBias done
Event: 13.931 Executing VM operation: G1CollectForAllocation


Dynamic libraries:
0x00007ff677eb0000 - 0x00007ff677eba000 	C:\Program Files\Android\Android Studio\jre\bin\java.exe
0x00007ff9aa120000 - 0x00007ff9aa329000 	C:\WINDOWS\SYSTEM32\ntdll.dll
0x00007ff9a9270000 - 0x00007ff9a932d000 	C:\WINDOWS\System32\KERNEL32.DLL
0x00007ff9a7c30000 - 0x00007ff9a7fad000 	C:\WINDOWS\System32\KERNELBASE.dll
0x00007ff9a7880000 - 0x00007ff9a7991000 	C:\WINDOWS\System32\ucrtbase.dll
0x00007ff98a7a0000 - 0x00007ff98a7b7000 	C:\Program Files\Android\Android Studio\jre\bin\VCRUNTIME140.dll
0x00007ff9888d0000 - 0x00007ff9888e9000 	C:\Program Files\Android\Android Studio\jre\bin\jli.dll
0x00007ff9a9ce0000 - 0x00007ff9a9e8d000 	C:\WINDOWS\System32\USER32.dll
0x00007ff9a7850000 - 0x00007ff9a7876000 	C:\WINDOWS\System32\win32u.dll
0x00007ff992540000 - 0x00007ff9927e5000 	C:\WINDOWS\WinSxS\amd64_microsoft.windows.common-controls_6595b64144ccf1df_6.0.22000.120_none_9d947278b86cc467\COMCTL32.dll
0x00007ff9a9f80000 - 0x00007ff9a9fa9000 	C:\WINDOWS\System32\GDI32.dll
0x00007ff9a91c0000 - 0x00007ff9a9263000 	C:\WINDOWS\System32\msvcrt.dll
0x00007ff9a7b10000 - 0x00007ff9a7c28000 	C:\WINDOWS\System32\gdi32full.dll
0x00007ff9a77b0000 - 0x00007ff9a784d000 	C:\WINDOWS\System32\msvcp_win.dll
0x00007ff9a8290000 - 0x00007ff9a82c1000 	C:\WINDOWS\System32\IMM32.DLL
0x00007ff972590000 - 0x00007ff97262d000 	C:\Program Files\Android\Android Studio\jre\bin\msvcp140.dll
0x00007ff9422c0000 - 0x00007ff942da5000 	C:\Program Files\Android\Android Studio\jre\bin\server\jvm.dll
0x00007ff9a8040000 - 0x00007ff9a80ee000 	C:\WINDOWS\System32\ADVAPI32.dll
0x00007ff9a8480000 - 0x00007ff9a851e000 	C:\WINDOWS\System32\sechost.dll
0x00007ff9a9bc0000 - 0x00007ff9a9ce0000 	C:\WINDOWS\System32\RPCRT4.dll
0x00007ff9a9330000 - 0x00007ff9a9338000 	C:\WINDOWS\System32\PSAPI.DLL
0x00007ff944bf0000 - 0x00007ff944bf9000 	C:\WINDOWS\SYSTEM32\WSOCK32.dll
0x00007ff9a2d40000 - 0x00007ff9a2d4a000 	C:\WINDOWS\SYSTEM32\VERSION.dll
0x00007ff9a9fb0000 - 0x00007ff9aa01f000 	C:\WINDOWS\System32\WS2_32.dll
0x00007ff994900000 - 0x00007ff994933000 	C:\WINDOWS\SYSTEM32\WINMM.dll
0x00007ff9a6700000 - 0x00007ff9a6718000 	C:\WINDOWS\SYSTEM32\kernel.appcore.dll
0x00007ff984580000 - 0x00007ff984591000 	C:\Program Files\Android\Android Studio\jre\bin\verify.dll
0x00007ff9953f0000 - 0x00007ff995611000 	C:\WINDOWS\SYSTEM32\DBGHELP.DLL
0x00007ff994950000 - 0x00007ff994981000 	C:\WINDOWS\SYSTEM32\dbgcore.DLL
0x00007ff9a76c0000 - 0x00007ff9a773f000 	C:\WINDOWS\System32\bcryptPrimitives.dll
0x00007ff971950000 - 0x00007ff971979000 	C:\Program Files\Android\Android Studio\jre\bin\java.dll
0x00007ff984570000 - 0x00007ff98457b000 	C:\Program Files\Android\Android Studio\jre\bin\jimage.dll
0x00007ff971930000 - 0x00007ff971948000 	C:\Program Files\Android\Android Studio\jre\bin\zip.dll
0x00007ff9a9340000 - 0x00007ff9a9af8000 	C:\WINDOWS\System32\SHELL32.dll
0x00007ff9a5770000 - 0x00007ff9a5fd8000 	C:\WINDOWS\SYSTEM32\windows.storage.dll
0x00007ff9a86e0000 - 0x00007ff9a8a59000 	C:\WINDOWS\System32\combase.dll
0x00007ff9a5600000 - 0x00007ff9a5766000 	C:\WINDOWS\SYSTEM32\wintypes.dll
0x00007ff9a8ed0000 - 0x00007ff9a8fba000 	C:\WINDOWS\System32\SHCORE.dll
0x00007ff9a7fd0000 - 0x00007ff9a802d000 	C:\WINDOWS\System32\shlwapi.dll
0x00007ff9a7530000 - 0x00007ff9a7551000 	C:\WINDOWS\SYSTEM32\profapi.dll
0x00007ff967f60000 - 0x00007ff967f7a000 	C:\Program Files\Android\Android Studio\jre\bin\net.dll
0x00007ff9a2760000 - 0x00007ff9a286c000 	C:\WINDOWS\SYSTEM32\WINHTTP.dll
0x00007ff9a6b30000 - 0x00007ff9a6b97000 	C:\WINDOWS\system32\mswsock.dll
0x00007ff967f40000 - 0x00007ff967f54000 	C:\Program Files\Android\Android Studio\jre\bin\nio.dll
0x00007ff9883e0000 - 0x00007ff988407000 	C:\Users\Dell\.gradle\native\e1d6ef7f7dcc3fd88c89a11ec53ec762bb8ba0a96d01ffa2cd45eb1d1d8dd5c5\windows-amd64\native-platform.dll
0x00007ff970a80000 - 0x00007ff970bc4000 	C:\Users\Dell\.gradle\native\5664cfc778a61ccfe75a443a1ab52a65af34e5dc3c78e0209fed803814484fcb\windows-amd64\native-platform-file-events.dll
0x00007ff984560000 - 0x00007ff98456a000 	C:\Program Files\Android\Android Studio\jre\bin\management.dll
0x00007ff97f8b0000 - 0x00007ff97f8bd000 	C:\Program Files\Android\Android Studio\jre\bin\management_ext.dll
0x00007ff9a6d70000 - 0x00007ff9a6d88000 	C:\WINDOWS\SYSTEM32\CRYPTSP.dll
0x00007ff9a6660000 - 0x00007ff9a6695000 	C:\WINDOWS\system32\rsaenh.dll
0x00007ff9a6c20000 - 0x00007ff9a6c49000 	C:\WINDOWS\SYSTEM32\USERENV.dll
0x00007ff9a6ef0000 - 0x00007ff9a6f17000 	C:\WINDOWS\SYSTEM32\bcrypt.dll
0x00007ff9a6d90000 - 0x00007ff9a6d9c000 	C:\WINDOWS\SYSTEM32\CRYPTBASE.dll
0x00007ff9a6230000 - 0x00007ff9a625d000 	C:\WINDOWS\SYSTEM32\IPHLPAPI.DLL
0x00007ff9a8030000 - 0x00007ff9a8039000 	C:\WINDOWS\System32\NSI.dll
0x00007ff9a2740000 - 0x00007ff9a2759000 	C:\WINDOWS\SYSTEM32\dhcpcsvc6.DLL
0x00007ff9a2c00000 - 0x00007ff9a2c1e000 	C:\WINDOWS\SYSTEM32\dhcpcsvc.DLL
0x00007ff9a6260000 - 0x00007ff9a6348000 	C:\WINDOWS\SYSTEM32\DNSAPI.dll

dbghelp: loaded successfully - version: 4.0.5 - missing functions: none
symbol engine: initialized successfully - sym options: 0x614 - pdb path: .;C:\Program Files\Android\Android Studio\jre\bin;C:\WINDOWS\SYSTEM32;C:\WINDOWS\WinSxS\amd64_microsoft.windows.common-controls_6595b64144ccf1df_6.0.22000.120_none_9d947278b86cc467;C:\Program Files\Android\Android Studio\jre\bin\server;C:\Users\Dell\.gradle\native\e1d6ef7f7dcc3fd88c89a11ec53ec762bb8ba0a96d01ffa2cd45eb1d1d8dd5c5\windows-amd64;C:\Users\Dell\.gradle\native\5664cfc778a61ccfe75a443a1ab52a65af34e5dc3c78e0209fed803814484fcb\windows-amd64

VM Arguments:
jvm_args: --add-opens=java.base/java.util=ALL-UNNAMED --add-opens=java.base/java.lang=ALL-UNNAMED --add-opens=java.base/java.lang.invoke=ALL-UNNAMED --add-opens=java.base/java.util=ALL-UNNAMED --add-opens=java.prefs/java.util.prefs=ALL-UNNAMED --add-opens=java.prefs/java.util.prefs=ALL-UNNAMED --add-opens=java.base/java.nio.charset=ALL-UNNAMED --add-opens=java.base/java.net=ALL-UNNAMED --add-opens=java.base/java.util.concurrent.atomic=ALL-UNNAMED -Xmx2048m -Dfile.encoding=UTF-8 -Duser.country=US -Duser.language=en -Duser.variant 
java_command: org.gradle.launcher.daemon.bootstrap.GradleDaemon 7.3.3
java_class_path (initial): C:\Users\Dell\.gradle\wrapper\dists\gradle-7.3.3-bin\6a41zxkdtcxs8rphpq6y0069z\gradle-7.3.3\lib\gradle-launcher-7.3.3.jar
Launcher Type: SUN_STANDARD

[Global flags]
     intx CICompilerCount                          = 3                                         {product} {ergonomic}
     uint ConcGCThreads                            = 1                                         {product} {ergonomic}
     uint G1ConcRefinementThreads                  = 4                                         {product} {ergonomic}
   size_t G1HeapRegionSize                         = 1048576                                   {product} {ergonomic}
    uintx GCDrainStackTargetSize                   = 64                                        {product} {ergonomic}
   size_t InitialHeapSize                          = 65011712                                  {product} {ergonomic}
   size_t MarkStackSize                            = 4194304                                   {product} {ergonomic}
   size_t MaxHeapSize                              = 2147483648                                {product} {command line}
   size_t MaxNewSize                               = 1287651328                                {product} {ergonomic}
   size_t MinHeapDeltaBytes                        = 1048576                                   {product} {ergonomic}
    uintx NonNMethodCodeHeapSize                   = 5830732                                {pd product} {ergonomic}
    uintx NonProfiledCodeHeapSize                  = 122913754                              {pd product} {ergonomic}
    uintx ProfiledCodeHeapSize                     = 122913754                              {pd product} {ergonomic}
    uintx ReservedCodeCacheSize                    = 251658240                              {pd product} {ergonomic}
     bool SegmentedCodeCache                       = true                                      {product} {ergonomic}
     bool UseCompressedClassPointers               = true                                 {lp64_product} {ergonomic}
     bool UseCompressedOops                        = true                                 {lp64_product} {ergonomic}
     bool UseG1GC                                  = true                                      {product} {ergonomic}
     bool UseLargePagesIndividualAllocation        = false                                  {pd product} {ergonomic}

Logging:
Log output configuration:
 #0: stdout all=warning uptime,level,tags
 #1: stderr all=off uptime,level,tags

Environment Variables:
PATH=C:\Program Files (x86)\NVIDIA Corporation\PhysX\Common;C:\Program Files (x86)\Common Files\Oracle\Java\javapath;C:\WINDOWS\system32;C:\WINDOWS;C:\WINDOWS\System32\Wbem;C:\WINDOWS\System32\WindowsPowerShell\v1.0\;C:\WINDOWS\System32\OpenSSH\;C:\Program Files\dotnet\;C:\Program Files\Microsoft VS Code\bin;C:\Program Files\MySQL\MySQL Shell 8.0\bin\;C:\Users\Dell\AppData\Local\Microsoft\WindowsApps;
USERNAME=Dell
OS=Windows_NT
PROCESSOR_IDENTIFIER=Intel64 Family 6 Model 158 Stepping 11, GenuineIntel



---------------  S Y S T E M  ---------------

OS: Windows 10 , 64 bit Build 22000 (10.0.22000.708)
OS uptime: 0 days 1:48 hours

CPU:total 4 (initial active 4) (4 cores per cpu, 1 threads per core) family 6 model 158 stepping 11 microcode 0xf0, cmov, cx8, fxsr, mmx, sse, sse2, sse3, ssse3, sse4.1, sse4.2, popcnt, avx, avx2, aes, clmul, erms, 3dnowpref, lzcnt, tsc, tscinvbit, bmi1, bmi2, adx, fma

Memory: 4k page, system-wide physical 3906M (371M free)
TotalPageFile size 8002M (AvailPageFile size 13M)
current process WorkingSet (physical memory assigned to process): 362M, peak: 366M
current process commit charge ("private bytes"): 425M, peak: 457M

vm_info: OpenJDK 64-Bit Server VM (11.0.12+7-b1504.28-7817840) for windows-amd64 JRE (11.0.12+7-b1504.28-7817840), built on Oct 13 2021 22:12:33 by "builder" with MS VC++ 14.0 (VS2015)

END.
