#
# There is insufficient memory for the Java Runtime Environment to continue.
# Native memory allocation (mmap) failed to map 65536 bytes for Failed to commit area from 0x0000025df17d0000 to 0x0000025df17e0000 of length 65536.
# Possible reasons:
#   The system is out of physical RAM or swap space
#   The process is running with CompressedOops enabled, and the Java Heap may be blocking the growth of the native heap
# Possible solutions:
#   Reduce memory load on the system
#   Increase physical memory or swap space
#   Check if swap backing store is full
#   Decrease Java heap size (-Xmx/-Xms)
#   Decrease number of Java threads
#   Decrease Java thread stack sizes (-Xss)
#   Set larger code cache with -XX:ReservedCodeCacheSize=
#   JVM is running with Unscaled Compressed Oops mode in which the Java heap is
#     placed in the first 4GB address space. The Java Heap base address is the
#     maximum limit for the native heap growth. Please use -XX:HeapBaseMinAddress
#     to set the Java Heap base and to place the Java Heap above 4GB virtual address.
# This output file may be truncated or incomplete.
#
#  Out of Memory Error (./src/hotspot/os/windows/os_windows.cpp:3521), pid=2860, tid=9628
#
# JRE version: OpenJDK Runtime Environment (11.0.12+7) (build 11.0.12+7-b1504.28-7817840)
# Java VM: OpenJDK 64-Bit Server VM (11.0.12+7-b1504.28-7817840, mixed mode, tiered, compressed oops, g1 gc, windows-amd64)
# No core dump will be written. Minidumps are not enabled by default on client versions of Windows
#

---------------  S U M M A R Y ------------

Command Line: --add-opens=java.base/java.util=ALL-UNNAMED --add-opens=java.base/java.lang=ALL-UNNAMED --add-opens=java.base/java.lang.invoke=ALL-UNNAMED --add-opens=java.base/java.util=ALL-UNNAMED --add-opens=java.prefs/java.util.prefs=ALL-UNNAMED --add-opens=java.prefs/java.util.prefs=ALL-UNNAMED --add-opens=java.base/java.nio.charset=ALL-UNNAMED --add-opens=java.base/java.net=ALL-UNNAMED --add-opens=java.base/java.util.concurrent.atomic=ALL-UNNAMED -Xmx2048m -Dfile.encoding=UTF-8 -Duser.country=US -Duser.language=en -Duser.variant org.gradle.launcher.daemon.bootstrap.GradleDaemon 7.3.3

Host: Intel(R) Core(TM) i3-8100 CPU @ 3.60GHz, 4 cores, 3G,  Windows 10 , 64 bit Build 22000 (10.0.22000.708)
Time: Tue Aug 23 15:37:39 2022 India Standard Time elapsed time: 20.412084 seconds (0d 0h 0m 20s)

---------------  T H R E A D  ---------------

Current thread (0x0000025df7309800):  VMThread "VM Thread" [stack: 0x0000009270100000,0x0000009270200000] [id=9628]

Stack: [0x0000009270100000,0x0000009270200000]
[error occurred during error reporting (printing stack bounds), id 0xc0000005, EXCEPTION_ACCESS_VIOLATION (0xc0000005) at pc=0x0000025de125112d]

Native frames: (J=compiled Java code, j=interpreted, Vv=VM code, C=native code)
V  [jvm.dll+0x5fbcea]
V  [jvm.dll+0x731905]
V  [jvm.dll+0x732f1d]
V  [jvm.dll+0x733535]
V  [jvm.dll+0x7334eb]
V  [jvm.dll+0x5fb080]
V  [jvm.dll+0x5fb818]
C  [ntdll.dll+0xa8fcf]
C  [ntdll.dll+0x35e9a]
C  [ntdll.dll+0xa7fde]
C  0x0000025de125112d

VM_Operation (0x00000092760fe260): G1CollectForAllocation, mode: safepoint, requested by thread 0x0000025dfe4a5000


---------------  P R O C E S S  ---------------

Threads class SMR info:
_java_thread_list=0x0000025d8074f660, length=94, elements={
0x0000025ddd742800, 0x0000025df730e000, 0x0000025df730f000, 0x0000025df736f800,
0x0000025df7370800, 0x0000025df7372000, 0x0000025df7376000, 0x0000025df7377000,
0x0000025df737f800, 0x0000025df7df5000, 0x0000025df96a1800, 0x0000025dfa1a0000,
0x0000025df8961800, 0x0000025dfa9d6000, 0x0000025dfaddf800, 0x0000025dfa5ee000,
0x0000025df815a000, 0x0000025df9d4c000, 0x0000025dfae79000, 0x0000025df9fca000,
0x0000025df9fc7000, 0x0000025df9fc9800, 0x0000025df9fc7800, 0x0000025df9fc8800,
0x0000025df9fcb000, 0x0000025df9fc6000, 0x0000025df9fc5800, 0x0000025df9fcc000,
0x0000025dfb376800, 0x0000025dfb379000, 0x0000025dfb37b000, 0x0000025dfb37b800,
0x0000025dfb37c800, 0x0000025dfb37d000, 0x0000025dfb377800, 0x0000025dfb37e000,
0x0000025dfb378800, 0x0000025dfb384800, 0x0000025dfb37f000, 0x0000025dfb380800,
0x0000025dfb384000, 0x0000025dfb37f800, 0x0000025dfb381800, 0x0000025dfb382000,
0x0000025dfb383000, 0x0000025df9c2d800, 0x0000025df9c2e000, 0x0000025df9c2f000,
0x0000025df9c31800, 0x0000025df9c30000, 0x0000025df9c30800, 0x0000025df9c32000,
0x0000025df9c2c800, 0x0000025df9c38800, 0x0000025df9c37000, 0x0000025df9c38000,
0x0000025df9c36800, 0x0000025df9c33000, 0x0000025df9c39800, 0x0000025df9c34000,
0x0000025df9c3a800, 0x0000025df9c34800, 0x0000025df9c35800, 0x0000025df9c3b000,
0x0000025df9f57000, 0x0000025df9f54800, 0x0000025df9f52800, 0x0000025df9f59000,
0x0000025df9f58800, 0x0000025df9f53800, 0x0000025df9f5a000, 0x0000025df9f57800,
0x0000025df9f5b000, 0x0000025df9f56000, 0x0000025df9f55000, 0x0000025df9f5f000,
0x0000025df9f60000, 0x0000025df9f5e000, 0x0000025df9f60800, 0x0000025df9f61800,
0x0000025df9f5b800, 0x0000025df9f5d800, 0x0000025df9f5c800, 0x0000025dfe4a0800,
0x0000025dfe4a1800, 0x0000025dfe4a2800, 0x0000025dfe4a3000, 0x0000025dfe4a4000,
0x0000025dfe49e800, 0x0000025dfa9c9800, 0x0000025dfe4a0000, 0x0000025dfe4a5000,
0x0000025dfe49f000, 0x0000025dfe4a9800
}

Java Threads: ( => current thread )
  0x0000025ddd742800 JavaThread "main" [_thread_blocked, id=4060, stack(0x000000926fb00000,0x000000926fc00000)]
  0x0000025df730e000 JavaThread "Reference Handler" daemon [_thread_blocked, id=11560, stack(0x0000009270200000,0x0000009270300000)]
  0x0000025df730f000 JavaThread "Finalizer" daemon [_thread_blocked, id=12192, stack(0x0000009270300000,0x0000009270400000)]
  0x0000025df736f800 JavaThread "Signal Dispatcher" daemon [_thread_blocked, id=6856, stack(0x0000009270400000,0x0000009270500000)]
  0x0000025df7370800 JavaThread "Attach Listener" daemon [_thread_blocked, id=7592, stack(0x0000009270500000,0x0000009270600000)]
  0x0000025df7372000 JavaThread "Service Thread" daemon [_thread_blocked, id=7232, stack(0x0000009270600000,0x0000009270700000)]
  0x0000025df7376000 JavaThread "C2 CompilerThread0" daemon [_thread_blocked, id=2684, stack(0x0000009270700000,0x0000009270800000)]
  0x0000025df7377000 JavaThread "C1 CompilerThread0" daemon [_thread_blocked, id=11456, stack(0x0000009270800000,0x0000009270900000)]
  0x0000025df737f800 JavaThread "Sweeper thread" daemon [_thread_blocked, id=4136, stack(0x0000009270900000,0x0000009270a00000)]
  0x0000025df7df5000 JavaThread "Common-Cleaner" daemon [_thread_blocked, id=11308, stack(0x0000009270a00000,0x0000009270b00000)]
  0x0000025df96a1800 JavaThread "Daemon health stats" [_thread_blocked, id=10208, stack(0x0000009270e00000,0x0000009270f00000)]
  0x0000025dfa1a0000 JavaThread "Incoming local TCP Connector on port 61897" [_thread_in_native, id=9920, stack(0x0000009270d00000,0x0000009270e00000)]
  0x0000025df8961800 JavaThread "Daemon" [_thread_blocked, id=4052, stack(0x0000009270f00000,0x0000009271000000)]
  0x0000025dfa9d6000 JavaThread "Daemon periodic checks" [_thread_blocked, id=8620, stack(0x0000009271000000,0x0000009271100000)]
  0x0000025dfaddf800 JavaThread "Handler for socket connection from /127.0.0.1:61897 to /127.0.0.1:61898" [_thread_in_native, id=4168, stack(0x0000009271100000,0x0000009271200000)]
  0x0000025dfa5ee000 JavaThread "Cancel handler" [_thread_blocked, id=8268, stack(0x0000009271200000,0x0000009271300000)]
  0x0000025df815a000 JavaThread "Daemon worker" [_thread_blocked, id=6184, stack(0x0000009271300000,0x0000009271400000)]
  0x0000025df9d4c000 JavaThread "Asynchronous log dispatcher for DefaultDaemonConnection: socket connection from /127.0.0.1:61897 to /127.0.0.1:61898" [_thread_blocked, id=10700, stack(0x0000009271400000,0x0000009271500000)]
  0x0000025dfae79000 JavaThread "Stdin handler" [_thread_blocked, id=6728, stack(0x0000009271500000,0x0000009271600000)]
  0x0000025df9fca000 JavaThread "Daemon client event forwarder" [_thread_blocked, id=8384, stack(0x0000009271600000,0x0000009271700000)]
  0x0000025df9fc7000 JavaThread "Cache worker for journal cache (C:\Users\Dell\.gradle\caches\journal-1)" [_thread_blocked, id=3572, stack(0x0000009271900000,0x0000009271a00000)]
  0x0000025df9fc9800 JavaThread "File lock request listener" [_thread_in_native, id=12024, stack(0x0000009271a00000,0x0000009271b00000)]
  0x0000025df9fc7800 JavaThread "Cache worker for file hash cache (C:\Users\Dell\.gradle\caches\7.3.3\fileHashes)" [_thread_blocked, id=10888, stack(0x0000009271b00000,0x0000009271c00000)]
  0x0000025df9fc8800 JavaThread "Cache worker for file hash cache (C:\Users\Dell\Viwall\.gradle\7.3.3\fileHashes)" [_thread_blocked, id=6724, stack(0x0000009271c00000,0x0000009271d00000)]
  0x0000025df9fcb000 JavaThread "File watcher server" daemon [_thread_blocked, id=11108, stack(0x0000009271d00000,0x0000009271e00000)]
  0x0000025df9fc6000 JavaThread "File watcher consumer" daemon [_thread_blocked, id=8956, stack(0x0000009271e00000,0x0000009271f00000)]
  0x0000025df9fc5800 JavaThread "Cache worker for checksums cache (C:\Users\Dell\Viwall\.gradle\7.3.3\checksums)" [_thread_blocked, id=6708, stack(0x0000009271f00000,0x0000009272000000)]
  0x0000025df9fcc000 JavaThread "Cache worker for cache directory md-supplier (C:\Users\Dell\.gradle\caches\7.3.3\md-supplier)" [_thread_blocked, id=9140, stack(0x0000009272000000,0x0000009272100000)]
  0x0000025dfb376800 JavaThread "Cache worker for cache directory md-rule (C:\Users\Dell\.gradle\caches\7.3.3\md-rule)" [_thread_blocked, id=2452, stack(0x0000009272100000,0x0000009272200000)]
  0x0000025dfb379000 JavaThread "Cache worker for execution history cache (C:\Users\Dell\.gradle\caches\7.3.3\executionHistory)" [_thread_blocked, id=8792, stack(0x0000009272200000,0x0000009272300000)]
  0x0000025dfb37b000 JavaThread "jar transforms" [_thread_blocked, id=2692, stack(0x0000009272300000,0x0000009272400000)]
  0x0000025dfb37b800 JavaThread "Cache worker for file content cache (C:\Users\Dell\.gradle\caches\7.3.3\fileContent)" [_thread_blocked, id=11824, stack(0x0000009272400000,0x0000009272500000)]
  0x0000025dfb37c800 JavaThread "jar transforms Thread 2" [_thread_blocked, id=1604, stack(0x0000009272500000,0x0000009272600000)]
  0x0000025dfb37d000 JavaThread "Cache worker for dependencies-accessors (C:\Users\Dell\Viwall\.gradle\7.3.3\dependencies-accessors)" [_thread_blocked, id=12260, stack(0x0000009272600000,0x0000009272700000)]
  0x0000025dfb377800 JavaThread "jar transforms Thread 3" [_thread_blocked, id=3292, stack(0x0000009272700000,0x0000009272800000)]
  0x0000025dfb37e000 JavaThread "Cache worker for Build Output Cleanup Cache (C:\Users\Dell\Viwall\.gradle\buildOutputCleanup)" [_thread_blocked, id=2192, stack(0x0000009272800000,0x0000009272900000)]
  0x0000025dfb378800 JavaThread "Unconstrained build operations" [_thread_blocked, id=9700, stack(0x0000009272900000,0x0000009272a00000)]
  0x0000025dfb384800 JavaThread "Unconstrained build operations Thread 2" [_thread_blocked, id=2120, stack(0x0000009272a00000,0x0000009272b00000)]
  0x0000025dfb37f000 JavaThread "Unconstrained build operations Thread 3" [_thread_blocked, id=1064, stack(0x0000009272b00000,0x0000009272c00000)]
  0x0000025dfb380800 JavaThread "Unconstrained build operations Thread 4" [_thread_blocked, id=9196, stack(0x0000009272c00000,0x0000009272d00000)]
  0x0000025dfb384000 JavaThread "Unconstrained build operations Thread 5" [_thread_blocked, id=1776, stack(0x0000009272d00000,0x0000009272e00000)]
  0x0000025dfb37f800 JavaThread "Unconstrained build operations Thread 6" [_thread_blocked, id=6844, stack(0x0000009272e00000,0x0000009272f00000)]
  0x0000025dfb381800 JavaThread "Unconstrained build operations Thread 7" [_thread_blocked, id=11928, stack(0x0000009272f00000,0x0000009273000000)]
  0x0000025dfb382000 JavaThread "Unconstrained build operations Thread 8" [_thread_blocked, id=11068, stack(0x0000009273000000,0x0000009273100000)]
  0x0000025dfb383000 JavaThread "Unconstrained build operations Thread 9" [_thread_blocked, id=6852, stack(0x0000009273100000,0x0000009273200000)]
  0x0000025df9c2d800 JavaThread "Unconstrained build operations Thread 10" [_thread_blocked, id=11868, stack(0x0000009273200000,0x0000009273300000)]
  0x0000025df9c2e000 JavaThread "Unconstrained build operations Thread 11" [_thread_blocked, id=8032, stack(0x0000009273300000,0x0000009273400000)]
  0x0000025df9c2f000 JavaThread "Unconstrained build operations Thread 12" [_thread_blocked, id=4012, stack(0x0000009273400000,0x0000009273500000)]
  0x0000025df9c31800 JavaThread "Unconstrained build operations Thread 13" [_thread_blocked, id=9776, stack(0x0000009273500000,0x0000009273600000)]
  0x0000025df9c30000 JavaThread "Unconstrained build operations Thread 14" [_thread_blocked, id=5980, stack(0x0000009273600000,0x0000009273700000)]
  0x0000025df9c30800 JavaThread "Unconstrained build operations Thread 15" [_thread_blocked, id=3856, stack(0x0000009273700000,0x0000009273800000)]
  0x0000025df9c32000 JavaThread "Unconstrained build operations Thread 16" [_thread_blocked, id=2820, stack(0x0000009273800000,0x0000009273900000)]
  0x0000025df9c2c800 JavaThread "Unconstrained build operations Thread 17" [_thread_blocked, id=8516, stack(0x0000009273900000,0x0000009273a00000)]
  0x0000025df9c38800 JavaThread "Unconstrained build operations Thread 18" [_thread_blocked, id=9016, stack(0x0000009273a00000,0x0000009273b00000)]
  0x0000025df9c37000 JavaThread "Unconstrained build operations Thread 19" [_thread_blocked, id=11840, stack(0x0000009273b00000,0x0000009273c00000)]
  0x0000025df9c38000 JavaThread "Unconstrained build operations Thread 20" [_thread_blocked, id=7624, stack(0x0000009273c00000,0x0000009273d00000)]
  0x0000025df9c36800 JavaThread "Unconstrained build operations Thread 21" [_thread_blocked, id=1832, stack(0x0000009273d00000,0x0000009273e00000)]
  0x0000025df9c33000 JavaThread "Unconstrained build operations Thread 22" [_thread_blocked, id=9668, stack(0x0000009273e00000,0x0000009273f00000)]
  0x0000025df9c39800 JavaThread "Unconstrained build operations Thread 23" [_thread_blocked, id=11876, stack(0x0000009273f00000,0x0000009274000000)]
  0x0000025df9c34000 JavaThread "Unconstrained build operations Thread 24" [_thread_blocked, id=6664, stack(0x0000009274000000,0x0000009274100000)]
  0x0000025df9c3a800 JavaThread "Unconstrained build operations Thread 25" [_thread_blocked, id=10944, stack(0x0000009274100000,0x0000009274200000)]
  0x0000025df9c34800 JavaThread "Unconstrained build operations Thread 26" [_thread_blocked, id=10608, stack(0x0000009274200000,0x0000009274300000)]
  0x0000025df9c35800 JavaThread "Unconstrained build operations Thread 27" [_thread_blocked, id=1060, stack(0x0000009274300000,0x0000009274400000)]
  0x0000025df9c3b000 JavaThread "Unconstrained build operations Thread 28" [_thread_blocked, id=4044, stack(0x0000009274400000,0x0000009274500000)]
  0x0000025df9f57000 JavaThread "Unconstrained build operations Thread 29" [_thread_blocked, id=2076, stack(0x0000009274500000,0x0000009274600000)]
  0x0000025df9f54800 JavaThread "Unconstrained build operations Thread 30" [_thread_blocked, id=10356, stack(0x0000009274600000,0x0000009274700000)]
  0x0000025df9f52800 JavaThread "Unconstrained build operations Thread 31" [_thread_blocked, id=2708, stack(0x0000009274700000,0x0000009274800000)]
  0x0000025df9f59000 JavaThread "Unconstrained build operations Thread 32" [_thread_blocked, id=10900, stack(0x0000009274800000,0x0000009274900000)]
  0x0000025df9f58800 JavaThread "Unconstrained build operations Thread 33" [_thread_blocked, id=8388, stack(0x0000009274900000,0x0000009274a00000)]
  0x0000025df9f53800 JavaThread "Unconstrained build operations Thread 34" [_thread_blocked, id=11932, stack(0x0000009274a00000,0x0000009274b00000)]
  0x0000025df9f5a000 JavaThread "Unconstrained build operations Thread 35" [_thread_blocked, id=1376, stack(0x0000009274b00000,0x0000009274c00000)]
  0x0000025df9f57800 JavaThread "Unconstrained build operations Thread 36" [_thread_blocked, id=2284, stack(0x0000009274c00000,0x0000009274d00000)]
  0x0000025df9f5b000 JavaThread "Unconstrained build operations Thread 37" [_thread_blocked, id=11972, stack(0x0000009274d00000,0x0000009274e00000)]
  0x0000025df9f56000 JavaThread "Unconstrained build operations Thread 38" [_thread_blocked, id=6100, stack(0x0000009274e00000,0x0000009274f00000)]
  0x0000025df9f55000 JavaThread "Unconstrained build operations Thread 39" [_thread_blocked, id=4212, stack(0x0000009274f00000,0x0000009275000000)]
  0x0000025df9f5f000 JavaThread "Unconstrained build operations Thread 40" [_thread_blocked, id=4764, stack(0x0000009275000000,0x0000009275100000)]
  0x0000025df9f60000 JavaThread "jar transforms Thread 4" [_thread_blocked, id=4036, stack(0x0000009275100000,0x0000009275200000)]
  0x0000025df9f5e000 JavaThread "Memory manager" [_thread_blocked, id=6840, stack(0x0000009275200000,0x0000009275300000)]
  0x0000025df9f60800 JavaThread "build event listener" [_thread_blocked, id=8400, stack(0x0000009275300000,0x0000009275400000)]
  0x0000025df9f61800 JavaThread "build event listener" [_thread_blocked, id=11000, stack(0x0000009275400000,0x0000009275500000)]
  0x0000025df9f5b800 JavaThread "pool-3-thread-1" [_thread_blocked, id=8244, stack(0x0000009275500000,0x0000009275600000)]
  0x0000025df9f5d800 JavaThread "build event listener" [_thread_blocked, id=4120, stack(0x0000009275600000,0x0000009275700000)]
  0x0000025df9f5c800 JavaThread "Execution worker for ':'" [_thread_blocked, id=11936, stack(0x0000009275700000,0x0000009275800000)]
  0x0000025dfe4a0800 JavaThread "Execution worker for ':' Thread 2" [_thread_blocked, id=1708, stack(0x0000009275800000,0x0000009275900000)]
  0x0000025dfe4a1800 JavaThread "Execution worker for ':' Thread 3" [_thread_blocked, id=4192, stack(0x0000009275900000,0x0000009275a00000)]
  0x0000025dfe4a2800 JavaThread "Cache worker for execution history cache (C:\Users\Dell\Viwall\.gradle\7.3.3\executionHistory)" [_thread_blocked, id=7560, stack(0x0000009275a00000,0x0000009275b00000)]
  0x0000025dfe4a3000 JavaThread "WorkerExecutor Queue" [_thread_blocked, id=12052, stack(0x0000009275b00000,0x0000009275c00000)]
  0x0000025dfe4a4000 JavaThread "WorkerExecutor Queue Thread 2" [_thread_blocked, id=7440, stack(0x0000009275c00000,0x0000009275d00000)]
  0x0000025dfe49e800 JavaThread "WorkerExecutor Queue Thread 3" [_thread_blocked, id=9372, stack(0x0000009275d00000,0x0000009275e00000)]
  0x0000025dfa9c9800 JavaThread "C2 CompilerThread1" daemon [_thread_blocked, id=9136, stack(0x0000009275e00000,0x0000009275f00000)]
  0x0000025dfe4a0000 JavaThread "ForkJoinPool-1-worker-3" daemon [_thread_blocked, id=5444, stack(0x0000009275f00000,0x0000009276000000)]
  0x0000025dfe4a5000 JavaThread "ForkJoinPool-1-worker-5" daemon [_thread_blocked, id=11860, stack(0x0000009276000000,0x0000009276100000)]
  0x0000025dfe49f000 JavaThread "ForkJoinPool-1-worker-7" daemon [_thread_blocked, id=3624, stack(0x0000009276100000,0x0000009276200000)]
  0x0000025dfe4a9800 JavaThread "ForkJoinPool-1-worker-1" daemon [_thread_blocked, id=7000, stack(0x0000009276200000,0x0000009276300000)]

Other Threads:
=>0x0000025df7309800 VMThread "VM Thread" [stack: 0x0000009270100000,0x0000009270200000] [id=9628]
  0x0000025df7e26000 WatcherThread [stack: 0x0000009270b00000,0x0000009270c00000] [id=7852]
  0x0000025ddd758000 GCTaskThread "GC Thread#0" [stack: 0x000000926fc00000,0x000000926fd00000] [id=5816]
  0x0000025df7edd800 GCTaskThread "GC Thread#1" [stack: 0x0000009270c00000,0x0000009270d00000] [id=1292]
  0x0000025dfa557000 GCTaskThread "GC Thread#2" [stack: 0x0000009271700000,0x0000009271800000] [id=11704]
  0x0000025df947f000 GCTaskThread "GC Thread#3" [stack: 0x0000009271800000,0x0000009271900000] [id=7932]
  0x0000025ddd789800 ConcurrentGCThread "G1 Main Marker" [stack: 0x000000926fd00000,0x000000926fe00000] [id=10124]
  0x0000025ddd78a800 ConcurrentGCThread "G1 Conc#0" [stack: 0x000000926fe00000,0x000000926ff00000] [id=4544]
  0x0000025ddd7e3800 ConcurrentGCThread "G1 Refine#0" [stack: 0x000000926ff00000,0x0000009270000000] [id=8380]
  0x0000025dfa980800 ConcurrentGCThread "G1 Refine#1" [stack: 0x0000009276300000,0x0000009276400000] [id=1676]
  0x0000025ddd7e6800 ConcurrentGCThread "G1 Young RemSet Sampling" [stack: 0x0000009270000000,0x0000009270100000] [id=5780]

Threads with active compile tasks:
C2 CompilerThread0  20504 13008       4       com.android.tools.r8.code.y1::a (4129 bytes)
C2 CompilerThread1  20504 12993       4       com.android.tools.r8.dex.j::a (1042 bytes)

VM state:at safepoint (normal execution)

VM Mutex/Monitor currently owned by a thread:  ([mutex/lock_event])
[0x0000025ddd73edf0] Threads_lock - owner thread: 0x0000025df7309800
[0x0000025ddd73fed0] Heap_lock - owner thread: 0x0000025dfe4a5000

Heap address: 0x0000000080000000, size: 2048 MB, Compressed Oops mode: 32-bit
Narrow klass base: 0x0000000000000000, Narrow klass shift: 3
Compressed class space size: 1073741824 Address: 0x0000000100000000

Heap:
 garbage-first heap   total 676864K, used 289280K [0x0000000080000000, 0x0000000100000000)
  region size 1024K, 4 young (4096K), 4 survivors (4096K)
 Metaspace       used 102050K, capacity 104450K, committed 104524K, reserved 1140736K
  class space    used 13245K, capacity 14145K, committed 14208K, reserved 1048576K
Heap Regions: E=young(eden), S=young(survivor), O=old, HS=humongous(starts), HC=humongous(continues), CS=collection set, F=free, A=archive, TAMS=top-at-mark-start (previous, next)
|   0|0x0000000080000000, 0x0000000080100000, 0x0000000080100000|100%| O|  |TAMS 0x0000000080100000, 0x0000000080100000| Untracked 
|   1|0x0000000080100000, 0x0000000080200000, 0x0000000080200000|100%| O|  |TAMS 0x0000000080200000, 0x0000000080200000| Untracked 
|   2|0x0000000080200000, 0x0000000080300000, 0x0000000080300000|100%| O|  |TAMS 0x0000000080300000, 0x0000000080300000| Untracked 
|   3|0x0000000080300000, 0x0000000080400000, 0x0000000080400000|100%|HS|  |TAMS 0x0000000080400000, 0x0000000080400000| Complete 
|   4|0x0000000080400000, 0x0000000080500000, 0x0000000080500000|100%|HC|  |TAMS 0x0000000080500000, 0x0000000080500000| Complete 
|   5|0x0000000080500000, 0x0000000080600000, 0x0000000080600000|100%|HC|  |TAMS 0x0000000080600000, 0x0000000080600000| Complete 
|   6|0x0000000080600000, 0x0000000080700000, 0x0000000080700000|100%| O|  |TAMS 0x0000000080700000, 0x0000000080700000| Untracked 
|   7|0x0000000080700000, 0x0000000080800000, 0x0000000080800000|100%| O|  |TAMS 0x0000000080800000, 0x0000000080800000| Untracked 
|   8|0x0000000080800000, 0x0000000080900000, 0x0000000080900000|100%| O|  |TAMS 0x0000000080900000, 0x0000000080900000| Untracked 
|   9|0x0000000080900000, 0x0000000080a00000, 0x0000000080a00000|100%| O|  |TAMS 0x0000000080a00000, 0x0000000080a00000| Untracked 
|  10|0x0000000080a00000, 0x0000000080b00000, 0x0000000080b00000|100%| O|  |TAMS 0x0000000080b00000, 0x0000000080b00000| Untracked 
|  11|0x0000000080b00000, 0x0000000080c00000, 0x0000000080c00000|100%| O|  |TAMS 0x0000000080c00000, 0x0000000080c00000| Untracked 
|  12|0x0000000080c00000, 0x0000000080d00000, 0x0000000080d00000|100%| O|  |TAMS 0x0000000080d00000, 0x0000000080d00000| Untracked 
|  13|0x0000000080d00000, 0x0000000080e00000, 0x0000000080e00000|100%| O|  |TAMS 0x0000000080e00000, 0x0000000080e00000| Untracked 
|  14|0x0000000080e00000, 0x0000000080f00000, 0x0000000080f00000|100%| O|  |TAMS 0x0000000080f00000, 0x0000000080f00000| Untracked 
|  15|0x0000000080f00000, 0x0000000081000000, 0x0000000081000000|100%| O|  |TAMS 0x0000000081000000, 0x0000000081000000| Untracked 
|  16|0x0000000081000000, 0x0000000081100000, 0x0000000081100000|100%| O|  |TAMS 0x0000000081100000, 0x0000000081100000| Untracked 
|  17|0x0000000081100000, 0x0000000081200000, 0x0000000081200000|100%| O|  |TAMS 0x0000000081200000, 0x0000000081200000| Untracked 
|  18|0x0000000081200000, 0x0000000081300000, 0x0000000081300000|100%| O|  |TAMS 0x0000000081300000, 0x0000000081300000| Untracked 
|  19|0x0000000081300000, 0x0000000081400000, 0x0000000081400000|100%| O|  |TAMS 0x0000000081400000, 0x0000000081400000| Untracked 
|  20|0x0000000081400000, 0x0000000081500000, 0x0000000081500000|100%| O|  |TAMS 0x0000000081500000, 0x0000000081500000| Untracked 
|  21|0x0000000081500000, 0x0000000081600000, 0x0000000081600000|100%| O|  |TAMS 0x0000000081600000, 0x0000000081600000| Untracked 
|  22|0x0000000081600000, 0x0000000081700000, 0x0000000081700000|100%| O|  |TAMS 0x0000000081700000, 0x0000000081700000| Untracked 
|  23|0x0000000081700000, 0x0000000081800000, 0x0000000081800000|100%| O|  |TAMS 0x0000000081800000, 0x0000000081800000| Untracked 
|  24|0x0000000081800000, 0x0000000081900000, 0x0000000081900000|100%| O|  |TAMS 0x0000000081900000, 0x0000000081900000| Untracked 
|  25|0x0000000081900000, 0x0000000081a00000, 0x0000000081a00000|100%| O|  |TAMS 0x0000000081a00000, 0x0000000081a00000| Untracked 
|  26|0x0000000081a00000, 0x0000000081b00000, 0x0000000081b00000|100%| O|  |TAMS 0x0000000081b00000, 0x0000000081b00000| Untracked 
|  27|0x0000000081b00000, 0x0000000081c00000, 0x0000000081c00000|100%| O|  |TAMS 0x0000000081c00000, 0x0000000081c00000| Untracked 
|  28|0x0000000081c00000, 0x0000000081d00000, 0x0000000081d00000|100%|HS|  |TAMS 0x0000000081d00000, 0x0000000081d00000| Complete 
|  29|0x0000000081d00000, 0x0000000081e00000, 0x0000000081e00000|100%|HS|  |TAMS 0x0000000081e00000, 0x0000000081e00000| Complete 
|  30|0x0000000081e00000, 0x0000000081f00000, 0x0000000081f00000|100%|HS|  |TAMS 0x0000000081f00000, 0x0000000081f00000| Complete 
|  31|0x0000000081f00000, 0x0000000082000000, 0x0000000082000000|100%|HS|  |TAMS 0x0000000082000000, 0x0000000082000000| Complete 
|  32|0x0000000082000000, 0x0000000082100000, 0x0000000082100000|100%|HC|  |TAMS 0x0000000082100000, 0x0000000082100000| Complete 
|  33|0x0000000082100000, 0x0000000082200000, 0x0000000082200000|100%|HC|  |TAMS 0x0000000082200000, 0x0000000082200000| Complete 
|  34|0x0000000082200000, 0x0000000082300000, 0x0000000082300000|100%| O|  |TAMS 0x0000000082300000, 0x0000000082300000| Untracked 
|  35|0x0000000082300000, 0x0000000082400000, 0x0000000082400000|100%| O|  |TAMS 0x0000000082400000, 0x0000000082400000| Untracked 
|  36|0x0000000082400000, 0x0000000082500000, 0x0000000082500000|100%| O|  |TAMS 0x0000000082500000, 0x0000000082500000| Untracked 
|  37|0x0000000082500000, 0x0000000082600000, 0x0000000082600000|100%|HS|  |TAMS 0x0000000082600000, 0x0000000082600000| Complete 
|  38|0x0000000082600000, 0x0000000082700000, 0x0000000082700000|100%|HC|  |TAMS 0x0000000082700000, 0x0000000082700000| Complete 
|  39|0x0000000082700000, 0x0000000082800000, 0x0000000082800000|100%| O|  |TAMS 0x0000000082800000, 0x0000000082800000| Untracked 
|  40|0x0000000082800000, 0x0000000082900000, 0x0000000082900000|100%| O|  |TAMS 0x0000000082900000, 0x0000000082900000| Untracked 
|  41|0x0000000082900000, 0x0000000082a00000, 0x0000000082a00000|100%| O|  |TAMS 0x0000000082a00000, 0x0000000082a00000| Untracked 
|  42|0x0000000082a00000, 0x0000000082b00000, 0x0000000082b00000|100%| O|  |TAMS 0x0000000082b00000, 0x0000000082b00000| Untracked 
|  43|0x0000000082b00000, 0x0000000082c00000, 0x0000000082c00000|100%| O|  |TAMS 0x0000000082c00000, 0x0000000082c00000| Untracked 
|  44|0x0000000082c00000, 0x0000000082d00000, 0x0000000082d00000|100%| O|  |TAMS 0x0000000082d00000, 0x0000000082d00000| Untracked 
|  45|0x0000000082d00000, 0x0000000082e00000, 0x0000000082e00000|100%| O|  |TAMS 0x0000000082e00000, 0x0000000082e00000| Untracked 
|  46|0x0000000082e00000, 0x0000000082f00000, 0x0000000082f00000|100%| O|  |TAMS 0x0000000082f00000, 0x0000000082f00000| Untracked 
|  47|0x0000000082f00000, 0x0000000083000000, 0x0000000083000000|100%| O|  |TAMS 0x0000000083000000, 0x0000000083000000| Untracked 
|  48|0x0000000083000000, 0x0000000083100000, 0x0000000083100000|100%| O|  |TAMS 0x0000000083100000, 0x0000000083100000| Untracked 
|  49|0x0000000083100000, 0x0000000083200000, 0x0000000083200000|100%| O|  |TAMS 0x0000000083200000, 0x0000000083200000| Untracked 
|  50|0x0000000083200000, 0x0000000083300000, 0x0000000083300000|100%| O|  |TAMS 0x0000000083300000, 0x0000000083300000| Untracked 
|  51|0x0000000083300000, 0x0000000083400000, 0x0000000083400000|100%| O|  |TAMS 0x0000000083400000, 0x0000000083400000| Untracked 
|  52|0x0000000083400000, 0x0000000083500000, 0x0000000083500000|100%| O|  |TAMS 0x0000000083500000, 0x0000000083500000| Untracked 
|  53|0x0000000083500000, 0x0000000083600000, 0x0000000083600000|100%| O|  |TAMS 0x0000000083600000, 0x0000000083600000| Untracked 
|  54|0x0000000083600000, 0x0000000083700000, 0x0000000083700000|100%| O|  |TAMS 0x0000000083700000, 0x0000000083700000| Untracked 
|  55|0x0000000083700000, 0x0000000083800000, 0x0000000083800000|100%| O|  |TAMS 0x0000000083800000, 0x0000000083800000| Untracked 
|  56|0x0000000083800000, 0x0000000083900000, 0x0000000083900000|100%| O|  |TAMS 0x0000000083900000, 0x0000000083900000| Untracked 
|  57|0x0000000083900000, 0x0000000083a00000, 0x0000000083a00000|100%| O|  |TAMS 0x0000000083a00000, 0x0000000083a00000| Untracked 
|  58|0x0000000083a00000, 0x0000000083b00000, 0x0000000083b00000|100%| O|  |TAMS 0x0000000083b00000, 0x0000000083b00000| Untracked 
|  59|0x0000000083b00000, 0x0000000083c00000, 0x0000000083c00000|100%| O|  |TAMS 0x0000000083c00000, 0x0000000083c00000| Untracked 
|  60|0x0000000083c00000, 0x0000000083d00000, 0x0000000083d00000|100%| O|  |TAMS 0x0000000083d00000, 0x0000000083d00000| Untracked 
|  61|0x0000000083d00000, 0x0000000083e00000, 0x0000000083e00000|100%| O|  |TAMS 0x0000000083e00000, 0x0000000083e00000| Untracked 
|  62|0x0000000083e00000, 0x0000000083f00000, 0x0000000083f00000|100%| O|  |TAMS 0x0000000083f00000, 0x0000000083f00000| Untracked 
|  63|0x0000000083f00000, 0x0000000084000000, 0x0000000084000000|100%| O|  |TAMS 0x0000000084000000, 0x0000000084000000| Untracked 
|  64|0x0000000084000000, 0x0000000084100000, 0x0000000084100000|100%| O|  |TAMS 0x0000000084100000, 0x0000000084100000| Untracked 
|  65|0x0000000084100000, 0x0000000084200000, 0x0000000084200000|100%| O|  |TAMS 0x0000000084200000, 0x0000000084200000| Untracked 
|  66|0x0000000084200000, 0x0000000084300000, 0x0000000084300000|100%| O|  |TAMS 0x0000000084300000, 0x0000000084300000| Untracked 
|  67|0x0000000084300000, 0x0000000084400000, 0x0000000084400000|100%| O|  |TAMS 0x0000000084400000, 0x0000000084400000| Untracked 
|  68|0x0000000084400000, 0x0000000084500000, 0x0000000084500000|100%| O|  |TAMS 0x0000000084500000, 0x0000000084500000| Untracked 
|  69|0x0000000084500000, 0x0000000084600000, 0x0000000084600000|100%| O|  |TAMS 0x0000000084600000, 0x0000000084600000| Untracked 
|  70|0x0000000084600000, 0x0000000084700000, 0x0000000084700000|100%| O|  |TAMS 0x0000000084700000, 0x0000000084700000| Untracked 
|  71|0x0000000084700000, 0x0000000084800000, 0x0000000084800000|100%| O|  |TAMS 0x0000000084800000, 0x0000000084800000| Untracked 
|  72|0x0000000084800000, 0x0000000084900000, 0x0000000084900000|100%| O|  |TAMS 0x0000000084900000, 0x0000000084900000| Untracked 
|  73|0x0000000084900000, 0x0000000084a00000, 0x0000000084a00000|100%| O|  |TAMS 0x0000000084a00000, 0x0000000084a00000| Untracked 
|  74|0x0000000084a00000, 0x0000000084b00000, 0x0000000084b00000|100%| O|  |TAMS 0x0000000084b00000, 0x0000000084b00000| Untracked 
|  75|0x0000000084b00000, 0x0000000084c00000, 0x0000000084c00000|100%| O|  |TAMS 0x0000000084c00000, 0x0000000084c00000| Untracked 
|  76|0x0000000084c00000, 0x0000000084d00000, 0x0000000084d00000|100%| O|  |TAMS 0x0000000084d00000, 0x0000000084d00000| Untracked 
|  77|0x0000000084d00000, 0x0000000084e00000, 0x0000000084e00000|100%| O|  |TAMS 0x0000000084e00000, 0x0000000084e00000| Untracked 
|  78|0x0000000084e00000, 0x0000000084f00000, 0x0000000084f00000|100%| O|  |TAMS 0x0000000084f00000, 0x0000000084f00000| Untracked 
|  79|0x0000000084f00000, 0x0000000085000000, 0x0000000085000000|100%| O|  |TAMS 0x0000000085000000, 0x0000000085000000| Untracked 
|  80|0x0000000085000000, 0x0000000085100000, 0x0000000085100000|100%| O|  |TAMS 0x0000000085100000, 0x0000000085100000| Untracked 
|  81|0x0000000085100000, 0x0000000085200000, 0x0000000085200000|100%| O|  |TAMS 0x0000000085200000, 0x0000000085200000| Untracked 
|  82|0x0000000085200000, 0x0000000085300000, 0x0000000085300000|100%| O|  |TAMS 0x0000000085300000, 0x0000000085300000| Untracked 
|  83|0x0000000085300000, 0x0000000085400000, 0x0000000085400000|100%| O|  |TAMS 0x0000000085400000, 0x0000000085400000| Untracked 
|  84|0x0000000085400000, 0x0000000085500000, 0x0000000085500000|100%| O|  |TAMS 0x0000000085500000, 0x0000000085500000| Untracked 
|  85|0x0000000085500000, 0x0000000085600000, 0x0000000085600000|100%| O|  |TAMS 0x0000000085600000, 0x0000000085600000| Untracked 
|  86|0x0000000085600000, 0x0000000085700000, 0x0000000085700000|100%| O|  |TAMS 0x0000000085700000, 0x0000000085700000| Untracked 
|  87|0x0000000085700000, 0x0000000085800000, 0x0000000085800000|100%| O|  |TAMS 0x0000000085800000, 0x0000000085800000| Untracked 
|  88|0x0000000085800000, 0x0000000085900000, 0x0000000085900000|100%| O|  |TAMS 0x0000000085900000, 0x0000000085900000| Untracked 
|  89|0x0000000085900000, 0x0000000085a00000, 0x0000000085a00000|100%| O|  |TAMS 0x0000000085a00000, 0x0000000085a00000| Untracked 
|  90|0x0000000085a00000, 0x0000000085b00000, 0x0000000085b00000|100%| O|  |TAMS 0x0000000085b00000, 0x0000000085b00000| Untracked 
|  91|0x0000000085b00000, 0x0000000085c00000, 0x0000000085c00000|100%| O|  |TAMS 0x0000000085c00000, 0x0000000085c00000| Untracked 
|  92|0x0000000085c00000, 0x0000000085d00000, 0x0000000085d00000|100%| O|  |TAMS 0x0000000085d00000, 0x0000000085d00000| Untracked 
|  93|0x0000000085d00000, 0x0000000085e00000, 0x0000000085e00000|100%| O|  |TAMS 0x0000000085e00000, 0x0000000085e00000| Untracked 
|  94|0x0000000085e00000, 0x0000000085f00000, 0x0000000085f00000|100%| O|  |TAMS 0x0000000085f00000, 0x0000000085f00000| Untracked 
|  95|0x0000000085f00000, 0x0000000086000000, 0x0000000086000000|100%|HS|  |TAMS 0x0000000086000000, 0x0000000086000000| Complete 
|  96|0x0000000086000000, 0x0000000086100000, 0x0000000086100000|100%|HC|  |TAMS 0x0000000086100000, 0x0000000086100000| Complete 
|  97|0x0000000086100000, 0x0000000086200000, 0x0000000086200000|100%|HS|  |TAMS 0x0000000086200000, 0x0000000086200000| Complete 
|  98|0x0000000086200000, 0x0000000086300000, 0x0000000086300000|100%|HC|  |TAMS 0x0000000086300000, 0x0000000086300000| Complete 
|  99|0x0000000086300000, 0x0000000086400000, 0x0000000086400000|100%|HS|  |TAMS 0x0000000086400000, 0x0000000086400000| Complete 
| 100|0x0000000086400000, 0x0000000086500000, 0x0000000086500000|100%|HS|  |TAMS 0x0000000086500000, 0x0000000086500000| Complete 
| 101|0x0000000086500000, 0x0000000086600000, 0x0000000086600000|100%|HS|  |TAMS 0x0000000086600000, 0x0000000086600000| Complete 
| 102|0x0000000086600000, 0x0000000086700000, 0x0000000086700000|100%|HC|  |TAMS 0x0000000086700000, 0x0000000086700000| Complete 
| 103|0x0000000086700000, 0x0000000086800000, 0x0000000086800000|100%|HS|  |TAMS 0x0000000086800000, 0x0000000086800000| Complete 
| 104|0x0000000086800000, 0x0000000086900000, 0x0000000086900000|100%|HS|  |TAMS 0x0000000086900000, 0x0000000086900000| Complete 
| 105|0x0000000086900000, 0x0000000086a00000, 0x0000000086a00000|100%|HS|  |TAMS 0x0000000086a00000, 0x0000000086a00000| Complete 
| 106|0x0000000086a00000, 0x0000000086b00000, 0x0000000086b00000|100%|HC|  |TAMS 0x0000000086b00000, 0x0000000086b00000| Complete 
| 107|0x0000000086b00000, 0x0000000086c00000, 0x0000000086c00000|100%|HC|  |TAMS 0x0000000086c00000, 0x0000000086c00000| Complete 
| 108|0x0000000086c00000, 0x0000000086d00000, 0x0000000086d00000|100%|HS|  |TAMS 0x0000000086d00000, 0x0000000086d00000| Complete 
| 109|0x0000000086d00000, 0x0000000086e00000, 0x0000000086e00000|100%|HC|  |TAMS 0x0000000086e00000, 0x0000000086e00000| Complete 
| 110|0x0000000086e00000, 0x0000000086f00000, 0x0000000086f00000|100%|HS|  |TAMS 0x0000000086f00000, 0x0000000086f00000| Complete 
| 111|0x0000000086f00000, 0x0000000087000000, 0x0000000087000000|100%|HC|  |TAMS 0x0000000087000000, 0x0000000087000000| Complete 
| 112|0x0000000087000000, 0x0000000087100000, 0x0000000087100000|100%|HC|  |TAMS 0x0000000087100000, 0x0000000087100000| Complete 
| 113|0x0000000087100000, 0x0000000087200000, 0x0000000087200000|100%|HS|  |TAMS 0x0000000087200000, 0x0000000087200000| Complete 
| 114|0x0000000087200000, 0x0000000087300000, 0x0000000087300000|100%|HC|  |TAMS 0x0000000087300000, 0x0000000087300000| Complete 
| 115|0x0000000087300000, 0x0000000087400000, 0x0000000087400000|100%| O|  |TAMS 0x0000000087400000, 0x0000000087400000| Untracked 
| 116|0x0000000087400000, 0x0000000087500000, 0x0000000087500000|100%| O|  |TAMS 0x0000000087500000, 0x0000000087500000| Untracked 
| 117|0x0000000087500000, 0x0000000087600000, 0x0000000087600000|100%| O|  |TAMS 0x0000000087600000, 0x0000000087600000| Untracked 
| 118|0x0000000087600000, 0x0000000087700000, 0x0000000087700000|100%| O|  |TAMS 0x0000000087700000, 0x0000000087700000| Untracked 
| 119|0x0000000087700000, 0x0000000087800000, 0x0000000087800000|100%| O|  |TAMS 0x0000000087800000, 0x0000000087800000| Untracked 
| 120|0x0000000087800000, 0x0000000087900000, 0x0000000087900000|100%| O|  |TAMS 0x0000000087900000, 0x0000000087900000| Untracked 
| 121|0x0000000087900000, 0x0000000087a00000, 0x0000000087a00000|100%| O|  |TAMS 0x0000000087a00000, 0x0000000087a00000| Untracked 
| 122|0x0000000087a00000, 0x0000000087b00000, 0x0000000087b00000|100%| O|  |TAMS 0x0000000087b00000, 0x0000000087b00000| Untracked 
| 123|0x0000000087b00000, 0x0000000087c00000, 0x0000000087c00000|100%| O|  |TAMS 0x0000000087c00000, 0x0000000087c00000| Untracked 
| 124|0x0000000087c00000, 0x0000000087d00000, 0x0000000087d00000|100%| O|  |TAMS 0x0000000087d00000, 0x0000000087d00000| Untracked 
| 125|0x0000000087d00000, 0x0000000087e00000, 0x0000000087e00000|100%|HS|  |TAMS 0x0000000087e00000, 0x0000000087e00000| Complete 
| 126|0x0000000087e00000, 0x0000000087f00000, 0x0000000087f00000|100%|HC|  |TAMS 0x0000000087f00000, 0x0000000087f00000| Complete 
| 127|0x0000000087f00000, 0x0000000088000000, 0x0000000088000000|100%| O|  |TAMS 0x0000000088000000, 0x0000000088000000| Untracked 
| 128|0x0000000088000000, 0x0000000088100000, 0x0000000088100000|100%| O|  |TAMS 0x0000000088100000, 0x0000000088100000| Untracked 
| 129|0x0000000088100000, 0x0000000088200000, 0x0000000088200000|100%| O|  |TAMS 0x0000000088200000, 0x0000000088200000| Untracked 
| 130|0x0000000088200000, 0x0000000088300000, 0x0000000088300000|100%|HS|  |TAMS 0x0000000088300000, 0x0000000088300000| Complete 
| 131|0x0000000088300000, 0x0000000088400000, 0x0000000088400000|100%|HC|  |TAMS 0x0000000088400000, 0x0000000088400000| Complete 
| 132|0x0000000088400000, 0x0000000088500000, 0x0000000088500000|100%| O|  |TAMS 0x0000000088500000, 0x0000000088500000| Untracked 
| 133|0x0000000088500000, 0x0000000088600000, 0x0000000088600000|100%|HS|  |TAMS 0x0000000088600000, 0x0000000088600000| Complete 
| 134|0x0000000088600000, 0x0000000088700000, 0x0000000088700000|100%| O|  |TAMS 0x0000000088700000, 0x0000000088700000| Untracked 
| 135|0x0000000088700000, 0x0000000088800000, 0x0000000088800000|100%|HS|  |TAMS 0x0000000088800000, 0x0000000088800000| Complete 
| 136|0x0000000088800000, 0x0000000088900000, 0x0000000088900000|100%| O|  |TAMS 0x0000000088900000, 0x0000000088900000| Untracked 
| 137|0x0000000088900000, 0x0000000088a00000, 0x0000000088a00000|100%| O|  |TAMS 0x0000000088a00000, 0x0000000088a00000| Untracked 
| 138|0x0000000088a00000, 0x0000000088b00000, 0x0000000088b00000|100%| O|  |TAMS 0x0000000088b00000, 0x0000000088b00000| Untracked 
| 139|0x0000000088b00000, 0x0000000088c00000, 0x0000000088c00000|100%|HS|  |TAMS 0x0000000088c00000, 0x0000000088c00000| Complete 
| 140|0x0000000088c00000, 0x0000000088d00000, 0x0000000088d00000|100%|HC|  |TAMS 0x0000000088d00000, 0x0000000088d00000| Complete 
| 141|0x0000000088d00000, 0x0000000088e00000, 0x0000000088e00000|100%| O|  |TAMS 0x0000000088e00000, 0x0000000088e00000| Untracked 
| 142|0x0000000088e00000, 0x0000000088f00000, 0x0000000088f00000|100%|HS|  |TAMS 0x0000000088f00000, 0x0000000088f00000| Complete 
| 143|0x0000000088f00000, 0x0000000089000000, 0x0000000089000000|100%| O|  |TAMS 0x0000000089000000, 0x0000000089000000| Untracked 
| 144|0x0000000089000000, 0x0000000089100000, 0x0000000089100000|100%|HS|  |TAMS 0x0000000089100000, 0x0000000089100000| Complete 
| 145|0x0000000089100000, 0x0000000089200000, 0x0000000089200000|100%| O|  |TAMS 0x0000000089100000, 0x0000000089200000| Untracked 
| 146|0x0000000089200000, 0x0000000089300000, 0x0000000089300000|100%| O|  |TAMS 0x0000000089200000, 0x0000000089300000| Untracked 
| 147|0x0000000089300000, 0x0000000089400000, 0x0000000089400000|100%| O|  |TAMS 0x0000000089400000, 0x0000000089400000| Untracked 
| 148|0x0000000089400000, 0x0000000089500000, 0x0000000089500000|100%| O|  |TAMS 0x0000000089500000, 0x0000000089500000| Untracked 
| 149|0x0000000089500000, 0x0000000089600000, 0x0000000089600000|100%| O|  |TAMS 0x0000000089600000, 0x0000000089600000| Untracked 
| 150|0x0000000089600000, 0x0000000089700000, 0x0000000089700000|100%| O|  |TAMS 0x0000000089700000, 0x0000000089700000| Untracked 
| 151|0x0000000089700000, 0x0000000089800000, 0x0000000089800000|100%|HS|  |TAMS 0x0000000089800000, 0x0000000089800000| Complete 
| 152|0x0000000089800000, 0x0000000089900000, 0x0000000089900000|100%|HC|  |TAMS 0x0000000089900000, 0x0000000089900000| Complete 
| 153|0x0000000089900000, 0x0000000089a00000, 0x0000000089a00000|100%|HC|  |TAMS 0x0000000089a00000, 0x0000000089a00000| Complete 
| 154|0x0000000089a00000, 0x0000000089b00000, 0x0000000089b00000|100%| O|  |TAMS 0x0000000089b00000, 0x0000000089b00000| Untracked 
| 155|0x0000000089b00000, 0x0000000089c00000, 0x0000000089c00000|100%| O|  |TAMS 0x0000000089c00000, 0x0000000089c00000| Untracked 
| 156|0x0000000089c00000, 0x0000000089d00000, 0x0000000089d00000|100%| O|  |TAMS 0x0000000089d00000, 0x0000000089d00000| Untracked 
| 157|0x0000000089d00000, 0x0000000089e00000, 0x0000000089e00000|100%| O|  |TAMS 0x0000000089e00000, 0x0000000089e00000| Untracked 
| 158|0x0000000089e00000, 0x0000000089f00000, 0x0000000089f00000|100%| O|  |TAMS 0x0000000089f00000, 0x0000000089f00000| Untracked 
| 159|0x0000000089f00000, 0x000000008a000000, 0x000000008a000000|100%| O|  |TAMS 0x000000008a000000, 0x000000008a000000| Untracked 
| 160|0x000000008a000000, 0x000000008a100000, 0x000000008a100000|100%| O|  |TAMS 0x000000008a100000, 0x000000008a100000| Untracked 
| 161|0x000000008a100000, 0x000000008a200000, 0x000000008a200000|100%| O|  |TAMS 0x000000008a200000, 0x000000008a200000| Untracked 
| 162|0x000000008a200000, 0x000000008a300000, 0x000000008a300000|100%| O|  |TAMS 0x000000008a300000, 0x000000008a300000| Untracked 
| 163|0x000000008a300000, 0x000000008a400000, 0x000000008a400000|100%|HS|  |TAMS 0x000000008a400000, 0x000000008a400000| Complete 
| 164|0x000000008a400000, 0x000000008a500000, 0x000000008a500000|100%|HC|  |TAMS 0x000000008a500000, 0x000000008a500000| Complete 
| 165|0x000000008a500000, 0x000000008a600000, 0x000000008a600000|100%|HS|  |TAMS 0x000000008a600000, 0x000000008a600000| Complete 
| 166|0x000000008a600000, 0x000000008a700000, 0x000000008a700000|100%|HC|  |TAMS 0x000000008a700000, 0x000000008a700000| Complete 
| 167|0x000000008a700000, 0x000000008a800000, 0x000000008a800000|100%|HS|  |TAMS 0x000000008a800000, 0x000000008a800000| Complete 
| 168|0x000000008a800000, 0x000000008a900000, 0x000000008a900000|100%|HC|  |TAMS 0x000000008a900000, 0x000000008a900000| Complete 
| 169|0x000000008a900000, 0x000000008aa00000, 0x000000008aa00000|100%|HS|  |TAMS 0x000000008aa00000, 0x000000008aa00000| Complete 
| 170|0x000000008aa00000, 0x000000008ab00000, 0x000000008ab00000|100%| O|  |TAMS 0x000000008ab00000, 0x000000008ab00000| Untracked 
| 171|0x000000008ab00000, 0x000000008ac00000, 0x000000008ac00000|100%| O|  |TAMS 0x000000008ac00000, 0x000000008ac00000| Untracked 
| 172|0x000000008ac00000, 0x000000008ad00000, 0x000000008ad00000|100%| O|  |TAMS 0x000000008ad00000, 0x000000008ad00000| Untracked 
| 173|0x000000008ad00000, 0x000000008ae00000, 0x000000008ae00000|100%| O|  |TAMS 0x000000008ae00000, 0x000000008ae00000| Untracked 
| 174|0x000000008ae00000, 0x000000008af00000, 0x000000008af00000|100%| O|  |TAMS 0x000000008af00000, 0x000000008af00000| Untracked 
| 175|0x000000008af00000, 0x000000008b000000, 0x000000008b000000|100%| O|  |TAMS 0x000000008b000000, 0x000000008b000000| Untracked 
| 176|0x000000008b000000, 0x000000008b100000, 0x000000008b100000|100%| O|  |TAMS 0x000000008b100000, 0x000000008b100000| Untracked 
| 177|0x000000008b100000, 0x000000008b200000, 0x000000008b200000|100%| O|  |TAMS 0x000000008b200000, 0x000000008b200000| Untracked 
| 178|0x000000008b200000, 0x000000008b300000, 0x000000008b300000|100%| O|  |TAMS 0x000000008b300000, 0x000000008b300000| Untracked 
| 179|0x000000008b300000, 0x000000008b400000, 0x000000008b400000|100%| O|  |TAMS 0x000000008b400000, 0x000000008b400000| Untracked 
| 180|0x000000008b400000, 0x000000008b500000, 0x000000008b500000|100%| O|  |TAMS 0x000000008b500000, 0x000000008b500000| Untracked 
| 181|0x000000008b500000, 0x000000008b600000, 0x000000008b600000|100%| O|  |TAMS 0x000000008b600000, 0x000000008b600000| Untracked 
| 182|0x000000008b600000, 0x000000008b700000, 0x000000008b700000|100%| O|  |TAMS 0x000000008b700000, 0x000000008b700000| Untracked 
| 183|0x000000008b700000, 0x000000008b800000, 0x000000008b800000|100%| O|  |TAMS 0x000000008b800000, 0x000000008b800000| Untracked 
| 184|0x000000008b800000, 0x000000008b900000, 0x000000008b900000|100%| O|  |TAMS 0x000000008b900000, 0x000000008b900000| Untracked 
| 185|0x000000008b900000, 0x000000008ba00000, 0x000000008ba00000|100%| O|  |TAMS 0x000000008ba00000, 0x000000008ba00000| Untracked 
| 186|0x000000008ba00000, 0x000000008bb00000, 0x000000008bb00000|100%| O|  |TAMS 0x000000008bb00000, 0x000000008bb00000| Untracked 
| 187|0x000000008bb00000, 0x000000008bc00000, 0x000000008bc00000|100%| O|  |TAMS 0x000000008bbe8a00, 0x000000008bc00000| Untracked 
| 188|0x000000008bc00000, 0x000000008bd00000, 0x000000008bd00000|100%| O|  |TAMS 0x000000008bc00000, 0x000000008bd00000| Untracked 
| 189|0x000000008bd00000, 0x000000008be00000, 0x000000008be00000|100%| O|  |TAMS 0x000000008bd00000, 0x000000008be00000| Untracked 
| 190|0x000000008be00000, 0x000000008bf00000, 0x000000008bf00000|100%|HS|  |TAMS 0x000000008bf00000, 0x000000008bf00000| Complete 
| 191|0x000000008bf00000, 0x000000008c000000, 0x000000008c000000|100%|HC|  |TAMS 0x000000008c000000, 0x000000008c000000| Complete 
| 192|0x000000008c000000, 0x000000008c100000, 0x000000008c100000|100%|HC|  |TAMS 0x000000008c100000, 0x000000008c100000| Complete 
| 193|0x000000008c100000, 0x000000008c200000, 0x000000008c200000|100%| O|  |TAMS 0x000000008c100000, 0x000000008c200000| Untracked 
| 194|0x000000008c200000, 0x000000008c300000, 0x000000008c300000|100%| O|  |TAMS 0x000000008c300000, 0x000000008c300000| Untracked 
| 195|0x000000008c300000, 0x000000008c400000, 0x000000008c400000|100%| O|  |TAMS 0x000000008c400000, 0x000000008c400000| Untracked 
| 196|0x000000008c400000, 0x000000008c500000, 0x000000008c500000|100%| O|  |TAMS 0x000000008c500000, 0x000000008c500000| Untracked 
| 197|0x000000008c500000, 0x000000008c600000, 0x000000008c600000|100%| O|  |TAMS 0x000000008c600000, 0x000000008c600000| Untracked 
| 198|0x000000008c600000, 0x000000008c700000, 0x000000008c700000|100%| O|  |TAMS 0x000000008c600000, 0x000000008c700000| Untracked 
| 199|0x000000008c700000, 0x000000008c800000, 0x000000008c800000|100%| O|  |TAMS 0x000000008c800000, 0x000000008c800000| Untracked 
| 200|0x000000008c800000, 0x000000008c900000, 0x000000008c900000|100%| O|  |TAMS 0x000000008c800000, 0x000000008c900000| Untracked 
| 201|0x000000008c900000, 0x000000008ca00000, 0x000000008ca00000|100%| O|  |TAMS 0x000000008c900000, 0x000000008ca00000| Untracked 
| 202|0x000000008ca00000, 0x000000008cb00000, 0x000000008cb00000|100%| O|  |TAMS 0x000000008cb00000, 0x000000008cb00000| Untracked 
| 203|0x000000008cb00000, 0x000000008cc00000, 0x000000008cc00000|100%| O|  |TAMS 0x000000008cb00000, 0x000000008cc00000| Untracked 
| 204|0x000000008cc00000, 0x000000008cd00000, 0x000000008cd00000|100%| O|  |TAMS 0x000000008cd00000, 0x000000008cd00000| Untracked 
| 205|0x000000008cd00000, 0x000000008ce00000, 0x000000008ce00000|100%| O|  |TAMS 0x000000008ce00000, 0x000000008ce00000| Untracked 
| 206|0x000000008ce00000, 0x000000008cf00000, 0x000000008cf00000|100%| O|  |TAMS 0x000000008ce00000, 0x000000008cf00000| Untracked 
| 207|0x000000008cf00000, 0x000000008d000000, 0x000000008d000000|100%| O|  |TAMS 0x000000008cf00000, 0x000000008d000000| Untracked 
| 208|0x000000008d000000, 0x000000008d100000, 0x000000008d100000|100%| O|  |TAMS 0x000000008d000000, 0x000000008d100000| Untracked 
| 209|0x000000008d100000, 0x000000008d200000, 0x000000008d200000|100%| O|  |TAMS 0x000000008d100000, 0x000000008d200000| Untracked 
| 210|0x000000008d200000, 0x000000008d300000, 0x000000008d300000|100%| O|  |TAMS 0x000000008d200000, 0x000000008d300000| Untracked 
| 211|0x000000008d300000, 0x000000008d400000, 0x000000008d400000|100%| O|  |TAMS 0x000000008d300000, 0x000000008d400000| Untracked 
| 212|0x000000008d400000, 0x000000008d500000, 0x000000008d500000|100%| O|  |TAMS 0x000000008d400000, 0x000000008d500000| Untracked 
| 213|0x000000008d500000, 0x000000008d600000, 0x000000008d600000|100%| O|  |TAMS 0x000000008d500000, 0x000000008d600000| Untracked 
| 214|0x000000008d600000, 0x000000008d700000, 0x000000008d700000|100%| O|  |TAMS 0x000000008d600000, 0x000000008d700000| Untracked 
| 215|0x000000008d700000, 0x000000008d800000, 0x000000008d800000|100%| O|  |TAMS 0x000000008d700000, 0x000000008d800000| Untracked 
| 216|0x000000008d800000, 0x000000008d900000, 0x000000008d900000|100%| O|  |TAMS 0x000000008d800000, 0x000000008d900000| Untracked 
| 217|0x000000008d900000, 0x000000008da00000, 0x000000008da00000|100%| O|  |TAMS 0x000000008d900000, 0x000000008da00000| Untracked 
| 218|0x000000008da00000, 0x000000008db00000, 0x000000008db00000|100%| O|  |TAMS 0x000000008da00000, 0x000000008db00000| Untracked 
| 219|0x000000008db00000, 0x000000008dc00000, 0x000000008dc00000|100%| O|  |TAMS 0x000000008db00000, 0x000000008dc00000| Untracked 
| 220|0x000000008dc00000, 0x000000008dd00000, 0x000000008dd00000|100%| O|  |TAMS 0x000000008dc00000, 0x000000008dd00000| Untracked 
| 221|0x000000008dd00000, 0x000000008de00000, 0x000000008de00000|100%| O|  |TAMS 0x000000008dd00000, 0x000000008de00000| Untracked 
| 222|0x000000008de00000, 0x000000008df00000, 0x000000008df00000|100%| O|  |TAMS 0x000000008de00000, 0x000000008df00000| Untracked 
| 223|0x000000008df00000, 0x000000008e000000, 0x000000008e000000|100%| O|  |TAMS 0x000000008df00000, 0x000000008e000000| Untracked 
| 224|0x000000008e000000, 0x000000008e100000, 0x000000008e100000|100%| O|  |TAMS 0x000000008e000000, 0x000000008e100000| Untracked 
| 225|0x000000008e100000, 0x000000008e200000, 0x000000008e200000|100%| O|  |TAMS 0x000000008e100000, 0x000000008e200000| Untracked 
| 226|0x000000008e200000, 0x000000008e300000, 0x000000008e300000|100%| O|  |TAMS 0x000000008e200000, 0x000000008e300000| Untracked 
| 227|0x000000008e300000, 0x000000008e400000, 0x000000008e400000|100%| O|  |TAMS 0x000000008e300000, 0x000000008e400000| Untracked 
| 228|0x000000008e400000, 0x000000008e500000, 0x000000008e500000|100%| O|  |TAMS 0x000000008e400000, 0x000000008e500000| Untracked 
| 229|0x000000008e500000, 0x000000008e600000, 0x000000008e600000|100%| O|  |TAMS 0x000000008e500000, 0x000000008e600000| Untracked 
| 230|0x000000008e600000, 0x000000008e700000, 0x000000008e700000|100%| O|  |TAMS 0x000000008e600000, 0x000000008e700000| Untracked 
| 231|0x000000008e700000, 0x000000008e800000, 0x000000008e800000|100%| O|  |TAMS 0x000000008e700000, 0x000000008e800000| Untracked 
| 232|0x000000008e800000, 0x000000008e900000, 0x000000008e900000|100%| O|  |TAMS 0x000000008e800000, 0x000000008e900000| Untracked 
| 233|0x000000008e900000, 0x000000008ea00000, 0x000000008ea00000|100%| O|  |TAMS 0x000000008e900000, 0x000000008ea00000| Untracked 
| 234|0x000000008ea00000, 0x000000008eb00000, 0x000000008eb00000|100%| O|  |TAMS 0x000000008ea00000, 0x000000008eb00000| Untracked 
| 235|0x000000008eb00000, 0x000000008ec00000, 0x000000008ec00000|100%| O|  |TAMS 0x000000008eb00000, 0x000000008ec00000| Untracked 
| 236|0x000000008ec00000, 0x000000008ed00000, 0x000000008ed00000|100%| O|  |TAMS 0x000000008ec00000, 0x000000008ed00000| Untracked 
| 237|0x000000008ed00000, 0x000000008ee00000, 0x000000008ee00000|100%| O|  |TAMS 0x000000008ed00000, 0x000000008ee00000| Untracked 
| 238|0x000000008ee00000, 0x000000008ef00000, 0x000000008ef00000|100%| O|  |TAMS 0x000000008ee00000, 0x000000008ef00000| Untracked 
| 239|0x000000008ef00000, 0x000000008f000000, 0x000000008f000000|100%| O|  |TAMS 0x000000008ef00000, 0x000000008f000000| Untracked 
| 240|0x000000008f000000, 0x000000008f100000, 0x000000008f100000|100%| O|  |TAMS 0x000000008f000000, 0x000000008f100000| Untracked 
| 241|0x000000008f100000, 0x000000008f200000, 0x000000008f200000|100%| O|  |TAMS 0x000000008f100000, 0x000000008f200000| Untracked 
| 242|0x000000008f200000, 0x000000008f300000, 0x000000008f300000|100%| O|  |TAMS 0x000000008f200000, 0x000000008f300000| Untracked 
| 243|0x000000008f300000, 0x000000008f400000, 0x000000008f400000|100%| O|  |TAMS 0x000000008f300000, 0x000000008f400000| Untracked 
| 244|0x000000008f400000, 0x000000008f500000, 0x000000008f500000|100%| O|  |TAMS 0x000000008f400000, 0x000000008f500000| Untracked 
| 245|0x000000008f500000, 0x000000008f600000, 0x000000008f600000|100%| O|  |TAMS 0x000000008f500000, 0x000000008f600000| Untracked 
| 246|0x000000008f600000, 0x000000008f700000, 0x000000008f700000|100%| O|  |TAMS 0x000000008f600000, 0x000000008f700000| Untracked 
| 247|0x000000008f700000, 0x000000008f800000, 0x000000008f800000|100%| O|  |TAMS 0x000000008f700000, 0x000000008f800000| Untracked 
| 248|0x000000008f800000, 0x000000008f900000, 0x000000008f900000|100%| O|  |TAMS 0x000000008f800000, 0x000000008f900000| Untracked 
| 249|0x000000008f900000, 0x000000008fa00000, 0x000000008fa00000|100%| O|  |TAMS 0x000000008f900000, 0x000000008fa00000| Untracked 
| 250|0x000000008fa00000, 0x000000008fb00000, 0x000000008fb00000|100%| O|  |TAMS 0x000000008fa00000, 0x000000008fb00000| Untracked 
| 251|0x000000008fb00000, 0x000000008fc00000, 0x000000008fc00000|100%| O|  |TAMS 0x000000008fb00000, 0x000000008fc00000| Untracked 
| 252|0x000000008fc00000, 0x000000008fd00000, 0x000000008fd00000|100%| O|  |TAMS 0x000000008fc00000, 0x000000008fd00000| Untracked 
| 253|0x000000008fd00000, 0x000000008fe00000, 0x000000008fe00000|100%| O|  |TAMS 0x000000008fd00000, 0x000000008fe00000| Untracked 
| 254|0x000000008fe00000, 0x000000008ff00000, 0x000000008ff00000|100%| O|  |TAMS 0x000000008fe00000, 0x000000008ff00000| Untracked 
| 255|0x000000008ff00000, 0x0000000090000000, 0x0000000090000000|100%| O|  |TAMS 0x000000008ff00000, 0x0000000090000000| Untracked 
| 256|0x0000000090000000, 0x0000000090100000, 0x0000000090100000|100%| O|  |TAMS 0x0000000090000000, 0x0000000090100000| Untracked 
| 257|0x0000000090100000, 0x0000000090200000, 0x0000000090200000|100%| O|  |TAMS 0x0000000090100000, 0x0000000090200000| Untracked 
| 258|0x0000000090200000, 0x0000000090300000, 0x0000000090300000|100%| O|  |TAMS 0x0000000090200000, 0x0000000090300000| Untracked 
| 259|0x0000000090300000, 0x0000000090400000, 0x0000000090400000|100%| O|  |TAMS 0x0000000090300000, 0x0000000090400000| Untracked 
| 260|0x0000000090400000, 0x0000000090500000, 0x0000000090500000|100%| O|  |TAMS 0x0000000090400000, 0x0000000090500000| Untracked 
| 261|0x0000000090500000, 0x0000000090600000, 0x0000000090600000|100%| O|  |TAMS 0x0000000090500000, 0x0000000090600000| Untracked 
| 262|0x0000000090600000, 0x0000000090700000, 0x0000000090700000|100%| O|  |TAMS 0x0000000090600000, 0x0000000090700000| Untracked 
| 263|0x0000000090700000, 0x0000000090800000, 0x0000000090800000|100%| O|  |TAMS 0x0000000090700000, 0x0000000090800000| Untracked 
| 264|0x0000000090800000, 0x0000000090900000, 0x0000000090900000|100%| O|  |TAMS 0x0000000090800000, 0x0000000090800000| Untracked 
| 265|0x0000000090900000, 0x0000000090a00000, 0x0000000090a00000|100%| O|  |TAMS 0x0000000090900000, 0x0000000090900000| Untracked 
| 266|0x0000000090a00000, 0x0000000090b00000, 0x0000000090b00000|100%| O|  |TAMS 0x0000000090a00000, 0x0000000090a00000| Untracked 
| 267|0x0000000090b00000, 0x0000000090c00000, 0x0000000090c00000|100%| O|  |TAMS 0x0000000090b00000, 0x0000000090b00000| Untracked 
| 268|0x0000000090c00000, 0x0000000090d00000, 0x0000000090d00000|100%| O|  |TAMS 0x0000000090c00000, 0x0000000090c00000| Untracked 
| 269|0x0000000090d00000, 0x0000000090e00000, 0x0000000090e00000|100%| O|  |TAMS 0x0000000090d00000, 0x0000000090d00000| Untracked 
| 270|0x0000000090e00000, 0x0000000090f00000, 0x0000000090f00000|100%| O|  |TAMS 0x0000000090e00000, 0x0000000090e00000| Untracked 
| 271|0x0000000090f00000, 0x0000000091000000, 0x0000000091000000|100%| O|  |TAMS 0x0000000090f00000, 0x0000000090f00000| Untracked 
| 272|0x0000000091000000, 0x0000000091100000, 0x0000000091100000|100%| O|  |TAMS 0x0000000091000000, 0x0000000091000000| Untracked 
| 273|0x0000000091100000, 0x0000000091200000, 0x0000000091200000|100%| O|  |TAMS 0x0000000091100000, 0x0000000091100000| Untracked 
| 274|0x0000000091200000, 0x0000000091300000, 0x0000000091300000|100%| O|  |TAMS 0x0000000091200000, 0x0000000091200000| Untracked 
| 275|0x0000000091300000, 0x0000000091400000, 0x0000000091400000|100%| O|  |TAMS 0x0000000091300000, 0x0000000091300000| Untracked 
| 276|0x0000000091400000, 0x0000000091500000, 0x0000000091500000|100%| O|  |TAMS 0x0000000091400000, 0x0000000091400000| Untracked 
| 277|0x0000000091500000, 0x0000000091600000, 0x0000000091600000|100%| O|  |TAMS 0x0000000091500000, 0x0000000091500000| Untracked 
| 278|0x0000000091600000, 0x0000000091680000, 0x0000000091700000| 50%| O|  |TAMS 0x0000000091600000, 0x0000000091600000| Untracked 
| 279|0x0000000091700000, 0x0000000091700000, 0x0000000091800000|  0%| F|  |TAMS 0x0000000091700000, 0x0000000091700000| Untracked 
| 280|0x0000000091800000, 0x0000000091800000, 0x0000000091900000|  0%| F|  |TAMS 0x0000000091800000, 0x0000000091800000| Untracked 
| 281|0x0000000091900000, 0x0000000091900000, 0x0000000091a00000|  0%| F|  |TAMS 0x0000000091900000, 0x0000000091900000| Untracked 
| 282|0x0000000091a00000, 0x0000000091a00000, 0x0000000091b00000|  0%| F|  |TAMS 0x0000000091a00000, 0x0000000091a00000| Untracked 
| 283|0x0000000091b00000, 0x0000000091b00000, 0x0000000091c00000|  0%| F|  |TAMS 0x0000000091b00000, 0x0000000091b00000| Untracked 
| 284|0x0000000091c00000, 0x0000000091c00000, 0x0000000091d00000|  0%| F|  |TAMS 0x0000000091c00000, 0x0000000091c00000| Untracked 
| 285|0x0000000091d00000, 0x0000000091d00000, 0x0000000091e00000|  0%| F|  |TAMS 0x0000000091d00000, 0x0000000091d00000| Untracked 
| 286|0x0000000091e00000, 0x0000000091e00000, 0x0000000091f00000|  0%| F|  |TAMS 0x0000000091e00000, 0x0000000091e00000| Untracked 
| 287|0x0000000091f00000, 0x0000000091f00000, 0x0000000092000000|  0%| F|  |TAMS 0x0000000091f00000, 0x0000000091f00000| Untracked 
| 288|0x0000000092000000, 0x0000000092000000, 0x0000000092100000|  0%| F|  |TAMS 0x0000000092000000, 0x0000000092000000| Untracked 
| 289|0x0000000092100000, 0x0000000092100000, 0x0000000092200000|  0%| F|  |TAMS 0x0000000092100000, 0x0000000092100000| Untracked 
| 290|0x0000000092200000, 0x0000000092200000, 0x0000000092300000|  0%| F|  |TAMS 0x0000000092200000, 0x0000000092200000| Untracked 
| 291|0x0000000092300000, 0x0000000092300000, 0x0000000092400000|  0%| F|  |TAMS 0x0000000092300000, 0x0000000092300000| Untracked 
| 292|0x0000000092400000, 0x0000000092400000, 0x0000000092500000|  0%| F|  |TAMS 0x0000000092400000, 0x0000000092400000| Untracked 
| 293|0x0000000092500000, 0x0000000092500000, 0x0000000092600000|  0%| F|  |TAMS 0x0000000092500000, 0x0000000092500000| Untracked 
| 294|0x0000000092600000, 0x0000000092600000, 0x0000000092700000|  0%| F|  |TAMS 0x0000000092600000, 0x0000000092600000| Untracked 
| 295|0x0000000092700000, 0x0000000092700000, 0x0000000092800000|  0%| F|  |TAMS 0x0000000092700000, 0x0000000092700000| Untracked 
| 296|0x0000000092800000, 0x0000000092800000, 0x0000000092900000|  0%| F|  |TAMS 0x0000000092800000, 0x0000000092800000| Untracked 
| 297|0x0000000092900000, 0x0000000092900000, 0x0000000092a00000|  0%| F|  |TAMS 0x0000000092900000, 0x0000000092900000| Untracked 
| 298|0x0000000092a00000, 0x0000000092a00000, 0x0000000092b00000|  0%| F|  |TAMS 0x0000000092a00000, 0x0000000092a00000| Untracked 
| 299|0x0000000092b00000, 0x0000000092b00000, 0x0000000092c00000|  0%| F|  |TAMS 0x0000000092b00000, 0x0000000092b00000| Untracked 
| 300|0x0000000092c00000, 0x0000000092c00000, 0x0000000092d00000|  0%| F|  |TAMS 0x0000000092c00000, 0x0000000092c00000| Untracked 
| 301|0x0000000092d00000, 0x0000000092d00000, 0x0000000092e00000|  0%| F|  |TAMS 0x0000000092d00000, 0x0000000092d00000| Untracked 
| 302|0x0000000092e00000, 0x0000000092e00000, 0x0000000092f00000|  0%| F|  |TAMS 0x0000000092e00000, 0x0000000092e00000| Untracked 
| 303|0x0000000092f00000, 0x0000000092f00000, 0x0000000093000000|  0%| F|  |TAMS 0x0000000092f00000, 0x0000000092f00000| Untracked 
| 304|0x0000000093000000, 0x0000000093000000, 0x0000000093100000|  0%| F|  |TAMS 0x0000000093000000, 0x0000000093000000| Untracked 
| 305|0x0000000093100000, 0x0000000093100000, 0x0000000093200000|  0%| F|  |TAMS 0x0000000093100000, 0x0000000093100000| Untracked 
| 306|0x0000000093200000, 0x0000000093200000, 0x0000000093300000|  0%| F|  |TAMS 0x0000000093200000, 0x0000000093200000| Untracked 
| 307|0x0000000093300000, 0x0000000093300000, 0x0000000093400000|  0%| F|  |TAMS 0x0000000093300000, 0x0000000093300000| Untracked 
| 308|0x0000000093400000, 0x0000000093400000, 0x0000000093500000|  0%| F|  |TAMS 0x0000000093400000, 0x0000000093400000| Untracked 
| 309|0x0000000093500000, 0x0000000093500000, 0x0000000093600000|  0%| F|  |TAMS 0x0000000093500000, 0x0000000093500000| Untracked 
| 310|0x0000000093600000, 0x0000000093600000, 0x0000000093700000|  0%| F|  |TAMS 0x0000000093600000, 0x0000000093600000| Untracked 
| 311|0x0000000093700000, 0x0000000093700000, 0x0000000093800000|  0%| F|  |TAMS 0x0000000093700000, 0x0000000093700000| Untracked 
| 312|0x0000000093800000, 0x0000000093800000, 0x0000000093900000|  0%| F|  |TAMS 0x0000000093800000, 0x0000000093800000| Untracked 
| 313|0x0000000093900000, 0x0000000093900000, 0x0000000093a00000|  0%| F|  |TAMS 0x0000000093900000, 0x0000000093900000| Untracked 
| 314|0x0000000093a00000, 0x0000000093a00000, 0x0000000093b00000|  0%| F|  |TAMS 0x0000000093a00000, 0x0000000093a00000| Untracked 
| 315|0x0000000093b00000, 0x0000000093b00000, 0x0000000093c00000|  0%| F|  |TAMS 0x0000000093b00000, 0x0000000093b00000| Untracked 
| 316|0x0000000093c00000, 0x0000000093c00000, 0x0000000093d00000|  0%| F|  |TAMS 0x0000000093c00000, 0x0000000093c00000| Untracked 
| 317|0x0000000093d00000, 0x0000000093d00000, 0x0000000093e00000|  0%| F|  |TAMS 0x0000000093d00000, 0x0000000093d00000| Untracked 
| 318|0x0000000093e00000, 0x0000000093e00000, 0x0000000093f00000|  0%| F|  |TAMS 0x0000000093e00000, 0x0000000093e00000| Untracked 
| 319|0x0000000093f00000, 0x0000000093f00000, 0x0000000094000000|  0%| F|  |TAMS 0x0000000093f00000, 0x0000000093f00000| Untracked 
| 320|0x0000000094000000, 0x0000000094000000, 0x0000000094100000|  0%| F|  |TAMS 0x0000000094000000, 0x0000000094000000| Untracked 
| 321|0x0000000094100000, 0x0000000094100000, 0x0000000094200000|  0%| F|  |TAMS 0x0000000094100000, 0x0000000094100000| Untracked 
| 322|0x0000000094200000, 0x0000000094200000, 0x0000000094300000|  0%| F|  |TAMS 0x0000000094200000, 0x0000000094200000| Untracked 
| 323|0x0000000094300000, 0x0000000094300000, 0x0000000094400000|  0%| F|  |TAMS 0x0000000094300000, 0x0000000094300000| Untracked 
| 324|0x0000000094400000, 0x0000000094400000, 0x0000000094500000|  0%| F|  |TAMS 0x0000000094400000, 0x0000000094400000| Untracked 
| 325|0x0000000094500000, 0x0000000094500000, 0x0000000094600000|  0%| F|  |TAMS 0x0000000094500000, 0x0000000094500000| Untracked 
| 326|0x0000000094600000, 0x0000000094600000, 0x0000000094700000|  0%| F|  |TAMS 0x0000000094600000, 0x0000000094600000| Untracked 
| 327|0x0000000094700000, 0x0000000094700000, 0x0000000094800000|  0%| F|  |TAMS 0x0000000094700000, 0x0000000094700000| Untracked 
| 328|0x0000000094800000, 0x0000000094800000, 0x0000000094900000|  0%| F|  |TAMS 0x0000000094800000, 0x0000000094800000| Untracked 
| 329|0x0000000094900000, 0x0000000094900000, 0x0000000094a00000|  0%| F|  |TAMS 0x0000000094900000, 0x0000000094900000| Untracked 
| 330|0x0000000094a00000, 0x0000000094a00000, 0x0000000094b00000|  0%| F|  |TAMS 0x0000000094a00000, 0x0000000094a00000| Untracked 
| 331|0x0000000094b00000, 0x0000000094b00000, 0x0000000094c00000|  0%| F|  |TAMS 0x0000000094b00000, 0x0000000094b00000| Untracked 
| 332|0x0000000094c00000, 0x0000000094c00000, 0x0000000094d00000|  0%| F|  |TAMS 0x0000000094c00000, 0x0000000094c00000| Untracked 
| 333|0x0000000094d00000, 0x0000000094d00000, 0x0000000094e00000|  0%| F|  |TAMS 0x0000000094d00000, 0x0000000094d00000| Untracked 
| 334|0x0000000094e00000, 0x0000000094e00000, 0x0000000094f00000|  0%| F|  |TAMS 0x0000000094e00000, 0x0000000094e00000| Untracked 
| 335|0x0000000094f00000, 0x0000000094f00000, 0x0000000095000000|  0%| F|  |TAMS 0x0000000094f00000, 0x0000000094f00000| Untracked 
| 336|0x0000000095000000, 0x0000000095000000, 0x0000000095100000|  0%| F|  |TAMS 0x0000000095000000, 0x0000000095000000| Untracked 
| 337|0x0000000095100000, 0x0000000095200000, 0x0000000095200000|100%| S|CS|TAMS 0x0000000095100000, 0x0000000095100000| Complete 
| 338|0x0000000095200000, 0x0000000095300000, 0x0000000095300000|100%| S|CS|TAMS 0x0000000095200000, 0x0000000095200000| Complete 
| 339|0x0000000095300000, 0x0000000095400000, 0x0000000095400000|100%| S|CS|TAMS 0x0000000095300000, 0x0000000095300000| Complete 
| 340|0x0000000095400000, 0x0000000095500000, 0x0000000095500000|100%| S|CS|TAMS 0x0000000095400000, 0x0000000095400000| Complete 
| 341|0x0000000095500000, 0x0000000095500000, 0x0000000095600000|  0%| F|  |TAMS 0x0000000095500000, 0x0000000095500000| Untracked 
| 342|0x0000000095600000, 0x0000000095600000, 0x0000000095700000|  0%| F|  |TAMS 0x0000000095600000, 0x0000000095600000| Untracked 
| 343|0x0000000095700000, 0x0000000095700000, 0x0000000095800000|  0%| F|  |TAMS 0x0000000095700000, 0x0000000095700000| Untracked 
| 344|0x0000000095800000, 0x0000000095800000, 0x0000000095900000|  0%| F|  |TAMS 0x0000000095800000, 0x0000000095800000| Untracked 
| 345|0x0000000095900000, 0x0000000095900000, 0x0000000095a00000|  0%| F|  |TAMS 0x0000000095900000, 0x0000000095900000| Untracked 
| 346|0x0000000095a00000, 0x0000000095a00000, 0x0000000095b00000|  0%| F|  |TAMS 0x0000000095a00000, 0x0000000095a00000| Untracked 
| 347|0x0000000095b00000, 0x0000000095b00000, 0x0000000095c00000|  0%| F|  |TAMS 0x0000000095b00000, 0x0000000095b00000| Untracked 
| 348|0x0000000095c00000, 0x0000000095c00000, 0x0000000095d00000|  0%| F|  |TAMS 0x0000000095c00000, 0x0000000095c00000| Untracked 
| 349|0x0000000095d00000, 0x0000000095d00000, 0x0000000095e00000|  0%| F|  |TAMS 0x0000000095d00000, 0x0000000095d00000| Untracked 
| 350|0x0000000095e00000, 0x0000000095e00000, 0x0000000095f00000|  0%| F|  |TAMS 0x0000000095e00000, 0x0000000095e00000| Untracked 
| 351|0x0000000095f00000, 0x0000000095f00000, 0x0000000096000000|  0%| F|  |TAMS 0x0000000095f00000, 0x0000000095f00000| Untracked 
| 352|0x0000000096000000, 0x0000000096000000, 0x0000000096100000|  0%| F|  |TAMS 0x0000000096000000, 0x0000000096000000| Untracked 
| 353|0x0000000096100000, 0x0000000096100000, 0x0000000096200000|  0%| F|  |TAMS 0x0000000096100000, 0x0000000096100000| Untracked 
| 354|0x0000000096200000, 0x0000000096200000, 0x0000000096300000|  0%| F|  |TAMS 0x0000000096200000, 0x0000000096200000| Untracked 
| 355|0x0000000096300000, 0x0000000096300000, 0x0000000096400000|  0%| F|  |TAMS 0x0000000096300000, 0x0000000096300000| Untracked 
| 356|0x0000000096400000, 0x0000000096400000, 0x0000000096500000|  0%| F|  |TAMS 0x0000000096400000, 0x0000000096400000| Untracked 
| 357|0x0000000096500000, 0x0000000096500000, 0x0000000096600000|  0%| F|  |TAMS 0x0000000096500000, 0x0000000096500000| Untracked 
| 358|0x0000000096600000, 0x0000000096600000, 0x0000000096700000|  0%| F|  |TAMS 0x0000000096600000, 0x0000000096600000| Untracked 
| 359|0x0000000096700000, 0x0000000096700000, 0x0000000096800000|  0%| F|  |TAMS 0x0000000096700000, 0x0000000096700000| Untracked 
| 360|0x0000000096800000, 0x0000000096800000, 0x0000000096900000|  0%| F|  |TAMS 0x0000000096800000, 0x0000000096800000| Untracked 
| 361|0x0000000096900000, 0x0000000096900000, 0x0000000096a00000|  0%| F|  |TAMS 0x0000000096900000, 0x0000000096900000| Untracked 
| 362|0x0000000096a00000, 0x0000000096a00000, 0x0000000096b00000|  0%| F|  |TAMS 0x0000000096a00000, 0x0000000096a00000| Untracked 
| 363|0x0000000096b00000, 0x0000000096b00000, 0x0000000096c00000|  0%| F|  |TAMS 0x0000000096b00000, 0x0000000096b00000| Untracked 
| 364|0x0000000096c00000, 0x0000000096c00000, 0x0000000096d00000|  0%| F|  |TAMS 0x0000000096c00000, 0x0000000096c00000| Untracked 
| 365|0x0000000096d00000, 0x0000000096d00000, 0x0000000096e00000|  0%| F|  |TAMS 0x0000000096d00000, 0x0000000096d00000| Untracked 
| 366|0x0000000096e00000, 0x0000000096e00000, 0x0000000096f00000|  0%| F|  |TAMS 0x0000000096e00000, 0x0000000096e00000| Untracked 

Card table byte_map: [0x0000025df0650000,0x0000025df0a50000] _byte_map_base: 0x0000025df0250000

Marking Bits (Prev, Next): (CMBitMap*) 0x0000025ddd780718, (CMBitMap*) 0x0000025ddd780750
 Prev Bits: [0x0000025df0e50000, 0x0000025df2e50000)
 Next Bits: [0x0000025df2e50000, 0x0000025df4e50000)

Polling page: 0x0000025ddb6a0000

Metaspace:

Usage:
  Non-class:     88.19 MB capacity,    86.72 MB ( 98%) used,     1.19 MB (  1%) free+waste,   279.69 KB ( <1%) overhead. 
      Class:     13.81 MB capacity,    12.94 MB ( 94%) used,   775.34 KB (  5%) free+waste,   123.69 KB ( <1%) overhead. 
       Both:    102.00 MB capacity,    99.66 MB ( 98%) used,     1.95 MB (  2%) free+waste,   403.38 KB ( <1%) overhead. 

Virtual space:
  Non-class space:       90.00 MB reserved,      88.20 MB ( 98%) committed 
      Class space:        1.00 GB reserved,      13.88 MB (  1%) committed 
             Both:        1.09 GB reserved,     102.07 MB (  9%) committed 

Chunk freelists:
   Non-Class:  11.00 KB
       Class:  0 bytes
        Both:  11.00 KB

MaxMetaspaceSize: 17179869184.00 GB
CompressedClassSpaceSize: 1.00 GB
Initial GC threshold: 20.80 MB
Current GC threshold: 170.13 MB
CDS: off

CodeHeap 'non-profiled nmethods': size=120064Kb used=6814Kb max_used=6814Kb free=113249Kb
 bounds [0x0000025de8d10000, 0x0000025de93c0000, 0x0000025df0250000]
CodeHeap 'profiled nmethods': size=120000Kb used=26216Kb max_used=26216Kb free=93784Kb
 bounds [0x0000025de17e0000, 0x0000025de3180000, 0x0000025de8d10000]
CodeHeap 'non-nmethods': size=5696Kb used=2410Kb max_used=2469Kb free=3285Kb
 bounds [0x0000025de1250000, 0x0000025de14d0000, 0x0000025de17e0000]
 total_blobs=13740 nmethods=12808 adapters=844
 compilation: enabled
              stopped_count=0, restarted_count=0
 full_count=0

Compilation events (20 events):
Event: 20.136 Thread 0x0000025df7377000 12998       2       com.android.tools.r8.code.v::<init> (7 bytes)
Event: 20.136 Thread 0x0000025df7377000 nmethod 12998 0x0000025de316dd90 code [0x0000025de316df40, 0x0000025de316e098]
Event: 20.137 Thread 0x0000025df7377000 12999       3       com.android.tools.r8.dex.h::<init> (620 bytes)
Event: 20.140 Thread 0x0000025df7377000 nmethod 12999 0x0000025de316e190 code [0x0000025de316e880, 0x0000025de3172fa8]
Event: 20.147 Thread 0x0000025df7377000 13001       2       com.android.tools.r8.code.a::<init> (7 bytes)
Event: 20.147 Thread 0x0000025df7377000 nmethod 13001 0x0000025de3174790 code [0x0000025de3174940, 0x0000025de3174a98]
Event: 20.159 Thread 0x0000025df7377000 13004 %     3       com.android.tools.r8.graph.N2::a @ 72 (133 bytes)
Event: 20.160 Thread 0x0000025df7377000 nmethod 13004% 0x0000025de3174b90 code [0x0000025de3174ea0, 0x0000025de31762a8]
Event: 20.161 Thread 0x0000025df7377000 13005 %     3       com.android.tools.r8.graph.N2::f @ 15 (64 bytes)
Event: 20.162 Thread 0x0000025df7377000 nmethod 13005% 0x0000025de3176a90 code [0x0000025de3176ce0, 0x0000025de3177758]
Event: 20.162 Thread 0x0000025df7377000 13006       3       com.android.tools.r8.graph.N2::f (64 bytes)
Event: 20.162 Thread 0x0000025df7377000 nmethod 13006 0x0000025de3177a10 code [0x0000025de3177c60, 0x0000025de3178698]
Event: 20.165 Thread 0x0000025df7376000 nmethod 12915% 0x0000025de93a1290 code [0x0000025de93a3100, 0x0000025de93b0168]
Event: 20.166 Thread 0x0000025df7376000 12845       4       com.android.tools.r8.dex.i::a (102 bytes)
Event: 20.173 Thread 0x0000025df7376000 nmethod 12845 0x0000025de93b6d10 code [0x0000025de93b6f00, 0x0000025de93b74b8]
Event: 20.173 Thread 0x0000025df7376000 13008       4       com.android.tools.r8.code.y1::a (4129 bytes)
Event: 20.177 Thread 0x0000025df7377000 13009 %     3       com.android.tools.r8.graph.d1::a @ 14 (49 bytes)
Event: 20.177 Thread 0x0000025df7377000 nmethod 13009% 0x0000025de3178910 code [0x0000025de3178b40, 0x0000025de3179228]
Event: 20.177 Thread 0x0000025df7377000 13010       3       com.android.tools.r8.graph.d1::a (49 bytes)
Event: 20.178 Thread 0x0000025df7377000 nmethod 13010 0x0000025de3179490 code [0x0000025de31796c0, 0x0000025de3179d68]

GC Heap History (20 events):
Event: 18.606 GC heap after
{Heap after GC invocations=51 (full 0):
 garbage-first heap   total 194560K, used 130512K [0x0000000080000000, 0x0000000100000000)
  region size 1024K, 6 young (6144K), 6 survivors (6144K)
 Metaspace       used 99507K, capacity 101757K, committed 101964K, reserved 1138688K
  class space    used 12781K, capacity 13634K, committed 13696K, reserved 1048576K
}
Event: 18.638 GC heap before
{Heap before GC invocations=51 (full 0):
 garbage-first heap   total 197632K, used 196048K [0x0000000080000000, 0x0000000100000000)
  region size 1024K, 25 young (25600K), 6 survivors (6144K)
 Metaspace       used 99516K, capacity 101757K, committed 101964K, reserved 1138688K
  class space    used 12781K, capacity 13634K, committed 13696K, reserved 1048576K
}
Event: 18.645 GC heap after
{Heap after GC invocations=52 (full 0):
 garbage-first heap   total 253952K, used 156658K [0x0000000080000000, 0x0000000100000000)
  region size 1024K, 5 young (5120K), 5 survivors (5120K)
 Metaspace       used 99516K, capacity 101757K, committed 101964K, reserved 1138688K
  class space    used 12781K, capacity 13634K, committed 13696K, reserved 1048576K
}
Event: 18.887 GC heap before
{Heap before GC invocations=53 (full 0):
 garbage-first heap   total 253952K, used 189426K [0x0000000080000000, 0x0000000100000000)
  region size 1024K, 39 young (39936K), 5 survivors (5120K)
 Metaspace       used 99740K, capacity 102021K, committed 102220K, reserved 1138688K
  class space    used 12804K, capacity 13636K, committed 13696K, reserved 1048576K
}
Event: 18.908 GC heap after
{Heap after GC invocations=54 (full 0):
 garbage-first heap   total 253952K, used 170413K [0x0000000080000000, 0x0000000100000000)
  region size 1024K, 6 young (6144K), 6 survivors (6144K)
 Metaspace       used 99740K, capacity 102021K, committed 102220K, reserved 1138688K
  class space    used 12804K, capacity 13636K, committed 13696K, reserved 1048576K
}
Event: 19.046 GC heap before
{Heap before GC invocations=54 (full 0):
 garbage-first heap   total 253952K, used 203181K [0x0000000080000000, 0x0000000100000000)
  region size 1024K, 36 young (36864K), 6 survivors (6144K)
 Metaspace       used 99740K, capacity 102021K, committed 102220K, reserved 1138688K
  class space    used 12804K, capacity 13636K, committed 13696K, reserved 1048576K
}
Event: 19.074 GC heap after
{Heap after GC invocations=55 (full 0):
 garbage-first heap   total 253952K, used 185178K [0x0000000080000000, 0x0000000100000000)
  region size 1024K, 5 young (5120K), 5 survivors (5120K)
 Metaspace       used 99740K, capacity 102021K, committed 102220K, reserved 1138688K
  class space    used 12804K, capacity 13636K, committed 13696K, reserved 1048576K
}
Event: 19.243 GC heap before
{Heap before GC invocations=56 (full 0):
 garbage-first heap   total 253952K, used 211802K [0x0000000080000000, 0x0000000100000000)
  region size 1024K, 27 young (27648K), 5 survivors (5120K)
 Metaspace       used 101361K, capacity 103678K, committed 104012K, reserved 1138688K
  class space    used 13198K, capacity 14085K, committed 14208K, reserved 1048576K
}
Event: 19.274 GC heap after
{Heap after GC invocations=57 (full 0):
 garbage-first heap   total 253952K, used 198912K [0x0000000080000000, 0x0000000100000000)
  region size 1024K, 4 young (4096K), 4 survivors (4096K)
 Metaspace       used 101361K, capacity 103678K, committed 104012K, reserved 1138688K
  class space    used 13198K, capacity 14085K, committed 14208K, reserved 1048576K
}
Event: 19.461 GC heap before
{Heap before GC invocations=57 (full 0):
 garbage-first heap   total 253952K, used 214272K [0x0000000080000000, 0x0000000100000000)
  region size 1024K, 19 young (19456K), 4 survivors (4096K)
 Metaspace       used 101989K, capacity 104382K, committed 104524K, reserved 1140736K
  class space    used 13244K, capacity 14145K, committed 14208K, reserved 1048576K
}
Event: 19.478 GC heap after
{Heap after GC invocations=58 (full 0):
 garbage-first heap   total 253952K, used 206754K [0x0000000080000000, 0x0000000100000000)
  region size 1024K, 3 young (3072K), 3 survivors (3072K)
 Metaspace       used 101989K, capacity 104382K, committed 104524K, reserved 1140736K
  class space    used 13244K, capacity 14145K, committed 14208K, reserved 1048576K
}
Event: 19.531 GC heap before
{Heap before GC invocations=58 (full 0):
 garbage-first heap   total 253952K, used 218018K [0x0000000080000000, 0x0000000100000000)
  region size 1024K, 14 young (14336K), 3 survivors (3072K)
 Metaspace       used 102006K, capacity 104382K, committed 104524K, reserved 1140736K
  class space    used 13244K, capacity 14145K, committed 14208K, reserved 1048576K
}
Event: 19.549 GC heap after
{Heap after GC invocations=59 (full 0):
 garbage-first heap   total 375808K, used 213402K [0x0000000080000000, 0x0000000100000000)
  region size 1024K, 2 young (2048K), 2 survivors (2048K)
 Metaspace       used 102006K, capacity 104382K, committed 104524K, reserved 1140736K
  class space    used 13244K, capacity 14145K, committed 14208K, reserved 1048576K
}
Event: 19.834 GC heap before
{Heap before GC invocations=59 (full 0):
 garbage-first heap   total 375808K, used 258458K [0x0000000080000000, 0x0000000100000000)
  region size 1024K, 49 young (50176K), 2 survivors (2048K)
 Metaspace       used 102047K, capacity 104450K, committed 104524K, reserved 1140736K
  class space    used 13245K, capacity 14145K, committed 14208K, reserved 1048576K
}
Event: 19.860 GC heap after
{Heap after GC invocations=60 (full 0):
 garbage-first heap   total 375808K, used 235873K [0x0000000080000000, 0x0000000100000000)
  region size 1024K, 7 young (7168K), 7 survivors (7168K)
 Metaspace       used 102047K, capacity 104450K, committed 104524K, reserved 1140736K
  class space    used 13245K, capacity 14145K, committed 14208K, reserved 1048576K
}
Event: 19.999 GC heap before
{Heap before GC invocations=61 (full 0):
 garbage-first heap   total 375808K, used 275809K [0x0000000080000000, 0x0000000100000000)
  region size 1024K, 47 young (48128K), 7 survivors (7168K)
 Metaspace       used 102049K, capacity 104450K, committed 104524K, reserved 1140736K
  class space    used 13245K, capacity 14145K, committed 14208K, reserved 1048576K
}
Event: 20.024 GC heap after
{Heap after GC invocations=62 (full 0):
 garbage-first heap   total 375808K, used 257536K [0x0000000080000000, 0x0000000100000000)
  region size 1024K, 6 young (6144K), 6 survivors (6144K)
 Metaspace       used 102049K, capacity 104450K, committed 104524K, reserved 1140736K
  class space    used 13245K, capacity 14145K, committed 14208K, reserved 1048576K
}
Event: 20.089 GC heap before
{Heap before GC invocations=62 (full 0):
 garbage-first heap   total 375808K, used 290304K [0x0000000080000000, 0x0000000100000000)
  region size 1024K, 39 young (39936K), 6 survivors (6144K)
 Metaspace       used 102049K, capacity 104450K, committed 104524K, reserved 1140736K
  class space    used 13245K, capacity 14145K, committed 14208K, reserved 1048576K
}
Event: 20.112 GC heap after
{Heap after GC invocations=63 (full 0):
 garbage-first heap   total 375808K, used 275456K [0x0000000080000000, 0x0000000100000000)
  region size 1024K, 5 young (5120K), 5 survivors (5120K)
 Metaspace       used 102049K, capacity 104450K, committed 104524K, reserved 1140736K
  class space    used 13245K, capacity 14145K, committed 14208K, reserved 1048576K
}
Event: 20.205 GC heap before
{Heap before GC invocations=63 (full 0):
 garbage-first heap   total 375808K, used 301056K [0x0000000080000000, 0x0000000100000000)
  region size 1024K, 31 young (31744K), 5 survivors (5120K)
 Metaspace       used 102050K, capacity 104450K, committed 104524K, reserved 1140736K
  class space    used 13245K, capacity 14145K, committed 14208K, reserved 1048576K
}

Deoptimization events (20 events):
Event: 20.181 Thread 0x0000025dfe4a5000 DEOPT PACKING pc=0x0000025de309aa15 sp=0x00000092760fe9a0
Event: 20.181 Thread 0x0000025dfe4a5000 DEOPT UNPACKING pc=0x0000025de129a95e sp=0x00000092760fdfa0 mode 0
Event: 20.186 Thread 0x0000025dfe4a5000 DEOPT PACKING pc=0x0000025de309aa15 sp=0x00000092760fe9a0
Event: 20.186 Thread 0x0000025dfe4a5000 DEOPT UNPACKING pc=0x0000025de129a95e sp=0x00000092760fdfa0 mode 0
Event: 20.188 Thread 0x0000025dfe4a5000 DEOPT PACKING pc=0x0000025de309aa15 sp=0x00000092760fe9a0
Event: 20.188 Thread 0x0000025dfe4a5000 DEOPT UNPACKING pc=0x0000025de129a95e sp=0x00000092760fdfa0 mode 0
Event: 20.190 Thread 0x0000025dfe4a5000 DEOPT PACKING pc=0x0000025de309aa15 sp=0x00000092760fe9a0
Event: 20.190 Thread 0x0000025dfe4a5000 DEOPT UNPACKING pc=0x0000025de129a95e sp=0x00000092760fdfa0 mode 0
Event: 20.192 Thread 0x0000025dfe4a5000 DEOPT PACKING pc=0x0000025de312f9f9 sp=0x00000092760fe190
Event: 20.192 Thread 0x0000025dfe4a5000 DEOPT UNPACKING pc=0x0000025de129a95e sp=0x00000092760fdde0 mode 0
Event: 20.195 Thread 0x0000025dfe4a5000 DEOPT PACKING pc=0x0000025de309aa15 sp=0x00000092760fe9a0
Event: 20.195 Thread 0x0000025dfe4a5000 DEOPT UNPACKING pc=0x0000025de129a95e sp=0x00000092760fdfa0 mode 0
Event: 20.197 Thread 0x0000025dfe4a5000 DEOPT PACKING pc=0x0000025de309aa15 sp=0x00000092760fe9a0
Event: 20.197 Thread 0x0000025dfe4a5000 DEOPT UNPACKING pc=0x0000025de129a95e sp=0x00000092760fdfa0 mode 0
Event: 20.201 Thread 0x0000025dfe4a5000 DEOPT PACKING pc=0x0000025de309aa15 sp=0x00000092760fe9a0
Event: 20.201 Thread 0x0000025dfe4a5000 DEOPT UNPACKING pc=0x0000025de129a95e sp=0x00000092760fdfa0 mode 0
Event: 20.203 Thread 0x0000025dfe4a5000 DEOPT PACKING pc=0x0000025de312f9f9 sp=0x00000092760fe190
Event: 20.203 Thread 0x0000025dfe4a5000 DEOPT UNPACKING pc=0x0000025de129a95e sp=0x00000092760fdde0 mode 0
Event: 20.204 Thread 0x0000025dfe4a5000 DEOPT PACKING pc=0x0000025de309aa15 sp=0x00000092760fe9a0
Event: 20.204 Thread 0x0000025dfe4a5000 DEOPT UNPACKING pc=0x0000025de129a95e sp=0x00000092760fdfa0 mode 0

Classes redefined (0 events):
No events

Internal exceptions (20 events):
Event: 13.427 Thread 0x0000025dfb384800 Exception <a 'java/lang/NoSuchMethodError'{0x0000000087d45358}: 'void java.lang.invoke.DirectMethodHandle$Holder.invokeVirtual(java.lang.Object, java.lang.Object)'> (0x0000000087d45358) thrown at [./src/hotspot/share/interpreter/linkResolver.cpp, line 773]
Event: 13.621 Thread 0x0000025dfb37f000 Implicit null exception at 0x0000025de9169cdb to 0x0000025de916a510
Event: 13.621 Thread 0x0000025dfb378800 Implicit null exception at 0x0000025de9169cdb to 0x0000025de916a510
Event: 15.253 Thread 0x0000025df815a000 Exception <a 'java/lang/NoSuchMethodError'{0x00000000895a4f10}: <clinit>> (0x00000000895a4f10) thrown at [./src/hotspot/share/prims/jni.cpp, line 1365]
Event: 15.253 Thread 0x0000025df815a000 Exception <a 'java/lang/NoSuchMethodError'{0x00000000895a6fb8}: <clinit>> (0x00000000895a6fb8) thrown at [./src/hotspot/share/prims/jni.cpp, line 1365]
Event: 15.253 Thread 0x0000025df815a000 Exception <a 'java/lang/NoSuchMethodError'{0x00000000895aa648}: <clinit>> (0x00000000895aa648) thrown at [./src/hotspot/share/prims/jni.cpp, line 1365]
Event: 15.255 Thread 0x0000025df815a000 Exception <a 'java/lang/NoSuchMethodError'{0x0000000089412c40}: <clinit>> (0x0000000089412c40) thrown at [./src/hotspot/share/prims/jni.cpp, line 1365]
Event: 15.255 Thread 0x0000025df815a000 Exception <a 'java/lang/NoSuchMethodError'{0x0000000089414918}: <clinit>> (0x0000000089414918) thrown at [./src/hotspot/share/prims/jni.cpp, line 1365]
Event: 15.389 Thread 0x0000025df815a000 Implicit null exception at 0x0000025de91f756c to 0x0000025de91f7c30
Event: 16.692 Thread 0x0000025df815a000 Implicit null exception at 0x0000025de90926ac to 0x0000025de90926eb
Event: 16.705 Thread 0x0000025df815a000 Exception <a 'java/lang/NoSuchMethodError'{0x0000000089875ed8}: 'int java.lang.invoke.DirectMethodHandle$Holder.invokeSpecial(java.lang.Object, java.lang.Object, java.lang.Object, java.lang.Object, java.lang.Object)'> (0x0000000089875ed8) thrown at [./src/hotspot/share/interpreter/linkResolver.cpp, line 773]
Event: 17.779 Thread 0x0000025df815a000 Exception <a 'sun/nio/fs/WindowsException'{0x0000000088132980}> (0x0000000088132980) thrown at [./src/hotspot/share/prims/jni.cpp, line 615]
Event: 17.779 Thread 0x0000025df815a000 Exception <a 'sun/nio/fs/WindowsException'{0x0000000088133ff0}> (0x0000000088133ff0) thrown at [./src/hotspot/share/prims/jni.cpp, line 615]
Event: 18.375 Thread 0x0000025dfe4a4000 Exception <a 'sun/nio/fs/WindowsException'{0x000000008b185e68}> (0x000000008b185e68) thrown at [./src/hotspot/share/prims/jni.cpp, line 615]
Event: 18.584 Thread 0x0000025dfe4a4000 Exception <a 'java/lang/NoSuchMethodError'{0x000000008a9a6a90}: 'java.lang.Object java.lang.invoke.DirectMethodHandle$Holder.invokeStaticInit(java.lang.Object, java.lang.Object, java.lang.Object, java.lang.Object, java.lang.Object, java.lang.Object, java.lang.Object, java.lang.Object, java.lang.Object, java.lang.Object, java.lang.Object, java.lang.Object, java.lang.Object, java.lang.Object, java.lang.Object, java.lang.Object, java.lang.Object, java.lang.Object, int, java.lang.Object, java.lang.Object)'> (0
Event: 19.185 Thread 0x0000025dfe49f000 Exception <a 'java/lang/NoSuchMethodError'{0x000000008e7ecd78}: 'java.lang.Object java.lang.invoke.DirectMethodHandle$Holder.newInvokeSpecial(java.lang.Object, int)'> (0x000000008e7ecd78) thrown at [./src/hotspot/share/interpreter/linkResolver.cpp, line 773]
Event: 19.236 Thread 0x0000025dfe49f000 Exception <a 'java/lang/IncompatibleClassChangeError'{0x000000008e55a4a0}: Found class java.lang.Object, but interface was expected> (0x000000008e55a4a0) thrown at [./src/hotspot/share/interpreter/linkResolver.cpp, line 839]
Event: 19.238 Thread 0x0000025dfe4a9800 Exception <a 'java/lang/NoSuchMethodError'{0x000000008e295c50}: 'long java.lang.invoke.DirectMethodHandle$Holder.invokeStatic(java.lang.Object, java.lang.Object, java.lang.Object)'> (0x000000008e295c50) thrown at [./src/hotspot/share/interpreter/linkResolver.cpp, line 773]
Event: 19.241 Thread 0x0000025dfe49f000 Exception <a 'java/lang/IncompatibleClassChangeError'{0x000000008e2c29c0}: Found class java.lang.Object, but interface was expected> (0x000000008e2c29c0) thrown at [./src/hotspot/share/interpreter/linkResolver.cpp, line 839]
Event: 19.242 Thread 0x0000025dfe49f000 Exception <a 'java/lang/IncompatibleClassChangeError'{0x000000008e2d58a0}: Found class java.lang.Object, but interface was expected> (0x000000008e2d58a0) thrown at [./src/hotspot/share/interpreter/linkResolver.cpp, line 839]

Events (20 events):
Event: 19.356 loading class com/android/tools/r8/internal/Dj done
Event: 19.460 Executing VM operation: G1CollectForAllocation
Event: 19.478 Executing VM operation: G1CollectForAllocation done
Event: 19.531 Executing VM operation: G1CollectForAllocation
Event: 19.549 Executing VM operation: G1CollectForAllocation done
Event: 19.708 loading class com/android/tools/r8/graph/g1
Event: 19.708 loading class com/android/tools/r8/graph/g1 done
Event: 19.768 Executing VM operation: CGC_Operation
Event: 19.781 Executing VM operation: CGC_Operation done
Event: 19.833 Executing VM operation: G1CollectForAllocation
Event: 19.860 Executing VM operation: G1CollectForAllocation done
Event: 19.961 Executing VM operation: CGC_Operation
Event: 19.963 Executing VM operation: CGC_Operation done
Event: 19.997 Executing VM operation: G1CollectForAllocation
Event: 20.024 Executing VM operation: G1CollectForAllocation done
Event: 20.089 Executing VM operation: G1CollectForAllocation
Event: 20.112 Executing VM operation: G1CollectForAllocation done
Event: 20.132 loading class com/android/tools/r8/graph/p0
Event: 20.132 loading class com/android/tools/r8/graph/p0 done
Event: 20.205 Executing VM operation: G1CollectForAllocation


Dynamic libraries:
0x00007ff669a40000 - 0x00007ff669a4a000 	C:\Program Files\Android\Android Studio\jre\bin\java.exe
0x00007ffece160000 - 0x00007ffece369000 	C:\WINDOWS\SYSTEM32\ntdll.dll
0x00007ffecd020000 - 0x00007ffecd0dd000 	C:\WINDOWS\System32\KERNEL32.DLL
0x00007ffecb640000 - 0x00007ffecb9bd000 	C:\WINDOWS\System32\KERNELBASE.dll
0x00007ffecb9f0000 - 0x00007ffecbb01000 	C:\WINDOWS\System32\ucrtbase.dll
0x00007ffeb8b80000 - 0x00007ffeb8b99000 	C:\Program Files\Android\Android Studio\jre\bin\jli.dll
0x00007ffe9d880000 - 0x00007ffe9d897000 	C:\Program Files\Android\Android Studio\jre\bin\VCRUNTIME140.dll
0x00007ffeccc90000 - 0x00007ffecce3d000 	C:\WINDOWS\System32\USER32.dll
0x00007ffeb6360000 - 0x00007ffeb6605000 	C:\WINDOWS\WinSxS\amd64_microsoft.windows.common-controls_6595b64144ccf1df_6.0.22000.120_none_9d947278b86cc467\COMCTL32.dll
0x00007ffecb9c0000 - 0x00007ffecb9e6000 	C:\WINDOWS\System32\win32u.dll
0x00007ffeccea0000 - 0x00007ffeccf43000 	C:\WINDOWS\System32\msvcrt.dll
0x00007ffecce40000 - 0x00007ffecce69000 	C:\WINDOWS\System32\GDI32.dll
0x00007ffecbd70000 - 0x00007ffecbe88000 	C:\WINDOWS\System32\gdi32full.dll
0x00007ffecbe90000 - 0x00007ffecbf2d000 	C:\WINDOWS\System32\msvcp_win.dll
0x00007ffeccfe0000 - 0x00007ffecd011000 	C:\WINDOWS\System32\IMM32.DLL
0x00007ffe94c20000 - 0x00007ffe94cbd000 	C:\Program Files\Android\Android Studio\jre\bin\msvcp140.dll
0x00007ffe90f70000 - 0x00007ffe91a55000 	C:\Program Files\Android\Android Studio\jre\bin\server\jvm.dll
0x00007ffecc7b0000 - 0x00007ffecc85e000 	C:\WINDOWS\System32\ADVAPI32.dll
0x00007ffecd140000 - 0x00007ffecd1de000 	C:\WINDOWS\System32\sechost.dll
0x00007ffecc300000 - 0x00007ffecc420000 	C:\WINDOWS\System32\RPCRT4.dll
0x00007ffecce90000 - 0x00007ffecce98000 	C:\WINDOWS\System32\PSAPI.DLL
0x00007ffe9d810000 - 0x00007ffe9d819000 	C:\WINDOWS\SYSTEM32\WSOCK32.dll
0x00007ffeb8650000 - 0x00007ffeb8683000 	C:\WINDOWS\SYSTEM32\WINMM.dll
0x00007ffec9350000 - 0x00007ffec935a000 	C:\WINDOWS\SYSTEM32\VERSION.dll
0x00007ffeccf70000 - 0x00007ffeccfdf000 	C:\WINDOWS\System32\WS2_32.dll
0x00007ffeca740000 - 0x00007ffeca758000 	C:\WINDOWS\SYSTEM32\kernel.appcore.dll
0x00007ffebd140000 - 0x00007ffebd151000 	C:\Program Files\Android\Android Studio\jre\bin\verify.dll
0x00007ffeb9200000 - 0x00007ffeb9421000 	C:\WINDOWS\SYSTEM32\DBGHELP.DLL
0x00007ffeb8a20000 - 0x00007ffeb8a51000 	C:\WINDOWS\SYSTEM32\dbgcore.DLL
0x00007ffecbcf0000 - 0x00007ffecbd6f000 	C:\WINDOWS\System32\bcryptPrimitives.dll
0x00007ffebaf90000 - 0x00007ffebafb9000 	C:\Program Files\Android\Android Studio\jre\bin\java.dll
0x00007ffec7bf0000 - 0x00007ffec7bfb000 	C:\Program Files\Android\Android Studio\jre\bin\jimage.dll
0x00007ffeb9fc0000 - 0x00007ffeb9fd8000 	C:\Program Files\Android\Android Studio\jre\bin\zip.dll
0x00007ffecd960000 - 0x00007ffece118000 	C:\WINDOWS\System32\SHELL32.dll
0x00007ffec97b0000 - 0x00007ffeca018000 	C:\WINDOWS\SYSTEM32\windows.storage.dll
0x00007ffecc860000 - 0x00007ffeccbd9000 	C:\WINDOWS\System32\combase.dll
0x00007ffec9640000 - 0x00007ffec97a6000 	C:\WINDOWS\SYSTEM32\wintypes.dll
0x00007ffecc6c0000 - 0x00007ffecc7aa000 	C:\WINDOWS\System32\SHCORE.dll
0x00007ffecc190000 - 0x00007ffecc1ed000 	C:\WINDOWS\System32\shlwapi.dll
0x00007ffecb570000 - 0x00007ffecb591000 	C:\WINDOWS\SYSTEM32\profapi.dll
0x00007ffeb8a90000 - 0x00007ffeb8aaa000 	C:\Program Files\Android\Android Studio\jre\bin\net.dll
0x00007ffec5d20000 - 0x00007ffec5e2c000 	C:\WINDOWS\SYSTEM32\WINHTTP.dll
0x00007ffecab70000 - 0x00007ffecabd7000 	C:\WINDOWS\system32\mswsock.dll
0x00007ffeae4c0000 - 0x00007ffeae4d4000 	C:\Program Files\Android\Android Studio\jre\bin\nio.dll
0x00007ffe951a0000 - 0x00007ffe951c7000 	C:\Users\Dell\.gradle\native\e1d6ef7f7dcc3fd88c89a11ec53ec762bb8ba0a96d01ffa2cd45eb1d1d8dd5c5\windows-amd64\native-platform.dll
0x00007ffe8f8a0000 - 0x00007ffe8f9e4000 	C:\Users\Dell\.gradle\native\5664cfc778a61ccfe75a443a1ab52a65af34e5dc3c78e0209fed803814484fcb\windows-amd64\native-platform-file-events.dll
0x00007ffeb6ac0000 - 0x00007ffeb6aca000 	C:\Program Files\Android\Android Studio\jre\bin\management.dll
0x00007ffeae4b0000 - 0x00007ffeae4bd000 	C:\Program Files\Android\Android Studio\jre\bin\management_ext.dll
0x00007ffecadb0000 - 0x00007ffecadc8000 	C:\WINDOWS\SYSTEM32\CRYPTSP.dll
0x00007ffeca6a0000 - 0x00007ffeca6d5000 	C:\WINDOWS\system32\rsaenh.dll
0x00007ffecac60000 - 0x00007ffecac89000 	C:\WINDOWS\SYSTEM32\USERENV.dll
0x00007ffecaf30000 - 0x00007ffecaf57000 	C:\WINDOWS\SYSTEM32\bcrypt.dll
0x00007ffecadd0000 - 0x00007ffecaddc000 	C:\WINDOWS\SYSTEM32\CRYPTBASE.dll
0x00007ffeca270000 - 0x00007ffeca29d000 	C:\WINDOWS\SYSTEM32\IPHLPAPI.DLL
0x00007ffecce70000 - 0x00007ffecce79000 	C:\WINDOWS\System32\NSI.dll
0x00007ffec5b70000 - 0x00007ffec5b89000 	C:\WINDOWS\SYSTEM32\dhcpcsvc6.DLL
0x00007ffec6a70000 - 0x00007ffec6a8e000 	C:\WINDOWS\SYSTEM32\dhcpcsvc.DLL
0x00007ffeca2a0000 - 0x00007ffeca388000 	C:\WINDOWS\SYSTEM32\DNSAPI.dll

dbghelp: loaded successfully - version: 4.0.5 - missing functions: none
symbol engine: initialized successfully - sym options: 0x614 - pdb path: .;C:\Program Files\Android\Android Studio\jre\bin;C:\WINDOWS\SYSTEM32;C:\WINDOWS\WinSxS\amd64_microsoft.windows.common-controls_6595b64144ccf1df_6.0.22000.120_none_9d947278b86cc467;C:\Program Files\Android\Android Studio\jre\bin\server;C:\Users\Dell\.gradle\native\e1d6ef7f7dcc3fd88c89a11ec53ec762bb8ba0a96d01ffa2cd45eb1d1d8dd5c5\windows-amd64;C:\Users\Dell\.gradle\native\5664cfc778a61ccfe75a443a1ab52a65af34e5dc3c78e0209fed803814484fcb\windows-amd64

VM Arguments:
jvm_args: --add-opens=java.base/java.util=ALL-UNNAMED --add-opens=java.base/java.lang=ALL-UNNAMED --add-opens=java.base/java.lang.invoke=ALL-UNNAMED --add-opens=java.base/java.util=ALL-UNNAMED --add-opens=java.prefs/java.util.prefs=ALL-UNNAMED --add-opens=java.prefs/java.util.prefs=ALL-UNNAMED --add-opens=java.base/java.nio.charset=ALL-UNNAMED --add-opens=java.base/java.net=ALL-UNNAMED --add-opens=java.base/java.util.concurrent.atomic=ALL-UNNAMED -Xmx2048m -Dfile.encoding=UTF-8 -Duser.country=US -Duser.language=en -Duser.variant 
java_command: org.gradle.launcher.daemon.bootstrap.GradleDaemon 7.3.3
java_class_path (initial): C:\Users\Dell\.gradle\wrapper\dists\gradle-7.3.3-bin\6a41zxkdtcxs8rphpq6y0069z\gradle-7.3.3\lib\gradle-launcher-7.3.3.jar
Launcher Type: SUN_STANDARD

[Global flags]
     intx CICompilerCount                          = 3                                         {product} {ergonomic}
     uint ConcGCThreads                            = 1                                         {product} {ergonomic}
     uint G1ConcRefinementThreads                  = 4                                         {product} {ergonomic}
   size_t G1HeapRegionSize                         = 1048576                                   {product} {ergonomic}
    uintx GCDrainStackTargetSize                   = 64                                        {product} {ergonomic}
   size_t InitialHeapSize                          = 65011712                                  {product} {ergonomic}
   size_t MarkStackSize                            = 4194304                                   {product} {ergonomic}
   size_t MaxHeapSize                              = 2147483648                                {product} {command line}
   size_t MaxNewSize                               = 1287651328                                {product} {ergonomic}
   size_t MinHeapDeltaBytes                        = 1048576                                   {product} {ergonomic}
    uintx NonNMethodCodeHeapSize                   = 5830732                                {pd product} {ergonomic}
    uintx NonProfiledCodeHeapSize                  = 122913754                              {pd product} {ergonomic}
    uintx ProfiledCodeHeapSize                     = 122913754                              {pd product} {ergonomic}
    uintx ReservedCodeCacheSize                    = 251658240                              {pd product} {ergonomic}
     bool SegmentedCodeCache                       = true                                      {product} {ergonomic}
     bool UseCompressedClassPointers               = true                                 {lp64_product} {ergonomic}
     bool UseCompressedOops                        = true                                 {lp64_product} {ergonomic}
     bool UseG1GC                                  = true                                      {product} {ergonomic}
     bool UseLargePagesIndividualAllocation        = false                                  {pd product} {ergonomic}

Logging:
Log output configuration:
 #0: stdout all=warning uptime,level,tags
 #1: stderr all=off uptime,level,tags

Environment Variables:
PATH=C:\Program Files (x86)\NVIDIA Corporation\PhysX\Common;C:\Program Files (x86)\Common Files\Oracle\Java\javapath;C:\WINDOWS\system32;C:\WINDOWS;C:\WINDOWS\System32\Wbem;C:\WINDOWS\System32\WindowsPowerShell\v1.0\;C:\WINDOWS\System32\OpenSSH\;C:\Program Files\dotnet\;C:\Program Files\Microsoft VS Code\bin;C:\Program Files\MySQL\MySQL Shell 8.0\bin\;C:\Users\Dell\AppData\Local\Microsoft\WindowsApps;
USERNAME=Dell
OS=Windows_NT
PROCESSOR_IDENTIFIER=Intel64 Family 6 Model 158 Stepping 11, GenuineIntel



---------------  S Y S T E M  ---------------

OS: Windows 10 , 64 bit Build 22000 (10.0.22000.708)
OS uptime: 0 days 0:35 hours

CPU:total 4 (initial active 4) (4 cores per cpu, 1 threads per core) family 6 model 158 stepping 11 microcode 0xf0, cmov, cx8, fxsr, mmx, sse, sse2, sse3, ssse3, sse4.1, sse4.2, popcnt, avx, avx2, aes, clmul, erms, 3dnowpref, lzcnt, tsc, tscinvbit, bmi1, bmi2, adx, fma

Memory: 4k page, system-wide physical 3906M (303M free)
TotalPageFile size 8002M (AvailPageFile size 0M)
current process WorkingSet (physical memory assigned to process): 545M, peak: 570M
current process commit charge ("private bytes"): 1004M, peak: 1004M

vm_info: OpenJDK 64-Bit Server VM (11.0.12+7-b1504.28-7817840) for windows-amd64 JRE (11.0.12+7-b1504.28-7817840), built on Oct 13 2021 22:12:33 by "builder" with MS VC++ 14.0 (VS2015)

END.
