#
# There is insufficient memory for the Java Runtime Environment to continue.
# Native memory allocation (mmap) failed to map 321912832 bytes for Failed to commit area from 0x0000000090000000 to 0x00000000a3300000 of length 321912832.
# Possible reasons:
#   The system is out of physical RAM or swap space
#   The process is running with CompressedOops enabled, and the Java Heap may be blocking the growth of the native heap
# Possible solutions:
#   Reduce memory load on the system
#   Increase physical memory or swap space
#   Check if swap backing store is full
#   Decrease Java heap size (-Xmx/-Xms)
#   Decrease number of Java threads
#   Decrease Java thread stack sizes (-Xss)
#   Set larger code cache with -XX:ReservedCodeCacheSize=
#   JVM is running with Unscaled Compressed Oops mode in which the Java heap is
#     placed in the first 4GB address space. The Java Heap base address is the
#     maximum limit for the native heap growth. Please use -XX:HeapBaseMinAddress
#     to set the Java Heap base and to place the Java Heap above 4GB virtual address.
# This output file may be truncated or incomplete.
#
#  Out of Memory Error (./src/hotspot/os/windows/os_windows.cpp:3521), pid=11832, tid=9380
#
# JRE version: OpenJDK Runtime Environment (11.0.12+7) (build 11.0.12+7-b1504.28-7817840)
# Java VM: OpenJDK 64-Bit Server VM (11.0.12+7-b1504.28-7817840, mixed mode, tiered, compressed oops, g1 gc, windows-amd64)
# No core dump will be written. Minidumps are not enabled by default on client versions of Windows
#

---------------  S U M M A R Y ------------

Command Line: --add-opens=java.base/java.util=ALL-UNNAMED --add-opens=java.base/java.lang=ALL-UNNAMED --add-opens=java.base/java.lang.invoke=ALL-UNNAMED --add-opens=java.base/java.util=ALL-UNNAMED --add-opens=java.prefs/java.util.prefs=ALL-UNNAMED --add-opens=java.prefs/java.util.prefs=ALL-UNNAMED --add-opens=java.base/java.nio.charset=ALL-UNNAMED --add-opens=java.base/java.net=ALL-UNNAMED --add-opens=java.base/java.util.concurrent.atomic=ALL-UNNAMED -Xmx2048m -Dfile.encoding=UTF-8 -Duser.country=US -Duser.language=en -Duser.variant org.gradle.launcher.daemon.bootstrap.GradleDaemon 7.3.3

Host: Intel(R) Core(TM) i3-8100 CPU @ 3.60GHz, 4 cores, 3G,  Windows 10 , 64 bit Build 22000 (10.0.22000.708)
Time: Tue Aug 23 11:08:17 2022 India Standard Time elapsed time: 25.837379 seconds (0d 0h 0m 25s)

---------------  T H R E A D  ---------------

Current thread (0x0000019a6d496800):  VMThread "VM Thread" [stack: 0x0000004635200000,0x0000004635300000] [id=9380]

Stack: [0x0000004635200000,0x0000004635300000]
[error occurred during error reporting (printing stack bounds), id 0xc0000005, EXCEPTION_ACCESS_VIOLATION (0xc0000005) at pc=0x0000019a56c5112d]

Native frames: (J=compiled Java code, j=interpreted, Vv=VM code, C=native code)
V  [jvm.dll+0x5fbcea]
V  [jvm.dll+0x731905]
V  [jvm.dll+0x732f1d]
V  [jvm.dll+0x733535]
V  [jvm.dll+0x7334eb]
V  [jvm.dll+0x5fb080]
V  [jvm.dll+0x5fb818]
C  [ntdll.dll+0xa8fcf]
C  [ntdll.dll+0x35e9a]
C  [ntdll.dll+0xa7fde]
C  0x0000019a56c5112d

VM_Operation (0x000000463b6fe350): G1CollectForAllocation, mode: safepoint, requested by thread 0x0000019a73ca6800


---------------  P R O C E S S  ---------------

Threads class SMR info:
_java_thread_list=0x0000019a769b86e0, length=99, elements={
0x0000019a5312b800, 0x0000019a6d49b000, 0x0000019a6d4a6800, 0x0000019a6d4fb800,
0x0000019a6d4fd000, 0x0000019a6d4fe000, 0x0000019a6d505000, 0x0000019a6de35000,
0x0000019a6de39000, 0x0000019a6df91800, 0x0000019a6eddf800, 0x0000019a6f3e5000,
0x0000019a6f9b5000, 0x0000019a6fce7800, 0x0000019a6fce8000, 0x0000019a6fd40800,
0x0000019a6fd41000, 0x0000019a6fd42800, 0x0000019a6fce6000, 0x0000019a6de36000,
0x0000019a6de31000, 0x0000019a6de30800, 0x0000019a6de37000, 0x0000019a6de33800,
0x0000019a6de32000, 0x0000019a6de32800, 0x0000019a6de34800, 0x0000019a70b8c000,
0x0000019a70b8b800, 0x0000019a70b8d000, 0x0000019a70b8d800, 0x0000019a70b8a800,
0x0000019a70b92800, 0x0000019a70b92000, 0x0000019a70b95000, 0x0000019a70b8f800,
0x0000019a70b90000, 0x0000019a70b94000, 0x0000019a70b93800, 0x0000019a70b96000,
0x0000019a70b96800, 0x0000019a70b91000, 0x0000019a726be800, 0x0000019a726c2000,
0x0000019a726bd000, 0x0000019a726bc000, 0x0000019a726c0000, 0x0000019a726c3800,
0x0000019a726c2800, 0x0000019a726bd800, 0x0000019a726c4800, 0x0000019a726c1000,
0x0000019a726c5000, 0x0000019a726bf800, 0x0000019a726c8800, 0x0000019a726ca000,
0x0000019a726c9000, 0x0000019a726cb000, 0x0000019a726c6000, 0x0000019a726c6800,
0x0000019a726c7800, 0x0000019a6eb05000, 0x0000019a6eb03800, 0x0000019a6eb04800,
0x0000019a6eb07800, 0x0000019a6eb02800, 0x0000019a6eb02000, 0x0000019a6eb06800,
0x0000019a6eb08800, 0x0000019a6eb0b800, 0x0000019a6eb09000, 0x0000019a6eb0a000,
0x0000019a6eb06000, 0x0000019a6eb0c800, 0x0000019a6eb0e000, 0x0000019a6eb0d800,
0x0000019a6eb0f000, 0x0000019a6eb0f800, 0x0000019a6eb10800, 0x0000019a6eb0b000,
0x0000019a73ca0800, 0x0000019a73ca0000, 0x0000019a73ca1800, 0x0000019a73c9f000,
0x0000019a73ca3000, 0x0000019a73ca2800, 0x0000019a73c9e000, 0x0000019a73ca9000,
0x0000019a73ca4000, 0x0000019a73ca9800, 0x0000019a73caa800, 0x0000019a73ca5000,
0x0000019a73cab800, 0x0000019a73ca5800, 0x0000019a73cac000, 0x0000019a73ca8000,
0x0000019a73ca6800, 0x0000019a73cad000, 0x0000019a73ca7000
}

Java Threads: ( => current thread )
  0x0000019a5312b800 JavaThread "main" [_thread_blocked, id=5716, stack(0x0000004634c00000,0x0000004634d00000)]
  0x0000019a6d49b000 JavaThread "Reference Handler" daemon [_thread_blocked, id=11676, stack(0x0000004635300000,0x0000004635400000)]
  0x0000019a6d4a6800 JavaThread "Finalizer" daemon [_thread_blocked, id=1788, stack(0x0000004635400000,0x0000004635500000)]
  0x0000019a6d4fb800 JavaThread "Signal Dispatcher" daemon [_thread_blocked, id=9656, stack(0x0000004635500000,0x0000004635600000)]
  0x0000019a6d4fd000 JavaThread "Attach Listener" daemon [_thread_blocked, id=7104, stack(0x0000004635600000,0x0000004635700000)]
  0x0000019a6d4fe000 JavaThread "Service Thread" daemon [_thread_blocked, id=3204, stack(0x0000004635700000,0x0000004635800000)]
  0x0000019a6d505000 JavaThread "C2 CompilerThread0" daemon [_thread_blocked, id=11448, stack(0x0000004635800000,0x0000004635900000)]
  0x0000019a6de35000 JavaThread "C1 CompilerThread0" daemon [_thread_blocked, id=12020, stack(0x0000004635900000,0x0000004635a00000)]
  0x0000019a6de39000 JavaThread "Sweeper thread" daemon [_thread_blocked, id=7740, stack(0x0000004635a00000,0x0000004635b00000)]
  0x0000019a6df91800 JavaThread "Common-Cleaner" daemon [_thread_blocked, id=1984, stack(0x0000004635b00000,0x0000004635c00000)]
  0x0000019a6eddf800 JavaThread "Daemon health stats" [_thread_blocked, id=10608, stack(0x0000004635e00000,0x0000004635f00000)]
  0x0000019a6f3e5000 JavaThread "Incoming local TCP Connector on port 56062" [_thread_in_native, id=8128, stack(0x0000004635f00000,0x0000004636000000)]
  0x0000019a6f9b5000 JavaThread "Daemon periodic checks" [_thread_blocked, id=5816, stack(0x0000004636000000,0x0000004636100000)]
  0x0000019a6fce7800 JavaThread "Daemon" [_thread_blocked, id=8500, stack(0x0000004636100000,0x0000004636200000)]
  0x0000019a6fce8000 JavaThread "Handler for socket connection from /127.0.0.1:56062 to /127.0.0.1:56063" [_thread_in_native, id=1088, stack(0x0000004636200000,0x0000004636300000)]
  0x0000019a6fd40800 JavaThread "Cancel handler" [_thread_blocked, id=5928, stack(0x0000004636300000,0x0000004636400000)]
  0x0000019a6fd41000 JavaThread "Daemon worker" [_thread_blocked, id=11140, stack(0x0000004636400000,0x0000004636500000)]
  0x0000019a6fd42800 JavaThread "Asynchronous log dispatcher for DefaultDaemonConnection: socket connection from /127.0.0.1:56062 to /127.0.0.1:56063" [_thread_blocked, id=11312, stack(0x0000004636500000,0x0000004636600000)]
  0x0000019a6fce6000 JavaThread "Stdin handler" [_thread_blocked, id=5312, stack(0x0000004636600000,0x0000004636700000)]
  0x0000019a6de36000 JavaThread "Daemon client event forwarder" [_thread_blocked, id=10140, stack(0x0000004636700000,0x0000004636800000)]
  0x0000019a6de31000 JavaThread "Cache worker for journal cache (C:\Users\Dell\.gradle\caches\journal-1)" [_thread_blocked, id=7896, stack(0x0000004636a00000,0x0000004636b00000)]
  0x0000019a6de30800 JavaThread "File lock request listener" [_thread_in_native, id=6064, stack(0x0000004636b00000,0x0000004636c00000)]
  0x0000019a6de37000 JavaThread "Cache worker for file hash cache (C:\Users\Dell\.gradle\caches\7.3.3\fileHashes)" [_thread_blocked, id=6988, stack(0x0000004636c00000,0x0000004636d00000)]
  0x0000019a6de33800 JavaThread "Cache worker for file hash cache (C:\Users\Dell\Viwall\.gradle\7.3.3\fileHashes)" [_thread_blocked, id=6456, stack(0x0000004636d00000,0x0000004636e00000)]
  0x0000019a6de32000 JavaThread "File watcher server" daemon [_thread_blocked, id=10408, stack(0x0000004636e00000,0x0000004636f00000)]
  0x0000019a6de32800 JavaThread "File watcher consumer" daemon [_thread_blocked, id=2072, stack(0x0000004636f00000,0x0000004637000000)]
  0x0000019a6de34800 JavaThread "Cache worker for checksums cache (C:\Users\Dell\Viwall\.gradle\7.3.3\checksums)" [_thread_blocked, id=10884, stack(0x0000004637000000,0x0000004637100000)]
  0x0000019a70b8c000 JavaThread "Cache worker for cache directory md-supplier (C:\Users\Dell\.gradle\caches\7.3.3\md-supplier)" [_thread_blocked, id=11892, stack(0x0000004637100000,0x0000004637200000)]
  0x0000019a70b8b800 JavaThread "Cache worker for cache directory md-rule (C:\Users\Dell\.gradle\caches\7.3.3\md-rule)" [_thread_blocked, id=11188, stack(0x0000004637200000,0x0000004637300000)]
  0x0000019a70b8d000 JavaThread "Cache worker for execution history cache (C:\Users\Dell\.gradle\caches\7.3.3\executionHistory)" [_thread_blocked, id=2860, stack(0x0000004637300000,0x0000004637400000)]
  0x0000019a70b8d800 JavaThread "jar transforms" [_thread_blocked, id=12128, stack(0x0000004637400000,0x0000004637500000)]
  0x0000019a70b8a800 JavaThread "Cache worker for file content cache (C:\Users\Dell\.gradle\caches\7.3.3\fileContent)" [_thread_blocked, id=4304, stack(0x0000004637500000,0x0000004637600000)]
  0x0000019a70b92800 JavaThread "jar transforms Thread 2" [_thread_blocked, id=9424, stack(0x0000004637600000,0x0000004637700000)]
  0x0000019a70b92000 JavaThread "Cache worker for dependencies-accessors (C:\Users\Dell\Viwall\.gradle\7.3.3\dependencies-accessors)" [_thread_blocked, id=12112, stack(0x0000004637700000,0x0000004637800000)]
  0x0000019a70b95000 JavaThread "jar transforms Thread 3" [_thread_blocked, id=3508, stack(0x0000004637800000,0x0000004637900000)]
  0x0000019a70b8f800 JavaThread "Cache worker for Build Output Cleanup Cache (C:\Users\Dell\Viwall\.gradle\buildOutputCleanup)" [_thread_blocked, id=8648, stack(0x0000004637900000,0x0000004637a00000)]
  0x0000019a70b90000 JavaThread "Unconstrained build operations" [_thread_blocked, id=11740, stack(0x0000004637a00000,0x0000004637b00000)]
  0x0000019a70b94000 JavaThread "Unconstrained build operations Thread 2" [_thread_blocked, id=6524, stack(0x0000004637b00000,0x0000004637c00000)]
  0x0000019a70b93800 JavaThread "Unconstrained build operations Thread 3" [_thread_blocked, id=3052, stack(0x0000004637c00000,0x0000004637d00000)]
  0x0000019a70b96000 JavaThread "Unconstrained build operations Thread 4" [_thread_blocked, id=8436, stack(0x0000004637d00000,0x0000004637e00000)]
  0x0000019a70b96800 JavaThread "Unconstrained build operations Thread 5" [_thread_blocked, id=10652, stack(0x0000004637e00000,0x0000004637f00000)]
  0x0000019a70b91000 JavaThread "Unconstrained build operations Thread 6" [_thread_blocked, id=6636, stack(0x0000004637f00000,0x0000004638000000)]
  0x0000019a726be800 JavaThread "Unconstrained build operations Thread 7" [_thread_blocked, id=6736, stack(0x0000004638000000,0x0000004638100000)]
  0x0000019a726c2000 JavaThread "Unconstrained build operations Thread 8" [_thread_blocked, id=12040, stack(0x0000004638100000,0x0000004638200000)]
  0x0000019a726bd000 JavaThread "Unconstrained build operations Thread 9" [_thread_blocked, id=9104, stack(0x0000004638200000,0x0000004638300000)]
  0x0000019a726bc000 JavaThread "Unconstrained build operations Thread 10" [_thread_blocked, id=7100, stack(0x0000004638300000,0x0000004638400000)]
  0x0000019a726c0000 JavaThread "Unconstrained build operations Thread 11" [_thread_blocked, id=10904, stack(0x0000004638400000,0x0000004638500000)]
  0x0000019a726c3800 JavaThread "Unconstrained build operations Thread 12" [_thread_blocked, id=11336, stack(0x0000004638500000,0x0000004638600000)]
  0x0000019a726c2800 JavaThread "Unconstrained build operations Thread 13" [_thread_blocked, id=1296, stack(0x0000004638600000,0x0000004638700000)]
  0x0000019a726bd800 JavaThread "Unconstrained build operations Thread 14" [_thread_blocked, id=7772, stack(0x0000004638700000,0x0000004638800000)]
  0x0000019a726c4800 JavaThread "Unconstrained build operations Thread 15" [_thread_blocked, id=9028, stack(0x0000004638800000,0x0000004638900000)]
  0x0000019a726c1000 JavaThread "Unconstrained build operations Thread 16" [_thread_blocked, id=3908, stack(0x0000004638900000,0x0000004638a00000)]
  0x0000019a726c5000 JavaThread "Unconstrained build operations Thread 17" [_thread_blocked, id=2316, stack(0x0000004638a00000,0x0000004638b00000)]
  0x0000019a726bf800 JavaThread "Unconstrained build operations Thread 18" [_thread_blocked, id=2328, stack(0x0000004638b00000,0x0000004638c00000)]
  0x0000019a726c8800 JavaThread "Unconstrained build operations Thread 19" [_thread_blocked, id=7988, stack(0x0000004638c00000,0x0000004638d00000)]
  0x0000019a726ca000 JavaThread "Unconstrained build operations Thread 20" [_thread_blocked, id=6528, stack(0x0000004638d00000,0x0000004638e00000)]
  0x0000019a726c9000 JavaThread "Unconstrained build operations Thread 21" [_thread_blocked, id=8332, stack(0x0000004638e00000,0x0000004638f00000)]
  0x0000019a726cb000 JavaThread "Unconstrained build operations Thread 22" [_thread_blocked, id=10648, stack(0x0000004638f00000,0x0000004639000000)]
  0x0000019a726c6000 JavaThread "Unconstrained build operations Thread 23" [_thread_blocked, id=2276, stack(0x0000004639000000,0x0000004639100000)]
  0x0000019a726c6800 JavaThread "Unconstrained build operations Thread 24" [_thread_blocked, id=8412, stack(0x0000004639100000,0x0000004639200000)]
  0x0000019a726c7800 JavaThread "Unconstrained build operations Thread 25" [_thread_blocked, id=11988, stack(0x0000004639200000,0x0000004639300000)]
  0x0000019a6eb05000 JavaThread "Unconstrained build operations Thread 26" [_thread_blocked, id=7776, stack(0x0000004639300000,0x0000004639400000)]
  0x0000019a6eb03800 JavaThread "Unconstrained build operations Thread 27" [_thread_blocked, id=1288, stack(0x0000004639400000,0x0000004639500000)]
  0x0000019a6eb04800 JavaThread "Unconstrained build operations Thread 28" [_thread_blocked, id=12208, stack(0x0000004639500000,0x0000004639600000)]
  0x0000019a6eb07800 JavaThread "Unconstrained build operations Thread 29" [_thread_blocked, id=6416, stack(0x0000004639600000,0x0000004639700000)]
  0x0000019a6eb02800 JavaThread "Unconstrained build operations Thread 30" [_thread_blocked, id=2816, stack(0x0000004639700000,0x0000004639800000)]
  0x0000019a6eb02000 JavaThread "Unconstrained build operations Thread 31" [_thread_blocked, id=4076, stack(0x0000004639800000,0x0000004639900000)]
  0x0000019a6eb06800 JavaThread "Unconstrained build operations Thread 32" [_thread_blocked, id=12284, stack(0x0000004639900000,0x0000004639a00000)]
  0x0000019a6eb08800 JavaThread "Unconstrained build operations Thread 33" [_thread_blocked, id=6848, stack(0x0000004639a00000,0x0000004639b00000)]
  0x0000019a6eb0b800 JavaThread "Unconstrained build operations Thread 34" [_thread_blocked, id=376, stack(0x0000004639b00000,0x0000004639c00000)]
  0x0000019a6eb09000 JavaThread "Unconstrained build operations Thread 35" [_thread_blocked, id=2112, stack(0x0000004639c00000,0x0000004639d00000)]
  0x0000019a6eb0a000 JavaThread "Unconstrained build operations Thread 36" [_thread_blocked, id=1196, stack(0x0000004639d00000,0x0000004639e00000)]
  0x0000019a6eb06000 JavaThread "Unconstrained build operations Thread 37" [_thread_blocked, id=3300, stack(0x0000004639e00000,0x0000004639f00000)]
  0x0000019a6eb0c800 JavaThread "Unconstrained build operations Thread 38" [_thread_blocked, id=5344, stack(0x0000004639f00000,0x000000463a000000)]
  0x0000019a6eb0e000 JavaThread "Unconstrained build operations Thread 39" [_thread_blocked, id=2064, stack(0x000000463a000000,0x000000463a100000)]
  0x0000019a6eb0d800 JavaThread "Unconstrained build operations Thread 40" [_thread_blocked, id=3784, stack(0x000000463a100000,0x000000463a200000)]
  0x0000019a6eb0f000 JavaThread "jar transforms Thread 4" [_thread_blocked, id=4060, stack(0x000000463a200000,0x000000463a300000)]
  0x0000019a6eb0f800 JavaThread "Memory manager" [_thread_blocked, id=4588, stack(0x000000463a300000,0x000000463a400000)]
  0x0000019a6eb10800 JavaThread "build event listener" [_thread_blocked, id=7984, stack(0x000000463a400000,0x000000463a500000)]
  0x0000019a6eb0b000 JavaThread "build event listener" [_thread_blocked, id=132, stack(0x000000463a500000,0x000000463a600000)]
  0x0000019a73ca0800 JavaThread "pool-3-thread-1" [_thread_blocked, id=9736, stack(0x000000463a600000,0x000000463a700000)]
  0x0000019a73ca0000 JavaThread "build event listener" [_thread_blocked, id=11900, stack(0x000000463a700000,0x000000463a800000)]
  0x0000019a73ca1800 JavaThread "Execution worker for ':'" [_thread_blocked, id=3244, stack(0x000000463a800000,0x000000463a900000)]
  0x0000019a73c9f000 JavaThread "Execution worker for ':' Thread 2" [_thread_blocked, id=2116, stack(0x000000463a900000,0x000000463aa00000)]
  0x0000019a73ca3000 JavaThread "Execution worker for ':' Thread 3" [_thread_blocked, id=6472, stack(0x000000463aa00000,0x000000463ab00000)]
  0x0000019a73ca2800 JavaThread "Cache worker for execution history cache (C:\Users\Dell\Viwall\.gradle\7.3.3\executionHistory)" [_thread_blocked, id=6612, stack(0x000000463ab00000,0x000000463ac00000)]
  0x0000019a73c9e000 JavaThread "RMI Scheduler(0)" daemon [_thread_blocked, id=5268, stack(0x000000463ac00000,0x000000463ad00000)]
  0x0000019a73ca9000 JavaThread "RMI GC Daemon" daemon [_thread_blocked, id=2776, stack(0x000000463ae00000,0x000000463af00000)]
  0x0000019a73ca4000 JavaThread "RMI TCP Accept-0" daemon [_thread_in_native, id=10920, stack(0x000000463af00000,0x000000463b000000)]
  0x0000019a73ca9800 JavaThread "RMI Reaper" [_thread_blocked, id=7720, stack(0x000000463b000000,0x000000463b100000)]
  0x0000019a73caa800 JavaThread "RMI TCP Connection(1)-127.0.0.1" daemon [_thread_in_native, id=3500, stack(0x000000463b100000,0x000000463b200000)]
  0x0000019a73ca5000 JavaThread "WorkerExecutor Queue" [_thread_blocked, id=12176, stack(0x000000463ad00000,0x000000463ae00000)]
  0x0000019a73cab800 JavaThread "WorkerExecutor Queue Thread 2" [_thread_blocked, id=4384, stack(0x000000463b200000,0x000000463b300000)]
  0x0000019a73ca5800 JavaThread "WorkerExecutor Queue Thread 3" [_thread_blocked, id=8760, stack(0x000000463b300000,0x000000463b400000)]
  0x0000019a73cac000 JavaThread "WorkerExecutor Queue Thread 4" [_thread_blocked, id=11216, stack(0x000000463b400000,0x000000463b500000)]
  0x0000019a73ca8000 JavaThread "ForkJoinPool-1-worker-3" daemon [_thread_blocked, id=8576, stack(0x000000463b500000,0x000000463b600000)]
  0x0000019a73ca6800 JavaThread "ForkJoinPool-1-worker-5" daemon [_thread_blocked, id=3076, stack(0x000000463b600000,0x000000463b700000)]
  0x0000019a73cad000 JavaThread "ForkJoinPool-1-worker-7" daemon [_thread_blocked, id=5864, stack(0x000000463b700000,0x000000463b800000)]
  0x0000019a73ca7000 JavaThread "ForkJoinPool-1-worker-1" daemon [_thread_blocked, id=11936, stack(0x000000463b800000,0x000000463b900000)]

Other Threads:
=>0x0000019a6d496800 VMThread "VM Thread" [stack: 0x0000004635200000,0x0000004635300000] [id=9380]
  0x0000019a6df94800 WatcherThread [stack: 0x0000004635c00000,0x0000004635d00000] [id=1776]
  0x0000019a53145000 GCTaskThread "GC Thread#0" [stack: 0x0000004634d00000,0x0000004634e00000] [id=4432]
  0x0000019a6e59c000 GCTaskThread "GC Thread#1" [stack: 0x0000004635d00000,0x0000004635e00000] [id=1844]
  0x0000019a6f991000 GCTaskThread "GC Thread#2" [stack: 0x0000004636800000,0x0000004636900000] [id=3332]
  0x0000019a6f9b1000 GCTaskThread "GC Thread#3" [stack: 0x0000004636900000,0x0000004636a00000] [id=6700]
  0x0000019a53178800 ConcurrentGCThread "G1 Main Marker" [stack: 0x0000004634e00000,0x0000004634f00000] [id=4804]
  0x0000019a5317a000 ConcurrentGCThread "G1 Conc#0" [stack: 0x0000004634f00000,0x0000004635000000] [id=9292]
  0x0000019a531d3800 ConcurrentGCThread "G1 Refine#0" [stack: 0x0000004635000000,0x0000004635100000] [id=8144]
  0x0000019a531d6800 ConcurrentGCThread "G1 Young RemSet Sampling" [stack: 0x0000004635100000,0x0000004635200000] [id=1152]

Threads with active compile tasks:
C2 CompilerThread0  25951 12974       4       com.android.tools.r8.dex.j::a (1042 bytes)

VM state:at safepoint (normal execution)

VM Mutex/Monitor currently owned by a thread:  ([mutex/lock_event])
[0x0000019a53127640] Threads_lock - owner thread: 0x0000019a6d496800
[0x0000019a53127e20] Heap_lock - owner thread: 0x0000019a73ca6800

Heap address: 0x0000000080000000, size: 2048 MB, Compressed Oops mode: 32-bit
Narrow klass base: 0x0000000000000000, Narrow klass shift: 3
Compressed class space size: 1073741824 Address: 0x0000000100000000

Heap:
 garbage-first heap   total 576512K, used 222500K [0x0000000080000000, 0x0000000100000000)
  region size 1024K, 2 young (2048K), 2 survivors (2048K)
 Metaspace       used 111166K, capacity 114267K, committed 114508K, reserved 1148928K
  class space    used 14610K, capacity 15742K, committed 15820K, reserved 1048576K
Heap Regions: E=young(eden), S=young(survivor), O=old, HS=humongous(starts), HC=humongous(continues), CS=collection set, F=free, A=archive, TAMS=top-at-mark-start (previous, next)
|   0|0x0000000080000000, 0x0000000080100000, 0x0000000080100000|100%| O|  |TAMS 0x0000000080100000, 0x0000000080000000| Updating 
|   1|0x0000000080100000, 0x0000000080200000, 0x0000000080200000|100%| O|  |TAMS 0x0000000080200000, 0x0000000080100000| Updating 
|   2|0x0000000080200000, 0x0000000080300000, 0x0000000080300000|100%| O|  |TAMS 0x0000000080300000, 0x0000000080200000| Updating 
|   3|0x0000000080300000, 0x0000000080400000, 0x0000000080400000|100%|HS|  |TAMS 0x0000000080400000, 0x0000000080300000| Complete 
|   4|0x0000000080400000, 0x0000000080500000, 0x0000000080500000|100%|HC|  |TAMS 0x0000000080500000, 0x0000000080400000| Complete 
|   5|0x0000000080500000, 0x0000000080600000, 0x0000000080600000|100%|HC|  |TAMS 0x0000000080600000, 0x0000000080500000| Complete 
|   6|0x0000000080600000, 0x0000000080700000, 0x0000000080700000|100%| O|  |TAMS 0x0000000080700000, 0x0000000080600000| Updating 
|   7|0x0000000080700000, 0x0000000080800000, 0x0000000080800000|100%| O|  |TAMS 0x0000000080800000, 0x0000000080700000| Updating 
|   8|0x0000000080800000, 0x0000000080900000, 0x0000000080900000|100%| O|  |TAMS 0x0000000080900000, 0x0000000080800000| Updating 
|   9|0x0000000080900000, 0x0000000080a00000, 0x0000000080a00000|100%| O|  |TAMS 0x0000000080a00000, 0x0000000080900000| Updating 
|  10|0x0000000080a00000, 0x0000000080b00000, 0x0000000080b00000|100%| O|  |TAMS 0x0000000080b00000, 0x0000000080a00000| Updating 
|  11|0x0000000080b00000, 0x0000000080c00000, 0x0000000080c00000|100%| O|  |TAMS 0x0000000080c00000, 0x0000000080b00000| Updating 
|  12|0x0000000080c00000, 0x0000000080d00000, 0x0000000080d00000|100%| O|  |TAMS 0x0000000080d00000, 0x0000000080c00000| Updating 
|  13|0x0000000080d00000, 0x0000000080e00000, 0x0000000080e00000|100%| O|  |TAMS 0x0000000080e00000, 0x0000000080d00000| Updating 
|  14|0x0000000080e00000, 0x0000000080f00000, 0x0000000080f00000|100%| O|  |TAMS 0x0000000080f00000, 0x0000000080e00000| Updating 
|  15|0x0000000080f00000, 0x0000000081000000, 0x0000000081000000|100%| O|  |TAMS 0x0000000081000000, 0x0000000080f00000| Updating 
|  16|0x0000000081000000, 0x0000000081100000, 0x0000000081100000|100%| O|  |TAMS 0x0000000081100000, 0x0000000081000000| Updating 
|  17|0x0000000081100000, 0x0000000081200000, 0x0000000081200000|100%| O|  |TAMS 0x0000000081200000, 0x0000000081100000| Updating 
|  18|0x0000000081200000, 0x0000000081300000, 0x0000000081300000|100%| O|  |TAMS 0x0000000081300000, 0x0000000081200000| Updating 
|  19|0x0000000081300000, 0x0000000081400000, 0x0000000081400000|100%| O|  |TAMS 0x0000000081400000, 0x0000000081300000| Updating 
|  20|0x0000000081400000, 0x0000000081500000, 0x0000000081500000|100%| O|  |TAMS 0x0000000081500000, 0x0000000081400000| Updating 
|  21|0x0000000081500000, 0x0000000081600000, 0x0000000081600000|100%| O|  |TAMS 0x0000000081600000, 0x0000000081500000| Updating 
|  22|0x0000000081600000, 0x0000000081700000, 0x0000000081700000|100%| O|  |TAMS 0x0000000081700000, 0x0000000081600000| Updating 
|  23|0x0000000081700000, 0x0000000081800000, 0x0000000081800000|100%| O|  |TAMS 0x0000000081800000, 0x0000000081700000| Updating 
|  24|0x0000000081800000, 0x0000000081900000, 0x0000000081900000|100%| O|  |TAMS 0x0000000081900000, 0x0000000081800000| Updating 
|  25|0x0000000081900000, 0x0000000081a00000, 0x0000000081a00000|100%| O|  |TAMS 0x0000000081a00000, 0x0000000081900000| Updating 
|  26|0x0000000081a00000, 0x0000000081b00000, 0x0000000081b00000|100%| O|  |TAMS 0x0000000081b00000, 0x0000000081a00000| Updating 
|  27|0x0000000081b00000, 0x0000000081c00000, 0x0000000081c00000|100%| O|  |TAMS 0x0000000081c00000, 0x0000000081b00000| Updating 
|  28|0x0000000081c00000, 0x0000000081d00000, 0x0000000081d00000|100%|HS|  |TAMS 0x0000000081d00000, 0x0000000081c00000| Complete 
|  29|0x0000000081d00000, 0x0000000081e00000, 0x0000000081e00000|100%|HS|  |TAMS 0x0000000081e00000, 0x0000000081d00000| Complete 
|  30|0x0000000081e00000, 0x0000000081f00000, 0x0000000081f00000|100%|HS|  |TAMS 0x0000000081f00000, 0x0000000081e00000| Complete 
|  31|0x0000000081f00000, 0x0000000082000000, 0x0000000082000000|100%|HS|  |TAMS 0x0000000082000000, 0x0000000081f00000| Complete 
|  32|0x0000000082000000, 0x0000000082100000, 0x0000000082100000|100%|HC|  |TAMS 0x0000000082100000, 0x0000000082000000| Complete 
|  33|0x0000000082100000, 0x0000000082200000, 0x0000000082200000|100%|HC|  |TAMS 0x0000000082200000, 0x0000000082100000| Complete 
|  34|0x0000000082200000, 0x0000000082300000, 0x0000000082300000|100%|HS|  |TAMS 0x0000000082300000, 0x0000000082200000| Complete 
|  35|0x0000000082300000, 0x0000000082400000, 0x0000000082400000|100%|HC|  |TAMS 0x0000000082400000, 0x0000000082300000| Complete 
|  36|0x0000000082400000, 0x0000000082500000, 0x0000000082500000|100%| O|  |TAMS 0x0000000082500000, 0x0000000082400000| Updating 
|  37|0x0000000082500000, 0x0000000082600000, 0x0000000082600000|100%| O|  |TAMS 0x0000000082600000, 0x0000000082500000| Updating 
|  38|0x0000000082600000, 0x0000000082700000, 0x0000000082700000|100%| O|  |TAMS 0x0000000082700000, 0x0000000082600000| Updating 
|  39|0x0000000082700000, 0x0000000082800000, 0x0000000082800000|100%| O|  |TAMS 0x0000000082800000, 0x0000000082700000| Updating 
|  40|0x0000000082800000, 0x0000000082900000, 0x0000000082900000|100%| O|  |TAMS 0x0000000082900000, 0x0000000082800000| Updating 
|  41|0x0000000082900000, 0x0000000082a00000, 0x0000000082a00000|100%| O|  |TAMS 0x0000000082a00000, 0x0000000082900000| Updating 
|  42|0x0000000082a00000, 0x0000000082b00000, 0x0000000082b00000|100%| O|  |TAMS 0x0000000082b00000, 0x0000000082a00000| Updating 
|  43|0x0000000082b00000, 0x0000000082c00000, 0x0000000082c00000|100%| O|  |TAMS 0x0000000082c00000, 0x0000000082b00000| Updating 
|  44|0x0000000082c00000, 0x0000000082d00000, 0x0000000082d00000|100%| O|  |TAMS 0x0000000082d00000, 0x0000000082c00000| Updating 
|  45|0x0000000082d00000, 0x0000000082e00000, 0x0000000082e00000|100%| O|  |TAMS 0x0000000082e00000, 0x0000000082d00000| Updating 
|  46|0x0000000082e00000, 0x0000000082f00000, 0x0000000082f00000|100%| O|  |TAMS 0x0000000082f00000, 0x0000000082e00000| Updating 
|  47|0x0000000082f00000, 0x0000000083000000, 0x0000000083000000|100%| O|  |TAMS 0x0000000083000000, 0x0000000082f00000| Updating 
|  48|0x0000000083000000, 0x0000000083100000, 0x0000000083100000|100%| O|  |TAMS 0x0000000083100000, 0x0000000083000000| Updating 
|  49|0x0000000083100000, 0x0000000083200000, 0x0000000083200000|100%| O|  |TAMS 0x0000000083200000, 0x0000000083100000| Updating 
|  50|0x0000000083200000, 0x0000000083300000, 0x0000000083300000|100%| O|  |TAMS 0x0000000083300000, 0x0000000083200000| Updating 
|  51|0x0000000083300000, 0x0000000083400000, 0x0000000083400000|100%| O|  |TAMS 0x0000000083400000, 0x0000000083300000| Updating 
|  52|0x0000000083400000, 0x0000000083500000, 0x0000000083500000|100%| O|  |TAMS 0x0000000083500000, 0x0000000083400000| Updating 
|  53|0x0000000083500000, 0x0000000083600000, 0x0000000083600000|100%| O|  |TAMS 0x0000000083600000, 0x0000000083500000| Updating 
|  54|0x0000000083600000, 0x0000000083700000, 0x0000000083700000|100%| O|  |TAMS 0x0000000083700000, 0x0000000083600000| Updating 
|  55|0x0000000083700000, 0x0000000083800000, 0x0000000083800000|100%| O|  |TAMS 0x0000000083800000, 0x0000000083700000| Updating 
|  56|0x0000000083800000, 0x0000000083900000, 0x0000000083900000|100%| O|  |TAMS 0x0000000083900000, 0x0000000083800000| Updating 
|  57|0x0000000083900000, 0x0000000083a00000, 0x0000000083a00000|100%| O|  |TAMS 0x0000000083a00000, 0x0000000083900000| Updating 
|  58|0x0000000083a00000, 0x0000000083b00000, 0x0000000083b00000|100%| O|  |TAMS 0x0000000083b00000, 0x0000000083a00000| Updating 
|  59|0x0000000083b00000, 0x0000000083c00000, 0x0000000083c00000|100%| O|  |TAMS 0x0000000083c00000, 0x0000000083b00000| Updating 
|  60|0x0000000083c00000, 0x0000000083d00000, 0x0000000083d00000|100%| O|  |TAMS 0x0000000083d00000, 0x0000000083c00000| Updating 
|  61|0x0000000083d00000, 0x0000000083e00000, 0x0000000083e00000|100%| O|  |TAMS 0x0000000083e00000, 0x0000000083d00000| Updating 
|  62|0x0000000083e00000, 0x0000000083f00000, 0x0000000083f00000|100%| O|  |TAMS 0x0000000083f00000, 0x0000000083e00000| Updating 
|  63|0x0000000083f00000, 0x0000000084000000, 0x0000000084000000|100%| O|  |TAMS 0x0000000084000000, 0x0000000083f00000| Updating 
|  64|0x0000000084000000, 0x0000000084100000, 0x0000000084100000|100%| O|  |TAMS 0x0000000084100000, 0x0000000084000000| Updating 
|  65|0x0000000084100000, 0x0000000084200000, 0x0000000084200000|100%| O|  |TAMS 0x0000000084200000, 0x0000000084100000| Updating 
|  66|0x0000000084200000, 0x0000000084300000, 0x0000000084300000|100%| O|  |TAMS 0x0000000084300000, 0x0000000084200000| Updating 
|  67|0x0000000084300000, 0x0000000084400000, 0x0000000084400000|100%| O|  |TAMS 0x0000000084400000, 0x0000000084300000| Updating 
|  68|0x0000000084400000, 0x0000000084500000, 0x0000000084500000|100%| O|  |TAMS 0x0000000084500000, 0x0000000084400000| Updating 
|  69|0x0000000084500000, 0x0000000084600000, 0x0000000084600000|100%| O|  |TAMS 0x0000000084600000, 0x0000000084500000| Updating 
|  70|0x0000000084600000, 0x0000000084700000, 0x0000000084700000|100%| O|  |TAMS 0x0000000084700000, 0x0000000084600000| Updating 
|  71|0x0000000084700000, 0x0000000084800000, 0x0000000084800000|100%| O|  |TAMS 0x0000000084800000, 0x0000000084700000| Updating 
|  72|0x0000000084800000, 0x0000000084900000, 0x0000000084900000|100%| O|  |TAMS 0x0000000084900000, 0x0000000084800000| Updating 
|  73|0x0000000084900000, 0x0000000084a00000, 0x0000000084a00000|100%| O|  |TAMS 0x0000000084a00000, 0x0000000084900000| Updating 
|  74|0x0000000084a00000, 0x0000000084b00000, 0x0000000084b00000|100%| O|  |TAMS 0x0000000084b00000, 0x0000000084a00000| Updating 
|  75|0x0000000084b00000, 0x0000000084c00000, 0x0000000084c00000|100%| O|  |TAMS 0x0000000084c00000, 0x0000000084b00000| Updating 
|  76|0x0000000084c00000, 0x0000000084d00000, 0x0000000084d00000|100%| O|  |TAMS 0x0000000084d00000, 0x0000000084c00000| Updating 
|  77|0x0000000084d00000, 0x0000000084e00000, 0x0000000084e00000|100%| O|  |TAMS 0x0000000084e00000, 0x0000000084d00000| Updating 
|  78|0x0000000084e00000, 0x0000000084f00000, 0x0000000084f00000|100%| O|  |TAMS 0x0000000084f00000, 0x0000000084e00000| Updating 
|  79|0x0000000084f00000, 0x0000000085000000, 0x0000000085000000|100%| O|  |TAMS 0x0000000085000000, 0x0000000084f00000| Updating 
|  80|0x0000000085000000, 0x0000000085100000, 0x0000000085100000|100%| O|  |TAMS 0x0000000085100000, 0x0000000085000000| Updating 
|  81|0x0000000085100000, 0x0000000085200000, 0x0000000085200000|100%| O|  |TAMS 0x0000000085200000, 0x0000000085100000| Updating 
|  82|0x0000000085200000, 0x0000000085300000, 0x0000000085300000|100%| O|  |TAMS 0x0000000085300000, 0x0000000085200000| Updating 
|  83|0x0000000085300000, 0x0000000085400000, 0x0000000085400000|100%| O|  |TAMS 0x0000000085400000, 0x0000000085300000| Updating 
|  84|0x0000000085400000, 0x0000000085500000, 0x0000000085500000|100%| O|  |TAMS 0x0000000085500000, 0x0000000085400000| Updating 
|  85|0x0000000085500000, 0x0000000085600000, 0x0000000085600000|100%| O|  |TAMS 0x0000000085600000, 0x0000000085500000| Updating 
|  86|0x0000000085600000, 0x0000000085700000, 0x0000000085700000|100%| O|  |TAMS 0x0000000085700000, 0x0000000085600000| Updating 
|  87|0x0000000085700000, 0x0000000085800000, 0x0000000085800000|100%| O|  |TAMS 0x0000000085800000, 0x0000000085700000| Updating 
|  88|0x0000000085800000, 0x0000000085900000, 0x0000000085900000|100%| O|  |TAMS 0x0000000085900000, 0x0000000085800000| Updating 
|  89|0x0000000085900000, 0x0000000085a00000, 0x0000000085a00000|100%| O|  |TAMS 0x0000000085a00000, 0x0000000085900000| Updating 
|  90|0x0000000085a00000, 0x0000000085b00000, 0x0000000085b00000|100%| O|  |TAMS 0x0000000085b00000, 0x0000000085a00000| Updating 
|  91|0x0000000085b00000, 0x0000000085c00000, 0x0000000085c00000|100%| O|  |TAMS 0x0000000085c00000, 0x0000000085b00000| Updating 
|  92|0x0000000085c00000, 0x0000000085d00000, 0x0000000085d00000|100%| O|  |TAMS 0x0000000085d00000, 0x0000000085c00000| Updating 
|  93|0x0000000085d00000, 0x0000000085e00000, 0x0000000085e00000|100%| O|  |TAMS 0x0000000085e00000, 0x0000000085d00000| Updating 
|  94|0x0000000085e00000, 0x0000000085f00000, 0x0000000085f00000|100%| O|  |TAMS 0x0000000085f00000, 0x0000000085e00000| Updating 
|  95|0x0000000085f00000, 0x0000000086000000, 0x0000000086000000|100%| O|  |TAMS 0x0000000086000000, 0x0000000085f00000| Updating 
|  96|0x0000000086000000, 0x0000000086100000, 0x0000000086100000|100%|HS|  |TAMS 0x0000000086100000, 0x0000000086000000| Complete 
|  97|0x0000000086100000, 0x0000000086200000, 0x0000000086200000|100%|HC|  |TAMS 0x0000000086200000, 0x0000000086100000| Complete 
|  98|0x0000000086200000, 0x0000000086300000, 0x0000000086300000|100%|HC|  |TAMS 0x0000000086300000, 0x0000000086200000| Complete 
|  99|0x0000000086300000, 0x0000000086400000, 0x0000000086400000|100%|HC|  |TAMS 0x0000000086400000, 0x0000000086300000| Complete 
| 100|0x0000000086400000, 0x0000000086500000, 0x0000000086500000|100%|HC|  |TAMS 0x0000000086500000, 0x0000000086400000| Complete 
| 101|0x0000000086500000, 0x0000000086600000, 0x0000000086600000|100%|HC|  |TAMS 0x0000000086600000, 0x0000000086500000| Complete 
| 102|0x0000000086600000, 0x0000000086700000, 0x0000000086700000|100%|HC|  |TAMS 0x0000000086700000, 0x0000000086600000| Complete 
| 103|0x0000000086700000, 0x0000000086800000, 0x0000000086800000|100%|HC|  |TAMS 0x0000000086800000, 0x0000000086700000| Complete 
| 104|0x0000000086800000, 0x0000000086900000, 0x0000000086900000|100%|HC|  |TAMS 0x0000000086900000, 0x0000000086800000| Complete 
| 105|0x0000000086900000, 0x0000000086a00000, 0x0000000086a00000|100%|HS|  |TAMS 0x0000000086a00000, 0x0000000086900000| Complete 
| 106|0x0000000086a00000, 0x0000000086b00000, 0x0000000086b00000|100%|HC|  |TAMS 0x0000000086b00000, 0x0000000086a00000| Complete 
| 107|0x0000000086b00000, 0x0000000086c00000, 0x0000000086c00000|100%|HC|  |TAMS 0x0000000086c00000, 0x0000000086b00000| Complete 
| 108|0x0000000086c00000, 0x0000000086d00000, 0x0000000086d00000|100%|HC|  |TAMS 0x0000000086d00000, 0x0000000086c00000| Complete 
| 109|0x0000000086d00000, 0x0000000086e00000, 0x0000000086e00000|100%|HC|  |TAMS 0x0000000086e00000, 0x0000000086d00000| Complete 
| 110|0x0000000086e00000, 0x0000000086f00000, 0x0000000086f00000|100%|HC|  |TAMS 0x0000000086f00000, 0x0000000086e00000| Complete 
| 111|0x0000000086f00000, 0x0000000087000000, 0x0000000087000000|100%|HC|  |TAMS 0x0000000087000000, 0x0000000086f00000| Complete 
| 112|0x0000000087000000, 0x0000000087100000, 0x0000000087100000|100%|HC|  |TAMS 0x0000000087100000, 0x0000000087000000| Complete 
| 113|0x0000000087100000, 0x0000000087200000, 0x0000000087200000|100%| O|  |TAMS 0x0000000087200000, 0x0000000087100000| Updating 
| 114|0x0000000087200000, 0x0000000087300000, 0x0000000087300000|100%| O|  |TAMS 0x0000000087300000, 0x0000000087200000| Updating 
| 115|0x0000000087300000, 0x0000000087400000, 0x0000000087400000|100%| O|  |TAMS 0x0000000087400000, 0x0000000087300000| Updating 
| 116|0x0000000087400000, 0x0000000087500000, 0x0000000087500000|100%| O|  |TAMS 0x0000000087500000, 0x0000000087400000| Updating 
| 117|0x0000000087500000, 0x0000000087600000, 0x0000000087600000|100%| O|  |TAMS 0x0000000087600000, 0x0000000087500000| Updating 
| 118|0x0000000087600000, 0x0000000087700000, 0x0000000087700000|100%| O|  |TAMS 0x0000000087700000, 0x0000000087600000| Updating 
| 119|0x0000000087700000, 0x0000000087800000, 0x0000000087800000|100%| O|  |TAMS 0x0000000087800000, 0x0000000087700000| Updating 
| 120|0x0000000087800000, 0x0000000087900000, 0x0000000087900000|100%| O|  |TAMS 0x0000000087800000, 0x0000000087800000| Untracked 
| 121|0x0000000087900000, 0x0000000087a00000, 0x0000000087a00000|100%| O|  |TAMS 0x0000000087900000, 0x0000000087900000| Untracked 
| 122|0x0000000087a00000, 0x0000000087b00000, 0x0000000087b00000|100%| O|  |TAMS 0x0000000087b00000, 0x0000000087a00000| Updating 
| 123|0x0000000087b00000, 0x0000000087c00000, 0x0000000087c00000|100%| O|  |TAMS 0x0000000087c00000, 0x0000000087b00000| Updating 
| 124|0x0000000087c00000, 0x0000000087d00000, 0x0000000087d00000|100%| O|  |TAMS 0x0000000087d00000, 0x0000000087c00000| Updating 
| 125|0x0000000087d00000, 0x0000000087e00000, 0x0000000087e00000|100%| O|  |TAMS 0x0000000087e00000, 0x0000000087d00000| Updating 
| 126|0x0000000087e00000, 0x0000000087f00000, 0x0000000087f00000|100%| O|  |TAMS 0x0000000087f00000, 0x0000000087e00000| Updating 
| 127|0x0000000087f00000, 0x0000000088000000, 0x0000000088000000|100%| O|  |TAMS 0x0000000088000000, 0x0000000087f00000| Updating 
| 128|0x0000000088000000, 0x0000000088100000, 0x0000000088100000|100%| O|  |TAMS 0x0000000088100000, 0x0000000088000000| Updating 
| 129|0x0000000088100000, 0x0000000088200000, 0x0000000088200000|100%| O|  |TAMS 0x0000000088200000, 0x0000000088100000| Updating 
| 130|0x0000000088200000, 0x0000000088300000, 0x0000000088300000|100%| O|  |TAMS 0x0000000088300000, 0x0000000088200000| Updating 
| 131|0x0000000088300000, 0x0000000088400000, 0x0000000088400000|100%| O|  |TAMS 0x0000000088400000, 0x0000000088300000| Updating 
| 132|0x0000000088400000, 0x0000000088500000, 0x0000000088500000|100%| O|  |TAMS 0x0000000088500000, 0x0000000088400000| Updating 
| 133|0x0000000088500000, 0x0000000088600000, 0x0000000088600000|100%|HS|  |TAMS 0x0000000088600000, 0x0000000088500000| Complete 
| 134|0x0000000088600000, 0x0000000088700000, 0x0000000088700000|100%|HC|  |TAMS 0x0000000088700000, 0x0000000088600000| Complete 
| 135|0x0000000088700000, 0x0000000088800000, 0x0000000088800000|100%|HC|  |TAMS 0x0000000088800000, 0x0000000088700000| Complete 
| 136|0x0000000088800000, 0x0000000088900000, 0x0000000088900000|100%|HC|  |TAMS 0x0000000088900000, 0x0000000088800000| Complete 
| 137|0x0000000088900000, 0x0000000088a00000, 0x0000000088a00000|100%|HC|  |TAMS 0x0000000088a00000, 0x0000000088900000| Complete 
| 138|0x0000000088a00000, 0x0000000088b00000, 0x0000000088b00000|100%|HC|  |TAMS 0x0000000088b00000, 0x0000000088a00000| Complete 
| 139|0x0000000088b00000, 0x0000000088c00000, 0x0000000088c00000|100%|HC|  |TAMS 0x0000000088c00000, 0x0000000088b00000| Complete 
| 140|0x0000000088c00000, 0x0000000088d00000, 0x0000000088d00000|100%|HC|  |TAMS 0x0000000088d00000, 0x0000000088c00000| Complete 
| 141|0x0000000088d00000, 0x0000000088e00000, 0x0000000088e00000|100%|HC|  |TAMS 0x0000000088e00000, 0x0000000088d00000| Complete 
| 142|0x0000000088e00000, 0x0000000088f00000, 0x0000000088f00000|100%| O|  |TAMS 0x0000000088f00000, 0x0000000088e00000| Updating 
| 143|0x0000000088f00000, 0x0000000089000000, 0x0000000089000000|100%| O|  |TAMS 0x0000000089000000, 0x0000000088f00000| Updating 
| 144|0x0000000089000000, 0x0000000089100000, 0x0000000089100000|100%| O|  |TAMS 0x0000000089100000, 0x0000000089000000| Updating 
| 145|0x0000000089100000, 0x0000000089200000, 0x0000000089200000|100%| O|  |TAMS 0x0000000089200000, 0x0000000089100000| Updating 
| 146|0x0000000089200000, 0x0000000089300000, 0x0000000089300000|100%| O|  |TAMS 0x0000000089300000, 0x0000000089200000| Updating 
| 147|0x0000000089300000, 0x0000000089400000, 0x0000000089400000|100%|HS|  |TAMS 0x0000000089400000, 0x0000000089300000| Complete 
| 148|0x0000000089400000, 0x0000000089500000, 0x0000000089500000|100%|HC|  |TAMS 0x0000000089500000, 0x0000000089400000| Complete 
| 149|0x0000000089500000, 0x0000000089600000, 0x0000000089600000|100%|HS|  |TAMS 0x0000000089600000, 0x0000000089500000| Complete 
| 150|0x0000000089600000, 0x0000000089700000, 0x0000000089700000|100%|HC|  |TAMS 0x0000000089700000, 0x0000000089600000| Complete 
| 151|0x0000000089700000, 0x0000000089800000, 0x0000000089800000|100%| O|  |TAMS 0x0000000089800000, 0x0000000089700000| Updating 
| 152|0x0000000089800000, 0x0000000089900000, 0x0000000089900000|100%| O|  |TAMS 0x0000000089900000, 0x0000000089800000| Updating 
| 153|0x0000000089900000, 0x0000000089a00000, 0x0000000089a00000|100%| O|  |TAMS 0x0000000089a00000, 0x0000000089900000| Updating 
| 154|0x0000000089a00000, 0x0000000089b00000, 0x0000000089b00000|100%| O|  |TAMS 0x0000000089b00000, 0x0000000089a00000| Updating 
| 155|0x0000000089b00000, 0x0000000089c00000, 0x0000000089c00000|100%| O|  |TAMS 0x0000000089c00000, 0x0000000089b00000| Updating 
| 156|0x0000000089c00000, 0x0000000089d00000, 0x0000000089d00000|100%| O|  |TAMS 0x0000000089d00000, 0x0000000089c00000| Updating 
| 157|0x0000000089d00000, 0x0000000089e00000, 0x0000000089e00000|100%| O|  |TAMS 0x0000000089e00000, 0x0000000089d00000| Updating 
| 158|0x0000000089e00000, 0x0000000089f00000, 0x0000000089f00000|100%|HS|  |TAMS 0x0000000089f00000, 0x0000000089e00000| Complete 
| 159|0x0000000089f00000, 0x000000008a000000, 0x000000008a000000|100%|HC|  |TAMS 0x000000008a000000, 0x0000000089f00000| Complete 
| 160|0x000000008a000000, 0x000000008a100000, 0x000000008a100000|100%|HC|  |TAMS 0x000000008a100000, 0x000000008a000000| Complete 
| 161|0x000000008a100000, 0x000000008a200000, 0x000000008a200000|100%|HC|  |TAMS 0x000000008a200000, 0x000000008a100000| Complete 
| 162|0x000000008a200000, 0x000000008a300000, 0x000000008a300000|100%|HC|  |TAMS 0x000000008a300000, 0x000000008a200000| Complete 
| 163|0x000000008a300000, 0x000000008a400000, 0x000000008a400000|100%|HC|  |TAMS 0x000000008a400000, 0x000000008a300000| Complete 
| 164|0x000000008a400000, 0x000000008a500000, 0x000000008a500000|100%|HC|  |TAMS 0x000000008a500000, 0x000000008a400000| Complete 
| 165|0x000000008a500000, 0x000000008a600000, 0x000000008a600000|100%|HC|  |TAMS 0x000000008a600000, 0x000000008a500000| Complete 
| 166|0x000000008a600000, 0x000000008a700000, 0x000000008a700000|100%| O|  |TAMS 0x000000008a700000, 0x000000008a600000| Updating 
| 167|0x000000008a700000, 0x000000008a800000, 0x000000008a800000|100%| O|  |TAMS 0x000000008a800000, 0x000000008a700000| Updating 
| 168|0x000000008a800000, 0x000000008a900000, 0x000000008a900000|100%| O|  |TAMS 0x000000008a900000, 0x000000008a800000| Updating 
| 169|0x000000008a900000, 0x000000008aa00000, 0x000000008aa00000|100%| O|  |TAMS 0x000000008aa00000, 0x000000008a900000| Updating 
| 170|0x000000008aa00000, 0x000000008ab00000, 0x000000008ab00000|100%| O|  |TAMS 0x000000008ab00000, 0x000000008aa00000| Updating 
| 171|0x000000008ab00000, 0x000000008ac00000, 0x000000008ac00000|100%| O|  |TAMS 0x000000008abd0a00, 0x000000008ab00000| Updating 
| 172|0x000000008ac00000, 0x000000008ad00000, 0x000000008ad00000|100%|HS|  |TAMS 0x000000008ac00000, 0x000000008ac00000| Complete 
| 173|0x000000008ad00000, 0x000000008ae00000, 0x000000008ae00000|100%| O|  |TAMS 0x000000008ad00000, 0x000000008ad00000| Untracked 
| 174|0x000000008ae00000, 0x000000008af00000, 0x000000008af00000|100%| O|  |TAMS 0x000000008ae00000, 0x000000008ae00000| Untracked 
| 175|0x000000008af00000, 0x000000008b000000, 0x000000008b000000|100%| O|  |TAMS 0x000000008af00000, 0x000000008af00000| Untracked 
| 176|0x000000008b000000, 0x000000008b100000, 0x000000008b100000|100%| O|  |TAMS 0x000000008b000000, 0x000000008b000000| Untracked 
| 177|0x000000008b100000, 0x000000008b200000, 0x000000008b200000|100%| O|  |TAMS 0x000000008b100000, 0x000000008b100000| Untracked 
| 178|0x000000008b200000, 0x000000008b300000, 0x000000008b300000|100%| O|  |TAMS 0x000000008b200000, 0x000000008b200000| Untracked 
| 179|0x000000008b300000, 0x000000008b400000, 0x000000008b400000|100%| O|  |TAMS 0x000000008b300000, 0x000000008b300000| Untracked 
| 180|0x000000008b400000, 0x000000008b500000, 0x000000008b500000|100%| O|  |TAMS 0x000000008b400000, 0x000000008b400000| Untracked 
| 181|0x000000008b500000, 0x000000008b600000, 0x000000008b600000|100%| O|  |TAMS 0x000000008b500000, 0x000000008b500000| Untracked 
| 182|0x000000008b600000, 0x000000008b700000, 0x000000008b700000|100%| O|  |TAMS 0x000000008b600000, 0x000000008b600000| Untracked 
| 183|0x000000008b700000, 0x000000008b800000, 0x000000008b800000|100%| O|  |TAMS 0x000000008b700000, 0x000000008b700000| Untracked 
| 184|0x000000008b800000, 0x000000008b900000, 0x000000008b900000|100%| O|  |TAMS 0x000000008b800000, 0x000000008b800000| Untracked 
| 185|0x000000008b900000, 0x000000008ba00000, 0x000000008ba00000|100%| O|  |TAMS 0x000000008b900000, 0x000000008b900000| Untracked 
| 186|0x000000008ba00000, 0x000000008bb00000, 0x000000008bb00000|100%| O|  |TAMS 0x000000008ba00000, 0x000000008ba00000| Untracked 
| 187|0x000000008bb00000, 0x000000008bc00000, 0x000000008bc00000|100%| O|  |TAMS 0x000000008bb00000, 0x000000008bb00000| Untracked 
| 188|0x000000008bc00000, 0x000000008bd00000, 0x000000008bd00000|100%| O|  |TAMS 0x000000008bc00000, 0x000000008bc00000| Untracked 
| 189|0x000000008bd00000, 0x000000008be00000, 0x000000008be00000|100%| O|  |TAMS 0x000000008bd00000, 0x000000008bd00000| Untracked 
| 190|0x000000008be00000, 0x000000008bf00000, 0x000000008bf00000|100%| O|  |TAMS 0x000000008bf00000, 0x000000008be00000| Updating 
| 191|0x000000008bf00000, 0x000000008c000000, 0x000000008c000000|100%| O|  |TAMS 0x000000008bf00000, 0x000000008bf00000| Untracked 
| 192|0x000000008c000000, 0x000000008c100000, 0x000000008c100000|100%| O|  |TAMS 0x000000008c100000, 0x000000008c000000| Updating 
| 193|0x000000008c100000, 0x000000008c200000, 0x000000008c200000|100%| O|  |TAMS 0x000000008c100000, 0x000000008c100000| Untracked 
| 194|0x000000008c200000, 0x000000008c300000, 0x000000008c300000|100%| O|  |TAMS 0x000000008c200000, 0x000000008c200000| Untracked 
| 195|0x000000008c300000, 0x000000008c400000, 0x000000008c400000|100%| O|  |TAMS 0x000000008c300000, 0x000000008c300000| Untracked 
| 196|0x000000008c400000, 0x000000008c500000, 0x000000008c500000|100%| O|  |TAMS 0x000000008c500000, 0x000000008c400000| Updating 
| 197|0x000000008c500000, 0x000000008c600000, 0x000000008c600000|100%| O|  |TAMS 0x000000008c500000, 0x000000008c500000| Untracked 
| 198|0x000000008c600000, 0x000000008c700000, 0x000000008c700000|100%| O|  |TAMS 0x000000008c600000, 0x000000008c600000| Untracked 
| 199|0x000000008c700000, 0x000000008c800000, 0x000000008c800000|100%| O|  |TAMS 0x000000008c700000, 0x000000008c700000| Untracked 
| 200|0x000000008c800000, 0x000000008c900000, 0x000000008c900000|100%| O|  |TAMS 0x000000008c800000, 0x000000008c800000| Untracked 
| 201|0x000000008c900000, 0x000000008ca00000, 0x000000008ca00000|100%| O|  |TAMS 0x000000008c900000, 0x000000008c900000| Updating 
| 202|0x000000008ca00000, 0x000000008cb00000, 0x000000008cb00000|100%| O|  |TAMS 0x000000008ca00000, 0x000000008ca00000| Untracked 
| 203|0x000000008cb00000, 0x000000008cc00000, 0x000000008cc00000|100%| O|  |TAMS 0x000000008cb00000, 0x000000008cb00000| Untracked 
| 204|0x000000008cc00000, 0x000000008cd00000, 0x000000008cd00000|100%| O|  |TAMS 0x000000008cc00000, 0x000000008cc00000| Untracked 
| 205|0x000000008cd00000, 0x000000008ce00000, 0x000000008ce00000|100%| O|  |TAMS 0x000000008cd00000, 0x000000008cd00000| Untracked 
| 206|0x000000008ce00000, 0x000000008cf00000, 0x000000008cf00000|100%| O|  |TAMS 0x000000008ce00000, 0x000000008ce00000| Untracked 
| 207|0x000000008cf00000, 0x000000008d000000, 0x000000008d000000|100%| O|  |TAMS 0x000000008cf00000, 0x000000008cf00000| Untracked 
| 208|0x000000008d000000, 0x000000008d100000, 0x000000008d100000|100%| O|  |TAMS 0x000000008d000000, 0x000000008d000000| Untracked 
| 209|0x000000008d100000, 0x000000008d200000, 0x000000008d200000|100%| O|  |TAMS 0x000000008d100000, 0x000000008d100000| Untracked 
| 210|0x000000008d200000, 0x000000008d300000, 0x000000008d300000|100%| O|  |TAMS 0x000000008d200000, 0x000000008d200000| Untracked 
| 211|0x000000008d300000, 0x000000008d400000, 0x000000008d400000|100%| O|  |TAMS 0x000000008d300000, 0x000000008d300000| Untracked 
| 212|0x000000008d400000, 0x000000008d500000, 0x000000008d500000|100%| O|  |TAMS 0x000000008d400000, 0x000000008d400000| Untracked 
| 213|0x000000008d500000, 0x000000008d600000, 0x000000008d600000|100%| O|  |TAMS 0x000000008d500000, 0x000000008d500000| Untracked 
| 214|0x000000008d600000, 0x000000008d700000, 0x000000008d700000|100%| O|  |TAMS 0x000000008d600000, 0x000000008d600000| Untracked 
| 215|0x000000008d700000, 0x000000008d749000, 0x000000008d800000| 28%| O|  |TAMS 0x000000008d700000, 0x000000008d700000| Untracked 
| 216|0x000000008d800000, 0x000000008d800000, 0x000000008d900000|  0%| F|  |TAMS 0x000000008d800000, 0x000000008d800000| Untracked 
| 217|0x000000008d900000, 0x000000008d900000, 0x000000008da00000|  0%| F|  |TAMS 0x000000008d900000, 0x000000008d900000| Untracked 
| 218|0x000000008da00000, 0x000000008da00000, 0x000000008db00000|  0%| F|  |TAMS 0x000000008da00000, 0x000000008da00000| Untracked 
| 219|0x000000008db00000, 0x000000008db00000, 0x000000008dc00000|  0%| F|  |TAMS 0x000000008db00000, 0x000000008db00000| Untracked 
| 220|0x000000008dc00000, 0x000000008dc00000, 0x000000008dd00000|  0%| F|  |TAMS 0x000000008dc00000, 0x000000008dc00000| Untracked 
| 221|0x000000008dd00000, 0x000000008dd00000, 0x000000008de00000|  0%| F|  |TAMS 0x000000008dd00000, 0x000000008dd00000| Untracked 
| 222|0x000000008de00000, 0x000000008de00000, 0x000000008df00000|  0%| F|  |TAMS 0x000000008de00000, 0x000000008de00000| Untracked 
| 223|0x000000008df00000, 0x000000008df00000, 0x000000008e000000|  0%| F|  |TAMS 0x000000008df00000, 0x000000008df00000| Untracked 
| 224|0x000000008e000000, 0x000000008e000000, 0x000000008e100000|  0%| F|  |TAMS 0x000000008e000000, 0x000000008e000000| Untracked 
| 225|0x000000008e100000, 0x000000008e100000, 0x000000008e200000|  0%| F|  |TAMS 0x000000008e100000, 0x000000008e100000| Untracked 
| 226|0x000000008e200000, 0x000000008e200000, 0x000000008e300000|  0%| F|  |TAMS 0x000000008e200000, 0x000000008e200000| Untracked 
| 227|0x000000008e300000, 0x000000008e300000, 0x000000008e400000|  0%| F|  |TAMS 0x000000008e300000, 0x000000008e300000| Untracked 
| 228|0x000000008e400000, 0x000000008e400000, 0x000000008e500000|  0%| F|  |TAMS 0x000000008e400000, 0x000000008e400000| Untracked 
| 229|0x000000008e500000, 0x000000008e500000, 0x000000008e600000|  0%| F|  |TAMS 0x000000008e500000, 0x000000008e500000| Untracked 
| 230|0x000000008e600000, 0x000000008e600000, 0x000000008e700000|  0%| F|  |TAMS 0x000000008e600000, 0x000000008e600000| Untracked 
| 231|0x000000008e700000, 0x000000008e700000, 0x000000008e800000|  0%| F|  |TAMS 0x000000008e700000, 0x000000008e700000| Untracked 
| 232|0x000000008e800000, 0x000000008e800000, 0x000000008e900000|  0%| F|  |TAMS 0x000000008e800000, 0x000000008e800000| Untracked 
| 233|0x000000008e900000, 0x000000008e900000, 0x000000008ea00000|  0%| F|  |TAMS 0x000000008e900000, 0x000000008e900000| Untracked 
| 234|0x000000008ea00000, 0x000000008ea00000, 0x000000008eb00000|  0%| F|  |TAMS 0x000000008ea00000, 0x000000008ea00000| Untracked 
| 235|0x000000008eb00000, 0x000000008eb00000, 0x000000008ec00000|  0%| F|  |TAMS 0x000000008eb00000, 0x000000008eb00000| Untracked 
| 236|0x000000008ec00000, 0x000000008ec00000, 0x000000008ed00000|  0%| F|  |TAMS 0x000000008ec00000, 0x000000008ec00000| Untracked 
| 237|0x000000008ed00000, 0x000000008ed00000, 0x000000008ee00000|  0%| F|  |TAMS 0x000000008ed00000, 0x000000008ed00000| Untracked 
| 238|0x000000008ee00000, 0x000000008ee00000, 0x000000008ef00000|  0%| F|  |TAMS 0x000000008ee00000, 0x000000008ee00000| Untracked 
| 239|0x000000008ef00000, 0x000000008ef00000, 0x000000008f000000|  0%| F|  |TAMS 0x000000008ef00000, 0x000000008ef00000| Untracked 
| 240|0x000000008f000000, 0x000000008f000000, 0x000000008f100000|  0%| F|  |TAMS 0x000000008f000000, 0x000000008f000000| Untracked 
| 241|0x000000008f100000, 0x000000008f100000, 0x000000008f200000|  0%| F|  |TAMS 0x000000008f100000, 0x000000008f100000| Untracked 
| 242|0x000000008f200000, 0x000000008f300000, 0x000000008f300000|100%| S|CS|TAMS 0x000000008f200000, 0x000000008f200000| Complete 
| 243|0x000000008f300000, 0x000000008f400000, 0x000000008f400000|100%| S|CS|TAMS 0x000000008f300000, 0x000000008f300000| Complete 
| 244|0x000000008f400000, 0x000000008f400000, 0x000000008f500000|  0%| F|  |TAMS 0x000000008f400000, 0x000000008f400000| Untracked 
| 245|0x000000008f500000, 0x000000008f500000, 0x000000008f600000|  0%| F|  |TAMS 0x000000008f500000, 0x000000008f500000| Untracked 
| 246|0x000000008f600000, 0x000000008f600000, 0x000000008f700000|  0%| F|  |TAMS 0x000000008f600000, 0x000000008f600000| Untracked 
| 247|0x000000008f700000, 0x000000008f700000, 0x000000008f800000|  0%| F|  |TAMS 0x000000008f700000, 0x000000008f700000| Untracked 
| 248|0x000000008f800000, 0x000000008f800000, 0x000000008f900000|  0%| F|  |TAMS 0x000000008f800000, 0x000000008f800000| Untracked 
| 249|0x000000008f900000, 0x000000008f900000, 0x000000008fa00000|  0%| F|  |TAMS 0x000000008f900000, 0x000000008f900000| Untracked 
| 250|0x000000008fa00000, 0x000000008fa00000, 0x000000008fb00000|  0%| F|  |TAMS 0x000000008fa00000, 0x000000008fa00000| Untracked 
| 251|0x000000008fb00000, 0x000000008fb00000, 0x000000008fc00000|  0%| F|  |TAMS 0x000000008fb00000, 0x000000008fb00000| Untracked 
| 252|0x000000008fc00000, 0x000000008fc00000, 0x000000008fd00000|  0%| F|  |TAMS 0x000000008fc00000, 0x000000008fc00000| Untracked 
| 253|0x000000008fd00000, 0x000000008fd00000, 0x000000008fe00000|  0%| F|  |TAMS 0x000000008fd00000, 0x000000008fd00000| Untracked 
| 254|0x000000008fe00000, 0x000000008fe00000, 0x000000008ff00000|  0%| F|  |TAMS 0x000000008fe00000, 0x000000008fe00000| Untracked 
| 255|0x000000008ff00000, 0x000000008ff00000, 0x0000000090000000|  0%| F|  |TAMS 0x000000008ff00000, 0x000000008ff00000| Untracked 

Card table byte_map: [0x0000019a66680000,0x0000019a66a80000] _byte_map_base: 0x0000019a66280000

Marking Bits (Prev, Next): (CMBitMap*) 0x0000019a5316f708, (CMBitMap*) 0x0000019a5316f740
 Prev Bits: [0x0000019a66e80000, 0x0000019a68e80000)
 Next Bits: [0x0000019a68e80000, 0x0000019a6ae80000)

Polling page: 0x0000019a51ae0000

Metaspace:

Usage:
  Non-class:     96.22 MB capacity,    94.29 MB ( 98%) used,     1.57 MB (  2%) free+waste,   363.13 KB ( <1%) overhead. 
      Class:     15.37 MB capacity,    14.27 MB ( 93%) used,   964.50 KB (  6%) free+waste,   167.31 KB (  1%) overhead. 
       Both:    111.59 MB capacity,   108.56 MB ( 97%) used,     2.51 MB (  2%) free+waste,   530.44 KB ( <1%) overhead. 

Virtual space:
  Non-class space:       98.00 MB reserved,      96.38 MB ( 98%) committed 
      Class space:        1.00 GB reserved,      15.45 MB (  2%) committed 
             Both:        1.10 GB reserved,     111.82 MB ( 10%) committed 

Chunk freelists:
   Non-Class:  35.00 KB
       Class:  2.00 KB
        Both:  37.00 KB

MaxMetaspaceSize: 17179869184.00 GB
CompressedClassSpaceSize: 1.00 GB
Initial GC threshold: 20.80 MB
Current GC threshold: 186.38 MB
CDS: off

CodeHeap 'non-profiled nmethods': size=120064Kb used=6529Kb max_used=6529Kb free=113535Kb
 bounds [0x0000019a5e710000, 0x0000019a5ed80000, 0x0000019a65c50000]
CodeHeap 'profiled nmethods': size=120000Kb used=26843Kb max_used=26843Kb free=93156Kb
 bounds [0x0000019a571e0000, 0x0000019a58c20000, 0x0000019a5e710000]
CodeHeap 'non-nmethods': size=5696Kb used=2452Kb max_used=2489Kb free=3243Kb
 bounds [0x0000019a56c50000, 0x0000019a56ed0000, 0x0000019a571e0000]
 total_blobs=14064 nmethods=13082 adapters=894
 compilation: enabled
              stopped_count=0, restarted_count=0
 full_count=0

Compilation events (20 events):
Event: 25.723 Thread 0x0000019a6de35000 13256       2       com.android.tools.r8.code.x2::<init> (7 bytes)
Event: 25.724 Thread 0x0000019a6de35000 nmethod 13256 0x0000019a58c13510 code [0x0000019a58c136e0, 0x0000019a58c13918]
Event: 25.727 Thread 0x0000019a6de35000 13257       2       com.android.tools.r8.code.F3::<init> (85 bytes)
Event: 25.727 Thread 0x0000019a6de35000 nmethod 13257 0x0000019a58c13b10 code [0x0000019a58c13d40, 0x0000019a58c14468]
Event: 25.728 Thread 0x0000019a6de35000 13258       2       com.android.tools.r8.internal.V0::iterator (5 bytes)
Event: 25.728 Thread 0x0000019a6de35000 nmethod 13258 0x0000019a58c14990 code [0x0000019a58c14b40, 0x0000019a58c14c68]
Event: 25.748 Thread 0x0000019a6de35000 13259       2       com.android.tools.r8.internal.N0::entrySet (5 bytes)
Event: 25.748 Thread 0x0000019a6de35000 nmethod 13259 0x0000019a58c14d10 code [0x0000019a58c14ec0, 0x0000019a58c14fe8]
Event: 25.748 Thread 0x0000019a6de35000 13260       2       com.android.tools.r8.internal.bH::k (27 bytes)
Event: 25.748 Thread 0x0000019a6de35000 nmethod 13260 0x0000019a58c15090 code [0x0000019a58c15240, 0x0000019a58c15458]
Event: 25.748 Thread 0x0000019a6de35000 13261       2       com.android.tools.r8.internal.YG::<init> (6 bytes)
Event: 25.748 Thread 0x0000019a6de35000 nmethod 13261 0x0000019a58c15510 code [0x0000019a58c156c0, 0x0000019a58c15818]
Event: 25.765 Thread 0x0000019a6de35000 13262       2       com.android.tools.r8.code.t2::<init> (7 bytes)
Event: 25.765 Thread 0x0000019a6de35000 nmethod 13262 0x0000019a58c15890 code [0x0000019a58c15a60, 0x0000019a58c15c28]
Event: 25.772 Thread 0x0000019a6de35000 13263       2       com.android.tools.r8.graph.X2::k (73 bytes)
Event: 25.773 Thread 0x0000019a6de35000 nmethod 13263 0x0000019a58c15d90 code [0x0000019a58c15f80, 0x0000019a58c16308]
Event: 25.773 Thread 0x0000019a6de35000 13264       2       com.android.tools.r8.graph.C::isEmpty (14 bytes)
Event: 25.773 Thread 0x0000019a6de35000 nmethod 13264 0x0000019a58c16490 code [0x0000019a58c16640, 0x0000019a58c16758]
Event: 25.782 Thread 0x0000019a6de35000 13267       2       com.android.tools.r8.code.d::<init> (7 bytes)
Event: 25.783 Thread 0x0000019a6de35000 nmethod 13267 0x0000019a58c16810 code [0x0000019a58c169e0, 0x0000019a58c16c18]

GC Heap History (20 events):
Event: 25.245 GC heap after
{Heap after GC invocations=51 (full 0):
 garbage-first heap   total 203776K, used 171946K [0x0000000080000000, 0x0000000100000000)
  region size 1024K, 2 young (2048K), 2 survivors (2048K)
 Metaspace       used 109943K, capacity 112987K, committed 113228K, reserved 1146880K
  class space    used 14371K, capacity 15512K, committed 15564K, reserved 1048576K
}
Event: 25.284 GC heap before
{Heap before GC invocations=52 (full 0):
 garbage-first heap   total 203776K, used 180138K [0x0000000080000000, 0x0000000100000000)
  region size 1024K, 9 young (9216K), 2 survivors (2048K)
 Metaspace       used 109943K, capacity 112987K, committed 113228K, reserved 1146880K
  class space    used 14371K, capacity 15512K, committed 15564K, reserved 1048576K
}
Event: 25.299 GC heap after
{Heap after GC invocations=53 (full 0):
 garbage-first heap   total 203776K, used 178176K [0x0000000080000000, 0x0000000100000000)
  region size 1024K, 2 young (2048K), 2 survivors (2048K)
 Metaspace       used 109943K, capacity 112987K, committed 113228K, reserved 1146880K
  class space    used 14371K, capacity 15512K, committed 15564K, reserved 1048576K
}
Event: 25.328 GC heap before
{Heap before GC invocations=53 (full 0):
 garbage-first heap   total 203776K, used 185344K [0x0000000080000000, 0x0000000100000000)
  region size 1024K, 9 young (9216K), 2 survivors (2048K)
 Metaspace       used 109944K, capacity 112987K, committed 113228K, reserved 1146880K
  class space    used 14371K, capacity 15512K, committed 15564K, reserved 1048576K
}
Event: 25.340 GC heap after
{Heap after GC invocations=54 (full 0):
 garbage-first heap   total 203776K, used 181058K [0x0000000080000000, 0x0000000100000000)
  region size 1024K, 2 young (2048K), 2 survivors (2048K)
 Metaspace       used 109944K, capacity 112987K, committed 113228K, reserved 1146880K
  class space    used 14371K, capacity 15512K, committed 15564K, reserved 1048576K
}
Event: 25.429 GC heap before
{Heap before GC invocations=54 (full 0):
 garbage-first heap   total 203776K, used 188226K [0x0000000080000000, 0x0000000100000000)
  region size 1024K, 9 young (9216K), 2 survivors (2048K)
 Metaspace       used 110916K, capacity 113992K, committed 114252K, reserved 1148928K
  class space    used 14610K, capacity 15742K, committed 15820K, reserved 1048576K
}
Event: 25.436 GC heap after
{Heap after GC invocations=55 (full 0):
 garbage-first heap   total 203776K, used 185241K [0x0000000080000000, 0x0000000100000000)
  region size 1024K, 2 young (2048K), 2 survivors (2048K)
 Metaspace       used 110916K, capacity 113992K, committed 114252K, reserved 1148928K
  class space    used 14610K, capacity 15742K, committed 15820K, reserved 1048576K
}
Event: 25.504 GC heap before
{Heap before GC invocations=55 (full 0):
 garbage-first heap   total 203776K, used 191385K [0x0000000080000000, 0x0000000100000000)
  region size 1024K, 9 young (9216K), 2 survivors (2048K)
 Metaspace       used 111092K, capacity 114190K, committed 114508K, reserved 1148928K
  class space    used 14610K, capacity 15742K, committed 15820K, reserved 1048576K
}
Event: 25.512 GC heap after
{Heap after GC invocations=56 (full 0):
 garbage-first heap   total 203776K, used 189103K [0x0000000080000000, 0x0000000100000000)
  region size 1024K, 2 young (2048K), 2 survivors (2048K)
 Metaspace       used 111092K, capacity 114190K, committed 114508K, reserved 1148928K
  class space    used 14610K, capacity 15742K, committed 15820K, reserved 1048576K
}
Event: 25.543 GC heap before
{Heap before GC invocations=56 (full 0):
 garbage-first heap   total 203776K, used 196271K [0x0000000080000000, 0x0000000100000000)
  region size 1024K, 9 young (9216K), 2 survivors (2048K)
 Metaspace       used 111133K, capacity 114197K, committed 114508K, reserved 1148928K
  class space    used 14610K, capacity 15742K, committed 15820K, reserved 1048576K
}
Event: 25.549 GC heap after
{Heap after GC invocations=57 (full 0):
 garbage-first heap   total 203776K, used 192997K [0x0000000080000000, 0x0000000100000000)
  region size 1024K, 2 young (2048K), 2 survivors (2048K)
 Metaspace       used 111133K, capacity 114197K, committed 114508K, reserved 1148928K
  class space    used 14610K, capacity 15742K, committed 15820K, reserved 1048576K
}
Event: 25.578 GC heap before
{Heap before GC invocations=57 (full 0):
 garbage-first heap   total 203776K, used 199141K [0x0000000080000000, 0x0000000100000000)
  region size 1024K, 9 young (9216K), 2 survivors (2048K)
 Metaspace       used 111140K, capacity 114199K, committed 114508K, reserved 1148928K
  class space    used 14610K, capacity 15742K, committed 15820K, reserved 1048576K
}
Event: 25.585 GC heap after
{Heap after GC invocations=58 (full 0):
 garbage-first heap   total 262144K, used 197328K [0x0000000080000000, 0x0000000100000000)
  region size 1024K, 2 young (2048K), 2 survivors (2048K)
 Metaspace       used 111140K, capacity 114199K, committed 114508K, reserved 1148928K
  class space    used 14610K, capacity 15742K, committed 15820K, reserved 1048576K
}
Event: 25.654 GC heap before
{Heap before GC invocations=58 (full 0):
 garbage-first heap   total 262144K, used 210640K [0x0000000080000000, 0x0000000100000000)
  region size 1024K, 17 young (17408K), 2 survivors (2048K)
 Metaspace       used 111144K, capacity 114200K, committed 114508K, reserved 1148928K
  class space    used 14610K, capacity 15742K, committed 15820K, reserved 1048576K
}
Event: 25.664 GC heap after
{Heap after GC invocations=59 (full 0):
 garbage-first heap   total 262144K, used 203338K [0x0000000080000000, 0x0000000100000000)
  region size 1024K, 3 young (3072K), 3 survivors (3072K)
 Metaspace       used 111144K, capacity 114200K, committed 114508K, reserved 1148928K
  class space    used 14610K, capacity 15742K, committed 15820K, reserved 1048576K
}
Event: 25.706 GC heap before
{Heap before GC invocations=59 (full 0):
 garbage-first heap   total 262144K, used 215626K [0x0000000080000000, 0x0000000100000000)
  region size 1024K, 16 young (16384K), 3 survivors (3072K)
 Metaspace       used 111159K, capacity 114267K, committed 114508K, reserved 1148928K
  class space    used 14610K, capacity 15742K, committed 15820K, reserved 1048576K
}
Event: 25.719 GC heap after
{Heap after GC invocations=60 (full 0):
 garbage-first heap   total 262144K, used 211242K [0x0000000080000000, 0x0000000100000000)
  region size 1024K, 2 young (2048K), 2 survivors (2048K)
 Metaspace       used 111159K, capacity 114267K, committed 114508K, reserved 1148928K
  class space    used 14610K, capacity 15742K, committed 15820K, reserved 1048576K
}
Event: 25.749 GC heap before
{Heap before GC invocations=60 (full 0):
 garbage-first heap   total 262144K, used 220458K [0x0000000080000000, 0x0000000100000000)
  region size 1024K, 12 young (12288K), 2 survivors (2048K)
 Metaspace       used 111163K, capacity 114267K, committed 114508K, reserved 1148928K
  class space    used 14610K, capacity 15742K, committed 15820K, reserved 1048576K
}
Event: 25.762 GC heap after
{Heap after GC invocations=61 (full 0):
 garbage-first heap   total 262144K, used 217088K [0x0000000080000000, 0x0000000100000000)
  region size 1024K, 2 young (2048K), 2 survivors (2048K)
 Metaspace       used 111163K, capacity 114267K, committed 114508K, reserved 1148928K
  class space    used 14610K, capacity 15742K, committed 15820K, reserved 1048576K
}
Event: 25.789 GC heap before
{Heap before GC invocations=61 (full 0):
 garbage-first heap   total 262144K, used 227328K [0x0000000080000000, 0x0000000100000000)
  region size 1024K, 12 young (12288K), 2 survivors (2048K)
 Metaspace       used 111166K, capacity 114267K, committed 114508K, reserved 1148928K
  class space    used 14610K, capacity 15742K, committed 15820K, reserved 1048576K
}

Deoptimization events (20 events):
Event: 25.200 Thread 0x0000019a73ca5800 DEOPT PACKING pc=0x0000019a589bdc7e sp=0x000000463b3fcf50
Event: 25.200 Thread 0x0000019a73ca5800 DEOPT UNPACKING pc=0x0000019a56c9a95e sp=0x000000463b3fc3c8 mode 0
Event: 25.204 Thread 0x0000019a73ca5800 DEOPT PACKING pc=0x0000019a58aec0a8 sp=0x000000463b3fcc90
Event: 25.204 Thread 0x0000019a73ca5800 DEOPT UNPACKING pc=0x0000019a56c9a95e sp=0x000000463b3fc128 mode 0
Event: 25.214 Thread 0x0000019a73ca5800 DEOPT PACKING pc=0x0000019a58aff801 sp=0x000000463b3fcee0
Event: 25.214 Thread 0x0000019a73ca5800 DEOPT UNPACKING pc=0x0000019a56c9a95e sp=0x000000463b3fc3a8 mode 0
Event: 25.248 Thread 0x0000019a73ca5800 DEOPT PACKING pc=0x0000019a58ab8426 sp=0x000000463b3fd050
Event: 25.248 Thread 0x0000019a73ca5800 DEOPT UNPACKING pc=0x0000019a56c9a95e sp=0x000000463b3fc4f8 mode 0
Event: 25.322 Thread 0x0000019a73ca5800 DEOPT PACKING pc=0x0000019a58ad3a8e sp=0x000000463b3fd160
Event: 25.322 Thread 0x0000019a73ca5800 DEOPT UNPACKING pc=0x0000019a56c9a95e sp=0x000000463b3fc810 mode 0
Event: 25.326 Thread 0x0000019a73ca5800 DEOPT PACKING pc=0x0000019a589bdc7e sp=0x000000463b3fd140
Event: 25.326 Thread 0x0000019a73ca5800 DEOPT UNPACKING pc=0x0000019a56c9a95e sp=0x000000463b3fc5b8 mode 0
Event: 25.345 Thread 0x0000019a73ca5800 Uncommon trap: trap_request=0xffffff4d fr.pc=0x0000019a5ed506d0 relative=0x00000000000049f0
Event: 25.345 Thread 0x0000019a73ca5800 Uncommon trap: reason=unstable_if action=reinterpret pc=0x0000019a5ed506d0 method=com.android.tools.r8.dex.j.m()V @ 1437 c2
Event: 25.345 Thread 0x0000019a73ca5800 DEOPT PACKING pc=0x0000019a5ed506d0 sp=0x000000463b3fd350
Event: 25.345 Thread 0x0000019a73ca5800 DEOPT UNPACKING pc=0x0000019a56c9a1af sp=0x000000463b3fd318 mode 2
Event: 25.624 Thread 0x0000019a73ca7000 Uncommon trap: trap_request=0xffffff4d fr.pc=0x0000019a5eb47814 relative=0x0000000000000354
Event: 25.624 Thread 0x0000019a73ca7000 Uncommon trap: reason=unstable_if action=reinterpret pc=0x0000019a5eb47814 method=java.util.concurrent.ConcurrentLinkedQueue.offer(Ljava/lang/Object;)Z @ 42 c2
Event: 25.624 Thread 0x0000019a73ca7000 DEOPT PACKING pc=0x0000019a5eb47814 sp=0x000000463b8fed30
Event: 25.624 Thread 0x0000019a73ca7000 DEOPT UNPACKING pc=0x0000019a56c9a1af sp=0x000000463b8fec78 mode 2

Classes redefined (0 events):
No events

Internal exceptions (20 events):
Event: 23.342 Thread 0x0000019a73ca5000 Exception <a 'java/lang/IncompatibleClassChangeError'{0x00000000895ed2a8}: Found class java.lang.Object, but interface was expected> (0x00000000895ed2a8) thrown at [./src/hotspot/share/interpreter/linkResolver.cpp, line 839]
Event: 23.403 Thread 0x0000019a73ca5000 Exception <a 'java/lang/NoSuchMethodError'{0x00000000892937b0}: 'java.lang.Object java.lang.invoke.DirectMethodHandle$Holder.invokeStatic(java.lang.Object, long)'> (0x00000000892937b0) thrown at [./src/hotspot/share/interpreter/linkResolver.cpp, line 773]
Event: 23.482 Thread 0x0000019a73ca5000 Exception <a 'java/lang/IncompatibleClassChangeError'{0x0000000088f9a128}: Found class java.lang.Object, but interface was expected> (0x0000000088f9a128) thrown at [./src/hotspot/share/interpreter/linkResolver.cpp, line 839]
Event: 23.542 Thread 0x0000019a73ca5000 Exception <a 'java/lang/NoSuchMethodError'{0x0000000088b73440}: 'java.lang.Object java.lang.invoke.DirectMethodHandle$Holder.invokeStatic(java.lang.Object, int, java.lang.Object, java.lang.Object)'> (0x0000000088b73440) thrown at [./src/hotspot/share/interpreter/linkResolver.cpp, line 773]
Event: 23.618 Thread 0x0000019a73ca5000 Exception <a 'java/lang/IncompatibleClassChangeError'{0x00000000886c3210}: Found class java.lang.Object, but interface was expected> (0x00000000886c3210) thrown at [./src/hotspot/share/interpreter/linkResolver.cpp, line 839]
Event: 23.618 Thread 0x0000019a73ca5000 Exception <a 'java/lang/IncompatibleClassChangeError'{0x00000000886ca750}: Found class java.lang.Object, but interface was expected> (0x00000000886ca750) thrown at [./src/hotspot/share/interpreter/linkResolver.cpp, line 839]
Event: 23.645 Thread 0x0000019a73ca5000 Exception <a 'java/lang/NoSuchMethodError'{0x0000000088440a90}: 'void java.lang.invoke.DirectMethodHandle$Holder.invokeSpecial(java.lang.Object, java.lang.Object, int, java.lang.Object)'> (0x0000000088440a90) thrown at [./src/hotspot/share/interpreter/linkResolver.cpp, line 773]
Event: 23.682 Thread 0x0000019a73ca5000 Exception <a 'java/lang/NoSuchMethodError'{0x00000000882a7008}: 'java.lang.Object java.lang.invoke.DirectMethodHandle$Holder.newInvokeSpecial(java.lang.Object, int)'> (0x00000000882a7008) thrown at [./src/hotspot/share/interpreter/linkResolver.cpp, line 773]
Event: 23.715 Thread 0x0000019a73ca5000 Exception <a 'java/lang/NoSuchMethodError'{0x0000000087b85428}: 'long java.lang.invoke.DirectMethodHandle$Holder.invokeStatic(java.lang.Object, java.lang.Object)'> (0x0000000087b85428) thrown at [./src/hotspot/share/interpreter/linkResolver.cpp, line 773]
Event: 23.766 Thread 0x0000019a73ca5000 Exception <a 'java/lang/NoSuchMethodError'{0x000000008ba22380}: 'java.lang.Object java.lang.invoke.DirectMethodHandle$Holder.invokeSpecial(java.lang.Object, java.lang.Object, java.lang.Object, java.lang.Object, java.lang.Object, java.lang.Object, java.lang.Object, java.lang.Object, java.lang.Object, java.lang.Object, java.lang.Object)'> (0x000000008ba22380) thrown at [./src/hotspot/share/interpreter/linkResolver.cpp, line 773]
Event: 23.768 Thread 0x0000019a73ca5000 Exception <a 'java/lang/NoSuchMethodError'{0x000000008ba2d528}: 'java.lang.Object java.lang.invoke.Invokers$Holder.linkToTargetMethod(java.lang.Object, java.lang.Object, java.lang.Object, java.lang.Object, java.lang.Object, java.lang.Object, java.lang.Object, java.lang.Object, java.lang.Object, java.lang.Object)'> (0x000000008ba2d528) thrown at [./src/hotspot/share/interpreter/linkResolver.cpp, line 773]
Event: 23.774 Thread 0x0000019a73ca5000 Exception <a 'java/lang/IncompatibleClassChangeError'{0x000000008ba88ca8}: Found class java.lang.Object, but interface was expected> (0x000000008ba88ca8) thrown at [./src/hotspot/share/interpreter/linkResolver.cpp, line 839]
Event: 23.816 Thread 0x0000019a73ca5000 Exception <a 'java/lang/NoSuchMethodError'{0x000000008b8d8a40}: 'java.lang.Object java.lang.invoke.Invokers$Holder.linkToTargetMethod(java.lang.Object, int, java.lang.Object, java.lang.Object, java.lang.Object, java.lang.Object)'> (0x000000008b8d8a40) thrown at [./src/hotspot/share/interpreter/linkResolver.cpp, line 773]
Event: 23.817 Thread 0x0000019a73ca5000 Exception <a 'java/lang/NoSuchMethodError'{0x000000008b8ec490}: 'java.lang.Object java.lang.invoke.Invokers$Holder.linkToTargetMethod(java.lang.Object, java.lang.Object, java.lang.Object, int, java.lang.Object, java.lang.Object, java.lang.Object)'> (0x000000008b8ec490) thrown at [./src/hotspot/share/interpreter/linkResolver.cpp, line 773]
Event: 23.827 Thread 0x0000019a73ca5000 Exception <a 'java/lang/NoSuchMethodError'{0x000000008b79b338}: 'void java.lang.invoke.DirectMethodHandle$Holder.invokeStatic(java.lang.Object, java.lang.Object, java.lang.Object, java.lang.Object, java.lang.Object, java.lang.Object, java.lang.Object, java.lang.Object)'> (0x000000008b79b338) thrown at [./src/hotspot/share/interpreter/linkResolver.cpp, line 773]
Event: 23.860 Thread 0x0000019a73ca5000 Exception <a 'java/lang/IncompatibleClassChangeError'{0x000000008b588df0}: Found class java.lang.Object, but interface was expected> (0x000000008b588df0) thrown at [./src/hotspot/share/interpreter/linkResolver.cpp, line 839]
Event: 23.874 Thread 0x0000019a73ca5000 Exception <a 'java/lang/NoSuchMethodError'{0x000000008b4779c8}: 'void java.lang.invoke.DirectMethodHandle$Holder.invokeSpecial(java.lang.Object, java.lang.Object, int)'> (0x000000008b4779c8) thrown at [./src/hotspot/share/interpreter/linkResolver.cpp, line 773]
Event: 23.884 Thread 0x0000019a73ca5000 Exception <a 'sun/nio/fs/WindowsException'{0x000000008b4fcc18}> (0x000000008b4fcc18) thrown at [./src/hotspot/share/prims/jni.cpp, line 615]
Event: 24.705 Thread 0x0000019a73ca5800 Exception <a 'sun/nio/fs/WindowsException'{0x000000008b8e30f8}> (0x000000008b8e30f8) thrown at [./src/hotspot/share/prims/jni.cpp, line 615]
Event: 25.376 Thread 0x0000019a73ca6800 Exception <a 'java/lang/NoSuchMethodError'{0x000000008c521298}: 'long java.lang.invoke.DirectMethodHandle$Holder.invokeStatic(java.lang.Object, java.lang.Object, java.lang.Object)'> (0x000000008c521298) thrown at [./src/hotspot/share/interpreter/linkResolver.cpp, line 773]

Events (20 events):
Event: 25.410 loading class com/android/tools/r8/internal/XG done
Event: 25.411 loading class com/android/tools/r8/internal/cH
Event: 25.411 loading class com/android/tools/r8/internal/cH done
Event: 25.429 Executing VM operation: G1CollectForAllocation
Event: 25.436 Executing VM operation: G1CollectForAllocation done
Event: 25.504 Executing VM operation: G1CollectForAllocation
Event: 25.512 Executing VM operation: G1CollectForAllocation done
Event: 25.543 Executing VM operation: G1CollectForAllocation
Event: 25.549 Executing VM operation: G1CollectForAllocation done
Event: 25.578 Executing VM operation: G1CollectForAllocation
Event: 25.585 Executing VM operation: G1CollectForAllocation done
Event: 25.598 Executing VM operation: CGC_Operation
Event: 25.613 Executing VM operation: CGC_Operation done
Event: 25.654 Executing VM operation: G1CollectForAllocation
Event: 25.665 Executing VM operation: G1CollectForAllocation done
Event: 25.706 Executing VM operation: G1CollectForAllocation
Event: 25.720 Executing VM operation: G1CollectForAllocation done
Event: 25.749 Executing VM operation: G1CollectForAllocation
Event: 25.762 Executing VM operation: G1CollectForAllocation done
Event: 25.789 Executing VM operation: G1CollectForAllocation


Dynamic libraries:
0x00007ff677eb0000 - 0x00007ff677eba000 	C:\Program Files\Android\Android Studio\jre\bin\java.exe
0x00007ff9aa120000 - 0x00007ff9aa329000 	C:\WINDOWS\SYSTEM32\ntdll.dll
0x00007ff9a9270000 - 0x00007ff9a932d000 	C:\WINDOWS\System32\KERNEL32.DLL
0x00007ff9a7c30000 - 0x00007ff9a7fad000 	C:\WINDOWS\System32\KERNELBASE.dll
0x00007ff9a7880000 - 0x00007ff9a7991000 	C:\WINDOWS\System32\ucrtbase.dll
0x00007ff98a7a0000 - 0x00007ff98a7b7000 	C:\Program Files\Android\Android Studio\jre\bin\VCRUNTIME140.dll
0x00007ff9888d0000 - 0x00007ff9888e9000 	C:\Program Files\Android\Android Studio\jre\bin\jli.dll
0x00007ff9a9ce0000 - 0x00007ff9a9e8d000 	C:\WINDOWS\System32\USER32.dll
0x00007ff992540000 - 0x00007ff9927e5000 	C:\WINDOWS\WinSxS\amd64_microsoft.windows.common-controls_6595b64144ccf1df_6.0.22000.120_none_9d947278b86cc467\COMCTL32.dll
0x00007ff9a7850000 - 0x00007ff9a7876000 	C:\WINDOWS\System32\win32u.dll
0x00007ff9a91c0000 - 0x00007ff9a9263000 	C:\WINDOWS\System32\msvcrt.dll
0x00007ff9a9f80000 - 0x00007ff9a9fa9000 	C:\WINDOWS\System32\GDI32.dll
0x00007ff9a7b10000 - 0x00007ff9a7c28000 	C:\WINDOWS\System32\gdi32full.dll
0x00007ff9a77b0000 - 0x00007ff9a784d000 	C:\WINDOWS\System32\msvcp_win.dll
0x00007ff9a8290000 - 0x00007ff9a82c1000 	C:\WINDOWS\System32\IMM32.DLL
0x00007ff972590000 - 0x00007ff97262d000 	C:\Program Files\Android\Android Studio\jre\bin\msvcp140.dll
0x00007ff9422c0000 - 0x00007ff942da5000 	C:\Program Files\Android\Android Studio\jre\bin\server\jvm.dll
0x00007ff9a8040000 - 0x00007ff9a80ee000 	C:\WINDOWS\System32\ADVAPI32.dll
0x00007ff9a8480000 - 0x00007ff9a851e000 	C:\WINDOWS\System32\sechost.dll
0x00007ff9a9bc0000 - 0x00007ff9a9ce0000 	C:\WINDOWS\System32\RPCRT4.dll
0x00007ff9a9330000 - 0x00007ff9a9338000 	C:\WINDOWS\System32\PSAPI.DLL
0x00007ff944bf0000 - 0x00007ff944bf9000 	C:\WINDOWS\SYSTEM32\WSOCK32.dll
0x00007ff994900000 - 0x00007ff994933000 	C:\WINDOWS\SYSTEM32\WINMM.dll
0x00007ff9a2d40000 - 0x00007ff9a2d4a000 	C:\WINDOWS\SYSTEM32\VERSION.dll
0x00007ff9a9fb0000 - 0x00007ff9aa01f000 	C:\WINDOWS\System32\WS2_32.dll
0x00007ff9a6700000 - 0x00007ff9a6718000 	C:\WINDOWS\SYSTEM32\kernel.appcore.dll
0x00007ff984580000 - 0x00007ff984591000 	C:\Program Files\Android\Android Studio\jre\bin\verify.dll
0x00007ff9953f0000 - 0x00007ff995611000 	C:\WINDOWS\SYSTEM32\DBGHELP.DLL
0x00007ff994950000 - 0x00007ff994981000 	C:\WINDOWS\SYSTEM32\dbgcore.DLL
0x00007ff9a76c0000 - 0x00007ff9a773f000 	C:\WINDOWS\System32\bcryptPrimitives.dll
0x00007ff971950000 - 0x00007ff971979000 	C:\Program Files\Android\Android Studio\jre\bin\java.dll
0x00007ff984570000 - 0x00007ff98457b000 	C:\Program Files\Android\Android Studio\jre\bin\jimage.dll
0x00007ff971930000 - 0x00007ff971948000 	C:\Program Files\Android\Android Studio\jre\bin\zip.dll
0x00007ff9a9340000 - 0x00007ff9a9af8000 	C:\WINDOWS\System32\SHELL32.dll
0x00007ff9a5770000 - 0x00007ff9a5fd8000 	C:\WINDOWS\SYSTEM32\windows.storage.dll
0x00007ff9a86e0000 - 0x00007ff9a8a59000 	C:\WINDOWS\System32\combase.dll
0x00007ff9a5600000 - 0x00007ff9a5766000 	C:\WINDOWS\SYSTEM32\wintypes.dll
0x00007ff9a8ed0000 - 0x00007ff9a8fba000 	C:\WINDOWS\System32\SHCORE.dll
0x00007ff9a7fd0000 - 0x00007ff9a802d000 	C:\WINDOWS\System32\shlwapi.dll
0x00007ff9a7530000 - 0x00007ff9a7551000 	C:\WINDOWS\SYSTEM32\profapi.dll
0x00007ff967f60000 - 0x00007ff967f7a000 	C:\Program Files\Android\Android Studio\jre\bin\net.dll
0x00007ff9a2760000 - 0x00007ff9a286c000 	C:\WINDOWS\SYSTEM32\WINHTTP.dll
0x00007ff9a6b30000 - 0x00007ff9a6b97000 	C:\WINDOWS\system32\mswsock.dll
0x00007ff967f40000 - 0x00007ff967f54000 	C:\Program Files\Android\Android Studio\jre\bin\nio.dll
0x00007ff9883e0000 - 0x00007ff988407000 	C:\Users\Dell\.gradle\native\e1d6ef7f7dcc3fd88c89a11ec53ec762bb8ba0a96d01ffa2cd45eb1d1d8dd5c5\windows-amd64\native-platform.dll
0x00007ff970a80000 - 0x00007ff970bc4000 	C:\Users\Dell\.gradle\native\5664cfc778a61ccfe75a443a1ab52a65af34e5dc3c78e0209fed803814484fcb\windows-amd64\native-platform-file-events.dll
0x00007ff984560000 - 0x00007ff98456a000 	C:\Program Files\Android\Android Studio\jre\bin\management.dll
0x00007ff97f8b0000 - 0x00007ff97f8bd000 	C:\Program Files\Android\Android Studio\jre\bin\management_ext.dll
0x00007ff9a6d70000 - 0x00007ff9a6d88000 	C:\WINDOWS\SYSTEM32\CRYPTSP.dll
0x00007ff9a6660000 - 0x00007ff9a6695000 	C:\WINDOWS\system32\rsaenh.dll
0x00007ff9a6c20000 - 0x00007ff9a6c49000 	C:\WINDOWS\SYSTEM32\USERENV.dll
0x00007ff9a6ef0000 - 0x00007ff9a6f17000 	C:\WINDOWS\SYSTEM32\bcrypt.dll
0x00007ff9a6d90000 - 0x00007ff9a6d9c000 	C:\WINDOWS\SYSTEM32\CRYPTBASE.dll
0x00007ff9a6230000 - 0x00007ff9a625d000 	C:\WINDOWS\SYSTEM32\IPHLPAPI.DLL
0x00007ff9a8030000 - 0x00007ff9a8039000 	C:\WINDOWS\System32\NSI.dll
0x00007ff9a2740000 - 0x00007ff9a2759000 	C:\WINDOWS\SYSTEM32\dhcpcsvc6.DLL
0x00007ff9a2c00000 - 0x00007ff9a2c1e000 	C:\WINDOWS\SYSTEM32\dhcpcsvc.DLL
0x00007ff9a6260000 - 0x00007ff9a6348000 	C:\WINDOWS\SYSTEM32\DNSAPI.dll
0x00007ff9a3ed0000 - 0x00007ff9a3ed8000 	C:\Program Files\Android\Android Studio\jre\bin\rmi.dll
0x00007ff9a0380000 - 0x00007ff9a0397000 	C:\WINDOWS\system32\napinsp.dll
0x00007ff9a0690000 - 0x00007ff9a06ab000 	C:\WINDOWS\system32\pnrpnsp.dll
0x00007ff9a0710000 - 0x00007ff9a0722000 	C:\WINDOWS\System32\winrnr.dll
0x00007ff9a0740000 - 0x00007ff9a0755000 	C:\WINDOWS\system32\wshbth.dll
0x00007ff9a0950000 - 0x00007ff9a096f000 	C:\WINDOWS\system32\nlansp_c.dll
0x00007ff9a0730000 - 0x00007ff9a073a000 	C:\Windows\System32\rasadhlp.dll
0x00007ff9a0990000 - 0x00007ff9a0a11000 	C:\WINDOWS\System32\fwpuclnt.dll

dbghelp: loaded successfully - version: 4.0.5 - missing functions: none
symbol engine: initialized successfully - sym options: 0x614 - pdb path: .;C:\Program Files\Android\Android Studio\jre\bin;C:\WINDOWS\SYSTEM32;C:\WINDOWS\WinSxS\amd64_microsoft.windows.common-controls_6595b64144ccf1df_6.0.22000.120_none_9d947278b86cc467;C:\Program Files\Android\Android Studio\jre\bin\server;C:\Users\Dell\.gradle\native\e1d6ef7f7dcc3fd88c89a11ec53ec762bb8ba0a96d01ffa2cd45eb1d1d8dd5c5\windows-amd64;C:\Users\Dell\.gradle\native\5664cfc778a61ccfe75a443a1ab52a65af34e5dc3c78e0209fed803814484fcb\windows-amd64

VM Arguments:
jvm_args: --add-opens=java.base/java.util=ALL-UNNAMED --add-opens=java.base/java.lang=ALL-UNNAMED --add-opens=java.base/java.lang.invoke=ALL-UNNAMED --add-opens=java.base/java.util=ALL-UNNAMED --add-opens=java.prefs/java.util.prefs=ALL-UNNAMED --add-opens=java.prefs/java.util.prefs=ALL-UNNAMED --add-opens=java.base/java.nio.charset=ALL-UNNAMED --add-opens=java.base/java.net=ALL-UNNAMED --add-opens=java.base/java.util.concurrent.atomic=ALL-UNNAMED -Xmx2048m -Dfile.encoding=UTF-8 -Duser.country=US -Duser.language=en -Duser.variant 
java_command: org.gradle.launcher.daemon.bootstrap.GradleDaemon 7.3.3
java_class_path (initial): C:\Users\Dell\.gradle\wrapper\dists\gradle-7.3.3-bin\6a41zxkdtcxs8rphpq6y0069z\gradle-7.3.3\lib\gradle-launcher-7.3.3.jar
Launcher Type: SUN_STANDARD

[Global flags]
     intx CICompilerCount                          = 3                                         {product} {ergonomic}
     uint ConcGCThreads                            = 1                                         {product} {ergonomic}
     uint G1ConcRefinementThreads                  = 4                                         {product} {ergonomic}
   size_t G1HeapRegionSize                         = 1048576                                   {product} {ergonomic}
    uintx GCDrainStackTargetSize                   = 64                                        {product} {ergonomic}
   size_t InitialHeapSize                          = 65011712                                  {product} {ergonomic}
   size_t MarkStackSize                            = 4194304                                   {product} {ergonomic}
   size_t MaxHeapSize                              = 2147483648                                {product} {command line}
   size_t MaxNewSize                               = 1287651328                                {product} {ergonomic}
   size_t MinHeapDeltaBytes                        = 1048576                                   {product} {ergonomic}
    uintx NonNMethodCodeHeapSize                   = 5830732                                {pd product} {ergonomic}
    uintx NonProfiledCodeHeapSize                  = 122913754                              {pd product} {ergonomic}
    uintx ProfiledCodeHeapSize                     = 122913754                              {pd product} {ergonomic}
    uintx ReservedCodeCacheSize                    = 251658240                              {pd product} {ergonomic}
     bool SegmentedCodeCache                       = true                                      {product} {ergonomic}
     bool UseCompressedClassPointers               = true                                 {lp64_product} {ergonomic}
     bool UseCompressedOops                        = true                                 {lp64_product} {ergonomic}
     bool UseG1GC                                  = true                                      {product} {ergonomic}
     bool UseLargePagesIndividualAllocation        = false                                  {pd product} {ergonomic}

Logging:
Log output configuration:
 #0: stdout all=warning uptime,level,tags
 #1: stderr all=off uptime,level,tags

Environment Variables:
PATH=C:\Program Files (x86)\NVIDIA Corporation\PhysX\Common;C:\Program Files (x86)\Common Files\Oracle\Java\javapath;C:\WINDOWS\system32;C:\WINDOWS;C:\WINDOWS\System32\Wbem;C:\WINDOWS\System32\WindowsPowerShell\v1.0\;C:\WINDOWS\System32\OpenSSH\;C:\Program Files\dotnet\;C:\Program Files\Microsoft VS Code\bin;C:\Program Files\MySQL\MySQL Shell 8.0\bin\;C:\Users\Dell\AppData\Local\Microsoft\WindowsApps;
USERNAME=Dell
OS=Windows_NT
PROCESSOR_IDENTIFIER=Intel64 Family 6 Model 158 Stepping 11, GenuineIntel



---------------  S Y S T E M  ---------------

OS: Windows 10 , 64 bit Build 22000 (10.0.22000.708)
OS uptime: 0 days 1:22 hours

CPU:total 4 (initial active 4) (4 cores per cpu, 1 threads per core) family 6 model 158 stepping 11 microcode 0xf0, cmov, cx8, fxsr, mmx, sse, sse2, sse3, ssse3, sse4.1, sse4.2, popcnt, avx, avx2, aes, clmul, erms, 3dnowpref, lzcnt, tsc, tscinvbit, bmi1, bmi2, adx, fma

Memory: 4k page, system-wide physical 3906M (330M free)
TotalPageFile size 8002M (AvailPageFile size 163M)
current process WorkingSet (physical memory assigned to process): 464M, peak: 466M
current process commit charge ("private bytes"): 567M, peak: 875M

vm_info: OpenJDK 64-Bit Server VM (11.0.12+7-b1504.28-7817840) for windows-amd64 JRE (11.0.12+7-b1504.28-7817840), built on Oct 13 2021 22:12:33 by "builder" with MS VC++ 14.0 (VS2015)

END.
