#
# There is insufficient memory for the Java Runtime Environment to continue.
# Native memory allocation (malloc) failed to allocate 2436656 bytes for Chunk::new
# Possible reasons:
#   The system is out of physical RAM or swap space
#   The process is running with CompressedOops enabled, and the Java Heap may be blocking the growth of the native heap
# Possible solutions:
#   Reduce memory load on the system
#   Increase physical memory or swap space
#   Check if swap backing store is full
#   Decrease Java heap size (-Xmx/-Xms)
#   Decrease number of Java threads
#   Decrease Java thread stack sizes (-Xss)
#   Set larger code cache with -XX:ReservedCodeCacheSize=
#   JVM is running with Unscaled Compressed Oops mode in which the Java heap is
#     placed in the first 4GB address space. The Java Heap base address is the
#     maximum limit for the native heap growth. Please use -XX:HeapBaseMinAddress
#     to set the Java Heap base and to place the Java Heap above 4GB virtual address.
# This output file may be truncated or incomplete.
#
#  Out of Memory Error (./src/hotspot/share/memory/arena.cpp:197), pid=1268, tid=288
#
# JRE version: OpenJDK Runtime Environment (11.0.12+7) (build 11.0.12+7-b1504.28-7817840)
# Java VM: OpenJDK 64-Bit Server VM (11.0.12+7-b1504.28-7817840, mixed mode, tiered, compressed oops, g1 gc, windows-amd64)
# No core dump will be written. Minidumps are not enabled by default on client versions of Windows
#

---------------  S U M M A R Y ------------

Command Line: --add-opens=java.base/java.util=ALL-UNNAMED --add-opens=java.base/java.lang=ALL-UNNAMED --add-opens=java.base/java.lang.invoke=ALL-UNNAMED --add-opens=java.base/java.util=ALL-UNNAMED --add-opens=java.prefs/java.util.prefs=ALL-UNNAMED --add-opens=java.prefs/java.util.prefs=ALL-UNNAMED --add-opens=java.base/java.nio.charset=ALL-UNNAMED --add-opens=java.base/java.net=ALL-UNNAMED --add-opens=java.base/java.util.concurrent.atomic=ALL-UNNAMED -Xmx2048m -Dfile.encoding=UTF-8 -Duser.country=US -Duser.language=en -Duser.variant org.gradle.launcher.daemon.bootstrap.GradleDaemon 7.3.3

Host: Intel(R) Core(TM) i3-8100 CPU @ 3.60GHz, 4 cores, 3G,  Windows 10 , 64 bit Build 22000 (10.0.22000.708)
Time: Tue Aug 23 16:16:39 2022 India Standard Time elapsed time: 16.962369 seconds (0d 0h 0m 16s)

---------------  T H R E A D  ---------------

Current thread (0x000001c2718e1000):  JavaThread "C2 CompilerThread0" daemon [_thread_in_native, id=288, stack(0x000000185fc00000,0x000000185fd00000)]


Current CompileTask:
C2:  16962 8114       4       org.gradle.internal.instantiation.generator.AbstractClassGenerator::inspectType (560 bytes)

Stack: [0x000000185fc00000,0x000000185fd00000]
Native frames: (J=compiled Java code, j=interpreted, Vv=VM code, C=native code)
V  [jvm.dll+0x5fbcea]
V  [jvm.dll+0x731905]
V  [jvm.dll+0x732f1d]
V  [jvm.dll+0x7335d3]
V  [jvm.dll+0x247bf8]
V  [jvm.dll+0xc018c]
V  [jvm.dll+0xc06cc]
V  [jvm.dll+0x35b31d]
V  [jvm.dll+0x328803]
V  [jvm.dll+0x327cfa]
V  [jvm.dll+0x200602]
V  [jvm.dll+0x1ff794]
V  [jvm.dll+0x18868c]
V  [jvm.dll+0x20e0d7]
V  [jvm.dll+0x20c901]
V  [jvm.dll+0x6f9b7f]
V  [jvm.dll+0x6f26a5]
V  [jvm.dll+0x5fabf6]
C  [ucrtbase.dll+0x26c0c]
C  [KERNEL32.DLL+0x154e0]
C  [ntdll.dll+0x485b]


---------------  P R O C E S S  ---------------

Threads class SMR info:
_java_thread_list=0x000001c27a5efd20, length=80, elements={
0x000001c255d4b800, 0x000001c27187c800, 0x000001c271885800, 0x000001c2718dd800,
0x000001c2718df000, 0x000001c2718e0000, 0x000001c2718e1000, 0x000001c2718e3800,
0x000001c2718f4000, 0x000001c27235e800, 0x000001c2743ab800, 0x000001c272931000,
0x000001c2735e6000, 0x000001c2735e7000, 0x000001c273095800, 0x000001c273dc5000,
0x000001c273096000, 0x000001c2744d6000, 0x000001c2746ba800, 0x000001c2744fd000,
0x000001c2744fe000, 0x000001c2744f8800, 0x000001c2744fc800, 0x000001c2744ff000,
0x000001c2744fa800, 0x000001c2744f9000, 0x000001c2744fa000, 0x000001c2744fb800,
0x000001c276106000, 0x000001c276107000, 0x000001c276109800, 0x000001c276105800,
0x000001c27610c000, 0x000001c27610d800, 0x000001c276107800, 0x000001c27610e800,
0x000001c276108800, 0x000001c276110800, 0x000001c27610f000, 0x000001c276114000,
0x000001c276113000, 0x000001c276110000, 0x000001c276111800, 0x000001c276112800,
0x000001c27362f800, 0x000001c273630800, 0x000001c27362e000, 0x000001c273632000,
0x000001c273631000, 0x000001c273633000, 0x000001c273633800, 0x000001c27362f000,
0x000001c273639800, 0x000001c27363a000, 0x000001c273635800, 0x000001c273634800,
0x000001c273637000, 0x000001c27363b000, 0x000001c27363c000, 0x000001c273638800,
0x000001c273636000, 0x000001c27363c800, 0x000001c273638000, 0x000001c273958000,
0x000001c273956000, 0x000001c273957800, 0x000001c27395b800, 0x000001c27395c800,
0x000001c273959000, 0x000001c273956800, 0x000001c27395a800, 0x000001c27395d000,
0x000001c27395f000, 0x000001c27395e000, 0x000001c27395f800, 0x000001c27395a000,
0x000001c273963000, 0x000001c273960800, 0x000001c273964800, 0x000001c273961000
}

Java Threads: ( => current thread )
  0x000001c255d4b800 JavaThread "main" [_thread_blocked, id=4956, stack(0x000000185f000000,0x000000185f100000)]
  0x000001c27187c800 JavaThread "Reference Handler" daemon [_thread_blocked, id=11376, stack(0x000000185f700000,0x000000185f800000)]
  0x000001c271885800 JavaThread "Finalizer" daemon [_thread_blocked, id=7944, stack(0x000000185f800000,0x000000185f900000)]
  0x000001c2718dd800 JavaThread "Signal Dispatcher" daemon [_thread_blocked, id=6620, stack(0x000000185f900000,0x000000185fa00000)]
  0x000001c2718df000 JavaThread "Attach Listener" daemon [_thread_blocked, id=8908, stack(0x000000185fa00000,0x000000185fb00000)]
  0x000001c2718e0000 JavaThread "Service Thread" daemon [_thread_blocked, id=4136, stack(0x000000185fb00000,0x000000185fc00000)]
=>0x000001c2718e1000 JavaThread "C2 CompilerThread0" daemon [_thread_in_native, id=288, stack(0x000000185fc00000,0x000000185fd00000)]
  0x000001c2718e3800 JavaThread "C1 CompilerThread0" daemon [_thread_blocked, id=2984, stack(0x000000185fd00000,0x000000185fe00000)]
  0x000001c2718f4000 JavaThread "Sweeper thread" daemon [_thread_blocked, id=6868, stack(0x000000185fe00000,0x000000185ff00000)]
  0x000001c27235e800 JavaThread "Common-Cleaner" daemon [_thread_blocked, id=12256, stack(0x000000185ff00000,0x0000001860000000)]
  0x000001c2743ab800 JavaThread "Daemon health stats" [_thread_blocked, id=8200, stack(0x0000001860200000,0x0000001860300000)]
  0x000001c272931000 JavaThread "Incoming local TCP Connector on port 63051" [_thread_in_native, id=6004, stack(0x0000001860500000,0x0000001860600000)]
  0x000001c2735e6000 JavaThread "Daemon periodic checks" [_thread_blocked, id=11728, stack(0x0000001860600000,0x0000001860700000)]
  0x000001c2735e7000 JavaThread "Daemon" [_thread_blocked, id=12260, stack(0x0000001860700000,0x0000001860800000)]
  0x000001c273095800 JavaThread "Handler for socket connection from /127.0.0.1:63051 to /127.0.0.1:63052" [_thread_in_native, id=4740, stack(0x0000001860800000,0x0000001860900000)]
  0x000001c273dc5000 JavaThread "Cancel handler" [_thread_blocked, id=9952, stack(0x0000001860900000,0x0000001860a00000)]
  0x000001c273096000 JavaThread "Daemon worker" [_thread_in_vm, id=7940, stack(0x0000001860a00000,0x0000001860b00000)]
  0x000001c2744d6000 JavaThread "Asynchronous log dispatcher for DefaultDaemonConnection: socket connection from /127.0.0.1:63051 to /127.0.0.1:63052" [_thread_blocked, id=10424, stack(0x0000001860b00000,0x0000001860c00000)]
  0x000001c2746ba800 JavaThread "Stdin handler" [_thread_blocked, id=1256, stack(0x0000001860c00000,0x0000001860d00000)]
  0x000001c2744fd000 JavaThread "Daemon client event forwarder" [_thread_blocked, id=7704, stack(0x0000001860d00000,0x0000001860e00000)]
  0x000001c2744fe000 JavaThread "Cache worker for journal cache (C:\Users\Dell\.gradle\caches\journal-1)" [_thread_blocked, id=11940, stack(0x0000001860e00000,0x0000001860f00000)]
  0x000001c2744f8800 JavaThread "File lock request listener" [_thread_in_native, id=4292, stack(0x0000001860f00000,0x0000001861000000)]
  0x000001c2744fc800 JavaThread "Cache worker for file hash cache (C:\Users\Dell\.gradle\caches\7.3.3\fileHashes)" [_thread_blocked, id=11172, stack(0x0000001861000000,0x0000001861100000)]
  0x000001c2744ff000 JavaThread "Cache worker for file hash cache (C:\Users\Dell\Viwall\.gradle\7.3.3\fileHashes)" [_thread_blocked, id=4040, stack(0x0000001861100000,0x0000001861200000)]
  0x000001c2744fa800 JavaThread "File watcher server" daemon [_thread_in_native, id=8884, stack(0x0000001861200000,0x0000001861300000)]
  0x000001c2744f9000 JavaThread "File watcher consumer" daemon [_thread_blocked, id=380, stack(0x0000001861300000,0x0000001861400000)]
  0x000001c2744fa000 JavaThread "Cache worker for checksums cache (C:\Users\Dell\Viwall\.gradle\7.3.3\checksums)" [_thread_blocked, id=11924, stack(0x0000001861400000,0x0000001861500000)]
  0x000001c2744fb800 JavaThread "Cache worker for cache directory md-supplier (C:\Users\Dell\.gradle\caches\7.3.3\md-supplier)" [_thread_blocked, id=7968, stack(0x0000001861500000,0x0000001861600000)]
  0x000001c276106000 JavaThread "Cache worker for cache directory md-rule (C:\Users\Dell\.gradle\caches\7.3.3\md-rule)" [_thread_blocked, id=8852, stack(0x0000001861600000,0x0000001861700000)]
  0x000001c276107000 JavaThread "Cache worker for execution history cache (C:\Users\Dell\.gradle\caches\7.3.3\executionHistory)" [_thread_blocked, id=1264, stack(0x0000001861700000,0x0000001861800000)]
  0x000001c276109800 JavaThread "jar transforms" [_thread_blocked, id=832, stack(0x0000001861800000,0x0000001861900000)]
  0x000001c276105800 JavaThread "Cache worker for file content cache (C:\Users\Dell\.gradle\caches\7.3.3\fileContent)" [_thread_blocked, id=6628, stack(0x0000001861900000,0x0000001861a00000)]
  0x000001c27610c000 JavaThread "jar transforms Thread 2" [_thread_blocked, id=1412, stack(0x0000001861a00000,0x0000001861b00000)]
  0x000001c27610d800 JavaThread "Cache worker for dependencies-accessors (C:\Users\Dell\Viwall\.gradle\7.3.3\dependencies-accessors)" [_thread_blocked, id=6256, stack(0x0000001861b00000,0x0000001861c00000)]
  0x000001c276107800 JavaThread "jar transforms Thread 3" [_thread_blocked, id=32, stack(0x0000001861c00000,0x0000001861d00000)]
  0x000001c27610e800 JavaThread "Cache worker for Build Output Cleanup Cache (C:\Users\Dell\Viwall\.gradle\buildOutputCleanup)" [_thread_blocked, id=4028, stack(0x0000001861d00000,0x0000001861e00000)]
  0x000001c276108800 JavaThread "Unconstrained build operations" [_thread_blocked, id=4332, stack(0x0000001861e00000,0x0000001861f00000)]
  0x000001c276110800 JavaThread "Unconstrained build operations Thread 2" [_thread_blocked, id=8032, stack(0x0000001861f00000,0x0000001862000000)]
  0x000001c27610f000 JavaThread "Unconstrained build operations Thread 3" [_thread_blocked, id=3896, stack(0x0000001862000000,0x0000001862100000)]
  0x000001c276114000 JavaThread "Unconstrained build operations Thread 4" [_thread_blocked, id=1388, stack(0x0000001862100000,0x0000001862200000)]
  0x000001c276113000 JavaThread "Unconstrained build operations Thread 5" [_thread_blocked, id=3748, stack(0x0000001862200000,0x0000001862300000)]
  0x000001c276110000 JavaThread "Unconstrained build operations Thread 6" [_thread_blocked, id=6632, stack(0x0000001862300000,0x0000001862400000)]
  0x000001c276111800 JavaThread "Unconstrained build operations Thread 7" [_thread_blocked, id=10804, stack(0x0000001862400000,0x0000001862500000)]
  0x000001c276112800 JavaThread "Unconstrained build operations Thread 8" [_thread_blocked, id=7696, stack(0x0000001862500000,0x0000001862600000)]
  0x000001c27362f800 JavaThread "Unconstrained build operations Thread 9" [_thread_blocked, id=12480, stack(0x0000001862600000,0x0000001862700000)]
  0x000001c273630800 JavaThread "Unconstrained build operations Thread 10" [_thread_blocked, id=13032, stack(0x0000001862700000,0x0000001862800000)]
  0x000001c27362e000 JavaThread "Unconstrained build operations Thread 11" [_thread_blocked, id=5316, stack(0x0000001862800000,0x0000001862900000)]
  0x000001c273632000 JavaThread "Unconstrained build operations Thread 12" [_thread_blocked, id=11356, stack(0x0000001862900000,0x0000001862a00000)]
  0x000001c273631000 JavaThread "Unconstrained build operations Thread 13" [_thread_blocked, id=5952, stack(0x0000001862a00000,0x0000001862b00000)]
  0x000001c273633000 JavaThread "Unconstrained build operations Thread 14" [_thread_blocked, id=8152, stack(0x0000001862b00000,0x0000001862c00000)]
  0x000001c273633800 JavaThread "Unconstrained build operations Thread 15" [_thread_blocked, id=5796, stack(0x0000001862c00000,0x0000001862d00000)]
  0x000001c27362f000 JavaThread "Unconstrained build operations Thread 16" [_thread_blocked, id=1516, stack(0x0000001862d00000,0x0000001862e00000)]
  0x000001c273639800 JavaThread "Unconstrained build operations Thread 17" [_thread_blocked, id=9224, stack(0x0000001862e00000,0x0000001862f00000)]
  0x000001c27363a000 JavaThread "Unconstrained build operations Thread 18" [_thread_blocked, id=11068, stack(0x0000001862f00000,0x0000001863000000)]
  0x000001c273635800 JavaThread "Unconstrained build operations Thread 19" [_thread_blocked, id=5176, stack(0x0000001863000000,0x0000001863100000)]
  0x000001c273634800 JavaThread "Unconstrained build operations Thread 20" [_thread_blocked, id=10608, stack(0x0000001863100000,0x0000001863200000)]
  0x000001c273637000 JavaThread "Unconstrained build operations Thread 21" [_thread_blocked, id=7960, stack(0x0000001863200000,0x0000001863300000)]
  0x000001c27363b000 JavaThread "Unconstrained build operations Thread 22" [_thread_blocked, id=2532, stack(0x0000001863300000,0x0000001863400000)]
  0x000001c27363c000 JavaThread "Unconstrained build operations Thread 23" [_thread_blocked, id=8000, stack(0x0000001863400000,0x0000001863500000)]
  0x000001c273638800 JavaThread "Unconstrained build operations Thread 24" [_thread_blocked, id=8692, stack(0x0000001863500000,0x0000001863600000)]
  0x000001c273636000 JavaThread "Unconstrained build operations Thread 25" [_thread_blocked, id=1776, stack(0x0000001863600000,0x0000001863700000)]
  0x000001c27363c800 JavaThread "Unconstrained build operations Thread 26" [_thread_blocked, id=9304, stack(0x0000001863700000,0x0000001863800000)]
  0x000001c273638000 JavaThread "Unconstrained build operations Thread 27" [_thread_blocked, id=4996, stack(0x0000001863800000,0x0000001863900000)]
  0x000001c273958000 JavaThread "Unconstrained build operations Thread 28" [_thread_blocked, id=11440, stack(0x0000001863900000,0x0000001863a00000)]
  0x000001c273956000 JavaThread "Unconstrained build operations Thread 29" [_thread_blocked, id=10888, stack(0x0000001863a00000,0x0000001863b00000)]
  0x000001c273957800 JavaThread "Unconstrained build operations Thread 30" [_thread_blocked, id=8040, stack(0x0000001863b00000,0x0000001863c00000)]
  0x000001c27395b800 JavaThread "Unconstrained build operations Thread 31" [_thread_blocked, id=7952, stack(0x0000001863c00000,0x0000001863d00000)]
  0x000001c27395c800 JavaThread "Unconstrained build operations Thread 32" [_thread_blocked, id=10384, stack(0x0000001863d00000,0x0000001863e00000)]
  0x000001c273959000 JavaThread "Unconstrained build operations Thread 33" [_thread_blocked, id=12308, stack(0x0000001863e00000,0x0000001863f00000)]
  0x000001c273956800 JavaThread "Unconstrained build operations Thread 34" [_thread_blocked, id=12696, stack(0x0000001863f00000,0x0000001864000000)]
  0x000001c27395a800 JavaThread "Unconstrained build operations Thread 35" [_thread_blocked, id=12708, stack(0x0000001864000000,0x0000001864100000)]
  0x000001c27395d000 JavaThread "Unconstrained build operations Thread 36" [_thread_blocked, id=13212, stack(0x0000001864100000,0x0000001864200000)]
  0x000001c27395f000 JavaThread "Unconstrained build operations Thread 37" [_thread_blocked, id=12488, stack(0x0000001864200000,0x0000001864300000)]
  0x000001c27395e000 JavaThread "Unconstrained build operations Thread 38" [_thread_blocked, id=12524, stack(0x0000001864300000,0x0000001864400000)]
  0x000001c27395f800 JavaThread "Unconstrained build operations Thread 39" [_thread_blocked, id=1676, stack(0x0000001864400000,0x0000001864500000)]
  0x000001c27395a000 JavaThread "Unconstrained build operations Thread 40" [_thread_blocked, id=6748, stack(0x0000001864500000,0x0000001864600000)]
  0x000001c273963000 JavaThread "jar transforms Thread 4" [_thread_blocked, id=10944, stack(0x0000001864600000,0x0000001864700000)]
  0x000001c273960800 JavaThread "Memory manager" [_thread_blocked, id=11420, stack(0x0000001864700000,0x0000001864800000)]
  0x000001c273964800 JavaThread "build event listener" [_thread_blocked, id=6312, stack(0x0000001864800000,0x0000001864900000)]
  0x000001c273961000 JavaThread "build event listener" [_thread_blocked, id=12252, stack(0x0000001864900000,0x0000001864a00000)]

Other Threads:
  0x000001c271878000 VMThread "VM Thread" [stack: 0x000000185f600000,0x000000185f700000] [id=11676]
  0x000001c2723af800 WatcherThread [stack: 0x0000001860000000,0x0000001860100000] [id=4776]
  0x000001c255d65000 GCTaskThread "GC Thread#0" [stack: 0x000000185f100000,0x000000185f200000] [id=8764]
  0x000001c272bc5000 GCTaskThread "GC Thread#1" [stack: 0x0000001860100000,0x0000001860200000] [id=7756]
  0x000001c27447a000 GCTaskThread "GC Thread#2" [stack: 0x0000001860300000,0x0000001860400000] [id=7236]
  0x000001c27313d000 GCTaskThread "GC Thread#3" [stack: 0x0000001860400000,0x0000001860500000] [id=10620]
  0x000001c255d96800 ConcurrentGCThread "G1 Main Marker" [stack: 0x000000185f200000,0x000000185f300000] [id=8292]
  0x000001c255d98800 ConcurrentGCThread "G1 Conc#0" [stack: 0x000000185f300000,0x000000185f400000] [id=11180]
  0x000001c255df5000 ConcurrentGCThread "G1 Refine#0" [stack: 0x000000185f400000,0x000000185f500000] [id=8736]
  0x000001c255df8000 ConcurrentGCThread "G1 Young RemSet Sampling" [stack: 0x000000185f500000,0x000000185f600000] [id=6024]

Threads with active compile tasks:
C2 CompilerThread0  17032 8114       4       org.gradle.internal.instantiation.generator.AbstractClassGenerator::inspectType (560 bytes)

VM state:not at safepoint (normal execution)

VM Mutex/Monitor currently owned by a thread: None

Heap address: 0x0000000080000000, size: 2048 MB, Compressed Oops mode: 32-bit
Narrow klass base: 0x0000000000000000, Narrow klass shift: 3
Compressed class space size: 1073741824 Address: 0x0000000100000000

Heap:
 garbage-first heap   total 138240K, used 93364K [0x0000000080000000, 0x0000000100000000)
  region size 1024K, 26 young (26624K), 4 survivors (4096K)
 Metaspace       used 85258K, capacity 87182K, committed 87244K, reserved 1124352K
  class space    used 11041K, capacity 11744K, committed 11776K, reserved 1048576K
Heap Regions: E=young(eden), S=young(survivor), O=old, HS=humongous(starts), HC=humongous(continues), CS=collection set, F=free, A=archive, TAMS=top-at-mark-start (previous, next)
|   0|0x0000000080000000, 0x0000000080100000, 0x0000000080100000|100%| O|  |TAMS 0x0000000080100000, 0x0000000080000000| Untracked 
|   1|0x0000000080100000, 0x0000000080200000, 0x0000000080200000|100%| O|  |TAMS 0x0000000080200000, 0x0000000080100000| Untracked 
|   2|0x0000000080200000, 0x0000000080300000, 0x0000000080300000|100%| O|  |TAMS 0x0000000080300000, 0x0000000080200000| Untracked 
|   3|0x0000000080300000, 0x0000000080400000, 0x0000000080400000|100%|HS|  |TAMS 0x0000000080400000, 0x0000000080300000| Complete 
|   4|0x0000000080400000, 0x0000000080500000, 0x0000000080500000|100%|HC|  |TAMS 0x0000000080500000, 0x0000000080400000| Complete 
|   5|0x0000000080500000, 0x0000000080600000, 0x0000000080600000|100%|HC|  |TAMS 0x0000000080600000, 0x0000000080500000| Complete 
|   6|0x0000000080600000, 0x0000000080700000, 0x0000000080700000|100%| O|  |TAMS 0x0000000080700000, 0x0000000080600000| Untracked 
|   7|0x0000000080700000, 0x0000000080800000, 0x0000000080800000|100%| O|  |TAMS 0x0000000080800000, 0x0000000080700000| Untracked 
|   8|0x0000000080800000, 0x0000000080900000, 0x0000000080900000|100%| O|  |TAMS 0x0000000080900000, 0x0000000080800000| Untracked 
|   9|0x0000000080900000, 0x0000000080a00000, 0x0000000080a00000|100%| O|  |TAMS 0x0000000080a00000, 0x0000000080900000| Untracked 
|  10|0x0000000080a00000, 0x0000000080b00000, 0x0000000080b00000|100%| O|  |TAMS 0x0000000080b00000, 0x0000000080a00000| Untracked 
|  11|0x0000000080b00000, 0x0000000080c00000, 0x0000000080c00000|100%| O|  |TAMS 0x0000000080c00000, 0x0000000080b00000| Untracked 
|  12|0x0000000080c00000, 0x0000000080d00000, 0x0000000080d00000|100%| O|  |TAMS 0x0000000080d00000, 0x0000000080c00000| Untracked 
|  13|0x0000000080d00000, 0x0000000080e00000, 0x0000000080e00000|100%| O|  |TAMS 0x0000000080e00000, 0x0000000080d00000| Untracked 
|  14|0x0000000080e00000, 0x0000000080f00000, 0x0000000080f00000|100%| O|  |TAMS 0x0000000080f00000, 0x0000000080e00000| Untracked 
|  15|0x0000000080f00000, 0x0000000081000000, 0x0000000081000000|100%| O|  |TAMS 0x0000000081000000, 0x0000000080f00000| Untracked 
|  16|0x0000000081000000, 0x0000000081100000, 0x0000000081100000|100%| O|  |TAMS 0x0000000081100000, 0x0000000081000000| Untracked 
|  17|0x0000000081100000, 0x0000000081200000, 0x0000000081200000|100%| O|  |TAMS 0x0000000081200000, 0x0000000081100000| Untracked 
|  18|0x0000000081200000, 0x0000000081300000, 0x0000000081300000|100%| O|  |TAMS 0x0000000081300000, 0x0000000081200000| Untracked 
|  19|0x0000000081300000, 0x0000000081400000, 0x0000000081400000|100%| O|  |TAMS 0x0000000081400000, 0x0000000081300000| Untracked 
|  20|0x0000000081400000, 0x0000000081500000, 0x0000000081500000|100%| O|  |TAMS 0x0000000081500000, 0x0000000081400000| Untracked 
|  21|0x0000000081500000, 0x0000000081600000, 0x0000000081600000|100%| O|  |TAMS 0x0000000081600000, 0x0000000081500000| Untracked 
|  22|0x0000000081600000, 0x0000000081700000, 0x0000000081700000|100%|HS|  |TAMS 0x0000000081700000, 0x0000000081600000| Complete 
|  23|0x0000000081700000, 0x0000000081800000, 0x0000000081800000|100%| O|  |TAMS 0x0000000081800000, 0x0000000081700000| Untracked 
|  24|0x0000000081800000, 0x0000000081900000, 0x0000000081900000|100%| O|  |TAMS 0x0000000081900000, 0x0000000081800000| Untracked 
|  25|0x0000000081900000, 0x0000000081a00000, 0x0000000081a00000|100%| O|  |TAMS 0x0000000081a00000, 0x0000000081900000| Untracked 
|  26|0x0000000081a00000, 0x0000000081b00000, 0x0000000081b00000|100%| O|  |TAMS 0x0000000081b00000, 0x0000000081a00000| Untracked 
|  27|0x0000000081b00000, 0x0000000081c00000, 0x0000000081c00000|100%|HS|  |TAMS 0x0000000081c00000, 0x0000000081b00000| Complete 
|  28|0x0000000081c00000, 0x0000000081d00000, 0x0000000081d00000|100%|HS|  |TAMS 0x0000000081d00000, 0x0000000081c00000| Complete 
|  29|0x0000000081d00000, 0x0000000081e00000, 0x0000000081e00000|100%|HS|  |TAMS 0x0000000081e00000, 0x0000000081d00000| Complete 
|  30|0x0000000081e00000, 0x0000000081f00000, 0x0000000081f00000|100%|HC|  |TAMS 0x0000000081f00000, 0x0000000081e00000| Complete 
|  31|0x0000000081f00000, 0x0000000082000000, 0x0000000082000000|100%|HC|  |TAMS 0x0000000082000000, 0x0000000081f00000| Complete 
|  32|0x0000000082000000, 0x0000000082100000, 0x0000000082100000|100%|HS|  |TAMS 0x0000000082100000, 0x0000000082000000| Complete 
|  33|0x0000000082100000, 0x0000000082200000, 0x0000000082200000|100%|HC|  |TAMS 0x0000000082200000, 0x0000000082100000| Complete 
|  34|0x0000000082200000, 0x0000000082300000, 0x0000000082300000|100%| O|  |TAMS 0x0000000082300000, 0x0000000082200000| Untracked 
|  35|0x0000000082300000, 0x0000000082400000, 0x0000000082400000|100%| O|  |TAMS 0x0000000082400000, 0x0000000082300000| Untracked 
|  36|0x0000000082400000, 0x0000000082500000, 0x0000000082500000|100%| O|  |TAMS 0x0000000082500000, 0x0000000082400000| Untracked 
|  37|0x0000000082500000, 0x0000000082600000, 0x0000000082600000|100%| O|  |TAMS 0x0000000082600000, 0x0000000082500000| Untracked 
|  38|0x0000000082600000, 0x0000000082700000, 0x0000000082700000|100%| O|  |TAMS 0x0000000082700000, 0x0000000082600000| Untracked 
|  39|0x0000000082700000, 0x0000000082800000, 0x0000000082800000|100%| O|  |TAMS 0x0000000082800000, 0x0000000082700000| Untracked 
|  40|0x0000000082800000, 0x0000000082900000, 0x0000000082900000|100%| O|  |TAMS 0x0000000082900000, 0x0000000082800000| Untracked 
|  41|0x0000000082900000, 0x0000000082a00000, 0x0000000082a00000|100%| O|  |TAMS 0x0000000082a00000, 0x0000000082900000| Untracked 
|  42|0x0000000082a00000, 0x0000000082b00000, 0x0000000082b00000|100%| O|  |TAMS 0x0000000082b00000, 0x0000000082a00000| Untracked 
|  43|0x0000000082b00000, 0x0000000082c00000, 0x0000000082c00000|100%| O|  |TAMS 0x0000000082c00000, 0x0000000082b00000| Untracked 
|  44|0x0000000082c00000, 0x0000000082d00000, 0x0000000082d00000|100%| O|  |TAMS 0x0000000082d00000, 0x0000000082c00000| Untracked 
|  45|0x0000000082d00000, 0x0000000082e00000, 0x0000000082e00000|100%| O|  |TAMS 0x0000000082e00000, 0x0000000082d00000| Untracked 
|  46|0x0000000082e00000, 0x0000000082f00000, 0x0000000082f00000|100%| O|  |TAMS 0x0000000082f00000, 0x0000000082e00000| Untracked 
|  47|0x0000000082f00000, 0x0000000083000000, 0x0000000083000000|100%| O|  |TAMS 0x0000000083000000, 0x0000000082f00000| Untracked 
|  48|0x0000000083000000, 0x0000000083100000, 0x0000000083100000|100%| O|  |TAMS 0x0000000083100000, 0x0000000083000000| Untracked 
|  49|0x0000000083100000, 0x0000000083200000, 0x0000000083200000|100%| O|  |TAMS 0x0000000083200000, 0x0000000083100000| Untracked 
|  50|0x0000000083200000, 0x0000000083300000, 0x0000000083300000|100%| O|  |TAMS 0x0000000083300000, 0x0000000083200000| Untracked 
|  51|0x0000000083300000, 0x0000000083400000, 0x0000000083400000|100%| O|  |TAMS 0x0000000083400000, 0x0000000083300000| Untracked 
|  52|0x0000000083400000, 0x0000000083500000, 0x0000000083500000|100%| O|  |TAMS 0x0000000083500000, 0x0000000083400000| Untracked 
|  53|0x0000000083500000, 0x0000000083600000, 0x0000000083600000|100%| O|  |TAMS 0x0000000083600000, 0x0000000083500000| Untracked 
|  54|0x0000000083600000, 0x0000000083700000, 0x0000000083700000|100%| O|  |TAMS 0x0000000083700000, 0x0000000083600000| Untracked 
|  55|0x0000000083700000, 0x0000000083800000, 0x0000000083800000|100%| O|  |TAMS 0x0000000083800000, 0x0000000083700000| Untracked 
|  56|0x0000000083800000, 0x0000000083900000, 0x0000000083900000|100%| O|  |TAMS 0x0000000083900000, 0x0000000083800000| Untracked 
|  57|0x0000000083900000, 0x0000000083a00000, 0x0000000083a00000|100%| O|  |TAMS 0x0000000083a00000, 0x0000000083900000| Untracked 
|  58|0x0000000083a00000, 0x0000000083b00000, 0x0000000083b00000|100%| O|  |TAMS 0x0000000083b00000, 0x0000000083a00000| Untracked 
|  59|0x0000000083b00000, 0x0000000083c00000, 0x0000000083c00000|100%| O|  |TAMS 0x0000000083c00000, 0x0000000083b00000| Untracked 
|  60|0x0000000083c00000, 0x0000000083d00000, 0x0000000083d00000|100%| O|  |TAMS 0x0000000083d00000, 0x0000000083c00000| Untracked 
|  61|0x0000000083d00000, 0x0000000083e00000, 0x0000000083e00000|100%| O|  |TAMS 0x0000000083e00000, 0x0000000083d00000| Untracked 
|  62|0x0000000083e00000, 0x0000000083f00000, 0x0000000083f00000|100%| O|  |TAMS 0x0000000083f00000, 0x0000000083e00000| Untracked 
|  63|0x0000000083f00000, 0x0000000084000000, 0x0000000084000000|100%| O|  |TAMS 0x0000000083f58600, 0x0000000083f00000| Untracked 
|  64|0x0000000084000000, 0x0000000084100000, 0x0000000084100000|100%| O|  |TAMS 0x0000000084000000, 0x0000000084000000| Untracked 
|  65|0x0000000084100000, 0x000000008410b400, 0x0000000084200000|  4%| O|  |TAMS 0x0000000084100000, 0x0000000084100000| Untracked 
|  66|0x0000000084200000, 0x0000000084200000, 0x0000000084300000|  0%| F|  |TAMS 0x0000000084200000, 0x0000000084200000| Untracked 
|  67|0x0000000084300000, 0x0000000084300000, 0x0000000084400000|  0%| F|  |TAMS 0x0000000084300000, 0x0000000084300000| Untracked 
|  68|0x0000000084400000, 0x0000000084400000, 0x0000000084500000|  0%| F|  |TAMS 0x0000000084400000, 0x0000000084400000| Untracked 
|  69|0x0000000084500000, 0x0000000084500000, 0x0000000084600000|  0%| F|  |TAMS 0x0000000084500000, 0x0000000084500000| Untracked 
|  70|0x0000000084600000, 0x0000000084600000, 0x0000000084700000|  0%| F|  |TAMS 0x0000000084600000, 0x0000000084600000| Untracked 
|  71|0x0000000084700000, 0x0000000084700000, 0x0000000084800000|  0%| F|  |TAMS 0x0000000084700000, 0x0000000084700000| Untracked 
|  72|0x0000000084800000, 0x0000000084800000, 0x0000000084900000|  0%| F|  |TAMS 0x0000000084800000, 0x0000000084800000| Untracked 
|  73|0x0000000084900000, 0x0000000084900000, 0x0000000084a00000|  0%| F|  |TAMS 0x0000000084900000, 0x0000000084900000| Untracked 
|  74|0x0000000084a00000, 0x0000000084a00000, 0x0000000084b00000|  0%| F|  |TAMS 0x0000000084a00000, 0x0000000084a00000| Untracked 
|  75|0x0000000084b00000, 0x0000000084b00000, 0x0000000084c00000|  0%| F|  |TAMS 0x0000000084b00000, 0x0000000084b00000| Untracked 
|  76|0x0000000084c00000, 0x0000000084c00000, 0x0000000084d00000|  0%| F|  |TAMS 0x0000000084c00000, 0x0000000084c00000| Untracked 
|  77|0x0000000084d00000, 0x0000000084d21c88, 0x0000000084e00000| 13%| S|CS|TAMS 0x0000000084d00000, 0x0000000084d00000| Complete 
|  78|0x0000000084e00000, 0x0000000084f00000, 0x0000000084f00000|100%| S|CS|TAMS 0x0000000084e00000, 0x0000000084e00000| Complete 
|  79|0x0000000084f00000, 0x0000000084f00000, 0x0000000085000000|  0%| F|  |TAMS 0x0000000084f00000, 0x0000000084f00000| Untracked 
|  80|0x0000000085000000, 0x0000000085100000, 0x0000000085100000|100%| S|CS|TAMS 0x0000000085000000, 0x0000000085000000| Complete 
|  81|0x0000000085100000, 0x0000000085200000, 0x0000000085200000|100%| S|CS|TAMS 0x0000000085100000, 0x0000000085100000| Complete 
|  82|0x0000000085200000, 0x0000000085200000, 0x0000000085300000|  0%| F|  |TAMS 0x0000000085200000, 0x0000000085200000| Untracked 
|  83|0x0000000085300000, 0x0000000085300000, 0x0000000085400000|  0%| F|  |TAMS 0x0000000085300000, 0x0000000085300000| Untracked 
|  84|0x0000000085400000, 0x0000000085400000, 0x0000000085500000|  0%| F|  |TAMS 0x0000000085400000, 0x0000000085400000| Untracked 
|  85|0x0000000085500000, 0x0000000085500000, 0x0000000085600000|  0%| F|  |TAMS 0x0000000085500000, 0x0000000085500000| Untracked 
|  86|0x0000000085600000, 0x0000000085600000, 0x0000000085700000|  0%| F|  |TAMS 0x0000000085600000, 0x0000000085600000| Untracked 
|  87|0x0000000085700000, 0x0000000085700000, 0x0000000085800000|  0%| F|  |TAMS 0x0000000085700000, 0x0000000085700000| Untracked 
|  88|0x0000000085800000, 0x0000000085800000, 0x0000000085900000|  0%| F|  |TAMS 0x0000000085800000, 0x0000000085800000| Untracked 
|  89|0x0000000085900000, 0x0000000085900000, 0x0000000085a00000|  0%| F|  |TAMS 0x0000000085900000, 0x0000000085900000| Untracked 
|  90|0x0000000085a00000, 0x0000000085b00000, 0x0000000085b00000|100%| O|  |TAMS 0x0000000085b00000, 0x0000000085a00000| Untracked 
|  91|0x0000000085b00000, 0x0000000085c00000, 0x0000000085c00000|100%| O|  |TAMS 0x0000000085c00000, 0x0000000085b00000| Untracked 
|  92|0x0000000085c00000, 0x0000000085d00000, 0x0000000085d00000|100%| O|  |TAMS 0x0000000085d00000, 0x0000000085c00000| Untracked 
|  93|0x0000000085d00000, 0x0000000085d00000, 0x0000000085e00000|  0%| F|  |TAMS 0x0000000085d00000, 0x0000000085d00000| Untracked 
|  94|0x0000000085e00000, 0x0000000085e00000, 0x0000000085f00000|  0%| F|  |TAMS 0x0000000085e00000, 0x0000000085e00000| Untracked 
|  95|0x0000000085f00000, 0x0000000085f00000, 0x0000000086000000|  0%| F|  |TAMS 0x0000000085f00000, 0x0000000085f00000| Untracked 
|  96|0x0000000086000000, 0x0000000086000000, 0x0000000086100000|  0%| F|  |TAMS 0x0000000086000000, 0x0000000086000000| Untracked 
|  97|0x0000000086100000, 0x0000000086100000, 0x0000000086200000|  0%| F|  |TAMS 0x0000000086100000, 0x0000000086100000| Untracked 
|  98|0x0000000086200000, 0x0000000086200000, 0x0000000086300000|  0%| F|  |TAMS 0x0000000086200000, 0x0000000086200000| Untracked 
|  99|0x0000000086300000, 0x0000000086300000, 0x0000000086400000|  0%| F|  |TAMS 0x0000000086300000, 0x0000000086300000| Untracked 
| 100|0x0000000086400000, 0x0000000086400000, 0x0000000086500000|  0%| F|  |TAMS 0x0000000086400000, 0x0000000086400000| Untracked 
| 101|0x0000000086500000, 0x0000000086500000, 0x0000000086600000|  0%| F|  |TAMS 0x0000000086500000, 0x0000000086500000| Untracked 
| 102|0x0000000086600000, 0x0000000086600000, 0x0000000086700000|  0%| F|  |TAMS 0x0000000086600000, 0x0000000086600000| Untracked 
| 103|0x0000000086700000, 0x0000000086700000, 0x0000000086800000|  0%| F|  |TAMS 0x0000000086700000, 0x0000000086700000| Untracked 
| 104|0x0000000086800000, 0x0000000086800000, 0x0000000086900000|  0%| F|  |TAMS 0x0000000086800000, 0x0000000086800000| Untracked 
| 105|0x0000000086900000, 0x0000000086900000, 0x0000000086a00000|  0%| F|  |TAMS 0x0000000086900000, 0x0000000086900000| Untracked 
| 106|0x0000000086a00000, 0x0000000086a00000, 0x0000000086b00000|  0%| F|  |TAMS 0x0000000086a00000, 0x0000000086a00000| Untracked 
| 107|0x0000000086b00000, 0x0000000086b00000, 0x0000000086c00000|  0%| F|  |TAMS 0x0000000086b00000, 0x0000000086b00000| Untracked 
| 108|0x0000000086c00000, 0x0000000086c00000, 0x0000000086d00000|  0%| F|  |TAMS 0x0000000086c00000, 0x0000000086c00000| Untracked 
| 109|0x0000000086d00000, 0x0000000086d00000, 0x0000000086e00000|  0%| F|  |TAMS 0x0000000086d00000, 0x0000000086d00000| Untracked 
| 110|0x0000000086e00000, 0x0000000086e00000, 0x0000000086f00000|  0%| F|  |TAMS 0x0000000086e00000, 0x0000000086e00000| Untracked 
| 111|0x0000000086f00000, 0x0000000086f00000, 0x0000000087000000|  0%| F|  |TAMS 0x0000000086f00000, 0x0000000086f00000| Untracked 
| 112|0x0000000087000000, 0x0000000087000000, 0x0000000087100000|  0%| F|  |TAMS 0x0000000087000000, 0x0000000087000000| Untracked 
| 113|0x0000000087100000, 0x0000000087200000, 0x0000000087200000|100%| E|  |TAMS 0x0000000087100000, 0x0000000087100000| Complete 
| 114|0x0000000087200000, 0x0000000087300000, 0x0000000087300000|100%| E|CS|TAMS 0x0000000087200000, 0x0000000087200000| Complete 
| 115|0x0000000087300000, 0x0000000087400000, 0x0000000087400000|100%| E|CS|TAMS 0x0000000087300000, 0x0000000087300000| Complete 
| 116|0x0000000087400000, 0x0000000087500000, 0x0000000087500000|100%| E|CS|TAMS 0x0000000087400000, 0x0000000087400000| Complete 
| 117|0x0000000087500000, 0x0000000087600000, 0x0000000087600000|100%| E|CS|TAMS 0x0000000087500000, 0x0000000087500000| Complete 
| 118|0x0000000087600000, 0x0000000087700000, 0x0000000087700000|100%| E|CS|TAMS 0x0000000087600000, 0x0000000087600000| Complete 
| 119|0x0000000087700000, 0x0000000087800000, 0x0000000087800000|100%| E|CS|TAMS 0x0000000087700000, 0x0000000087700000| Complete 
| 120|0x0000000087800000, 0x0000000087900000, 0x0000000087900000|100%| E|CS|TAMS 0x0000000087800000, 0x0000000087800000| Complete 
| 121|0x0000000087900000, 0x0000000087a00000, 0x0000000087a00000|100%| E|  |TAMS 0x0000000087900000, 0x0000000087900000| Complete 
| 122|0x0000000087a00000, 0x0000000087b00000, 0x0000000087b00000|100%| E|CS|TAMS 0x0000000087a00000, 0x0000000087a00000| Complete 
| 123|0x0000000087b00000, 0x0000000087c00000, 0x0000000087c00000|100%| E|CS|TAMS 0x0000000087b00000, 0x0000000087b00000| Complete 
| 124|0x0000000087c00000, 0x0000000087d00000, 0x0000000087d00000|100%| E|CS|TAMS 0x0000000087c00000, 0x0000000087c00000| Complete 
| 125|0x0000000087d00000, 0x0000000087e00000, 0x0000000087e00000|100%| E|CS|TAMS 0x0000000087d00000, 0x0000000087d00000| Complete 
| 126|0x0000000087e00000, 0x0000000087f00000, 0x0000000087f00000|100%| E|CS|TAMS 0x0000000087e00000, 0x0000000087e00000| Complete 
| 127|0x0000000087f00000, 0x0000000088000000, 0x0000000088000000|100%| E|CS|TAMS 0x0000000087f00000, 0x0000000087f00000| Complete 
| 128|0x0000000088000000, 0x0000000088100000, 0x0000000088100000|100%| E|CS|TAMS 0x0000000088000000, 0x0000000088000000| Complete 
| 129|0x0000000088100000, 0x0000000088200000, 0x0000000088200000|100%| E|CS|TAMS 0x0000000088100000, 0x0000000088100000| Complete 
| 130|0x0000000088200000, 0x0000000088300000, 0x0000000088300000|100%| E|CS|TAMS 0x0000000088200000, 0x0000000088200000| Complete 
| 131|0x0000000088300000, 0x0000000088400000, 0x0000000088400000|100%| E|CS|TAMS 0x0000000088300000, 0x0000000088300000| Complete 
| 132|0x0000000088400000, 0x0000000088500000, 0x0000000088500000|100%| E|CS|TAMS 0x0000000088400000, 0x0000000088400000| Complete 
| 133|0x0000000088500000, 0x0000000088600000, 0x0000000088600000|100%| E|CS|TAMS 0x0000000088500000, 0x0000000088500000| Complete 
| 134|0x0000000088600000, 0x0000000088700000, 0x0000000088700000|100%| E|CS|TAMS 0x0000000088600000, 0x0000000088600000| Complete 

Card table byte_map: [0x000001c26aa60000,0x000001c26ae60000] _byte_map_base: 0x000001c26a660000

Marking Bits (Prev, Next): (CMBitMap*) 0x000001c255d8dcd0, (CMBitMap*) 0x000001c255d8dc98
 Prev Bits: [0x000001c26d260000, 0x000001c26f260000)
 Next Bits: [0x000001c26b260000, 0x000001c26d260000)

Polling page: 0x000001c255e30000

Metaspace:

Usage:
  Non-class:     73.73 MB capacity,    72.49 MB ( 98%) used,     1.03 MB (  1%) free+waste,   208.75 KB ( <1%) overhead. 
      Class:     11.47 MB capacity,    10.79 MB ( 94%) used,   603.25 KB (  5%) free+waste,    95.69 KB ( <1%) overhead. 
       Both:     85.20 MB capacity,    83.28 MB ( 98%) used,     1.62 MB (  2%) free+waste,   304.44 KB ( <1%) overhead. 

Virtual space:
  Non-class space:       74.00 MB reserved,      73.95 MB (>99%) committed 
      Class space:        1.00 GB reserved,      11.50 MB (  1%) committed 
             Both:        1.07 GB reserved,      85.45 MB (  8%) committed 

Chunk freelists:
   Non-Class:  30.00 KB
       Class:  0 bytes
        Both:  30.00 KB

MaxMetaspaceSize: 17179869184.00 GB
CompressedClassSpaceSize: 1.00 GB
Initial GC threshold: 20.80 MB
Current GC threshold: 135.96 MB
CDS: off

CodeHeap 'non-profiled nmethods': size=120064Kb used=3953Kb max_used=3953Kb free=116110Kb
 bounds [0x000001c262b00000, 0x000001c262ee0000, 0x000001c26a040000]
CodeHeap 'profiled nmethods': size=120000Kb used=16969Kb max_used=16969Kb free=103030Kb
 bounds [0x000001c25b5d0000, 0x000001c25c670000, 0x000001c262b00000]
CodeHeap 'non-nmethods': size=5696Kb used=2363Kb max_used=2404Kb free=3333Kb
 bounds [0x000001c25b040000, 0x000001c25b2b0000, 0x000001c25b5d0000]
 total_blobs=9211 nmethods=8335 adapters=788
 compilation: enabled
              stopped_count=0, restarted_count=0
 full_count=0

Compilation events (20 events):
Event: 16.927 Thread 0x000001c2718e3800 8271       2       org.gradle.internal.reflect.annotations.impl.DefaultTypeAnnotationMetadataStore$$Lambda$592/0x0000000100717040::test (12 bytes)
Event: 16.927 Thread 0x000001c2718e3800 nmethod 8271 0x000001c25c623810 code [0x000001c25c6239c0, 0x000001c25c623b28]
Event: 16.927 Thread 0x000001c2718e3800 8272       2       org.gradle.api.internal.tasks.properties.annotations.InputPropertyAnnotationHandler::visitPropertyValue (18 bytes)
Event: 16.928 Thread 0x000001c2718e3800 nmethod 8272 0x000001c25c623c10 code [0x000001c25c623de0, 0x000001c25c623fd8]
Event: 16.928 Thread 0x000001c2718e3800 8273       2       org.gradle.api.internal.tasks.properties.bean.AbstractNestedRuntimeBeanNode$BeanPropertyValue::getTaskDependencies (38 bytes)
Event: 16.928 Thread 0x000001c2718e3800 nmethod 8273 0x000001c25c624190 code [0x000001c25c624380, 0x000001c25c624668]
Event: 16.934 Thread 0x000001c2718e3800 8274       2       java.util.TreeMap$NavigableSubMap$SubMapIterator::hasNext (27 bytes)
Event: 16.934 Thread 0x000001c2718e3800 nmethod 8274 0x000001c25c624810 code [0x000001c25c6249c0, 0x000001c25c624af8]
Event: 16.934 Thread 0x000001c2718e3800 8278       2       java.util.TreeMap$KeySet::<init> (10 bytes)
Event: 16.934 Thread 0x000001c2718e3800 nmethod 8278 0x000001c25c624b90 code [0x000001c25c624d40, 0x000001c25c624e78]
Event: 16.934 Thread 0x000001c2718e3800 8275       2       java.util.LinkedList::peekFirst (18 bytes)
Event: 16.934 Thread 0x000001c2718e3800 nmethod 8275 0x000001c25c624f10 code [0x000001c25c6250c0, 0x000001c25c6251d8]
Event: 16.934 Thread 0x000001c2718e3800 8277       2       java.util.TreeSet::<init> (10 bytes)
Event: 16.934 Thread 0x000001c2718e3800 nmethod 8277 0x000001c25c625290 code [0x000001c25c625440, 0x000001c25c625578]
Event: 16.934 Thread 0x000001c2718e3800 8276       1       org.gradle.execution.plan.DefaultExecutionPlan$NodeInVisitingSegment::access$300 (5 bytes)
Event: 16.934 Thread 0x000001c2718e3800 nmethod 8276 0x000001c262ed7090 code [0x000001c262ed7240, 0x000001c262ed72d8]
Event: 16.934 Thread 0x000001c2718e3800 8279       1       org.gradle.execution.plan.DefaultExecutionPlan$NodeInVisitingSegment::access$200 (5 bytes)
Event: 16.934 Thread 0x000001c2718e3800 nmethod 8279 0x000001c262ed7390 code [0x000001c262ed7540, 0x000001c262ed75d8]
Event: 16.934 Thread 0x000001c2718e3800 8280       1       org.gradle.execution.plan.TaskNode::getShouldSuccessors (5 bytes)
Event: 16.934 Thread 0x000001c2718e3800 nmethod 8280 0x000001c262ed7690 code [0x000001c262ed7840, 0x000001c262ed78f8]

GC Heap History (20 events):
Event: 14.005 GC heap before
{Heap before GC invocations=21 (full 0):
 garbage-first heap   total 114688K, used 86630K [0x0000000080000000, 0x0000000100000000)
  region size 1024K, 38 young (38912K), 3 survivors (3072K)
 Metaspace       used 64244K, capacity 65749K, committed 65996K, reserved 1105920K
  class space    used 8104K, capacity 8666K, committed 8704K, reserved 1048576K
}
Event: 14.014 GC heap after
{Heap after GC invocations=22 (full 0):
 garbage-first heap   total 114688K, used 55129K [0x0000000080000000, 0x0000000100000000)
  region size 1024K, 5 young (5120K), 5 survivors (5120K)
 Metaspace       used 64244K, capacity 65749K, committed 65996K, reserved 1105920K
  class space    used 8104K, capacity 8666K, committed 8704K, reserved 1048576K
}
Event: 14.401 GC heap before
{Heap before GC invocations=22 (full 0):
 garbage-first heap   total 114688K, used 89945K [0x0000000080000000, 0x0000000100000000)
  region size 1024K, 38 young (38912K), 5 survivors (5120K)
 Metaspace       used 67015K, capacity 68608K, committed 68684K, reserved 1110016K
  class space    used 8462K, capacity 9057K, committed 9088K, reserved 1048576K
}
Event: 14.408 GC heap after
{Heap after GC invocations=23 (full 0):
 garbage-first heap   total 114688K, used 57186K [0x0000000080000000, 0x0000000100000000)
  region size 1024K, 2 young (2048K), 2 survivors (2048K)
 Metaspace       used 67015K, capacity 68608K, committed 68684K, reserved 1110016K
  class space    used 8462K, capacity 9057K, committed 9088K, reserved 1048576K
}
Event: 14.762 GC heap before
{Heap before GC invocations=23 (full 0):
 garbage-first heap   total 114688K, used 90978K [0x0000000080000000, 0x0000000100000000)
  region size 1024K, 35 young (35840K), 2 survivors (2048K)
 Metaspace       used 69004K, capacity 70627K, committed 70732K, reserved 1110016K
  class space    used 8730K, capacity 9299K, committed 9344K, reserved 1048576K
}
Event: 14.767 GC heap after
{Heap after GC invocations=24 (full 0):
 garbage-first heap   total 114688K, used 59016K [0x0000000080000000, 0x0000000100000000)
  region size 1024K, 4 young (4096K), 4 survivors (4096K)
 Metaspace       used 69004K, capacity 70627K, committed 70732K, reserved 1110016K
  class space    used 8730K, capacity 9299K, committed 9344K, reserved 1048576K
}
Event: 14.921 GC heap before
{Heap before GC invocations=25 (full 0):
 garbage-first heap   total 114688K, used 91784K [0x0000000080000000, 0x0000000100000000)
  region size 1024K, 36 young (36864K), 4 survivors (4096K)
 Metaspace       used 69108K, capacity 70712K, committed 70988K, reserved 1112064K
  class space    used 8738K, capacity 9327K, committed 9344K, reserved 1048576K
}
Event: 14.927 GC heap after
{Heap after GC invocations=26 (full 0):
 garbage-first heap   total 114688K, used 61970K [0x0000000080000000, 0x0000000100000000)
  region size 1024K, 5 young (5120K), 5 survivors (5120K)
 Metaspace       used 69108K, capacity 70712K, committed 70988K, reserved 1112064K
  class space    used 8738K, capacity 9327K, committed 9344K, reserved 1048576K
}
Event: 15.302 GC heap before
{Heap before GC invocations=26 (full 0):
 garbage-first heap   total 114688K, used 93714K [0x0000000080000000, 0x0000000100000000)
  region size 1024K, 36 young (36864K), 5 survivors (5120K)
 Metaspace       used 72940K, capacity 74618K, committed 74700K, reserved 1114112K
  class space    used 9340K, capacity 9947K, committed 9984K, reserved 1048576K
}
Event: 15.311 GC heap after
{Heap after GC invocations=27 (full 0):
 garbage-first heap   total 114688K, used 63785K [0x0000000080000000, 0x0000000100000000)
  region size 1024K, 2 young (2048K), 2 survivors (2048K)
 Metaspace       used 72940K, capacity 74618K, committed 74700K, reserved 1114112K
  class space    used 9340K, capacity 9947K, committed 9984K, reserved 1048576K
}
Event: 15.691 GC heap before
{Heap before GC invocations=28 (full 0):
 garbage-first heap   total 114688K, used 94505K [0x0000000080000000, 0x0000000100000000)
  region size 1024K, 32 young (32768K), 2 survivors (2048K)
 Metaspace       used 75447K, capacity 77132K, committed 77388K, reserved 1116160K
  class space    used 9724K, capacity 10349K, committed 10368K, reserved 1048576K
}
Event: 15.697 GC heap after
{Heap after GC invocations=29 (full 0):
 garbage-first heap   total 114688K, used 65885K [0x0000000080000000, 0x0000000100000000)
  region size 1024K, 4 young (4096K), 4 survivors (4096K)
 Metaspace       used 75447K, capacity 77132K, committed 77388K, reserved 1116160K
  class space    used 9724K, capacity 10349K, committed 10368K, reserved 1048576K
}
Event: 15.880 GC heap before
{Heap before GC invocations=29 (full 0):
 garbage-first heap   total 114688K, used 95581K [0x0000000080000000, 0x0000000100000000)
  region size 1024K, 33 young (33792K), 4 survivors (4096K)
 Metaspace       used 76478K, capacity 78213K, committed 78412K, reserved 1118208K
  class space    used 9881K, capacity 10516K, committed 10624K, reserved 1048576K
}
Event: 15.886 GC heap after
{Heap after GC invocations=30 (full 0):
 garbage-first heap   total 114688K, used 68096K [0x0000000080000000, 0x0000000100000000)
  region size 1024K, 5 young (5120K), 5 survivors (5120K)
 Metaspace       used 76478K, capacity 78213K, committed 78412K, reserved 1118208K
  class space    used 9881K, capacity 10516K, committed 10624K, reserved 1048576K
}
Event: 16.138 GC heap before
{Heap before GC invocations=31 (full 0):
 garbage-first heap   total 114688K, used 95744K [0x0000000080000000, 0x0000000100000000)
  region size 1024K, 32 young (32768K), 5 survivors (5120K)
 Metaspace       used 78468K, capacity 80273K, committed 80460K, reserved 1118208K
  class space    used 10162K, capacity 10826K, committed 10880K, reserved 1048576K
}
Event: 16.144 GC heap after
{Heap after GC invocations=32 (full 0):
 garbage-first heap   total 114688K, used 70190K [0x0000000080000000, 0x0000000100000000)
  region size 1024K, 3 young (3072K), 3 survivors (3072K)
 Metaspace       used 78468K, capacity 80273K, committed 80460K, reserved 1118208K
  class space    used 10162K, capacity 10826K, committed 10880K, reserved 1048576K
}
Event: 16.419 GC heap before
{Heap before GC invocations=32 (full 0):
 garbage-first heap   total 114688K, used 94766K [0x0000000080000000, 0x0000000100000000)
  region size 1024K, 28 young (28672K), 3 survivors (3072K)
 Metaspace       used 80845K, capacity 82613K, committed 82892K, reserved 1120256K
  class space    used 10521K, capacity 11219K, committed 11264K, reserved 1048576K
}
Event: 16.424 GC heap after
{Heap after GC invocations=33 (full 0):
 garbage-first heap   total 114688K, used 71009K [0x0000000080000000, 0x0000000100000000)
  region size 1024K, 3 young (3072K), 3 survivors (3072K)
 Metaspace       used 80845K, capacity 82613K, committed 82892K, reserved 1120256K
  class space    used 10521K, capacity 11219K, committed 11264K, reserved 1048576K
}
Event: 16.830 GC heap before
{Heap before GC invocations=34 (full 0):
 garbage-first heap   total 114688K, used 95585K [0x0000000080000000, 0x0000000100000000)
  region size 1024K, 28 young (28672K), 3 survivors (3072K)
 Metaspace       used 83942K, capacity 85833K, committed 86092K, reserved 1124352K
  class space    used 10899K, capacity 11597K, committed 11648K, reserved 1048576K
}
Event: 16.836 GC heap after
{Heap after GC invocations=35 (full 0):
 garbage-first heap   total 138240K, used 72884K [0x0000000080000000, 0x0000000100000000)
  region size 1024K, 4 young (4096K), 4 survivors (4096K)
 Metaspace       used 83942K, capacity 85833K, committed 86092K, reserved 1124352K
  class space    used 10899K, capacity 11597K, committed 11648K, reserved 1048576K
}

Deoptimization events (20 events):
Event: 16.585 Thread 0x000001c273096000 DEOPT PACKING pc=0x000001c25c0c5de3 sp=0x0000001860af8a70
Event: 16.585 Thread 0x000001c273096000 DEOPT UNPACKING pc=0x000001c25b08a95e sp=0x0000001860af7f20 mode 0
Event: 16.585 Thread 0x000001c273096000 DEOPT PACKING pc=0x000001c25c0c5de3 sp=0x0000001860af8a70
Event: 16.585 Thread 0x000001c273096000 DEOPT UNPACKING pc=0x000001c25b08a95e sp=0x0000001860af7f20 mode 0
Event: 16.585 Thread 0x000001c273096000 DEOPT PACKING pc=0x000001c25c0c5de3 sp=0x0000001860af8a70
Event: 16.585 Thread 0x000001c273096000 DEOPT UNPACKING pc=0x000001c25b08a95e sp=0x0000001860af7f20 mode 0
Event: 16.585 Thread 0x000001c273096000 DEOPT PACKING pc=0x000001c25c0c5de3 sp=0x0000001860af8a70
Event: 16.585 Thread 0x000001c273096000 DEOPT UNPACKING pc=0x000001c25b08a95e sp=0x0000001860af7f20 mode 0
Event: 16.595 Thread 0x000001c273096000 Uncommon trap: trap_request=0xffffff4d fr.pc=0x000001c262dd78c4 relative=0x00000000000000a4
Event: 16.595 Thread 0x000001c273096000 Uncommon trap: reason=unstable_if action=reinterpret pc=0x000001c262dd78c4 method=java.lang.CharacterDataLatin1.digit(II)I @ 12 c2
Event: 16.595 Thread 0x000001c273096000 DEOPT PACKING pc=0x000001c262dd78c4 sp=0x0000001860af8f90
Event: 16.595 Thread 0x000001c273096000 DEOPT UNPACKING pc=0x000001c25b08a1af sp=0x0000001860af8f08 mode 2
Event: 16.694 Thread 0x000001c273096000 DEOPT PACKING pc=0x000001c25c4dbc38 sp=0x0000001860af97e0
Event: 16.694 Thread 0x000001c273096000 DEOPT UNPACKING pc=0x000001c25b08a95e sp=0x0000001860af8ce8 mode 0
Event: 16.761 Thread 0x000001c273096000 Uncommon trap: trap_request=0xffffff4d fr.pc=0x000001c262bed598 relative=0x0000000000000078
Event: 16.761 Thread 0x000001c273096000 Uncommon trap: reason=unstable_if action=reinterpret pc=0x000001c262bed598 method=java.lang.Integer.stringSize(I)I @ 19 c2
Event: 16.761 Thread 0x000001c273096000 DEOPT PACKING pc=0x000001c262bed598 sp=0x0000001860af7f90
Event: 16.761 Thread 0x000001c273096000 DEOPT UNPACKING pc=0x000001c25b08a1af sp=0x0000001860af7f08 mode 2
Event: 16.776 Thread 0x000001c273096000 DEOPT PACKING pc=0x000001c25c1d4a7c sp=0x0000001860af8dd0
Event: 16.776 Thread 0x000001c273096000 DEOPT UNPACKING pc=0x000001c25b08a95e sp=0x0000001860af8398 mode 0

Classes redefined (0 events):
No events

Internal exceptions (20 events):
Event: 16.096 Thread 0x000001c273096000 Exception <a 'java/lang/NoSuchMethodError'{0x000000008576a3a0}: 'java.lang.Object java.lang.invoke.Invokers$Holder.linkToTargetMethod(java.lang.Object, int, java.lang.Object)'> (0x000000008576a3a0) thrown at [./src/hotspot/share/interpreter/linkResolver.cpp, line 773]
Event: 16.255 Thread 0x000001c273096000 Exception <a 'sun/nio/fs/WindowsException'{0x00000000867272b8}> (0x00000000867272b8) thrown at [./src/hotspot/share/prims/jni.cpp, line 615]
Event: 16.255 Thread 0x000001c273096000 Exception <a 'sun/nio/fs/WindowsException'{0x0000000086727680}> (0x0000000086727680) thrown at [./src/hotspot/share/prims/jni.cpp, line 615]
Event: 16.372 Thread 0x000001c273096000 Exception <a 'java/lang/NullPointerException'{0x0000000085dc1d98}> (0x0000000085dc1d98) thrown at [./src/hotspot/share/interpreter/linkResolver.cpp, line 1440]
Event: 16.548 Thread 0x000001c273096000 Exception <a 'java/lang/NoSuchMethodError'{0x000000008647c0f8}: 'int java.lang.invoke.DirectMethodHandle$Holder.invokeStatic(java.lang.Object, java.lang.Object, int, java.lang.Object)'> (0x000000008647c0f8) thrown at [./src/hotspot/share/interpreter/linkResolver.cpp, line 773]
Event: 16.640 Thread 0x000001c273096000 Exception <a 'sun/nio/fs/WindowsException'{0x00000000863aedd0}> (0x00000000863aedd0) thrown at [./src/hotspot/share/prims/jni.cpp, line 615]
Event: 16.641 Thread 0x000001c273096000 Exception <a 'sun/nio/fs/WindowsException'{0x00000000863b0160}> (0x00000000863b0160) thrown at [./src/hotspot/share/prims/jni.cpp, line 615]
Event: 16.641 Thread 0x000001c273096000 Exception <a 'sun/nio/fs/WindowsException'{0x00000000863b1528}> (0x00000000863b1528) thrown at [./src/hotspot/share/prims/jni.cpp, line 615]
Event: 16.641 Thread 0x000001c273096000 Exception <a 'sun/nio/fs/WindowsException'{0x00000000863b28f0}> (0x00000000863b28f0) thrown at [./src/hotspot/share/prims/jni.cpp, line 615]
Event: 16.820 Thread 0x000001c273096000 Exception <a 'java/lang/NoSuchMethodError'{0x00000000854388c0}: 'java.lang.Object java.lang.invoke.Invokers$Holder.linkToTargetMethod(java.lang.Object, int, int, java.lang.Object)'> (0x00000000854388c0) thrown at [./src/hotspot/share/interpreter/linkResolver.cpp, line 773]
Event: 16.838 Thread 0x000001c273096000 Exception <a 'java/lang/ClassNotFoundException'{0x0000000088669708}: com/android/build/gradle/tasks/MergeResources_DecoratedBeanInfo> (0x0000000088669708) thrown at [./src/hotspot/share/classfile/systemDictionary.cpp, line 231]
Event: 16.838 Thread 0x000001c273096000 Exception <a 'java/lang/ClassNotFoundException'{0x0000000088686828}: com/android/build/gradle/tasks/MergeResourcesBeanInfo> (0x0000000088686828) thrown at [./src/hotspot/share/classfile/systemDictionary.cpp, line 231]
Event: 16.839 Thread 0x000001c273096000 Exception <a 'java/lang/ClassNotFoundException'{0x00000000886a4fe8}: com/android/build/gradle/internal/tasks/NewIncrementalTaskBeanInfo> (0x00000000886a4fe8) thrown at [./src/hotspot/share/classfile/systemDictionary.cpp, line 231]
Event: 16.839 Thread 0x000001c273096000 Exception <a 'java/lang/ClassNotFoundException'{0x00000000886c37b0}: com/android/build/gradle/internal/tasks/AndroidVariantTaskBeanInfo> (0x00000000886c37b0) thrown at [./src/hotspot/share/classfile/systemDictionary.cpp, line 231]
Event: 16.839 Thread 0x000001c273096000 Exception <a 'java/lang/ClassNotFoundException'{0x00000000886e0018}: com/android/build/gradle/internal/tasks/BaseTaskBeanInfo> (0x00000000886e0018) thrown at [./src/hotspot/share/classfile/systemDictionary.cpp, line 231]
Event: 16.840 Thread 0x000001c273096000 Exception <a 'java/lang/ClassNotFoundException'{0x00000000886fd1b0}: com/android/build/gradle/internal/tasks/BaseTaskCustomizer> (0x00000000886fd1b0) thrown at [./src/hotspot/share/classfile/systemDictionary.cpp, line 231]
Event: 16.841 Thread 0x000001c273096000 Exception <a 'java/lang/ClassNotFoundException'{0x000000008852db98}: com/android/build/gradle/internal/tasks/AndroidVariantTaskCustomizer> (0x000000008852db98) thrown at [./src/hotspot/share/classfile/systemDictionary.cpp, line 231]
Event: 16.841 Thread 0x000001c273096000 Exception <a 'java/lang/ClassNotFoundException'{0x000000008855c120}: com/android/build/gradle/internal/tasks/NewIncrementalTaskCustomizer> (0x000000008855c120) thrown at [./src/hotspot/share/classfile/systemDictionary.cpp, line 231]
Event: 16.842 Thread 0x000001c273096000 Exception <a 'java/lang/ClassNotFoundException'{0x0000000088587778}: com/android/build/gradle/tasks/MergeResourcesCustomizer> (0x0000000088587778) thrown at [./src/hotspot/share/classfile/systemDictionary.cpp, line 231]
Event: 16.843 Thread 0x000001c273096000 Exception <a 'java/lang/ClassNotFoundException'{0x00000000885dbbf8}: com/android/build/gradle/tasks/MergeResources_DecoratedCustomizer> (0x00000000885dbbf8) thrown at [./src/hotspot/share/classfile/systemDictionary.cpp, line 231]

Events (20 events):
Event: 16.930 loading class com/google/common/collect/HashMultimap
Event: 16.930 loading class com/google/common/collect/HashMultimap done
Event: 16.930 loading class java/util/TreeMap$DescendingSubMap
Event: 16.930 loading class java/util/TreeMap$NavigableSubMap
Event: 16.931 loading class java/util/TreeMap$NavigableSubMap done
Event: 16.931 loading class java/util/TreeMap$DescendingSubMap done
Event: 16.931 loading class com/google/common/collect/FluentIterable$3$1
Event: 16.931 loading class com/google/common/collect/FluentIterable$3$1 done
Event: 16.931 loading class com/google/common/collect/Iterators$ConcatenatedIterator
Event: 16.931 loading class com/google/common/collect/Iterators$ConcatenatedIterator done
Event: 16.932 loading class java/util/TreeMap$NavigableSubMap$DescendingSubMapKeyIterator
Event: 16.932 loading class java/util/TreeMap$NavigableSubMap$SubMapIterator
Event: 16.932 loading class java/util/TreeMap$NavigableSubMap$SubMapIterator done
Event: 16.932 loading class java/util/TreeMap$NavigableSubMap$DescendingSubMapKeyIterator done
Event: 16.932 loading class com/google/common/collect/AbstractMapBasedMultimap$AsMap
Event: 16.932 loading class com/google/common/collect/AbstractMapBasedMultimap$AsMap done
Event: 16.933 loading class com/google/common/collect/Maps$ViewCachingAbstractMap
Event: 16.933 loading class com/google/common/collect/Maps$ViewCachingAbstractMap done
Event: 16.934 loading class org/gradle/execution/plan/Node
Event: 16.934 loading class org/gradle/execution/plan/Node done


Dynamic libraries:
0x00007ff669a40000 - 0x00007ff669a4a000 	C:\Program Files\Android\Android Studio\jre\bin\java.exe
0x00007ffece160000 - 0x00007ffece369000 	C:\WINDOWS\SYSTEM32\ntdll.dll
0x00007ffecd020000 - 0x00007ffecd0dd000 	C:\WINDOWS\System32\KERNEL32.DLL
0x00007ffecb640000 - 0x00007ffecb9bd000 	C:\WINDOWS\System32\KERNELBASE.dll
0x00007ffecb9f0000 - 0x00007ffecbb01000 	C:\WINDOWS\System32\ucrtbase.dll
0x00007ffeb8b80000 - 0x00007ffeb8b99000 	C:\Program Files\Android\Android Studio\jre\bin\jli.dll
0x00007ffe9d880000 - 0x00007ffe9d897000 	C:\Program Files\Android\Android Studio\jre\bin\VCRUNTIME140.dll
0x00007ffeccc90000 - 0x00007ffecce3d000 	C:\WINDOWS\System32\USER32.dll
0x00007ffeb6360000 - 0x00007ffeb6605000 	C:\WINDOWS\WinSxS\amd64_microsoft.windows.common-controls_6595b64144ccf1df_6.0.22000.120_none_9d947278b86cc467\COMCTL32.dll
0x00007ffecb9c0000 - 0x00007ffecb9e6000 	C:\WINDOWS\System32\win32u.dll
0x00007ffecce40000 - 0x00007ffecce69000 	C:\WINDOWS\System32\GDI32.dll
0x00007ffeccea0000 - 0x00007ffeccf43000 	C:\WINDOWS\System32\msvcrt.dll
0x00007ffecbd70000 - 0x00007ffecbe88000 	C:\WINDOWS\System32\gdi32full.dll
0x00007ffecbe90000 - 0x00007ffecbf2d000 	C:\WINDOWS\System32\msvcp_win.dll
0x00007ffeccfe0000 - 0x00007ffecd011000 	C:\WINDOWS\System32\IMM32.DLL
0x00007ffe94c20000 - 0x00007ffe94cbd000 	C:\Program Files\Android\Android Studio\jre\bin\msvcp140.dll
0x00007ffe90f70000 - 0x00007ffe91a55000 	C:\Program Files\Android\Android Studio\jre\bin\server\jvm.dll
0x00007ffecc7b0000 - 0x00007ffecc85e000 	C:\WINDOWS\System32\ADVAPI32.dll
0x00007ffecd140000 - 0x00007ffecd1de000 	C:\WINDOWS\System32\sechost.dll
0x00007ffecc300000 - 0x00007ffecc420000 	C:\WINDOWS\System32\RPCRT4.dll
0x00007ffecce90000 - 0x00007ffecce98000 	C:\WINDOWS\System32\PSAPI.DLL
0x00007ffe9d810000 - 0x00007ffe9d819000 	C:\WINDOWS\SYSTEM32\WSOCK32.dll
0x00007ffeb8650000 - 0x00007ffeb8683000 	C:\WINDOWS\SYSTEM32\WINMM.dll
0x00007ffeccf70000 - 0x00007ffeccfdf000 	C:\WINDOWS\System32\WS2_32.dll
0x00007ffec9350000 - 0x00007ffec935a000 	C:\WINDOWS\SYSTEM32\VERSION.dll
0x00007ffeca740000 - 0x00007ffeca758000 	C:\WINDOWS\SYSTEM32\kernel.appcore.dll
0x00007ffebd140000 - 0x00007ffebd151000 	C:\Program Files\Android\Android Studio\jre\bin\verify.dll
0x00007ffeb9200000 - 0x00007ffeb9421000 	C:\WINDOWS\SYSTEM32\DBGHELP.DLL
0x00007ffeb8a20000 - 0x00007ffeb8a51000 	C:\WINDOWS\SYSTEM32\dbgcore.DLL
0x00007ffecbcf0000 - 0x00007ffecbd6f000 	C:\WINDOWS\System32\bcryptPrimitives.dll
0x00007ffebaf90000 - 0x00007ffebafb9000 	C:\Program Files\Android\Android Studio\jre\bin\java.dll
0x00007ffec7bf0000 - 0x00007ffec7bfb000 	C:\Program Files\Android\Android Studio\jre\bin\jimage.dll
0x00007ffeb9fc0000 - 0x00007ffeb9fd8000 	C:\Program Files\Android\Android Studio\jre\bin\zip.dll
0x00007ffecd960000 - 0x00007ffece118000 	C:\WINDOWS\System32\SHELL32.dll
0x00007ffec97b0000 - 0x00007ffeca018000 	C:\WINDOWS\SYSTEM32\windows.storage.dll
0x00007ffecc860000 - 0x00007ffeccbd9000 	C:\WINDOWS\System32\combase.dll
0x00007ffec9640000 - 0x00007ffec97a6000 	C:\WINDOWS\SYSTEM32\wintypes.dll
0x00007ffecc6c0000 - 0x00007ffecc7aa000 	C:\WINDOWS\System32\SHCORE.dll
0x00007ffecc190000 - 0x00007ffecc1ed000 	C:\WINDOWS\System32\shlwapi.dll
0x00007ffecb570000 - 0x00007ffecb591000 	C:\WINDOWS\SYSTEM32\profapi.dll
0x00007ffeb8a90000 - 0x00007ffeb8aaa000 	C:\Program Files\Android\Android Studio\jre\bin\net.dll
0x00007ffec5d20000 - 0x00007ffec5e2c000 	C:\WINDOWS\SYSTEM32\WINHTTP.dll
0x00007ffecab70000 - 0x00007ffecabd7000 	C:\WINDOWS\system32\mswsock.dll
0x00007ffeae4c0000 - 0x00007ffeae4d4000 	C:\Program Files\Android\Android Studio\jre\bin\nio.dll
0x00007ffec9470000 - 0x00007ffec9497000 	C:\Users\Dell\.gradle\native\e1d6ef7f7dcc3fd88c89a11ec53ec762bb8ba0a96d01ffa2cd45eb1d1d8dd5c5\windows-amd64\native-platform.dll
0x00007ffea4610000 - 0x00007ffea4754000 	C:\Users\Dell\.gradle\native\5664cfc778a61ccfe75a443a1ab52a65af34e5dc3c78e0209fed803814484fcb\windows-amd64\native-platform-file-events.dll
0x00007ffeb6ac0000 - 0x00007ffeb6aca000 	C:\Program Files\Android\Android Studio\jre\bin\management.dll
0x00007ffeae4b0000 - 0x00007ffeae4bd000 	C:\Program Files\Android\Android Studio\jre\bin\management_ext.dll
0x00007ffecadb0000 - 0x00007ffecadc8000 	C:\WINDOWS\SYSTEM32\CRYPTSP.dll
0x00007ffeca6a0000 - 0x00007ffeca6d5000 	C:\WINDOWS\system32\rsaenh.dll
0x00007ffecac60000 - 0x00007ffecac89000 	C:\WINDOWS\SYSTEM32\USERENV.dll
0x00007ffecaf30000 - 0x00007ffecaf57000 	C:\WINDOWS\SYSTEM32\bcrypt.dll
0x00007ffecadd0000 - 0x00007ffecaddc000 	C:\WINDOWS\SYSTEM32\CRYPTBASE.dll
0x00007ffeca270000 - 0x00007ffeca29d000 	C:\WINDOWS\SYSTEM32\IPHLPAPI.DLL
0x00007ffecce70000 - 0x00007ffecce79000 	C:\WINDOWS\System32\NSI.dll
0x00007ffec5b70000 - 0x00007ffec5b89000 	C:\WINDOWS\SYSTEM32\dhcpcsvc6.DLL
0x00007ffec6a70000 - 0x00007ffec6a8e000 	C:\WINDOWS\SYSTEM32\dhcpcsvc.DLL
0x00007ffeca2a0000 - 0x00007ffeca388000 	C:\WINDOWS\SYSTEM32\DNSAPI.dll

dbghelp: loaded successfully - version: 4.0.5 - missing functions: none
symbol engine: initialized successfully - sym options: 0x614 - pdb path: .;C:\Program Files\Android\Android Studio\jre\bin;C:\WINDOWS\SYSTEM32;C:\WINDOWS\WinSxS\amd64_microsoft.windows.common-controls_6595b64144ccf1df_6.0.22000.120_none_9d947278b86cc467;C:\Program Files\Android\Android Studio\jre\bin\server;C:\Users\Dell\.gradle\native\e1d6ef7f7dcc3fd88c89a11ec53ec762bb8ba0a96d01ffa2cd45eb1d1d8dd5c5\windows-amd64;C:\Users\Dell\.gradle\native\5664cfc778a61ccfe75a443a1ab52a65af34e5dc3c78e0209fed803814484fcb\windows-amd64

VM Arguments:
jvm_args: --add-opens=java.base/java.util=ALL-UNNAMED --add-opens=java.base/java.lang=ALL-UNNAMED --add-opens=java.base/java.lang.invoke=ALL-UNNAMED --add-opens=java.base/java.util=ALL-UNNAMED --add-opens=java.prefs/java.util.prefs=ALL-UNNAMED --add-opens=java.prefs/java.util.prefs=ALL-UNNAMED --add-opens=java.base/java.nio.charset=ALL-UNNAMED --add-opens=java.base/java.net=ALL-UNNAMED --add-opens=java.base/java.util.concurrent.atomic=ALL-UNNAMED -Xmx2048m -Dfile.encoding=UTF-8 -Duser.country=US -Duser.language=en -Duser.variant 
java_command: org.gradle.launcher.daemon.bootstrap.GradleDaemon 7.3.3
java_class_path (initial): C:\Users\Dell\.gradle\wrapper\dists\gradle-7.3.3-bin\6a41zxkdtcxs8rphpq6y0069z\gradle-7.3.3\lib\gradle-launcher-7.3.3.jar
Launcher Type: SUN_STANDARD

[Global flags]
     intx CICompilerCount                          = 3                                         {product} {ergonomic}
     uint ConcGCThreads                            = 1                                         {product} {ergonomic}
     uint G1ConcRefinementThreads                  = 4                                         {product} {ergonomic}
   size_t G1HeapRegionSize                         = 1048576                                   {product} {ergonomic}
    uintx GCDrainStackTargetSize                   = 64                                        {product} {ergonomic}
   size_t InitialHeapSize                          = 65011712                                  {product} {ergonomic}
   size_t MarkStackSize                            = 4194304                                   {product} {ergonomic}
   size_t MaxHeapSize                              = 2147483648                                {product} {command line}
   size_t MaxNewSize                               = 1287651328                                {product} {ergonomic}
   size_t MinHeapDeltaBytes                        = 1048576                                   {product} {ergonomic}
    uintx NonNMethodCodeHeapSize                   = 5830732                                {pd product} {ergonomic}
    uintx NonProfiledCodeHeapSize                  = 122913754                              {pd product} {ergonomic}
    uintx ProfiledCodeHeapSize                     = 122913754                              {pd product} {ergonomic}
    uintx ReservedCodeCacheSize                    = 251658240                              {pd product} {ergonomic}
     bool SegmentedCodeCache                       = true                                      {product} {ergonomic}
     bool UseCompressedClassPointers               = true                                 {lp64_product} {ergonomic}
     bool UseCompressedOops                        = true                                 {lp64_product} {ergonomic}
     bool UseG1GC                                  = true                                      {product} {ergonomic}
     bool UseLargePagesIndividualAllocation        = false                                  {pd product} {ergonomic}

Logging:
Log output configuration:
 #0: stdout all=warning uptime,level,tags
 #1: stderr all=off uptime,level,tags

Environment Variables:
PATH=C:\Program Files (x86)\NVIDIA Corporation\PhysX\Common;C:\Program Files (x86)\Common Files\Oracle\Java\javapath;C:\WINDOWS\system32;C:\WINDOWS;C:\WINDOWS\System32\Wbem;C:\WINDOWS\System32\WindowsPowerShell\v1.0\;C:\WINDOWS\System32\OpenSSH\;C:\Program Files\dotnet\;C:\Program Files\Microsoft VS Code\bin;C:\Program Files\MySQL\MySQL Shell 8.0\bin\;C:\Users\Dell\AppData\Local\Microsoft\WindowsApps;
USERNAME=Dell
OS=Windows_NT
PROCESSOR_IDENTIFIER=Intel64 Family 6 Model 158 Stepping 11, GenuineIntel



---------------  S Y S T E M  ---------------

OS: Windows 10 , 64 bit Build 22000 (10.0.22000.708)
OS uptime: 0 days 1:14 hours

CPU:total 4 (initial active 4) (4 cores per cpu, 1 threads per core) family 6 model 158 stepping 11 microcode 0xf0, cmov, cx8, fxsr, mmx, sse, sse2, sse3, ssse3, sse4.1, sse4.2, popcnt, avx, avx2, aes, clmul, erms, 3dnowpref, lzcnt, tsc, tscinvbit, bmi1, bmi2, adx, fma

Memory: 4k page, system-wide physical 3906M (303M free)
TotalPageFile size 8002M (AvailPageFile size 5M)
current process WorkingSet (physical memory assigned to process): 332M, peak: 332M
current process commit charge ("private bytes"): 390M, peak: 391M

vm_info: OpenJDK 64-Bit Server VM (11.0.12+7-b1504.28-7817840) for windows-amd64 JRE (11.0.12+7-b1504.28-7817840), built on Oct 13 2021 22:12:33 by "builder" with MS VC++ 14.0 (VS2015)

END.
