#
# There is insufficient memory for the Java Runtime Environment to continue.
# Native memory allocation (mmap) failed to map 218103808 bytes for Failed to commit area from 0x0000000095100000 to 0x00000000a2100000 of length 218103808.
# Possible reasons:
#   The system is out of physical RAM or swap space
#   The process is running with CompressedOops enabled, and the Java Heap may be blocking the growth of the native heap
# Possible solutions:
#   Reduce memory load on the system
#   Increase physical memory or swap space
#   Check if swap backing store is full
#   Decrease Java heap size (-Xmx/-Xms)
#   Decrease number of Java threads
#   Decrease Java thread stack sizes (-Xss)
#   Set larger code cache with -XX:ReservedCodeCacheSize=
#   JVM is running with Unscaled Compressed Oops mode in which the Java heap is
#     placed in the first 4GB address space. The Java Heap base address is the
#     maximum limit for the native heap growth. Please use -XX:HeapBaseMinAddress
#     to set the Java Heap base and to place the Java Heap above 4GB virtual address.
# This output file may be truncated or incomplete.
#
#  Out of Memory Error (./src/hotspot/os/windows/os_windows.cpp:3521), pid=2320, tid=8716
#
# JRE version: OpenJDK Runtime Environment (11.0.12+7) (build 11.0.12+7-b1504.28-7817840)
# Java VM: OpenJDK 64-Bit Server VM (11.0.12+7-b1504.28-7817840, mixed mode, tiered, compressed oops, g1 gc, windows-amd64)
# No core dump will be written. Minidumps are not enabled by default on client versions of Windows
#

---------------  S U M M A R Y ------------

Command Line: --add-opens=java.base/java.util=ALL-UNNAMED --add-opens=java.base/java.lang=ALL-UNNAMED --add-opens=java.base/java.lang.invoke=ALL-UNNAMED --add-opens=java.base/java.util=ALL-UNNAMED --add-opens=java.prefs/java.util.prefs=ALL-UNNAMED --add-opens=java.prefs/java.util.prefs=ALL-UNNAMED --add-opens=java.base/java.nio.charset=ALL-UNNAMED --add-opens=java.base/java.net=ALL-UNNAMED --add-opens=java.base/java.util.concurrent.atomic=ALL-UNNAMED -Xmx2048m -Dfile.encoding=UTF-8 -Duser.country=US -Duser.language=en -Duser.variant org.gradle.launcher.daemon.bootstrap.GradleDaemon 7.3.3

Host: Intel(R) Core(TM) i3-8100 CPU @ 3.60GHz, 4 cores, 3G,  Windows 10 , 64 bit Build 22000 (10.0.22000.708)
Time: Tue Aug 23 15:35:47 2022 India Standard Time elapsed time: 157.900732 seconds (0d 0h 2m 37s)

---------------  T H R E A D  ---------------

Current thread (0x00000118cfe2b000):  VMThread "VM Thread" [stack: 0x0000000280100000,0x0000000280200000] [id=8716]

Stack: [0x0000000280100000,0x0000000280200000]
[error occurred during error reporting (printing stack bounds), id 0xc0000005, EXCEPTION_ACCESS_VIOLATION (0xc0000005) at pc=0x00000118b9d8112d]

Native frames: (J=compiled Java code, j=interpreted, Vv=VM code, C=native code)
V  [jvm.dll+0x5fbcea]
V  [jvm.dll+0x731905]
V  [jvm.dll+0x732f1d]
V  [jvm.dll+0x733535]
V  [jvm.dll+0x7334eb]
V  [jvm.dll+0x5fb080]
V  [jvm.dll+0x5fb818]
C  [ntdll.dll+0xa8fcf]
C  [ntdll.dll+0x35e9a]
C  [ntdll.dll+0xa7fde]
C  0x00000118b9d8112d

VM_Operation (0x00000002862fcfa0): G1CollectForAllocation, mode: safepoint, requested by thread 0x00000118db96e800


---------------  P R O C E S S  ---------------

Threads class SMR info:
_java_thread_list=0x00000118d5a255d0, length=106, elements={
0x00000118b6272800, 0x00000118cfe2f800, 0x00000118cfe38800, 0x00000118cfe90800,
0x00000118cfe91800, 0x00000118cfe92800, 0x00000118cfe95800, 0x00000118cfe96800,
0x00000118cfea5000, 0x00000118d0908000, 0x00000118d2ea2000, 0x00000118d2646000,
0x00000118d2068000, 0x00000118d26a0800, 0x00000118d335a000, 0x00000118d2f30000,
0x00000118d2e84000, 0x00000118d2e80800, 0x00000118d2e81800, 0x00000118d2e80000,
0x00000118d2e7f000, 0x00000118d58c4800, 0x00000118d58c5000, 0x00000118d58c0800,
0x00000118d58c7800, 0x00000118d3322000, 0x00000118d3328800, 0x00000118d3329000,
0x00000118d42ce000, 0x00000118d42d3800, 0x00000118d42d4800, 0x00000118d42d2000,
0x00000118d42d6000, 0x00000118d42cb800, 0x00000118d7d5d000, 0x00000118d7d58000,
0x00000118d3320000, 0x00000118d331e800, 0x00000118d3321000, 0x00000118d3325000,
0x00000118d3323800, 0x00000118d3322800, 0x00000118d331f800, 0x00000118d332a000,
0x00000118d3324000, 0x00000118d3326000, 0x00000118d3326800, 0x00000118d332c800,
0x00000118d332d000, 0x00000118d3327800, 0x00000118d332a800, 0x00000118d332b800,
0x00000118d7d57000, 0x00000118d7d5d800, 0x00000118d7d5e800, 0x00000118d7d59000,
0x00000118d7d5f800, 0x00000118d7d5a800, 0x00000118d7d60000, 0x00000118d7d5b800,
0x00000118d7d63800, 0x00000118d7d64000, 0x00000118d7d66000, 0x00000118d7d61000,
0x00000118d7d65000, 0x00000118d7d62000, 0x00000118d7d62800, 0x00000118d42cc000,
0x00000118d42cd000, 0x00000118d42ce800, 0x00000118d42c9000, 0x00000118d42ca800,
0x00000118d42cf800, 0x00000118d42c9800, 0x00000118d42d0800, 0x00000118d42d5000,
0x00000118d42d7000, 0x00000118d42d1000, 0x00000118d42d7800, 0x00000118d58c2000,
0x00000118d58c3000, 0x00000118d58c8800, 0x00000118d58cb800, 0x00000118d58c9800,
0x00000118d58cc800, 0x00000118d58c7000, 0x00000118d58cd800, 0x00000118d58ce000,
0x00000118d58cb000, 0x00000118d2e82800, 0x00000118d2e7e000, 0x00000118d2e84800,
0x00000118d2e83000, 0x00000118d2f31000, 0x00000118d2f31800, 0x00000118db96e800,
0x00000118db970000, 0x00000118db971000, 0x00000118db96b000, 0x00000118db96f800,
0x00000118db96c000, 0x00000118db972800, 0x00000118db96d000, 0x00000118db973800,
0x00000118db971800, 0x00000118db96d800
}

Java Threads: ( => current thread )
  0x00000118b6272800 JavaThread "main" [_thread_blocked, id=1384, stack(0x00000002ffb00000,0x00000002ffc00000)]
  0x00000118cfe2f800 JavaThread "Reference Handler" daemon [_thread_blocked, id=10676, stack(0x0000000280200000,0x0000000280300000)]
  0x00000118cfe38800 JavaThread "Finalizer" daemon [_thread_blocked, id=10904, stack(0x0000000280300000,0x0000000280400000)]
  0x00000118cfe90800 JavaThread "Signal Dispatcher" daemon [_thread_blocked, id=2560, stack(0x0000000280400000,0x0000000280500000)]
  0x00000118cfe91800 JavaThread "Attach Listener" daemon [_thread_blocked, id=832, stack(0x0000000280500000,0x0000000280600000)]
  0x00000118cfe92800 JavaThread "Service Thread" daemon [_thread_blocked, id=10164, stack(0x0000000280600000,0x0000000280700000)]
  0x00000118cfe95800 JavaThread "C2 CompilerThread0" daemon [_thread_blocked, id=5828, stack(0x0000000280700000,0x0000000280800000)]
  0x00000118cfe96800 JavaThread "C1 CompilerThread0" daemon [_thread_blocked, id=7388, stack(0x0000000280800000,0x0000000280900000)]
  0x00000118cfea5000 JavaThread "Sweeper thread" daemon [_thread_blocked, id=9896, stack(0x0000000280900000,0x0000000280a00000)]
  0x00000118d0908000 JavaThread "Common-Cleaner" daemon [_thread_blocked, id=2224, stack(0x0000000280a00000,0x0000000280b00000)]
  0x00000118d2ea2000 JavaThread "Daemon health stats" [_thread_blocked, id=9396, stack(0x0000000280e00000,0x0000000280f00000)]
  0x00000118d2646000 JavaThread "Incoming local TCP Connector on port 61715" [_thread_in_native, id=8496, stack(0x0000000280c00000,0x0000000280d00000)]
  0x00000118d2068000 JavaThread "Daemon periodic checks" [_thread_blocked, id=6548, stack(0x0000000280f00000,0x0000000281000000)]
  0x00000118d26a0800 JavaThread "Daemon" [_thread_blocked, id=12152, stack(0x0000000281000000,0x0000000281100000)]
  0x00000118d335a000 JavaThread "Daemon worker" [_thread_blocked, id=7544, stack(0x0000000281300000,0x0000000281400000)]
  0x00000118d2f30000 JavaThread "Cache worker for journal cache (C:\Users\Dell\.gradle\caches\journal-1)" [_thread_blocked, id=1600, stack(0x0000000281900000,0x0000000281a00000)]
  0x00000118d2e84000 JavaThread "File lock request listener" [_thread_in_native, id=10084, stack(0x0000000281a00000,0x0000000281b00000)]
  0x00000118d2e80800 JavaThread "Cache worker for file hash cache (C:\Users\Dell\.gradle\caches\7.3.3\fileHashes)" [_thread_blocked, id=7556, stack(0x0000000281b00000,0x0000000281c00000)]
  0x00000118d2e81800 JavaThread "File watcher server" daemon [_thread_blocked, id=6860, stack(0x0000000281e00000,0x0000000281f00000)]
  0x00000118d2e80000 JavaThread "File watcher consumer" daemon [_thread_blocked, id=12092, stack(0x0000000281f00000,0x0000000282000000)]
  0x00000118d2e7f000 JavaThread "Cache worker for execution history cache (C:\Users\Dell\.gradle\caches\7.3.3\executionHistory)" [_thread_blocked, id=8976, stack(0x0000000282300000,0x0000000282400000)]
  0x00000118d58c4800 JavaThread "jar transforms" [_thread_blocked, id=11720, stack(0x0000000282400000,0x0000000282500000)]
  0x00000118d58c5000 JavaThread "Cache worker for file content cache (C:\Users\Dell\.gradle\caches\7.3.3\fileContent)" [_thread_blocked, id=5796, stack(0x0000000282500000,0x0000000282600000)]
  0x00000118d58c0800 JavaThread "jar transforms Thread 2" [_thread_blocked, id=11380, stack(0x0000000282600000,0x0000000282700000)]
  0x00000118d58c7800 JavaThread "jar transforms Thread 3" [_thread_blocked, id=11464, stack(0x0000000282800000,0x0000000282900000)]
  0x00000118d3322000 JavaThread "jar transforms Thread 4" [_thread_blocked, id=6004, stack(0x0000000285100000,0x0000000285200000)]
  0x00000118d3328800 JavaThread "Memory manager" [_thread_blocked, id=2060, stack(0x0000000285200000,0x0000000285300000)]
  0x00000118d3329000 JavaThread "pool-3-thread-1" [_thread_blocked, id=10808, stack(0x0000000285500000,0x0000000285600000)]
  0x00000118d42ce000 JavaThread "RMI Scheduler(0)" daemon [_thread_blocked, id=3548, stack(0x0000000285d00000,0x0000000285e00000)]
  0x00000118d42d3800 JavaThread "RMI GC Daemon" daemon [_thread_blocked, id=1836, stack(0x0000000286400000,0x0000000286500000)]
  0x00000118d42d4800 JavaThread "RMI TCP Accept-0" daemon [_thread_in_native, id=10440, stack(0x0000000286500000,0x0000000286600000)]
  0x00000118d42d2000 JavaThread "RMI Reaper" [_thread_blocked, id=3596, stack(0x0000000286600000,0x0000000286700000)]
  0x00000118d42d6000 JavaThread "RMI TCP Connection(3)-127.0.0.1" daemon [_thread_in_native, id=3096, stack(0x0000000286700000,0x0000000286800000)]
  0x00000118d42cb800 JavaThread "Cache worker for Java compile cache (C:\Users\Dell\.gradle\caches\7.3.3\javaCompile)" [_thread_blocked, id=8012, stack(0x0000000281500000,0x0000000281600000)]
  0x00000118d7d5d000 JavaThread "ForkJoinPool.commonPool-worker-3" daemon [_thread_blocked, id=2932, stack(0x0000000286e00000,0x0000000286f00000)]
  0x00000118d7d58000 JavaThread "ForkJoinPool.commonPool-worker-7" daemon [_thread_blocked, id=2072, stack(0x0000000287000000,0x0000000287100000)]
  0x00000118d3320000 JavaThread "Handler for socket connection from /127.0.0.1:61715 to /127.0.0.1:61767" [_thread_in_native, id=9932, stack(0x0000000281100000,0x0000000281200000)]
  0x00000118d331e800 JavaThread "Cancel handler" [_thread_blocked, id=2032, stack(0x0000000281200000,0x0000000281300000)]
  0x00000118d3321000 JavaThread "Asynchronous log dispatcher for DefaultDaemonConnection: socket connection from /127.0.0.1:61715 to /127.0.0.1:61767" [_thread_blocked, id=11420, stack(0x0000000281400000,0x0000000281500000)]
  0x00000118d3325000 JavaThread "Stdin handler" [_thread_blocked, id=1536, stack(0x0000000281600000,0x0000000281700000)]
  0x00000118d3323800 JavaThread "Daemon client event forwarder" [_thread_blocked, id=10188, stack(0x0000000281c00000,0x0000000281d00000)]
  0x00000118d3322800 JavaThread "Cache worker for file hash cache (C:\Users\Dell\Viwall\.gradle\7.3.3\fileHashes)" [_thread_blocked, id=11064, stack(0x0000000281d00000,0x0000000281e00000)]
  0x00000118d331f800 JavaThread "Cache worker for checksums cache (C:\Users\Dell\Viwall\.gradle\7.3.3\checksums)" [_thread_blocked, id=7460, stack(0x0000000282100000,0x0000000282200000)]
  0x00000118d332a000 JavaThread "Cache worker for cache directory md-supplier (C:\Users\Dell\.gradle\caches\7.3.3\md-supplier)" [_thread_blocked, id=6028, stack(0x0000000282200000,0x0000000282300000)]
  0x00000118d3324000 JavaThread "Cache worker for cache directory md-rule (C:\Users\Dell\.gradle\caches\7.3.3\md-rule)" [_thread_blocked, id=12176, stack(0x0000000282700000,0x0000000282800000)]
  0x00000118d3326000 JavaThread "Cache worker for dependencies-accessors (C:\Users\Dell\Viwall\.gradle\7.3.3\dependencies-accessors)" [_thread_blocked, id=12088, stack(0x0000000282900000,0x0000000282a00000)]
  0x00000118d3326800 JavaThread "Cache worker for Build Output Cleanup Cache (C:\Users\Dell\Viwall\.gradle\buildOutputCleanup)" [_thread_blocked, id=3280, stack(0x0000000282a00000,0x0000000282b00000)]
  0x00000118d332c800 JavaThread "Unconstrained build operations" [_thread_blocked, id=4244, stack(0x0000000282b00000,0x0000000282c00000)]
  0x00000118d332d000 JavaThread "Unconstrained build operations Thread 2" [_thread_blocked, id=8088, stack(0x0000000282c00000,0x0000000282d00000)]
  0x00000118d3327800 JavaThread "Unconstrained build operations Thread 3" [_thread_blocked, id=980, stack(0x0000000282d00000,0x0000000282e00000)]
  0x00000118d332a800 JavaThread "Unconstrained build operations Thread 4" [_thread_blocked, id=11320, stack(0x0000000282e00000,0x0000000282f00000)]
  0x00000118d332b800 JavaThread "Unconstrained build operations Thread 5" [_thread_blocked, id=5628, stack(0x0000000282f00000,0x0000000283000000)]
  0x00000118d7d57000 JavaThread "Unconstrained build operations Thread 6" [_thread_blocked, id=1392, stack(0x0000000283000000,0x0000000283100000)]
  0x00000118d7d5d800 JavaThread "Unconstrained build operations Thread 7" [_thread_blocked, id=8884, stack(0x0000000283100000,0x0000000283200000)]
  0x00000118d7d5e800 JavaThread "Unconstrained build operations Thread 8" [_thread_blocked, id=11620, stack(0x0000000283200000,0x0000000283300000)]
  0x00000118d7d59000 JavaThread "Unconstrained build operations Thread 9" [_thread_blocked, id=2260, stack(0x0000000283300000,0x0000000283400000)]
  0x00000118d7d5f800 JavaThread "Unconstrained build operations Thread 10" [_thread_blocked, id=4636, stack(0x0000000283400000,0x0000000283500000)]
  0x00000118d7d5a800 JavaThread "Unconstrained build operations Thread 11" [_thread_blocked, id=10528, stack(0x0000000283500000,0x0000000283600000)]
  0x00000118d7d60000 JavaThread "Unconstrained build operations Thread 12" [_thread_blocked, id=2980, stack(0x0000000283600000,0x0000000283700000)]
  0x00000118d7d5b800 JavaThread "Unconstrained build operations Thread 13" [_thread_blocked, id=7236, stack(0x0000000283700000,0x0000000283800000)]
  0x00000118d7d63800 JavaThread "Unconstrained build operations Thread 14" [_thread_blocked, id=7324, stack(0x0000000283800000,0x0000000283900000)]
  0x00000118d7d64000 JavaThread "Unconstrained build operations Thread 15" [_thread_blocked, id=8372, stack(0x0000000283900000,0x0000000283a00000)]
  0x00000118d7d66000 JavaThread "Unconstrained build operations Thread 16" [_thread_blocked, id=1212, stack(0x0000000283a00000,0x0000000283b00000)]
  0x00000118d7d61000 JavaThread "Unconstrained build operations Thread 17" [_thread_blocked, id=5952, stack(0x0000000283b00000,0x0000000283c00000)]
  0x00000118d7d65000 JavaThread "Unconstrained build operations Thread 18" [_thread_blocked, id=8060, stack(0x0000000283c00000,0x0000000283d00000)]
  0x00000118d7d62000 JavaThread "Unconstrained build operations Thread 19" [_thread_blocked, id=3604, stack(0x0000000283d00000,0x0000000283e00000)]
  0x00000118d7d62800 JavaThread "Unconstrained build operations Thread 20" [_thread_blocked, id=6112, stack(0x0000000283e00000,0x0000000283f00000)]
  0x00000118d42cc000 JavaThread "Unconstrained build operations Thread 21" [_thread_blocked, id=6816, stack(0x0000000283f00000,0x0000000284000000)]
  0x00000118d42cd000 JavaThread "Unconstrained build operations Thread 22" [_thread_blocked, id=1988, stack(0x0000000284000000,0x0000000284100000)]
  0x00000118d42ce800 JavaThread "Unconstrained build operations Thread 23" [_thread_blocked, id=9504, stack(0x0000000284100000,0x0000000284200000)]
  0x00000118d42c9000 JavaThread "Unconstrained build operations Thread 24" [_thread_blocked, id=2488, stack(0x0000000284200000,0x0000000284300000)]
  0x00000118d42ca800 JavaThread "Unconstrained build operations Thread 25" [_thread_blocked, id=8852, stack(0x0000000284300000,0x0000000284400000)]
  0x00000118d42cf800 JavaThread "Unconstrained build operations Thread 26" [_thread_blocked, id=3896, stack(0x0000000284400000,0x0000000284500000)]
  0x00000118d42c9800 JavaThread "Unconstrained build operations Thread 27" [_thread_blocked, id=5732, stack(0x0000000284500000,0x0000000284600000)]
  0x00000118d42d0800 JavaThread "Unconstrained build operations Thread 28" [_thread_blocked, id=5172, stack(0x0000000284600000,0x0000000284700000)]
  0x00000118d42d5000 JavaThread "Unconstrained build operations Thread 29" [_thread_blocked, id=1488, stack(0x0000000284700000,0x0000000284800000)]
  0x00000118d42d7000 JavaThread "Unconstrained build operations Thread 30" [_thread_blocked, id=6128, stack(0x0000000284800000,0x0000000284900000)]
  0x00000118d42d1000 JavaThread "Unconstrained build operations Thread 31" [_thread_blocked, id=616, stack(0x0000000284900000,0x0000000284a00000)]
  0x00000118d42d7800 JavaThread "Unconstrained build operations Thread 32" [_thread_blocked, id=868, stack(0x0000000284a00000,0x0000000284b00000)]
  0x00000118d58c2000 JavaThread "Unconstrained build operations Thread 33" [_thread_blocked, id=11960, stack(0x0000000284b00000,0x0000000284c00000)]
  0x00000118d58c3000 JavaThread "Unconstrained build operations Thread 34" [_thread_blocked, id=1908, stack(0x0000000284c00000,0x0000000284d00000)]
  0x00000118d58c8800 JavaThread "Unconstrained build operations Thread 35" [_thread_blocked, id=10996, stack(0x0000000284d00000,0x0000000284e00000)]
  0x00000118d58cb800 JavaThread "Unconstrained build operations Thread 36" [_thread_blocked, id=7844, stack(0x0000000284e00000,0x0000000284f00000)]
  0x00000118d58c9800 JavaThread "Unconstrained build operations Thread 37" [_thread_blocked, id=2092, stack(0x0000000284f00000,0x0000000285000000)]
  0x00000118d58cc800 JavaThread "Unconstrained build operations Thread 38" [_thread_blocked, id=32, stack(0x0000000285000000,0x0000000285100000)]
  0x00000118d58c7000 JavaThread "Unconstrained build operations Thread 39" [_thread_blocked, id=4704, stack(0x0000000285300000,0x0000000285400000)]
  0x00000118d58cd800 JavaThread "Unconstrained build operations Thread 40" [_thread_blocked, id=2384, stack(0x0000000285400000,0x0000000285500000)]
  0x00000118d58ce000 JavaThread "build event listener" [_thread_blocked, id=8836, stack(0x0000000285600000,0x0000000285700000)]
  0x00000118d58cb000 JavaThread "build event listener" [_thread_blocked, id=8356, stack(0x0000000285700000,0x0000000285800000)]
  0x00000118d2e82800 JavaThread "pool-8-thread-1" [_thread_blocked, id=3776, stack(0x0000000285800000,0x0000000285900000)]
  0x00000118d2e7e000 JavaThread "build event listener" [_thread_blocked, id=11668, stack(0x0000000285900000,0x0000000285a00000)]
  0x00000118d2e84800 JavaThread "Execution worker for ':'" [_thread_blocked, id=1320, stack(0x0000000285a00000,0x0000000285b00000)]
  0x00000118d2e83000 JavaThread "Execution worker for ':' Thread 2" [_thread_blocked, id=2296, stack(0x0000000285e00000,0x0000000285f00000)]
  0x00000118d2f31000 JavaThread "Execution worker for ':' Thread 3" [_thread_blocked, id=1028, stack(0x0000000285f00000,0x0000000286000000)]
  0x00000118d2f31800 JavaThread "Cache worker for execution history cache (C:\Users\Dell\Viwall\.gradle\7.3.3\executionHistory)" [_thread_blocked, id=2584, stack(0x0000000286000000,0x0000000286100000)]
  0x00000118db96e800 JavaThread "WorkerExecutor Queue Thread 2" [_thread_blocked, id=11680, stack(0x0000000286200000,0x0000000286300000)]
  0x00000118db970000 JavaThread "WorkerExecutor Queue Thread 3" [_thread_blocked, id=9516, stack(0x0000000286300000,0x0000000286400000)]
  0x00000118db971000 JavaThread "pool-9-thread-1" [_thread_blocked, id=8860, stack(0x0000000286800000,0x0000000286900000)]
  0x00000118db96b000 JavaThread "stderr" [_thread_in_native, id=8668, stack(0x0000000286900000,0x0000000286a00000)]
  0x00000118db96f800 JavaThread "stdout" [_thread_in_native, id=3160, stack(0x0000000286a00000,0x0000000286b00000)]
  0x00000118db96c000 JavaThread "Build operations" [_thread_blocked, id=8424, stack(0x0000000285b00000,0x0000000285c00000)]
  0x00000118db972800 JavaThread "Build operations Thread 2" [_thread_blocked, id=8148, stack(0x0000000286100000,0x0000000286200000)]
  0x00000118db96d000 JavaThread "Build operations Thread 3" [_thread_blocked, id=6680, stack(0x0000000286b00000,0x0000000286c00000)]
  0x00000118db973800 JavaThread "Build operations Thread 4" [_thread_blocked, id=7028, stack(0x0000000286c00000,0x0000000286d00000)]
  0x00000118db971800 JavaThread "WorkerExecutor Queue Thread 4" [_thread_blocked, id=1220, stack(0x0000000282000000,0x0000000282100000)]
  0x00000118db96d800 JavaThread "WorkerExecutor Queue Thread 5" [_thread_blocked, id=4100, stack(0x0000000286d00000,0x0000000286e00000)]

Other Threads:
=>0x00000118cfe2b000 VMThread "VM Thread" [stack: 0x0000000280100000,0x0000000280200000] [id=8716]
  0x00000118d092d800 WatcherThread [stack: 0x0000000280b00000,0x0000000280c00000] [id=11820]
  0x00000118b41dc000 GCTaskThread "GC Thread#0" [stack: 0x00000002ffc00000,0x00000002ffd00000] [id=1256]
  0x00000118d0b3d800 GCTaskThread "GC Thread#1" [stack: 0x0000000280d00000,0x0000000280e00000] [id=4364]
  0x00000118d205f000 GCTaskThread "GC Thread#2" [stack: 0x0000000281700000,0x0000000281800000] [id=10988]
  0x00000118d22ef000 GCTaskThread "GC Thread#3" [stack: 0x0000000281800000,0x0000000281900000] [id=2292]
  0x00000118b62b7800 ConcurrentGCThread "G1 Main Marker" [stack: 0x00000002ffd00000,0x00000002ffe00000] [id=6532]
  0x00000118b62b9800 ConcurrentGCThread "G1 Conc#0" [stack: 0x00000002ffe00000,0x00000002fff00000] [id=5104]
  0x00000118b6317000 ConcurrentGCThread "G1 Refine#0" [stack: 0x00000002fff00000,0x0000000300000000] [id=6980]
  0x00000118b631a000 ConcurrentGCThread "G1 Young RemSet Sampling" [stack: 0x0000000280000000,0x0000000280100000] [id=2020]

Threads with active compile tasks:
C2 CompilerThread0 158013 21052       4       com.android.tools.r8.internal.aA::a (290 bytes)

VM state:at safepoint (normal execution)

VM Mutex/Monitor currently owned by a thread:  ([mutex/lock_event])
[0x00000118b626e4e0] Threads_lock - owner thread: 0x00000118cfe2b000
[0x00000118b626e570] Heap_lock - owner thread: 0x00000118db96e800

Heap address: 0x0000000080000000, size: 2048 MB, Compressed Oops mode: 32-bit
Narrow klass base: 0x0000000000000000, Narrow klass shift: 3
Compressed class space size: 1073741824 Address: 0x0000000100000000

Heap:
 garbage-first heap   total 558080K, used 254464K [0x0000000080000000, 0x0000000100000000)
  region size 1024K, 6 young (6144K), 6 survivors (6144K)
 Metaspace       used 127882K, capacity 131389K, committed 131712K, reserved 1163264K
  class space    used 16062K, capacity 17440K, committed 17536K, reserved 1048576K
Heap Regions: E=young(eden), S=young(survivor), O=old, HS=humongous(starts), HC=humongous(continues), CS=collection set, F=free, A=archive, TAMS=top-at-mark-start (previous, next)
|   0|0x0000000080000000, 0x0000000080100000, 0x0000000080100000|100%| O|  |TAMS 0x0000000080100000, 0x0000000080100000| Untracked 
|   1|0x0000000080100000, 0x0000000080200000, 0x0000000080200000|100%| O|  |TAMS 0x0000000080200000, 0x0000000080200000| Untracked 
|   2|0x0000000080200000, 0x0000000080300000, 0x0000000080300000|100%| O|  |TAMS 0x0000000080300000, 0x0000000080300000| Untracked 
|   3|0x0000000080300000, 0x0000000080400000, 0x0000000080400000|100%|HS|  |TAMS 0x0000000080400000, 0x0000000080400000| Complete 
|   4|0x0000000080400000, 0x0000000080500000, 0x0000000080500000|100%|HC|  |TAMS 0x0000000080500000, 0x0000000080500000| Complete 
|   5|0x0000000080500000, 0x0000000080600000, 0x0000000080600000|100%|HC|  |TAMS 0x0000000080600000, 0x0000000080600000| Complete 
|   6|0x0000000080600000, 0x0000000080700000, 0x0000000080700000|100%| O|  |TAMS 0x0000000080700000, 0x0000000080700000| Untracked 
|   7|0x0000000080700000, 0x0000000080800000, 0x0000000080800000|100%| O|  |TAMS 0x0000000080800000, 0x0000000080800000| Untracked 
|   8|0x0000000080800000, 0x0000000080900000, 0x0000000080900000|100%| O|  |TAMS 0x0000000080900000, 0x0000000080900000| Untracked 
|   9|0x0000000080900000, 0x0000000080a00000, 0x0000000080a00000|100%| O|  |TAMS 0x0000000080a00000, 0x0000000080a00000| Untracked 
|  10|0x0000000080a00000, 0x0000000080b00000, 0x0000000080b00000|100%| O|  |TAMS 0x0000000080b00000, 0x0000000080b00000| Untracked 
|  11|0x0000000080b00000, 0x0000000080c00000, 0x0000000080c00000|100%| O|  |TAMS 0x0000000080c00000, 0x0000000080c00000| Untracked 
|  12|0x0000000080c00000, 0x0000000080d00000, 0x0000000080d00000|100%| O|  |TAMS 0x0000000080d00000, 0x0000000080d00000| Untracked 
|  13|0x0000000080d00000, 0x0000000080e00000, 0x0000000080e00000|100%| O|  |TAMS 0x0000000080e00000, 0x0000000080e00000| Untracked 
|  14|0x0000000080e00000, 0x0000000080f00000, 0x0000000080f00000|100%| O|  |TAMS 0x0000000080f00000, 0x0000000080f00000| Untracked 
|  15|0x0000000080f00000, 0x0000000081000000, 0x0000000081000000|100%| O|  |TAMS 0x0000000081000000, 0x0000000081000000| Untracked 
|  16|0x0000000081000000, 0x0000000081100000, 0x0000000081100000|100%| O|  |TAMS 0x0000000081100000, 0x0000000081100000| Untracked 
|  17|0x0000000081100000, 0x0000000081200000, 0x0000000081200000|100%| O|  |TAMS 0x0000000081200000, 0x0000000081200000| Untracked 
|  18|0x0000000081200000, 0x0000000081300000, 0x0000000081300000|100%| O|  |TAMS 0x0000000081300000, 0x0000000081300000| Untracked 
|  19|0x0000000081300000, 0x0000000081400000, 0x0000000081400000|100%| O|  |TAMS 0x0000000081400000, 0x0000000081400000| Untracked 
|  20|0x0000000081400000, 0x0000000081500000, 0x0000000081500000|100%| O|  |TAMS 0x0000000081500000, 0x0000000081500000| Untracked 
|  21|0x0000000081500000, 0x0000000081600000, 0x0000000081600000|100%| O|  |TAMS 0x0000000081600000, 0x0000000081600000| Untracked 
|  22|0x0000000081600000, 0x0000000081700000, 0x0000000081700000|100%| O|  |TAMS 0x0000000081700000, 0x0000000081700000| Untracked 
|  23|0x0000000081700000, 0x0000000081800000, 0x0000000081800000|100%| O|  |TAMS 0x0000000081800000, 0x0000000081800000| Untracked 
|  24|0x0000000081800000, 0x0000000081900000, 0x0000000081900000|100%| O|  |TAMS 0x0000000081900000, 0x0000000081900000| Untracked 
|  25|0x0000000081900000, 0x0000000081a00000, 0x0000000081a00000|100%| O|  |TAMS 0x0000000081a00000, 0x0000000081a00000| Untracked 
|  26|0x0000000081a00000, 0x0000000081b00000, 0x0000000081b00000|100%| O|  |TAMS 0x0000000081b00000, 0x0000000081b00000| Untracked 
|  27|0x0000000081b00000, 0x0000000081c00000, 0x0000000081c00000|100%| O|  |TAMS 0x0000000081c00000, 0x0000000081c00000| Untracked 
|  28|0x0000000081c00000, 0x0000000081d00000, 0x0000000081d00000|100%|HS|  |TAMS 0x0000000081d00000, 0x0000000081d00000| Complete 
|  29|0x0000000081d00000, 0x0000000081e00000, 0x0000000081e00000|100%|HS|  |TAMS 0x0000000081e00000, 0x0000000081e00000| Complete 
|  30|0x0000000081e00000, 0x0000000081f00000, 0x0000000081f00000|100%|HS|  |TAMS 0x0000000081f00000, 0x0000000081f00000| Complete 
|  31|0x0000000081f00000, 0x0000000082000000, 0x0000000082000000|100%|HS|  |TAMS 0x0000000082000000, 0x0000000082000000| Complete 
|  32|0x0000000082000000, 0x0000000082100000, 0x0000000082100000|100%|HC|  |TAMS 0x0000000082100000, 0x0000000082100000| Complete 
|  33|0x0000000082100000, 0x0000000082200000, 0x0000000082200000|100%|HC|  |TAMS 0x0000000082200000, 0x0000000082200000| Complete 
|  34|0x0000000082200000, 0x0000000082300000, 0x0000000082300000|100%|HS|  |TAMS 0x0000000082300000, 0x0000000082300000| Complete 
|  35|0x0000000082300000, 0x0000000082400000, 0x0000000082400000|100%|HC|  |TAMS 0x0000000082400000, 0x0000000082400000| Complete 
|  36|0x0000000082400000, 0x0000000082500000, 0x0000000082500000|100%| O|  |TAMS 0x0000000082500000, 0x0000000082500000| Untracked 
|  37|0x0000000082500000, 0x0000000082600000, 0x0000000082600000|100%| O|  |TAMS 0x0000000082600000, 0x0000000082600000| Untracked 
|  38|0x0000000082600000, 0x0000000082700000, 0x0000000082700000|100%| O|  |TAMS 0x0000000082700000, 0x0000000082700000| Untracked 
|  39|0x0000000082700000, 0x0000000082800000, 0x0000000082800000|100%| O|  |TAMS 0x0000000082800000, 0x0000000082800000| Untracked 
|  40|0x0000000082800000, 0x0000000082900000, 0x0000000082900000|100%| O|  |TAMS 0x0000000082900000, 0x0000000082900000| Untracked 
|  41|0x0000000082900000, 0x0000000082a00000, 0x0000000082a00000|100%| O|  |TAMS 0x0000000082a00000, 0x0000000082a00000| Untracked 
|  42|0x0000000082a00000, 0x0000000082b00000, 0x0000000082b00000|100%| O|  |TAMS 0x0000000082b00000, 0x0000000082b00000| Untracked 
|  43|0x0000000082b00000, 0x0000000082c00000, 0x0000000082c00000|100%| O|  |TAMS 0x0000000082c00000, 0x0000000082c00000| Untracked 
|  44|0x0000000082c00000, 0x0000000082d00000, 0x0000000082d00000|100%| O|  |TAMS 0x0000000082d00000, 0x0000000082d00000| Untracked 
|  45|0x0000000082d00000, 0x0000000082e00000, 0x0000000082e00000|100%| O|  |TAMS 0x0000000082e00000, 0x0000000082e00000| Untracked 
|  46|0x0000000082e00000, 0x0000000082f00000, 0x0000000082f00000|100%| O|  |TAMS 0x0000000082f00000, 0x0000000082f00000| Untracked 
|  47|0x0000000082f00000, 0x0000000083000000, 0x0000000083000000|100%| O|  |TAMS 0x0000000083000000, 0x0000000083000000| Untracked 
|  48|0x0000000083000000, 0x0000000083100000, 0x0000000083100000|100%| O|  |TAMS 0x0000000083100000, 0x0000000083100000| Untracked 
|  49|0x0000000083100000, 0x0000000083200000, 0x0000000083200000|100%| O|  |TAMS 0x0000000083200000, 0x0000000083200000| Untracked 
|  50|0x0000000083200000, 0x0000000083300000, 0x0000000083300000|100%| O|  |TAMS 0x0000000083300000, 0x0000000083300000| Untracked 
|  51|0x0000000083300000, 0x0000000083400000, 0x0000000083400000|100%| O|  |TAMS 0x0000000083400000, 0x0000000083400000| Untracked 
|  52|0x0000000083400000, 0x0000000083500000, 0x0000000083500000|100%| O|  |TAMS 0x0000000083500000, 0x0000000083500000| Untracked 
|  53|0x0000000083500000, 0x0000000083600000, 0x0000000083600000|100%| O|  |TAMS 0x0000000083600000, 0x0000000083600000| Untracked 
|  54|0x0000000083600000, 0x0000000083700000, 0x0000000083700000|100%| O|  |TAMS 0x0000000083700000, 0x0000000083700000| Untracked 
|  55|0x0000000083700000, 0x0000000083800000, 0x0000000083800000|100%| O|  |TAMS 0x0000000083800000, 0x0000000083800000| Untracked 
|  56|0x0000000083800000, 0x0000000083900000, 0x0000000083900000|100%| O|  |TAMS 0x0000000083900000, 0x0000000083900000| Untracked 
|  57|0x0000000083900000, 0x0000000083a00000, 0x0000000083a00000|100%| O|  |TAMS 0x0000000083a00000, 0x0000000083a00000| Untracked 
|  58|0x0000000083a00000, 0x0000000083b00000, 0x0000000083b00000|100%| O|  |TAMS 0x0000000083b00000, 0x0000000083b00000| Untracked 
|  59|0x0000000083b00000, 0x0000000083c00000, 0x0000000083c00000|100%| O|  |TAMS 0x0000000083c00000, 0x0000000083c00000| Untracked 
|  60|0x0000000083c00000, 0x0000000083d00000, 0x0000000083d00000|100%| O|  |TAMS 0x0000000083d00000, 0x0000000083d00000| Untracked 
|  61|0x0000000083d00000, 0x0000000083e00000, 0x0000000083e00000|100%| O|  |TAMS 0x0000000083e00000, 0x0000000083e00000| Untracked 
|  62|0x0000000083e00000, 0x0000000083f00000, 0x0000000083f00000|100%| O|  |TAMS 0x0000000083f00000, 0x0000000083f00000| Untracked 
|  63|0x0000000083f00000, 0x0000000084000000, 0x0000000084000000|100%| O|  |TAMS 0x0000000084000000, 0x0000000084000000| Untracked 
|  64|0x0000000084000000, 0x0000000084100000, 0x0000000084100000|100%| O|  |TAMS 0x0000000084100000, 0x0000000084100000| Untracked 
|  65|0x0000000084100000, 0x0000000084200000, 0x0000000084200000|100%| O|  |TAMS 0x0000000084200000, 0x0000000084200000| Untracked 
|  66|0x0000000084200000, 0x0000000084300000, 0x0000000084300000|100%| O|  |TAMS 0x0000000084300000, 0x0000000084300000| Untracked 
|  67|0x0000000084300000, 0x0000000084400000, 0x0000000084400000|100%| O|  |TAMS 0x0000000084400000, 0x0000000084400000| Untracked 
|  68|0x0000000084400000, 0x0000000084500000, 0x0000000084500000|100%| O|  |TAMS 0x0000000084500000, 0x0000000084500000| Untracked 
|  69|0x0000000084500000, 0x0000000084600000, 0x0000000084600000|100%| O|  |TAMS 0x0000000084600000, 0x0000000084600000| Untracked 
|  70|0x0000000084600000, 0x0000000084700000, 0x0000000084700000|100%| O|  |TAMS 0x0000000084700000, 0x0000000084700000| Untracked 
|  71|0x0000000084700000, 0x0000000084800000, 0x0000000084800000|100%| O|  |TAMS 0x0000000084800000, 0x0000000084800000| Untracked 
|  72|0x0000000084800000, 0x0000000084900000, 0x0000000084900000|100%| O|  |TAMS 0x0000000084900000, 0x0000000084900000| Untracked 
|  73|0x0000000084900000, 0x0000000084a00000, 0x0000000084a00000|100%| O|  |TAMS 0x0000000084a00000, 0x0000000084a00000| Untracked 
|  74|0x0000000084a00000, 0x0000000084b00000, 0x0000000084b00000|100%| O|  |TAMS 0x0000000084b00000, 0x0000000084b00000| Untracked 
|  75|0x0000000084b00000, 0x0000000084c00000, 0x0000000084c00000|100%| O|  |TAMS 0x0000000084c00000, 0x0000000084c00000| Untracked 
|  76|0x0000000084c00000, 0x0000000084d00000, 0x0000000084d00000|100%| O|  |TAMS 0x0000000084d00000, 0x0000000084d00000| Untracked 
|  77|0x0000000084d00000, 0x0000000084e00000, 0x0000000084e00000|100%| O|  |TAMS 0x0000000084e00000, 0x0000000084e00000| Untracked 
|  78|0x0000000084e00000, 0x0000000084f00000, 0x0000000084f00000|100%| O|  |TAMS 0x0000000084f00000, 0x0000000084f00000| Untracked 
|  79|0x0000000084f00000, 0x0000000085000000, 0x0000000085000000|100%| O|  |TAMS 0x0000000084f8e400, 0x0000000085000000| Untracked 
|  80|0x0000000085000000, 0x0000000085100000, 0x0000000085100000|100%| O|  |TAMS 0x0000000085100000, 0x0000000085100000| Untracked 
|  81|0x0000000085100000, 0x0000000085200000, 0x0000000085200000|100%| O|  |TAMS 0x0000000085200000, 0x0000000085200000| Untracked 
|  82|0x0000000085200000, 0x0000000085300000, 0x0000000085300000|100%| O|  |TAMS 0x0000000085300000, 0x0000000085300000| Untracked 
|  83|0x0000000085300000, 0x0000000085400000, 0x0000000085400000|100%| O|  |TAMS 0x0000000085300000, 0x0000000085400000| Untracked 
|  84|0x0000000085400000, 0x0000000085500000, 0x0000000085500000|100%| O|  |TAMS 0x0000000085500000, 0x0000000085500000| Untracked 
|  85|0x0000000085500000, 0x0000000085600000, 0x0000000085600000|100%| O|  |TAMS 0x0000000085600000, 0x0000000085600000| Untracked 
|  86|0x0000000085600000, 0x0000000085700000, 0x0000000085700000|100%| O|  |TAMS 0x0000000085700000, 0x0000000085700000| Untracked 
|  87|0x0000000085700000, 0x0000000085800000, 0x0000000085800000|100%| O|  |TAMS 0x0000000085800000, 0x0000000085800000| Untracked 
|  88|0x0000000085800000, 0x0000000085900000, 0x0000000085900000|100%| O|  |TAMS 0x0000000085900000, 0x0000000085900000| Untracked 
|  89|0x0000000085900000, 0x0000000085a00000, 0x0000000085a00000|100%| O|  |TAMS 0x0000000085a00000, 0x0000000085a00000| Untracked 
|  90|0x0000000085a00000, 0x0000000085b00000, 0x0000000085b00000|100%| O|  |TAMS 0x0000000085b00000, 0x0000000085b00000| Untracked 
|  91|0x0000000085b00000, 0x0000000085c00000, 0x0000000085c00000|100%| O|  |TAMS 0x0000000085c00000, 0x0000000085c00000| Untracked 
|  92|0x0000000085c00000, 0x0000000085d00000, 0x0000000085d00000|100%| O|  |TAMS 0x0000000085c00000, 0x0000000085d00000| Untracked 
|  93|0x0000000085d00000, 0x0000000085e00000, 0x0000000085e00000|100%| O|  |TAMS 0x0000000085e00000, 0x0000000085e00000| Untracked 
|  94|0x0000000085e00000, 0x0000000085f00000, 0x0000000085f00000|100%| O|  |TAMS 0x0000000085e00000, 0x0000000085f00000| Untracked 
|  95|0x0000000085f00000, 0x0000000086000000, 0x0000000086000000|100%| O|  |TAMS 0x0000000086000000, 0x0000000086000000| Untracked 
|  96|0x0000000086000000, 0x0000000086100000, 0x0000000086100000|100%| O|  |TAMS 0x0000000086100000, 0x0000000086100000| Untracked 
|  97|0x0000000086100000, 0x0000000086200000, 0x0000000086200000|100%| O|  |TAMS 0x0000000086100000, 0x0000000086200000| Untracked 
|  98|0x0000000086200000, 0x0000000086300000, 0x0000000086300000|100%| O|  |TAMS 0x0000000086300000, 0x0000000086300000| Untracked 
|  99|0x0000000086300000, 0x0000000086400000, 0x0000000086400000|100%| O|  |TAMS 0x0000000086400000, 0x0000000086400000| Untracked 
| 100|0x0000000086400000, 0x0000000086500000, 0x0000000086500000|100%| O|  |TAMS 0x0000000086500000, 0x0000000086500000| Untracked 
| 101|0x0000000086500000, 0x0000000086600000, 0x0000000086600000|100%|HS|  |TAMS 0x0000000086500000, 0x0000000086600000| Complete 
| 102|0x0000000086600000, 0x0000000086700000, 0x0000000086700000|100%|HC|  |TAMS 0x0000000086600000, 0x0000000086700000| Complete 
| 103|0x0000000086700000, 0x0000000086800000, 0x0000000086800000|100%| O|  |TAMS 0x0000000086800000, 0x0000000086800000| Untracked 
| 104|0x0000000086800000, 0x0000000086900000, 0x0000000086900000|100%| O|  |TAMS 0x0000000086900000, 0x0000000086900000| Untracked 
| 105|0x0000000086900000, 0x0000000086a00000, 0x0000000086a00000|100%| O|  |TAMS 0x0000000086a00000, 0x0000000086a00000| Untracked 
| 106|0x0000000086a00000, 0x0000000086b00000, 0x0000000086b00000|100%| O|  |TAMS 0x0000000086b00000, 0x0000000086b00000| Untracked 
| 107|0x0000000086b00000, 0x0000000086c00000, 0x0000000086c00000|100%| O|  |TAMS 0x0000000086c00000, 0x0000000086c00000| Untracked 
| 108|0x0000000086c00000, 0x0000000086d00000, 0x0000000086d00000|100%| O|  |TAMS 0x0000000086c00000, 0x0000000086d00000| Untracked 
| 109|0x0000000086d00000, 0x0000000086e00000, 0x0000000086e00000|100%| O|  |TAMS 0x0000000086e00000, 0x0000000086e00000| Untracked 
| 110|0x0000000086e00000, 0x0000000086f00000, 0x0000000086f00000|100%| O|  |TAMS 0x0000000086f00000, 0x0000000086f00000| Untracked 
| 111|0x0000000086f00000, 0x0000000087000000, 0x0000000087000000|100%| O|  |TAMS 0x0000000087000000, 0x0000000087000000| Untracked 
| 112|0x0000000087000000, 0x0000000087100000, 0x0000000087100000|100%| O|  |TAMS 0x0000000087100000, 0x0000000087100000| Untracked 
| 113|0x0000000087100000, 0x0000000087200000, 0x0000000087200000|100%| O|  |TAMS 0x0000000087200000, 0x0000000087200000| Untracked 
| 114|0x0000000087200000, 0x0000000087300000, 0x0000000087300000|100%| O|  |TAMS 0x0000000087200000, 0x0000000087300000| Untracked 
| 115|0x0000000087300000, 0x0000000087400000, 0x0000000087400000|100%| O|  |TAMS 0x0000000087400000, 0x0000000087400000| Untracked 
| 116|0x0000000087400000, 0x0000000087500000, 0x0000000087500000|100%| O|  |TAMS 0x0000000087500000, 0x0000000087500000| Untracked 
| 117|0x0000000087500000, 0x0000000087600000, 0x0000000087600000|100%| O|  |TAMS 0x0000000087600000, 0x0000000087600000| Untracked 
| 118|0x0000000087600000, 0x0000000087700000, 0x0000000087700000|100%| O|  |TAMS 0x0000000087600000, 0x0000000087700000| Untracked 
| 119|0x0000000087700000, 0x0000000087800000, 0x0000000087800000|100%| O|  |TAMS 0x0000000087800000, 0x0000000087800000| Untracked 
| 120|0x0000000087800000, 0x0000000087900000, 0x0000000087900000|100%| O|  |TAMS 0x0000000087900000, 0x0000000087900000| Untracked 
| 121|0x0000000087900000, 0x0000000087a00000, 0x0000000087a00000|100%| O|  |TAMS 0x0000000087a00000, 0x0000000087a00000| Untracked 
| 122|0x0000000087a00000, 0x0000000087b00000, 0x0000000087b00000|100%| O|  |TAMS 0x0000000087b00000, 0x0000000087b00000| Untracked 
| 123|0x0000000087b00000, 0x0000000087c00000, 0x0000000087c00000|100%| O|  |TAMS 0x0000000087c00000, 0x0000000087c00000| Untracked 
| 124|0x0000000087c00000, 0x0000000087d00000, 0x0000000087d00000|100%| O|  |TAMS 0x0000000087d00000, 0x0000000087d00000| Untracked 
| 125|0x0000000087d00000, 0x0000000087e00000, 0x0000000087e00000|100%| O|  |TAMS 0x0000000087e00000, 0x0000000087e00000| Untracked 
| 126|0x0000000087e00000, 0x0000000087f00000, 0x0000000087f00000|100%| O|  |TAMS 0x0000000087f00000, 0x0000000087f00000| Untracked 
| 127|0x0000000087f00000, 0x0000000088000000, 0x0000000088000000|100%| O|  |TAMS 0x0000000088000000, 0x0000000088000000| Untracked 
| 128|0x0000000088000000, 0x0000000088100000, 0x0000000088100000|100%| O|  |TAMS 0x0000000088000000, 0x0000000088100000| Untracked 
| 129|0x0000000088100000, 0x0000000088200000, 0x0000000088200000|100%| O|  |TAMS 0x0000000088100000, 0x0000000088200000| Untracked 
| 130|0x0000000088200000, 0x0000000088300000, 0x0000000088300000|100%| O|  |TAMS 0x0000000088200000, 0x0000000088300000| Untracked 
| 131|0x0000000088300000, 0x0000000088400000, 0x0000000088400000|100%| O|  |TAMS 0x0000000088300000, 0x0000000088400000| Untracked 
| 132|0x0000000088400000, 0x0000000088500000, 0x0000000088500000|100%| O|  |TAMS 0x0000000088400000, 0x0000000088500000| Untracked 
| 133|0x0000000088500000, 0x0000000088600000, 0x0000000088600000|100%| O|  |TAMS 0x0000000088500000, 0x0000000088600000| Untracked 
| 134|0x0000000088600000, 0x0000000088700000, 0x0000000088700000|100%| O|  |TAMS 0x0000000088600000, 0x0000000088700000| Untracked 
| 135|0x0000000088700000, 0x0000000088800000, 0x0000000088800000|100%| O|  |TAMS 0x0000000088700000, 0x0000000088800000| Untracked 
| 136|0x0000000088800000, 0x0000000088900000, 0x0000000088900000|100%| O|  |TAMS 0x0000000088800000, 0x0000000088900000| Untracked 
| 137|0x0000000088900000, 0x0000000088a00000, 0x0000000088a00000|100%| O|  |TAMS 0x0000000088900000, 0x0000000088a00000| Untracked 
| 138|0x0000000088a00000, 0x0000000088b00000, 0x0000000088b00000|100%| O|  |TAMS 0x0000000088a00000, 0x0000000088b00000| Untracked 
| 139|0x0000000088b00000, 0x0000000088c00000, 0x0000000088c00000|100%| O|  |TAMS 0x0000000088b00000, 0x0000000088c00000| Untracked 
| 140|0x0000000088c00000, 0x0000000088d00000, 0x0000000088d00000|100%| O|  |TAMS 0x0000000088c00000, 0x0000000088d00000| Untracked 
| 141|0x0000000088d00000, 0x0000000088e00000, 0x0000000088e00000|100%| O|  |TAMS 0x0000000088d00000, 0x0000000088e00000| Untracked 
| 142|0x0000000088e00000, 0x0000000088f00000, 0x0000000088f00000|100%| O|  |TAMS 0x0000000088e00000, 0x0000000088f00000| Untracked 
| 143|0x0000000088f00000, 0x0000000089000000, 0x0000000089000000|100%| O|  |TAMS 0x0000000088f00000, 0x0000000089000000| Untracked 
| 144|0x0000000089000000, 0x0000000089100000, 0x0000000089100000|100%| O|  |TAMS 0x0000000089000000, 0x0000000089100000| Untracked 
| 145|0x0000000089100000, 0x0000000089200000, 0x0000000089200000|100%| O|  |TAMS 0x0000000089100000, 0x0000000089200000| Untracked 
| 146|0x0000000089200000, 0x0000000089300000, 0x0000000089300000|100%| O|  |TAMS 0x0000000089200000, 0x0000000089300000| Untracked 
| 147|0x0000000089300000, 0x0000000089400000, 0x0000000089400000|100%| O|  |TAMS 0x0000000089300000, 0x0000000089400000| Untracked 
| 148|0x0000000089400000, 0x0000000089500000, 0x0000000089500000|100%| O|  |TAMS 0x0000000089400000, 0x0000000089500000| Untracked 
| 149|0x0000000089500000, 0x0000000089600000, 0x0000000089600000|100%| O|  |TAMS 0x0000000089500000, 0x0000000089600000| Untracked 
| 150|0x0000000089600000, 0x0000000089700000, 0x0000000089700000|100%| O|  |TAMS 0x0000000089600000, 0x0000000089700000| Untracked 
| 151|0x0000000089700000, 0x0000000089800000, 0x0000000089800000|100%| O|  |TAMS 0x0000000089700000, 0x0000000089800000| Untracked 
| 152|0x0000000089800000, 0x0000000089900000, 0x0000000089900000|100%| O|  |TAMS 0x0000000089800000, 0x0000000089900000| Untracked 
| 153|0x0000000089900000, 0x0000000089a00000, 0x0000000089a00000|100%| O|  |TAMS 0x0000000089900000, 0x0000000089a00000| Untracked 
| 154|0x0000000089a00000, 0x0000000089b00000, 0x0000000089b00000|100%| O|  |TAMS 0x0000000089a00000, 0x0000000089b00000| Untracked 
| 155|0x0000000089b00000, 0x0000000089c00000, 0x0000000089c00000|100%| O|  |TAMS 0x0000000089b00000, 0x0000000089c00000| Untracked 
| 156|0x0000000089c00000, 0x0000000089d00000, 0x0000000089d00000|100%| O|  |TAMS 0x0000000089c00000, 0x0000000089d00000| Untracked 
| 157|0x0000000089d00000, 0x0000000089e00000, 0x0000000089e00000|100%| O|  |TAMS 0x0000000089d00000, 0x0000000089e00000| Untracked 
| 158|0x0000000089e00000, 0x0000000089f00000, 0x0000000089f00000|100%| O|  |TAMS 0x0000000089e00000, 0x0000000089f00000| Untracked 
| 159|0x0000000089f00000, 0x000000008a000000, 0x000000008a000000|100%| O|  |TAMS 0x0000000089f00000, 0x000000008a000000| Untracked 
| 160|0x000000008a000000, 0x000000008a100000, 0x000000008a100000|100%| O|  |TAMS 0x000000008a000000, 0x000000008a100000| Untracked 
| 161|0x000000008a100000, 0x000000008a200000, 0x000000008a200000|100%|HS|  |TAMS 0x000000008a100000, 0x000000008a200000| Complete 
| 162|0x000000008a200000, 0x000000008a300000, 0x000000008a300000|100%|HC|  |TAMS 0x000000008a200000, 0x000000008a300000| Complete 
| 163|0x000000008a300000, 0x000000008a400000, 0x000000008a400000|100%|HS|  |TAMS 0x000000008a300000, 0x000000008a400000| Complete 
| 164|0x000000008a400000, 0x000000008a500000, 0x000000008a500000|100%|HS|  |TAMS 0x000000008a400000, 0x000000008a500000| Complete 
| 165|0x000000008a500000, 0x000000008a600000, 0x000000008a600000|100%|HS|  |TAMS 0x000000008a500000, 0x000000008a600000| Complete 
| 166|0x000000008a600000, 0x000000008a700000, 0x000000008a700000|100%|HC|  |TAMS 0x000000008a600000, 0x000000008a700000| Complete 
| 167|0x000000008a700000, 0x000000008a800000, 0x000000008a800000|100%|HS|  |TAMS 0x000000008a700000, 0x000000008a800000| Complete 
| 168|0x000000008a800000, 0x000000008a900000, 0x000000008a900000|100%|HS|  |TAMS 0x000000008a800000, 0x000000008a900000| Complete 
| 169|0x000000008a900000, 0x000000008aa00000, 0x000000008aa00000|100%|HS|  |TAMS 0x000000008a900000, 0x000000008aa00000| Complete 
| 170|0x000000008aa00000, 0x000000008ab00000, 0x000000008ab00000|100%|HC|  |TAMS 0x000000008aa00000, 0x000000008ab00000| Complete 
| 171|0x000000008ab00000, 0x000000008ac00000, 0x000000008ac00000|100%|HC|  |TAMS 0x000000008ab00000, 0x000000008ac00000| Complete 
| 172|0x000000008ac00000, 0x000000008ad00000, 0x000000008ad00000|100%|HS|  |TAMS 0x000000008ac00000, 0x000000008ad00000| Complete 
| 173|0x000000008ad00000, 0x000000008ae00000, 0x000000008ae00000|100%|HC|  |TAMS 0x000000008ad00000, 0x000000008ae00000| Complete 
| 174|0x000000008ae00000, 0x000000008af00000, 0x000000008af00000|100%|HS|  |TAMS 0x000000008ae00000, 0x000000008af00000| Complete 
| 175|0x000000008af00000, 0x000000008b000000, 0x000000008b000000|100%|HC|  |TAMS 0x000000008af00000, 0x000000008b000000| Complete 
| 176|0x000000008b000000, 0x000000008b100000, 0x000000008b100000|100%|HC|  |TAMS 0x000000008b000000, 0x000000008b100000| Complete 
| 177|0x000000008b100000, 0x000000008b200000, 0x000000008b200000|100%|HS|  |TAMS 0x000000008b100000, 0x000000008b200000| Complete 
| 178|0x000000008b200000, 0x000000008b300000, 0x000000008b300000|100%|HC|  |TAMS 0x000000008b200000, 0x000000008b300000| Complete 
| 179|0x000000008b300000, 0x000000008b400000, 0x000000008b400000|100%|HS|  |TAMS 0x000000008b300000, 0x000000008b400000| Complete 
| 180|0x000000008b400000, 0x000000008b500000, 0x000000008b500000|100%|HC|  |TAMS 0x000000008b400000, 0x000000008b500000| Complete 
| 181|0x000000008b500000, 0x000000008b600000, 0x000000008b600000|100%| O|  |TAMS 0x000000008b500000, 0x000000008b600000| Untracked 
| 182|0x000000008b600000, 0x000000008b700000, 0x000000008b700000|100%|HS|  |TAMS 0x000000008b600000, 0x000000008b700000| Complete 
| 183|0x000000008b700000, 0x000000008b800000, 0x000000008b800000|100%|HC|  |TAMS 0x000000008b700000, 0x000000008b800000| Complete 
| 184|0x000000008b800000, 0x000000008b900000, 0x000000008b900000|100%|HS|  |TAMS 0x000000008b800000, 0x000000008b900000| Complete 
| 185|0x000000008b900000, 0x000000008ba00000, 0x000000008ba00000|100%|HC|  |TAMS 0x000000008b900000, 0x000000008ba00000| Complete 
| 186|0x000000008ba00000, 0x000000008bb00000, 0x000000008bb00000|100%| O|  |TAMS 0x000000008ba00000, 0x000000008bb00000| Untracked 
| 187|0x000000008bb00000, 0x000000008bc00000, 0x000000008bc00000|100%|HS|  |TAMS 0x000000008bb00000, 0x000000008bc00000| Complete 
| 188|0x000000008bc00000, 0x000000008bd00000, 0x000000008bd00000|100%|HC|  |TAMS 0x000000008bc00000, 0x000000008bd00000| Complete 
| 189|0x000000008bd00000, 0x000000008be00000, 0x000000008be00000|100%|HS|  |TAMS 0x000000008bd00000, 0x000000008be00000| Complete 
| 190|0x000000008be00000, 0x000000008bf00000, 0x000000008bf00000|100%|HS|  |TAMS 0x000000008be00000, 0x000000008bf00000| Complete 
| 191|0x000000008bf00000, 0x000000008c000000, 0x000000008c000000|100%|HS|  |TAMS 0x000000008bf00000, 0x000000008c000000| Complete 
| 192|0x000000008c000000, 0x000000008c100000, 0x000000008c100000|100%|HS|  |TAMS 0x000000008c000000, 0x000000008c100000| Complete 
| 193|0x000000008c100000, 0x000000008c200000, 0x000000008c200000|100%| O|  |TAMS 0x000000008c100000, 0x000000008c200000| Untracked 
| 194|0x000000008c200000, 0x000000008c300000, 0x000000008c300000|100%| O|  |TAMS 0x000000008c200000, 0x000000008c300000| Untracked 
| 195|0x000000008c300000, 0x000000008c400000, 0x000000008c400000|100%| O|  |TAMS 0x000000008c300000, 0x000000008c400000| Untracked 
| 196|0x000000008c400000, 0x000000008c500000, 0x000000008c500000|100%|HS|  |TAMS 0x000000008c400000, 0x000000008c500000| Complete 
| 197|0x000000008c500000, 0x000000008c600000, 0x000000008c600000|100%|HC|  |TAMS 0x000000008c500000, 0x000000008c600000| Complete 
| 198|0x000000008c600000, 0x000000008c700000, 0x000000008c700000|100%| O|  |TAMS 0x000000008c600000, 0x000000008c700000| Untracked 
| 199|0x000000008c700000, 0x000000008c800000, 0x000000008c800000|100%|HS|  |TAMS 0x000000008c700000, 0x000000008c800000| Complete 
| 200|0x000000008c800000, 0x000000008c900000, 0x000000008c900000|100%| O|  |TAMS 0x000000008c800000, 0x000000008c900000| Untracked 
| 201|0x000000008c900000, 0x000000008ca00000, 0x000000008ca00000|100%|HS|  |TAMS 0x000000008c900000, 0x000000008ca00000| Complete 
| 202|0x000000008ca00000, 0x000000008cb00000, 0x000000008cb00000|100%| O|  |TAMS 0x000000008ca00000, 0x000000008cb00000| Untracked 
| 203|0x000000008cb00000, 0x000000008cc00000, 0x000000008cc00000|100%| O|  |TAMS 0x000000008cb00000, 0x000000008cc00000| Untracked 
| 204|0x000000008cc00000, 0x000000008cd00000, 0x000000008cd00000|100%| O|  |TAMS 0x000000008cc00000, 0x000000008cd00000| Untracked 
| 205|0x000000008cd00000, 0x000000008ce00000, 0x000000008ce00000|100%|HS|  |TAMS 0x000000008cd00000, 0x000000008ce00000| Complete 
| 206|0x000000008ce00000, 0x000000008cf00000, 0x000000008cf00000|100%|HC|  |TAMS 0x000000008ce00000, 0x000000008cf00000| Complete 
| 207|0x000000008cf00000, 0x000000008d000000, 0x000000008d000000|100%|HC|  |TAMS 0x000000008cf00000, 0x000000008d000000| Complete 
| 208|0x000000008d000000, 0x000000008d100000, 0x000000008d100000|100%|HS|  |TAMS 0x000000008d000000, 0x000000008d100000| Complete 
| 209|0x000000008d100000, 0x000000008d200000, 0x000000008d200000|100%|HC|  |TAMS 0x000000008d100000, 0x000000008d200000| Complete 
| 210|0x000000008d200000, 0x000000008d300000, 0x000000008d300000|100%|HC|  |TAMS 0x000000008d200000, 0x000000008d300000| Complete 
| 211|0x000000008d300000, 0x000000008d400000, 0x000000008d400000|100%| O|  |TAMS 0x000000008d300000, 0x000000008d400000| Untracked 
| 212|0x000000008d400000, 0x000000008d500000, 0x000000008d500000|100%| O|  |TAMS 0x000000008d400000, 0x000000008d500000| Untracked 
| 213|0x000000008d500000, 0x000000008d600000, 0x000000008d600000|100%| O|  |TAMS 0x000000008d500000, 0x000000008d600000| Untracked 
| 214|0x000000008d600000, 0x000000008d700000, 0x000000008d700000|100%| O|  |TAMS 0x000000008d600000, 0x000000008d700000| Untracked 
| 215|0x000000008d700000, 0x000000008d800000, 0x000000008d800000|100%| O|  |TAMS 0x000000008d700000, 0x000000008d800000| Untracked 
| 216|0x000000008d800000, 0x000000008d900000, 0x000000008d900000|100%| O|  |TAMS 0x000000008d800000, 0x000000008d900000| Untracked 
| 217|0x000000008d900000, 0x000000008da00000, 0x000000008da00000|100%| O|  |TAMS 0x000000008d900000, 0x000000008da00000| Untracked 
| 218|0x000000008da00000, 0x000000008db00000, 0x000000008db00000|100%| O|  |TAMS 0x000000008da00000, 0x000000008db00000| Untracked 
| 219|0x000000008db00000, 0x000000008dc00000, 0x000000008dc00000|100%| O|  |TAMS 0x000000008db00000, 0x000000008dc00000| Untracked 
| 220|0x000000008dc00000, 0x000000008dd00000, 0x000000008dd00000|100%| O|  |TAMS 0x000000008dc00000, 0x000000008dd00000| Untracked 
| 221|0x000000008dd00000, 0x000000008de00000, 0x000000008de00000|100%| O|  |TAMS 0x000000008dd00000, 0x000000008de00000| Untracked 
| 222|0x000000008de00000, 0x000000008df00000, 0x000000008df00000|100%| O|  |TAMS 0x000000008de00000, 0x000000008df00000| Untracked 
| 223|0x000000008df00000, 0x000000008e000000, 0x000000008e000000|100%| O|  |TAMS 0x000000008df00000, 0x000000008e000000| Untracked 
| 224|0x000000008e000000, 0x000000008e100000, 0x000000008e100000|100%| O|  |TAMS 0x000000008e000000, 0x000000008e100000| Untracked 
| 225|0x000000008e100000, 0x000000008e200000, 0x000000008e200000|100%| O|  |TAMS 0x000000008e100000, 0x000000008e200000| Untracked 
| 226|0x000000008e200000, 0x000000008e300000, 0x000000008e300000|100%| O|  |TAMS 0x000000008e200000, 0x000000008e300000| Untracked 
| 227|0x000000008e300000, 0x000000008e400000, 0x000000008e400000|100%| O|  |TAMS 0x000000008e300000, 0x000000008e400000| Untracked 
| 228|0x000000008e400000, 0x000000008e500000, 0x000000008e500000|100%| O|  |TAMS 0x000000008e400000, 0x000000008e500000| Untracked 
| 229|0x000000008e500000, 0x000000008e600000, 0x000000008e600000|100%| O|  |TAMS 0x000000008e500000, 0x000000008e600000| Untracked 
| 230|0x000000008e600000, 0x000000008e700000, 0x000000008e700000|100%| O|  |TAMS 0x000000008e600000, 0x000000008e700000| Untracked 
| 231|0x000000008e700000, 0x000000008e800000, 0x000000008e800000|100%| O|  |TAMS 0x000000008e700000, 0x000000008e800000| Untracked 
| 232|0x000000008e800000, 0x000000008e900000, 0x000000008e900000|100%| O|  |TAMS 0x000000008e800000, 0x000000008e900000| Untracked 
| 233|0x000000008e900000, 0x000000008ea00000, 0x000000008ea00000|100%| O|  |TAMS 0x000000008e900000, 0x000000008ea00000| Untracked 
| 234|0x000000008ea00000, 0x000000008eb00000, 0x000000008eb00000|100%| O|  |TAMS 0x000000008ea00000, 0x000000008eb00000| Untracked 
| 235|0x000000008eb00000, 0x000000008ec00000, 0x000000008ec00000|100%| O|  |TAMS 0x000000008eb00000, 0x000000008ec00000| Untracked 
| 236|0x000000008ec00000, 0x000000008ed00000, 0x000000008ed00000|100%| O|  |TAMS 0x000000008ec00000, 0x000000008ed00000| Untracked 
| 237|0x000000008ed00000, 0x000000008ee00000, 0x000000008ee00000|100%| O|  |TAMS 0x000000008ed00000, 0x000000008ee00000| Untracked 
| 238|0x000000008ee00000, 0x000000008ef00000, 0x000000008ef00000|100%| O|  |TAMS 0x000000008ee00000, 0x000000008ef00000| Untracked 
| 239|0x000000008ef00000, 0x000000008f000000, 0x000000008f000000|100%| O|  |TAMS 0x000000008ef00000, 0x000000008f000000| Untracked 
| 240|0x000000008f000000, 0x000000008f100000, 0x000000008f100000|100%| O|  |TAMS 0x000000008f000000, 0x000000008f100000| Untracked 
| 241|0x000000008f100000, 0x000000008f200000, 0x000000008f200000|100%| O|  |TAMS 0x000000008f100000, 0x000000008f200000| Untracked 
| 242|0x000000008f200000, 0x000000008f280000, 0x000000008f300000| 50%| O|  |TAMS 0x000000008f200000, 0x000000008f280000| Untracked 
| 243|0x000000008f300000, 0x000000008f300000, 0x000000008f400000|  0%| F|  |TAMS 0x000000008f300000, 0x000000008f300000| Untracked 
| 244|0x000000008f400000, 0x000000008f400000, 0x000000008f500000|  0%| F|  |TAMS 0x000000008f400000, 0x000000008f400000| Untracked 
| 245|0x000000008f500000, 0x000000008f500000, 0x000000008f600000|  0%| F|  |TAMS 0x000000008f500000, 0x000000008f500000| Untracked 
| 246|0x000000008f600000, 0x000000008f600000, 0x000000008f700000|  0%| F|  |TAMS 0x000000008f600000, 0x000000008f600000| Untracked 
| 247|0x000000008f700000, 0x000000008f700000, 0x000000008f800000|  0%| F|  |TAMS 0x000000008f700000, 0x000000008f700000| Untracked 
| 248|0x000000008f800000, 0x000000008f800000, 0x000000008f900000|  0%| F|  |TAMS 0x000000008f800000, 0x000000008f800000| Untracked 
| 249|0x000000008f900000, 0x000000008f900000, 0x000000008fa00000|  0%| F|  |TAMS 0x000000008f900000, 0x000000008f900000| Untracked 
| 250|0x000000008fa00000, 0x000000008fa00000, 0x000000008fb00000|  0%| F|  |TAMS 0x000000008fa00000, 0x000000008fa00000| Untracked 
| 251|0x000000008fb00000, 0x000000008fb00000, 0x000000008fc00000|  0%| F|  |TAMS 0x000000008fb00000, 0x000000008fb00000| Untracked 
| 252|0x000000008fc00000, 0x000000008fc00000, 0x000000008fd00000|  0%| F|  |TAMS 0x000000008fc00000, 0x000000008fc00000| Untracked 
| 253|0x000000008fd00000, 0x000000008fd00000, 0x000000008fe00000|  0%| F|  |TAMS 0x000000008fd00000, 0x000000008fd00000| Untracked 
| 254|0x000000008fe00000, 0x000000008fe00000, 0x000000008ff00000|  0%| F|  |TAMS 0x000000008fe00000, 0x000000008fe00000| Untracked 
| 255|0x000000008ff00000, 0x000000008ff00000, 0x0000000090000000|  0%| F|  |TAMS 0x000000008ff00000, 0x000000008ff00000| Untracked 
| 256|0x0000000090000000, 0x0000000090000000, 0x0000000090100000|  0%| F|  |TAMS 0x0000000090000000, 0x0000000090000000| Untracked 
| 257|0x0000000090100000, 0x0000000090100000, 0x0000000090200000|  0%| F|  |TAMS 0x0000000090100000, 0x0000000090100000| Untracked 
| 258|0x0000000090200000, 0x0000000090200000, 0x0000000090300000|  0%| F|  |TAMS 0x0000000090200000, 0x0000000090200000| Untracked 
| 259|0x0000000090300000, 0x0000000090300000, 0x0000000090400000|  0%| F|  |TAMS 0x0000000090300000, 0x0000000090300000| Untracked 
| 260|0x0000000090400000, 0x0000000090400000, 0x0000000090500000|  0%| F|  |TAMS 0x0000000090400000, 0x0000000090400000| Untracked 
| 261|0x0000000090500000, 0x0000000090500000, 0x0000000090600000|  0%| F|  |TAMS 0x0000000090500000, 0x0000000090500000| Untracked 
| 262|0x0000000090600000, 0x0000000090600000, 0x0000000090700000|  0%| F|  |TAMS 0x0000000090600000, 0x0000000090600000| Untracked 
| 263|0x0000000090700000, 0x0000000090700000, 0x0000000090800000|  0%| F|  |TAMS 0x0000000090700000, 0x0000000090700000| Untracked 
| 264|0x0000000090800000, 0x0000000090800000, 0x0000000090900000|  0%| F|  |TAMS 0x0000000090800000, 0x0000000090800000| Untracked 
| 265|0x0000000090900000, 0x0000000090900000, 0x0000000090a00000|  0%| F|  |TAMS 0x0000000090900000, 0x0000000090900000| Untracked 
| 266|0x0000000090a00000, 0x0000000090a00000, 0x0000000090b00000|  0%| F|  |TAMS 0x0000000090a00000, 0x0000000090a00000| Untracked 
| 267|0x0000000090b00000, 0x0000000090b00000, 0x0000000090c00000|  0%| F|  |TAMS 0x0000000090b00000, 0x0000000090b00000| Untracked 
| 268|0x0000000090c00000, 0x0000000090c00000, 0x0000000090d00000|  0%| F|  |TAMS 0x0000000090c00000, 0x0000000090c00000| Untracked 
| 269|0x0000000090d00000, 0x0000000090d00000, 0x0000000090e00000|  0%| F|  |TAMS 0x0000000090d00000, 0x0000000090d00000| Untracked 
| 270|0x0000000090e00000, 0x0000000090e00000, 0x0000000090f00000|  0%| F|  |TAMS 0x0000000090e00000, 0x0000000090e00000| Untracked 
| 271|0x0000000090f00000, 0x0000000090f00000, 0x0000000091000000|  0%| F|  |TAMS 0x0000000090f00000, 0x0000000090f00000| Untracked 
| 272|0x0000000091000000, 0x0000000091000000, 0x0000000091100000|  0%| F|  |TAMS 0x0000000091000000, 0x0000000091000000| Untracked 
| 273|0x0000000091100000, 0x0000000091100000, 0x0000000091200000|  0%| F|  |TAMS 0x0000000091100000, 0x0000000091100000| Untracked 
| 274|0x0000000091200000, 0x0000000091200000, 0x0000000091300000|  0%| F|  |TAMS 0x0000000091200000, 0x0000000091200000| Untracked 
| 275|0x0000000091300000, 0x0000000091300000, 0x0000000091400000|  0%| F|  |TAMS 0x0000000091300000, 0x0000000091300000| Untracked 
| 276|0x0000000091400000, 0x0000000091400000, 0x0000000091500000|  0%| F|  |TAMS 0x0000000091400000, 0x0000000091400000| Untracked 
| 277|0x0000000091500000, 0x0000000091500000, 0x0000000091600000|  0%| F|  |TAMS 0x0000000091500000, 0x0000000091500000| Untracked 
| 278|0x0000000091600000, 0x0000000091600000, 0x0000000091700000|  0%| F|  |TAMS 0x0000000091600000, 0x0000000091600000| Untracked 
| 279|0x0000000091700000, 0x0000000091700000, 0x0000000091800000|  0%| F|  |TAMS 0x0000000091700000, 0x0000000091700000| Untracked 
| 280|0x0000000091800000, 0x0000000091800000, 0x0000000091900000|  0%| F|  |TAMS 0x0000000091800000, 0x0000000091800000| Untracked 
| 281|0x0000000091900000, 0x0000000091900000, 0x0000000091a00000|  0%| F|  |TAMS 0x0000000091900000, 0x0000000091900000| Untracked 
| 282|0x0000000091a00000, 0x0000000091a00000, 0x0000000091b00000|  0%| F|  |TAMS 0x0000000091a00000, 0x0000000091a00000| Untracked 
| 283|0x0000000091b00000, 0x0000000091b00000, 0x0000000091c00000|  0%| F|  |TAMS 0x0000000091b00000, 0x0000000091b00000| Untracked 
| 284|0x0000000091c00000, 0x0000000091c00000, 0x0000000091d00000|  0%| F|  |TAMS 0x0000000091c00000, 0x0000000091c00000| Untracked 
| 285|0x0000000091d00000, 0x0000000091d00000, 0x0000000091e00000|  0%| F|  |TAMS 0x0000000091d00000, 0x0000000091d00000| Untracked 
| 286|0x0000000091e00000, 0x0000000091e00000, 0x0000000091f00000|  0%| F|  |TAMS 0x0000000091e00000, 0x0000000091e00000| Untracked 
| 287|0x0000000091f00000, 0x0000000091f00000, 0x0000000092000000|  0%| F|  |TAMS 0x0000000091f00000, 0x0000000091f00000| Untracked 
| 288|0x0000000092000000, 0x0000000092000000, 0x0000000092100000|  0%| F|  |TAMS 0x0000000092000000, 0x0000000092000000| Untracked 
| 289|0x0000000092100000, 0x0000000092100000, 0x0000000092200000|  0%| F|  |TAMS 0x0000000092100000, 0x0000000092100000| Untracked 
| 290|0x0000000092200000, 0x0000000092200000, 0x0000000092300000|  0%| F|  |TAMS 0x0000000092200000, 0x0000000092200000| Untracked 
| 291|0x0000000092300000, 0x0000000092300000, 0x0000000092400000|  0%| F|  |TAMS 0x0000000092300000, 0x0000000092300000| Untracked 
| 292|0x0000000092400000, 0x0000000092400000, 0x0000000092500000|  0%| F|  |TAMS 0x0000000092400000, 0x0000000092400000| Untracked 
| 293|0x0000000092500000, 0x0000000092500000, 0x0000000092600000|  0%| F|  |TAMS 0x0000000092500000, 0x0000000092500000| Untracked 
| 294|0x0000000092600000, 0x0000000092600000, 0x0000000092700000|  0%| F|  |TAMS 0x0000000092600000, 0x0000000092600000| Untracked 
| 295|0x0000000092700000, 0x0000000092700000, 0x0000000092800000|  0%| F|  |TAMS 0x0000000092700000, 0x0000000092700000| Untracked 
| 296|0x0000000092800000, 0x0000000092800000, 0x0000000092900000|  0%| F|  |TAMS 0x0000000092800000, 0x0000000092800000| Untracked 
| 297|0x0000000092900000, 0x0000000092900000, 0x0000000092a00000|  0%| F|  |TAMS 0x0000000092900000, 0x0000000092900000| Untracked 
| 298|0x0000000092a00000, 0x0000000092a00000, 0x0000000092b00000|  0%| F|  |TAMS 0x0000000092a00000, 0x0000000092a00000| Untracked 
| 299|0x0000000092b00000, 0x0000000092b00000, 0x0000000092c00000|  0%| F|  |TAMS 0x0000000092b00000, 0x0000000092b00000| Untracked 
| 300|0x0000000092c00000, 0x0000000092c00000, 0x0000000092d00000|  0%| F|  |TAMS 0x0000000092c00000, 0x0000000092c00000| Untracked 
| 301|0x0000000092d00000, 0x0000000092d00000, 0x0000000092e00000|  0%| F|  |TAMS 0x0000000092d00000, 0x0000000092d00000| Untracked 
| 302|0x0000000092e00000, 0x0000000092e00000, 0x0000000092f00000|  0%| F|  |TAMS 0x0000000092e00000, 0x0000000092e00000| Untracked 
| 303|0x0000000092f00000, 0x0000000092f00000, 0x0000000093000000|  0%| F|  |TAMS 0x0000000092f00000, 0x0000000092f00000| Untracked 
| 304|0x0000000093000000, 0x0000000093000000, 0x0000000093100000|  0%| F|  |TAMS 0x0000000093000000, 0x0000000093000000| Untracked 
| 305|0x0000000093100000, 0x0000000093100000, 0x0000000093200000|  0%| F|  |TAMS 0x0000000093100000, 0x0000000093100000| Untracked 
| 306|0x0000000093200000, 0x0000000093200000, 0x0000000093300000|  0%| F|  |TAMS 0x0000000093200000, 0x0000000093200000| Untracked 
| 307|0x0000000093300000, 0x0000000093300000, 0x0000000093400000|  0%| F|  |TAMS 0x0000000093300000, 0x0000000093300000| Untracked 
| 308|0x0000000093400000, 0x0000000093400000, 0x0000000093500000|  0%| F|  |TAMS 0x0000000093400000, 0x0000000093400000| Untracked 
| 309|0x0000000093500000, 0x0000000093500000, 0x0000000093600000|  0%| F|  |TAMS 0x0000000093500000, 0x0000000093500000| Untracked 
| 310|0x0000000093600000, 0x0000000093700000, 0x0000000093700000|100%| S|CS|TAMS 0x0000000093600000, 0x0000000093600000| Complete 
| 311|0x0000000093700000, 0x0000000093800000, 0x0000000093800000|100%| S|CS|TAMS 0x0000000093700000, 0x0000000093700000| Complete 
| 312|0x0000000093800000, 0x0000000093900000, 0x0000000093900000|100%| S|CS|TAMS 0x0000000093800000, 0x0000000093800000| Complete 
| 313|0x0000000093900000, 0x0000000093a00000, 0x0000000093a00000|100%| S|CS|TAMS 0x0000000093900000, 0x0000000093900000| Complete 
| 314|0x0000000093a00000, 0x0000000093b00000, 0x0000000093b00000|100%| S|CS|TAMS 0x0000000093a00000, 0x0000000093a00000| Complete 
| 315|0x0000000093b00000, 0x0000000093c00000, 0x0000000093c00000|100%| S|CS|TAMS 0x0000000093b00000, 0x0000000093b00000| Complete 
| 316|0x0000000093c00000, 0x0000000093c00000, 0x0000000093d00000|  0%| F|  |TAMS 0x0000000093c00000, 0x0000000093c00000| Untracked 
| 317|0x0000000093d00000, 0x0000000093d00000, 0x0000000093e00000|  0%| F|  |TAMS 0x0000000093d00000, 0x0000000093d00000| Untracked 
| 318|0x0000000093e00000, 0x0000000093e00000, 0x0000000093f00000|  0%| F|  |TAMS 0x0000000093e00000, 0x0000000093e00000| Untracked 
| 319|0x0000000093f00000, 0x0000000093f00000, 0x0000000094000000|  0%| F|  |TAMS 0x0000000093f00000, 0x0000000093f00000| Untracked 
| 320|0x0000000094000000, 0x0000000094000000, 0x0000000094100000|  0%| F|  |TAMS 0x0000000094000000, 0x0000000094000000| Untracked 
| 321|0x0000000094100000, 0x0000000094100000, 0x0000000094200000|  0%| F|  |TAMS 0x0000000094100000, 0x0000000094100000| Untracked 
| 322|0x0000000094200000, 0x0000000094200000, 0x0000000094300000|  0%| F|  |TAMS 0x0000000094200000, 0x0000000094200000| Untracked 
| 323|0x0000000094300000, 0x0000000094300000, 0x0000000094400000|  0%| F|  |TAMS 0x0000000094300000, 0x0000000094300000| Untracked 
| 324|0x0000000094400000, 0x0000000094400000, 0x0000000094500000|  0%| F|  |TAMS 0x0000000094400000, 0x0000000094400000| Untracked 
| 325|0x0000000094500000, 0x0000000094500000, 0x0000000094600000|  0%| F|  |TAMS 0x0000000094500000, 0x0000000094500000| Untracked 
| 326|0x0000000094600000, 0x0000000094600000, 0x0000000094700000|  0%| F|  |TAMS 0x0000000094600000, 0x0000000094600000| Untracked 
| 327|0x0000000094700000, 0x0000000094700000, 0x0000000094800000|  0%| F|  |TAMS 0x0000000094700000, 0x0000000094700000| Untracked 
| 328|0x0000000094800000, 0x0000000094800000, 0x0000000094900000|  0%| F|  |TAMS 0x0000000094800000, 0x0000000094800000| Untracked 
| 329|0x0000000094900000, 0x0000000094900000, 0x0000000094a00000|  0%| F|  |TAMS 0x0000000094900000, 0x0000000094900000| Untracked 
| 330|0x0000000094a00000, 0x0000000094a00000, 0x0000000094b00000|  0%| F|  |TAMS 0x0000000094a00000, 0x0000000094a00000| Untracked 
| 331|0x0000000094b00000, 0x0000000094b00000, 0x0000000094c00000|  0%| F|  |TAMS 0x0000000094b00000, 0x0000000094b00000| Untracked 
| 332|0x0000000094c00000, 0x0000000094c00000, 0x0000000094d00000|  0%| F|  |TAMS 0x0000000094c00000, 0x0000000094c00000| Untracked 
| 333|0x0000000094d00000, 0x0000000094d00000, 0x0000000094e00000|  0%| F|  |TAMS 0x0000000094d00000, 0x0000000094d00000| Untracked 
| 334|0x0000000094e00000, 0x0000000094e00000, 0x0000000094f00000|  0%| F|  |TAMS 0x0000000094e00000, 0x0000000094e00000| Untracked 
| 335|0x0000000094f00000, 0x0000000094f00000, 0x0000000095000000|  0%| F|  |TAMS 0x0000000094f00000, 0x0000000094f00000| Untracked 
| 336|0x0000000095000000, 0x0000000095000000, 0x0000000095100000|  0%| F|  |TAMS 0x0000000095000000, 0x0000000095000000| Untracked 

Card table byte_map: [0x00000118c9180000,0x00000118c9580000] _byte_map_base: 0x00000118c8d80000

Marking Bits (Prev, Next): (CMBitMap*) 0x00000118b62aee68, (CMBitMap*) 0x00000118b62aeea0
 Prev Bits: [0x00000118c9980000, 0x00000118cb980000)
 Next Bits: [0x00000118cb980000, 0x00000118cd980000)

Polling page: 0x00000118b4270000

Metaspace:

Usage:
  Non-class:    111.28 MB capacity,   109.20 MB ( 98%) used,     1.64 MB (  1%) free+waste,   445.31 KB ( <1%) overhead. 
      Class:     17.03 MB capacity,    15.69 MB ( 92%) used,     1.15 MB (  7%) free+waste,   197.88 KB (  1%) overhead. 
       Both:    128.31 MB capacity,   124.88 MB ( 97%) used,     2.80 MB (  2%) free+waste,   643.19 KB ( <1%) overhead. 

Virtual space:
  Non-class space:      112.00 MB reserved,     111.50 MB (>99%) committed 
      Class space:        1.00 GB reserved,      17.13 MB (  2%) committed 
             Both:        1.11 GB reserved,     128.63 MB ( 11%) committed 

Chunk freelists:
   Non-Class:  35.00 KB
       Class:  0 bytes
        Both:  35.00 KB

MaxMetaspaceSize: 17179869184.00 GB
CompressedClassSpaceSize: 1.00 GB
Initial GC threshold: 20.80 MB
Current GC threshold: 213.34 MB
CDS: off

CodeHeap 'non-profiled nmethods': size=120064Kb used=11468Kb max_used=11501Kb free=108595Kb
 bounds [0x00000118c1840000, 0x00000118c2380000, 0x00000118c8d80000]
CodeHeap 'profiled nmethods': size=120000Kb used=43884Kb max_used=44518Kb free=76115Kb
 bounds [0x00000118ba310000, 0x00000118bceb0000, 0x00000118c1840000]
CodeHeap 'non-nmethods': size=5696Kb used=2484Kb max_used=2533Kb free=3211Kb
 bounds [0x00000118b9d80000, 0x00000118ba010000, 0x00000118ba310000]
 total_blobs=20859 nmethods=19842 adapters=928
 compilation: enabled
              stopped_count=0, restarted_count=0
 full_count=0

Compilation events (20 events):
Event: 157.649 Thread 0x00000118cfe96800 21053 %     3       com.android.tools.r8.internal.Hq::get @ 70 (106 bytes)
Event: 157.649 Thread 0x00000118cfe96800 nmethod 21053% 0x00000118ba8f0890 code [0x00000118ba8f0a80, 0x00000118ba8f0f78]
Event: 157.650 Thread 0x00000118cfe96800 21054       3       com.android.tools.r8.internal.Hq::get (106 bytes)
Event: 157.650 Thread 0x00000118cfe96800 nmethod 21054 0x00000118ba730f10 code [0x00000118ba731100, 0x00000118ba731598]
Event: 157.658 Thread 0x00000118cfe96800 21056       2       java.io.StringReader::<init> (28 bytes)
Event: 157.658 Thread 0x00000118cfe96800 nmethod 21056 0x00000118ba8f0390 code [0x00000118ba8f0540, 0x00000118ba8f0758]
Event: 157.659 Thread 0x00000118cfe96800 21057       1       com.android.tools.r8.internal.Wt::h (5 bytes)
Event: 157.660 Thread 0x00000118cfe96800 nmethod 21057 0x00000118c18fba90 code [0x00000118c18fbc40, 0x00000118c18fbcf8]
Event: 157.679 Thread 0x00000118cfe96800 21058 %     3       com.android.tools.r8.internal.Hq::a @ 69 (175 bytes)
Event: 157.680 Thread 0x00000118cfe96800 nmethod 21058% 0x00000118ba72ff90 code [0x00000118ba7301e0, 0x00000118ba730b58]
Event: 157.724 Thread 0x00000118cfe96800 21059   !   2       com.android.tools.r8.internal.Va::a (104 bytes)
Event: 157.724 Thread 0x00000118cfe96800 nmethod 21059 0x00000118ba72f890 code [0x00000118ba72fa60, 0x00000118ba72fdb8]
Event: 157.728 Thread 0x00000118cfe95800 nmethod 21035% 0x00000118c1955310 code [0x00000118c19558c0, 0x00000118c195b080]
Event: 157.728 Thread 0x00000118cfe95800 21046       4       com.android.tools.r8.internal.Wt::b (639 bytes)
Event: 157.732 Thread 0x00000118cfe96800 21061       2       com.android.tools.r8.internal.GG::d (194 bytes)
Event: 157.732 Thread 0x00000118cfe96800 nmethod 21061 0x00000118ba8e9490 code [0x00000118ba8e96e0, 0x00000118ba8e9eb8]
Event: 157.733 Thread 0x00000118cfe96800 21063       3       com.android.tools.r8.internal.Hq::a (175 bytes)
Event: 157.734 Thread 0x00000118cfe96800 nmethod 21063 0x00000118ba8e8610 code [0x00000118ba8e8840, 0x00000118ba8e9138]
Event: 157.790 Thread 0x00000118cfe95800 nmethod 21046 0x00000118c1952a90 code [0x00000118c1952cc0, 0x00000118c19546a8]
Event: 157.790 Thread 0x00000118cfe95800 21052       4       com.android.tools.r8.internal.aA::a (290 bytes)

GC Heap History (20 events):
Event: 152.838 GC heap after
{Heap after GC invocations=106 (full 0):
 garbage-first heap   total 164864K, used 141253K [0x0000000080000000, 0x0000000100000000)
  region size 1024K, 1 young (1024K), 1 survivors (1024K)
 Metaspace       used 125367K, capacity 128769K, committed 129024K, reserved 1161216K
  class space    used 15794K, capacity 17077K, committed 17152K, reserved 1048576K
}
Event: 152.899 GC heap before
{Heap before GC invocations=106 (full 0):
 garbage-first heap   total 164864K, used 148421K [0x0000000080000000, 0x0000000100000000)
  region size 1024K, 8 young (8192K), 1 survivors (1024K)
 Metaspace       used 125430K, capacity 128800K, committed 129024K, reserved 1161216K
  class space    used 15803K, capacity 17086K, committed 17152K, reserved 1048576K
}
Event: 152.903 GC heap after
{Heap after GC invocations=107 (full 0):
 garbage-first heap   total 164864K, used 142880K [0x0000000080000000, 0x0000000100000000)
  region size 1024K, 1 young (1024K), 1 survivors (1024K)
 Metaspace       used 125430K, capacity 128800K, committed 129024K, reserved 1161216K
  class space    used 15803K, capacity 17086K, committed 17152K, reserved 1048576K
}
Event: 152.993 GC heap before
{Heap before GC invocations=107 (full 0):
 garbage-first heap   total 164864K, used 150048K [0x0000000080000000, 0x0000000100000000)
  region size 1024K, 8 young (8192K), 1 survivors (1024K)
 Metaspace       used 125686K, capacity 129127K, committed 129280K, reserved 1161216K
  class space    used 15847K, capacity 17147K, committed 17152K, reserved 1048576K
}
Event: 153.015 GC heap after
{Heap after GC invocations=108 (full 0):
 garbage-first heap   total 164864K, used 144294K [0x0000000080000000, 0x0000000100000000)
  region size 1024K, 1 young (1024K), 1 survivors (1024K)
 Metaspace       used 125686K, capacity 129127K, committed 129280K, reserved 1161216K
  class space    used 15847K, capacity 17147K, committed 17152K, reserved 1048576K
}
Event: 153.534 GC heap before
{Heap before GC invocations=108 (full 0):
 garbage-first heap   total 164864K, used 150438K [0x0000000080000000, 0x0000000100000000)
  region size 1024K, 8 young (8192K), 1 survivors (1024K)
 Metaspace       used 125907K, capacity 129317K, committed 129664K, reserved 1161216K
  class space    used 15868K, capacity 17186K, committed 17280K, reserved 1048576K
}
Event: 153.540 GC heap after
{Heap after GC invocations=109 (full 0):
 garbage-first heap   total 164864K, used 145225K [0x0000000080000000, 0x0000000100000000)
  region size 1024K, 1 young (1024K), 1 survivors (1024K)
 Metaspace       used 125907K, capacity 129317K, committed 129664K, reserved 1161216K
  class space    used 15868K, capacity 17186K, committed 17280K, reserved 1048576K
}
Event: 153.659 GC heap before
{Heap before GC invocations=109 (full 0):
 garbage-first heap   total 164864K, used 152393K [0x0000000080000000, 0x0000000100000000)
  region size 1024K, 8 young (8192K), 1 survivors (1024K)
 Metaspace       used 126060K, capacity 129492K, committed 129664K, reserved 1161216K
  class space    used 15883K, capacity 17197K, committed 17280K, reserved 1048576K
}
Event: 153.667 GC heap after
{Heap after GC invocations=110 (full 0):
 garbage-first heap   total 345088K, used 145168K [0x0000000080000000, 0x0000000100000000)
  region size 1024K, 1 young (1024K), 1 survivors (1024K)
 Metaspace       used 126060K, capacity 129492K, committed 129664K, reserved 1161216K
  class space    used 15883K, capacity 17197K, committed 17280K, reserved 1048576K
}
Event: 154.422 GC heap before
{Heap before GC invocations=110 (full 0):
 garbage-first heap   total 345088K, used 217872K [0x0000000080000000, 0x0000000100000000)
  region size 1024K, 72 young (73728K), 1 survivors (1024K)
 Metaspace       used 126934K, capacity 130380K, committed 130560K, reserved 1163264K
  class space    used 15971K, capacity 17312K, committed 17408K, reserved 1048576K
}
Event: 154.442 GC heap after
{Heap after GC invocations=111 (full 0):
 garbage-first heap   total 345088K, used 156811K [0x0000000080000000, 0x0000000100000000)
  region size 1024K, 9 young (9216K), 9 survivors (9216K)
 Metaspace       used 126934K, capacity 130380K, committed 130560K, reserved 1163264K
  class space    used 15971K, capacity 17312K, committed 17408K, reserved 1048576K
}
Event: 156.086 GC heap before
{Heap before GC invocations=112 (full 0):
 garbage-first heap   total 345088K, used 232587K [0x0000000080000000, 0x0000000100000000)
  region size 1024K, 83 young (84992K), 9 survivors (9216K)
 Metaspace       used 127405K, capacity 130940K, committed 131072K, reserved 1163264K
  class space    used 15992K, capacity 17338K, committed 17408K, reserved 1048576K
}
Event: 156.115 GC heap after
{Heap after GC invocations=113 (full 0):
 garbage-first heap   total 345088K, used 164693K [0x0000000080000000, 0x0000000100000000)
  region size 1024K, 9 young (9216K), 9 survivors (9216K)
 Metaspace       used 127405K, capacity 130940K, committed 131072K, reserved 1163264K
  class space    used 15992K, capacity 17338K, committed 17408K, reserved 1048576K
}
Event: 156.513 GC heap before
{Heap before GC invocations=113 (full 0):
 garbage-first heap   total 345088K, used 198485K [0x0000000080000000, 0x0000000100000000)
  region size 1024K, 43 young (44032K), 9 survivors (9216K)
 Metaspace       used 127545K, capacity 131046K, committed 131328K, reserved 1163264K
  class space    used 16013K, capacity 17352K, committed 17408K, reserved 1048576K
}
Event: 156.521 GC heap after
{Heap after GC invocations=114 (full 0):
 garbage-first heap   total 345088K, used 165186K [0x0000000080000000, 0x0000000100000000)
  region size 1024K, 3 young (3072K), 3 survivors (3072K)
 Metaspace       used 127545K, capacity 131046K, committed 131328K, reserved 1163264K
  class space    used 16013K, capacity 17352K, committed 17408K, reserved 1048576K
}
Event: 157.514 GC heap before
{Heap before GC invocations=114 (full 0):
 garbage-first heap   total 345088K, used 286018K [0x0000000080000000, 0x0000000100000000)
  region size 1024K, 70 young (71680K), 3 survivors (3072K)
 Metaspace       used 127877K, capacity 131389K, committed 131712K, reserved 1163264K
  class space    used 16062K, capacity 17440K, committed 17536K, reserved 1048576K
}
Event: 157.520 GC heap after
{Heap after GC invocations=115 (full 0):
 garbage-first heap   total 345088K, used 210516K [0x0000000080000000, 0x0000000100000000)
  region size 1024K, 9 young (9216K), 9 survivors (9216K)
 Metaspace       used 127877K, capacity 131389K, committed 131712K, reserved 1163264K
  class space    used 16062K, capacity 17440K, committed 17536K, reserved 1048576K
}
Event: 157.683 GC heap before
{Heap before GC invocations=115 (full 0):
 garbage-first heap   total 345088K, used 286292K [0x0000000080000000, 0x0000000100000000)
  region size 1024K, 68 young (69632K), 9 survivors (9216K)
 Metaspace       used 127882K, capacity 131389K, committed 131712K, reserved 1163264K
  class space    used 16062K, capacity 17440K, committed 17536K, reserved 1048576K
}
Event: 157.722 GC heap after
{Heap after GC invocations=116 (full 0):
 garbage-first heap   total 345088K, used 242839K [0x0000000080000000, 0x0000000100000000)
  region size 1024K, 9 young (9216K), 9 survivors (9216K)
 Metaspace       used 127882K, capacity 131389K, committed 131712K, reserved 1163264K
  class space    used 16062K, capacity 17440K, committed 17536K, reserved 1048576K
}
Event: 157.795 GC heap before
{Heap before GC invocations=116 (full 0):
 garbage-first heap   total 345088K, used 264343K [0x0000000080000000, 0x0000000100000000)
  region size 1024K, 30 young (30720K), 9 survivors (9216K)
 Metaspace       used 127882K, capacity 131389K, committed 131712K, reserved 1163264K
  class space    used 16062K, capacity 17440K, committed 17536K, reserved 1048576K
}

Deoptimization events (20 events):
Event: 157.751 Thread 0x00000118db96e800 DEOPT PACKING pc=0x00000118bc408806 sp=0x00000002862fd4a0
Event: 157.751 Thread 0x00000118db96e800 DEOPT UNPACKING pc=0x00000118b9dca95e sp=0x00000002862fcb50 mode 0
Event: 157.754 Thread 0x00000118db96e800 DEOPT PACKING pc=0x00000118bc408806 sp=0x00000002862fd4a0
Event: 157.754 Thread 0x00000118db96e800 DEOPT UNPACKING pc=0x00000118b9dca95e sp=0x00000002862fcb50 mode 0
Event: 157.758 Thread 0x00000118db96e800 DEOPT PACKING pc=0x00000118bc408806 sp=0x00000002862fd4a0
Event: 157.758 Thread 0x00000118db96e800 DEOPT UNPACKING pc=0x00000118b9dca95e sp=0x00000002862fcb50 mode 0
Event: 157.759 Thread 0x00000118db96e800 DEOPT PACKING pc=0x00000118bc408806 sp=0x00000002862fd4a0
Event: 157.759 Thread 0x00000118db96e800 DEOPT UNPACKING pc=0x00000118b9dca95e sp=0x00000002862fcb50 mode 0
Event: 157.760 Thread 0x00000118db96e800 DEOPT PACKING pc=0x00000118bc408806 sp=0x00000002862fd4a0
Event: 157.760 Thread 0x00000118db96e800 DEOPT UNPACKING pc=0x00000118b9dca95e sp=0x00000002862fcb50 mode 0
Event: 157.761 Thread 0x00000118db96e800 DEOPT PACKING pc=0x00000118bc408806 sp=0x00000002862fd4a0
Event: 157.761 Thread 0x00000118db96e800 DEOPT UNPACKING pc=0x00000118b9dca95e sp=0x00000002862fcb50 mode 0
Event: 157.764 Thread 0x00000118db96e800 DEOPT PACKING pc=0x00000118bc408806 sp=0x00000002862fd4a0
Event: 157.764 Thread 0x00000118db96e800 DEOPT UNPACKING pc=0x00000118b9dca95e sp=0x00000002862fcb50 mode 0
Event: 157.765 Thread 0x00000118db96e800 DEOPT PACKING pc=0x00000118bc408806 sp=0x00000002862fd4a0
Event: 157.765 Thread 0x00000118db96e800 DEOPT UNPACKING pc=0x00000118b9dca95e sp=0x00000002862fcb50 mode 0
Event: 157.771 Thread 0x00000118db96e800 DEOPT PACKING pc=0x00000118bc408806 sp=0x00000002862fd4a0
Event: 157.771 Thread 0x00000118db96e800 DEOPT UNPACKING pc=0x00000118b9dca95e sp=0x00000002862fcb50 mode 0
Event: 157.773 Thread 0x00000118db96e800 DEOPT PACKING pc=0x00000118bc408806 sp=0x00000002862fd4a0
Event: 157.773 Thread 0x00000118db96e800 DEOPT UNPACKING pc=0x00000118b9dca95e sp=0x00000002862fcb50 mode 0

Classes redefined (0 events):
No events

Internal exceptions (20 events):
Event: 155.984 Thread 0x00000118db96d800 Exception <a 'sun/nio/fs/WindowsException'{0x0000000090d80350}> (0x0000000090d80350) thrown at [./src/hotspot/share/prims/jni.cpp, line 615]
Event: 156.005 Thread 0x00000118db96e800 Exception <a 'sun/nio/fs/WindowsException'{0x0000000090c4d180}> (0x0000000090c4d180) thrown at [./src/hotspot/share/prims/jni.cpp, line 615]
Event: 156.007 Thread 0x00000118db96d800 Exception <a 'sun/nio/fs/WindowsException'{0x0000000090d90f10}> (0x0000000090d90f10) thrown at [./src/hotspot/share/prims/jni.cpp, line 615]
Event: 156.017 Thread 0x00000118db96d800 Exception <a 'sun/nio/fs/WindowsException'{0x0000000090da9fa0}> (0x0000000090da9fa0) thrown at [./src/hotspot/share/prims/jni.cpp, line 615]
Event: 156.019 Thread 0x00000118db96e800 Exception <a 'sun/nio/fs/WindowsException'{0x0000000090c59670}> (0x0000000090c59670) thrown at [./src/hotspot/share/prims/jni.cpp, line 615]
Event: 156.022 Thread 0x00000118db96e800 Exception <a 'sun/nio/fs/WindowsException'{0x0000000090c63d00}> (0x0000000090c63d00) thrown at [./src/hotspot/share/prims/jni.cpp, line 615]
Event: 156.027 Thread 0x00000118db96d800 Exception <a 'sun/nio/fs/WindowsException'{0x0000000090db25b0}> (0x0000000090db25b0) thrown at [./src/hotspot/share/prims/jni.cpp, line 615]
Event: 156.031 Thread 0x00000118db96e800 Exception <a 'sun/nio/fs/WindowsException'{0x0000000090c70928}> (0x0000000090c70928) thrown at [./src/hotspot/share/prims/jni.cpp, line 615]
Event: 156.044 Thread 0x00000118db96e800 Exception <a 'sun/nio/fs/WindowsException'{0x0000000090a891d0}> (0x0000000090a891d0) thrown at [./src/hotspot/share/prims/jni.cpp, line 615]
Event: 156.046 Thread 0x00000118db96d800 Exception <a 'sun/nio/fs/WindowsException'{0x0000000090affcd0}> (0x0000000090affcd0) thrown at [./src/hotspot/share/prims/jni.cpp, line 615]
Event: 156.053 Thread 0x00000118db96e800 Exception <a 'sun/nio/fs/WindowsException'{0x0000000090a9c8e0}> (0x0000000090a9c8e0) thrown at [./src/hotspot/share/prims/jni.cpp, line 615]
Event: 156.057 Thread 0x00000118db96d800 Exception <a 'sun/nio/fs/WindowsException'{0x000000009004abb8}> (0x000000009004abb8) thrown at [./src/hotspot/share/prims/jni.cpp, line 615]
Event: 156.065 Thread 0x00000118db96d800 Exception <a 'sun/nio/fs/WindowsException'{0x0000000090056c98}> (0x0000000090056c98) thrown at [./src/hotspot/share/prims/jni.cpp, line 615]
Event: 156.066 Thread 0x00000118db96e800 Exception <a 'sun/nio/fs/WindowsException'{0x0000000090aaa7a0}> (0x0000000090aaa7a0) thrown at [./src/hotspot/share/prims/jni.cpp, line 615]
Event: 156.068 Thread 0x00000118db96d800 Exception <a 'sun/nio/fs/WindowsException'{0x000000009005eb90}> (0x000000009005eb90) thrown at [./src/hotspot/share/prims/jni.cpp, line 615]
Event: 156.069 Thread 0x00000118db96e800 Exception <a 'sun/nio/fs/WindowsException'{0x000000008fe475d8}> (0x000000008fe475d8) thrown at [./src/hotspot/share/prims/jni.cpp, line 615]
Event: 156.074 Thread 0x00000118db96d800 Exception <a 'sun/nio/fs/WindowsException'{0x000000009006b848}> (0x000000009006b848) thrown at [./src/hotspot/share/prims/jni.cpp, line 615]
Event: 156.121 Thread 0x00000118db96d800 Exception <a 'sun/nio/fs/WindowsException'{0x0000000095038aa0}> (0x0000000095038aa0) thrown at [./src/hotspot/share/prims/jni.cpp, line 615]
Event: 156.317 Thread 0x00000118db970000 Exception <a 'java/lang/NoSuchMethodError'{0x00000000949cfff0}: 'java.lang.Object java.lang.invoke.DirectMethodHandle$Holder.invokeVirtual(java.lang.Object, java.lang.Object, int)'> (0x00000000949cfff0) thrown at [./src/hotspot/share/interpreter/linkResolver.cpp, line 773]
Event: 157.471 Thread 0x00000118db96e800 Exception <a 'sun/nio/fs/WindowsException'{0x00000000918a9830}> (0x00000000918a9830) thrown at [./src/hotspot/share/prims/jni.cpp, line 615]

Events (20 events):
Event: 157.491 loading class com/android/tools/r8/shaking/e2$a done
Event: 157.491 loading class com/android/tools/r8/shaking/k2
Event: 157.491 loading class com/android/tools/r8/shaking/k2 done
Event: 157.492 loading class com/android/tools/r8/shaking/h2
Event: 157.492 loading class com/android/tools/r8/shaking/h2 done
Event: 157.492 loading class com/android/tools/r8/shaking/j2
Event: 157.492 loading class com/android/tools/r8/shaking/j2 done
Event: 157.492 loading class com/android/tools/r8/shaking/i2
Event: 157.492 loading class com/android/tools/r8/shaking/i2 done
Event: 157.492 loading class com/android/tools/r8/shaking/z2
Event: 157.492 loading class com/android/tools/r8/shaking/z2 done
Event: 157.493 loading class com/android/tools/r8/position/TextRange
Event: 157.493 loading class com/android/tools/r8/position/TextRange done
Event: 157.493 loading class com/android/tools/r8/internal/eL
Event: 157.493 loading class com/android/tools/r8/internal/eL done
Event: 157.513 Executing VM operation: G1CollectForAllocation
Event: 157.520 Executing VM operation: G1CollectForAllocation done
Event: 157.682 Executing VM operation: G1CollectForAllocation
Event: 157.722 Executing VM operation: G1CollectForAllocation done
Event: 157.795 Executing VM operation: G1CollectForAllocation


Dynamic libraries:
0x00007ff669a40000 - 0x00007ff669a4a000 	C:\Program Files\Android\Android Studio\jre\bin\java.exe
0x00007ffece160000 - 0x00007ffece369000 	C:\WINDOWS\SYSTEM32\ntdll.dll
0x00007ffecd020000 - 0x00007ffecd0dd000 	C:\WINDOWS\System32\KERNEL32.DLL
0x00007ffecb640000 - 0x00007ffecb9bd000 	C:\WINDOWS\System32\KERNELBASE.dll
0x00007ffecb9f0000 - 0x00007ffecbb01000 	C:\WINDOWS\System32\ucrtbase.dll
0x00007ffeb8b80000 - 0x00007ffeb8b99000 	C:\Program Files\Android\Android Studio\jre\bin\jli.dll
0x00007ffe9d880000 - 0x00007ffe9d897000 	C:\Program Files\Android\Android Studio\jre\bin\VCRUNTIME140.dll
0x00007ffeccc90000 - 0x00007ffecce3d000 	C:\WINDOWS\System32\USER32.dll
0x00007ffecb9c0000 - 0x00007ffecb9e6000 	C:\WINDOWS\System32\win32u.dll
0x00007ffeb6360000 - 0x00007ffeb6605000 	C:\WINDOWS\WinSxS\amd64_microsoft.windows.common-controls_6595b64144ccf1df_6.0.22000.120_none_9d947278b86cc467\COMCTL32.dll
0x00007ffecce40000 - 0x00007ffecce69000 	C:\WINDOWS\System32\GDI32.dll
0x00007ffeccea0000 - 0x00007ffeccf43000 	C:\WINDOWS\System32\msvcrt.dll
0x00007ffecbd70000 - 0x00007ffecbe88000 	C:\WINDOWS\System32\gdi32full.dll
0x00007ffecbe90000 - 0x00007ffecbf2d000 	C:\WINDOWS\System32\msvcp_win.dll
0x00007ffeccfe0000 - 0x00007ffecd011000 	C:\WINDOWS\System32\IMM32.DLL
0x00007ffe94c20000 - 0x00007ffe94cbd000 	C:\Program Files\Android\Android Studio\jre\bin\msvcp140.dll
0x00007ffe90f70000 - 0x00007ffe91a55000 	C:\Program Files\Android\Android Studio\jre\bin\server\jvm.dll
0x00007ffecc7b0000 - 0x00007ffecc85e000 	C:\WINDOWS\System32\ADVAPI32.dll
0x00007ffecd140000 - 0x00007ffecd1de000 	C:\WINDOWS\System32\sechost.dll
0x00007ffecc300000 - 0x00007ffecc420000 	C:\WINDOWS\System32\RPCRT4.dll
0x00007ffecce90000 - 0x00007ffecce98000 	C:\WINDOWS\System32\PSAPI.DLL
0x00007ffec9350000 - 0x00007ffec935a000 	C:\WINDOWS\SYSTEM32\VERSION.dll
0x00007ffe9d810000 - 0x00007ffe9d819000 	C:\WINDOWS\SYSTEM32\WSOCK32.dll
0x00007ffeb8650000 - 0x00007ffeb8683000 	C:\WINDOWS\SYSTEM32\WINMM.dll
0x00007ffeccf70000 - 0x00007ffeccfdf000 	C:\WINDOWS\System32\WS2_32.dll
0x00007ffeca740000 - 0x00007ffeca758000 	C:\WINDOWS\SYSTEM32\kernel.appcore.dll
0x00007ffebd140000 - 0x00007ffebd151000 	C:\Program Files\Android\Android Studio\jre\bin\verify.dll
0x00007ffeb9200000 - 0x00007ffeb9421000 	C:\WINDOWS\SYSTEM32\DBGHELP.DLL
0x00007ffeb8a20000 - 0x00007ffeb8a51000 	C:\WINDOWS\SYSTEM32\dbgcore.DLL
0x00007ffecbcf0000 - 0x00007ffecbd6f000 	C:\WINDOWS\System32\bcryptPrimitives.dll
0x00007ffebaf90000 - 0x00007ffebafb9000 	C:\Program Files\Android\Android Studio\jre\bin\java.dll
0x00007ffec7bf0000 - 0x00007ffec7bfb000 	C:\Program Files\Android\Android Studio\jre\bin\jimage.dll
0x00007ffeb9fc0000 - 0x00007ffeb9fd8000 	C:\Program Files\Android\Android Studio\jre\bin\zip.dll
0x00007ffecd960000 - 0x00007ffece118000 	C:\WINDOWS\System32\SHELL32.dll
0x00007ffec97b0000 - 0x00007ffeca018000 	C:\WINDOWS\SYSTEM32\windows.storage.dll
0x00007ffecc860000 - 0x00007ffeccbd9000 	C:\WINDOWS\System32\combase.dll
0x00007ffec9640000 - 0x00007ffec97a6000 	C:\WINDOWS\SYSTEM32\wintypes.dll
0x00007ffecc6c0000 - 0x00007ffecc7aa000 	C:\WINDOWS\System32\SHCORE.dll
0x00007ffecc190000 - 0x00007ffecc1ed000 	C:\WINDOWS\System32\shlwapi.dll
0x00007ffecb570000 - 0x00007ffecb591000 	C:\WINDOWS\SYSTEM32\profapi.dll
0x00007ffeb8a90000 - 0x00007ffeb8aaa000 	C:\Program Files\Android\Android Studio\jre\bin\net.dll
0x00007ffec5d20000 - 0x00007ffec5e2c000 	C:\WINDOWS\SYSTEM32\WINHTTP.dll
0x00007ffecab70000 - 0x00007ffecabd7000 	C:\WINDOWS\system32\mswsock.dll
0x00007ffeae4c0000 - 0x00007ffeae4d4000 	C:\Program Files\Android\Android Studio\jre\bin\nio.dll
0x00007ffec78e0000 - 0x00007ffec7907000 	C:\Users\Dell\.gradle\native\e1d6ef7f7dcc3fd88c89a11ec53ec762bb8ba0a96d01ffa2cd45eb1d1d8dd5c5\windows-amd64\native-platform.dll
0x00007ffe83380000 - 0x00007ffe834c4000 	C:\Users\Dell\.gradle\native\5664cfc778a61ccfe75a443a1ab52a65af34e5dc3c78e0209fed803814484fcb\windows-amd64\native-platform-file-events.dll
0x00007ffeb6ac0000 - 0x00007ffeb6aca000 	C:\Program Files\Android\Android Studio\jre\bin\management.dll
0x00007ffeae4b0000 - 0x00007ffeae4bd000 	C:\Program Files\Android\Android Studio\jre\bin\management_ext.dll
0x00007ffecadb0000 - 0x00007ffecadc8000 	C:\WINDOWS\SYSTEM32\CRYPTSP.dll
0x00007ffeca6a0000 - 0x00007ffeca6d5000 	C:\WINDOWS\system32\rsaenh.dll
0x00007ffecac60000 - 0x00007ffecac89000 	C:\WINDOWS\SYSTEM32\USERENV.dll
0x00007ffecaf30000 - 0x00007ffecaf57000 	C:\WINDOWS\SYSTEM32\bcrypt.dll
0x00007ffecadd0000 - 0x00007ffecaddc000 	C:\WINDOWS\SYSTEM32\CRYPTBASE.dll
0x00007ffeca270000 - 0x00007ffeca29d000 	C:\WINDOWS\SYSTEM32\IPHLPAPI.DLL
0x00007ffecce70000 - 0x00007ffecce79000 	C:\WINDOWS\System32\NSI.dll
0x00007ffec5b70000 - 0x00007ffec5b89000 	C:\WINDOWS\SYSTEM32\dhcpcsvc6.DLL
0x00007ffec6a70000 - 0x00007ffec6a8e000 	C:\WINDOWS\SYSTEM32\dhcpcsvc.DLL
0x00007ffeca2a0000 - 0x00007ffeca388000 	C:\WINDOWS\SYSTEM32\DNSAPI.dll
0x00007ffec7c10000 - 0x00007ffec7c18000 	C:\Program Files\Android\Android Studio\jre\bin\rmi.dll
0x00007ffebe720000 - 0x00007ffebe737000 	C:\WINDOWS\system32\napinsp.dll
0x00007ffebe760000 - 0x00007ffebe77b000 	C:\WINDOWS\system32\pnrpnsp.dll
0x00007ffebe740000 - 0x00007ffebe752000 	C:\WINDOWS\System32\winrnr.dll
0x00007ffebe780000 - 0x00007ffebe795000 	C:\WINDOWS\system32\wshbth.dll
0x00007ffebe7a0000 - 0x00007ffebe7bf000 	C:\WINDOWS\system32\nlansp_c.dll
0x00007ffec3f20000 - 0x00007ffec3f2a000 	C:\Windows\System32\rasadhlp.dll
0x00007ffec4100000 - 0x00007ffec4181000 	C:\WINDOWS\System32\fwpuclnt.dll
0x00007ffead940000 - 0x00007ffead967000 	C:\Program Files\Android\Android Studio\jre\bin\sunec.dll

dbghelp: loaded successfully - version: 4.0.5 - missing functions: none
symbol engine: initialized successfully - sym options: 0x614 - pdb path: .;C:\Program Files\Android\Android Studio\jre\bin;C:\WINDOWS\SYSTEM32;C:\WINDOWS\WinSxS\amd64_microsoft.windows.common-controls_6595b64144ccf1df_6.0.22000.120_none_9d947278b86cc467;C:\Program Files\Android\Android Studio\jre\bin\server;C:\Users\Dell\.gradle\native\e1d6ef7f7dcc3fd88c89a11ec53ec762bb8ba0a96d01ffa2cd45eb1d1d8dd5c5\windows-amd64;C:\Users\Dell\.gradle\native\5664cfc778a61ccfe75a443a1ab52a65af34e5dc3c78e0209fed803814484fcb\windows-amd64

VM Arguments:
jvm_args: --add-opens=java.base/java.util=ALL-UNNAMED --add-opens=java.base/java.lang=ALL-UNNAMED --add-opens=java.base/java.lang.invoke=ALL-UNNAMED --add-opens=java.base/java.util=ALL-UNNAMED --add-opens=java.prefs/java.util.prefs=ALL-UNNAMED --add-opens=java.prefs/java.util.prefs=ALL-UNNAMED --add-opens=java.base/java.nio.charset=ALL-UNNAMED --add-opens=java.base/java.net=ALL-UNNAMED --add-opens=java.base/java.util.concurrent.atomic=ALL-UNNAMED -Xmx2048m -Dfile.encoding=UTF-8 -Duser.country=US -Duser.language=en -Duser.variant 
java_command: org.gradle.launcher.daemon.bootstrap.GradleDaemon 7.3.3
java_class_path (initial): C:\Users\Dell\.gradle\wrapper\dists\gradle-7.3.3-bin\6a41zxkdtcxs8rphpq6y0069z\gradle-7.3.3\lib\gradle-launcher-7.3.3.jar
Launcher Type: SUN_STANDARD

[Global flags]
     intx CICompilerCount                          = 3                                         {product} {ergonomic}
     uint ConcGCThreads                            = 1                                         {product} {ergonomic}
     uint G1ConcRefinementThreads                  = 4                                         {product} {ergonomic}
   size_t G1HeapRegionSize                         = 1048576                                   {product} {ergonomic}
    uintx GCDrainStackTargetSize                   = 64                                        {product} {ergonomic}
   size_t InitialHeapSize                          = 65011712                                  {product} {ergonomic}
   size_t MarkStackSize                            = 4194304                                   {product} {ergonomic}
   size_t MaxHeapSize                              = 2147483648                                {product} {command line}
   size_t MaxNewSize                               = 1287651328                                {product} {ergonomic}
   size_t MinHeapDeltaBytes                        = 1048576                                   {product} {ergonomic}
    uintx NonNMethodCodeHeapSize                   = 5830732                                {pd product} {ergonomic}
    uintx NonProfiledCodeHeapSize                  = 122913754                              {pd product} {ergonomic}
    uintx ProfiledCodeHeapSize                     = 122913754                              {pd product} {ergonomic}
    uintx ReservedCodeCacheSize                    = 251658240                              {pd product} {ergonomic}
     bool SegmentedCodeCache                       = true                                      {product} {ergonomic}
     bool UseCompressedClassPointers               = true                                 {lp64_product} {ergonomic}
     bool UseCompressedOops                        = true                                 {lp64_product} {ergonomic}
     bool UseG1GC                                  = true                                      {product} {ergonomic}
     bool UseLargePagesIndividualAllocation        = false                                  {pd product} {ergonomic}

Logging:
Log output configuration:
 #0: stdout all=warning uptime,level,tags
 #1: stderr all=off uptime,level,tags

Environment Variables:
PATH=C:\Program Files (x86)\NVIDIA Corporation\PhysX\Common;C:\Program Files (x86)\Common Files\Oracle\Java\javapath;C:\WINDOWS\system32;C:\WINDOWS;C:\WINDOWS\System32\Wbem;C:\WINDOWS\System32\WindowsPowerShell\v1.0\;C:\WINDOWS\System32\OpenSSH\;C:\Program Files\dotnet\;C:\Program Files\Microsoft VS Code\bin;C:\Program Files\MySQL\MySQL Shell 8.0\bin\;C:\Users\Dell\AppData\Local\Microsoft\WindowsApps;
USERNAME=Dell
OS=Windows_NT
PROCESSOR_IDENTIFIER=Intel64 Family 6 Model 158 Stepping 11, GenuineIntel



---------------  S Y S T E M  ---------------

OS: Windows 10 , 64 bit Build 22000 (10.0.22000.708)
OS uptime: 0 days 0:33 hours

CPU:total 4 (initial active 4) (4 cores per cpu, 1 threads per core) family 6 model 158 stepping 11 microcode 0xf0, cmov, cx8, fxsr, mmx, sse, sse2, sse3, ssse3, sse4.1, sse4.2, popcnt, avx, avx2, aes, clmul, erms, 3dnowpref, lzcnt, tsc, tscinvbit, bmi1, bmi2, adx, fma

Memory: 4k page, system-wide physical 3906M (318M free)
TotalPageFile size 8002M (AvailPageFile size 80M)
current process WorkingSet (physical memory assigned to process): 503M, peak: 518M
current process commit charge ("private bytes"): 693M, peak: 900M

vm_info: OpenJDK 64-Bit Server VM (11.0.12+7-b1504.28-7817840) for windows-amd64 JRE (11.0.12+7-b1504.28-7817840), built on Oct 13 2021 22:12:33 by "builder" with MS VC++ 14.0 (VS2015)

END.
