#
# There is insufficient memory for the Java Runtime Environment to continue.
# Native memory allocation (mmap) failed to map 197132288 bytes for Failed to commit area from 0x000000008d200000 to 0x0000000098e00000 of length 197132288.
# Possible reasons:
#   The system is out of physical RAM or swap space
#   The process is running with CompressedOops enabled, and the Java Heap may be blocking the growth of the native heap
# Possible solutions:
#   Reduce memory load on the system
#   Increase physical memory or swap space
#   Check if swap backing store is full
#   Decrease Java heap size (-Xmx/-Xms)
#   Decrease number of Java threads
#   Decrease Java thread stack sizes (-Xss)
#   Set larger code cache with -XX:ReservedCodeCacheSize=
#   JVM is running with Unscaled Compressed Oops mode in which the Java heap is
#     placed in the first 4GB address space. The Java Heap base address is the
#     maximum limit for the native heap growth. Please use -XX:HeapBaseMinAddress
#     to set the Java Heap base and to place the Java Heap above 4GB virtual address.
# This output file may be truncated or incomplete.
#
#  Out of Memory Error (./src/hotspot/os/windows/os_windows.cpp:3521), pid=9152, tid=7496
#
# JRE version: OpenJDK Runtime Environment (11.0.12+7) (build 11.0.12+7-b1504.28-7817840)
# Java VM: OpenJDK 64-Bit Server VM (11.0.12+7-b1504.28-7817840, mixed mode, tiered, compressed oops, g1 gc, windows-amd64)
# No core dump will be written. Minidumps are not enabled by default on client versions of Windows
#

---------------  S U M M A R Y ------------

Command Line: --add-opens=java.base/java.util=ALL-UNNAMED --add-opens=java.base/java.lang=ALL-UNNAMED --add-opens=java.base/java.lang.invoke=ALL-UNNAMED --add-opens=java.base/java.util=ALL-UNNAMED --add-opens=java.prefs/java.util.prefs=ALL-UNNAMED --add-opens=java.prefs/java.util.prefs=ALL-UNNAMED --add-opens=java.base/java.nio.charset=ALL-UNNAMED --add-opens=java.base/java.net=ALL-UNNAMED --add-opens=java.base/java.util.concurrent.atomic=ALL-UNNAMED -Xmx2048m -Dfile.encoding=UTF-8 -Duser.country=US -Duser.language=en -Duser.variant org.gradle.launcher.daemon.bootstrap.GradleDaemon 7.3.3

Host: Intel(R) Core(TM) i3-8100 CPU @ 3.60GHz, 4 cores, 3G,  Windows 10 , 64 bit Build 22000 (10.0.22000.708)
Time: Tue Aug 23 11:11:31 2022 India Standard Time elapsed time: 27.265939 seconds (0d 0h 0m 27s)

---------------  T H R E A D  ---------------

Current thread (0x0000023c5843a800):  VMThread "VM Thread" [stack: 0x000000ea57300000,0x000000ea57400000] [id=7496]

Stack: [0x000000ea57300000,0x000000ea57400000]
[error occurred during error reporting (printing stack bounds), id 0xc0000005, EXCEPTION_ACCESS_VIOLATION (0xc0000005) at pc=0x0000023c4239112d]

Native frames: (J=compiled Java code, j=interpreted, Vv=VM code, C=native code)
V  [jvm.dll+0x5fbcea]
V  [jvm.dll+0x731905]
V  [jvm.dll+0x732f1d]
V  [jvm.dll+0x733535]
V  [jvm.dll+0x7334eb]
V  [jvm.dll+0x5fb080]
V  [jvm.dll+0x5fb818]
C  [ntdll.dll+0xa8fcf]
C  [ntdll.dll+0x35e9a]
C  [ntdll.dll+0xa7fde]
C  0x0000023c4239112d

VM_Operation (0x000000ea5d7fe000): G1CollectForAllocation, mode: safepoint, requested by thread 0x0000023c61770800


---------------  P R O C E S S  ---------------

Threads class SMR info:
_java_thread_list=0x0000023c5f7f70a0, length=100, elements={
0x0000023c3e87b800, 0x0000023c5843f000, 0x0000023c58448000, 0x0000023c584a0800,
0x0000023c584a1800, 0x0000023c584a2800, 0x0000023c584a6000, 0x0000023c584b2000,
0x0000023c584b6000, 0x0000023c58f20000, 0x0000023c59956000, 0x0000023c5a2d0800,
0x0000023c5a43d000, 0x0000023c5ac23800, 0x0000023c59821000, 0x0000023c5a8d6800,
0x0000023c5998a000, 0x0000023c5a745800, 0x0000023c5a97d000, 0x0000023c5ae53000,
0x0000023c5ae56000, 0x0000023c5ae54000, 0x0000023c5ae54800, 0x0000023c5ae55800,
0x0000023c5ae57000, 0x0000023c5ae51800, 0x0000023c5ae58000, 0x0000023c5ae52000,
0x0000023c5cf07000, 0x0000023c5cf04800, 0x0000023c5cf05800, 0x0000023c5cf0c000,
0x0000023c5cf09800, 0x0000023c5cf0c800, 0x0000023c5cf0a000, 0x0000023c5cf0d800,
0x0000023c5cf08000, 0x0000023c5cf0e800, 0x0000023c5cf08800, 0x0000023c5cf0f000,
0x0000023c5cf13000, 0x0000023c5cf10000, 0x0000023c5cf11000, 0x0000023c5cf12800,
0x0000023c5cf11800, 0x0000023c5d8e9800, 0x0000023c5d8ea800, 0x0000023c5d8eb000,
0x0000023c5d8ec000, 0x0000023c5d8ed000, 0x0000023c5d8e8800, 0x0000023c5d8e7000,
0x0000023c5d8ed800, 0x0000023c5d8e8000, 0x0000023c5d8f1800, 0x0000023c5d8f4000,
0x0000023c5d8f2800, 0x0000023c5d8f3800, 0x0000023c5d8ee800, 0x0000023c5d8f1000,
0x0000023c5d8f0000, 0x0000023c5d8ef000, 0x0000023c5d8f5000, 0x0000023c5d8f5800,
0x0000023c5d60a800, 0x0000023c5d607000, 0x0000023c5d60b000, 0x0000023c5d60c000,
0x0000023c5d608000, 0x0000023c5d606800, 0x0000023c5d60d000, 0x0000023c5d60d800,
0x0000023c5d60e800, 0x0000023c5d608800, 0x0000023c5d60f800, 0x0000023c5d609800,
0x0000023c5d614000, 0x0000023c5d611000, 0x0000023c5d610000, 0x0000023c5d611800,
0x0000023c5d612800, 0x0000023c5d613800, 0x0000023c5d615000, 0x0000023c5faf3000,
0x0000023c5faf7000, 0x0000023c5faf3800, 0x0000023c5faf4800, 0x0000023c5faf6000,
0x0000023c5faf1000, 0x0000023c5faf7800, 0x0000023c6176a000, 0x0000023c6176e000,
0x0000023c6176d800, 0x0000023c6176c800, 0x0000023c6176f000, 0x0000023c61770000,
0x0000023c61770800, 0x0000023c6176b000, 0x0000023c61771800, 0x0000023c6176c000
}

Java Threads: ( => current thread )
  0x0000023c3e87b800 JavaThread "main" [_thread_blocked, id=1804, stack(0x000000ea56d00000,0x000000ea56e00000)]
  0x0000023c5843f000 JavaThread "Reference Handler" daemon [_thread_blocked, id=1692, stack(0x000000ea57400000,0x000000ea57500000)]
  0x0000023c58448000 JavaThread "Finalizer" daemon [_thread_blocked, id=2740, stack(0x000000ea57500000,0x000000ea57600000)]
  0x0000023c584a0800 JavaThread "Signal Dispatcher" daemon [_thread_blocked, id=8384, stack(0x000000ea57600000,0x000000ea57700000)]
  0x0000023c584a1800 JavaThread "Attach Listener" daemon [_thread_blocked, id=3724, stack(0x000000ea57700000,0x000000ea57800000)]
  0x0000023c584a2800 JavaThread "Service Thread" daemon [_thread_blocked, id=6864, stack(0x000000ea57800000,0x000000ea57900000)]
  0x0000023c584a6000 JavaThread "C2 CompilerThread0" daemon [_thread_in_native, id=9840, stack(0x000000ea57900000,0x000000ea57a00000)]
  0x0000023c584b2000 JavaThread "C1 CompilerThread0" daemon [_thread_blocked, id=996, stack(0x000000ea57a00000,0x000000ea57b00000)]
  0x0000023c584b6000 JavaThread "Sweeper thread" daemon [_thread_blocked, id=2476, stack(0x000000ea57b00000,0x000000ea57c00000)]
  0x0000023c58f20000 JavaThread "Common-Cleaner" daemon [_thread_blocked, id=9872, stack(0x000000ea57c00000,0x000000ea57d00000)]
  0x0000023c59956000 JavaThread "Daemon health stats" [_thread_blocked, id=10528, stack(0x000000ea57f00000,0x000000ea58000000)]
  0x0000023c5a2d0800 JavaThread "Incoming local TCP Connector on port 56187" [_thread_in_native, id=2296, stack(0x000000ea58000000,0x000000ea58100000)]
  0x0000023c5a43d000 JavaThread "Daemon periodic checks" [_thread_blocked, id=5924, stack(0x000000ea58100000,0x000000ea58200000)]
  0x0000023c5ac23800 JavaThread "Daemon" [_thread_blocked, id=10668, stack(0x000000ea58200000,0x000000ea58300000)]
  0x0000023c59821000 JavaThread "Handler for socket connection from /127.0.0.1:56187 to /127.0.0.1:56188" [_thread_in_native, id=9552, stack(0x000000ea58300000,0x000000ea58400000)]
  0x0000023c5a8d6800 JavaThread "Cancel handler" [_thread_blocked, id=8168, stack(0x000000ea58400000,0x000000ea58500000)]
  0x0000023c5998a000 JavaThread "Daemon worker" [_thread_blocked, id=1080, stack(0x000000ea58500000,0x000000ea58600000)]
  0x0000023c5a745800 JavaThread "Asynchronous log dispatcher for DefaultDaemonConnection: socket connection from /127.0.0.1:56187 to /127.0.0.1:56188" [_thread_blocked, id=5952, stack(0x000000ea58600000,0x000000ea58700000)]
  0x0000023c5a97d000 JavaThread "Stdin handler" [_thread_blocked, id=12212, stack(0x000000ea58700000,0x000000ea58800000)]
  0x0000023c5ae53000 JavaThread "Daemon client event forwarder" [_thread_blocked, id=916, stack(0x000000ea58800000,0x000000ea58900000)]
  0x0000023c5ae56000 JavaThread "Cache worker for journal cache (C:\Users\Dell\.gradle\caches\journal-1)" [_thread_blocked, id=9644, stack(0x000000ea58b00000,0x000000ea58c00000)]
  0x0000023c5ae54000 JavaThread "File lock request listener" [_thread_in_native, id=10136, stack(0x000000ea58c00000,0x000000ea58d00000)]
  0x0000023c5ae54800 JavaThread "Cache worker for file hash cache (C:\Users\Dell\.gradle\caches\7.3.3\fileHashes)" [_thread_blocked, id=2916, stack(0x000000ea58d00000,0x000000ea58e00000)]
  0x0000023c5ae55800 JavaThread "Cache worker for file hash cache (C:\Users\Dell\Viwall\.gradle\7.3.3\fileHashes)" [_thread_blocked, id=2012, stack(0x000000ea58e00000,0x000000ea58f00000)]
  0x0000023c5ae57000 JavaThread "File watcher server" daemon [_thread_blocked, id=11660, stack(0x000000ea58f00000,0x000000ea59000000)]
  0x0000023c5ae51800 JavaThread "File watcher consumer" daemon [_thread_blocked, id=2452, stack(0x000000ea59000000,0x000000ea59100000)]
  0x0000023c5ae58000 JavaThread "Cache worker for checksums cache (C:\Users\Dell\Viwall\.gradle\7.3.3\checksums)" [_thread_blocked, id=9156, stack(0x000000ea59100000,0x000000ea59200000)]
  0x0000023c5ae52000 JavaThread "Cache worker for cache directory md-supplier (C:\Users\Dell\.gradle\caches\7.3.3\md-supplier)" [_thread_blocked, id=3336, stack(0x000000ea59200000,0x000000ea59300000)]
  0x0000023c5cf07000 JavaThread "Cache worker for cache directory md-rule (C:\Users\Dell\.gradle\caches\7.3.3\md-rule)" [_thread_blocked, id=10748, stack(0x000000ea59300000,0x000000ea59400000)]
  0x0000023c5cf04800 JavaThread "Cache worker for execution history cache (C:\Users\Dell\.gradle\caches\7.3.3\executionHistory)" [_thread_blocked, id=1764, stack(0x000000ea59400000,0x000000ea59500000)]
  0x0000023c5cf05800 JavaThread "jar transforms" [_thread_blocked, id=2212, stack(0x000000ea59500000,0x000000ea59600000)]
  0x0000023c5cf0c000 JavaThread "Cache worker for file content cache (C:\Users\Dell\.gradle\caches\7.3.3\fileContent)" [_thread_blocked, id=3308, stack(0x000000ea59600000,0x000000ea59700000)]
  0x0000023c5cf09800 JavaThread "jar transforms Thread 2" [_thread_blocked, id=6704, stack(0x000000ea59700000,0x000000ea59800000)]
  0x0000023c5cf0c800 JavaThread "Cache worker for dependencies-accessors (C:\Users\Dell\Viwall\.gradle\7.3.3\dependencies-accessors)" [_thread_blocked, id=6300, stack(0x000000ea59800000,0x000000ea59900000)]
  0x0000023c5cf0a000 JavaThread "jar transforms Thread 3" [_thread_blocked, id=8988, stack(0x000000ea59900000,0x000000ea59a00000)]
  0x0000023c5cf0d800 JavaThread "Cache worker for Build Output Cleanup Cache (C:\Users\Dell\Viwall\.gradle\buildOutputCleanup)" [_thread_blocked, id=11324, stack(0x000000ea59a00000,0x000000ea59b00000)]
  0x0000023c5cf08000 JavaThread "Unconstrained build operations" [_thread_blocked, id=5700, stack(0x000000ea59b00000,0x000000ea59c00000)]
  0x0000023c5cf0e800 JavaThread "Unconstrained build operations Thread 2" [_thread_blocked, id=11856, stack(0x000000ea59c00000,0x000000ea59d00000)]
  0x0000023c5cf08800 JavaThread "Unconstrained build operations Thread 3" [_thread_blocked, id=4404, stack(0x000000ea59d00000,0x000000ea59e00000)]
  0x0000023c5cf0f000 JavaThread "Unconstrained build operations Thread 4" [_thread_blocked, id=5144, stack(0x000000ea59e00000,0x000000ea59f00000)]
  0x0000023c5cf13000 JavaThread "Unconstrained build operations Thread 5" [_thread_blocked, id=6424, stack(0x000000ea59f00000,0x000000ea5a000000)]
  0x0000023c5cf10000 JavaThread "Unconstrained build operations Thread 6" [_thread_blocked, id=4664, stack(0x000000ea5a000000,0x000000ea5a100000)]
  0x0000023c5cf11000 JavaThread "Unconstrained build operations Thread 7" [_thread_blocked, id=7840, stack(0x000000ea5a100000,0x000000ea5a200000)]
  0x0000023c5cf12800 JavaThread "Unconstrained build operations Thread 8" [_thread_blocked, id=2700, stack(0x000000ea5a200000,0x000000ea5a300000)]
  0x0000023c5cf11800 JavaThread "Unconstrained build operations Thread 9" [_thread_blocked, id=11836, stack(0x000000ea5a300000,0x000000ea5a400000)]
  0x0000023c5d8e9800 JavaThread "Unconstrained build operations Thread 10" [_thread_blocked, id=8948, stack(0x000000ea5a400000,0x000000ea5a500000)]
  0x0000023c5d8ea800 JavaThread "Unconstrained build operations Thread 11" [_thread_blocked, id=2040, stack(0x000000ea5a500000,0x000000ea5a600000)]
  0x0000023c5d8eb000 JavaThread "Unconstrained build operations Thread 12" [_thread_blocked, id=4856, stack(0x000000ea5a600000,0x000000ea5a700000)]
  0x0000023c5d8ec000 JavaThread "Unconstrained build operations Thread 13" [_thread_blocked, id=10916, stack(0x000000ea5a700000,0x000000ea5a800000)]
  0x0000023c5d8ed000 JavaThread "Unconstrained build operations Thread 14" [_thread_blocked, id=11200, stack(0x000000ea5a800000,0x000000ea5a900000)]
  0x0000023c5d8e8800 JavaThread "Unconstrained build operations Thread 15" [_thread_blocked, id=6252, stack(0x000000ea5a900000,0x000000ea5aa00000)]
  0x0000023c5d8e7000 JavaThread "Unconstrained build operations Thread 16" [_thread_blocked, id=3440, stack(0x000000ea5aa00000,0x000000ea5ab00000)]
  0x0000023c5d8ed800 JavaThread "Unconstrained build operations Thread 17" [_thread_blocked, id=3940, stack(0x000000ea5ab00000,0x000000ea5ac00000)]
  0x0000023c5d8e8000 JavaThread "Unconstrained build operations Thread 18" [_thread_blocked, id=5616, stack(0x000000ea5ac00000,0x000000ea5ad00000)]
  0x0000023c5d8f1800 JavaThread "Unconstrained build operations Thread 19" [_thread_blocked, id=12100, stack(0x000000ea5ad00000,0x000000ea5ae00000)]
  0x0000023c5d8f4000 JavaThread "Unconstrained build operations Thread 20" [_thread_blocked, id=8252, stack(0x000000ea5ae00000,0x000000ea5af00000)]
  0x0000023c5d8f2800 JavaThread "Unconstrained build operations Thread 21" [_thread_blocked, id=5912, stack(0x000000ea5af00000,0x000000ea5b000000)]
  0x0000023c5d8f3800 JavaThread "Unconstrained build operations Thread 22" [_thread_blocked, id=1320, stack(0x000000ea5b000000,0x000000ea5b100000)]
  0x0000023c5d8ee800 JavaThread "Unconstrained build operations Thread 23" [_thread_blocked, id=524, stack(0x000000ea5b100000,0x000000ea5b200000)]
  0x0000023c5d8f1000 JavaThread "Unconstrained build operations Thread 24" [_thread_blocked, id=10780, stack(0x000000ea5b200000,0x000000ea5b300000)]
  0x0000023c5d8f0000 JavaThread "Unconstrained build operations Thread 25" [_thread_blocked, id=276, stack(0x000000ea5b300000,0x000000ea5b400000)]
  0x0000023c5d8ef000 JavaThread "Unconstrained build operations Thread 26" [_thread_blocked, id=5420, stack(0x000000ea5b400000,0x000000ea5b500000)]
  0x0000023c5d8f5000 JavaThread "Unconstrained build operations Thread 27" [_thread_blocked, id=9252, stack(0x000000ea5b500000,0x000000ea5b600000)]
  0x0000023c5d8f5800 JavaThread "Unconstrained build operations Thread 28" [_thread_blocked, id=4048, stack(0x000000ea5b600000,0x000000ea5b700000)]
  0x0000023c5d60a800 JavaThread "Unconstrained build operations Thread 29" [_thread_blocked, id=8536, stack(0x000000ea5b700000,0x000000ea5b800000)]
  0x0000023c5d607000 JavaThread "Unconstrained build operations Thread 30" [_thread_blocked, id=9908, stack(0x000000ea5b800000,0x000000ea5b900000)]
  0x0000023c5d60b000 JavaThread "Unconstrained build operations Thread 31" [_thread_blocked, id=5740, stack(0x000000ea5b900000,0x000000ea5ba00000)]
  0x0000023c5d60c000 JavaThread "Unconstrained build operations Thread 32" [_thread_blocked, id=12088, stack(0x000000ea5ba00000,0x000000ea5bb00000)]
  0x0000023c5d608000 JavaThread "Unconstrained build operations Thread 33" [_thread_blocked, id=12060, stack(0x000000ea5bb00000,0x000000ea5bc00000)]
  0x0000023c5d606800 JavaThread "Unconstrained build operations Thread 34" [_thread_blocked, id=4620, stack(0x000000ea5bc00000,0x000000ea5bd00000)]
  0x0000023c5d60d000 JavaThread "Unconstrained build operations Thread 35" [_thread_blocked, id=1752, stack(0x000000ea5bd00000,0x000000ea5be00000)]
  0x0000023c5d60d800 JavaThread "Unconstrained build operations Thread 36" [_thread_blocked, id=2400, stack(0x000000ea5be00000,0x000000ea5bf00000)]
  0x0000023c5d60e800 JavaThread "Unconstrained build operations Thread 37" [_thread_blocked, id=8568, stack(0x000000ea5bf00000,0x000000ea5c000000)]
  0x0000023c5d608800 JavaThread "Unconstrained build operations Thread 38" [_thread_blocked, id=7968, stack(0x000000ea5c000000,0x000000ea5c100000)]
  0x0000023c5d60f800 JavaThread "Unconstrained build operations Thread 39" [_thread_blocked, id=2748, stack(0x000000ea5c100000,0x000000ea5c200000)]
  0x0000023c5d609800 JavaThread "Unconstrained build operations Thread 40" [_thread_blocked, id=11120, stack(0x000000ea5c200000,0x000000ea5c300000)]
  0x0000023c5d614000 JavaThread "jar transforms Thread 4" [_thread_blocked, id=12096, stack(0x000000ea5c300000,0x000000ea5c400000)]
  0x0000023c5d611000 JavaThread "Memory manager" [_thread_blocked, id=4812, stack(0x000000ea5c400000,0x000000ea5c500000)]
  0x0000023c5d610000 JavaThread "build event listener" [_thread_blocked, id=5604, stack(0x000000ea5c500000,0x000000ea5c600000)]
  0x0000023c5d611800 JavaThread "build event listener" [_thread_blocked, id=9272, stack(0x000000ea5c600000,0x000000ea5c700000)]
  0x0000023c5d612800 JavaThread "pool-3-thread-1" [_thread_blocked, id=9868, stack(0x000000ea5c700000,0x000000ea5c800000)]
  0x0000023c5d613800 JavaThread "build event listener" [_thread_blocked, id=1376, stack(0x000000ea5c800000,0x000000ea5c900000)]
  0x0000023c5d615000 JavaThread "Execution worker for ':'" [_thread_blocked, id=3852, stack(0x000000ea5c900000,0x000000ea5ca00000)]
  0x0000023c5faf3000 JavaThread "Execution worker for ':' Thread 2" [_thread_blocked, id=3880, stack(0x000000ea5ca00000,0x000000ea5cb00000)]
  0x0000023c5faf7000 JavaThread "Execution worker for ':' Thread 3" [_thread_blocked, id=8908, stack(0x000000ea5cb00000,0x000000ea5cc00000)]
  0x0000023c5faf3800 JavaThread "Cache worker for execution history cache (C:\Users\Dell\Viwall\.gradle\7.3.3\executionHistory)" [_thread_blocked, id=1996, stack(0x000000ea5cc00000,0x000000ea5cd00000)]
  0x0000023c5faf4800 JavaThread "RMI Scheduler(0)" daemon [_thread_blocked, id=2164, stack(0x000000ea5cd00000,0x000000ea5ce00000)]
  0x0000023c5faf6000 JavaThread "RMI GC Daemon" daemon [_thread_blocked, id=9004, stack(0x000000ea5cf00000,0x000000ea5d000000)]
  0x0000023c5faf1000 JavaThread "RMI TCP Accept-0" daemon [_thread_in_native, id=9168, stack(0x000000ea5d000000,0x000000ea5d100000)]
  0x0000023c5faf7800 JavaThread "RMI Reaper" [_thread_blocked, id=11792, stack(0x000000ea5d100000,0x000000ea5d200000)]
  0x0000023c6176a000 JavaThread "RMI TCP Connection(1)-127.0.0.1" daemon [_thread_in_native, id=8520, stack(0x000000ea5d200000,0x000000ea5d300000)]
  0x0000023c6176e000 JavaThread "WorkerExecutor Queue" [_thread_blocked, id=5664, stack(0x000000ea5ce00000,0x000000ea5cf00000)]
  0x0000023c6176d800 JavaThread "WorkerExecutor Queue Thread 2" [_thread_blocked, id=11448, stack(0x000000ea5d300000,0x000000ea5d400000)]
  0x0000023c6176c800 JavaThread "WorkerExecutor Queue Thread 3" [_thread_blocked, id=6264, stack(0x000000ea5d400000,0x000000ea5d500000)]
  0x0000023c6176f000 JavaThread "WorkerExecutor Queue Thread 4" [_thread_blocked, id=1788, stack(0x000000ea5d500000,0x000000ea5d600000)]
  0x0000023c61770000 JavaThread "WorkerExecutor Queue Thread 5" [_thread_blocked, id=9008, stack(0x000000ea5d600000,0x000000ea5d700000)]
  0x0000023c61770800 JavaThread "ForkJoinPool-1-worker-3" daemon [_thread_blocked, id=8840, stack(0x000000ea5d700000,0x000000ea5d800000)]
  0x0000023c6176b000 JavaThread "ForkJoinPool-1-worker-5" daemon [_thread_blocked, id=1304, stack(0x000000ea5d800000,0x000000ea5d900000)]
  0x0000023c61771800 JavaThread "ForkJoinPool-1-worker-7" daemon [_thread_blocked, id=9656, stack(0x000000ea5d900000,0x000000ea5da00000)]
  0x0000023c6176c000 JavaThread "ForkJoinPool-1-worker-1" daemon [_thread_blocked, id=11676, stack(0x000000ea5da00000,0x000000ea5db00000)]

Other Threads:
=>0x0000023c5843a800 VMThread "VM Thread" [stack: 0x000000ea57300000,0x000000ea57400000] [id=7496]
  0x0000023c58f2f000 WatcherThread [stack: 0x000000ea57d00000,0x000000ea57e00000] [id=4424]
  0x0000023c3e895000 GCTaskThread "GC Thread#0" [stack: 0x000000ea56e00000,0x000000ea56f00000] [id=10152]
  0x0000023c597e6000 GCTaskThread "GC Thread#1" [stack: 0x000000ea57e00000,0x000000ea57f00000] [id=11068]
  0x0000023c5ae79000 GCTaskThread "GC Thread#2" [stack: 0x000000ea58900000,0x000000ea58a00000] [id=8860]
  0x0000023c5ade4800 GCTaskThread "GC Thread#3" [stack: 0x000000ea58a00000,0x000000ea58b00000] [id=9676]
  0x0000023c3e8c8800 ConcurrentGCThread "G1 Main Marker" [stack: 0x000000ea56f00000,0x000000ea57000000] [id=2724]
  0x0000023c3e8c9800 ConcurrentGCThread "G1 Conc#0" [stack: 0x000000ea57000000,0x000000ea57100000] [id=9132]
  0x0000023c3e925800 ConcurrentGCThread "G1 Refine#0" [stack: 0x000000ea57100000,0x000000ea57200000] [id=3260]
  0x0000023c3e928800 ConcurrentGCThread "G1 Young RemSet Sampling" [stack: 0x000000ea57200000,0x000000ea57300000] [id=11240]

Threads with active compile tasks:
C2 CompilerThread0  27324 12819 %     4       com.android.tools.r8.dex.j::m @ 64 (2094 bytes)

VM state:at safepoint (normal execution)

VM Mutex/Monitor currently owned by a thread:  ([mutex/lock_event])
[0x0000023c3e877280] Threads_lock - owner thread: 0x0000023c5843a800
[0x0000023c3e878120] Heap_lock - owner thread: 0x0000023c61770800

Heap address: 0x0000000080000000, size: 2048 MB, Compressed Oops mode: 32-bit
Narrow klass base: 0x0000000000000000, Narrow klass shift: 3
Compressed class space size: 1073741824 Address: 0x0000000100000000

Heap:
 garbage-first heap   total 407552K, used 204413K [0x0000000080000000, 0x0000000100000000)
  region size 1024K, 2 young (2048K), 2 survivors (2048K)
 Metaspace       used 111179K, capacity 114197K, committed 114432K, reserved 1148928K
  class space    used 14615K, capacity 15745K, committed 15872K, reserved 1048576K
Heap Regions: E=young(eden), S=young(survivor), O=old, HS=humongous(starts), HC=humongous(continues), CS=collection set, F=free, A=archive, TAMS=top-at-mark-start (previous, next)
|   0|0x0000000080000000, 0x0000000080100000, 0x0000000080100000|100%| O|  |TAMS 0x0000000080100000, 0x0000000080100000| Untracked 
|   1|0x0000000080100000, 0x0000000080200000, 0x0000000080200000|100%| O|  |TAMS 0x0000000080200000, 0x0000000080200000| Untracked 
|   2|0x0000000080200000, 0x0000000080300000, 0x0000000080300000|100%| O|  |TAMS 0x0000000080300000, 0x0000000080300000| Untracked 
|   3|0x0000000080300000, 0x0000000080400000, 0x0000000080400000|100%|HS|  |TAMS 0x0000000080400000, 0x0000000080400000| Complete 
|   4|0x0000000080400000, 0x0000000080500000, 0x0000000080500000|100%|HC|  |TAMS 0x0000000080500000, 0x0000000080500000| Complete 
|   5|0x0000000080500000, 0x0000000080600000, 0x0000000080600000|100%|HC|  |TAMS 0x0000000080600000, 0x0000000080600000| Complete 
|   6|0x0000000080600000, 0x0000000080700000, 0x0000000080700000|100%| O|  |TAMS 0x0000000080700000, 0x0000000080700000| Untracked 
|   7|0x0000000080700000, 0x0000000080800000, 0x0000000080800000|100%| O|  |TAMS 0x0000000080800000, 0x0000000080800000| Untracked 
|   8|0x0000000080800000, 0x0000000080900000, 0x0000000080900000|100%| O|  |TAMS 0x0000000080900000, 0x0000000080900000| Untracked 
|   9|0x0000000080900000, 0x0000000080a00000, 0x0000000080a00000|100%| O|  |TAMS 0x0000000080a00000, 0x0000000080a00000| Untracked 
|  10|0x0000000080a00000, 0x0000000080b00000, 0x0000000080b00000|100%| O|  |TAMS 0x0000000080b00000, 0x0000000080b00000| Untracked 
|  11|0x0000000080b00000, 0x0000000080c00000, 0x0000000080c00000|100%| O|  |TAMS 0x0000000080c00000, 0x0000000080c00000| Untracked 
|  12|0x0000000080c00000, 0x0000000080d00000, 0x0000000080d00000|100%| O|  |TAMS 0x0000000080d00000, 0x0000000080d00000| Untracked 
|  13|0x0000000080d00000, 0x0000000080e00000, 0x0000000080e00000|100%| O|  |TAMS 0x0000000080e00000, 0x0000000080e00000| Untracked 
|  14|0x0000000080e00000, 0x0000000080f00000, 0x0000000080f00000|100%| O|  |TAMS 0x0000000080f00000, 0x0000000080f00000| Untracked 
|  15|0x0000000080f00000, 0x0000000081000000, 0x0000000081000000|100%| O|  |TAMS 0x0000000081000000, 0x0000000081000000| Untracked 
|  16|0x0000000081000000, 0x0000000081100000, 0x0000000081100000|100%| O|  |TAMS 0x0000000081100000, 0x0000000081100000| Untracked 
|  17|0x0000000081100000, 0x0000000081200000, 0x0000000081200000|100%| O|  |TAMS 0x0000000081200000, 0x0000000081200000| Untracked 
|  18|0x0000000081200000, 0x0000000081300000, 0x0000000081300000|100%| O|  |TAMS 0x0000000081300000, 0x0000000081300000| Untracked 
|  19|0x0000000081300000, 0x0000000081400000, 0x0000000081400000|100%| O|  |TAMS 0x0000000081400000, 0x0000000081400000| Untracked 
|  20|0x0000000081400000, 0x0000000081500000, 0x0000000081500000|100%| O|  |TAMS 0x0000000081500000, 0x0000000081500000| Untracked 
|  21|0x0000000081500000, 0x0000000081600000, 0x0000000081600000|100%| O|  |TAMS 0x0000000081600000, 0x0000000081600000| Untracked 
|  22|0x0000000081600000, 0x0000000081700000, 0x0000000081700000|100%| O|  |TAMS 0x0000000081700000, 0x0000000081700000| Untracked 
|  23|0x0000000081700000, 0x0000000081800000, 0x0000000081800000|100%| O|  |TAMS 0x0000000081800000, 0x0000000081800000| Untracked 
|  24|0x0000000081800000, 0x0000000081900000, 0x0000000081900000|100%| O|  |TAMS 0x0000000081900000, 0x0000000081900000| Untracked 
|  25|0x0000000081900000, 0x0000000081a00000, 0x0000000081a00000|100%| O|  |TAMS 0x0000000081a00000, 0x0000000081a00000| Untracked 
|  26|0x0000000081a00000, 0x0000000081b00000, 0x0000000081b00000|100%| O|  |TAMS 0x0000000081b00000, 0x0000000081b00000| Untracked 
|  27|0x0000000081b00000, 0x0000000081c00000, 0x0000000081c00000|100%| O|  |TAMS 0x0000000081c00000, 0x0000000081c00000| Untracked 
|  28|0x0000000081c00000, 0x0000000081d00000, 0x0000000081d00000|100%| O|  |TAMS 0x0000000081d00000, 0x0000000081d00000| Untracked 
|  29|0x0000000081d00000, 0x0000000081e00000, 0x0000000081e00000|100%|HS|  |TAMS 0x0000000081e00000, 0x0000000081e00000| Complete 
|  30|0x0000000081e00000, 0x0000000081f00000, 0x0000000081f00000|100%|HS|  |TAMS 0x0000000081f00000, 0x0000000081f00000| Complete 
|  31|0x0000000081f00000, 0x0000000082000000, 0x0000000082000000|100%|HS|  |TAMS 0x0000000082000000, 0x0000000082000000| Complete 
|  32|0x0000000082000000, 0x0000000082100000, 0x0000000082100000|100%|HS|  |TAMS 0x0000000082100000, 0x0000000082100000| Complete 
|  33|0x0000000082100000, 0x0000000082200000, 0x0000000082200000|100%|HC|  |TAMS 0x0000000082200000, 0x0000000082200000| Complete 
|  34|0x0000000082200000, 0x0000000082300000, 0x0000000082300000|100%|HC|  |TAMS 0x0000000082300000, 0x0000000082300000| Complete 
|  35|0x0000000082300000, 0x0000000082400000, 0x0000000082400000|100%|HS|  |TAMS 0x0000000082400000, 0x0000000082400000| Complete 
|  36|0x0000000082400000, 0x0000000082500000, 0x0000000082500000|100%|HC|  |TAMS 0x0000000082500000, 0x0000000082500000| Complete 
|  37|0x0000000082500000, 0x0000000082600000, 0x0000000082600000|100%| O|  |TAMS 0x0000000082600000, 0x0000000082600000| Untracked 
|  38|0x0000000082600000, 0x0000000082700000, 0x0000000082700000|100%| O|  |TAMS 0x0000000082700000, 0x0000000082700000| Untracked 
|  39|0x0000000082700000, 0x0000000082800000, 0x0000000082800000|100%| O|  |TAMS 0x0000000082800000, 0x0000000082800000| Untracked 
|  40|0x0000000082800000, 0x0000000082900000, 0x0000000082900000|100%| O|  |TAMS 0x0000000082900000, 0x0000000082900000| Untracked 
|  41|0x0000000082900000, 0x0000000082a00000, 0x0000000082a00000|100%| O|  |TAMS 0x0000000082a00000, 0x0000000082a00000| Untracked 
|  42|0x0000000082a00000, 0x0000000082b00000, 0x0000000082b00000|100%| O|  |TAMS 0x0000000082b00000, 0x0000000082b00000| Untracked 
|  43|0x0000000082b00000, 0x0000000082c00000, 0x0000000082c00000|100%| O|  |TAMS 0x0000000082c00000, 0x0000000082c00000| Untracked 
|  44|0x0000000082c00000, 0x0000000082d00000, 0x0000000082d00000|100%| O|  |TAMS 0x0000000082d00000, 0x0000000082d00000| Untracked 
|  45|0x0000000082d00000, 0x0000000082e00000, 0x0000000082e00000|100%| O|  |TAMS 0x0000000082e00000, 0x0000000082e00000| Untracked 
|  46|0x0000000082e00000, 0x0000000082f00000, 0x0000000082f00000|100%| O|  |TAMS 0x0000000082f00000, 0x0000000082f00000| Untracked 
|  47|0x0000000082f00000, 0x0000000083000000, 0x0000000083000000|100%| O|  |TAMS 0x0000000083000000, 0x0000000083000000| Untracked 
|  48|0x0000000083000000, 0x0000000083100000, 0x0000000083100000|100%| O|  |TAMS 0x0000000083100000, 0x0000000083100000| Untracked 
|  49|0x0000000083100000, 0x0000000083200000, 0x0000000083200000|100%| O|  |TAMS 0x0000000083200000, 0x0000000083200000| Untracked 
|  50|0x0000000083200000, 0x0000000083300000, 0x0000000083300000|100%| O|  |TAMS 0x0000000083300000, 0x0000000083300000| Untracked 
|  51|0x0000000083300000, 0x0000000083400000, 0x0000000083400000|100%| O|  |TAMS 0x0000000083400000, 0x0000000083400000| Untracked 
|  52|0x0000000083400000, 0x0000000083500000, 0x0000000083500000|100%| O|  |TAMS 0x0000000083500000, 0x0000000083500000| Untracked 
|  53|0x0000000083500000, 0x0000000083600000, 0x0000000083600000|100%| O|  |TAMS 0x0000000083600000, 0x0000000083600000| Untracked 
|  54|0x0000000083600000, 0x0000000083700000, 0x0000000083700000|100%| O|  |TAMS 0x0000000083700000, 0x0000000083700000| Untracked 
|  55|0x0000000083700000, 0x0000000083800000, 0x0000000083800000|100%| O|  |TAMS 0x0000000083800000, 0x0000000083800000| Untracked 
|  56|0x0000000083800000, 0x0000000083900000, 0x0000000083900000|100%| O|  |TAMS 0x0000000083900000, 0x0000000083900000| Untracked 
|  57|0x0000000083900000, 0x0000000083a00000, 0x0000000083a00000|100%| O|  |TAMS 0x0000000083a00000, 0x0000000083a00000| Untracked 
|  58|0x0000000083a00000, 0x0000000083b00000, 0x0000000083b00000|100%| O|  |TAMS 0x0000000083b00000, 0x0000000083b00000| Untracked 
|  59|0x0000000083b00000, 0x0000000083c00000, 0x0000000083c00000|100%| O|  |TAMS 0x0000000083c00000, 0x0000000083c00000| Untracked 
|  60|0x0000000083c00000, 0x0000000083d00000, 0x0000000083d00000|100%| O|  |TAMS 0x0000000083d00000, 0x0000000083d00000| Untracked 
|  61|0x0000000083d00000, 0x0000000083e00000, 0x0000000083e00000|100%| O|  |TAMS 0x0000000083e00000, 0x0000000083e00000| Untracked 
|  62|0x0000000083e00000, 0x0000000083f00000, 0x0000000083f00000|100%| O|  |TAMS 0x0000000083f00000, 0x0000000083f00000| Untracked 
|  63|0x0000000083f00000, 0x0000000084000000, 0x0000000084000000|100%| O|  |TAMS 0x0000000084000000, 0x0000000084000000| Untracked 
|  64|0x0000000084000000, 0x0000000084100000, 0x0000000084100000|100%| O|  |TAMS 0x0000000084100000, 0x0000000084100000| Untracked 
|  65|0x0000000084100000, 0x0000000084200000, 0x0000000084200000|100%| O|  |TAMS 0x0000000084200000, 0x0000000084200000| Untracked 
|  66|0x0000000084200000, 0x0000000084300000, 0x0000000084300000|100%| O|  |TAMS 0x0000000084300000, 0x0000000084300000| Untracked 
|  67|0x0000000084300000, 0x0000000084400000, 0x0000000084400000|100%| O|  |TAMS 0x0000000084400000, 0x0000000084400000| Untracked 
|  68|0x0000000084400000, 0x0000000084500000, 0x0000000084500000|100%| O|  |TAMS 0x0000000084500000, 0x0000000084500000| Untracked 
|  69|0x0000000084500000, 0x0000000084600000, 0x0000000084600000|100%| O|  |TAMS 0x0000000084600000, 0x0000000084600000| Untracked 
|  70|0x0000000084600000, 0x0000000084700000, 0x0000000084700000|100%| O|  |TAMS 0x0000000084700000, 0x0000000084700000| Untracked 
|  71|0x0000000084700000, 0x0000000084800000, 0x0000000084800000|100%| O|  |TAMS 0x0000000084800000, 0x0000000084800000| Untracked 
|  72|0x0000000084800000, 0x0000000084900000, 0x0000000084900000|100%| O|  |TAMS 0x0000000084900000, 0x0000000084900000| Untracked 
|  73|0x0000000084900000, 0x0000000084a00000, 0x0000000084a00000|100%| O|  |TAMS 0x0000000084a00000, 0x0000000084a00000| Untracked 
|  74|0x0000000084a00000, 0x0000000084b00000, 0x0000000084b00000|100%| O|  |TAMS 0x0000000084b00000, 0x0000000084b00000| Untracked 
|  75|0x0000000084b00000, 0x0000000084c00000, 0x0000000084c00000|100%| O|  |TAMS 0x0000000084c00000, 0x0000000084c00000| Untracked 
|  76|0x0000000084c00000, 0x0000000084d00000, 0x0000000084d00000|100%| O|  |TAMS 0x0000000084d00000, 0x0000000084d00000| Untracked 
|  77|0x0000000084d00000, 0x0000000084e00000, 0x0000000084e00000|100%| O|  |TAMS 0x0000000084e00000, 0x0000000084e00000| Untracked 
|  78|0x0000000084e00000, 0x0000000084f00000, 0x0000000084f00000|100%| O|  |TAMS 0x0000000084f00000, 0x0000000084f00000| Untracked 
|  79|0x0000000084f00000, 0x0000000085000000, 0x0000000085000000|100%| O|  |TAMS 0x0000000085000000, 0x0000000085000000| Untracked 
|  80|0x0000000085000000, 0x0000000085100000, 0x0000000085100000|100%| O|  |TAMS 0x0000000085100000, 0x0000000085100000| Untracked 
|  81|0x0000000085100000, 0x0000000085200000, 0x0000000085200000|100%| O|  |TAMS 0x0000000085200000, 0x0000000085200000| Untracked 
|  82|0x0000000085200000, 0x0000000085300000, 0x0000000085300000|100%| O|  |TAMS 0x0000000085300000, 0x0000000085300000| Untracked 
|  83|0x0000000085300000, 0x0000000085400000, 0x0000000085400000|100%| O|  |TAMS 0x0000000085400000, 0x0000000085400000| Untracked 
|  84|0x0000000085400000, 0x0000000085500000, 0x0000000085500000|100%| O|  |TAMS 0x0000000085500000, 0x0000000085500000| Untracked 
|  85|0x0000000085500000, 0x0000000085600000, 0x0000000085600000|100%| O|  |TAMS 0x0000000085600000, 0x0000000085600000| Untracked 
|  86|0x0000000085600000, 0x0000000085700000, 0x0000000085700000|100%| O|  |TAMS 0x0000000085700000, 0x0000000085700000| Untracked 
|  87|0x0000000085700000, 0x0000000085800000, 0x0000000085800000|100%| O|  |TAMS 0x0000000085800000, 0x0000000085800000| Untracked 
|  88|0x0000000085800000, 0x0000000085900000, 0x0000000085900000|100%| O|  |TAMS 0x0000000085900000, 0x0000000085900000| Untracked 
|  89|0x0000000085900000, 0x0000000085a00000, 0x0000000085a00000|100%| O|  |TAMS 0x0000000085a00000, 0x0000000085a00000| Untracked 
|  90|0x0000000085a00000, 0x0000000085b00000, 0x0000000085b00000|100%| O|  |TAMS 0x0000000085b00000, 0x0000000085b00000| Untracked 
|  91|0x0000000085b00000, 0x0000000085c00000, 0x0000000085c00000|100%| O|  |TAMS 0x0000000085c00000, 0x0000000085c00000| Untracked 
|  92|0x0000000085c00000, 0x0000000085d00000, 0x0000000085d00000|100%| O|  |TAMS 0x0000000085d00000, 0x0000000085d00000| Untracked 
|  93|0x0000000085d00000, 0x0000000085e00000, 0x0000000085e00000|100%| O|  |TAMS 0x0000000085e00000, 0x0000000085e00000| Untracked 
|  94|0x0000000085e00000, 0x0000000085f00000, 0x0000000085f00000|100%| O|  |TAMS 0x0000000085f00000, 0x0000000085f00000| Untracked 
|  95|0x0000000085f00000, 0x0000000086000000, 0x0000000086000000|100%| O|  |TAMS 0x0000000086000000, 0x0000000086000000| Untracked 
|  96|0x0000000086000000, 0x0000000086100000, 0x0000000086100000|100%|HS|  |TAMS 0x0000000086100000, 0x0000000086100000| Complete 
|  97|0x0000000086100000, 0x0000000086200000, 0x0000000086200000|100%|HC|  |TAMS 0x0000000086200000, 0x0000000086200000| Complete 
|  98|0x0000000086200000, 0x0000000086300000, 0x0000000086300000|100%|HC|  |TAMS 0x0000000086300000, 0x0000000086300000| Complete 
|  99|0x0000000086300000, 0x0000000086400000, 0x0000000086400000|100%|HC|  |TAMS 0x0000000086400000, 0x0000000086400000| Complete 
| 100|0x0000000086400000, 0x0000000086500000, 0x0000000086500000|100%|HC|  |TAMS 0x0000000086500000, 0x0000000086500000| Complete 
| 101|0x0000000086500000, 0x0000000086600000, 0x0000000086600000|100%|HC|  |TAMS 0x0000000086600000, 0x0000000086600000| Complete 
| 102|0x0000000086600000, 0x0000000086700000, 0x0000000086700000|100%|HC|  |TAMS 0x0000000086700000, 0x0000000086700000| Complete 
| 103|0x0000000086700000, 0x0000000086800000, 0x0000000086800000|100%|HC|  |TAMS 0x0000000086800000, 0x0000000086800000| Complete 
| 104|0x0000000086800000, 0x0000000086900000, 0x0000000086900000|100%|HC|  |TAMS 0x0000000086900000, 0x0000000086900000| Complete 
| 105|0x0000000086900000, 0x0000000086a00000, 0x0000000086a00000|100%|HS|  |TAMS 0x0000000086a00000, 0x0000000086a00000| Complete 
| 106|0x0000000086a00000, 0x0000000086b00000, 0x0000000086b00000|100%|HC|  |TAMS 0x0000000086b00000, 0x0000000086b00000| Complete 
| 107|0x0000000086b00000, 0x0000000086c00000, 0x0000000086c00000|100%|HC|  |TAMS 0x0000000086c00000, 0x0000000086c00000| Complete 
| 108|0x0000000086c00000, 0x0000000086d00000, 0x0000000086d00000|100%|HC|  |TAMS 0x0000000086d00000, 0x0000000086d00000| Complete 
| 109|0x0000000086d00000, 0x0000000086e00000, 0x0000000086e00000|100%|HC|  |TAMS 0x0000000086e00000, 0x0000000086e00000| Complete 
| 110|0x0000000086e00000, 0x0000000086f00000, 0x0000000086f00000|100%|HC|  |TAMS 0x0000000086f00000, 0x0000000086f00000| Complete 
| 111|0x0000000086f00000, 0x0000000087000000, 0x0000000087000000|100%|HC|  |TAMS 0x0000000087000000, 0x0000000087000000| Complete 
| 112|0x0000000087000000, 0x0000000087100000, 0x0000000087100000|100%|HC|  |TAMS 0x0000000087100000, 0x0000000087100000| Complete 
| 113|0x0000000087100000, 0x0000000087200000, 0x0000000087200000|100%| O|  |TAMS 0x0000000087200000, 0x0000000087200000| Untracked 
| 114|0x0000000087200000, 0x0000000087300000, 0x0000000087300000|100%| O|  |TAMS 0x0000000087300000, 0x0000000087300000| Untracked 
| 115|0x0000000087300000, 0x0000000087400000, 0x0000000087400000|100%| O|  |TAMS 0x0000000087400000, 0x0000000087400000| Untracked 
| 116|0x0000000087400000, 0x0000000087500000, 0x0000000087500000|100%| O|  |TAMS 0x0000000087500000, 0x0000000087500000| Untracked 
| 117|0x0000000087500000, 0x0000000087600000, 0x0000000087600000|100%| O|  |TAMS 0x0000000087600000, 0x0000000087600000| Untracked 
| 118|0x0000000087600000, 0x0000000087700000, 0x0000000087700000|100%| O|  |TAMS 0x0000000087700000, 0x0000000087700000| Untracked 
| 119|0x0000000087700000, 0x0000000087800000, 0x0000000087800000|100%| O|  |TAMS 0x0000000087800000, 0x0000000087800000| Untracked 
| 120|0x0000000087800000, 0x0000000087900000, 0x0000000087900000|100%| O|  |TAMS 0x000000008786a800, 0x0000000087900000| Untracked 
| 121|0x0000000087900000, 0x0000000087a00000, 0x0000000087a00000|100%|HS|  |TAMS 0x0000000087900000, 0x0000000087a00000| Complete 
| 122|0x0000000087a00000, 0x0000000087b00000, 0x0000000087b00000|100%|HS|  |TAMS 0x0000000087a00000, 0x0000000087b00000| Complete 
| 123|0x0000000087b00000, 0x0000000087c00000, 0x0000000087c00000|100%| O|  |TAMS 0x0000000087b00000, 0x0000000087c00000| Untracked 
| 124|0x0000000087c00000, 0x0000000087d00000, 0x0000000087d00000|100%| O|  |TAMS 0x0000000087c00000, 0x0000000087d00000| Untracked 
| 125|0x0000000087d00000, 0x0000000087e00000, 0x0000000087e00000|100%| O|  |TAMS 0x0000000087d00000, 0x0000000087e00000| Untracked 
| 126|0x0000000087e00000, 0x0000000087f00000, 0x0000000087f00000|100%| O|  |TAMS 0x0000000087e00000, 0x0000000087f00000| Untracked 
| 127|0x0000000087f00000, 0x0000000088000000, 0x0000000088000000|100%| O|  |TAMS 0x0000000087f00000, 0x0000000088000000| Untracked 
| 128|0x0000000088000000, 0x0000000088100000, 0x0000000088100000|100%| O|  |TAMS 0x0000000088000000, 0x0000000088100000| Untracked 
| 129|0x0000000088100000, 0x0000000088200000, 0x0000000088200000|100%| O|  |TAMS 0x0000000088100000, 0x0000000088200000| Untracked 
| 130|0x0000000088200000, 0x0000000088300000, 0x0000000088300000|100%| O|  |TAMS 0x0000000088200000, 0x0000000088300000| Untracked 
| 131|0x0000000088300000, 0x0000000088400000, 0x0000000088400000|100%| O|  |TAMS 0x0000000088300000, 0x0000000088400000| Untracked 
| 132|0x0000000088400000, 0x0000000088500000, 0x0000000088500000|100%| O|  |TAMS 0x0000000088400000, 0x0000000088500000| Untracked 
| 133|0x0000000088500000, 0x0000000088600000, 0x0000000088600000|100%| O|  |TAMS 0x0000000088500000, 0x0000000088600000| Untracked 
| 134|0x0000000088600000, 0x0000000088700000, 0x0000000088700000|100%| O|  |TAMS 0x0000000088600000, 0x0000000088700000| Untracked 
| 135|0x0000000088700000, 0x0000000088800000, 0x0000000088800000|100%| O|  |TAMS 0x0000000088700000, 0x0000000088800000| Untracked 
| 136|0x0000000088800000, 0x0000000088900000, 0x0000000088900000|100%| O|  |TAMS 0x0000000088800000, 0x0000000088900000| Untracked 
| 137|0x0000000088900000, 0x0000000088a00000, 0x0000000088a00000|100%|HS|  |TAMS 0x0000000088900000, 0x0000000088a00000| Complete 
| 138|0x0000000088a00000, 0x0000000088b00000, 0x0000000088b00000|100%|HC|  |TAMS 0x0000000088a00000, 0x0000000088b00000| Complete 
| 139|0x0000000088b00000, 0x0000000088c00000, 0x0000000088c00000|100%| O|  |TAMS 0x0000000088b00000, 0x0000000088c00000| Untracked 
| 140|0x0000000088c00000, 0x0000000088d00000, 0x0000000088d00000|100%| O|  |TAMS 0x0000000088c00000, 0x0000000088d00000| Untracked 
| 141|0x0000000088d00000, 0x0000000088e00000, 0x0000000088e00000|100%| O|  |TAMS 0x0000000088d00000, 0x0000000088e00000| Untracked 
| 142|0x0000000088e00000, 0x0000000088f00000, 0x0000000088f00000|100%| O|  |TAMS 0x0000000088e00000, 0x0000000088f00000| Untracked 
| 143|0x0000000088f00000, 0x0000000089000000, 0x0000000089000000|100%|HS|  |TAMS 0x0000000089000000, 0x0000000089000000| Complete 
| 144|0x0000000089000000, 0x0000000089100000, 0x0000000089100000|100%|HC|  |TAMS 0x0000000089100000, 0x0000000089100000| Complete 
| 145|0x0000000089100000, 0x0000000089200000, 0x0000000089200000|100%|HC|  |TAMS 0x0000000089200000, 0x0000000089200000| Complete 
| 146|0x0000000089200000, 0x0000000089300000, 0x0000000089300000|100%|HC|  |TAMS 0x0000000089300000, 0x0000000089300000| Complete 
| 147|0x0000000089300000, 0x0000000089400000, 0x0000000089400000|100%|HC|  |TAMS 0x0000000089400000, 0x0000000089400000| Complete 
| 148|0x0000000089400000, 0x0000000089500000, 0x0000000089500000|100%|HC|  |TAMS 0x0000000089500000, 0x0000000089500000| Complete 
| 149|0x0000000089500000, 0x0000000089600000, 0x0000000089600000|100%|HC|  |TAMS 0x0000000089600000, 0x0000000089600000| Complete 
| 150|0x0000000089600000, 0x0000000089700000, 0x0000000089700000|100%|HC|  |TAMS 0x0000000089700000, 0x0000000089700000| Complete 
| 151|0x0000000089700000, 0x0000000089800000, 0x0000000089800000|100%|HC|  |TAMS 0x0000000089800000, 0x0000000089800000| Complete 
| 152|0x0000000089800000, 0x0000000089900000, 0x0000000089900000|100%| O|  |TAMS 0x0000000089800000, 0x0000000089900000| Untracked 
| 153|0x0000000089900000, 0x0000000089a00000, 0x0000000089a00000|100%| O|  |TAMS 0x0000000089900000, 0x0000000089a00000| Untracked 
| 154|0x0000000089a00000, 0x0000000089b00000, 0x0000000089b00000|100%| O|  |TAMS 0x0000000089a00000, 0x0000000089b00000| Untracked 
| 155|0x0000000089b00000, 0x0000000089c00000, 0x0000000089c00000|100%| O|  |TAMS 0x0000000089b00000, 0x0000000089c00000| Untracked 
| 156|0x0000000089c00000, 0x0000000089d00000, 0x0000000089d00000|100%| O|  |TAMS 0x0000000089c00000, 0x0000000089d00000| Untracked 
| 157|0x0000000089d00000, 0x0000000089e00000, 0x0000000089e00000|100%| O|  |TAMS 0x0000000089d00000, 0x0000000089e00000| Untracked 
| 158|0x0000000089e00000, 0x0000000089f00000, 0x0000000089f00000|100%| O|  |TAMS 0x0000000089e00000, 0x0000000089f00000| Untracked 
| 159|0x0000000089f00000, 0x000000008a000000, 0x000000008a000000|100%| O|  |TAMS 0x0000000089f00000, 0x000000008a000000| Untracked 
| 160|0x000000008a000000, 0x000000008a100000, 0x000000008a100000|100%|HS|  |TAMS 0x000000008a100000, 0x000000008a100000| Complete 
| 161|0x000000008a100000, 0x000000008a200000, 0x000000008a200000|100%|HC|  |TAMS 0x000000008a200000, 0x000000008a200000| Complete 
| 162|0x000000008a200000, 0x000000008a300000, 0x000000008a300000|100%|HC|  |TAMS 0x000000008a300000, 0x000000008a300000| Complete 
| 163|0x000000008a300000, 0x000000008a400000, 0x000000008a400000|100%|HC|  |TAMS 0x000000008a400000, 0x000000008a400000| Complete 
| 164|0x000000008a400000, 0x000000008a500000, 0x000000008a500000|100%|HC|  |TAMS 0x000000008a500000, 0x000000008a500000| Complete 
| 165|0x000000008a500000, 0x000000008a600000, 0x000000008a600000|100%|HC|  |TAMS 0x000000008a600000, 0x000000008a600000| Complete 
| 166|0x000000008a600000, 0x000000008a700000, 0x000000008a700000|100%|HC|  |TAMS 0x000000008a700000, 0x000000008a700000| Complete 
| 167|0x000000008a700000, 0x000000008a800000, 0x000000008a800000|100%|HC|  |TAMS 0x000000008a800000, 0x000000008a800000| Complete 
| 168|0x000000008a800000, 0x000000008a900000, 0x000000008a900000|100%|HS|  |TAMS 0x000000008a800000, 0x000000008a900000| Complete 
| 169|0x000000008a900000, 0x000000008aa00000, 0x000000008aa00000|100%|HC|  |TAMS 0x000000008a900000, 0x000000008aa00000| Complete 
| 170|0x000000008aa00000, 0x000000008ab00000, 0x000000008ab00000|100%| O|  |TAMS 0x000000008aa00000, 0x000000008ab00000| Untracked 
| 171|0x000000008ab00000, 0x000000008ac00000, 0x000000008ac00000|100%| O|  |TAMS 0x000000008ab00000, 0x000000008ac00000| Untracked 
| 172|0x000000008ac00000, 0x000000008ad00000, 0x000000008ad00000|100%| O|  |TAMS 0x000000008ac00000, 0x000000008ad00000| Untracked 
| 173|0x000000008ad00000, 0x000000008ae00000, 0x000000008ae00000|100%|HS|  |TAMS 0x000000008ad00000, 0x000000008ae00000| Complete 
| 174|0x000000008ae00000, 0x000000008af00000, 0x000000008af00000|100%| O|  |TAMS 0x000000008ae00000, 0x000000008af00000| Untracked 
| 175|0x000000008af00000, 0x000000008b000000, 0x000000008b000000|100%| O|  |TAMS 0x000000008af00000, 0x000000008b000000| Untracked 
| 176|0x000000008b000000, 0x000000008b100000, 0x000000008b100000|100%| O|  |TAMS 0x000000008b000000, 0x000000008b100000| Untracked 
| 177|0x000000008b100000, 0x000000008b200000, 0x000000008b200000|100%| O|  |TAMS 0x000000008b100000, 0x000000008b200000| Untracked 
| 178|0x000000008b200000, 0x000000008b300000, 0x000000008b300000|100%| O|  |TAMS 0x000000008b200000, 0x000000008b300000| Untracked 
| 179|0x000000008b300000, 0x000000008b400000, 0x000000008b400000|100%| O|  |TAMS 0x000000008b300000, 0x000000008b400000| Untracked 
| 180|0x000000008b400000, 0x000000008b500000, 0x000000008b500000|100%| O|  |TAMS 0x000000008b400000, 0x000000008b500000| Untracked 
| 181|0x000000008b500000, 0x000000008b600000, 0x000000008b600000|100%| O|  |TAMS 0x000000008b500000, 0x000000008b500000| Untracked 
| 182|0x000000008b600000, 0x000000008b700000, 0x000000008b700000|100%| O|  |TAMS 0x000000008b600000, 0x000000008b600000| Untracked 
| 183|0x000000008b700000, 0x000000008b800000, 0x000000008b800000|100%| O|  |TAMS 0x000000008b700000, 0x000000008b700000| Untracked 
| 184|0x000000008b800000, 0x000000008b900000, 0x000000008b900000|100%| O|  |TAMS 0x000000008b800000, 0x000000008b800000| Untracked 
| 185|0x000000008b900000, 0x000000008ba00000, 0x000000008ba00000|100%| O|  |TAMS 0x000000008b900000, 0x000000008b900000| Untracked 
| 186|0x000000008ba00000, 0x000000008bb00000, 0x000000008bb00000|100%| O|  |TAMS 0x000000008ba00000, 0x000000008ba00000| Untracked 
| 187|0x000000008bb00000, 0x000000008bc00000, 0x000000008bc00000|100%| O|  |TAMS 0x000000008bb00000, 0x000000008bb00000| Untracked 
| 188|0x000000008bc00000, 0x000000008bc00000, 0x000000008bd00000|  0%| F|  |TAMS 0x000000008bc00000, 0x000000008bc00000| Untracked 
| 189|0x000000008bd00000, 0x000000008be00000, 0x000000008be00000|100%| O|  |TAMS 0x000000008bd00000, 0x000000008bd00000| Untracked 
| 190|0x000000008be00000, 0x000000008bf00000, 0x000000008bf00000|100%| S|CS|TAMS 0x000000008be00000, 0x000000008be00000| Complete 
| 191|0x000000008bf00000, 0x000000008bf00000, 0x000000008c000000|  0%| F|  |TAMS 0x000000008bf00000, 0x000000008bf00000| Untracked 
| 192|0x000000008c000000, 0x000000008c000000, 0x000000008c100000|  0%| F|  |TAMS 0x000000008c000000, 0x000000008c000000| Untracked 
| 193|0x000000008c100000, 0x000000008c200000, 0x000000008c200000|100%| O|  |TAMS 0x000000008c200000, 0x000000008c200000| Untracked 
| 194|0x000000008c200000, 0x000000008c200000, 0x000000008c300000|  0%| F|  |TAMS 0x000000008c200000, 0x000000008c200000| Untracked 
| 195|0x000000008c300000, 0x000000008c400000, 0x000000008c400000|100%| O|  |TAMS 0x000000008c400000, 0x000000008c400000| Untracked 
| 196|0x000000008c400000, 0x000000008c400000, 0x000000008c500000|  0%| F|  |TAMS 0x000000008c400000, 0x000000008c400000| Untracked 
| 197|0x000000008c500000, 0x000000008c500000, 0x000000008c600000|  0%| F|  |TAMS 0x000000008c500000, 0x000000008c500000| Untracked 
| 198|0x000000008c600000, 0x000000008c700000, 0x000000008c700000|100%| O|  |TAMS 0x000000008c700000, 0x000000008c700000| Untracked 
| 199|0x000000008c700000, 0x000000008c700000, 0x000000008c800000|  0%| F|  |TAMS 0x000000008c700000, 0x000000008c700000| Untracked 
| 200|0x000000008c800000, 0x000000008c800000, 0x000000008c900000|  0%| F|  |TAMS 0x000000008c800000, 0x000000008c800000| Untracked 
| 201|0x000000008c900000, 0x000000008c900000, 0x000000008ca00000|  0%| F|  |TAMS 0x000000008c900000, 0x000000008c900000| Untracked 
| 202|0x000000008ca00000, 0x000000008ca00000, 0x000000008cb00000|  0%| F|  |TAMS 0x000000008ca00000, 0x000000008ca00000| Untracked 
| 203|0x000000008cb00000, 0x000000008cc00000, 0x000000008cc00000|100%| O|  |TAMS 0x000000008cb00000, 0x000000008cb00000| Untracked 
| 204|0x000000008cc00000, 0x000000008cd00000, 0x000000008cd00000|100%| O|  |TAMS 0x000000008cc00000, 0x000000008cc00000| Untracked 
| 205|0x000000008cd00000, 0x000000008ce00000, 0x000000008ce00000|100%| O|  |TAMS 0x000000008cd00000, 0x000000008cd00000| Untracked 
| 206|0x000000008ce00000, 0x000000008cf00000, 0x000000008cf00000|100%| O|  |TAMS 0x000000008ce00000, 0x000000008ce00000| Untracked 
| 207|0x000000008cf00000, 0x000000008d000000, 0x000000008d000000|100%| S|CS|TAMS 0x000000008cf00000, 0x000000008cf00000| Complete 
| 208|0x000000008d000000, 0x000000008d100000, 0x000000008d100000|100%| O|  |TAMS 0x000000008d000000, 0x000000008d000000| Untracked 
| 209|0x000000008d100000, 0x000000008d19f400, 0x000000008d200000| 62%| O|  |TAMS 0x000000008d100000, 0x000000008d100000| Untracked 

Card table byte_map: [0x0000023c51790000,0x0000023c51b90000] _byte_map_base: 0x0000023c51390000

Marking Bits (Prev, Next): (CMBitMap*) 0x0000023c3e8bf898, (CMBitMap*) 0x0000023c3e8bf8d0
 Prev Bits: [0x0000023c51f90000, 0x0000023c53f90000)
 Next Bits: [0x0000023c53f90000, 0x0000023c55f90000)

Polling page: 0x0000023c3c7f0000

Metaspace:

Usage:
  Non-class:     96.14 MB capacity,    94.30 MB ( 98%) used,     1.49 MB (  2%) free+waste,   362.50 KB ( <1%) overhead. 
      Class:     15.38 MB capacity,    14.27 MB ( 93%) used,   962.05 KB (  6%) free+waste,   167.50 KB (  1%) overhead. 
       Both:    111.52 MB capacity,   108.57 MB ( 97%) used,     2.43 MB (  2%) free+waste,   530.00 KB ( <1%) overhead. 

Virtual space:
  Non-class space:       98.00 MB reserved,      96.25 MB ( 98%) committed 
      Class space:        1.00 GB reserved,      15.50 MB (  2%) committed 
             Both:        1.10 GB reserved,     111.75 MB ( 10%) committed 

Chunk freelists:
   Non-Class:  44.00 KB
       Class:  0 bytes
        Both:  44.00 KB

MaxMetaspaceSize: 17179869184.00 GB
CompressedClassSpaceSize: 1.00 GB
Initial GC threshold: 20.80 MB
Current GC threshold: 184.17 MB
CDS: off

CodeHeap 'non-profiled nmethods': size=120064Kb used=6930Kb max_used=6930Kb free=113133Kb
 bounds [0x0000023c49e50000, 0x0000023c4a520000, 0x0000023c51390000]
CodeHeap 'profiled nmethods': size=120000Kb used=27152Kb max_used=27152Kb free=92847Kb
 bounds [0x0000023c42920000, 0x0000023c443b0000, 0x0000023c49e50000]
CodeHeap 'non-nmethods': size=5696Kb used=2451Kb max_used=2473Kb free=3244Kb
 bounds [0x0000023c42390000, 0x0000023c42600000, 0x0000023c42920000]
 total_blobs=14002 nmethods=13019 adapters=895
 compilation: enabled
              stopped_count=0, restarted_count=0
 full_count=0

Compilation events (20 events):
Event: 27.208 Thread 0x0000023c584b2000 13227       2       com.android.tools.r8.internal.lV$$Lambda$1377/0x0000000100e64440::a (15 bytes)
Event: 27.208 Thread 0x0000023c584b2000 nmethod 13227 0x0000023c443a0a10 code [0x0000023c443a0be0, 0x0000023c443a0da8]
Event: 27.209 Thread 0x0000023c584b2000 13228       2       com.android.tools.r8.graph.f1::n (6 bytes)
Event: 27.209 Thread 0x0000023c584b2000 nmethod 13228 0x0000023c443a0e90 code [0x0000023c443a1040, 0x0000023c443a1138]
Event: 27.209 Thread 0x0000023c584b2000 13229       2       com.android.tools.r8.graph.f1$$Lambda$1373/0x0000000100e65440::a (5 bytes)
Event: 27.209 Thread 0x0000023c584b2000 nmethod 13229 0x0000023c443a1210 code [0x0000023c443a13e0, 0x0000023c443a1668]
Event: 27.209 Thread 0x0000023c584b2000 13230       2       com.android.tools.r8.internal.ac::b (50 bytes)
Event: 27.210 Thread 0x0000023c584b2000 nmethod 13230 0x0000023c443a1810 code [0x0000023c443a19e0, 0x0000023c443a1c48]
Event: 27.211 Thread 0x0000023c584b2000 13231       2       com.android.tools.r8.graph.a1$$Lambda$1370/0x0000000100e65840::a (5 bytes)
Event: 27.211 Thread 0x0000023c584b2000 nmethod 13231 0x0000023c443a1d90 code [0x0000023c443a1f80, 0x0000023c443a21a8]
Event: 27.215 Thread 0x0000023c584b2000 13233       2       com.android.tools.r8.graph.w0$$Lambda$1403/0x0000000100e87840::apply (15 bytes)
Event: 27.215 Thread 0x0000023c584b2000 nmethod 13233 0x0000023c443a2310 code [0x0000023c443a24c0, 0x0000023c443a2668]
Event: 27.216 Thread 0x0000023c584b2000 13234       2       com.android.tools.r8.graph.d1::a (49 bytes)
Event: 27.216 Thread 0x0000023c584b2000 nmethod 13234 0x0000023c443a2790 code [0x0000023c443a2960, 0x0000023c443a2ba8]
Event: 27.218 Thread 0x0000023c584b2000 13235       2       com.android.tools.r8.code.e::<init> (7 bytes)
Event: 27.218 Thread 0x0000023c584b2000 nmethod 13235 0x0000023c443a2d90 code [0x0000023c443a2f40, 0x0000023c443a3098]
Event: 27.223 Thread 0x0000023c584b2000 13237       2       java.util.Arrays::hashCode (44 bytes)
Event: 27.223 Thread 0x0000023c584b2000 nmethod 13237 0x0000023c443a3190 code [0x0000023c443a3340, 0x0000023c443a34b8]
Event: 27.224 Thread 0x0000023c584b2000 13238       2       com.android.tools.r8.code.x0::<init> (97 bytes)
Event: 27.225 Thread 0x0000023c584b2000 nmethod 13238 0x0000023c443a3590 code [0x0000023c443a37a0, 0x0000023c443a3cd8]

GC Heap History (20 events):
Event: 26.639 GC heap after
{Heap after GC invocations=53 (full 0):
 garbage-first heap   total 206848K, used 147724K [0x0000000080000000, 0x0000000100000000)
  region size 1024K, 4 young (4096K), 4 survivors (4096K)
 Metaspace       used 109903K, capacity 112933K, committed 113152K, reserved 1146880K
  class space    used 14377K, capacity 15518K, committed 15616K, reserved 1048576K
}
Event: 26.712 GC heap before
{Heap before GC invocations=53 (full 0):
 garbage-first heap   total 206848K, used 168204K [0x0000000080000000, 0x0000000100000000)
  region size 1024K, 22 young (22528K), 4 survivors (4096K)
 Metaspace       used 109953K, capacity 112998K, committed 113152K, reserved 1146880K
  class space    used 14377K, capacity 15518K, committed 15616K, reserved 1048576K
}
Event: 26.723 GC heap after
{Heap after GC invocations=54 (full 0):
 garbage-first heap   total 206848K, used 156201K [0x0000000080000000, 0x0000000100000000)
  region size 1024K, 3 young (3072K), 3 survivors (3072K)
 Metaspace       used 109953K, capacity 112998K, committed 113152K, reserved 1146880K
  class space    used 14377K, capacity 15518K, committed 15616K, reserved 1048576K
}
Event: 26.768 GC heap before
{Heap before GC invocations=54 (full 0):
 garbage-first heap   total 206848K, used 170537K [0x0000000080000000, 0x0000000100000000)
  region size 1024K, 17 young (17408K), 3 survivors (3072K)
 Metaspace       used 109953K, capacity 112998K, committed 113152K, reserved 1146880K
  class space    used 14377K, capacity 15518K, committed 15616K, reserved 1048576K
}
Event: 26.783 GC heap after
{Heap after GC invocations=55 (full 0):
 garbage-first heap   total 206848K, used 163474K [0x0000000080000000, 0x0000000100000000)
  region size 1024K, 3 young (3072K), 3 survivors (3072K)
 Metaspace       used 109953K, capacity 112998K, committed 113152K, reserved 1146880K
  class space    used 14377K, capacity 15518K, committed 15616K, reserved 1048576K
}
Event: 26.810 GC heap before
{Heap before GC invocations=55 (full 0):
 garbage-first heap   total 206848K, used 176786K [0x0000000080000000, 0x0000000100000000)
  region size 1024K, 13 young (13312K), 3 survivors (3072K)
 Metaspace       used 109953K, capacity 112998K, committed 113152K, reserved 1146880K
  class space    used 14377K, capacity 15518K, committed 15616K, reserved 1048576K
}
Event: 26.820 GC heap after
{Heap after GC invocations=56 (full 0):
 garbage-first heap   total 206848K, used 171557K [0x0000000080000000, 0x0000000100000000)
  region size 1024K, 2 young (2048K), 2 survivors (2048K)
 Metaspace       used 109953K, capacity 112998K, committed 113152K, reserved 1146880K
  class space    used 14377K, capacity 15518K, committed 15616K, reserved 1048576K
}
Event: 26.875 GC heap before
{Heap before GC invocations=56 (full 0):
 garbage-first heap   total 206848K, used 178725K [0x0000000080000000, 0x0000000100000000)
  region size 1024K, 10 young (10240K), 2 survivors (2048K)
 Metaspace       used 109939K, capacity 112975K, committed 113152K, reserved 1146880K
  class space    used 14373K, capacity 15511K, committed 15616K, reserved 1048576K
}
Event: 26.887 GC heap after
{Heap after GC invocations=57 (full 0):
 garbage-first heap   total 206848K, used 176392K [0x0000000080000000, 0x0000000100000000)
  region size 1024K, 2 young (2048K), 2 survivors (2048K)
 Metaspace       used 109939K, capacity 112975K, committed 113152K, reserved 1146880K
  class space    used 14373K, capacity 15511K, committed 15616K, reserved 1048576K
}
Event: 26.912 GC heap before
{Heap before GC invocations=57 (full 0):
 garbage-first heap   total 206848K, used 186632K [0x0000000080000000, 0x0000000100000000)
  region size 1024K, 10 young (10240K), 2 survivors (2048K)
 Metaspace       used 109939K, capacity 112975K, committed 113152K, reserved 1146880K
  class space    used 14373K, capacity 15511K, committed 15616K, reserved 1048576K
}
Event: 26.924 GC heap after
{Heap after GC invocations=58 (full 0):
 garbage-first heap   total 206848K, used 182222K [0x0000000080000000, 0x0000000100000000)
  region size 1024K, 2 young (2048K), 2 survivors (2048K)
 Metaspace       used 109939K, capacity 112975K, committed 113152K, reserved 1146880K
  class space    used 14373K, capacity 15511K, committed 15616K, reserved 1048576K
}
Event: 26.995 GC heap before
{Heap before GC invocations=59 (full 0):
 garbage-first heap   total 206848K, used 191438K [0x0000000080000000, 0x0000000100000000)
  region size 1024K, 10 young (10240K), 2 survivors (2048K)
 Metaspace       used 110845K, capacity 113852K, committed 114048K, reserved 1146880K
  class space    used 14604K, capacity 15742K, committed 15744K, reserved 1048576K
}
Event: 27.004 GC heap after
{Heap after GC invocations=60 (full 0):
 garbage-first heap   total 206848K, used 186205K [0x0000000080000000, 0x0000000100000000)
  region size 1024K, 2 young (2048K), 2 survivors (2048K)
 Metaspace       used 110845K, capacity 113852K, committed 114048K, reserved 1146880K
  class space    used 14604K, capacity 15742K, committed 15744K, reserved 1048576K
}
Event: 27.044 GC heap before
{Heap before GC invocations=60 (full 0):
 garbage-first heap   total 206848K, used 194397K [0x0000000080000000, 0x0000000100000000)
  region size 1024K, 10 young (10240K), 2 survivors (2048K)
 Metaspace       used 111037K, capacity 114054K, committed 114432K, reserved 1148928K
  class space    used 14615K, capacity 15745K, committed 15872K, reserved 1048576K
}
Event: 27.051 GC heap after
{Heap after GC invocations=61 (full 0):
 garbage-first heap   total 206848K, used 190464K [0x0000000080000000, 0x0000000100000000)
  region size 1024K, 2 young (2048K), 2 survivors (2048K)
 Metaspace       used 111037K, capacity 114054K, committed 114432K, reserved 1148928K
  class space    used 14615K, capacity 15745K, committed 15872K, reserved 1048576K
}
Event: 27.117 GC heap before
{Heap before GC invocations=61 (full 0):
 garbage-first heap   total 206848K, used 197632K [0x0000000080000000, 0x0000000100000000)
  region size 1024K, 10 young (10240K), 2 survivors (2048K)
 Metaspace       used 111075K, capacity 114119K, committed 114432K, reserved 1148928K
  class space    used 14615K, capacity 15745K, committed 15872K, reserved 1048576K
}
Event: 27.123 GC heap after
{Heap after GC invocations=62 (full 0):
 garbage-first heap   total 206848K, used 195277K [0x0000000080000000, 0x0000000100000000)
  region size 1024K, 2 young (2048K), 2 survivors (2048K)
 Metaspace       used 111075K, capacity 114119K, committed 114432K, reserved 1148928K
  class space    used 14615K, capacity 15745K, committed 15872K, reserved 1048576K
}
Event: 27.163 GC heap before
{Heap before GC invocations=62 (full 0):
 garbage-first heap   total 206848K, used 203469K [0x0000000080000000, 0x0000000100000000)
  region size 1024K, 10 young (10240K), 2 survivors (2048K)
 Metaspace       used 111168K, capacity 114194K, committed 114432K, reserved 1148928K
  class space    used 14615K, capacity 15745K, committed 15872K, reserved 1048576K
}
Event: 27.174 GC heap after
{Heap after GC invocations=63 (full 0):
 garbage-first heap   total 210944K, used 200093K [0x0000000080000000, 0x0000000100000000)
  region size 1024K, 2 young (2048K), 2 survivors (2048K)
 Metaspace       used 111168K, capacity 114194K, committed 114432K, reserved 1148928K
  class space    used 14615K, capacity 15745K, committed 15872K, reserved 1048576K
}
Event: 27.230 GC heap before
{Heap before GC invocations=63 (full 0):
 garbage-first heap   total 210944K, used 208285K [0x0000000080000000, 0x0000000100000000)
  region size 1024K, 10 young (10240K), 2 survivors (2048K)
 Metaspace       used 111179K, capacity 114197K, committed 114432K, reserved 1148928K
  class space    used 14615K, capacity 15745K, committed 15872K, reserved 1048576K
}

Deoptimization events (20 events):
Event: 27.036 Thread 0x0000023c61771800 DEOPT PACKING pc=0x0000023c442b3cfe sp=0x000000ea5d9fe5c0
Event: 27.036 Thread 0x0000023c61771800 DEOPT UNPACKING pc=0x0000023c423da95e sp=0x000000ea5d9fdb48 mode 0
Event: 27.038 Thread 0x0000023c61771800 DEOPT PACKING pc=0x0000023c442abf25 sp=0x000000ea5d9fe950
Event: 27.038 Thread 0x0000023c61771800 DEOPT UNPACKING pc=0x0000023c423da95e sp=0x000000ea5d9fdf78 mode 0
Event: 27.059 Thread 0x0000023c61770800 DEOPT PACKING pc=0x0000023c442abf25 sp=0x000000ea5d7fec80
Event: 27.059 Thread 0x0000023c61770800 DEOPT UNPACKING pc=0x0000023c423da95e sp=0x000000ea5d7fe2a8 mode 0
Event: 27.063 Thread 0x0000023c61770800 DEOPT PACKING pc=0x0000023c442b3cfe sp=0x000000ea5d7fe910
Event: 27.063 Thread 0x0000023c61770800 DEOPT UNPACKING pc=0x0000023c423da95e sp=0x000000ea5d7fde98 mode 0
Event: 27.065 Thread 0x0000023c61770800 DEOPT PACKING pc=0x0000023c442abf25 sp=0x000000ea5d7feca0
Event: 27.065 Thread 0x0000023c61770800 DEOPT UNPACKING pc=0x0000023c423da95e sp=0x000000ea5d7fe2c8 mode 0
Event: 27.069 Thread 0x0000023c61771800 DEOPT PACKING pc=0x0000023c442abf25 sp=0x000000ea5d9fe950
Event: 27.069 Thread 0x0000023c61771800 DEOPT UNPACKING pc=0x0000023c423da95e sp=0x000000ea5d9fdf78 mode 0
Event: 27.080 Thread 0x0000023c61771800 DEOPT PACKING pc=0x0000023c442abf25 sp=0x000000ea5d9fe950
Event: 27.080 Thread 0x0000023c61771800 DEOPT UNPACKING pc=0x0000023c423da95e sp=0x000000ea5d9fdf78 mode 0
Event: 27.082 Thread 0x0000023c61771800 DEOPT PACKING pc=0x0000023c4429b1a8 sp=0x000000ea5d9fe0e0
Event: 27.082 Thread 0x0000023c61771800 DEOPT UNPACKING pc=0x0000023c423da95e sp=0x000000ea5d9fdd90 mode 0
Event: 27.100 Thread 0x0000023c61771800 DEOPT PACKING pc=0x0000023c4429b1a8 sp=0x000000ea5d9fe0c0
Event: 27.100 Thread 0x0000023c61771800 DEOPT UNPACKING pc=0x0000023c423da95e sp=0x000000ea5d9fdd70 mode 0
Event: 27.144 Thread 0x0000023c61770800 DEOPT PACKING pc=0x0000023c443434fe sp=0x000000ea5d7fe960
Event: 27.144 Thread 0x0000023c61770800 DEOPT UNPACKING pc=0x0000023c423da95e sp=0x000000ea5d7fdfd0 mode 0

Classes redefined (0 events):
No events

Internal exceptions (20 events):
Event: 25.308 Thread 0x0000023c6176e000 Exception <a 'java/lang/IncompatibleClassChangeError'{0x00000000886fc698}: Found class java.lang.Object, but interface was expected> (0x00000000886fc698) thrown at [./src/hotspot/share/interpreter/linkResolver.cpp, line 839]
Event: 25.358 Thread 0x0000023c6176e000 Exception <a 'java/lang/NoSuchMethodError'{0x000000008bcaa6c8}: 'java.lang.Object java.lang.invoke.DirectMethodHandle$Holder.invokeStatic(java.lang.Object, long)'> (0x000000008bcaa6c8) thrown at [./src/hotspot/share/interpreter/linkResolver.cpp, line 773]
Event: 25.412 Thread 0x0000023c6176e000 Exception <a 'java/lang/IncompatibleClassChangeError'{0x000000008b9bee58}: Found class java.lang.Object, but interface was expected> (0x000000008b9bee58) thrown at [./src/hotspot/share/interpreter/linkResolver.cpp, line 839]
Event: 25.468 Thread 0x0000023c6176e000 Exception <a 'java/lang/NoSuchMethodError'{0x000000008b591ff0}: 'java.lang.Object java.lang.invoke.DirectMethodHandle$Holder.invokeStatic(java.lang.Object, int, java.lang.Object, java.lang.Object)'> (0x000000008b591ff0) thrown at [./src/hotspot/share/interpreter/linkResolver.cpp, line 773]
Event: 25.540 Thread 0x0000023c6176e000 Exception <a 'java/lang/IncompatibleClassChangeError'{0x000000008b0c2e68}: Found class java.lang.Object, but interface was expected> (0x000000008b0c2e68) thrown at [./src/hotspot/share/interpreter/linkResolver.cpp, line 839]
Event: 25.540 Thread 0x0000023c6176e000 Exception <a 'java/lang/IncompatibleClassChangeError'{0x000000008b0ca5c0}: Found class java.lang.Object, but interface was expected> (0x000000008b0ca5c0) thrown at [./src/hotspot/share/interpreter/linkResolver.cpp, line 839]
Event: 25.569 Thread 0x0000023c6176e000 Exception <a 'java/lang/NoSuchMethodError'{0x000000008ae38c80}: 'void java.lang.invoke.DirectMethodHandle$Holder.invokeSpecial(java.lang.Object, java.lang.Object, int, java.lang.Object)'> (0x000000008ae38c80) thrown at [./src/hotspot/share/interpreter/linkResolver.cpp, line 773]
Event: 25.608 Thread 0x0000023c6176e000 Exception <a 'java/lang/NoSuchMethodError'{0x000000008ac94f10}: 'java.lang.Object java.lang.invoke.DirectMethodHandle$Holder.newInvokeSpecial(java.lang.Object, int)'> (0x000000008ac94f10) thrown at [./src/hotspot/share/interpreter/linkResolver.cpp, line 773]
Event: 25.641 Thread 0x0000023c6176e000 Exception <a 'java/lang/NoSuchMethodError'{0x000000008aa5d2c8}: 'long java.lang.invoke.DirectMethodHandle$Holder.invokeStatic(java.lang.Object, java.lang.Object)'> (0x000000008aa5d2c8) thrown at [./src/hotspot/share/interpreter/linkResolver.cpp, line 773]
Event: 25.680 Thread 0x0000023c6176e000 Exception <a 'java/lang/NoSuchMethodError'{0x000000008a803138}: 'java.lang.Object java.lang.invoke.DirectMethodHandle$Holder.invokeSpecial(java.lang.Object, java.lang.Object, java.lang.Object, java.lang.Object, java.lang.Object, java.lang.Object, java.lang.Object, java.lang.Object, java.lang.Object, java.lang.Object, java.lang.Object)'> (0x000000008a803138) thrown at [./src/hotspot/share/interpreter/linkResolver.cpp, line 773]
Event: 25.680 Thread 0x0000023c6176e000 Exception <a 'java/lang/NoSuchMethodError'{0x000000008a80e2e0}: 'java.lang.Object java.lang.invoke.Invokers$Holder.linkToTargetMethod(java.lang.Object, java.lang.Object, java.lang.Object, java.lang.Object, java.lang.Object, java.lang.Object, java.lang.Object, java.lang.Object, java.lang.Object, java.lang.Object)'> (0x000000008a80e2e0) thrown at [./src/hotspot/share/interpreter/linkResolver.cpp, line 773]
Event: 25.686 Thread 0x0000023c6176e000 Exception <a 'java/lang/IncompatibleClassChangeError'{0x000000008a868da0}: Found class java.lang.Object, but interface was expected> (0x000000008a868da0) thrown at [./src/hotspot/share/interpreter/linkResolver.cpp, line 839]
Event: 25.723 Thread 0x0000023c6176e000 Exception <a 'java/lang/NoSuchMethodError'{0x000000008a6cfc10}: 'java.lang.Object java.lang.invoke.Invokers$Holder.linkToTargetMethod(java.lang.Object, int, java.lang.Object, java.lang.Object, java.lang.Object, java.lang.Object)'> (0x000000008a6cfc10) thrown at [./src/hotspot/share/interpreter/linkResolver.cpp, line 773]
Event: 25.724 Thread 0x0000023c6176e000 Exception <a 'java/lang/NoSuchMethodError'{0x000000008a6e3658}: 'java.lang.Object java.lang.invoke.Invokers$Holder.linkToTargetMethod(java.lang.Object, java.lang.Object, java.lang.Object, int, java.lang.Object, java.lang.Object, java.lang.Object)'> (0x000000008a6e3658) thrown at [./src/hotspot/share/interpreter/linkResolver.cpp, line 773]
Event: 25.734 Thread 0x0000023c6176e000 Exception <a 'java/lang/NoSuchMethodError'{0x000000008a592ea0}: 'void java.lang.invoke.DirectMethodHandle$Holder.invokeStatic(java.lang.Object, java.lang.Object, java.lang.Object, java.lang.Object, java.lang.Object, java.lang.Object, java.lang.Object, java.lang.Object)'> (0x000000008a592ea0) thrown at [./src/hotspot/share/interpreter/linkResolver.cpp, line 773]
Event: 25.763 Thread 0x0000023c6176e000 Exception <a 'java/lang/IncompatibleClassChangeError'{0x000000008a37fc00}: Found class java.lang.Object, but interface was expected> (0x000000008a37fc00) thrown at [./src/hotspot/share/interpreter/linkResolver.cpp, line 839]
Event: 25.775 Thread 0x0000023c6176e000 Exception <a 'java/lang/NoSuchMethodError'{0x000000008a26d588}: 'void java.lang.invoke.DirectMethodHandle$Holder.invokeSpecial(java.lang.Object, java.lang.Object, int)'> (0x000000008a26d588) thrown at [./src/hotspot/share/interpreter/linkResolver.cpp, line 773]
Event: 25.786 Thread 0x0000023c6176e000 Exception <a 'sun/nio/fs/WindowsException'{0x000000008a2f2ea8}> (0x000000008a2f2ea8) thrown at [./src/hotspot/share/prims/jni.cpp, line 615]
Event: 26.533 Thread 0x0000023c6176f000 Exception <a 'sun/nio/fs/WindowsException'{0x000000008b2ee8c8}> (0x000000008b2ee8c8) thrown at [./src/hotspot/share/prims/jni.cpp, line 615]
Event: 26.807 Thread 0x0000023c6176f000 Implicit null exception at 0x0000023c4a4ff89c to 0x0000023c4a5003e8

Events (20 events):
Event: 27.016 loading class com/android/tools/r8/internal/YG done
Event: 27.016 loading class com/android/tools/r8/internal/UG
Event: 27.016 loading class com/android/tools/r8/internal/UG done
Event: 27.016 loading class com/android/tools/r8/internal/ZG
Event: 27.016 loading class com/android/tools/r8/internal/ZG done
Event: 27.017 loading class com/android/tools/r8/graph/N2
Event: 27.017 loading class com/android/tools/r8/graph/N2 done
Event: 27.017 loading class com/android/tools/r8/graph/N2
Event: 27.017 loading class com/android/tools/r8/graph/N2 done
Event: 27.017 loading class com/android/tools/r8/internal/XG
Event: 27.017 loading class com/android/tools/r8/internal/XG done
Event: 27.017 loading class com/android/tools/r8/internal/cH
Event: 27.017 loading class com/android/tools/r8/internal/cH done
Event: 27.044 Executing VM operation: G1CollectForAllocation
Event: 27.051 Executing VM operation: G1CollectForAllocation done
Event: 27.117 Executing VM operation: G1CollectForAllocation
Event: 27.123 Executing VM operation: G1CollectForAllocation done
Event: 27.163 Executing VM operation: G1CollectForAllocation
Event: 27.174 Executing VM operation: G1CollectForAllocation done
Event: 27.230 Executing VM operation: G1CollectForAllocation


Dynamic libraries:
0x00007ff677eb0000 - 0x00007ff677eba000 	C:\Program Files\Android\Android Studio\jre\bin\java.exe
0x00007ff9aa120000 - 0x00007ff9aa329000 	C:\WINDOWS\SYSTEM32\ntdll.dll
0x00007ff9a9270000 - 0x00007ff9a932d000 	C:\WINDOWS\System32\KERNEL32.DLL
0x00007ff9a7c30000 - 0x00007ff9a7fad000 	C:\WINDOWS\System32\KERNELBASE.dll
0x00007ff9a7880000 - 0x00007ff9a7991000 	C:\WINDOWS\System32\ucrtbase.dll
0x00007ff98a7a0000 - 0x00007ff98a7b7000 	C:\Program Files\Android\Android Studio\jre\bin\VCRUNTIME140.dll
0x00007ff9888d0000 - 0x00007ff9888e9000 	C:\Program Files\Android\Android Studio\jre\bin\jli.dll
0x00007ff9a9ce0000 - 0x00007ff9a9e8d000 	C:\WINDOWS\System32\USER32.dll
0x00007ff9a7850000 - 0x00007ff9a7876000 	C:\WINDOWS\System32\win32u.dll
0x00007ff992540000 - 0x00007ff9927e5000 	C:\WINDOWS\WinSxS\amd64_microsoft.windows.common-controls_6595b64144ccf1df_6.0.22000.120_none_9d947278b86cc467\COMCTL32.dll
0x00007ff9a9f80000 - 0x00007ff9a9fa9000 	C:\WINDOWS\System32\GDI32.dll
0x00007ff9a91c0000 - 0x00007ff9a9263000 	C:\WINDOWS\System32\msvcrt.dll
0x00007ff9a7b10000 - 0x00007ff9a7c28000 	C:\WINDOWS\System32\gdi32full.dll
0x00007ff9a77b0000 - 0x00007ff9a784d000 	C:\WINDOWS\System32\msvcp_win.dll
0x00007ff9a8290000 - 0x00007ff9a82c1000 	C:\WINDOWS\System32\IMM32.DLL
0x00007ff972590000 - 0x00007ff97262d000 	C:\Program Files\Android\Android Studio\jre\bin\msvcp140.dll
0x00007ff9422c0000 - 0x00007ff942da5000 	C:\Program Files\Android\Android Studio\jre\bin\server\jvm.dll
0x00007ff9a8040000 - 0x00007ff9a80ee000 	C:\WINDOWS\System32\ADVAPI32.dll
0x00007ff9a8480000 - 0x00007ff9a851e000 	C:\WINDOWS\System32\sechost.dll
0x00007ff9a9bc0000 - 0x00007ff9a9ce0000 	C:\WINDOWS\System32\RPCRT4.dll
0x00007ff9a9330000 - 0x00007ff9a9338000 	C:\WINDOWS\System32\PSAPI.DLL
0x00007ff944bf0000 - 0x00007ff944bf9000 	C:\WINDOWS\SYSTEM32\WSOCK32.dll
0x00007ff994900000 - 0x00007ff994933000 	C:\WINDOWS\SYSTEM32\WINMM.dll
0x00007ff9a2d40000 - 0x00007ff9a2d4a000 	C:\WINDOWS\SYSTEM32\VERSION.dll
0x00007ff9a9fb0000 - 0x00007ff9aa01f000 	C:\WINDOWS\System32\WS2_32.dll
0x00007ff9a6700000 - 0x00007ff9a6718000 	C:\WINDOWS\SYSTEM32\kernel.appcore.dll
0x00007ff984580000 - 0x00007ff984591000 	C:\Program Files\Android\Android Studio\jre\bin\verify.dll
0x00007ff9953f0000 - 0x00007ff995611000 	C:\WINDOWS\SYSTEM32\DBGHELP.DLL
0x00007ff994950000 - 0x00007ff994981000 	C:\WINDOWS\SYSTEM32\dbgcore.DLL
0x00007ff9a76c0000 - 0x00007ff9a773f000 	C:\WINDOWS\System32\bcryptPrimitives.dll
0x00007ff971950000 - 0x00007ff971979000 	C:\Program Files\Android\Android Studio\jre\bin\java.dll
0x00007ff984570000 - 0x00007ff98457b000 	C:\Program Files\Android\Android Studio\jre\bin\jimage.dll
0x00007ff971930000 - 0x00007ff971948000 	C:\Program Files\Android\Android Studio\jre\bin\zip.dll
0x00007ff9a9340000 - 0x00007ff9a9af8000 	C:\WINDOWS\System32\SHELL32.dll
0x00007ff9a5770000 - 0x00007ff9a5fd8000 	C:\WINDOWS\SYSTEM32\windows.storage.dll
0x00007ff9a86e0000 - 0x00007ff9a8a59000 	C:\WINDOWS\System32\combase.dll
0x00007ff9a5600000 - 0x00007ff9a5766000 	C:\WINDOWS\SYSTEM32\wintypes.dll
0x00007ff9a8ed0000 - 0x00007ff9a8fba000 	C:\WINDOWS\System32\SHCORE.dll
0x00007ff9a7fd0000 - 0x00007ff9a802d000 	C:\WINDOWS\System32\shlwapi.dll
0x00007ff9a7530000 - 0x00007ff9a7551000 	C:\WINDOWS\SYSTEM32\profapi.dll
0x00007ff967f60000 - 0x00007ff967f7a000 	C:\Program Files\Android\Android Studio\jre\bin\net.dll
0x00007ff9a2760000 - 0x00007ff9a286c000 	C:\WINDOWS\SYSTEM32\WINHTTP.dll
0x00007ff9a6b30000 - 0x00007ff9a6b97000 	C:\WINDOWS\system32\mswsock.dll
0x00007ff967f40000 - 0x00007ff967f54000 	C:\Program Files\Android\Android Studio\jre\bin\nio.dll
0x00007ff9883e0000 - 0x00007ff988407000 	C:\Users\Dell\.gradle\native\e1d6ef7f7dcc3fd88c89a11ec53ec762bb8ba0a96d01ffa2cd45eb1d1d8dd5c5\windows-amd64\native-platform.dll
0x00007ff971320000 - 0x00007ff971464000 	C:\Users\Dell\.gradle\native\5664cfc778a61ccfe75a443a1ab52a65af34e5dc3c78e0209fed803814484fcb\windows-amd64\native-platform-file-events.dll
0x00007ff984560000 - 0x00007ff98456a000 	C:\Program Files\Android\Android Studio\jre\bin\management.dll
0x00007ff97f8b0000 - 0x00007ff97f8bd000 	C:\Program Files\Android\Android Studio\jre\bin\management_ext.dll
0x00007ff9a6d70000 - 0x00007ff9a6d88000 	C:\WINDOWS\SYSTEM32\CRYPTSP.dll
0x00007ff9a6660000 - 0x00007ff9a6695000 	C:\WINDOWS\system32\rsaenh.dll
0x00007ff9a6c20000 - 0x00007ff9a6c49000 	C:\WINDOWS\SYSTEM32\USERENV.dll
0x00007ff9a6ef0000 - 0x00007ff9a6f17000 	C:\WINDOWS\SYSTEM32\bcrypt.dll
0x00007ff9a6d90000 - 0x00007ff9a6d9c000 	C:\WINDOWS\SYSTEM32\CRYPTBASE.dll
0x00007ff9a6230000 - 0x00007ff9a625d000 	C:\WINDOWS\SYSTEM32\IPHLPAPI.DLL
0x00007ff9a8030000 - 0x00007ff9a8039000 	C:\WINDOWS\System32\NSI.dll
0x00007ff9a2740000 - 0x00007ff9a2759000 	C:\WINDOWS\SYSTEM32\dhcpcsvc6.DLL
0x00007ff9a2c00000 - 0x00007ff9a2c1e000 	C:\WINDOWS\SYSTEM32\dhcpcsvc.DLL
0x00007ff9a6260000 - 0x00007ff9a6348000 	C:\WINDOWS\SYSTEM32\DNSAPI.dll
0x00007ff9a3ed0000 - 0x00007ff9a3ed8000 	C:\Program Files\Android\Android Studio\jre\bin\rmi.dll
0x00007ff9a0380000 - 0x00007ff9a0397000 	C:\WINDOWS\system32\napinsp.dll
0x00007ff9a0690000 - 0x00007ff9a06ab000 	C:\WINDOWS\system32\pnrpnsp.dll
0x00007ff9a0710000 - 0x00007ff9a0722000 	C:\WINDOWS\System32\winrnr.dll
0x00007ff9a0740000 - 0x00007ff9a0755000 	C:\WINDOWS\system32\wshbth.dll
0x00007ff9a0950000 - 0x00007ff9a096f000 	C:\WINDOWS\system32\nlansp_c.dll
0x00007ff9a0730000 - 0x00007ff9a073a000 	C:\Windows\System32\rasadhlp.dll
0x00007ff9a0990000 - 0x00007ff9a0a11000 	C:\WINDOWS\System32\fwpuclnt.dll

dbghelp: loaded successfully - version: 4.0.5 - missing functions: none
symbol engine: initialized successfully - sym options: 0x614 - pdb path: .;C:\Program Files\Android\Android Studio\jre\bin;C:\WINDOWS\SYSTEM32;C:\WINDOWS\WinSxS\amd64_microsoft.windows.common-controls_6595b64144ccf1df_6.0.22000.120_none_9d947278b86cc467;C:\Program Files\Android\Android Studio\jre\bin\server;C:\Users\Dell\.gradle\native\e1d6ef7f7dcc3fd88c89a11ec53ec762bb8ba0a96d01ffa2cd45eb1d1d8dd5c5\windows-amd64;C:\Users\Dell\.gradle\native\5664cfc778a61ccfe75a443a1ab52a65af34e5dc3c78e0209fed803814484fcb\windows-amd64

VM Arguments:
jvm_args: --add-opens=java.base/java.util=ALL-UNNAMED --add-opens=java.base/java.lang=ALL-UNNAMED --add-opens=java.base/java.lang.invoke=ALL-UNNAMED --add-opens=java.base/java.util=ALL-UNNAMED --add-opens=java.prefs/java.util.prefs=ALL-UNNAMED --add-opens=java.prefs/java.util.prefs=ALL-UNNAMED --add-opens=java.base/java.nio.charset=ALL-UNNAMED --add-opens=java.base/java.net=ALL-UNNAMED --add-opens=java.base/java.util.concurrent.atomic=ALL-UNNAMED -Xmx2048m -Dfile.encoding=UTF-8 -Duser.country=US -Duser.language=en -Duser.variant 
java_command: org.gradle.launcher.daemon.bootstrap.GradleDaemon 7.3.3
java_class_path (initial): C:\Users\Dell\.gradle\wrapper\dists\gradle-7.3.3-bin\6a41zxkdtcxs8rphpq6y0069z\gradle-7.3.3\lib\gradle-launcher-7.3.3.jar
Launcher Type: SUN_STANDARD

[Global flags]
     intx CICompilerCount                          = 3                                         {product} {ergonomic}
     uint ConcGCThreads                            = 1                                         {product} {ergonomic}
     uint G1ConcRefinementThreads                  = 4                                         {product} {ergonomic}
   size_t G1HeapRegionSize                         = 1048576                                   {product} {ergonomic}
    uintx GCDrainStackTargetSize                   = 64                                        {product} {ergonomic}
   size_t InitialHeapSize                          = 65011712                                  {product} {ergonomic}
   size_t MarkStackSize                            = 4194304                                   {product} {ergonomic}
   size_t MaxHeapSize                              = 2147483648                                {product} {command line}
   size_t MaxNewSize                               = 1287651328                                {product} {ergonomic}
   size_t MinHeapDeltaBytes                        = 1048576                                   {product} {ergonomic}
    uintx NonNMethodCodeHeapSize                   = 5830732                                {pd product} {ergonomic}
    uintx NonProfiledCodeHeapSize                  = 122913754                              {pd product} {ergonomic}
    uintx ProfiledCodeHeapSize                     = 122913754                              {pd product} {ergonomic}
    uintx ReservedCodeCacheSize                    = 251658240                              {pd product} {ergonomic}
     bool SegmentedCodeCache                       = true                                      {product} {ergonomic}
     bool UseCompressedClassPointers               = true                                 {lp64_product} {ergonomic}
     bool UseCompressedOops                        = true                                 {lp64_product} {ergonomic}
     bool UseG1GC                                  = true                                      {product} {ergonomic}
     bool UseLargePagesIndividualAllocation        = false                                  {pd product} {ergonomic}

Logging:
Log output configuration:
 #0: stdout all=warning uptime,level,tags
 #1: stderr all=off uptime,level,tags

Environment Variables:
PATH=C:\Program Files (x86)\NVIDIA Corporation\PhysX\Common;C:\Program Files (x86)\Common Files\Oracle\Java\javapath;C:\WINDOWS\system32;C:\WINDOWS;C:\WINDOWS\System32\Wbem;C:\WINDOWS\System32\WindowsPowerShell\v1.0\;C:\WINDOWS\System32\OpenSSH\;C:\Program Files\dotnet\;C:\Program Files\Microsoft VS Code\bin;C:\Program Files\MySQL\MySQL Shell 8.0\bin\;C:\Users\Dell\AppData\Local\Microsoft\WindowsApps;
USERNAME=Dell
OS=Windows_NT
PROCESSOR_IDENTIFIER=Intel64 Family 6 Model 158 Stepping 11, GenuineIntel



---------------  S Y S T E M  ---------------

OS: Windows 10 , 64 bit Build 22000 (10.0.22000.708)
OS uptime: 0 days 1:25 hours

CPU:total 4 (initial active 4) (4 cores per cpu, 1 threads per core) family 6 model 158 stepping 11 microcode 0xf0, cmov, cx8, fxsr, mmx, sse, sse2, sse3, ssse3, sse4.1, sse4.2, popcnt, avx, avx2, aes, clmul, erms, 3dnowpref, lzcnt, tsc, tscinvbit, bmi1, bmi2, adx, fma

Memory: 4k page, system-wide physical 3906M (337M free)
TotalPageFile size 8002M (AvailPageFile size 122M)
current process WorkingSet (physical memory assigned to process): 423M, peak: 426M
current process commit charge ("private bytes"): 525M, peak: 713M

vm_info: OpenJDK 64-Bit Server VM (11.0.12+7-b1504.28-7817840) for windows-amd64 JRE (11.0.12+7-b1504.28-7817840), built on Oct 13 2021 22:12:33 by "builder" with MS VC++ 14.0 (VS2015)

END.
