#
# There is insufficient memory for the Java Runtime Environment to continue.
# Native memory allocation (malloc) failed to allocate 1289456 bytes for Chunk::new
# Possible reasons:
#   The system is out of physical RAM or swap space
#   The process is running with CompressedOops enabled, and the Java Heap may be blocking the growth of the native heap
# Possible solutions:
#   Reduce memory load on the system
#   Increase physical memory or swap space
#   Check if swap backing store is full
#   Decrease Java heap size (-Xmx/-Xms)
#   Decrease number of Java threads
#   Decrease Java thread stack sizes (-Xss)
#   Set larger code cache with -XX:ReservedCodeCacheSize=
#   JVM is running with Unscaled Compressed Oops mode in which the Java heap is
#     placed in the first 4GB address space. The Java Heap base address is the
#     maximum limit for the native heap growth. Please use -XX:HeapBaseMinAddress
#     to set the Java Heap base and to place the Java Heap above 4GB virtual address.
# This output file may be truncated or incomplete.
#
#  Out of Memory Error (./src/hotspot/share/memory/arena.cpp:197), pid=10708, tid=11988
#
# JRE version: OpenJDK Runtime Environment (11.0.12+7) (build 11.0.12+7-b1504.28-7817840)
# Java VM: OpenJDK 64-Bit Server VM (11.0.12+7-b1504.28-7817840, mixed mode, tiered, compressed oops, g1 gc, windows-amd64)
# No core dump will be written. Minidumps are not enabled by default on client versions of Windows
#

---------------  S U M M A R Y ------------

Command Line: --add-opens=java.base/java.util=ALL-UNNAMED --add-opens=java.base/java.lang=ALL-UNNAMED --add-opens=java.base/java.lang.invoke=ALL-UNNAMED --add-opens=java.base/java.util=ALL-UNNAMED --add-opens=java.prefs/java.util.prefs=ALL-UNNAMED --add-opens=java.prefs/java.util.prefs=ALL-UNNAMED --add-opens=java.base/java.nio.charset=ALL-UNNAMED --add-opens=java.base/java.net=ALL-UNNAMED --add-opens=java.base/java.util.concurrent.atomic=ALL-UNNAMED -Xmx2048m -Dfile.encoding=UTF-8 -Duser.country=US -Duser.language=en -Duser.variant org.gradle.launcher.daemon.bootstrap.GradleDaemon 7.3.3

Host: Intel(R) Core(TM) i3-8100 CPU @ 3.60GHz, 4 cores, 3G,  Windows 10 , 64 bit Build 22000 (10.0.22000.708)
Time: Tue Aug 23 11:22:19 2022 India Standard Time elapsed time: 16.891556 seconds (0d 0h 0m 16s)

---------------  T H R E A D  ---------------

Current thread (0x000001a49a308000):  JavaThread "C2 CompilerThread0" daemon [_thread_in_native, id=11988, stack(0x0000002785600000,0x0000002785700000)]


Current CompileTask:
C2:  16891 10742   !   4       java.net.URL::<init> (543 bytes)

Stack: [0x0000002785600000,0x0000002785700000]
Native frames: (J=compiled Java code, j=interpreted, Vv=VM code, C=native code)
V  [jvm.dll+0x5fbcea]
V  [jvm.dll+0x731905]
V  [jvm.dll+0x732f1d]
V  [jvm.dll+0x7335d3]
V  [jvm.dll+0x247bf8]
V  [jvm.dll+0xc018c]
V  [jvm.dll+0xc06cc]
V  [jvm.dll+0x35b31d]
V  [jvm.dll+0x328803]
V  [jvm.dll+0x327cfa]
V  [jvm.dll+0x200602]
V  [jvm.dll+0x1ff794]
V  [jvm.dll+0x18868c]
V  [jvm.dll+0x20e0d7]
V  [jvm.dll+0x20c901]
V  [jvm.dll+0x6f9b7f]
V  [jvm.dll+0x6f26a5]
V  [jvm.dll+0x5fabf6]
C  [ucrtbase.dll+0x26c0c]
C  [KERNEL32.DLL+0x154e0]
C  [ntdll.dll+0x485b]


---------------  P R O C E S S  ---------------

Threads class SMR info:
_java_thread_list=0x000001a4a19dd140, length=86, elements={
0x000001a4fe61c800, 0x000001a49a29d000, 0x000001a49a2a7800, 0x000001a49a2fd800,
0x000001a49a300800, 0x000001a49a301800, 0x000001a49a308000, 0x000001a49a309000,
0x000001a49a317800, 0x000001a49ad7d000, 0x000001a49bfdf800, 0x000001a49b6e7800,
0x000001a49c26b800, 0x000001a49c44e000, 0x000001a49ce6a000, 0x000001a49b667000,
0x000001a49ce71000, 0x000001a49b668000, 0x000001a49c0d9800, 0x000001a49cb27800,
0x000001a49cb2c800, 0x000001a49cb2b800, 0x000001a49cb28800, 0x000001a49cb27000,
0x000001a49cb29800, 0x000001a49cb2a000, 0x000001a49cb2b000, 0x000001a49cb2d800,
0x000001a49e972000, 0x000001a49e973000, 0x000001a49e973800, 0x000001a49e96e000,
0x000001a49e96f800, 0x000001a49e970800, 0x000001a49e976000, 0x000001a49e977000,
0x000001a49e971000, 0x000001a49e978000, 0x000001a49e97b000, 0x000001a49e97c000,
0x000001a49e97a000, 0x000001a49e978800, 0x000001a49e979800, 0x000001a49e97c800,
0x000001a49d6ef800, 0x000001a49d6f2000, 0x000001a49d6f0800, 0x000001a49d6ee000,
0x000001a49d6f1000, 0x000001a49d6ec800, 0x000001a49d6f3000, 0x000001a49d6ee800,
0x000001a49d6ed000, 0x000001a49d6f6000, 0x000001a49d6f8800, 0x000001a49d6f7000,
0x000001a49d6f3800, 0x000001a49d6f7800, 0x000001a49d6fa000, 0x000001a49d6f5800,
0x000001a49d6f9800, 0x000001a49d6f4800, 0x000001a49d6fb000, 0x000001a4a0a83000,
0x000001a4a0a86800, 0x000001a4a0a80800, 0x000001a4a0a84000, 0x000001a4a0a82800,
0x000001a4a0a85000, 0x000001a4a0a87000, 0x000001a4a0a85800, 0x000001a4a0a81800,
0x000001a4a0a8b800, 0x000001a4a0a8e000, 0x000001a4a0a89000, 0x000001a4a0a88000,
0x000001a4a0a8f800, 0x000001a4a0a89800, 0x000001a4a0a8e800, 0x000001a4a0a8c000,
0x000001a4a0a8d000, 0x000001a4a0a8a800, 0x000001a4a3263000, 0x000001a4a3265000,
0x000001a4a3264000, 0x000001a4a3265800
}

Java Threads: ( => current thread )
  0x000001a4fe61c800 JavaThread "main" [_thread_blocked, id=11268, stack(0x0000002784a00000,0x0000002784b00000)]
  0x000001a49a29d000 JavaThread "Reference Handler" daemon [_thread_blocked, id=12260, stack(0x0000002785100000,0x0000002785200000)]
  0x000001a49a2a7800 JavaThread "Finalizer" daemon [_thread_blocked, id=7220, stack(0x0000002785200000,0x0000002785300000)]
  0x000001a49a2fd800 JavaThread "Signal Dispatcher" daemon [_thread_blocked, id=1872, stack(0x0000002785300000,0x0000002785400000)]
  0x000001a49a300800 JavaThread "Attach Listener" daemon [_thread_blocked, id=916, stack(0x0000002785400000,0x0000002785500000)]
  0x000001a49a301800 JavaThread "Service Thread" daemon [_thread_blocked, id=6456, stack(0x0000002785500000,0x0000002785600000)]
=>0x000001a49a308000 JavaThread "C2 CompilerThread0" daemon [_thread_in_native, id=11988, stack(0x0000002785600000,0x0000002785700000)]
  0x000001a49a309000 JavaThread "C1 CompilerThread0" daemon [_thread_blocked, id=10916, stack(0x0000002785700000,0x0000002785800000)]
  0x000001a49a317800 JavaThread "Sweeper thread" daemon [_thread_blocked, id=11856, stack(0x0000002785800000,0x0000002785900000)]
  0x000001a49ad7d000 JavaThread "Common-Cleaner" daemon [_thread_blocked, id=4756, stack(0x0000002785900000,0x0000002785a00000)]
  0x000001a49bfdf800 JavaThread "Daemon health stats" [_thread_blocked, id=10004, stack(0x0000002785c00000,0x0000002785d00000)]
  0x000001a49b6e7800 JavaThread "Incoming local TCP Connector on port 65080" [_thread_in_native, id=5988, stack(0x0000002785f00000,0x0000002786000000)]
  0x000001a49c26b800 JavaThread "Daemon" [_thread_blocked, id=2500, stack(0x0000002786000000,0x0000002786100000)]
  0x000001a49c44e000 JavaThread "Handler for socket connection from /127.0.0.1:65080 to /127.0.0.1:65081" [_thread_in_native, id=11336, stack(0x0000002786100000,0x0000002786200000)]
  0x000001a49ce6a000 JavaThread "Daemon periodic checks" [_thread_blocked, id=10440, stack(0x0000002786200000,0x0000002786300000)]
  0x000001a49b667000 JavaThread "Cancel handler" [_thread_blocked, id=12272, stack(0x0000002786300000,0x0000002786400000)]
  0x000001a49ce71000 JavaThread "Daemon worker" [_thread_blocked, id=1136, stack(0x0000002786400000,0x0000002786500000)]
  0x000001a49b668000 JavaThread "Asynchronous log dispatcher for DefaultDaemonConnection: socket connection from /127.0.0.1:65080 to /127.0.0.1:65081" [_thread_blocked, id=10516, stack(0x0000002786500000,0x0000002786600000)]
  0x000001a49c0d9800 JavaThread "Stdin handler" [_thread_blocked, id=10592, stack(0x0000002786600000,0x0000002786700000)]
  0x000001a49cb27800 JavaThread "Daemon client event forwarder" [_thread_blocked, id=10408, stack(0x0000002786700000,0x0000002786800000)]
  0x000001a49cb2c800 JavaThread "Cache worker for journal cache (C:\Users\Dell\.gradle\caches\journal-1)" [_thread_blocked, id=9136, stack(0x0000002786800000,0x0000002786900000)]
  0x000001a49cb2b800 JavaThread "File lock request listener" [_thread_in_native, id=6132, stack(0x0000002786900000,0x0000002786a00000)]
  0x000001a49cb28800 JavaThread "Cache worker for file hash cache (C:\Users\Dell\.gradle\caches\7.3.3\fileHashes)" [_thread_blocked, id=10572, stack(0x0000002786a00000,0x0000002786b00000)]
  0x000001a49cb27000 JavaThread "Cache worker for file hash cache (C:\Users\Dell\Viwall\.gradle\7.3.3\fileHashes)" [_thread_blocked, id=8412, stack(0x0000002786b00000,0x0000002786c00000)]
  0x000001a49cb29800 JavaThread "File watcher server" daemon [_thread_in_native, id=1204, stack(0x0000002786c00000,0x0000002786d00000)]
  0x000001a49cb2a000 JavaThread "File watcher consumer" daemon [_thread_blocked, id=2264, stack(0x0000002786d00000,0x0000002786e00000)]
  0x000001a49cb2b000 JavaThread "Cache worker for checksums cache (C:\Users\Dell\Viwall\.gradle\7.3.3\checksums)" [_thread_blocked, id=10040, stack(0x0000002786e00000,0x0000002786f00000)]
  0x000001a49cb2d800 JavaThread "Cache worker for cache directory md-supplier (C:\Users\Dell\.gradle\caches\7.3.3\md-supplier)" [_thread_blocked, id=12120, stack(0x0000002786f00000,0x0000002787000000)]
  0x000001a49e972000 JavaThread "Cache worker for cache directory md-rule (C:\Users\Dell\.gradle\caches\7.3.3\md-rule)" [_thread_blocked, id=5260, stack(0x0000002787000000,0x0000002787100000)]
  0x000001a49e973000 JavaThread "Cache worker for execution history cache (C:\Users\Dell\.gradle\caches\7.3.3\executionHistory)" [_thread_blocked, id=2856, stack(0x0000002787100000,0x0000002787200000)]
  0x000001a49e973800 JavaThread "jar transforms" [_thread_blocked, id=11440, stack(0x0000002787200000,0x0000002787300000)]
  0x000001a49e96e000 JavaThread "Cache worker for file content cache (C:\Users\Dell\.gradle\caches\7.3.3\fileContent)" [_thread_blocked, id=7736, stack(0x0000002787300000,0x0000002787400000)]
  0x000001a49e96f800 JavaThread "jar transforms Thread 2" [_thread_blocked, id=3968, stack(0x0000002787400000,0x0000002787500000)]
  0x000001a49e970800 JavaThread "Cache worker for dependencies-accessors (C:\Users\Dell\Viwall\.gradle\7.3.3\dependencies-accessors)" [_thread_blocked, id=9184, stack(0x0000002787500000,0x0000002787600000)]
  0x000001a49e976000 JavaThread "jar transforms Thread 3" [_thread_blocked, id=4136, stack(0x0000002787600000,0x0000002787700000)]
  0x000001a49e977000 JavaThread "Cache worker for Build Output Cleanup Cache (C:\Users\Dell\Viwall\.gradle\buildOutputCleanup)" [_thread_blocked, id=11628, stack(0x0000002787700000,0x0000002787800000)]
  0x000001a49e971000 JavaThread "Unconstrained build operations" [_thread_blocked, id=2828, stack(0x0000002787800000,0x0000002787900000)]
  0x000001a49e978000 JavaThread "Unconstrained build operations Thread 2" [_thread_blocked, id=11832, stack(0x0000002787900000,0x0000002787a00000)]
  0x000001a49e97b000 JavaThread "Unconstrained build operations Thread 3" [_thread_blocked, id=9552, stack(0x0000002787a00000,0x0000002787b00000)]
  0x000001a49e97c000 JavaThread "Unconstrained build operations Thread 4" [_thread_blocked, id=1980, stack(0x0000002787b00000,0x0000002787c00000)]
  0x000001a49e97a000 JavaThread "Unconstrained build operations Thread 5" [_thread_blocked, id=8828, stack(0x0000002787c00000,0x0000002787d00000)]
  0x000001a49e978800 JavaThread "Unconstrained build operations Thread 6" [_thread_blocked, id=11232, stack(0x0000002787d00000,0x0000002787e00000)]
  0x000001a49e979800 JavaThread "Unconstrained build operations Thread 7" [_thread_blocked, id=6980, stack(0x0000002787e00000,0x0000002787f00000)]
  0x000001a49e97c800 JavaThread "Unconstrained build operations Thread 8" [_thread_blocked, id=3352, stack(0x0000002787f00000,0x0000002788000000)]
  0x000001a49d6ef800 JavaThread "Unconstrained build operations Thread 9" [_thread_blocked, id=5568, stack(0x0000002788000000,0x0000002788100000)]
  0x000001a49d6f2000 JavaThread "Unconstrained build operations Thread 10" [_thread_blocked, id=6096, stack(0x0000002788100000,0x0000002788200000)]
  0x000001a49d6f0800 JavaThread "Unconstrained build operations Thread 11" [_thread_blocked, id=5144, stack(0x0000002788200000,0x0000002788300000)]
  0x000001a49d6ee000 JavaThread "Unconstrained build operations Thread 12" [_thread_blocked, id=4724, stack(0x0000002788300000,0x0000002788400000)]
  0x000001a49d6f1000 JavaThread "Unconstrained build operations Thread 13" [_thread_blocked, id=12152, stack(0x0000002788400000,0x0000002788500000)]
  0x000001a49d6ec800 JavaThread "Unconstrained build operations Thread 14" [_thread_blocked, id=9168, stack(0x0000002788500000,0x0000002788600000)]
  0x000001a49d6f3000 JavaThread "Unconstrained build operations Thread 15" [_thread_blocked, id=11516, stack(0x0000002788600000,0x0000002788700000)]
  0x000001a49d6ee800 JavaThread "Unconstrained build operations Thread 16" [_thread_blocked, id=4292, stack(0x0000002788700000,0x0000002788800000)]
  0x000001a49d6ed000 JavaThread "Unconstrained build operations Thread 17" [_thread_blocked, id=2636, stack(0x0000002788800000,0x0000002788900000)]
  0x000001a49d6f6000 JavaThread "Unconstrained build operations Thread 18" [_thread_blocked, id=436, stack(0x0000002788900000,0x0000002788a00000)]
  0x000001a49d6f8800 JavaThread "Unconstrained build operations Thread 19" [_thread_blocked, id=11700, stack(0x0000002788a00000,0x0000002788b00000)]
  0x000001a49d6f7000 JavaThread "Unconstrained build operations Thread 20" [_thread_blocked, id=11900, stack(0x0000002788b00000,0x0000002788c00000)]
  0x000001a49d6f3800 JavaThread "Unconstrained build operations Thread 21" [_thread_blocked, id=2040, stack(0x0000002788c00000,0x0000002788d00000)]
  0x000001a49d6f7800 JavaThread "Unconstrained build operations Thread 22" [_thread_blocked, id=2128, stack(0x0000002788d00000,0x0000002788e00000)]
  0x000001a49d6fa000 JavaThread "Unconstrained build operations Thread 23" [_thread_blocked, id=5804, stack(0x0000002788e00000,0x0000002788f00000)]
  0x000001a49d6f5800 JavaThread "Unconstrained build operations Thread 24" [_thread_blocked, id=5952, stack(0x0000002788f00000,0x0000002789000000)]
  0x000001a49d6f9800 JavaThread "Unconstrained build operations Thread 25" [_thread_blocked, id=10728, stack(0x0000002789000000,0x0000002789100000)]
  0x000001a49d6f4800 JavaThread "Unconstrained build operations Thread 26" [_thread_blocked, id=11448, stack(0x0000002789100000,0x0000002789200000)]
  0x000001a49d6fb000 JavaThread "Unconstrained build operations Thread 27" [_thread_blocked, id=1484, stack(0x0000002789200000,0x0000002789300000)]
  0x000001a4a0a83000 JavaThread "Unconstrained build operations Thread 28" [_thread_blocked, id=6164, stack(0x0000002789300000,0x0000002789400000)]
  0x000001a4a0a86800 JavaThread "Unconstrained build operations Thread 29" [_thread_blocked, id=10664, stack(0x0000002789400000,0x0000002789500000)]
  0x000001a4a0a80800 JavaThread "Unconstrained build operations Thread 30" [_thread_blocked, id=8956, stack(0x0000002789500000,0x0000002789600000)]
  0x000001a4a0a84000 JavaThread "Unconstrained build operations Thread 31" [_thread_blocked, id=5684, stack(0x0000002789600000,0x0000002789700000)]
  0x000001a4a0a82800 JavaThread "Unconstrained build operations Thread 32" [_thread_blocked, id=11432, stack(0x0000002789700000,0x0000002789800000)]
  0x000001a4a0a85000 JavaThread "Unconstrained build operations Thread 33" [_thread_blocked, id=3304, stack(0x0000002789800000,0x0000002789900000)]
  0x000001a4a0a87000 JavaThread "Unconstrained build operations Thread 34" [_thread_blocked, id=2776, stack(0x0000002789900000,0x0000002789a00000)]
  0x000001a4a0a85800 JavaThread "Unconstrained build operations Thread 35" [_thread_blocked, id=1692, stack(0x0000002789a00000,0x0000002789b00000)]
  0x000001a4a0a81800 JavaThread "Unconstrained build operations Thread 36" [_thread_blocked, id=9596, stack(0x0000002789b00000,0x0000002789c00000)]
  0x000001a4a0a8b800 JavaThread "Unconstrained build operations Thread 37" [_thread_blocked, id=12088, stack(0x0000002789c00000,0x0000002789d00000)]
  0x000001a4a0a8e000 JavaThread "Unconstrained build operations Thread 38" [_thread_blocked, id=7000, stack(0x0000002789d00000,0x0000002789e00000)]
  0x000001a4a0a89000 JavaThread "Unconstrained build operations Thread 39" [_thread_blocked, id=11260, stack(0x0000002789e00000,0x0000002789f00000)]
  0x000001a4a0a88000 JavaThread "Unconstrained build operations Thread 40" [_thread_blocked, id=2952, stack(0x0000002789f00000,0x000000278a000000)]
  0x000001a4a0a8f800 JavaThread "jar transforms Thread 4" [_thread_blocked, id=6648, stack(0x000000278a000000,0x000000278a100000)]
  0x000001a4a0a89800 JavaThread "Memory manager" [_thread_blocked, id=12124, stack(0x000000278a100000,0x000000278a200000)]
  0x000001a4a0a8e800 JavaThread "build event listener" [_thread_blocked, id=11084, stack(0x000000278a200000,0x000000278a300000)]
  0x000001a4a0a8c000 JavaThread "build event listener" [_thread_blocked, id=8848, stack(0x000000278a300000,0x000000278a400000)]
  0x000001a4a0a8d000 JavaThread "pool-3-thread-1" [_thread_blocked, id=7044, stack(0x000000278a400000,0x000000278a500000)]
  0x000001a4a0a8a800 JavaThread "build event listener" [_thread_blocked, id=9796, stack(0x000000278a500000,0x000000278a600000)]
  0x000001a4a3263000 JavaThread "Execution worker for ':'" [_thread_in_vm, id=3260, stack(0x000000278a600000,0x000000278a700000)]
  0x000001a4a3265000 JavaThread "Execution worker for ':' Thread 2" [_thread_blocked, id=8488, stack(0x000000278a700000,0x000000278a800000)]
  0x000001a4a3264000 JavaThread "Execution worker for ':' Thread 3" [_thread_blocked, id=2900, stack(0x000000278a800000,0x000000278a900000)]
  0x000001a4a3265800 JavaThread "Cache worker for execution history cache (C:\Users\Dell\Viwall\.gradle\7.3.3\executionHistory)" [_thread_blocked, id=6416, stack(0x000000278a900000,0x000000278aa00000)]

Other Threads:
  0x000001a49a299000 VMThread "VM Thread" [stack: 0x0000002785000000,0x0000002785100000] [id=6736]
  0x000001a49ad8f000 WatcherThread [stack: 0x0000002785a00000,0x0000002785b00000] [id=4144]
  0x000001a4fe636800 GCTaskThread "GC Thread#0" [stack: 0x0000002784b00000,0x0000002784c00000] [id=8596]
  0x000001a49b810800 GCTaskThread "GC Thread#1" [stack: 0x0000002785b00000,0x0000002785c00000] [id=4624]
  0x000001a49ca51800 GCTaskThread "GC Thread#2" [stack: 0x0000002785d00000,0x0000002785e00000] [id=2116]
  0x000001a49c601800 GCTaskThread "GC Thread#3" [stack: 0x0000002785e00000,0x0000002785f00000] [id=5996]
  0x000001a4fe668800 ConcurrentGCThread "G1 Main Marker" [stack: 0x0000002784c00000,0x0000002784d00000] [id=5604]
  0x000001a4fe669800 ConcurrentGCThread "G1 Conc#0" [stack: 0x0000002784d00000,0x0000002784e00000] [id=2016]
  0x000001a4fe6c6800 ConcurrentGCThread "G1 Refine#0" [stack: 0x0000002784e00000,0x0000002784f00000] [id=10884]
  0x000001a4fe6c9800 ConcurrentGCThread "G1 Young RemSet Sampling" [stack: 0x0000002784f00000,0x0000002785000000] [id=4212]

Threads with active compile tasks:
C2 CompilerThread0  16975 10742   !   4       java.net.URL::<init> (543 bytes)

VM state:not at safepoint (normal execution)

VM Mutex/Monitor currently owned by a thread: None

Heap address: 0x0000000080000000, size: 2048 MB, Compressed Oops mode: 32-bit
Narrow klass base: 0x0000000000000000, Narrow klass shift: 3
Compressed class space size: 1073741824 Address: 0x0000000100000000

Heap:
 garbage-first heap   total 195584K, used 113345K [0x0000000080000000, 0x0000000100000000)
  region size 1024K, 27 young (27648K), 5 survivors (5120K)
 Metaspace       used 94203K, capacity 96334K, committed 96588K, reserved 1132544K
  class space    used 12120K, capacity 12904K, committed 12928K, reserved 1048576K
Heap Regions: E=young(eden), S=young(survivor), O=old, HS=humongous(starts), HC=humongous(continues), CS=collection set, F=free, A=archive, TAMS=top-at-mark-start (previous, next)
|   0|0x0000000080000000, 0x0000000080100000, 0x0000000080100000|100%| O|  |TAMS 0x0000000080100000, 0x0000000080000000| Untracked 
|   1|0x0000000080100000, 0x0000000080200000, 0x0000000080200000|100%| O|  |TAMS 0x0000000080200000, 0x0000000080100000| Untracked 
|   2|0x0000000080200000, 0x0000000080300000, 0x0000000080300000|100%| O|  |TAMS 0x0000000080300000, 0x0000000080200000| Untracked 
|   3|0x0000000080300000, 0x0000000080400000, 0x0000000080400000|100%|HS|  |TAMS 0x0000000080400000, 0x0000000080300000| Complete 
|   4|0x0000000080400000, 0x0000000080500000, 0x0000000080500000|100%|HC|  |TAMS 0x0000000080500000, 0x0000000080400000| Complete 
|   5|0x0000000080500000, 0x0000000080600000, 0x0000000080600000|100%|HC|  |TAMS 0x0000000080600000, 0x0000000080500000| Complete 
|   6|0x0000000080600000, 0x0000000080700000, 0x0000000080700000|100%| O|  |TAMS 0x0000000080700000, 0x0000000080600000| Untracked 
|   7|0x0000000080700000, 0x0000000080800000, 0x0000000080800000|100%| O|  |TAMS 0x0000000080800000, 0x0000000080700000| Untracked 
|   8|0x0000000080800000, 0x0000000080900000, 0x0000000080900000|100%| O|  |TAMS 0x0000000080900000, 0x0000000080800000| Untracked 
|   9|0x0000000080900000, 0x0000000080a00000, 0x0000000080a00000|100%| O|  |TAMS 0x0000000080a00000, 0x0000000080900000| Untracked 
|  10|0x0000000080a00000, 0x0000000080b00000, 0x0000000080b00000|100%| O|  |TAMS 0x0000000080b00000, 0x0000000080a00000| Untracked 
|  11|0x0000000080b00000, 0x0000000080c00000, 0x0000000080c00000|100%| O|  |TAMS 0x0000000080c00000, 0x0000000080b00000| Untracked 
|  12|0x0000000080c00000, 0x0000000080d00000, 0x0000000080d00000|100%| O|  |TAMS 0x0000000080d00000, 0x0000000080c00000| Untracked 
|  13|0x0000000080d00000, 0x0000000080e00000, 0x0000000080e00000|100%| O|  |TAMS 0x0000000080e00000, 0x0000000080d00000| Untracked 
|  14|0x0000000080e00000, 0x0000000080f00000, 0x0000000080f00000|100%| O|  |TAMS 0x0000000080f00000, 0x0000000080e00000| Untracked 
|  15|0x0000000080f00000, 0x0000000081000000, 0x0000000081000000|100%| O|  |TAMS 0x0000000081000000, 0x0000000080f00000| Untracked 
|  16|0x0000000081000000, 0x0000000081100000, 0x0000000081100000|100%| O|  |TAMS 0x0000000081100000, 0x0000000081000000| Untracked 
|  17|0x0000000081100000, 0x0000000081200000, 0x0000000081200000|100%| O|  |TAMS 0x0000000081200000, 0x0000000081100000| Untracked 
|  18|0x0000000081200000, 0x0000000081300000, 0x0000000081300000|100%| O|  |TAMS 0x0000000081300000, 0x0000000081200000| Untracked 
|  19|0x0000000081300000, 0x0000000081400000, 0x0000000081400000|100%| O|  |TAMS 0x0000000081400000, 0x0000000081300000| Untracked 
|  20|0x0000000081400000, 0x0000000081500000, 0x0000000081500000|100%| O|  |TAMS 0x0000000081500000, 0x0000000081400000| Untracked 
|  21|0x0000000081500000, 0x0000000081600000, 0x0000000081600000|100%| O|  |TAMS 0x0000000081600000, 0x0000000081500000| Untracked 
|  22|0x0000000081600000, 0x0000000081700000, 0x0000000081700000|100%| O|  |TAMS 0x0000000081700000, 0x0000000081600000| Untracked 
|  23|0x0000000081700000, 0x0000000081800000, 0x0000000081800000|100%| O|  |TAMS 0x0000000081800000, 0x0000000081700000| Untracked 
|  24|0x0000000081800000, 0x0000000081900000, 0x0000000081900000|100%| O|  |TAMS 0x0000000081900000, 0x0000000081800000| Untracked 
|  25|0x0000000081900000, 0x0000000081a00000, 0x0000000081a00000|100%| O|  |TAMS 0x0000000081a00000, 0x0000000081900000| Untracked 
|  26|0x0000000081a00000, 0x0000000081b00000, 0x0000000081b00000|100%| O|  |TAMS 0x0000000081b00000, 0x0000000081a00000| Untracked 
|  27|0x0000000081b00000, 0x0000000081c00000, 0x0000000081c00000|100%| O|  |TAMS 0x0000000081c00000, 0x0000000081b00000| Untracked 
|  28|0x0000000081c00000, 0x0000000081d00000, 0x0000000081d00000|100%|HS|  |TAMS 0x0000000081d00000, 0x0000000081c00000| Complete 
|  29|0x0000000081d00000, 0x0000000081e00000, 0x0000000081e00000|100%|HS|  |TAMS 0x0000000081e00000, 0x0000000081d00000| Complete 
|  30|0x0000000081e00000, 0x0000000081f00000, 0x0000000081f00000|100%|HS|  |TAMS 0x0000000081f00000, 0x0000000081e00000| Complete 
|  31|0x0000000081f00000, 0x0000000082000000, 0x0000000082000000|100%|HS|  |TAMS 0x0000000082000000, 0x0000000081f00000| Complete 
|  32|0x0000000082000000, 0x0000000082100000, 0x0000000082100000|100%|HC|  |TAMS 0x0000000082100000, 0x0000000082000000| Complete 
|  33|0x0000000082100000, 0x0000000082200000, 0x0000000082200000|100%|HC|  |TAMS 0x0000000082200000, 0x0000000082100000| Complete 
|  34|0x0000000082200000, 0x0000000082300000, 0x0000000082300000|100%|HS|  |TAMS 0x0000000082300000, 0x0000000082200000| Complete 
|  35|0x0000000082300000, 0x0000000082400000, 0x0000000082400000|100%|HC|  |TAMS 0x0000000082400000, 0x0000000082300000| Complete 
|  36|0x0000000082400000, 0x0000000082500000, 0x0000000082500000|100%| O|  |TAMS 0x0000000082500000, 0x0000000082400000| Untracked 
|  37|0x0000000082500000, 0x0000000082600000, 0x0000000082600000|100%| O|  |TAMS 0x0000000082600000, 0x0000000082500000| Untracked 
|  38|0x0000000082600000, 0x0000000082700000, 0x0000000082700000|100%| O|  |TAMS 0x0000000082700000, 0x0000000082600000| Untracked 
|  39|0x0000000082700000, 0x0000000082800000, 0x0000000082800000|100%| O|  |TAMS 0x0000000082800000, 0x0000000082700000| Untracked 
|  40|0x0000000082800000, 0x0000000082900000, 0x0000000082900000|100%| O|  |TAMS 0x0000000082900000, 0x0000000082800000| Untracked 
|  41|0x0000000082900000, 0x0000000082a00000, 0x0000000082a00000|100%| O|  |TAMS 0x0000000082a00000, 0x0000000082900000| Untracked 
|  42|0x0000000082a00000, 0x0000000082b00000, 0x0000000082b00000|100%| O|  |TAMS 0x0000000082b00000, 0x0000000082a00000| Untracked 
|  43|0x0000000082b00000, 0x0000000082c00000, 0x0000000082c00000|100%| O|  |TAMS 0x0000000082c00000, 0x0000000082b00000| Untracked 
|  44|0x0000000082c00000, 0x0000000082d00000, 0x0000000082d00000|100%| O|  |TAMS 0x0000000082d00000, 0x0000000082c00000| Untracked 
|  45|0x0000000082d00000, 0x0000000082e00000, 0x0000000082e00000|100%| O|  |TAMS 0x0000000082e00000, 0x0000000082d00000| Untracked 
|  46|0x0000000082e00000, 0x0000000082f00000, 0x0000000082f00000|100%| O|  |TAMS 0x0000000082f00000, 0x0000000082e00000| Untracked 
|  47|0x0000000082f00000, 0x0000000083000000, 0x0000000083000000|100%| O|  |TAMS 0x0000000083000000, 0x0000000082f00000| Untracked 
|  48|0x0000000083000000, 0x0000000083100000, 0x0000000083100000|100%| O|  |TAMS 0x0000000083100000, 0x0000000083000000| Untracked 
|  49|0x0000000083100000, 0x0000000083200000, 0x0000000083200000|100%| O|  |TAMS 0x0000000083200000, 0x0000000083100000| Untracked 
|  50|0x0000000083200000, 0x0000000083300000, 0x0000000083300000|100%| O|  |TAMS 0x0000000083300000, 0x0000000083200000| Untracked 
|  51|0x0000000083300000, 0x0000000083400000, 0x0000000083400000|100%| O|  |TAMS 0x0000000083400000, 0x0000000083300000| Untracked 
|  52|0x0000000083400000, 0x0000000083500000, 0x0000000083500000|100%| O|  |TAMS 0x0000000083500000, 0x0000000083400000| Untracked 
|  53|0x0000000083500000, 0x0000000083600000, 0x0000000083600000|100%| O|  |TAMS 0x0000000083600000, 0x0000000083500000| Untracked 
|  54|0x0000000083600000, 0x0000000083700000, 0x0000000083700000|100%| O|  |TAMS 0x0000000083700000, 0x0000000083600000| Untracked 
|  55|0x0000000083700000, 0x0000000083800000, 0x0000000083800000|100%| O|  |TAMS 0x0000000083800000, 0x0000000083700000| Untracked 
|  56|0x0000000083800000, 0x0000000083900000, 0x0000000083900000|100%| O|  |TAMS 0x0000000083900000, 0x0000000083800000| Untracked 
|  57|0x0000000083900000, 0x0000000083a00000, 0x0000000083a00000|100%| O|  |TAMS 0x0000000083a00000, 0x0000000083900000| Untracked 
|  58|0x0000000083a00000, 0x0000000083b00000, 0x0000000083b00000|100%| O|  |TAMS 0x0000000083b00000, 0x0000000083a00000| Untracked 
|  59|0x0000000083b00000, 0x0000000083c00000, 0x0000000083c00000|100%| O|  |TAMS 0x0000000083c00000, 0x0000000083b00000| Untracked 
|  60|0x0000000083c00000, 0x0000000083d00000, 0x0000000083d00000|100%| O|  |TAMS 0x0000000083d00000, 0x0000000083c00000| Untracked 
|  61|0x0000000083d00000, 0x0000000083e00000, 0x0000000083e00000|100%| O|  |TAMS 0x0000000083e00000, 0x0000000083d00000| Untracked 
|  62|0x0000000083e00000, 0x0000000083f00000, 0x0000000083f00000|100%| O|  |TAMS 0x0000000083f00000, 0x0000000083e00000| Untracked 
|  63|0x0000000083f00000, 0x0000000084000000, 0x0000000084000000|100%| O|  |TAMS 0x0000000084000000, 0x0000000083f00000| Untracked 
|  64|0x0000000084000000, 0x0000000084100000, 0x0000000084100000|100%| O|  |TAMS 0x0000000084100000, 0x0000000084000000| Untracked 
|  65|0x0000000084100000, 0x0000000084200000, 0x0000000084200000|100%| O|  |TAMS 0x0000000084200000, 0x0000000084100000| Untracked 
|  66|0x0000000084200000, 0x0000000084300000, 0x0000000084300000|100%| O|  |TAMS 0x0000000084300000, 0x0000000084200000| Untracked 
|  67|0x0000000084300000, 0x0000000084400000, 0x0000000084400000|100%| O|  |TAMS 0x0000000084400000, 0x0000000084300000| Untracked 
|  68|0x0000000084400000, 0x0000000084500000, 0x0000000084500000|100%| O|  |TAMS 0x0000000084500000, 0x0000000084400000| Untracked 
|  69|0x0000000084500000, 0x0000000084600000, 0x0000000084600000|100%| O|  |TAMS 0x0000000084600000, 0x0000000084500000| Untracked 
|  70|0x0000000084600000, 0x0000000084700000, 0x0000000084700000|100%| O|  |TAMS 0x0000000084700000, 0x0000000084600000| Untracked 
|  71|0x0000000084700000, 0x0000000084800000, 0x0000000084800000|100%| O|  |TAMS 0x0000000084800000, 0x0000000084700000| Untracked 
|  72|0x0000000084800000, 0x0000000084900000, 0x0000000084900000|100%| O|  |TAMS 0x0000000084900000, 0x0000000084800000| Untracked 
|  73|0x0000000084900000, 0x0000000084a00000, 0x0000000084a00000|100%| O|  |TAMS 0x0000000084a00000, 0x0000000084900000| Untracked 
|  74|0x0000000084a00000, 0x0000000084b00000, 0x0000000084b00000|100%| O|  |TAMS 0x0000000084b00000, 0x0000000084a00000| Untracked 
|  75|0x0000000084b00000, 0x0000000084c00000, 0x0000000084c00000|100%| O|  |TAMS 0x0000000084c00000, 0x0000000084b00000| Untracked 
|  76|0x0000000084c00000, 0x0000000084d00000, 0x0000000084d00000|100%| O|  |TAMS 0x0000000084d00000, 0x0000000084c00000| Untracked 
|  77|0x0000000084d00000, 0x0000000084e00000, 0x0000000084e00000|100%| O|  |TAMS 0x0000000084e00000, 0x0000000084d00000| Untracked 
|  78|0x0000000084e00000, 0x0000000084f00000, 0x0000000084f00000|100%| O|  |TAMS 0x0000000084f00000, 0x0000000084e00000| Untracked 
|  79|0x0000000084f00000, 0x0000000085000000, 0x0000000085000000|100%| O|  |TAMS 0x0000000085000000, 0x0000000084f00000| Untracked 
|  80|0x0000000085000000, 0x0000000085100000, 0x0000000085100000|100%| O|  |TAMS 0x0000000085100000, 0x0000000085000000| Untracked 
|  81|0x0000000085100000, 0x0000000085200000, 0x0000000085200000|100%| O|  |TAMS 0x0000000085200000, 0x0000000085100000| Untracked 
|  82|0x0000000085200000, 0x0000000085300000, 0x0000000085300000|100%| O|  |TAMS 0x0000000085300000, 0x0000000085200000| Untracked 
|  83|0x0000000085300000, 0x0000000085400000, 0x0000000085400000|100%| O|  |TAMS 0x0000000085400000, 0x0000000085300000| Untracked 
|  84|0x0000000085400000, 0x0000000085485200, 0x0000000085500000| 52%| O|  |TAMS 0x0000000085485200, 0x0000000085400000| Untracked 
|  85|0x0000000085500000, 0x0000000085500000, 0x0000000085600000|  0%| F|  |TAMS 0x0000000085500000, 0x0000000085500000| Untracked 
|  86|0x0000000085600000, 0x0000000085600000, 0x0000000085700000|  0%| F|  |TAMS 0x0000000085600000, 0x0000000085600000| Untracked 
|  87|0x0000000085700000, 0x0000000085700000, 0x0000000085800000|  0%| F|  |TAMS 0x0000000085700000, 0x0000000085700000| Untracked 
|  88|0x0000000085800000, 0x0000000085800000, 0x0000000085900000|  0%| F|  |TAMS 0x0000000085800000, 0x0000000085800000| Untracked 
|  89|0x0000000085900000, 0x0000000085900000, 0x0000000085a00000|  0%| F|  |TAMS 0x0000000085900000, 0x0000000085900000| Untracked 
|  90|0x0000000085a00000, 0x0000000085b00000, 0x0000000085b00000|100%| O|  |TAMS 0x0000000085b00000, 0x0000000085a00000| Untracked 
|  91|0x0000000085b00000, 0x0000000085b00000, 0x0000000085c00000|  0%| F|  |TAMS 0x0000000085b00000, 0x0000000085b00000| Untracked 
|  92|0x0000000085c00000, 0x0000000085c00000, 0x0000000085d00000|  0%| F|  |TAMS 0x0000000085c00000, 0x0000000085c00000| Untracked 
|  93|0x0000000085d00000, 0x0000000085d00000, 0x0000000085e00000|  0%| F|  |TAMS 0x0000000085d00000, 0x0000000085d00000| Untracked 
|  94|0x0000000085e00000, 0x0000000085e00000, 0x0000000085f00000|  0%| F|  |TAMS 0x0000000085e00000, 0x0000000085e00000| Untracked 
|  95|0x0000000085f00000, 0x0000000085f00000, 0x0000000086000000|  0%| F|  |TAMS 0x0000000085f00000, 0x0000000085f00000| Untracked 
|  96|0x0000000086000000, 0x0000000086000000, 0x0000000086100000|  0%| F|  |TAMS 0x0000000086000000, 0x0000000086000000| Untracked 
|  97|0x0000000086100000, 0x0000000086100000, 0x0000000086200000|  0%| F|  |TAMS 0x0000000086100000, 0x0000000086100000| Untracked 
|  98|0x0000000086200000, 0x0000000086200000, 0x0000000086300000|  0%| F|  |TAMS 0x0000000086200000, 0x0000000086200000| Untracked 
|  99|0x0000000086300000, 0x0000000086300000, 0x0000000086400000|  0%| F|  |TAMS 0x0000000086300000, 0x0000000086300000| Untracked 
| 100|0x0000000086400000, 0x0000000086400000, 0x0000000086500000|  0%| F|  |TAMS 0x0000000086400000, 0x0000000086400000| Untracked 
| 101|0x0000000086500000, 0x0000000086500000, 0x0000000086600000|  0%| F|  |TAMS 0x0000000086500000, 0x0000000086500000| Untracked 
| 102|0x0000000086600000, 0x0000000086600000, 0x0000000086700000|  0%| F|  |TAMS 0x0000000086600000, 0x0000000086600000| Untracked 
| 103|0x0000000086700000, 0x0000000086700000, 0x0000000086800000|  0%| F|  |TAMS 0x0000000086700000, 0x0000000086700000| Untracked 
| 104|0x0000000086800000, 0x0000000086800000, 0x0000000086900000|  0%| F|  |TAMS 0x0000000086800000, 0x0000000086800000| Untracked 
| 105|0x0000000086900000, 0x0000000086900000, 0x0000000086a00000|  0%| F|  |TAMS 0x0000000086900000, 0x0000000086900000| Untracked 
| 106|0x0000000086a00000, 0x0000000086a00000, 0x0000000086b00000|  0%| F|  |TAMS 0x0000000086a00000, 0x0000000086a00000| Untracked 
| 107|0x0000000086b00000, 0x0000000086b00000, 0x0000000086c00000|  0%| F|  |TAMS 0x0000000086b00000, 0x0000000086b00000| Untracked 
| 108|0x0000000086c00000, 0x0000000086c00000, 0x0000000086d00000|  0%| F|  |TAMS 0x0000000086c00000, 0x0000000086c00000| Untracked 
| 109|0x0000000086d00000, 0x0000000086d2b538, 0x0000000086e00000| 16%| S|CS|TAMS 0x0000000086d00000, 0x0000000086d00000| Complete 
| 110|0x0000000086e00000, 0x0000000086f00000, 0x0000000086f00000|100%| S|CS|TAMS 0x0000000086e00000, 0x0000000086e00000| Complete 
| 111|0x0000000086f00000, 0x0000000087000000, 0x0000000087000000|100%| S|CS|TAMS 0x0000000086f00000, 0x0000000086f00000| Complete 
| 112|0x0000000087000000, 0x0000000087100000, 0x0000000087100000|100%| S|CS|TAMS 0x0000000087000000, 0x0000000087000000| Complete 
| 113|0x0000000087100000, 0x0000000087100000, 0x0000000087200000|  0%| F|  |TAMS 0x0000000087100000, 0x0000000087100000| Untracked 
| 114|0x0000000087200000, 0x0000000087200000, 0x0000000087300000|  0%| F|  |TAMS 0x0000000087200000, 0x0000000087200000| Untracked 
| 115|0x0000000087300000, 0x0000000087300000, 0x0000000087400000|  0%| F|  |TAMS 0x0000000087300000, 0x0000000087300000| Untracked 
| 116|0x0000000087400000, 0x0000000087400000, 0x0000000087500000|  0%| F|  |TAMS 0x0000000087400000, 0x0000000087400000| Untracked 
| 117|0x0000000087500000, 0x0000000087600000, 0x0000000087600000|100%| S|CS|TAMS 0x0000000087500000, 0x0000000087500000| Complete 
| 118|0x0000000087600000, 0x0000000087600000, 0x0000000087700000|  0%| F|  |TAMS 0x0000000087600000, 0x0000000087600000| Untracked 
| 119|0x0000000087700000, 0x0000000087700000, 0x0000000087800000|  0%| F|  |TAMS 0x0000000087700000, 0x0000000087700000| Untracked 
| 120|0x0000000087800000, 0x0000000087800000, 0x0000000087900000|  0%| F|  |TAMS 0x0000000087800000, 0x0000000087800000| Untracked 
| 121|0x0000000087900000, 0x0000000087900000, 0x0000000087a00000|  0%| F|  |TAMS 0x0000000087900000, 0x0000000087900000| Untracked 
| 122|0x0000000087a00000, 0x0000000087a00000, 0x0000000087b00000|  0%| F|  |TAMS 0x0000000087a00000, 0x0000000087a00000| Untracked 
| 123|0x0000000087b00000, 0x0000000087b00000, 0x0000000087c00000|  0%| F|  |TAMS 0x0000000087b00000, 0x0000000087b00000| Untracked 
| 124|0x0000000087c00000, 0x0000000087c00000, 0x0000000087d00000|  0%| F|  |TAMS 0x0000000087c00000, 0x0000000087c00000| Untracked 
| 125|0x0000000087d00000, 0x0000000087d00000, 0x0000000087e00000|  0%| F|  |TAMS 0x0000000087d00000, 0x0000000087d00000| Untracked 
| 126|0x0000000087e00000, 0x0000000087e00000, 0x0000000087f00000|  0%| F|  |TAMS 0x0000000087e00000, 0x0000000087e00000| Untracked 
| 127|0x0000000087f00000, 0x0000000087f00000, 0x0000000088000000|  0%| F|  |TAMS 0x0000000087f00000, 0x0000000087f00000| Untracked 
| 128|0x0000000088000000, 0x0000000088000000, 0x0000000088100000|  0%| F|  |TAMS 0x0000000088000000, 0x0000000088000000| Untracked 
| 129|0x0000000088100000, 0x0000000088100000, 0x0000000088200000|  0%| F|  |TAMS 0x0000000088100000, 0x0000000088100000| Untracked 
| 130|0x0000000088200000, 0x0000000088200000, 0x0000000088300000|  0%| F|  |TAMS 0x0000000088200000, 0x0000000088200000| Untracked 
| 131|0x0000000088300000, 0x0000000088300000, 0x0000000088400000|  0%| F|  |TAMS 0x0000000088300000, 0x0000000088300000| Untracked 
| 132|0x0000000088400000, 0x0000000088400000, 0x0000000088500000|  0%| F|  |TAMS 0x0000000088400000, 0x0000000088400000| Untracked 
| 133|0x0000000088500000, 0x0000000088500000, 0x0000000088600000|  0%| F|  |TAMS 0x0000000088500000, 0x0000000088500000| Untracked 
| 134|0x0000000088600000, 0x0000000088600000, 0x0000000088700000|  0%| F|  |TAMS 0x0000000088600000, 0x0000000088600000| Untracked 
| 135|0x0000000088700000, 0x0000000088700000, 0x0000000088800000|  0%| F|  |TAMS 0x0000000088700000, 0x0000000088700000| Untracked 
| 136|0x0000000088800000, 0x0000000088800000, 0x0000000088900000|  0%| F|  |TAMS 0x0000000088800000, 0x0000000088800000| Untracked 
| 137|0x0000000088900000, 0x0000000088900000, 0x0000000088a00000|  0%| F|  |TAMS 0x0000000088900000, 0x0000000088900000| Untracked 
| 138|0x0000000088a00000, 0x0000000088a00000, 0x0000000088b00000|  0%| F|  |TAMS 0x0000000088a00000, 0x0000000088a00000| Untracked 
| 139|0x0000000088b00000, 0x0000000088b00000, 0x0000000088c00000|  0%| F|  |TAMS 0x0000000088b00000, 0x0000000088b00000| Untracked 
| 140|0x0000000088c00000, 0x0000000088c00000, 0x0000000088d00000|  0%| F|  |TAMS 0x0000000088c00000, 0x0000000088c00000| Untracked 
| 141|0x0000000088d00000, 0x0000000088d00000, 0x0000000088e00000|  0%| F|  |TAMS 0x0000000088d00000, 0x0000000088d00000| Untracked 
| 142|0x0000000088e00000, 0x0000000088e00000, 0x0000000088f00000|  0%| F|  |TAMS 0x0000000088e00000, 0x0000000088e00000| Untracked 
| 143|0x0000000088f00000, 0x0000000088f00000, 0x0000000089000000|  0%| F|  |TAMS 0x0000000088f00000, 0x0000000088f00000| Untracked 
| 144|0x0000000089000000, 0x0000000089000000, 0x0000000089100000|  0%| F|  |TAMS 0x0000000089000000, 0x0000000089000000| Untracked 
| 145|0x0000000089100000, 0x0000000089100000, 0x0000000089200000|  0%| F|  |TAMS 0x0000000089100000, 0x0000000089100000| Untracked 
| 146|0x0000000089200000, 0x0000000089200000, 0x0000000089300000|  0%| F|  |TAMS 0x0000000089200000, 0x0000000089200000| Untracked 
| 147|0x0000000089300000, 0x0000000089300000, 0x0000000089400000|  0%| F|  |TAMS 0x0000000089300000, 0x0000000089300000| Untracked 
| 148|0x0000000089400000, 0x0000000089400000, 0x0000000089500000|  0%| F|  |TAMS 0x0000000089400000, 0x0000000089400000| Untracked 
| 149|0x0000000089500000, 0x0000000089500000, 0x0000000089600000|  0%| F|  |TAMS 0x0000000089500000, 0x0000000089500000| Untracked 
| 150|0x0000000089600000, 0x0000000089600000, 0x0000000089700000|  0%| F|  |TAMS 0x0000000089600000, 0x0000000089600000| Untracked 
| 151|0x0000000089700000, 0x0000000089700000, 0x0000000089800000|  0%| F|  |TAMS 0x0000000089700000, 0x0000000089700000| Untracked 
| 152|0x0000000089800000, 0x0000000089800000, 0x0000000089900000|  0%| F|  |TAMS 0x0000000089800000, 0x0000000089800000| Untracked 
| 153|0x0000000089900000, 0x0000000089900000, 0x0000000089a00000|  0%| F|  |TAMS 0x0000000089900000, 0x0000000089900000| Untracked 
| 154|0x0000000089a00000, 0x0000000089a00000, 0x0000000089b00000|  0%| F|  |TAMS 0x0000000089a00000, 0x0000000089a00000| Untracked 
| 155|0x0000000089b00000, 0x0000000089b00000, 0x0000000089c00000|  0%| F|  |TAMS 0x0000000089b00000, 0x0000000089b00000| Untracked 
| 156|0x0000000089c00000, 0x0000000089c00000, 0x0000000089d00000|  0%| F|  |TAMS 0x0000000089c00000, 0x0000000089c00000| Untracked 
| 157|0x0000000089d00000, 0x0000000089d00000, 0x0000000089e00000|  0%| F|  |TAMS 0x0000000089d00000, 0x0000000089d00000| Untracked 
| 158|0x0000000089e00000, 0x0000000089e00000, 0x0000000089f00000|  0%| F|  |TAMS 0x0000000089e00000, 0x0000000089e00000| Untracked 
| 159|0x0000000089f00000, 0x0000000089f00000, 0x000000008a000000|  0%| F|  |TAMS 0x0000000089f00000, 0x0000000089f00000| Untracked 
| 160|0x000000008a000000, 0x000000008a000000, 0x000000008a100000|  0%| F|  |TAMS 0x000000008a000000, 0x000000008a000000| Untracked 
| 161|0x000000008a100000, 0x000000008a100000, 0x000000008a200000|  0%| F|  |TAMS 0x000000008a100000, 0x000000008a100000| Untracked 
| 162|0x000000008a200000, 0x000000008a200000, 0x000000008a300000|  0%| F|  |TAMS 0x000000008a200000, 0x000000008a200000| Untracked 
| 163|0x000000008a300000, 0x000000008a300000, 0x000000008a400000|  0%| F|  |TAMS 0x000000008a300000, 0x000000008a300000| Untracked 
| 164|0x000000008a400000, 0x000000008a400000, 0x000000008a500000|  0%| F|  |TAMS 0x000000008a400000, 0x000000008a400000| Untracked 
| 165|0x000000008a500000, 0x000000008a500000, 0x000000008a600000|  0%| F|  |TAMS 0x000000008a500000, 0x000000008a500000| Untracked 
| 166|0x000000008a600000, 0x000000008a600000, 0x000000008a700000|  0%| F|  |TAMS 0x000000008a600000, 0x000000008a600000| Untracked 
| 167|0x000000008a700000, 0x000000008a700000, 0x000000008a800000|  0%| F|  |TAMS 0x000000008a700000, 0x000000008a700000| Untracked 
| 168|0x000000008a800000, 0x000000008a800000, 0x000000008a900000|  0%| F|  |TAMS 0x000000008a800000, 0x000000008a800000| Untracked 
| 169|0x000000008a900000, 0x000000008a9fe330, 0x000000008aa00000| 99%| E|  |TAMS 0x000000008a900000, 0x000000008a900000| Complete 
| 170|0x000000008aa00000, 0x000000008ab00000, 0x000000008ab00000|100%| E|CS|TAMS 0x000000008aa00000, 0x000000008aa00000| Complete 
| 171|0x000000008ab00000, 0x000000008ac00000, 0x000000008ac00000|100%| E|CS|TAMS 0x000000008ab00000, 0x000000008ab00000| Complete 
| 172|0x000000008ac00000, 0x000000008ad00000, 0x000000008ad00000|100%| E|CS|TAMS 0x000000008ac00000, 0x000000008ac00000| Complete 
| 173|0x000000008ad00000, 0x000000008ae00000, 0x000000008ae00000|100%| E|CS|TAMS 0x000000008ad00000, 0x000000008ad00000| Complete 
| 174|0x000000008ae00000, 0x000000008af00000, 0x000000008af00000|100%| E|CS|TAMS 0x000000008ae00000, 0x000000008ae00000| Complete 
| 175|0x000000008af00000, 0x000000008b000000, 0x000000008b000000|100%| E|CS|TAMS 0x000000008af00000, 0x000000008af00000| Complete 
| 176|0x000000008b000000, 0x000000008b100000, 0x000000008b100000|100%| E|CS|TAMS 0x000000008b000000, 0x000000008b000000| Complete 
| 177|0x000000008b100000, 0x000000008b200000, 0x000000008b200000|100%| E|CS|TAMS 0x000000008b100000, 0x000000008b100000| Complete 
| 178|0x000000008b200000, 0x000000008b300000, 0x000000008b300000|100%| E|CS|TAMS 0x000000008b200000, 0x000000008b200000| Complete 
| 179|0x000000008b300000, 0x000000008b400000, 0x000000008b400000|100%| E|CS|TAMS 0x000000008b300000, 0x000000008b300000| Complete 
| 180|0x000000008b400000, 0x000000008b500000, 0x000000008b500000|100%| E|CS|TAMS 0x000000008b400000, 0x000000008b400000| Complete 
| 181|0x000000008b500000, 0x000000008b600000, 0x000000008b600000|100%| E|CS|TAMS 0x000000008b500000, 0x000000008b500000| Complete 
| 182|0x000000008b600000, 0x000000008b700000, 0x000000008b700000|100%| E|CS|TAMS 0x000000008b600000, 0x000000008b600000| Complete 
| 183|0x000000008b700000, 0x000000008b800000, 0x000000008b800000|100%| E|CS|TAMS 0x000000008b700000, 0x000000008b700000| Complete 
| 184|0x000000008b800000, 0x000000008b900000, 0x000000008b900000|100%| E|CS|TAMS 0x000000008b800000, 0x000000008b800000| Complete 
| 185|0x000000008b900000, 0x000000008ba00000, 0x000000008ba00000|100%| E|CS|TAMS 0x000000008b900000, 0x000000008b900000| Complete 
| 186|0x000000008ba00000, 0x000000008bb00000, 0x000000008bb00000|100%| E|CS|TAMS 0x000000008ba00000, 0x000000008ba00000| Complete 
| 187|0x000000008bb00000, 0x000000008bc00000, 0x000000008bc00000|100%| E|CS|TAMS 0x000000008bb00000, 0x000000008bb00000| Complete 
| 188|0x000000008bc00000, 0x000000008bd00000, 0x000000008bd00000|100%| E|CS|TAMS 0x000000008bc00000, 0x000000008bc00000| Complete 
| 189|0x000000008bd00000, 0x000000008be00000, 0x000000008be00000|100%| E|CS|TAMS 0x000000008bd00000, 0x000000008bd00000| Complete 
| 190|0x000000008be00000, 0x000000008bf00000, 0x000000008bf00000|100%| E|CS|TAMS 0x000000008be00000, 0x000000008be00000| Complete 

Card table byte_map: [0x000001a493490000,0x000001a493890000] _byte_map_base: 0x000001a493090000

Marking Bits (Prev, Next): (CMBitMap*) 0x000001a4fe65f898, (CMBitMap*) 0x000001a4fe65f8d0
 Prev Bits: [0x000001a493c90000, 0x000001a495c90000)
 Next Bits: [0x000001a495c90000, 0x000001a497c90000)

Polling page: 0x000001a480000000

Metaspace:

Usage:
  Non-class:     81.54 MB capacity,    80.18 MB ( 98%) used,     1.11 MB (  1%) free+waste,   253.19 KB ( <1%) overhead. 
      Class:     12.60 MB capacity,    11.84 MB ( 94%) used,   663.14 KB (  5%) free+waste,   112.00 KB ( <1%) overhead. 
       Both:     94.14 MB capacity,    92.03 MB ( 98%) used,     1.76 MB (  2%) free+waste,   365.19 KB ( <1%) overhead. 

Virtual space:
  Non-class space:       82.00 MB reserved,      81.70 MB (>99%) committed 
      Class space:        1.00 GB reserved,      12.63 MB (  1%) committed 
             Both:        1.08 GB reserved,      94.32 MB (  9%) committed 

Chunk freelists:
   Non-Class:  102.00 KB
       Class:  24.00 KB
        Both:  126.00 KB

MaxMetaspaceSize: 17179869184.00 GB
CompressedClassSpaceSize: 1.00 GB
Initial GC threshold: 20.80 MB
Current GC threshold: 151.17 MB
CDS: off

CodeHeap 'non-profiled nmethods': size=120064Kb used=5219Kb max_used=5219Kb free=114844Kb
 bounds [0x000001a48b510000, 0x000001a48ba30000, 0x000001a492a50000]
CodeHeap 'profiled nmethods': size=120000Kb used=21553Kb max_used=21553Kb free=98446Kb
 bounds [0x000001a483fe0000, 0x000001a4854f0000, 0x000001a48b510000]
CodeHeap 'non-nmethods': size=5696Kb used=2384Kb max_used=2419Kb free=3311Kb
 bounds [0x000001a483a50000, 0x000001a483cc0000, 0x000001a483fe0000]
 total_blobs=11682 nmethods=10780 adapters=814
 compilation: enabled
              stopped_count=0, restarted_count=0
 full_count=0

Compilation events (20 events):
Event: 16.839 Thread 0x000001a49a309000 10771  s    3       kotlin.reflect.jvm.internal.impl.protobuf.ByteString$Output::toByteString (12 bytes)
Event: 16.839 Thread 0x000001a49a309000 nmethod 10771 0x000001a4854a1e10 code [0x000001a4854a1fe0, 0x000001a4854a22b8]
Event: 16.839 Thread 0x000001a49a309000 10772       3       kotlin.reflect.jvm.internal.impl.protobuf.ByteString$Output::flushLastBuffer (96 bytes)
Event: 16.840 Thread 0x000001a49a309000 nmethod 10772 0x000001a4854a2390 code [0x000001a4854a2680, 0x000001a4854a3a08]
Event: 16.840 Thread 0x000001a49a309000 10773       3       kotlin.reflect.jvm.internal.impl.protobuf.ByteString::copyFrom (94 bytes)
Event: 16.841 Thread 0x000001a49a309000 nmethod 10773 0x000001a4854a4090 code [0x000001a4854a4380, 0x000001a4854a5588]
Event: 16.841 Thread 0x000001a49a309000 10774       3       kotlin.reflect.jvm.internal.impl.protobuf.CodedInputStream::checkLastTagWas (13 bytes)
Event: 16.841 Thread 0x000001a49a309000 nmethod 10774 0x000001a4854a5a90 code [0x000001a4854a5c40, 0x000001a4854a5da8]
Event: 16.841 Thread 0x000001a49a309000 10782       3       kotlin.reflect.jvm.internal.impl.protobuf.SmallSortedMap$EmptySet::iterable (4 bytes)
Event: 16.841 Thread 0x000001a49a309000 nmethod 10782 0x000001a4854a5e90 code [0x000001a4854a6040, 0x000001a4854a6138]
Event: 16.841 Thread 0x000001a49a309000 10783       3       kotlin.reflect.jvm.internal.impl.protobuf.SmallSortedMap$EmptySet$2::iterator (4 bytes)
Event: 16.841 Thread 0x000001a49a309000 nmethod 10783 0x000001a4854a6210 code [0x000001a4854a63c0, 0x000001a4854a6518]
Event: 16.841 Thread 0x000001a49a309000 10784       3       kotlin.reflect.jvm.internal.impl.protobuf.SmallSortedMap$EmptySet::access$700 (4 bytes)
Event: 16.841 Thread 0x000001a49a309000 nmethod 10784 0x000001a4854a6610 code [0x000001a4854a67c0, 0x000001a4854a68b8]
Event: 16.841 Thread 0x000001a49a309000 10777       3       kotlin.reflect.jvm.internal.impl.protobuf.CodedInputStream::readMessage (74 bytes)
Event: 16.841 Thread 0x000001a49a309000 nmethod 10777 0x000001a4854a6990 code [0x000001a4854a6bc0, 0x000001a4854a70f8]
Event: 16.841 Thread 0x000001a49a309000 10781       1       kotlin.reflect.jvm.internal.impl.protobuf.SmallSortedMap$Entry::getKey (5 bytes)
Event: 16.841 Thread 0x000001a49a309000 nmethod 10781 0x000001a48ba23510 code [0x000001a48ba236c0, 0x000001a48ba23778]
Event: 16.841 Thread 0x000001a49a309000 10775       1       kotlin.reflect.jvm.internal.impl.protobuf.GeneratedMessageLite$Builder::getUnknownFields (5 bytes)
Event: 16.841 Thread 0x000001a49a309000 nmethod 10775 0x000001a48ba23810 code [0x000001a48ba239c0, 0x000001a48ba23a78]

GC Heap History (20 events):
Event: 11.210 GC heap before
{Heap before GC invocations=28 (full 0):
 garbage-first heap   total 112640K, used 93031K [0x0000000080000000, 0x0000000100000000)
  region size 1024K, 31 young (31744K), 3 survivors (3072K)
 Metaspace       used 74423K, capacity 76065K, committed 76236K, reserved 1116160K
  class space    used 9601K, capacity 10214K, committed 10240K, reserved 1048576K
}
Event: 11.215 GC heap after
{Heap after GC invocations=29 (full 0):
 garbage-first heap   total 135168K, used 65683K [0x0000000080000000, 0x0000000100000000)
  region size 1024K, 2 young (2048K), 2 survivors (2048K)
 Metaspace       used 74423K, capacity 76065K, committed 76236K, reserved 1116160K
  class space    used 9601K, capacity 10214K, committed 10240K, reserved 1048576K
}
Event: 11.495 GC heap before
{Heap before GC invocations=30 (full 0):
 garbage-first heap   total 135168K, used 105619K [0x0000000080000000, 0x0000000100000000)
  region size 1024K, 41 young (41984K), 2 survivors (2048K)
 Metaspace       used 75981K, capacity 77658K, committed 77772K, reserved 1116160K
  class space    used 9817K, capacity 10462K, committed 10496K, reserved 1048576K
}
Event: 11.499 GC heap after
{Heap after GC invocations=31 (full 0):
 garbage-first heap   total 135168K, used 68225K [0x0000000080000000, 0x0000000100000000)
  region size 1024K, 5 young (5120K), 5 survivors (5120K)
 Metaspace       used 75981K, capacity 77658K, committed 77772K, reserved 1116160K
  class space    used 9817K, capacity 10462K, committed 10496K, reserved 1048576K
}
Event: 11.926 GC heap before
{Heap before GC invocations=31 (full 0):
 garbage-first heap   total 135168K, used 107137K [0x0000000080000000, 0x0000000100000000)
  region size 1024K, 43 young (44032K), 5 survivors (5120K)
 Metaspace       used 79334K, capacity 81164K, committed 81356K, reserved 1120256K
  class space    used 10323K, capacity 11003K, committed 11008K, reserved 1048576K
}
Event: 11.938 GC heap after
{Heap after GC invocations=32 (full 0):
 garbage-first heap   total 135168K, used 70718K [0x0000000080000000, 0x0000000100000000)
  region size 1024K, 6 young (6144K), 6 survivors (6144K)
 Metaspace       used 79334K, capacity 81164K, committed 81356K, reserved 1120256K
  class space    used 10323K, capacity 11003K, committed 11008K, reserved 1048576K
}
Event: 12.650 GC heap before
{Heap before GC invocations=33 (full 0):
 garbage-first heap   total 135168K, used 109630K [0x0000000080000000, 0x0000000100000000)
  region size 1024K, 44 young (45056K), 6 survivors (6144K)
 Metaspace       used 83392K, capacity 85248K, committed 85580K, reserved 1124352K
  class space    used 10845K, capacity 11535K, committed 11648K, reserved 1048576K
}
Event: 12.659 GC heap after
{Heap after GC invocations=34 (full 0):
 garbage-first heap   total 135168K, used 73554K [0x0000000080000000, 0x0000000100000000)
  region size 1024K, 6 young (6144K), 6 survivors (6144K)
 Metaspace       used 83392K, capacity 85248K, committed 85580K, reserved 1124352K
  class space    used 10845K, capacity 11535K, committed 11648K, reserved 1048576K
}
Event: 13.022 GC heap before
{Heap before GC invocations=34 (full 0):
 garbage-first heap   total 135168K, used 109394K [0x0000000080000000, 0x0000000100000000)
  region size 1024K, 42 young (43008K), 6 survivors (6144K)
 Metaspace       used 86489K, capacity 88435K, committed 88652K, reserved 1126400K
  class space    used 11172K, capacity 11899K, committed 11904K, reserved 1048576K
}
Event: 13.033 GC heap after
{Heap after GC invocations=35 (full 0):
 garbage-first heap   total 135168K, used 77824K [0x0000000080000000, 0x0000000100000000)
  region size 1024K, 6 young (6144K), 6 survivors (6144K)
 Metaspace       used 86489K, capacity 88435K, committed 88652K, reserved 1126400K
  class space    used 11172K, capacity 11899K, committed 11904K, reserved 1048576K
}
Event: 14.009 GC heap before
{Heap before GC invocations=36 (full 0):
 garbage-first heap   total 135168K, used 110592K [0x0000000080000000, 0x0000000100000000)
  region size 1024K, 39 young (39936K), 6 survivors (6144K)
 Metaspace       used 88387K, capacity 90498K, committed 90572K, reserved 1128448K
  class space    used 11447K, capacity 12245K, committed 12288K, reserved 1048576K
}
Event: 14.023 GC heap after
{Heap after GC invocations=37 (full 0):
 garbage-first heap   total 162816K, used 81624K [0x0000000080000000, 0x0000000100000000)
  region size 1024K, 4 young (4096K), 4 survivors (4096K)
 Metaspace       used 88387K, capacity 90498K, committed 90572K, reserved 1128448K
  class space    used 11447K, capacity 12245K, committed 12288K, reserved 1048576K
}
Event: 15.017 GC heap before
{Heap before GC invocations=37 (full 0):
 garbage-first heap   total 162816K, used 122584K [0x0000000080000000, 0x0000000100000000)
  region size 1024K, 45 young (46080K), 4 survivors (4096K)
 Metaspace       used 88780K, capacity 90883K, committed 91084K, reserved 1128448K
  class space    used 11459K, capacity 12259K, committed 12288K, reserved 1048576K
}
Event: 15.025 GC heap after
{Heap after GC invocations=38 (full 0):
 garbage-first heap   total 162816K, used 84442K [0x0000000080000000, 0x0000000100000000)
  region size 1024K, 3 young (3072K), 3 survivors (3072K)
 Metaspace       used 88780K, capacity 90883K, committed 91084K, reserved 1128448K
  class space    used 11459K, capacity 12259K, committed 12288K, reserved 1048576K
}
Event: 15.821 GC heap before
{Heap before GC invocations=39 (full 0):
 garbage-first heap   total 162816K, used 128474K [0x0000000080000000, 0x0000000100000000)
  region size 1024K, 47 young (48128K), 3 survivors (3072K)
 Metaspace       used 89355K, capacity 91469K, committed 91724K, reserved 1128448K
  class space    used 11499K, capacity 12304K, committed 12416K, reserved 1048576K
}
Event: 15.830 GC heap after
{Heap after GC invocations=40 (full 0):
 garbage-first heap   total 162816K, used 87763K [0x0000000080000000, 0x0000000100000000)
  region size 1024K, 6 young (6144K), 6 survivors (6144K)
 Metaspace       used 89355K, capacity 91469K, committed 91724K, reserved 1128448K
  class space    used 11499K, capacity 12304K, committed 12416K, reserved 1048576K
}
Event: 16.435 GC heap before
{Heap before GC invocations=40 (full 0):
 garbage-first heap   total 162816K, used 129747K [0x0000000080000000, 0x0000000100000000)
  region size 1024K, 48 young (49152K), 6 survivors (6144K)
 Metaspace       used 89956K, capacity 92175K, committed 92492K, reserved 1130496K
  class space    used 11566K, capacity 12350K, committed 12416K, reserved 1048576K
}
Event: 16.449 GC heap after
{Heap after GC invocations=41 (full 0):
 garbage-first heap   total 162816K, used 90900K [0x0000000080000000, 0x0000000100000000)
  region size 1024K, 4 young (4096K), 4 survivors (4096K)
 Metaspace       used 89956K, capacity 92175K, committed 92492K, reserved 1130496K
  class space    used 11566K, capacity 12350K, committed 12416K, reserved 1048576K
}
Event: 16.798 GC heap before
{Heap before GC invocations=42 (full 0):
 garbage-first heap   total 162816K, used 131860K [0x0000000080000000, 0x0000000100000000)
  region size 1024K, 45 young (46080K), 4 survivors (4096K)
 Metaspace       used 92631K, capacity 94798K, committed 95180K, reserved 1132544K
  class space    used 11928K, capacity 12712K, committed 12800K, reserved 1048576K
}
Event: 16.805 GC heap after
{Heap after GC invocations=43 (full 0):
 garbage-first heap   total 195584K, used 91841K [0x0000000080000000, 0x0000000100000000)
  region size 1024K, 5 young (5120K), 5 survivors (5120K)
 Metaspace       used 92631K, capacity 94798K, committed 95180K, reserved 1132544K
  class space    used 11928K, capacity 12712K, committed 12800K, reserved 1048576K
}

Deoptimization events (20 events):
Event: 16.166 Thread 0x000001a49d6f0800 DEOPT PACKING pc=0x000001a48b9edc24 sp=0x00000027882fcb40
Event: 16.166 Thread 0x000001a4a0a89000 DEOPT PACKING pc=0x000001a48b9edc24 sp=0x0000002789efc500
Event: 16.166 Thread 0x000001a49d6f0800 DEOPT UNPACKING pc=0x000001a483a9a1af sp=0x00000027882fca18 mode 2
Event: 16.166 Thread 0x000001a4a0a89000 DEOPT UNPACKING pc=0x000001a483a9a1af sp=0x0000002789efc3d8 mode 2
Event: 16.168 Thread 0x000001a49d6ec800 Uncommon trap: trap_request=0xffffffd6 fr.pc=0x000001a48b9edc24 relative=0x0000000000002924
Event: 16.168 Thread 0x000001a49d6ec800 Uncommon trap: reason=array_check action=maybe_recompile pc=0x000001a48b9edc24 method=java.util.TimSort.reverseRange([Ljava/lang/Object;II)V @ 20 c2
Event: 16.168 Thread 0x000001a49d6ec800 DEOPT PACKING pc=0x000001a48b9edc24 sp=0x00000027885fc540
Event: 16.168 Thread 0x000001a49d6ec800 DEOPT UNPACKING pc=0x000001a483a9a1af sp=0x00000027885fc418 mode 2
Event: 16.202 Thread 0x000001a49e97b000 DEOPT PACKING pc=0x000001a4851717b1 sp=0x0000002787afbb80
Event: 16.202 Thread 0x000001a49e97b000 DEOPT UNPACKING pc=0x000001a483a9a95e sp=0x0000002787afb048 mode 0
Event: 16.219 Thread 0x000001a4a3263000 DEOPT PACKING pc=0x000001a484f8abb2 sp=0x000000278a6fc350
Event: 16.219 Thread 0x000001a4a3263000 DEOPT UNPACKING pc=0x000001a483a9a95e sp=0x000000278a6fb898 mode 0
Event: 16.495 Thread 0x000001a49e971000 Uncommon trap: trap_request=0xffffffd6 fr.pc=0x000001a48ba0f780 relative=0x0000000000000540
Event: 16.495 Thread 0x000001a49e971000 Uncommon trap: reason=array_check action=maybe_recompile pc=0x000001a48ba0f780 method=java.util.TimSort.reverseRange([Ljava/lang/Object;II)V @ 27 c2
Event: 16.495 Thread 0x000001a49e971000 DEOPT PACKING pc=0x000001a48ba0f780 sp=0x00000027878fc5f0
Event: 16.495 Thread 0x000001a49e971000 DEOPT UNPACKING pc=0x000001a483a9a1af sp=0x00000027878fc520 mode 2
Event: 16.496 Thread 0x000001a49d6ee000 Uncommon trap: trap_request=0xffffffd6 fr.pc=0x000001a48ba0f780 relative=0x0000000000000540
Event: 16.496 Thread 0x000001a49d6ee000 Uncommon trap: reason=array_check action=maybe_recompile pc=0x000001a48ba0f780 method=java.util.TimSort.reverseRange([Ljava/lang/Object;II)V @ 27 c2
Event: 16.496 Thread 0x000001a49d6ee000 DEOPT PACKING pc=0x000001a48ba0f780 sp=0x00000027883fc960
Event: 16.496 Thread 0x000001a49d6ee000 DEOPT UNPACKING pc=0x000001a483a9a1af sp=0x00000027883fc890 mode 2

Classes redefined (0 events):
No events

Internal exceptions (20 events):
Event: 13.071 Thread 0x000001a4a0a8c000 Exception <a 'java/lang/NoSuchMethodError'{0x000000008839a238}: <clinit>> (0x000000008839a238) thrown at [./src/hotspot/share/prims/jni.cpp, line 1365]
Event: 13.072 Thread 0x000001a4a3265000 Exception <a 'java/lang/IncompatibleClassChangeError'{0x00000000880d5038}: Found class java.lang.Object, but interface was expected> (0x00000000880d5038) thrown at [./src/hotspot/share/interpreter/linkResolver.cpp, line 839]
Event: 13.083 Thread 0x000001a4a0a8c000 Exception <a 'java/lang/NoSuchMethodError'{0x00000000880f4a68}: <clinit>> (0x00000000880f4a68) thrown at [./src/hotspot/share/prims/jni.cpp, line 1365]
Event: 13.084 Thread 0x000001a4a0a8c000 Exception <a 'java/lang/NoSuchMethodError'{0x0000000087fe8878}: <clinit>> (0x0000000087fe8878) thrown at [./src/hotspot/share/prims/jni.cpp, line 1365]
Event: 13.100 Thread 0x000001a4a3265000 Exception <a 'java/lang/NoSuchMethodError'{0x0000000087d2ea10}: 'java.lang.Object java.lang.invoke.DirectMethodHandle$Holder.invokeInterface(java.lang.Object, java.lang.Object, int)'> (0x0000000087d2ea10) thrown at [./src/hotspot/share/interpreter/linkResolver.cpp, line 773]
Event: 13.101 Thread 0x000001a49cb27800 Exception <a 'java/lang/NoSuchMethodError'{0x0000000087d4b100}: <clinit>> (0x0000000087d4b100) thrown at [./src/hotspot/share/prims/jni.cpp, line 1365]
Event: 13.102 Thread 0x000001a4a3265000 Exception <a 'java/lang/NoSuchMethodError'{0x0000000087d4d318}: 'void java.lang.invoke.DirectMethodHandle$Holder.invokeStatic(java.lang.Object, java.lang.Object, java.lang.Object, int)'> (0x0000000087d4d318) thrown at [./src/hotspot/share/interpreter/linkResolver.cpp, line 773]
Event: 13.186 Thread 0x000001a4a3263000 Implicit null exception at 0x000001a48b75c4f7 to 0x000001a48b75c694
Event: 13.208 Thread 0x000001a4a3263000 Exception <a 'java/lang/IncompatibleClassChangeError'{0x0000000087cf28a0}: Found class java.lang.Object, but interface was expected> (0x0000000087cf28a0) thrown at [./src/hotspot/share/interpreter/linkResolver.cpp, line 839]
Event: 13.687 Thread 0x000001a4a3263000 Exception <a 'java/lang/NoSuchMethodError'{0x0000000086e05530}: 'void java.lang.invoke.DirectMethodHandle$Holder.invokeStatic(java.lang.Object, java.lang.Object, java.lang.Object, java.lang.Object, int, java.lang.Object, java.lang.Object)'> (0x0000000086e05530) thrown at [./src/hotspot/share/interpreter/linkResolver.cpp, line 773]
Event: 13.714 Thread 0x000001a49e97b000 Exception <a 'java/lang/NoSuchMethodError'{0x0000000086b3a608}: 'java.lang.Object java.lang.invoke.DirectMethodHandle$Holder.invokeSpecialIFC(java.lang.Object, java.lang.Object, java.lang.Object)'> (0x0000000086b3a608) thrown at [./src/hotspot/share/interpreter/linkResolver.cpp, line 773]
Event: 13.885 Thread 0x000001a49e97b000 Exception <a 'java/lang/NoSuchMethodError'{0x00000000869c4060}: 'int java.lang.invoke.DirectMethodHandle$Holder.invokeStaticInit(java.lang.Object, java.lang.Object, java.lang.Object, java.lang.Object, java.lang.Object)'> (0x00000000869c4060) thrown at [./src/hotspot/share/interpreter/linkResolver.cpp, line 773]
Event: 13.951 Thread 0x000001a49e97b000 Implicit null exception at 0x000001a48b936854 to 0x000001a48b936fd8
Event: 13.991 Thread 0x000001a49e97b000 Exception <a 'java/lang/NoSuchMethodError'{0x000000008648ad20}: 'void java.lang.invoke.DirectMethodHandle$Holder.invokeVirtual(java.lang.Object, java.lang.Object)'> (0x000000008648ad20) thrown at [./src/hotspot/share/interpreter/linkResolver.cpp, line 773]
Event: 14.922 Thread 0x000001a49e97c800 Implicit null exception at 0x000001a48b97f6c8 to 0x000001a48b97fdbc
Event: 15.981 Thread 0x000001a4a3263000 Exception <a 'java/lang/NoSuchMethodError'{0x00000000894ebf80}: <clinit>> (0x00000000894ebf80) thrown at [./src/hotspot/share/prims/jni.cpp, line 1365]
Event: 15.981 Thread 0x000001a4a3263000 Exception <a 'java/lang/NoSuchMethodError'{0x00000000894ed588}: <clinit>> (0x00000000894ed588) thrown at [./src/hotspot/share/prims/jni.cpp, line 1365]
Event: 15.981 Thread 0x000001a4a3263000 Exception <a 'java/lang/NoSuchMethodError'{0x00000000894f0178}: <clinit>> (0x00000000894f0178) thrown at [./src/hotspot/share/prims/jni.cpp, line 1365]
Event: 15.982 Thread 0x000001a4a3263000 Exception <a 'java/lang/NoSuchMethodError'{0x0000000089307b68}: <clinit>> (0x0000000089307b68) thrown at [./src/hotspot/share/prims/jni.cpp, line 1365]
Event: 15.982 Thread 0x000001a4a3263000 Exception <a 'java/lang/NoSuchMethodError'{0x0000000089308da0}: <clinit>> (0x0000000089308da0) thrown at [./src/hotspot/share/prims/jni.cpp, line 1365]

Events (20 events):
Event: 16.840 loading class kotlin/reflect/jvm/internal/impl/serialization/deserialization/DeserializationConfiguration$DefaultImpls
Event: 16.840 loading class kotlin/reflect/jvm/internal/impl/serialization/deserialization/DeserializationConfiguration$DefaultImpls done
Event: 16.840 loading class kotlin/reflect/jvm/internal/impl/serialization/deserialization/descriptors/DeserializedContainerAbiStability
Event: 16.840 loading class kotlin/reflect/jvm/internal/impl/serialization/deserialization/descriptors/DeserializedContainerAbiStability done
Event: 16.840 loading class kotlin/reflect/jvm/internal/impl/serialization/deserialization/ClassData
Event: 16.840 loading class kotlin/reflect/jvm/internal/impl/serialization/deserialization/ClassData done
Event: 16.841 loading class kotlin/reflect/jvm/internal/impl/serialization/deserialization/ClassDeserializer$ClassKey
Event: 16.841 loading class kotlin/reflect/jvm/internal/impl/serialization/deserialization/ClassDeserializer$ClassKey done
Event: 16.842 loading class kotlin/reflect/jvm/internal/impl/serialization/deserialization/DeserializedPackageFragment
Event: 16.842 loading class kotlin/reflect/jvm/internal/impl/serialization/deserialization/DeserializedPackageFragment done
Event: 16.842 loading class kotlin/reflect/jvm/internal/impl/metadata/deserialization/TypeTable
Event: 16.842 loading class kotlin/reflect/jvm/internal/impl/metadata/deserialization/TypeTable done
Event: 16.842 loading class kotlin/reflect/jvm/internal/impl/metadata/deserialization/VersionRequirementTable
Event: 16.842 loading class kotlin/reflect/jvm/internal/impl/metadata/deserialization/VersionRequirementTable done
Event: 16.843 loading class kotlin/reflect/jvm/internal/impl/metadata/deserialization/VersionRequirementTable$Companion
Event: 16.843 loading class kotlin/reflect/jvm/internal/impl/metadata/deserialization/VersionRequirementTable$Companion done
Event: 16.843 loading class kotlin/reflect/jvm/internal/impl/serialization/deserialization/DeserializationContext
Event: 16.843 loading class kotlin/reflect/jvm/internal/impl/serialization/deserialization/DeserializationContext done
Event: 16.844 loading class kotlin/reflect/jvm/internal/impl/serialization/deserialization/TypeDeserializer
Event: 16.844 loading class kotlin/reflect/jvm/internal/impl/serialization/deserialization/TypeDeserializer done


Dynamic libraries:
0x00007ff677eb0000 - 0x00007ff677eba000 	C:\Program Files\Android\Android Studio\jre\bin\java.exe
0x00007ff9aa120000 - 0x00007ff9aa329000 	C:\WINDOWS\SYSTEM32\ntdll.dll
0x00007ff9a9270000 - 0x00007ff9a932d000 	C:\WINDOWS\System32\KERNEL32.DLL
0x00007ff9a7c30000 - 0x00007ff9a7fad000 	C:\WINDOWS\System32\KERNELBASE.dll
0x00007ff9a7880000 - 0x00007ff9a7991000 	C:\WINDOWS\System32\ucrtbase.dll
0x00007ff9888d0000 - 0x00007ff9888e9000 	C:\Program Files\Android\Android Studio\jre\bin\jli.dll
0x00007ff98a7a0000 - 0x00007ff98a7b7000 	C:\Program Files\Android\Android Studio\jre\bin\VCRUNTIME140.dll
0x00007ff9a9ce0000 - 0x00007ff9a9e8d000 	C:\WINDOWS\System32\USER32.dll
0x00007ff992540000 - 0x00007ff9927e5000 	C:\WINDOWS\WinSxS\amd64_microsoft.windows.common-controls_6595b64144ccf1df_6.0.22000.120_none_9d947278b86cc467\COMCTL32.dll
0x00007ff9a7850000 - 0x00007ff9a7876000 	C:\WINDOWS\System32\win32u.dll
0x00007ff9a91c0000 - 0x00007ff9a9263000 	C:\WINDOWS\System32\msvcrt.dll
0x00007ff9a9f80000 - 0x00007ff9a9fa9000 	C:\WINDOWS\System32\GDI32.dll
0x00007ff9a7b10000 - 0x00007ff9a7c28000 	C:\WINDOWS\System32\gdi32full.dll
0x00007ff9a77b0000 - 0x00007ff9a784d000 	C:\WINDOWS\System32\msvcp_win.dll
0x00007ff9a8290000 - 0x00007ff9a82c1000 	C:\WINDOWS\System32\IMM32.DLL
0x00007ff972590000 - 0x00007ff97262d000 	C:\Program Files\Android\Android Studio\jre\bin\msvcp140.dll
0x00007ff9422c0000 - 0x00007ff942da5000 	C:\Program Files\Android\Android Studio\jre\bin\server\jvm.dll
0x00007ff9a8040000 - 0x00007ff9a80ee000 	C:\WINDOWS\System32\ADVAPI32.dll
0x00007ff9a8480000 - 0x00007ff9a851e000 	C:\WINDOWS\System32\sechost.dll
0x00007ff9a9bc0000 - 0x00007ff9a9ce0000 	C:\WINDOWS\System32\RPCRT4.dll
0x00007ff9a9330000 - 0x00007ff9a9338000 	C:\WINDOWS\System32\PSAPI.DLL
0x00007ff944bf0000 - 0x00007ff944bf9000 	C:\WINDOWS\SYSTEM32\WSOCK32.dll
0x00007ff9a2d40000 - 0x00007ff9a2d4a000 	C:\WINDOWS\SYSTEM32\VERSION.dll
0x00007ff994900000 - 0x00007ff994933000 	C:\WINDOWS\SYSTEM32\WINMM.dll
0x00007ff9a9fb0000 - 0x00007ff9aa01f000 	C:\WINDOWS\System32\WS2_32.dll
0x00007ff9a6700000 - 0x00007ff9a6718000 	C:\WINDOWS\SYSTEM32\kernel.appcore.dll
0x00007ff984580000 - 0x00007ff984591000 	C:\Program Files\Android\Android Studio\jre\bin\verify.dll
0x00007ff9953f0000 - 0x00007ff995611000 	C:\WINDOWS\SYSTEM32\DBGHELP.DLL
0x00007ff994950000 - 0x00007ff994981000 	C:\WINDOWS\SYSTEM32\dbgcore.DLL
0x00007ff9a76c0000 - 0x00007ff9a773f000 	C:\WINDOWS\System32\bcryptPrimitives.dll
0x00007ff971950000 - 0x00007ff971979000 	C:\Program Files\Android\Android Studio\jre\bin\java.dll
0x00007ff984570000 - 0x00007ff98457b000 	C:\Program Files\Android\Android Studio\jre\bin\jimage.dll
0x00007ff971930000 - 0x00007ff971948000 	C:\Program Files\Android\Android Studio\jre\bin\zip.dll
0x00007ff9a9340000 - 0x00007ff9a9af8000 	C:\WINDOWS\System32\SHELL32.dll
0x00007ff9a5770000 - 0x00007ff9a5fd8000 	C:\WINDOWS\SYSTEM32\windows.storage.dll
0x00007ff9a86e0000 - 0x00007ff9a8a59000 	C:\WINDOWS\System32\combase.dll
0x00007ff9a5600000 - 0x00007ff9a5766000 	C:\WINDOWS\SYSTEM32\wintypes.dll
0x00007ff9a8ed0000 - 0x00007ff9a8fba000 	C:\WINDOWS\System32\SHCORE.dll
0x00007ff9a7fd0000 - 0x00007ff9a802d000 	C:\WINDOWS\System32\shlwapi.dll
0x00007ff9a7530000 - 0x00007ff9a7551000 	C:\WINDOWS\SYSTEM32\profapi.dll
0x00007ff967f60000 - 0x00007ff967f7a000 	C:\Program Files\Android\Android Studio\jre\bin\net.dll
0x00007ff9a2760000 - 0x00007ff9a286c000 	C:\WINDOWS\SYSTEM32\WINHTTP.dll
0x00007ff9a6b30000 - 0x00007ff9a6b97000 	C:\WINDOWS\system32\mswsock.dll
0x00007ff967f40000 - 0x00007ff967f54000 	C:\Program Files\Android\Android Studio\jre\bin\nio.dll
0x00007ff9883e0000 - 0x00007ff988407000 	C:\Users\Dell\.gradle\native\e1d6ef7f7dcc3fd88c89a11ec53ec762bb8ba0a96d01ffa2cd45eb1d1d8dd5c5\windows-amd64\native-platform.dll
0x00007ff970930000 - 0x00007ff970a74000 	C:\Users\Dell\.gradle\native\5664cfc778a61ccfe75a443a1ab52a65af34e5dc3c78e0209fed803814484fcb\windows-amd64\native-platform-file-events.dll
0x00007ff984560000 - 0x00007ff98456a000 	C:\Program Files\Android\Android Studio\jre\bin\management.dll
0x00007ff97f8b0000 - 0x00007ff97f8bd000 	C:\Program Files\Android\Android Studio\jre\bin\management_ext.dll
0x00007ff9a6d70000 - 0x00007ff9a6d88000 	C:\WINDOWS\SYSTEM32\CRYPTSP.dll
0x00007ff9a6660000 - 0x00007ff9a6695000 	C:\WINDOWS\system32\rsaenh.dll
0x00007ff9a6c20000 - 0x00007ff9a6c49000 	C:\WINDOWS\SYSTEM32\USERENV.dll
0x00007ff9a6ef0000 - 0x00007ff9a6f17000 	C:\WINDOWS\SYSTEM32\bcrypt.dll
0x00007ff9a6d90000 - 0x00007ff9a6d9c000 	C:\WINDOWS\SYSTEM32\CRYPTBASE.dll
0x00007ff9a6230000 - 0x00007ff9a625d000 	C:\WINDOWS\SYSTEM32\IPHLPAPI.DLL
0x00007ff9a8030000 - 0x00007ff9a8039000 	C:\WINDOWS\System32\NSI.dll
0x00007ff9a2740000 - 0x00007ff9a2759000 	C:\WINDOWS\SYSTEM32\dhcpcsvc6.DLL
0x00007ff9a2c00000 - 0x00007ff9a2c1e000 	C:\WINDOWS\SYSTEM32\dhcpcsvc.DLL
0x00007ff9a6260000 - 0x00007ff9a6348000 	C:\WINDOWS\SYSTEM32\DNSAPI.dll

dbghelp: loaded successfully - version: 4.0.5 - missing functions: none
symbol engine: initialized successfully - sym options: 0x614 - pdb path: .;C:\Program Files\Android\Android Studio\jre\bin;C:\WINDOWS\SYSTEM32;C:\WINDOWS\WinSxS\amd64_microsoft.windows.common-controls_6595b64144ccf1df_6.0.22000.120_none_9d947278b86cc467;C:\Program Files\Android\Android Studio\jre\bin\server;C:\Users\Dell\.gradle\native\e1d6ef7f7dcc3fd88c89a11ec53ec762bb8ba0a96d01ffa2cd45eb1d1d8dd5c5\windows-amd64;C:\Users\Dell\.gradle\native\5664cfc778a61ccfe75a443a1ab52a65af34e5dc3c78e0209fed803814484fcb\windows-amd64

VM Arguments:
jvm_args: --add-opens=java.base/java.util=ALL-UNNAMED --add-opens=java.base/java.lang=ALL-UNNAMED --add-opens=java.base/java.lang.invoke=ALL-UNNAMED --add-opens=java.base/java.util=ALL-UNNAMED --add-opens=java.prefs/java.util.prefs=ALL-UNNAMED --add-opens=java.prefs/java.util.prefs=ALL-UNNAMED --add-opens=java.base/java.nio.charset=ALL-UNNAMED --add-opens=java.base/java.net=ALL-UNNAMED --add-opens=java.base/java.util.concurrent.atomic=ALL-UNNAMED -Xmx2048m -Dfile.encoding=UTF-8 -Duser.country=US -Duser.language=en -Duser.variant 
java_command: org.gradle.launcher.daemon.bootstrap.GradleDaemon 7.3.3
java_class_path (initial): C:\Users\Dell\.gradle\wrapper\dists\gradle-7.3.3-bin\6a41zxkdtcxs8rphpq6y0069z\gradle-7.3.3\lib\gradle-launcher-7.3.3.jar
Launcher Type: SUN_STANDARD

[Global flags]
     intx CICompilerCount                          = 3                                         {product} {ergonomic}
     uint ConcGCThreads                            = 1                                         {product} {ergonomic}
     uint G1ConcRefinementThreads                  = 4                                         {product} {ergonomic}
   size_t G1HeapRegionSize                         = 1048576                                   {product} {ergonomic}
    uintx GCDrainStackTargetSize                   = 64                                        {product} {ergonomic}
   size_t InitialHeapSize                          = 65011712                                  {product} {ergonomic}
   size_t MarkStackSize                            = 4194304                                   {product} {ergonomic}
   size_t MaxHeapSize                              = 2147483648                                {product} {command line}
   size_t MaxNewSize                               = 1287651328                                {product} {ergonomic}
   size_t MinHeapDeltaBytes                        = 1048576                                   {product} {ergonomic}
    uintx NonNMethodCodeHeapSize                   = 5830732                                {pd product} {ergonomic}
    uintx NonProfiledCodeHeapSize                  = 122913754                              {pd product} {ergonomic}
    uintx ProfiledCodeHeapSize                     = 122913754                              {pd product} {ergonomic}
    uintx ReservedCodeCacheSize                    = 251658240                              {pd product} {ergonomic}
     bool SegmentedCodeCache                       = true                                      {product} {ergonomic}
     bool UseCompressedClassPointers               = true                                 {lp64_product} {ergonomic}
     bool UseCompressedOops                        = true                                 {lp64_product} {ergonomic}
     bool UseG1GC                                  = true                                      {product} {ergonomic}
     bool UseLargePagesIndividualAllocation        = false                                  {pd product} {ergonomic}

Logging:
Log output configuration:
 #0: stdout all=warning uptime,level,tags
 #1: stderr all=off uptime,level,tags

Environment Variables:
PATH=C:\Program Files (x86)\NVIDIA Corporation\PhysX\Common;C:\Program Files (x86)\Common Files\Oracle\Java\javapath;C:\WINDOWS\system32;C:\WINDOWS;C:\WINDOWS\System32\Wbem;C:\WINDOWS\System32\WindowsPowerShell\v1.0\;C:\WINDOWS\System32\OpenSSH\;C:\Program Files\dotnet\;C:\Program Files\Microsoft VS Code\bin;C:\Program Files\MySQL\MySQL Shell 8.0\bin\;C:\Users\Dell\AppData\Local\Microsoft\WindowsApps;
USERNAME=Dell
OS=Windows_NT
PROCESSOR_IDENTIFIER=Intel64 Family 6 Model 158 Stepping 11, GenuineIntel



---------------  S Y S T E M  ---------------

OS: Windows 10 , 64 bit Build 22000 (10.0.22000.708)
OS uptime: 0 days 1:36 hours

CPU:total 4 (initial active 4) (4 cores per cpu, 1 threads per core) family 6 model 158 stepping 11 microcode 0xf0, cmov, cx8, fxsr, mmx, sse, sse2, sse3, ssse3, sse4.1, sse4.2, popcnt, avx, avx2, aes, clmul, erms, 3dnowpref, lzcnt, tsc, tscinvbit, bmi1, bmi2, adx, fma

Memory: 4k page, system-wide physical 3906M (336M free)
TotalPageFile size 8002M (AvailPageFile size 10M)
current process WorkingSet (physical memory assigned to process): 384M, peak: 384M
current process commit charge ("private bytes"): 467M, peak: 467M

vm_info: OpenJDK 64-Bit Server VM (11.0.12+7-b1504.28-7817840) for windows-amd64 JRE (11.0.12+7-b1504.28-7817840), built on Oct 13 2021 22:12:33 by "builder" with MS VC++ 14.0 (VS2015)

END.
