#
# There is insufficient memory for the Java Runtime Environment to continue.
# Native memory allocation (mmap) failed to map 65011712 bytes for Failed to commit area from 0x00000000c2e00000 to 0x00000000c6c00000 of length 65011712.
# Possible reasons:
#   The system is out of physical RAM or swap space
#   The process is running with CompressedOops enabled, and the Java Heap may be blocking the growth of the native heap
# Possible solutions:
#   Reduce memory load on the system
#   Increase physical memory or swap space
#   Check if swap backing store is full
#   Decrease Java heap size (-Xmx/-Xms)
#   Decrease number of Java threads
#   Decrease Java thread stack sizes (-Xss)
#   Set larger code cache with -XX:ReservedCodeCacheSize=
# This output file may be truncated or incomplete.
#
#  Out of Memory Error (./src/hotspot/os/windows/os_windows.cpp:3521), pid=4484, tid=8724
#
# JRE version:  (11.0.12+7) (build )
# Java VM: OpenJDK 64-Bit Server VM (11.0.12+7-b1504.28-7817840, mixed mode, sharing, tiered, compressed oops, g1 gc, windows-amd64)
# No core dump will be written. Minidumps are not enabled by default on client versions of Windows
#

---------------  S U M M A R Y ------------

Command Line: org.jetbrains.kotlin.cli.jvm.K2JVMCompiler @C:\Users\Dell\Viwall\app\build\20220823_14512140811584835437.compiler.options

Host: Intel(R) Core(TM) i3-8100 CPU @ 3.60GHz, 4 cores, 3G,  Windows 10 , 64 bit Build 22000 (10.0.22000.708)
Time: Tue Aug 23 14:44:52 2022 India Standard Time elapsed time: 0.031184 seconds (0d 0h 0m 0s)

---------------  T H R E A D  ---------------

Current thread (0x0000023d4d103000):  JavaThread "Unknown thread" [_thread_in_vm, id=8724, stack(0x000000996d900000,0x000000996da00000)]

Stack: [0x000000996d900000,0x000000996da00000]
Native frames: (J=compiled Java code, j=interpreted, Vv=VM code, C=native code)
V  [jvm.dll+0x5fbcea]
V  [jvm.dll+0x731905]
V  [jvm.dll+0x732f1d]
V  [jvm.dll+0x7335d3]
V  [jvm.dll+0x247bf8]
V  [jvm.dll+0x5f90b4]
V  [jvm.dll+0x5edc85]
V  [jvm.dll+0x305aeb]
V  [jvm.dll+0x305a5a]
V  [jvm.dll+0x305932]
V  [jvm.dll+0x30a896]
V  [jvm.dll+0x353803]
V  [jvm.dll+0x353f06]
V  [jvm.dll+0x353903]
V  [jvm.dll+0x2e0678]
V  [jvm.dll+0x2e1827]
V  [jvm.dll+0x710037]
V  [jvm.dll+0x71182c]
V  [jvm.dll+0x360da9]
V  [jvm.dll+0x6f390e]
V  [jvm.dll+0x3c9723]
V  [jvm.dll+0x3cb9b1]
C  [jli.dll+0x536b]
C  [ucrtbase.dll+0x26c0c]
C  [KERNEL32.DLL+0x154e0]
C  [ntdll.dll+0x485b]


---------------  P R O C E S S  ---------------

Threads class SMR info:
_java_thread_list=0x0000023d4aeef330, length=0, elements={
}

Java Threads: ( => current thread )

Other Threads:
  0x0000023d4afcb000 GCTaskThread "GC Thread#0" [stack: 0x000000996da00000,0x000000996db00000] [id=11920]
  0x0000023d4d131000 ConcurrentGCThread "G1 Main Marker" [stack: 0x000000996db00000,0x000000996dc00000] [id=1712]
  0x0000023d4d133800 ConcurrentGCThread "G1 Conc#0" [stack: 0x000000996dc00000,0x000000996dd00000] [id=4992]

[error occurred during error reporting (printing all threads), id 0xc0000005, EXCEPTION_ACCESS_VIOLATION (0xc0000005) at pc=0x00007ffc999c0be7]

VM state:not at safepoint (not fully initialized)

VM Mutex/Monitor currently owned by a thread:  ([mutex/lock_event])
[0x0000023d4d100a90] Heap_lock - owner thread: 0x0000023d4d103000

Heap address: 0x00000000c2e00000, size: 978 MB, Compressed Oops mode: Non-zero based: 0x00000000c2e00000
Narrow klass base: 0x0000000000000000, Narrow klass shift: 0

GC Heap History (0 events):
No events

Deoptimization events (0 events):
No events

Classes redefined (0 events):
No events

Internal exceptions (0 events):
No events

Events (1 events):
Event: 0.006 Loaded shared library C:\Program Files\Android\Android Studio\jre\bin\zip.dll


Dynamic libraries:
0x00007ff643ff0000 - 0x00007ff643ffa000 	C:\Program Files\Android\Android Studio\jre\bin\java.exe
0x00007ffcec9e0000 - 0x00007ffcecbe9000 	C:\WINDOWS\SYSTEM32\ntdll.dll
0x00007ffcec270000 - 0x00007ffcec32d000 	C:\WINDOWS\System32\KERNEL32.DLL
0x00007ffcea330000 - 0x00007ffcea6ad000 	C:\WINDOWS\System32\KERNELBASE.dll
0x00007ffcea6b0000 - 0x00007ffcea7c1000 	C:\WINDOWS\System32\ucrtbase.dll
0x00007ffc94200000 - 0x00007ffc94219000 	C:\Program Files\Android\Android Studio\jre\bin\jli.dll
0x00007ffcb3750000 - 0x00007ffcb3767000 	C:\Program Files\Android\Android Studio\jre\bin\VCRUNTIME140.dll
0x00007ffcec0c0000 - 0x00007ffcec26d000 	C:\WINDOWS\System32\USER32.dll
0x00007ffcea840000 - 0x00007ffcea866000 	C:\WINDOWS\System32\win32u.dll
0x00007ffcd63d0000 - 0x00007ffcd6675000 	C:\WINDOWS\WinSxS\amd64_microsoft.windows.common-controls_6595b64144ccf1df_6.0.22000.120_none_9d947278b86cc467\COMCTL32.dll
0x00007ffcec850000 - 0x00007ffcec879000 	C:\WINDOWS\System32\GDI32.dll
0x00007ffcec740000 - 0x00007ffcec7e3000 	C:\WINDOWS\System32\msvcrt.dll
0x00007ffcea170000 - 0x00007ffcea288000 	C:\WINDOWS\System32\gdi32full.dll
0x00007ffcea290000 - 0x00007ffcea32d000 	C:\WINDOWS\System32\msvcp_win.dll
0x00007ffceabd0000 - 0x00007ffceac01000 	C:\WINDOWS\System32\IMM32.DLL
0x00007ffc93f00000 - 0x00007ffc93f9d000 	C:\Program Files\Android\Android Studio\jre\bin\msvcp140.dll
0x00007ffc996d0000 - 0x00007ffc9a1b5000 	C:\Program Files\Android\Android Studio\jre\bin\server\jvm.dll
0x00007ffceacc0000 - 0x00007ffcead6e000 	C:\WINDOWS\System32\ADVAPI32.dll
0x00007ffcebae0000 - 0x00007ffcebb7e000 	C:\WINDOWS\System32\sechost.dll
0x00007ffcec610000 - 0x00007ffcec730000 	C:\WINDOWS\System32\RPCRT4.dll
0x00007ffcec730000 - 0x00007ffcec738000 	C:\WINDOWS\System32\PSAPI.DLL
0x00007ffcd2ef0000 - 0x00007ffcd2ef9000 	C:\WINDOWS\SYSTEM32\WSOCK32.dll
0x00007ffcd7330000 - 0x00007ffcd7363000 	C:\WINDOWS\SYSTEM32\WINMM.dll
0x00007ffcebb80000 - 0x00007ffcebbef000 	C:\WINDOWS\System32\WS2_32.dll
0x00007ffce7650000 - 0x00007ffce765a000 	C:\WINDOWS\SYSTEM32\VERSION.dll
0x00007ffce8fc0000 - 0x00007ffce8fd8000 	C:\WINDOWS\SYSTEM32\kernel.appcore.dll
0x00007ffcc9680000 - 0x00007ffcc9691000 	C:\Program Files\Android\Android Studio\jre\bin\verify.dll
0x00007ffcd8510000 - 0x00007ffcd8731000 	C:\WINDOWS\SYSTEM32\DBGHELP.DLL
0x00007ffcd8270000 - 0x00007ffcd82a1000 	C:\WINDOWS\SYSTEM32\dbgcore.DLL
0x00007ffce9ec0000 - 0x00007ffce9f3f000 	C:\WINDOWS\System32\bcryptPrimitives.dll
0x00007ffcbca50000 - 0x00007ffcbca79000 	C:\Program Files\Android\Android Studio\jre\bin\java.dll
0x00007ffcc9f40000 - 0x00007ffcc9f4b000 	C:\Program Files\Android\Android Studio\jre\bin\jimage.dll
0x00007ffcbb980000 - 0x00007ffcbb998000 	C:\Program Files\Android\Android Studio\jre\bin\zip.dll

dbghelp: loaded successfully - version: 4.0.5 - missing functions: none
symbol engine: initialized successfully - sym options: 0x614 - pdb path: .;C:\Program Files\Android\Android Studio\jre\bin;C:\WINDOWS\SYSTEM32;C:\WINDOWS\WinSxS\amd64_microsoft.windows.common-controls_6595b64144ccf1df_6.0.22000.120_none_9d947278b86cc467;C:\Program Files\Android\Android Studio\jre\bin\server

VM Arguments:
java_command: org.jetbrains.kotlin.cli.jvm.K2JVMCompiler @C:\Users\Dell\Viwall\app\build\20220823_14512140811584835437.compiler.options
java_class_path (initial): C:\Users\Dell\.gradle\caches\modules-2\files-2.1\org.jetbrains.kotlin\kotlin-compiler-embeddable\1.6.10\88f2073f4020cdb83132cfe940ceb9a60aba54ea\kotlin-compiler-embeddable-1.6.10.jar;C:\Users\Dell\.gradle\caches\modules-2\files-2.1\org.jetbrains.kotlin\kotlin-reflect\1.6.10\1cbe9c92c12a94eea200d23c2bbaedaf3daf5132\kotlin-reflect-1.6.10.jar;C:\Users\Dell\.gradle\caches\modules-2\files-2.1\org.jetbrains.kotlin\kotlin-stdlib\1.6.10\b8af3fe6f1ca88526914929add63cf5e7c5049af\kotlin-stdlib-1.6.10.jar;C:\Users\Dell\.gradle\caches\modules-2\files-2.1\org.jetbrains.kotlin\kotlin-script-runtime\1.6.10\d0a7ff2e2500ef497ed0214ae40ad3c8387a6164\kotlin-script-runtime-1.6.10.jar;C:\Users\Dell\.gradle\caches\modules-2\files-2.1\org.jetbrains.kotlin\kotlin-daemon-embeddable\1.6.10\a56d79bcbea411fa6058e4ecffc2de73e742bd2a\kotlin-daemon-embeddable-1.6.10.jar;C:\Users\Dell\.gradle\caches\modules-2\files-2.1\org.jetbrains.intellij.deps\trove4j\1.0.20181211\216c2e14b070f334479d800987affe4054cd563f\trove4j-1.0.20181211.jar;C:\Users\Dell\.gradle\caches\modules-2\files-2.1\net.java.dev.jna\jna\5.6.0\330f2244e9030119ab3030fc3fededc86713d9cc\jna-5.6.0.jar;C:\Users\Dell\.gradle\caches\modules-2\files-2.1\org.jetbrains\annotations\13.0\919f0dfe192fb4e063e7dacadee7f8bb9a2672a9\annotations-13.0.jar;C:\Users\Dell\.gradle\caches\modules-2\files-2.1\org.jetbrains.kotlin\kotlin-stdlib-common\1.6.10\c118700e3a33c8a0d9adc920e9dec0831171925\kotlin-stdlib-common-1.6.10.jar
Launcher Type: SUN_STANDARD

[Global flags]
     intx CICompilerCount                          = 3                                         {product} {ergonomic}
     uint ConcGCThreads                            = 1                                         {product} {ergonomic}
     uint G1ConcRefinementThreads                  = 4                                         {product} {ergonomic}
   size_t G1HeapRegionSize                         = 1048576                                   {product} {ergonomic}
    uintx GCDrainStackTargetSize                   = 64                                        {product} {ergonomic}
   size_t InitialHeapSize                          = 65011712                                  {product} {ergonomic}
   size_t MarkStackSize                            = 4194304                                   {product} {ergonomic}
   size_t MaxHeapSize                              = 1025507328                                {product} {ergonomic}
   size_t MinHeapDeltaBytes                        = 1048576                                   {product} {ergonomic}
    uintx NonNMethodCodeHeapSize                   = 5830732                                {pd product} {ergonomic}
    uintx NonProfiledCodeHeapSize                  = 122913754                              {pd product} {ergonomic}
    uintx ProfiledCodeHeapSize                     = 122913754                              {pd product} {ergonomic}
    uintx ReservedCodeCacheSize                    = 251658240                              {pd product} {ergonomic}
     bool SegmentedCodeCache                       = true                                      {product} {ergonomic}
     bool UseCompressedClassPointers               = true                                 {lp64_product} {ergonomic}
     bool UseCompressedOops                        = true                                 {lp64_product} {ergonomic}
     bool UseG1GC                                  = true                                      {product} {ergonomic}
     bool UseLargePagesIndividualAllocation        = false                                  {pd product} {ergonomic}

Logging:
Log output configuration:
 #0: stdout all=warning uptime,level,tags
 #1: stderr all=off uptime,level,tags

Environment Variables:
PATH=C:\Program Files (x86)\NVIDIA Corporation\PhysX\Common;C:\Program Files (x86)\Common Files\Oracle\Java\javapath;C:\WINDOWS\system32;C:\WINDOWS;C:\WINDOWS\System32\Wbem;C:\WINDOWS\System32\WindowsPowerShell\v1.0\;C:\WINDOWS\System32\OpenSSH\;C:\Program Files\dotnet\;C:\Program Files\Microsoft VS Code\bin;C:\Program Files\MySQL\MySQL Shell 8.0\bin\;C:\Users\Dell\AppData\Local\Microsoft\WindowsApps;
USERNAME=Dell
OS=Windows_NT
PROCESSOR_IDENTIFIER=Intel64 Family 6 Model 158 Stepping 11, GenuineIntel



---------------  S Y S T E M  ---------------

OS: Windows 10 , 64 bit Build 22000 (10.0.22000.708)
OS uptime: 0 days 0:18 hours

CPU:total 4 (initial active 4) (4 cores per cpu, 1 threads per core) family 6 model 158 stepping 11 microcode 0xf0, cmov, cx8, fxsr, mmx, sse, sse2, sse3, ssse3, sse4.1, sse4.2, popcnt, avx, avx2, aes, clmul, erms, 3dnowpref, lzcnt, tsc, tscinvbit, bmi1, bmi2, adx, fma

Memory: 4k page, system-wide physical 3906M (256M free)
TotalPageFile size 8002M (AvailPageFile size 40M)
current process WorkingSet (physical memory assigned to process): 9M, peak: 9M
current process commit charge ("private bytes"): 51M, peak: 113M

vm_info: OpenJDK 64-Bit Server VM (11.0.12+7-b1504.28-7817840) for windows-amd64 JRE (11.0.12+7-b1504.28-7817840), built on Oct 13 2021 22:12:33 by "builder" with MS VC++ 14.0 (VS2015)

END.
